[2022-07-31 01:00:07,159] {processor.py:153} INFO - Started process (PID=11777) to work on /home/oury/.local/lib/python3.10/site-packages/airflow/example_dags/plugins/workday.py
[2022-07-31 01:00:07,160] {processor.py:641} INFO - Processing file /home/oury/.local/lib/python3.10/site-packages/airflow/example_dags/plugins/workday.py for tasks to queue
[2022-07-31 01:00:07,161] {logging_mixin.py:115} INFO - [2022-07-31 01:00:07,161] {dagbag.py:507} INFO - Filling up the DagBag from /home/oury/.local/lib/python3.10/site-packages/airflow/example_dags/plugins/workday.py
[2022-07-31 01:00:07,166] {processor.py:653} WARNING - No viable dags retrieved from /home/oury/.local/lib/python3.10/site-packages/airflow/example_dags/plugins/workday.py
[2022-07-31 01:00:07,192] {processor.py:161} INFO - Processing /home/oury/.local/lib/python3.10/site-packages/airflow/example_dags/plugins/workday.py took 0.036 seconds
[2022-07-31 01:18:58,238] {processor.py:153} INFO - Started process (PID=6035) to work on /home/oury/.local/lib/python3.10/site-packages/airflow/example_dags/plugins/workday.py
[2022-07-31 01:18:58,239] {processor.py:641} INFO - Processing file /home/oury/.local/lib/python3.10/site-packages/airflow/example_dags/plugins/workday.py for tasks to queue
[2022-07-31 01:18:58,240] {logging_mixin.py:115} INFO - [2022-07-31 01:18:58,239] {dagbag.py:507} INFO - Filling up the DagBag from /home/oury/.local/lib/python3.10/site-packages/airflow/example_dags/plugins/workday.py
[2022-07-31 01:18:58,241] {processor.py:653} WARNING - No viable dags retrieved from /home/oury/.local/lib/python3.10/site-packages/airflow/example_dags/plugins/workday.py
[2022-07-31 01:18:58,249] {processor.py:161} INFO - Processing /home/oury/.local/lib/python3.10/site-packages/airflow/example_dags/plugins/workday.py took 0.013 seconds
[2022-07-31 01:19:38,857] {processor.py:153} INFO - Started process (PID=6249) to work on /home/oury/.local/lib/python3.10/site-packages/airflow/example_dags/plugins/workday.py
[2022-07-31 01:19:38,858] {processor.py:641} INFO - Processing file /home/oury/.local/lib/python3.10/site-packages/airflow/example_dags/plugins/workday.py for tasks to queue
[2022-07-31 01:19:38,858] {logging_mixin.py:115} INFO - [2022-07-31 01:19:38,858] {dagbag.py:507} INFO - Filling up the DagBag from /home/oury/.local/lib/python3.10/site-packages/airflow/example_dags/plugins/workday.py
[2022-07-31 01:19:38,860] {processor.py:653} WARNING - No viable dags retrieved from /home/oury/.local/lib/python3.10/site-packages/airflow/example_dags/plugins/workday.py
[2022-07-31 01:19:38,868] {processor.py:161} INFO - Processing /home/oury/.local/lib/python3.10/site-packages/airflow/example_dags/plugins/workday.py took 0.013 seconds
[2022-07-31 01:20:20,901] {processor.py:153} INFO - Started process (PID=6515) to work on /home/oury/.local/lib/python3.10/site-packages/airflow/example_dags/plugins/workday.py
[2022-07-31 01:20:20,902] {processor.py:641} INFO - Processing file /home/oury/.local/lib/python3.10/site-packages/airflow/example_dags/plugins/workday.py for tasks to queue
[2022-07-31 01:20:20,902] {logging_mixin.py:115} INFO - [2022-07-31 01:20:20,902] {dagbag.py:507} INFO - Filling up the DagBag from /home/oury/.local/lib/python3.10/site-packages/airflow/example_dags/plugins/workday.py
[2022-07-31 01:20:20,904] {processor.py:653} WARNING - No viable dags retrieved from /home/oury/.local/lib/python3.10/site-packages/airflow/example_dags/plugins/workday.py
[2022-07-31 01:20:20,912] {processor.py:161} INFO - Processing /home/oury/.local/lib/python3.10/site-packages/airflow/example_dags/plugins/workday.py took 0.013 seconds
[2022-07-31 01:21:01,888] {processor.py:153} INFO - Started process (PID=6808) to work on /home/oury/.local/lib/python3.10/site-packages/airflow/example_dags/plugins/workday.py
[2022-07-31 01:21:01,889] {processor.py:641} INFO - Processing file /home/oury/.local/lib/python3.10/site-packages/airflow/example_dags/plugins/workday.py for tasks to queue
[2022-07-31 01:21:01,889] {logging_mixin.py:115} INFO - [2022-07-31 01:21:01,889] {dagbag.py:507} INFO - Filling up the DagBag from /home/oury/.local/lib/python3.10/site-packages/airflow/example_dags/plugins/workday.py
[2022-07-31 01:21:01,891] {processor.py:653} WARNING - No viable dags retrieved from /home/oury/.local/lib/python3.10/site-packages/airflow/example_dags/plugins/workday.py
[2022-07-31 01:21:01,899] {processor.py:161} INFO - Processing /home/oury/.local/lib/python3.10/site-packages/airflow/example_dags/plugins/workday.py took 0.013 seconds
[2022-07-31 01:21:43,602] {processor.py:153} INFO - Started process (PID=6948) to work on /home/oury/.local/lib/python3.10/site-packages/airflow/example_dags/plugins/workday.py
[2022-07-31 01:21:43,603] {processor.py:641} INFO - Processing file /home/oury/.local/lib/python3.10/site-packages/airflow/example_dags/plugins/workday.py for tasks to queue
[2022-07-31 01:21:43,603] {logging_mixin.py:115} INFO - [2022-07-31 01:21:43,603] {dagbag.py:507} INFO - Filling up the DagBag from /home/oury/.local/lib/python3.10/site-packages/airflow/example_dags/plugins/workday.py
[2022-07-31 01:21:43,605] {processor.py:653} WARNING - No viable dags retrieved from /home/oury/.local/lib/python3.10/site-packages/airflow/example_dags/plugins/workday.py
[2022-07-31 01:21:43,613] {processor.py:161} INFO - Processing /home/oury/.local/lib/python3.10/site-packages/airflow/example_dags/plugins/workday.py took 0.014 seconds
[2022-07-31 01:22:26,508] {processor.py:153} INFO - Started process (PID=7385) to work on /home/oury/.local/lib/python3.10/site-packages/airflow/example_dags/plugins/workday.py
[2022-07-31 01:22:26,509] {processor.py:641} INFO - Processing file /home/oury/.local/lib/python3.10/site-packages/airflow/example_dags/plugins/workday.py for tasks to queue
[2022-07-31 01:22:26,510] {logging_mixin.py:115} INFO - [2022-07-31 01:22:26,510] {dagbag.py:507} INFO - Filling up the DagBag from /home/oury/.local/lib/python3.10/site-packages/airflow/example_dags/plugins/workday.py
[2022-07-31 01:22:26,512] {processor.py:653} WARNING - No viable dags retrieved from /home/oury/.local/lib/python3.10/site-packages/airflow/example_dags/plugins/workday.py
[2022-07-31 01:22:26,521] {processor.py:161} INFO - Processing /home/oury/.local/lib/python3.10/site-packages/airflow/example_dags/plugins/workday.py took 0.017 seconds
[2022-07-31 01:23:09,366] {processor.py:153} INFO - Started process (PID=7582) to work on /home/oury/.local/lib/python3.10/site-packages/airflow/example_dags/plugins/workday.py
[2022-07-31 01:23:09,366] {processor.py:641} INFO - Processing file /home/oury/.local/lib/python3.10/site-packages/airflow/example_dags/plugins/workday.py for tasks to queue
[2022-07-31 01:23:09,367] {logging_mixin.py:115} INFO - [2022-07-31 01:23:09,367] {dagbag.py:507} INFO - Filling up the DagBag from /home/oury/.local/lib/python3.10/site-packages/airflow/example_dags/plugins/workday.py
[2022-07-31 01:23:09,368] {processor.py:653} WARNING - No viable dags retrieved from /home/oury/.local/lib/python3.10/site-packages/airflow/example_dags/plugins/workday.py
[2022-07-31 01:23:09,377] {processor.py:161} INFO - Processing /home/oury/.local/lib/python3.10/site-packages/airflow/example_dags/plugins/workday.py took 0.013 seconds
[2022-07-31 01:23:49,166] {processor.py:153} INFO - Started process (PID=7701) to work on /home/oury/.local/lib/python3.10/site-packages/airflow/example_dags/plugins/workday.py
[2022-07-31 01:23:49,167] {processor.py:641} INFO - Processing file /home/oury/.local/lib/python3.10/site-packages/airflow/example_dags/plugins/workday.py for tasks to queue
[2022-07-31 01:23:49,168] {logging_mixin.py:115} INFO - [2022-07-31 01:23:49,167] {dagbag.py:507} INFO - Filling up the DagBag from /home/oury/.local/lib/python3.10/site-packages/airflow/example_dags/plugins/workday.py
[2022-07-31 01:23:49,169] {processor.py:653} WARNING - No viable dags retrieved from /home/oury/.local/lib/python3.10/site-packages/airflow/example_dags/plugins/workday.py
[2022-07-31 01:23:49,178] {processor.py:161} INFO - Processing /home/oury/.local/lib/python3.10/site-packages/airflow/example_dags/plugins/workday.py took 0.014 seconds
[2022-07-31 01:25:19,677] {processor.py:153} INFO - Started process (PID=7978) to work on /home/oury/.local/lib/python3.10/site-packages/airflow/example_dags/plugins/workday.py
[2022-07-31 01:25:19,678] {processor.py:641} INFO - Processing file /home/oury/.local/lib/python3.10/site-packages/airflow/example_dags/plugins/workday.py for tasks to queue
[2022-07-31 01:25:19,678] {logging_mixin.py:115} INFO - [2022-07-31 01:25:19,678] {dagbag.py:507} INFO - Filling up the DagBag from /home/oury/.local/lib/python3.10/site-packages/airflow/example_dags/plugins/workday.py
[2022-07-31 01:25:19,680] {processor.py:653} WARNING - No viable dags retrieved from /home/oury/.local/lib/python3.10/site-packages/airflow/example_dags/plugins/workday.py
[2022-07-31 01:25:19,688] {processor.py:161} INFO - Processing /home/oury/.local/lib/python3.10/site-packages/airflow/example_dags/plugins/workday.py took 0.013 seconds
[2022-07-31 01:25:59,798] {processor.py:153} INFO - Started process (PID=8103) to work on /home/oury/.local/lib/python3.10/site-packages/airflow/example_dags/plugins/workday.py
[2022-07-31 01:25:59,799] {processor.py:641} INFO - Processing file /home/oury/.local/lib/python3.10/site-packages/airflow/example_dags/plugins/workday.py for tasks to queue
[2022-07-31 01:25:59,799] {logging_mixin.py:115} INFO - [2022-07-31 01:25:59,799] {dagbag.py:507} INFO - Filling up the DagBag from /home/oury/.local/lib/python3.10/site-packages/airflow/example_dags/plugins/workday.py
[2022-07-31 01:25:59,801] {processor.py:653} WARNING - No viable dags retrieved from /home/oury/.local/lib/python3.10/site-packages/airflow/example_dags/plugins/workday.py
[2022-07-31 01:25:59,808] {processor.py:161} INFO - Processing /home/oury/.local/lib/python3.10/site-packages/airflow/example_dags/plugins/workday.py took 0.013 seconds
[2022-07-31 01:26:40,586] {processor.py:153} INFO - Started process (PID=8214) to work on /home/oury/.local/lib/python3.10/site-packages/airflow/example_dags/plugins/workday.py
[2022-07-31 01:26:40,586] {processor.py:641} INFO - Processing file /home/oury/.local/lib/python3.10/site-packages/airflow/example_dags/plugins/workday.py for tasks to queue
[2022-07-31 01:26:40,587] {logging_mixin.py:115} INFO - [2022-07-31 01:26:40,587] {dagbag.py:507} INFO - Filling up the DagBag from /home/oury/.local/lib/python3.10/site-packages/airflow/example_dags/plugins/workday.py
[2022-07-31 01:26:40,588] {processor.py:653} WARNING - No viable dags retrieved from /home/oury/.local/lib/python3.10/site-packages/airflow/example_dags/plugins/workday.py
[2022-07-31 01:26:40,596] {processor.py:161} INFO - Processing /home/oury/.local/lib/python3.10/site-packages/airflow/example_dags/plugins/workday.py took 0.013 seconds
[2022-07-31 01:27:22,262] {processor.py:153} INFO - Started process (PID=8297) to work on /home/oury/.local/lib/python3.10/site-packages/airflow/example_dags/plugins/workday.py
[2022-07-31 01:27:22,263] {processor.py:641} INFO - Processing file /home/oury/.local/lib/python3.10/site-packages/airflow/example_dags/plugins/workday.py for tasks to queue
[2022-07-31 01:27:22,263] {logging_mixin.py:115} INFO - [2022-07-31 01:27:22,263] {dagbag.py:507} INFO - Filling up the DagBag from /home/oury/.local/lib/python3.10/site-packages/airflow/example_dags/plugins/workday.py
[2022-07-31 01:27:22,265] {processor.py:653} WARNING - No viable dags retrieved from /home/oury/.local/lib/python3.10/site-packages/airflow/example_dags/plugins/workday.py
[2022-07-31 01:27:22,273] {processor.py:161} INFO - Processing /home/oury/.local/lib/python3.10/site-packages/airflow/example_dags/plugins/workday.py took 0.013 seconds
[2022-07-31 01:28:04,530] {processor.py:153} INFO - Started process (PID=8447) to work on /home/oury/.local/lib/python3.10/site-packages/airflow/example_dags/plugins/workday.py
[2022-07-31 01:28:04,531] {processor.py:641} INFO - Processing file /home/oury/.local/lib/python3.10/site-packages/airflow/example_dags/plugins/workday.py for tasks to queue
[2022-07-31 01:28:04,531] {logging_mixin.py:115} INFO - [2022-07-31 01:28:04,531] {dagbag.py:507} INFO - Filling up the DagBag from /home/oury/.local/lib/python3.10/site-packages/airflow/example_dags/plugins/workday.py
[2022-07-31 01:28:04,533] {processor.py:653} WARNING - No viable dags retrieved from /home/oury/.local/lib/python3.10/site-packages/airflow/example_dags/plugins/workday.py
[2022-07-31 01:28:04,540] {processor.py:161} INFO - Processing /home/oury/.local/lib/python3.10/site-packages/airflow/example_dags/plugins/workday.py took 0.012 seconds
[2022-07-31 01:28:46,426] {processor.py:153} INFO - Started process (PID=8588) to work on /home/oury/.local/lib/python3.10/site-packages/airflow/example_dags/plugins/workday.py
[2022-07-31 01:28:46,426] {processor.py:641} INFO - Processing file /home/oury/.local/lib/python3.10/site-packages/airflow/example_dags/plugins/workday.py for tasks to queue
[2022-07-31 01:28:46,427] {logging_mixin.py:115} INFO - [2022-07-31 01:28:46,426] {dagbag.py:507} INFO - Filling up the DagBag from /home/oury/.local/lib/python3.10/site-packages/airflow/example_dags/plugins/workday.py
[2022-07-31 01:28:46,428] {processor.py:653} WARNING - No viable dags retrieved from /home/oury/.local/lib/python3.10/site-packages/airflow/example_dags/plugins/workday.py
[2022-07-31 01:28:46,436] {processor.py:161} INFO - Processing /home/oury/.local/lib/python3.10/site-packages/airflow/example_dags/plugins/workday.py took 0.013 seconds
[2022-07-31 01:29:29,234] {processor.py:153} INFO - Started process (PID=8673) to work on /home/oury/.local/lib/python3.10/site-packages/airflow/example_dags/plugins/workday.py
[2022-07-31 01:29:29,234] {processor.py:641} INFO - Processing file /home/oury/.local/lib/python3.10/site-packages/airflow/example_dags/plugins/workday.py for tasks to queue
[2022-07-31 01:29:29,235] {logging_mixin.py:115} INFO - [2022-07-31 01:29:29,234] {dagbag.py:507} INFO - Filling up the DagBag from /home/oury/.local/lib/python3.10/site-packages/airflow/example_dags/plugins/workday.py
[2022-07-31 01:29:29,236] {processor.py:653} WARNING - No viable dags retrieved from /home/oury/.local/lib/python3.10/site-packages/airflow/example_dags/plugins/workday.py
[2022-07-31 01:29:29,244] {processor.py:161} INFO - Processing /home/oury/.local/lib/python3.10/site-packages/airflow/example_dags/plugins/workday.py took 0.013 seconds
[2022-07-31 01:30:16,466] {processor.py:153} INFO - Started process (PID=8784) to work on /home/oury/.local/lib/python3.10/site-packages/airflow/example_dags/plugins/workday.py
[2022-07-31 01:30:16,474] {processor.py:641} INFO - Processing file /home/oury/.local/lib/python3.10/site-packages/airflow/example_dags/plugins/workday.py for tasks to queue
[2022-07-31 01:30:16,474] {logging_mixin.py:115} INFO - [2022-07-31 01:30:16,474] {dagbag.py:507} INFO - Filling up the DagBag from /home/oury/.local/lib/python3.10/site-packages/airflow/example_dags/plugins/workday.py
[2022-07-31 01:30:16,476] {processor.py:653} WARNING - No viable dags retrieved from /home/oury/.local/lib/python3.10/site-packages/airflow/example_dags/plugins/workday.py
[2022-07-31 01:30:16,484] {processor.py:161} INFO - Processing /home/oury/.local/lib/python3.10/site-packages/airflow/example_dags/plugins/workday.py took 0.021 seconds
[2022-07-31 01:30:59,165] {processor.py:153} INFO - Started process (PID=8966) to work on /home/oury/.local/lib/python3.10/site-packages/airflow/example_dags/plugins/workday.py
[2022-07-31 01:30:59,166] {processor.py:641} INFO - Processing file /home/oury/.local/lib/python3.10/site-packages/airflow/example_dags/plugins/workday.py for tasks to queue
[2022-07-31 01:30:59,166] {logging_mixin.py:115} INFO - [2022-07-31 01:30:59,166] {dagbag.py:507} INFO - Filling up the DagBag from /home/oury/.local/lib/python3.10/site-packages/airflow/example_dags/plugins/workday.py
[2022-07-31 01:30:59,168] {processor.py:653} WARNING - No viable dags retrieved from /home/oury/.local/lib/python3.10/site-packages/airflow/example_dags/plugins/workday.py
[2022-07-31 01:30:59,176] {processor.py:161} INFO - Processing /home/oury/.local/lib/python3.10/site-packages/airflow/example_dags/plugins/workday.py took 0.013 seconds
[2022-07-31 01:31:40,082] {processor.py:153} INFO - Started process (PID=9043) to work on /home/oury/.local/lib/python3.10/site-packages/airflow/example_dags/plugins/workday.py
[2022-07-31 01:31:40,083] {processor.py:641} INFO - Processing file /home/oury/.local/lib/python3.10/site-packages/airflow/example_dags/plugins/workday.py for tasks to queue
[2022-07-31 01:31:40,083] {logging_mixin.py:115} INFO - [2022-07-31 01:31:40,083] {dagbag.py:507} INFO - Filling up the DagBag from /home/oury/.local/lib/python3.10/site-packages/airflow/example_dags/plugins/workday.py
[2022-07-31 01:31:40,085] {processor.py:653} WARNING - No viable dags retrieved from /home/oury/.local/lib/python3.10/site-packages/airflow/example_dags/plugins/workday.py
[2022-07-31 01:31:40,093] {processor.py:161} INFO - Processing /home/oury/.local/lib/python3.10/site-packages/airflow/example_dags/plugins/workday.py took 0.013 seconds
[2022-07-31 01:32:20,778] {processor.py:153} INFO - Started process (PID=9143) to work on /home/oury/.local/lib/python3.10/site-packages/airflow/example_dags/plugins/workday.py
[2022-07-31 01:32:20,779] {processor.py:641} INFO - Processing file /home/oury/.local/lib/python3.10/site-packages/airflow/example_dags/plugins/workday.py for tasks to queue
[2022-07-31 01:32:20,779] {logging_mixin.py:115} INFO - [2022-07-31 01:32:20,779] {dagbag.py:507} INFO - Filling up the DagBag from /home/oury/.local/lib/python3.10/site-packages/airflow/example_dags/plugins/workday.py
[2022-07-31 01:32:20,780] {processor.py:653} WARNING - No viable dags retrieved from /home/oury/.local/lib/python3.10/site-packages/airflow/example_dags/plugins/workday.py
[2022-07-31 01:32:20,788] {processor.py:161} INFO - Processing /home/oury/.local/lib/python3.10/site-packages/airflow/example_dags/plugins/workday.py took 0.013 seconds
[2022-07-31 01:33:01,426] {processor.py:153} INFO - Started process (PID=9224) to work on /home/oury/.local/lib/python3.10/site-packages/airflow/example_dags/plugins/workday.py
[2022-07-31 01:33:01,427] {processor.py:641} INFO - Processing file /home/oury/.local/lib/python3.10/site-packages/airflow/example_dags/plugins/workday.py for tasks to queue
[2022-07-31 01:33:01,427] {logging_mixin.py:115} INFO - [2022-07-31 01:33:01,427] {dagbag.py:507} INFO - Filling up the DagBag from /home/oury/.local/lib/python3.10/site-packages/airflow/example_dags/plugins/workday.py
[2022-07-31 01:33:01,428] {processor.py:653} WARNING - No viable dags retrieved from /home/oury/.local/lib/python3.10/site-packages/airflow/example_dags/plugins/workday.py
[2022-07-31 01:33:01,436] {processor.py:161} INFO - Processing /home/oury/.local/lib/python3.10/site-packages/airflow/example_dags/plugins/workday.py took 0.013 seconds
[2022-07-31 01:33:44,509] {processor.py:153} INFO - Started process (PID=9349) to work on /home/oury/.local/lib/python3.10/site-packages/airflow/example_dags/plugins/workday.py
[2022-07-31 01:33:44,512] {processor.py:641} INFO - Processing file /home/oury/.local/lib/python3.10/site-packages/airflow/example_dags/plugins/workday.py for tasks to queue
[2022-07-31 01:33:44,512] {logging_mixin.py:115} INFO - [2022-07-31 01:33:44,512] {dagbag.py:507} INFO - Filling up the DagBag from /home/oury/.local/lib/python3.10/site-packages/airflow/example_dags/plugins/workday.py
[2022-07-31 01:33:44,515] {processor.py:653} WARNING - No viable dags retrieved from /home/oury/.local/lib/python3.10/site-packages/airflow/example_dags/plugins/workday.py
[2022-07-31 01:33:44,524] {processor.py:161} INFO - Processing /home/oury/.local/lib/python3.10/site-packages/airflow/example_dags/plugins/workday.py took 0.018 seconds
[2022-07-31 01:34:27,464] {processor.py:153} INFO - Started process (PID=9642) to work on /home/oury/.local/lib/python3.10/site-packages/airflow/example_dags/plugins/workday.py
[2022-07-31 01:34:27,465] {processor.py:641} INFO - Processing file /home/oury/.local/lib/python3.10/site-packages/airflow/example_dags/plugins/workday.py for tasks to queue
[2022-07-31 01:34:27,465] {logging_mixin.py:115} INFO - [2022-07-31 01:34:27,465] {dagbag.py:507} INFO - Filling up the DagBag from /home/oury/.local/lib/python3.10/site-packages/airflow/example_dags/plugins/workday.py
[2022-07-31 01:34:27,467] {processor.py:653} WARNING - No viable dags retrieved from /home/oury/.local/lib/python3.10/site-packages/airflow/example_dags/plugins/workday.py
[2022-07-31 01:34:27,476] {processor.py:161} INFO - Processing /home/oury/.local/lib/python3.10/site-packages/airflow/example_dags/plugins/workday.py took 0.014 seconds
[2022-07-31 01:38:09,283] {processor.py:153} INFO - Started process (PID=10352) to work on /home/oury/.local/lib/python3.10/site-packages/airflow/example_dags/plugins/workday.py
[2022-07-31 01:38:09,284] {processor.py:641} INFO - Processing file /home/oury/.local/lib/python3.10/site-packages/airflow/example_dags/plugins/workday.py for tasks to queue
[2022-07-31 01:38:09,284] {logging_mixin.py:115} INFO - [2022-07-31 01:38:09,284] {dagbag.py:507} INFO - Filling up the DagBag from /home/oury/.local/lib/python3.10/site-packages/airflow/example_dags/plugins/workday.py
[2022-07-31 01:38:09,286] {processor.py:653} WARNING - No viable dags retrieved from /home/oury/.local/lib/python3.10/site-packages/airflow/example_dags/plugins/workday.py
[2022-07-31 01:38:09,294] {processor.py:161} INFO - Processing /home/oury/.local/lib/python3.10/site-packages/airflow/example_dags/plugins/workday.py took 0.013 seconds
[2022-07-31 01:38:51,560] {processor.py:153} INFO - Started process (PID=10590) to work on /home/oury/.local/lib/python3.10/site-packages/airflow/example_dags/plugins/workday.py
[2022-07-31 01:38:51,560] {processor.py:641} INFO - Processing file /home/oury/.local/lib/python3.10/site-packages/airflow/example_dags/plugins/workday.py for tasks to queue
[2022-07-31 01:38:51,561] {logging_mixin.py:115} INFO - [2022-07-31 01:38:51,561] {dagbag.py:507} INFO - Filling up the DagBag from /home/oury/.local/lib/python3.10/site-packages/airflow/example_dags/plugins/workday.py
[2022-07-31 01:38:51,562] {processor.py:653} WARNING - No viable dags retrieved from /home/oury/.local/lib/python3.10/site-packages/airflow/example_dags/plugins/workday.py
[2022-07-31 01:38:51,570] {processor.py:161} INFO - Processing /home/oury/.local/lib/python3.10/site-packages/airflow/example_dags/plugins/workday.py took 0.013 seconds
[2022-07-31 01:39:31,130] {processor.py:153} INFO - Started process (PID=10761) to work on /home/oury/.local/lib/python3.10/site-packages/airflow/example_dags/plugins/workday.py
[2022-07-31 01:39:31,130] {processor.py:641} INFO - Processing file /home/oury/.local/lib/python3.10/site-packages/airflow/example_dags/plugins/workday.py for tasks to queue
[2022-07-31 01:39:31,131] {logging_mixin.py:115} INFO - [2022-07-31 01:39:31,131] {dagbag.py:507} INFO - Filling up the DagBag from /home/oury/.local/lib/python3.10/site-packages/airflow/example_dags/plugins/workday.py
[2022-07-31 01:39:31,133] {processor.py:653} WARNING - No viable dags retrieved from /home/oury/.local/lib/python3.10/site-packages/airflow/example_dags/plugins/workday.py
[2022-07-31 01:39:31,144] {processor.py:161} INFO - Processing /home/oury/.local/lib/python3.10/site-packages/airflow/example_dags/plugins/workday.py took 0.017 seconds
[2022-07-31 01:40:13,174] {processor.py:153} INFO - Started process (PID=11055) to work on /home/oury/.local/lib/python3.10/site-packages/airflow/example_dags/plugins/workday.py
[2022-07-31 01:40:13,175] {processor.py:641} INFO - Processing file /home/oury/.local/lib/python3.10/site-packages/airflow/example_dags/plugins/workday.py for tasks to queue
[2022-07-31 01:40:13,176] {logging_mixin.py:115} INFO - [2022-07-31 01:40:13,175] {dagbag.py:507} INFO - Filling up the DagBag from /home/oury/.local/lib/python3.10/site-packages/airflow/example_dags/plugins/workday.py
[2022-07-31 01:40:13,178] {processor.py:653} WARNING - No viable dags retrieved from /home/oury/.local/lib/python3.10/site-packages/airflow/example_dags/plugins/workday.py
[2022-07-31 01:40:13,186] {processor.py:161} INFO - Processing /home/oury/.local/lib/python3.10/site-packages/airflow/example_dags/plugins/workday.py took 0.015 seconds
[2022-07-31 01:40:56,474] {processor.py:153} INFO - Started process (PID=12310) to work on /home/oury/.local/lib/python3.10/site-packages/airflow/example_dags/plugins/workday.py
[2022-07-31 01:40:56,475] {processor.py:641} INFO - Processing file /home/oury/.local/lib/python3.10/site-packages/airflow/example_dags/plugins/workday.py for tasks to queue
[2022-07-31 01:40:56,475] {logging_mixin.py:115} INFO - [2022-07-31 01:40:56,475] {dagbag.py:507} INFO - Filling up the DagBag from /home/oury/.local/lib/python3.10/site-packages/airflow/example_dags/plugins/workday.py
[2022-07-31 01:40:56,478] {processor.py:653} WARNING - No viable dags retrieved from /home/oury/.local/lib/python3.10/site-packages/airflow/example_dags/plugins/workday.py
[2022-07-31 01:40:56,486] {processor.py:161} INFO - Processing /home/oury/.local/lib/python3.10/site-packages/airflow/example_dags/plugins/workday.py took 0.015 seconds
[2022-07-31 01:41:50,209] {processor.py:153} INFO - Started process (PID=12826) to work on /home/oury/.local/lib/python3.10/site-packages/airflow/example_dags/plugins/workday.py
[2022-07-31 01:41:50,210] {processor.py:641} INFO - Processing file /home/oury/.local/lib/python3.10/site-packages/airflow/example_dags/plugins/workday.py for tasks to queue
[2022-07-31 01:41:50,211] {logging_mixin.py:115} INFO - [2022-07-31 01:41:50,210] {dagbag.py:507} INFO - Filling up the DagBag from /home/oury/.local/lib/python3.10/site-packages/airflow/example_dags/plugins/workday.py
[2022-07-31 01:41:50,214] {processor.py:653} WARNING - No viable dags retrieved from /home/oury/.local/lib/python3.10/site-packages/airflow/example_dags/plugins/workday.py
[2022-07-31 01:41:50,223] {processor.py:161} INFO - Processing /home/oury/.local/lib/python3.10/site-packages/airflow/example_dags/plugins/workday.py took 0.016 seconds
[2022-07-31 01:42:49,805] {processor.py:153} INFO - Started process (PID=13214) to work on /home/oury/.local/lib/python3.10/site-packages/airflow/example_dags/plugins/workday.py
[2022-07-31 01:42:49,806] {processor.py:641} INFO - Processing file /home/oury/.local/lib/python3.10/site-packages/airflow/example_dags/plugins/workday.py for tasks to queue
[2022-07-31 01:42:49,807] {logging_mixin.py:115} INFO - [2022-07-31 01:42:49,807] {dagbag.py:507} INFO - Filling up the DagBag from /home/oury/.local/lib/python3.10/site-packages/airflow/example_dags/plugins/workday.py
[2022-07-31 01:42:49,808] {processor.py:653} WARNING - No viable dags retrieved from /home/oury/.local/lib/python3.10/site-packages/airflow/example_dags/plugins/workday.py
[2022-07-31 01:42:49,816] {processor.py:161} INFO - Processing /home/oury/.local/lib/python3.10/site-packages/airflow/example_dags/plugins/workday.py took 0.013 seconds
[2022-07-31 01:43:28,952] {processor.py:153} INFO - Started process (PID=13363) to work on /home/oury/.local/lib/python3.10/site-packages/airflow/example_dags/plugins/workday.py
[2022-07-31 01:43:28,953] {processor.py:641} INFO - Processing file /home/oury/.local/lib/python3.10/site-packages/airflow/example_dags/plugins/workday.py for tasks to queue
[2022-07-31 01:43:28,953] {logging_mixin.py:115} INFO - [2022-07-31 01:43:28,953] {dagbag.py:507} INFO - Filling up the DagBag from /home/oury/.local/lib/python3.10/site-packages/airflow/example_dags/plugins/workday.py
[2022-07-31 01:43:28,956] {processor.py:653} WARNING - No viable dags retrieved from /home/oury/.local/lib/python3.10/site-packages/airflow/example_dags/plugins/workday.py
[2022-07-31 01:43:28,967] {processor.py:161} INFO - Processing /home/oury/.local/lib/python3.10/site-packages/airflow/example_dags/plugins/workday.py took 0.017 seconds
[2022-07-31 01:44:11,698] {processor.py:153} INFO - Started process (PID=13610) to work on /home/oury/.local/lib/python3.10/site-packages/airflow/example_dags/plugins/workday.py
[2022-07-31 01:44:11,699] {processor.py:641} INFO - Processing file /home/oury/.local/lib/python3.10/site-packages/airflow/example_dags/plugins/workday.py for tasks to queue
[2022-07-31 01:44:11,699] {logging_mixin.py:115} INFO - [2022-07-31 01:44:11,699] {dagbag.py:507} INFO - Filling up the DagBag from /home/oury/.local/lib/python3.10/site-packages/airflow/example_dags/plugins/workday.py
[2022-07-31 01:44:11,701] {processor.py:653} WARNING - No viable dags retrieved from /home/oury/.local/lib/python3.10/site-packages/airflow/example_dags/plugins/workday.py
[2022-07-31 01:44:11,709] {processor.py:161} INFO - Processing /home/oury/.local/lib/python3.10/site-packages/airflow/example_dags/plugins/workday.py took 0.013 seconds
[2022-07-31 01:44:53,431] {processor.py:153} INFO - Started process (PID=13776) to work on /home/oury/.local/lib/python3.10/site-packages/airflow/example_dags/plugins/workday.py
[2022-07-31 01:44:53,432] {processor.py:641} INFO - Processing file /home/oury/.local/lib/python3.10/site-packages/airflow/example_dags/plugins/workday.py for tasks to queue
[2022-07-31 01:44:53,432] {logging_mixin.py:115} INFO - [2022-07-31 01:44:53,432] {dagbag.py:507} INFO - Filling up the DagBag from /home/oury/.local/lib/python3.10/site-packages/airflow/example_dags/plugins/workday.py
[2022-07-31 01:44:53,434] {processor.py:653} WARNING - No viable dags retrieved from /home/oury/.local/lib/python3.10/site-packages/airflow/example_dags/plugins/workday.py
[2022-07-31 01:44:53,442] {processor.py:161} INFO - Processing /home/oury/.local/lib/python3.10/site-packages/airflow/example_dags/plugins/workday.py took 0.013 seconds
[2022-07-31 01:45:42,796] {processor.py:153} INFO - Started process (PID=14262) to work on /home/oury/.local/lib/python3.10/site-packages/airflow/example_dags/plugins/workday.py
[2022-07-31 01:45:42,797] {processor.py:641} INFO - Processing file /home/oury/.local/lib/python3.10/site-packages/airflow/example_dags/plugins/workday.py for tasks to queue
[2022-07-31 01:45:42,797] {logging_mixin.py:115} INFO - [2022-07-31 01:45:42,797] {dagbag.py:507} INFO - Filling up the DagBag from /home/oury/.local/lib/python3.10/site-packages/airflow/example_dags/plugins/workday.py
[2022-07-31 01:45:42,799] {processor.py:653} WARNING - No viable dags retrieved from /home/oury/.local/lib/python3.10/site-packages/airflow/example_dags/plugins/workday.py
[2022-07-31 01:45:42,807] {processor.py:161} INFO - Processing /home/oury/.local/lib/python3.10/site-packages/airflow/example_dags/plugins/workday.py took 0.014 seconds
[2022-07-31 01:46:25,347] {processor.py:153} INFO - Started process (PID=14381) to work on /home/oury/.local/lib/python3.10/site-packages/airflow/example_dags/plugins/workday.py
[2022-07-31 01:46:25,349] {processor.py:641} INFO - Processing file /home/oury/.local/lib/python3.10/site-packages/airflow/example_dags/plugins/workday.py for tasks to queue
[2022-07-31 01:46:25,350] {logging_mixin.py:115} INFO - [2022-07-31 01:46:25,350] {dagbag.py:507} INFO - Filling up the DagBag from /home/oury/.local/lib/python3.10/site-packages/airflow/example_dags/plugins/workday.py
[2022-07-31 01:46:25,352] {processor.py:653} WARNING - No viable dags retrieved from /home/oury/.local/lib/python3.10/site-packages/airflow/example_dags/plugins/workday.py
[2022-07-31 01:46:25,372] {processor.py:161} INFO - Processing /home/oury/.local/lib/python3.10/site-packages/airflow/example_dags/plugins/workday.py took 0.031 seconds
[2022-07-31 01:47:07,698] {processor.py:153} INFO - Started process (PID=14535) to work on /home/oury/.local/lib/python3.10/site-packages/airflow/example_dags/plugins/workday.py
[2022-07-31 01:47:07,699] {processor.py:641} INFO - Processing file /home/oury/.local/lib/python3.10/site-packages/airflow/example_dags/plugins/workday.py for tasks to queue
[2022-07-31 01:47:07,700] {logging_mixin.py:115} INFO - [2022-07-31 01:47:07,700] {dagbag.py:507} INFO - Filling up the DagBag from /home/oury/.local/lib/python3.10/site-packages/airflow/example_dags/plugins/workday.py
[2022-07-31 01:47:07,703] {processor.py:653} WARNING - No viable dags retrieved from /home/oury/.local/lib/python3.10/site-packages/airflow/example_dags/plugins/workday.py
[2022-07-31 01:47:07,713] {processor.py:161} INFO - Processing /home/oury/.local/lib/python3.10/site-packages/airflow/example_dags/plugins/workday.py took 0.018 seconds
[2022-07-31 01:47:49,066] {processor.py:153} INFO - Started process (PID=14792) to work on /home/oury/.local/lib/python3.10/site-packages/airflow/example_dags/plugins/workday.py
[2022-07-31 01:47:49,067] {processor.py:641} INFO - Processing file /home/oury/.local/lib/python3.10/site-packages/airflow/example_dags/plugins/workday.py for tasks to queue
[2022-07-31 01:47:49,067] {logging_mixin.py:115} INFO - [2022-07-31 01:47:49,067] {dagbag.py:507} INFO - Filling up the DagBag from /home/oury/.local/lib/python3.10/site-packages/airflow/example_dags/plugins/workday.py
[2022-07-31 01:47:49,069] {processor.py:653} WARNING - No viable dags retrieved from /home/oury/.local/lib/python3.10/site-packages/airflow/example_dags/plugins/workday.py
[2022-07-31 01:47:49,078] {processor.py:161} INFO - Processing /home/oury/.local/lib/python3.10/site-packages/airflow/example_dags/plugins/workday.py took 0.014 seconds
[2022-07-31 01:48:33,226] {processor.py:153} INFO - Started process (PID=14943) to work on /home/oury/.local/lib/python3.10/site-packages/airflow/example_dags/plugins/workday.py
[2022-07-31 01:48:33,227] {processor.py:641} INFO - Processing file /home/oury/.local/lib/python3.10/site-packages/airflow/example_dags/plugins/workday.py for tasks to queue
[2022-07-31 01:48:33,227] {logging_mixin.py:115} INFO - [2022-07-31 01:48:33,227] {dagbag.py:507} INFO - Filling up the DagBag from /home/oury/.local/lib/python3.10/site-packages/airflow/example_dags/plugins/workday.py
[2022-07-31 01:48:33,229] {processor.py:653} WARNING - No viable dags retrieved from /home/oury/.local/lib/python3.10/site-packages/airflow/example_dags/plugins/workday.py
[2022-07-31 01:48:33,237] {processor.py:161} INFO - Processing /home/oury/.local/lib/python3.10/site-packages/airflow/example_dags/plugins/workday.py took 0.014 seconds
[2022-07-31 01:49:08,165] {processor.py:153} INFO - Started process (PID=14988) to work on /home/oury/.local/lib/python3.10/site-packages/airflow/example_dags/plugins/workday.py
[2022-07-31 01:49:08,166] {processor.py:641} INFO - Processing file /home/oury/.local/lib/python3.10/site-packages/airflow/example_dags/plugins/workday.py for tasks to queue
[2022-07-31 01:49:08,166] {logging_mixin.py:115} INFO - [2022-07-31 01:49:08,166] {dagbag.py:507} INFO - Filling up the DagBag from /home/oury/.local/lib/python3.10/site-packages/airflow/example_dags/plugins/workday.py
[2022-07-31 01:49:08,168] {processor.py:653} WARNING - No viable dags retrieved from /home/oury/.local/lib/python3.10/site-packages/airflow/example_dags/plugins/workday.py
[2022-07-31 01:49:08,176] {processor.py:161} INFO - Processing /home/oury/.local/lib/python3.10/site-packages/airflow/example_dags/plugins/workday.py took 0.013 seconds
[2022-07-31 01:49:49,426] {processor.py:153} INFO - Started process (PID=15044) to work on /home/oury/.local/lib/python3.10/site-packages/airflow/example_dags/plugins/workday.py
[2022-07-31 01:49:49,427] {processor.py:641} INFO - Processing file /home/oury/.local/lib/python3.10/site-packages/airflow/example_dags/plugins/workday.py for tasks to queue
[2022-07-31 01:49:49,427] {logging_mixin.py:115} INFO - [2022-07-31 01:49:49,427] {dagbag.py:507} INFO - Filling up the DagBag from /home/oury/.local/lib/python3.10/site-packages/airflow/example_dags/plugins/workday.py
[2022-07-31 01:49:49,429] {processor.py:653} WARNING - No viable dags retrieved from /home/oury/.local/lib/python3.10/site-packages/airflow/example_dags/plugins/workday.py
[2022-07-31 01:49:49,437] {processor.py:161} INFO - Processing /home/oury/.local/lib/python3.10/site-packages/airflow/example_dags/plugins/workday.py took 0.013 seconds
[2022-07-31 01:50:34,347] {processor.py:153} INFO - Started process (PID=15101) to work on /home/oury/.local/lib/python3.10/site-packages/airflow/example_dags/plugins/workday.py
[2022-07-31 01:50:34,348] {processor.py:641} INFO - Processing file /home/oury/.local/lib/python3.10/site-packages/airflow/example_dags/plugins/workday.py for tasks to queue
[2022-07-31 01:50:34,348] {logging_mixin.py:115} INFO - [2022-07-31 01:50:34,348] {dagbag.py:507} INFO - Filling up the DagBag from /home/oury/.local/lib/python3.10/site-packages/airflow/example_dags/plugins/workday.py
[2022-07-31 01:50:34,350] {processor.py:653} WARNING - No viable dags retrieved from /home/oury/.local/lib/python3.10/site-packages/airflow/example_dags/plugins/workday.py
[2022-07-31 01:50:34,363] {processor.py:161} INFO - Processing /home/oury/.local/lib/python3.10/site-packages/airflow/example_dags/plugins/workday.py took 0.018 seconds
[2022-07-31 01:51:14,528] {processor.py:153} INFO - Started process (PID=15167) to work on /home/oury/.local/lib/python3.10/site-packages/airflow/example_dags/plugins/workday.py
[2022-07-31 01:51:14,529] {processor.py:641} INFO - Processing file /home/oury/.local/lib/python3.10/site-packages/airflow/example_dags/plugins/workday.py for tasks to queue
[2022-07-31 01:51:14,529] {logging_mixin.py:115} INFO - [2022-07-31 01:51:14,529] {dagbag.py:507} INFO - Filling up the DagBag from /home/oury/.local/lib/python3.10/site-packages/airflow/example_dags/plugins/workday.py
[2022-07-31 01:51:14,533] {processor.py:653} WARNING - No viable dags retrieved from /home/oury/.local/lib/python3.10/site-packages/airflow/example_dags/plugins/workday.py
[2022-07-31 01:51:14,544] {processor.py:161} INFO - Processing /home/oury/.local/lib/python3.10/site-packages/airflow/example_dags/plugins/workday.py took 0.020 seconds
