[2022-07-31 01:19:06,106] {processor.py:153} INFO - Started process (PID=6056) to work on /home/oury/.local/lib/python3.10/site-packages/airflow/example_dags/example_local_kubernetes_executor.py
[2022-07-31 01:19:06,106] {processor.py:641} INFO - Processing file /home/oury/.local/lib/python3.10/site-packages/airflow/example_dags/example_local_kubernetes_executor.py for tasks to queue
[2022-07-31 01:19:06,107] {logging_mixin.py:115} INFO - [2022-07-31 01:19:06,107] {dagbag.py:507} INFO - Filling up the DagBag from /home/oury/.local/lib/python3.10/site-packages/airflow/example_dags/example_local_kubernetes_executor.py
[2022-07-31 01:19:06,119] {logging_mixin.py:115} INFO - [2022-07-31 01:19:06,119] {example_local_kubernetes_executor.py:37} WARNING - Could not import DAGs in example_local_kubernetes_executor.py
Traceback (most recent call last):
  File "/home/oury/.local/lib/python3.10/site-packages/airflow/example_dags/example_local_kubernetes_executor.py", line 35, in <module>
    from kubernetes.client import models as k8s
ModuleNotFoundError: No module named 'kubernetes'
[2022-07-31 01:19:06,119] {logging_mixin.py:115} INFO - [2022-07-31 01:19:06,119] {example_local_kubernetes_executor.py:38} WARNING - Install Kubernetes dependencies with: pip install apache-airflow[cncf.kubernetes]
[2022-07-31 01:19:06,120] {processor.py:653} WARNING - No viable dags retrieved from /home/oury/.local/lib/python3.10/site-packages/airflow/example_dags/example_local_kubernetes_executor.py
[2022-07-31 01:19:06,128] {processor.py:161} INFO - Processing /home/oury/.local/lib/python3.10/site-packages/airflow/example_dags/example_local_kubernetes_executor.py took 0.024 seconds
[2022-07-31 01:19:49,133] {processor.py:153} INFO - Started process (PID=6290) to work on /home/oury/.local/lib/python3.10/site-packages/airflow/example_dags/example_local_kubernetes_executor.py
[2022-07-31 01:19:49,134] {processor.py:641} INFO - Processing file /home/oury/.local/lib/python3.10/site-packages/airflow/example_dags/example_local_kubernetes_executor.py for tasks to queue
[2022-07-31 01:19:49,135] {logging_mixin.py:115} INFO - [2022-07-31 01:19:49,134] {dagbag.py:507} INFO - Filling up the DagBag from /home/oury/.local/lib/python3.10/site-packages/airflow/example_dags/example_local_kubernetes_executor.py
[2022-07-31 01:19:49,150] {logging_mixin.py:115} INFO - [2022-07-31 01:19:49,149] {example_local_kubernetes_executor.py:37} WARNING - Could not import DAGs in example_local_kubernetes_executor.py
Traceback (most recent call last):
  File "/home/oury/.local/lib/python3.10/site-packages/airflow/example_dags/example_local_kubernetes_executor.py", line 35, in <module>
    from kubernetes.client import models as k8s
ModuleNotFoundError: No module named 'kubernetes'
[2022-07-31 01:19:49,150] {logging_mixin.py:115} INFO - [2022-07-31 01:19:49,150] {example_local_kubernetes_executor.py:38} WARNING - Install Kubernetes dependencies with: pip install apache-airflow[cncf.kubernetes]
[2022-07-31 01:19:49,150] {processor.py:653} WARNING - No viable dags retrieved from /home/oury/.local/lib/python3.10/site-packages/airflow/example_dags/example_local_kubernetes_executor.py
[2022-07-31 01:19:49,161] {processor.py:161} INFO - Processing /home/oury/.local/lib/python3.10/site-packages/airflow/example_dags/example_local_kubernetes_executor.py took 0.029 seconds
[2022-07-31 01:20:30,094] {processor.py:153} INFO - Started process (PID=6581) to work on /home/oury/.local/lib/python3.10/site-packages/airflow/example_dags/example_local_kubernetes_executor.py
[2022-07-31 01:20:30,094] {processor.py:641} INFO - Processing file /home/oury/.local/lib/python3.10/site-packages/airflow/example_dags/example_local_kubernetes_executor.py for tasks to queue
[2022-07-31 01:20:30,095] {logging_mixin.py:115} INFO - [2022-07-31 01:20:30,095] {dagbag.py:507} INFO - Filling up the DagBag from /home/oury/.local/lib/python3.10/site-packages/airflow/example_dags/example_local_kubernetes_executor.py
[2022-07-31 01:20:30,107] {logging_mixin.py:115} INFO - [2022-07-31 01:20:30,107] {example_local_kubernetes_executor.py:37} WARNING - Could not import DAGs in example_local_kubernetes_executor.py
Traceback (most recent call last):
  File "/home/oury/.local/lib/python3.10/site-packages/airflow/example_dags/example_local_kubernetes_executor.py", line 35, in <module>
    from kubernetes.client import models as k8s
ModuleNotFoundError: No module named 'kubernetes'
[2022-07-31 01:20:30,107] {logging_mixin.py:115} INFO - [2022-07-31 01:20:30,107] {example_local_kubernetes_executor.py:38} WARNING - Install Kubernetes dependencies with: pip install apache-airflow[cncf.kubernetes]
[2022-07-31 01:20:30,108] {processor.py:653} WARNING - No viable dags retrieved from /home/oury/.local/lib/python3.10/site-packages/airflow/example_dags/example_local_kubernetes_executor.py
[2022-07-31 01:20:30,115] {processor.py:161} INFO - Processing /home/oury/.local/lib/python3.10/site-packages/airflow/example_dags/example_local_kubernetes_executor.py took 0.024 seconds
[2022-07-31 01:21:12,045] {processor.py:153} INFO - Started process (PID=6889) to work on /home/oury/.local/lib/python3.10/site-packages/airflow/example_dags/example_local_kubernetes_executor.py
[2022-07-31 01:21:12,046] {processor.py:641} INFO - Processing file /home/oury/.local/lib/python3.10/site-packages/airflow/example_dags/example_local_kubernetes_executor.py for tasks to queue
[2022-07-31 01:21:12,046] {logging_mixin.py:115} INFO - [2022-07-31 01:21:12,046] {dagbag.py:507} INFO - Filling up the DagBag from /home/oury/.local/lib/python3.10/site-packages/airflow/example_dags/example_local_kubernetes_executor.py
[2022-07-31 01:21:12,059] {logging_mixin.py:115} INFO - [2022-07-31 01:21:12,059] {example_local_kubernetes_executor.py:37} WARNING - Could not import DAGs in example_local_kubernetes_executor.py
Traceback (most recent call last):
  File "/home/oury/.local/lib/python3.10/site-packages/airflow/example_dags/example_local_kubernetes_executor.py", line 35, in <module>
    from kubernetes.client import models as k8s
ModuleNotFoundError: No module named 'kubernetes'
[2022-07-31 01:21:12,059] {logging_mixin.py:115} INFO - [2022-07-31 01:21:12,059] {example_local_kubernetes_executor.py:38} WARNING - Install Kubernetes dependencies with: pip install apache-airflow[cncf.kubernetes]
[2022-07-31 01:21:12,059] {processor.py:653} WARNING - No viable dags retrieved from /home/oury/.local/lib/python3.10/site-packages/airflow/example_dags/example_local_kubernetes_executor.py
[2022-07-31 01:21:12,067] {processor.py:161} INFO - Processing /home/oury/.local/lib/python3.10/site-packages/airflow/example_dags/example_local_kubernetes_executor.py took 0.024 seconds
[2022-07-31 01:21:53,750] {processor.py:153} INFO - Started process (PID=7113) to work on /home/oury/.local/lib/python3.10/site-packages/airflow/example_dags/example_local_kubernetes_executor.py
[2022-07-31 01:21:53,751] {processor.py:641} INFO - Processing file /home/oury/.local/lib/python3.10/site-packages/airflow/example_dags/example_local_kubernetes_executor.py for tasks to queue
[2022-07-31 01:21:53,751] {logging_mixin.py:115} INFO - [2022-07-31 01:21:53,751] {dagbag.py:507} INFO - Filling up the DagBag from /home/oury/.local/lib/python3.10/site-packages/airflow/example_dags/example_local_kubernetes_executor.py
[2022-07-31 01:21:53,764] {logging_mixin.py:115} INFO - [2022-07-31 01:21:53,764] {example_local_kubernetes_executor.py:37} WARNING - Could not import DAGs in example_local_kubernetes_executor.py
Traceback (most recent call last):
  File "/home/oury/.local/lib/python3.10/site-packages/airflow/example_dags/example_local_kubernetes_executor.py", line 35, in <module>
    from kubernetes.client import models as k8s
ModuleNotFoundError: No module named 'kubernetes'
[2022-07-31 01:21:53,764] {logging_mixin.py:115} INFO - [2022-07-31 01:21:53,764] {example_local_kubernetes_executor.py:38} WARNING - Install Kubernetes dependencies with: pip install apache-airflow[cncf.kubernetes]
[2022-07-31 01:21:53,764] {processor.py:653} WARNING - No viable dags retrieved from /home/oury/.local/lib/python3.10/site-packages/airflow/example_dags/example_local_kubernetes_executor.py
[2022-07-31 01:21:53,772] {processor.py:161} INFO - Processing /home/oury/.local/lib/python3.10/site-packages/airflow/example_dags/example_local_kubernetes_executor.py took 0.025 seconds
[2022-07-31 01:22:38,302] {processor.py:153} INFO - Started process (PID=7444) to work on /home/oury/.local/lib/python3.10/site-packages/airflow/example_dags/example_local_kubernetes_executor.py
[2022-07-31 01:22:38,304] {processor.py:641} INFO - Processing file /home/oury/.local/lib/python3.10/site-packages/airflow/example_dags/example_local_kubernetes_executor.py for tasks to queue
[2022-07-31 01:22:38,304] {logging_mixin.py:115} INFO - [2022-07-31 01:22:38,304] {dagbag.py:507} INFO - Filling up the DagBag from /home/oury/.local/lib/python3.10/site-packages/airflow/example_dags/example_local_kubernetes_executor.py
[2022-07-31 01:22:38,318] {logging_mixin.py:115} INFO - [2022-07-31 01:22:38,318] {example_local_kubernetes_executor.py:37} WARNING - Could not import DAGs in example_local_kubernetes_executor.py
Traceback (most recent call last):
  File "/home/oury/.local/lib/python3.10/site-packages/airflow/example_dags/example_local_kubernetes_executor.py", line 35, in <module>
    from kubernetes.client import models as k8s
ModuleNotFoundError: No module named 'kubernetes'
[2022-07-31 01:22:38,318] {logging_mixin.py:115} INFO - [2022-07-31 01:22:38,318] {example_local_kubernetes_executor.py:38} WARNING - Install Kubernetes dependencies with: pip install apache-airflow[cncf.kubernetes]
[2022-07-31 01:22:38,318] {processor.py:653} WARNING - No viable dags retrieved from /home/oury/.local/lib/python3.10/site-packages/airflow/example_dags/example_local_kubernetes_executor.py
[2022-07-31 01:22:38,326] {processor.py:161} INFO - Processing /home/oury/.local/lib/python3.10/site-packages/airflow/example_dags/example_local_kubernetes_executor.py took 0.026 seconds
[2022-07-31 01:23:22,066] {processor.py:153} INFO - Started process (PID=7606) to work on /home/oury/.local/lib/python3.10/site-packages/airflow/example_dags/example_local_kubernetes_executor.py
[2022-07-31 01:23:22,066] {processor.py:641} INFO - Processing file /home/oury/.local/lib/python3.10/site-packages/airflow/example_dags/example_local_kubernetes_executor.py for tasks to queue
[2022-07-31 01:23:22,067] {logging_mixin.py:115} INFO - [2022-07-31 01:23:22,067] {dagbag.py:507} INFO - Filling up the DagBag from /home/oury/.local/lib/python3.10/site-packages/airflow/example_dags/example_local_kubernetes_executor.py
[2022-07-31 01:23:22,084] {logging_mixin.py:115} INFO - [2022-07-31 01:23:22,083] {example_local_kubernetes_executor.py:37} WARNING - Could not import DAGs in example_local_kubernetes_executor.py
Traceback (most recent call last):
  File "/home/oury/.local/lib/python3.10/site-packages/airflow/example_dags/example_local_kubernetes_executor.py", line 35, in <module>
    from kubernetes.client import models as k8s
ModuleNotFoundError: No module named 'kubernetes'
[2022-07-31 01:23:22,084] {logging_mixin.py:115} INFO - [2022-07-31 01:23:22,084] {example_local_kubernetes_executor.py:38} WARNING - Install Kubernetes dependencies with: pip install apache-airflow[cncf.kubernetes]
[2022-07-31 01:23:22,084] {processor.py:653} WARNING - No viable dags retrieved from /home/oury/.local/lib/python3.10/site-packages/airflow/example_dags/example_local_kubernetes_executor.py
[2022-07-31 01:23:22,093] {processor.py:161} INFO - Processing /home/oury/.local/lib/python3.10/site-packages/airflow/example_dags/example_local_kubernetes_executor.py took 0.030 seconds
[2022-07-31 01:24:01,297] {processor.py:153} INFO - Started process (PID=7721) to work on /home/oury/.local/lib/python3.10/site-packages/airflow/example_dags/example_local_kubernetes_executor.py
[2022-07-31 01:24:01,298] {processor.py:641} INFO - Processing file /home/oury/.local/lib/python3.10/site-packages/airflow/example_dags/example_local_kubernetes_executor.py for tasks to queue
[2022-07-31 01:24:01,298] {logging_mixin.py:115} INFO - [2022-07-31 01:24:01,298] {dagbag.py:507} INFO - Filling up the DagBag from /home/oury/.local/lib/python3.10/site-packages/airflow/example_dags/example_local_kubernetes_executor.py
[2022-07-31 01:24:01,311] {logging_mixin.py:115} INFO - [2022-07-31 01:24:01,311] {example_local_kubernetes_executor.py:37} WARNING - Could not import DAGs in example_local_kubernetes_executor.py
Traceback (most recent call last):
  File "/home/oury/.local/lib/python3.10/site-packages/airflow/example_dags/example_local_kubernetes_executor.py", line 35, in <module>
    from kubernetes.client import models as k8s
ModuleNotFoundError: No module named 'kubernetes'
[2022-07-31 01:24:01,312] {logging_mixin.py:115} INFO - [2022-07-31 01:24:01,312] {example_local_kubernetes_executor.py:38} WARNING - Install Kubernetes dependencies with: pip install apache-airflow[cncf.kubernetes]
[2022-07-31 01:24:01,312] {processor.py:653} WARNING - No viable dags retrieved from /home/oury/.local/lib/python3.10/site-packages/airflow/example_dags/example_local_kubernetes_executor.py
[2022-07-31 01:24:01,319] {processor.py:161} INFO - Processing /home/oury/.local/lib/python3.10/site-packages/airflow/example_dags/example_local_kubernetes_executor.py took 0.024 seconds
[2022-07-31 01:25:28,374] {processor.py:153} INFO - Started process (PID=7989) to work on /home/oury/.local/lib/python3.10/site-packages/airflow/example_dags/example_local_kubernetes_executor.py
[2022-07-31 01:25:28,375] {processor.py:641} INFO - Processing file /home/oury/.local/lib/python3.10/site-packages/airflow/example_dags/example_local_kubernetes_executor.py for tasks to queue
[2022-07-31 01:25:28,375] {logging_mixin.py:115} INFO - [2022-07-31 01:25:28,375] {dagbag.py:507} INFO - Filling up the DagBag from /home/oury/.local/lib/python3.10/site-packages/airflow/example_dags/example_local_kubernetes_executor.py
[2022-07-31 01:25:28,387] {logging_mixin.py:115} INFO - [2022-07-31 01:25:28,387] {example_local_kubernetes_executor.py:37} WARNING - Could not import DAGs in example_local_kubernetes_executor.py
Traceback (most recent call last):
  File "/home/oury/.local/lib/python3.10/site-packages/airflow/example_dags/example_local_kubernetes_executor.py", line 35, in <module>
    from kubernetes.client import models as k8s
ModuleNotFoundError: No module named 'kubernetes'
[2022-07-31 01:25:28,388] {logging_mixin.py:115} INFO - [2022-07-31 01:25:28,388] {example_local_kubernetes_executor.py:38} WARNING - Install Kubernetes dependencies with: pip install apache-airflow[cncf.kubernetes]
[2022-07-31 01:25:28,388] {processor.py:653} WARNING - No viable dags retrieved from /home/oury/.local/lib/python3.10/site-packages/airflow/example_dags/example_local_kubernetes_executor.py
[2022-07-31 01:25:28,396] {processor.py:161} INFO - Processing /home/oury/.local/lib/python3.10/site-packages/airflow/example_dags/example_local_kubernetes_executor.py took 0.024 seconds
[2022-07-31 01:26:09,573] {processor.py:153} INFO - Started process (PID=8127) to work on /home/oury/.local/lib/python3.10/site-packages/airflow/example_dags/example_local_kubernetes_executor.py
[2022-07-31 01:26:09,573] {processor.py:641} INFO - Processing file /home/oury/.local/lib/python3.10/site-packages/airflow/example_dags/example_local_kubernetes_executor.py for tasks to queue
[2022-07-31 01:26:09,574] {logging_mixin.py:115} INFO - [2022-07-31 01:26:09,574] {dagbag.py:507} INFO - Filling up the DagBag from /home/oury/.local/lib/python3.10/site-packages/airflow/example_dags/example_local_kubernetes_executor.py
[2022-07-31 01:26:09,586] {logging_mixin.py:115} INFO - [2022-07-31 01:26:09,586] {example_local_kubernetes_executor.py:37} WARNING - Could not import DAGs in example_local_kubernetes_executor.py
Traceback (most recent call last):
  File "/home/oury/.local/lib/python3.10/site-packages/airflow/example_dags/example_local_kubernetes_executor.py", line 35, in <module>
    from kubernetes.client import models as k8s
ModuleNotFoundError: No module named 'kubernetes'
[2022-07-31 01:26:09,586] {logging_mixin.py:115} INFO - [2022-07-31 01:26:09,586] {example_local_kubernetes_executor.py:38} WARNING - Install Kubernetes dependencies with: pip install apache-airflow[cncf.kubernetes]
[2022-07-31 01:26:09,587] {processor.py:653} WARNING - No viable dags retrieved from /home/oury/.local/lib/python3.10/site-packages/airflow/example_dags/example_local_kubernetes_executor.py
[2022-07-31 01:26:09,594] {processor.py:161} INFO - Processing /home/oury/.local/lib/python3.10/site-packages/airflow/example_dags/example_local_kubernetes_executor.py took 0.023 seconds
[2022-07-31 01:26:50,148] {processor.py:153} INFO - Started process (PID=8237) to work on /home/oury/.local/lib/python3.10/site-packages/airflow/example_dags/example_local_kubernetes_executor.py
[2022-07-31 01:26:50,149] {processor.py:641} INFO - Processing file /home/oury/.local/lib/python3.10/site-packages/airflow/example_dags/example_local_kubernetes_executor.py for tasks to queue
[2022-07-31 01:26:50,149] {logging_mixin.py:115} INFO - [2022-07-31 01:26:50,149] {dagbag.py:507} INFO - Filling up the DagBag from /home/oury/.local/lib/python3.10/site-packages/airflow/example_dags/example_local_kubernetes_executor.py
[2022-07-31 01:26:50,161] {logging_mixin.py:115} INFO - [2022-07-31 01:26:50,161] {example_local_kubernetes_executor.py:37} WARNING - Could not import DAGs in example_local_kubernetes_executor.py
Traceback (most recent call last):
  File "/home/oury/.local/lib/python3.10/site-packages/airflow/example_dags/example_local_kubernetes_executor.py", line 35, in <module>
    from kubernetes.client import models as k8s
ModuleNotFoundError: No module named 'kubernetes'
[2022-07-31 01:26:50,162] {logging_mixin.py:115} INFO - [2022-07-31 01:26:50,162] {example_local_kubernetes_executor.py:38} WARNING - Install Kubernetes dependencies with: pip install apache-airflow[cncf.kubernetes]
[2022-07-31 01:26:50,162] {processor.py:653} WARNING - No viable dags retrieved from /home/oury/.local/lib/python3.10/site-packages/airflow/example_dags/example_local_kubernetes_executor.py
[2022-07-31 01:26:50,170] {processor.py:161} INFO - Processing /home/oury/.local/lib/python3.10/site-packages/airflow/example_dags/example_local_kubernetes_executor.py took 0.024 seconds
[2022-07-31 01:27:32,534] {processor.py:153} INFO - Started process (PID=8320) to work on /home/oury/.local/lib/python3.10/site-packages/airflow/example_dags/example_local_kubernetes_executor.py
[2022-07-31 01:27:32,535] {processor.py:641} INFO - Processing file /home/oury/.local/lib/python3.10/site-packages/airflow/example_dags/example_local_kubernetes_executor.py for tasks to queue
[2022-07-31 01:27:32,535] {logging_mixin.py:115} INFO - [2022-07-31 01:27:32,535] {dagbag.py:507} INFO - Filling up the DagBag from /home/oury/.local/lib/python3.10/site-packages/airflow/example_dags/example_local_kubernetes_executor.py
[2022-07-31 01:27:32,547] {logging_mixin.py:115} INFO - [2022-07-31 01:27:32,547] {example_local_kubernetes_executor.py:37} WARNING - Could not import DAGs in example_local_kubernetes_executor.py
Traceback (most recent call last):
  File "/home/oury/.local/lib/python3.10/site-packages/airflow/example_dags/example_local_kubernetes_executor.py", line 35, in <module>
    from kubernetes.client import models as k8s
ModuleNotFoundError: No module named 'kubernetes'
[2022-07-31 01:27:32,548] {logging_mixin.py:115} INFO - [2022-07-31 01:27:32,548] {example_local_kubernetes_executor.py:38} WARNING - Install Kubernetes dependencies with: pip install apache-airflow[cncf.kubernetes]
[2022-07-31 01:27:32,548] {processor.py:653} WARNING - No viable dags retrieved from /home/oury/.local/lib/python3.10/site-packages/airflow/example_dags/example_local_kubernetes_executor.py
[2022-07-31 01:27:32,555] {processor.py:161} INFO - Processing /home/oury/.local/lib/python3.10/site-packages/airflow/example_dags/example_local_kubernetes_executor.py took 0.024 seconds
[2022-07-31 01:28:13,787] {processor.py:153} INFO - Started process (PID=8491) to work on /home/oury/.local/lib/python3.10/site-packages/airflow/example_dags/example_local_kubernetes_executor.py
[2022-07-31 01:28:13,788] {processor.py:641} INFO - Processing file /home/oury/.local/lib/python3.10/site-packages/airflow/example_dags/example_local_kubernetes_executor.py for tasks to queue
[2022-07-31 01:28:13,789] {logging_mixin.py:115} INFO - [2022-07-31 01:28:13,789] {dagbag.py:507} INFO - Filling up the DagBag from /home/oury/.local/lib/python3.10/site-packages/airflow/example_dags/example_local_kubernetes_executor.py
[2022-07-31 01:28:13,803] {logging_mixin.py:115} INFO - [2022-07-31 01:28:13,803] {example_local_kubernetes_executor.py:37} WARNING - Could not import DAGs in example_local_kubernetes_executor.py
Traceback (most recent call last):
  File "/home/oury/.local/lib/python3.10/site-packages/airflow/example_dags/example_local_kubernetes_executor.py", line 35, in <module>
    from kubernetes.client import models as k8s
ModuleNotFoundError: No module named 'kubernetes'
[2022-07-31 01:28:13,804] {logging_mixin.py:115} INFO - [2022-07-31 01:28:13,804] {example_local_kubernetes_executor.py:38} WARNING - Install Kubernetes dependencies with: pip install apache-airflow[cncf.kubernetes]
[2022-07-31 01:28:13,804] {processor.py:653} WARNING - No viable dags retrieved from /home/oury/.local/lib/python3.10/site-packages/airflow/example_dags/example_local_kubernetes_executor.py
[2022-07-31 01:28:13,813] {processor.py:161} INFO - Processing /home/oury/.local/lib/python3.10/site-packages/airflow/example_dags/example_local_kubernetes_executor.py took 0.028 seconds
[2022-07-31 01:28:58,934] {processor.py:153} INFO - Started process (PID=8616) to work on /home/oury/.local/lib/python3.10/site-packages/airflow/example_dags/example_local_kubernetes_executor.py
[2022-07-31 01:28:58,934] {processor.py:641} INFO - Processing file /home/oury/.local/lib/python3.10/site-packages/airflow/example_dags/example_local_kubernetes_executor.py for tasks to queue
[2022-07-31 01:28:58,935] {logging_mixin.py:115} INFO - [2022-07-31 01:28:58,935] {dagbag.py:507} INFO - Filling up the DagBag from /home/oury/.local/lib/python3.10/site-packages/airflow/example_dags/example_local_kubernetes_executor.py
[2022-07-31 01:28:58,947] {logging_mixin.py:115} INFO - [2022-07-31 01:28:58,947] {example_local_kubernetes_executor.py:37} WARNING - Could not import DAGs in example_local_kubernetes_executor.py
Traceback (most recent call last):
  File "/home/oury/.local/lib/python3.10/site-packages/airflow/example_dags/example_local_kubernetes_executor.py", line 35, in <module>
    from kubernetes.client import models as k8s
ModuleNotFoundError: No module named 'kubernetes'
[2022-07-31 01:28:58,947] {logging_mixin.py:115} INFO - [2022-07-31 01:28:58,947] {example_local_kubernetes_executor.py:38} WARNING - Install Kubernetes dependencies with: pip install apache-airflow[cncf.kubernetes]
[2022-07-31 01:28:58,947] {processor.py:653} WARNING - No viable dags retrieved from /home/oury/.local/lib/python3.10/site-packages/airflow/example_dags/example_local_kubernetes_executor.py
[2022-07-31 01:28:58,955] {processor.py:161} INFO - Processing /home/oury/.local/lib/python3.10/site-packages/airflow/example_dags/example_local_kubernetes_executor.py took 0.024 seconds
[2022-07-31 01:29:41,434] {processor.py:153} INFO - Started process (PID=8699) to work on /home/oury/.local/lib/python3.10/site-packages/airflow/example_dags/example_local_kubernetes_executor.py
[2022-07-31 01:29:41,435] {processor.py:641} INFO - Processing file /home/oury/.local/lib/python3.10/site-packages/airflow/example_dags/example_local_kubernetes_executor.py for tasks to queue
[2022-07-31 01:29:41,436] {logging_mixin.py:115} INFO - [2022-07-31 01:29:41,436] {dagbag.py:507} INFO - Filling up the DagBag from /home/oury/.local/lib/python3.10/site-packages/airflow/example_dags/example_local_kubernetes_executor.py
[2022-07-31 01:29:41,449] {logging_mixin.py:115} INFO - [2022-07-31 01:29:41,448] {example_local_kubernetes_executor.py:37} WARNING - Could not import DAGs in example_local_kubernetes_executor.py
Traceback (most recent call last):
  File "/home/oury/.local/lib/python3.10/site-packages/airflow/example_dags/example_local_kubernetes_executor.py", line 35, in <module>
    from kubernetes.client import models as k8s
ModuleNotFoundError: No module named 'kubernetes'
[2022-07-31 01:29:41,449] {logging_mixin.py:115} INFO - [2022-07-31 01:29:41,449] {example_local_kubernetes_executor.py:38} WARNING - Install Kubernetes dependencies with: pip install apache-airflow[cncf.kubernetes]
[2022-07-31 01:29:41,449] {processor.py:653} WARNING - No viable dags retrieved from /home/oury/.local/lib/python3.10/site-packages/airflow/example_dags/example_local_kubernetes_executor.py
[2022-07-31 01:29:41,457] {processor.py:161} INFO - Processing /home/oury/.local/lib/python3.10/site-packages/airflow/example_dags/example_local_kubernetes_executor.py took 0.025 seconds
[2022-07-31 01:30:30,147] {processor.py:153} INFO - Started process (PID=8831) to work on /home/oury/.local/lib/python3.10/site-packages/airflow/example_dags/example_local_kubernetes_executor.py
[2022-07-31 01:30:30,209] {processor.py:641} INFO - Processing file /home/oury/.local/lib/python3.10/site-packages/airflow/example_dags/example_local_kubernetes_executor.py for tasks to queue
[2022-07-31 01:30:30,210] {logging_mixin.py:115} INFO - [2022-07-31 01:30:30,209] {dagbag.py:507} INFO - Filling up the DagBag from /home/oury/.local/lib/python3.10/site-packages/airflow/example_dags/example_local_kubernetes_executor.py
[2022-07-31 01:30:30,226] {logging_mixin.py:115} INFO - [2022-07-31 01:30:30,226] {example_local_kubernetes_executor.py:37} WARNING - Could not import DAGs in example_local_kubernetes_executor.py
Traceback (most recent call last):
  File "/home/oury/.local/lib/python3.10/site-packages/airflow/example_dags/example_local_kubernetes_executor.py", line 35, in <module>
    from kubernetes.client import models as k8s
ModuleNotFoundError: No module named 'kubernetes'
[2022-07-31 01:30:30,227] {logging_mixin.py:115} INFO - [2022-07-31 01:30:30,226] {example_local_kubernetes_executor.py:38} WARNING - Install Kubernetes dependencies with: pip install apache-airflow[cncf.kubernetes]
[2022-07-31 01:30:30,227] {processor.py:653} WARNING - No viable dags retrieved from /home/oury/.local/lib/python3.10/site-packages/airflow/example_dags/example_local_kubernetes_executor.py
[2022-07-31 01:30:30,235] {processor.py:161} INFO - Processing /home/oury/.local/lib/python3.10/site-packages/airflow/example_dags/example_local_kubernetes_executor.py took 0.090 seconds
[2022-07-31 01:31:09,490] {processor.py:153} INFO - Started process (PID=8990) to work on /home/oury/.local/lib/python3.10/site-packages/airflow/example_dags/example_local_kubernetes_executor.py
[2022-07-31 01:31:09,490] {processor.py:641} INFO - Processing file /home/oury/.local/lib/python3.10/site-packages/airflow/example_dags/example_local_kubernetes_executor.py for tasks to queue
[2022-07-31 01:31:09,491] {logging_mixin.py:115} INFO - [2022-07-31 01:31:09,491] {dagbag.py:507} INFO - Filling up the DagBag from /home/oury/.local/lib/python3.10/site-packages/airflow/example_dags/example_local_kubernetes_executor.py
[2022-07-31 01:31:09,503] {logging_mixin.py:115} INFO - [2022-07-31 01:31:09,503] {example_local_kubernetes_executor.py:37} WARNING - Could not import DAGs in example_local_kubernetes_executor.py
Traceback (most recent call last):
  File "/home/oury/.local/lib/python3.10/site-packages/airflow/example_dags/example_local_kubernetes_executor.py", line 35, in <module>
    from kubernetes.client import models as k8s
ModuleNotFoundError: No module named 'kubernetes'
[2022-07-31 01:31:09,503] {logging_mixin.py:115} INFO - [2022-07-31 01:31:09,503] {example_local_kubernetes_executor.py:38} WARNING - Install Kubernetes dependencies with: pip install apache-airflow[cncf.kubernetes]
[2022-07-31 01:31:09,504] {processor.py:653} WARNING - No viable dags retrieved from /home/oury/.local/lib/python3.10/site-packages/airflow/example_dags/example_local_kubernetes_executor.py
[2022-07-31 01:31:09,511] {processor.py:161} INFO - Processing /home/oury/.local/lib/python3.10/site-packages/airflow/example_dags/example_local_kubernetes_executor.py took 0.024 seconds
[2022-07-31 01:31:52,289] {processor.py:153} INFO - Started process (PID=9100) to work on /home/oury/.local/lib/python3.10/site-packages/airflow/example_dags/example_local_kubernetes_executor.py
[2022-07-31 01:31:52,290] {processor.py:641} INFO - Processing file /home/oury/.local/lib/python3.10/site-packages/airflow/example_dags/example_local_kubernetes_executor.py for tasks to queue
[2022-07-31 01:31:52,290] {logging_mixin.py:115} INFO - [2022-07-31 01:31:52,290] {dagbag.py:507} INFO - Filling up the DagBag from /home/oury/.local/lib/python3.10/site-packages/airflow/example_dags/example_local_kubernetes_executor.py
[2022-07-31 01:31:52,303] {logging_mixin.py:115} INFO - [2022-07-31 01:31:52,302] {example_local_kubernetes_executor.py:37} WARNING - Could not import DAGs in example_local_kubernetes_executor.py
Traceback (most recent call last):
  File "/home/oury/.local/lib/python3.10/site-packages/airflow/example_dags/example_local_kubernetes_executor.py", line 35, in <module>
    from kubernetes.client import models as k8s
ModuleNotFoundError: No module named 'kubernetes'
[2022-07-31 01:31:52,303] {logging_mixin.py:115} INFO - [2022-07-31 01:31:52,303] {example_local_kubernetes_executor.py:38} WARNING - Install Kubernetes dependencies with: pip install apache-airflow[cncf.kubernetes]
[2022-07-31 01:31:52,303] {processor.py:653} WARNING - No viable dags retrieved from /home/oury/.local/lib/python3.10/site-packages/airflow/example_dags/example_local_kubernetes_executor.py
[2022-07-31 01:31:52,311] {processor.py:161} INFO - Processing /home/oury/.local/lib/python3.10/site-packages/airflow/example_dags/example_local_kubernetes_executor.py took 0.024 seconds
[2022-07-31 01:32:33,233] {processor.py:153} INFO - Started process (PID=9170) to work on /home/oury/.local/lib/python3.10/site-packages/airflow/example_dags/example_local_kubernetes_executor.py
[2022-07-31 01:32:33,234] {processor.py:641} INFO - Processing file /home/oury/.local/lib/python3.10/site-packages/airflow/example_dags/example_local_kubernetes_executor.py for tasks to queue
[2022-07-31 01:32:33,234] {logging_mixin.py:115} INFO - [2022-07-31 01:32:33,234] {dagbag.py:507} INFO - Filling up the DagBag from /home/oury/.local/lib/python3.10/site-packages/airflow/example_dags/example_local_kubernetes_executor.py
[2022-07-31 01:32:33,246] {logging_mixin.py:115} INFO - [2022-07-31 01:32:33,246] {example_local_kubernetes_executor.py:37} WARNING - Could not import DAGs in example_local_kubernetes_executor.py
Traceback (most recent call last):
  File "/home/oury/.local/lib/python3.10/site-packages/airflow/example_dags/example_local_kubernetes_executor.py", line 35, in <module>
    from kubernetes.client import models as k8s
ModuleNotFoundError: No module named 'kubernetes'
[2022-07-31 01:32:33,247] {logging_mixin.py:115} INFO - [2022-07-31 01:32:33,246] {example_local_kubernetes_executor.py:38} WARNING - Install Kubernetes dependencies with: pip install apache-airflow[cncf.kubernetes]
[2022-07-31 01:32:33,247] {processor.py:653} WARNING - No viable dags retrieved from /home/oury/.local/lib/python3.10/site-packages/airflow/example_dags/example_local_kubernetes_executor.py
[2022-07-31 01:32:33,254] {processor.py:161} INFO - Processing /home/oury/.local/lib/python3.10/site-packages/airflow/example_dags/example_local_kubernetes_executor.py took 0.023 seconds
[2022-07-31 01:33:13,789] {processor.py:153} INFO - Started process (PID=9254) to work on /home/oury/.local/lib/python3.10/site-packages/airflow/example_dags/example_local_kubernetes_executor.py
[2022-07-31 01:33:13,790] {processor.py:641} INFO - Processing file /home/oury/.local/lib/python3.10/site-packages/airflow/example_dags/example_local_kubernetes_executor.py for tasks to queue
[2022-07-31 01:33:13,790] {logging_mixin.py:115} INFO - [2022-07-31 01:33:13,790] {dagbag.py:507} INFO - Filling up the DagBag from /home/oury/.local/lib/python3.10/site-packages/airflow/example_dags/example_local_kubernetes_executor.py
[2022-07-31 01:33:13,802] {logging_mixin.py:115} INFO - [2022-07-31 01:33:13,802] {example_local_kubernetes_executor.py:37} WARNING - Could not import DAGs in example_local_kubernetes_executor.py
Traceback (most recent call last):
  File "/home/oury/.local/lib/python3.10/site-packages/airflow/example_dags/example_local_kubernetes_executor.py", line 35, in <module>
    from kubernetes.client import models as k8s
ModuleNotFoundError: No module named 'kubernetes'
[2022-07-31 01:33:13,802] {logging_mixin.py:115} INFO - [2022-07-31 01:33:13,802] {example_local_kubernetes_executor.py:38} WARNING - Install Kubernetes dependencies with: pip install apache-airflow[cncf.kubernetes]
[2022-07-31 01:33:13,803] {processor.py:653} WARNING - No viable dags retrieved from /home/oury/.local/lib/python3.10/site-packages/airflow/example_dags/example_local_kubernetes_executor.py
[2022-07-31 01:33:13,810] {processor.py:161} INFO - Processing /home/oury/.local/lib/python3.10/site-packages/airflow/example_dags/example_local_kubernetes_executor.py took 0.023 seconds
[2022-07-31 01:33:56,026] {processor.py:153} INFO - Started process (PID=9514) to work on /home/oury/.local/lib/python3.10/site-packages/airflow/example_dags/example_local_kubernetes_executor.py
[2022-07-31 01:33:56,026] {processor.py:641} INFO - Processing file /home/oury/.local/lib/python3.10/site-packages/airflow/example_dags/example_local_kubernetes_executor.py for tasks to queue
[2022-07-31 01:33:56,027] {logging_mixin.py:115} INFO - [2022-07-31 01:33:56,026] {dagbag.py:507} INFO - Filling up the DagBag from /home/oury/.local/lib/python3.10/site-packages/airflow/example_dags/example_local_kubernetes_executor.py
[2022-07-31 01:33:56,039] {logging_mixin.py:115} INFO - [2022-07-31 01:33:56,039] {example_local_kubernetes_executor.py:37} WARNING - Could not import DAGs in example_local_kubernetes_executor.py
Traceback (most recent call last):
  File "/home/oury/.local/lib/python3.10/site-packages/airflow/example_dags/example_local_kubernetes_executor.py", line 35, in <module>
    from kubernetes.client import models as k8s
ModuleNotFoundError: No module named 'kubernetes'
[2022-07-31 01:33:56,040] {logging_mixin.py:115} INFO - [2022-07-31 01:33:56,040] {example_local_kubernetes_executor.py:38} WARNING - Install Kubernetes dependencies with: pip install apache-airflow[cncf.kubernetes]
[2022-07-31 01:33:56,040] {processor.py:653} WARNING - No viable dags retrieved from /home/oury/.local/lib/python3.10/site-packages/airflow/example_dags/example_local_kubernetes_executor.py
[2022-07-31 01:33:56,048] {processor.py:161} INFO - Processing /home/oury/.local/lib/python3.10/site-packages/airflow/example_dags/example_local_kubernetes_executor.py took 0.024 seconds
[2022-07-31 01:34:38,762] {processor.py:153} INFO - Started process (PID=9666) to work on /home/oury/.local/lib/python3.10/site-packages/airflow/example_dags/example_local_kubernetes_executor.py
[2022-07-31 01:34:38,762] {processor.py:641} INFO - Processing file /home/oury/.local/lib/python3.10/site-packages/airflow/example_dags/example_local_kubernetes_executor.py for tasks to queue
[2022-07-31 01:34:38,763] {logging_mixin.py:115} INFO - [2022-07-31 01:34:38,763] {dagbag.py:507} INFO - Filling up the DagBag from /home/oury/.local/lib/python3.10/site-packages/airflow/example_dags/example_local_kubernetes_executor.py
[2022-07-31 01:34:38,776] {logging_mixin.py:115} INFO - [2022-07-31 01:34:38,775] {example_local_kubernetes_executor.py:37} WARNING - Could not import DAGs in example_local_kubernetes_executor.py
Traceback (most recent call last):
  File "/home/oury/.local/lib/python3.10/site-packages/airflow/example_dags/example_local_kubernetes_executor.py", line 35, in <module>
    from kubernetes.client import models as k8s
ModuleNotFoundError: No module named 'kubernetes'
[2022-07-31 01:34:38,776] {logging_mixin.py:115} INFO - [2022-07-31 01:34:38,776] {example_local_kubernetes_executor.py:38} WARNING - Install Kubernetes dependencies with: pip install apache-airflow[cncf.kubernetes]
[2022-07-31 01:34:38,776] {processor.py:653} WARNING - No viable dags retrieved from /home/oury/.local/lib/python3.10/site-packages/airflow/example_dags/example_local_kubernetes_executor.py
[2022-07-31 01:34:38,784] {processor.py:161} INFO - Processing /home/oury/.local/lib/python3.10/site-packages/airflow/example_dags/example_local_kubernetes_executor.py took 0.025 seconds
[2022-07-31 01:38:18,641] {processor.py:153} INFO - Started process (PID=10431) to work on /home/oury/.local/lib/python3.10/site-packages/airflow/example_dags/example_local_kubernetes_executor.py
[2022-07-31 01:38:18,642] {processor.py:641} INFO - Processing file /home/oury/.local/lib/python3.10/site-packages/airflow/example_dags/example_local_kubernetes_executor.py for tasks to queue
[2022-07-31 01:38:18,642] {logging_mixin.py:115} INFO - [2022-07-31 01:38:18,642] {dagbag.py:507} INFO - Filling up the DagBag from /home/oury/.local/lib/python3.10/site-packages/airflow/example_dags/example_local_kubernetes_executor.py
[2022-07-31 01:38:18,655] {logging_mixin.py:115} INFO - [2022-07-31 01:38:18,654] {example_local_kubernetes_executor.py:37} WARNING - Could not import DAGs in example_local_kubernetes_executor.py
Traceback (most recent call last):
  File "/home/oury/.local/lib/python3.10/site-packages/airflow/example_dags/example_local_kubernetes_executor.py", line 35, in <module>
    from kubernetes.client import models as k8s
ModuleNotFoundError: No module named 'kubernetes'
[2022-07-31 01:38:18,655] {logging_mixin.py:115} INFO - [2022-07-31 01:38:18,655] {example_local_kubernetes_executor.py:38} WARNING - Install Kubernetes dependencies with: pip install apache-airflow[cncf.kubernetes]
[2022-07-31 01:38:18,655] {processor.py:653} WARNING - No viable dags retrieved from /home/oury/.local/lib/python3.10/site-packages/airflow/example_dags/example_local_kubernetes_executor.py
[2022-07-31 01:38:18,663] {processor.py:161} INFO - Processing /home/oury/.local/lib/python3.10/site-packages/airflow/example_dags/example_local_kubernetes_executor.py took 0.024 seconds
[2022-07-31 01:38:59,861] {processor.py:153} INFO - Started process (PID=10651) to work on /home/oury/.local/lib/python3.10/site-packages/airflow/example_dags/example_local_kubernetes_executor.py
[2022-07-31 01:38:59,862] {processor.py:641} INFO - Processing file /home/oury/.local/lib/python3.10/site-packages/airflow/example_dags/example_local_kubernetes_executor.py for tasks to queue
[2022-07-31 01:38:59,862] {logging_mixin.py:115} INFO - [2022-07-31 01:38:59,862] {dagbag.py:507} INFO - Filling up the DagBag from /home/oury/.local/lib/python3.10/site-packages/airflow/example_dags/example_local_kubernetes_executor.py
[2022-07-31 01:38:59,876] {logging_mixin.py:115} INFO - [2022-07-31 01:38:59,876] {example_local_kubernetes_executor.py:37} WARNING - Could not import DAGs in example_local_kubernetes_executor.py
Traceback (most recent call last):
  File "/home/oury/.local/lib/python3.10/site-packages/airflow/example_dags/example_local_kubernetes_executor.py", line 35, in <module>
    from kubernetes.client import models as k8s
ModuleNotFoundError: No module named 'kubernetes'
[2022-07-31 01:38:59,876] {logging_mixin.py:115} INFO - [2022-07-31 01:38:59,876] {example_local_kubernetes_executor.py:38} WARNING - Install Kubernetes dependencies with: pip install apache-airflow[cncf.kubernetes]
[2022-07-31 01:38:59,876] {processor.py:653} WARNING - No viable dags retrieved from /home/oury/.local/lib/python3.10/site-packages/airflow/example_dags/example_local_kubernetes_executor.py
[2022-07-31 01:38:59,884] {processor.py:161} INFO - Processing /home/oury/.local/lib/python3.10/site-packages/airflow/example_dags/example_local_kubernetes_executor.py took 0.025 seconds
[2022-07-31 01:39:41,102] {processor.py:153} INFO - Started process (PID=10853) to work on /home/oury/.local/lib/python3.10/site-packages/airflow/example_dags/example_local_kubernetes_executor.py
[2022-07-31 01:39:41,102] {processor.py:641} INFO - Processing file /home/oury/.local/lib/python3.10/site-packages/airflow/example_dags/example_local_kubernetes_executor.py for tasks to queue
[2022-07-31 01:39:41,103] {logging_mixin.py:115} INFO - [2022-07-31 01:39:41,102] {dagbag.py:507} INFO - Filling up the DagBag from /home/oury/.local/lib/python3.10/site-packages/airflow/example_dags/example_local_kubernetes_executor.py
[2022-07-31 01:39:41,115] {logging_mixin.py:115} INFO - [2022-07-31 01:39:41,115] {example_local_kubernetes_executor.py:37} WARNING - Could not import DAGs in example_local_kubernetes_executor.py
Traceback (most recent call last):
  File "/home/oury/.local/lib/python3.10/site-packages/airflow/example_dags/example_local_kubernetes_executor.py", line 35, in <module>
    from kubernetes.client import models as k8s
ModuleNotFoundError: No module named 'kubernetes'
[2022-07-31 01:39:41,115] {logging_mixin.py:115} INFO - [2022-07-31 01:39:41,115] {example_local_kubernetes_executor.py:38} WARNING - Install Kubernetes dependencies with: pip install apache-airflow[cncf.kubernetes]
[2022-07-31 01:39:41,115] {processor.py:653} WARNING - No viable dags retrieved from /home/oury/.local/lib/python3.10/site-packages/airflow/example_dags/example_local_kubernetes_executor.py
[2022-07-31 01:39:41,123] {processor.py:161} INFO - Processing /home/oury/.local/lib/python3.10/site-packages/airflow/example_dags/example_local_kubernetes_executor.py took 0.024 seconds
[2022-07-31 01:40:22,174] {processor.py:153} INFO - Started process (PID=11068) to work on /home/oury/.local/lib/python3.10/site-packages/airflow/example_dags/example_local_kubernetes_executor.py
[2022-07-31 01:40:22,174] {processor.py:641} INFO - Processing file /home/oury/.local/lib/python3.10/site-packages/airflow/example_dags/example_local_kubernetes_executor.py for tasks to queue
[2022-07-31 01:40:22,175] {logging_mixin.py:115} INFO - [2022-07-31 01:40:22,175] {dagbag.py:507} INFO - Filling up the DagBag from /home/oury/.local/lib/python3.10/site-packages/airflow/example_dags/example_local_kubernetes_executor.py
[2022-07-31 01:40:22,189] {logging_mixin.py:115} INFO - [2022-07-31 01:40:22,188] {example_local_kubernetes_executor.py:37} WARNING - Could not import DAGs in example_local_kubernetes_executor.py
Traceback (most recent call last):
  File "/home/oury/.local/lib/python3.10/site-packages/airflow/example_dags/example_local_kubernetes_executor.py", line 35, in <module>
    from kubernetes.client import models as k8s
ModuleNotFoundError: No module named 'kubernetes'
[2022-07-31 01:40:22,189] {logging_mixin.py:115} INFO - [2022-07-31 01:40:22,189] {example_local_kubernetes_executor.py:38} WARNING - Install Kubernetes dependencies with: pip install apache-airflow[cncf.kubernetes]
[2022-07-31 01:40:22,189] {processor.py:653} WARNING - No viable dags retrieved from /home/oury/.local/lib/python3.10/site-packages/airflow/example_dags/example_local_kubernetes_executor.py
[2022-07-31 01:40:22,197] {processor.py:161} INFO - Processing /home/oury/.local/lib/python3.10/site-packages/airflow/example_dags/example_local_kubernetes_executor.py took 0.025 seconds
[2022-07-31 01:41:08,956] {processor.py:153} INFO - Started process (PID=12487) to work on /home/oury/.local/lib/python3.10/site-packages/airflow/example_dags/example_local_kubernetes_executor.py
[2022-07-31 01:41:08,957] {processor.py:641} INFO - Processing file /home/oury/.local/lib/python3.10/site-packages/airflow/example_dags/example_local_kubernetes_executor.py for tasks to queue
[2022-07-31 01:41:08,957] {logging_mixin.py:115} INFO - [2022-07-31 01:41:08,957] {dagbag.py:507} INFO - Filling up the DagBag from /home/oury/.local/lib/python3.10/site-packages/airflow/example_dags/example_local_kubernetes_executor.py
[2022-07-31 01:41:08,987] {logging_mixin.py:115} INFO - [2022-07-31 01:41:08,986] {example_local_kubernetes_executor.py:37} WARNING - Could not import DAGs in example_local_kubernetes_executor.py
Traceback (most recent call last):
  File "/home/oury/.local/lib/python3.10/site-packages/airflow/example_dags/example_local_kubernetes_executor.py", line 35, in <module>
    from kubernetes.client import models as k8s
ModuleNotFoundError: No module named 'kubernetes'
[2022-07-31 01:41:08,987] {logging_mixin.py:115} INFO - [2022-07-31 01:41:08,987] {example_local_kubernetes_executor.py:38} WARNING - Install Kubernetes dependencies with: pip install apache-airflow[cncf.kubernetes]
[2022-07-31 01:41:08,988] {processor.py:653} WARNING - No viable dags retrieved from /home/oury/.local/lib/python3.10/site-packages/airflow/example_dags/example_local_kubernetes_executor.py
[2022-07-31 01:41:09,002] {processor.py:161} INFO - Processing /home/oury/.local/lib/python3.10/site-packages/airflow/example_dags/example_local_kubernetes_executor.py took 0.049 seconds
[2022-07-31 01:42:56,644] {processor.py:153} INFO - Started process (PID=13251) to work on /home/oury/.local/lib/python3.10/site-packages/airflow/example_dags/example_local_kubernetes_executor.py
[2022-07-31 01:42:56,645] {processor.py:641} INFO - Processing file /home/oury/.local/lib/python3.10/site-packages/airflow/example_dags/example_local_kubernetes_executor.py for tasks to queue
[2022-07-31 01:42:56,646] {logging_mixin.py:115} INFO - [2022-07-31 01:42:56,646] {dagbag.py:507} INFO - Filling up the DagBag from /home/oury/.local/lib/python3.10/site-packages/airflow/example_dags/example_local_kubernetes_executor.py
[2022-07-31 01:42:56,668] {logging_mixin.py:115} INFO - [2022-07-31 01:42:56,667] {example_local_kubernetes_executor.py:37} WARNING - Could not import DAGs in example_local_kubernetes_executor.py
Traceback (most recent call last):
  File "/home/oury/.local/lib/python3.10/site-packages/airflow/example_dags/example_local_kubernetes_executor.py", line 35, in <module>
    from kubernetes.client import models as k8s
ModuleNotFoundError: No module named 'kubernetes'
[2022-07-31 01:42:56,668] {logging_mixin.py:115} INFO - [2022-07-31 01:42:56,668] {example_local_kubernetes_executor.py:38} WARNING - Install Kubernetes dependencies with: pip install apache-airflow[cncf.kubernetes]
[2022-07-31 01:42:56,668] {processor.py:653} WARNING - No viable dags retrieved from /home/oury/.local/lib/python3.10/site-packages/airflow/example_dags/example_local_kubernetes_executor.py
[2022-07-31 01:42:56,677] {processor.py:161} INFO - Processing /home/oury/.local/lib/python3.10/site-packages/airflow/example_dags/example_local_kubernetes_executor.py took 0.036 seconds
[2022-07-31 01:43:39,153] {processor.py:153} INFO - Started process (PID=13415) to work on /home/oury/.local/lib/python3.10/site-packages/airflow/example_dags/example_local_kubernetes_executor.py
[2022-07-31 01:43:39,153] {processor.py:641} INFO - Processing file /home/oury/.local/lib/python3.10/site-packages/airflow/example_dags/example_local_kubernetes_executor.py for tasks to queue
[2022-07-31 01:43:39,154] {logging_mixin.py:115} INFO - [2022-07-31 01:43:39,154] {dagbag.py:507} INFO - Filling up the DagBag from /home/oury/.local/lib/python3.10/site-packages/airflow/example_dags/example_local_kubernetes_executor.py
[2022-07-31 01:43:39,168] {logging_mixin.py:115} INFO - [2022-07-31 01:43:39,168] {example_local_kubernetes_executor.py:37} WARNING - Could not import DAGs in example_local_kubernetes_executor.py
Traceback (most recent call last):
  File "/home/oury/.local/lib/python3.10/site-packages/airflow/example_dags/example_local_kubernetes_executor.py", line 35, in <module>
    from kubernetes.client import models as k8s
ModuleNotFoundError: No module named 'kubernetes'
[2022-07-31 01:43:39,168] {logging_mixin.py:115} INFO - [2022-07-31 01:43:39,168] {example_local_kubernetes_executor.py:38} WARNING - Install Kubernetes dependencies with: pip install apache-airflow[cncf.kubernetes]
[2022-07-31 01:43:39,169] {processor.py:653} WARNING - No viable dags retrieved from /home/oury/.local/lib/python3.10/site-packages/airflow/example_dags/example_local_kubernetes_executor.py
[2022-07-31 01:43:39,177] {processor.py:161} INFO - Processing /home/oury/.local/lib/python3.10/site-packages/airflow/example_dags/example_local_kubernetes_executor.py took 0.027 seconds
[2022-07-31 01:44:25,367] {processor.py:153} INFO - Started process (PID=13711) to work on /home/oury/.local/lib/python3.10/site-packages/airflow/example_dags/example_local_kubernetes_executor.py
[2022-07-31 01:44:25,368] {processor.py:641} INFO - Processing file /home/oury/.local/lib/python3.10/site-packages/airflow/example_dags/example_local_kubernetes_executor.py for tasks to queue
[2022-07-31 01:44:25,369] {logging_mixin.py:115} INFO - [2022-07-31 01:44:25,369] {dagbag.py:507} INFO - Filling up the DagBag from /home/oury/.local/lib/python3.10/site-packages/airflow/example_dags/example_local_kubernetes_executor.py
[2022-07-31 01:44:25,387] {logging_mixin.py:115} INFO - [2022-07-31 01:44:25,387] {example_local_kubernetes_executor.py:37} WARNING - Could not import DAGs in example_local_kubernetes_executor.py
Traceback (most recent call last):
  File "/home/oury/.local/lib/python3.10/site-packages/airflow/example_dags/example_local_kubernetes_executor.py", line 35, in <module>
    from kubernetes.client import models as k8s
ModuleNotFoundError: No module named 'kubernetes'
[2022-07-31 01:44:25,387] {logging_mixin.py:115} INFO - [2022-07-31 01:44:25,387] {example_local_kubernetes_executor.py:38} WARNING - Install Kubernetes dependencies with: pip install apache-airflow[cncf.kubernetes]
[2022-07-31 01:44:25,388] {processor.py:653} WARNING - No viable dags retrieved from /home/oury/.local/lib/python3.10/site-packages/airflow/example_dags/example_local_kubernetes_executor.py
[2022-07-31 01:44:25,399] {processor.py:161} INFO - Processing /home/oury/.local/lib/python3.10/site-packages/airflow/example_dags/example_local_kubernetes_executor.py took 0.035 seconds
[2022-07-31 01:45:15,777] {processor.py:153} INFO - Started process (PID=14069) to work on /home/oury/.local/lib/python3.10/site-packages/airflow/example_dags/example_local_kubernetes_executor.py
[2022-07-31 01:45:15,777] {processor.py:641} INFO - Processing file /home/oury/.local/lib/python3.10/site-packages/airflow/example_dags/example_local_kubernetes_executor.py for tasks to queue
[2022-07-31 01:45:15,778] {logging_mixin.py:115} INFO - [2022-07-31 01:45:15,778] {dagbag.py:507} INFO - Filling up the DagBag from /home/oury/.local/lib/python3.10/site-packages/airflow/example_dags/example_local_kubernetes_executor.py
[2022-07-31 01:45:15,791] {logging_mixin.py:115} INFO - [2022-07-31 01:45:15,791] {example_local_kubernetes_executor.py:37} WARNING - Could not import DAGs in example_local_kubernetes_executor.py
Traceback (most recent call last):
  File "/home/oury/.local/lib/python3.10/site-packages/airflow/example_dags/example_local_kubernetes_executor.py", line 35, in <module>
    from kubernetes.client import models as k8s
ModuleNotFoundError: No module named 'kubernetes'
[2022-07-31 01:45:15,791] {logging_mixin.py:115} INFO - [2022-07-31 01:45:15,791] {example_local_kubernetes_executor.py:38} WARNING - Install Kubernetes dependencies with: pip install apache-airflow[cncf.kubernetes]
[2022-07-31 01:45:15,791] {processor.py:653} WARNING - No viable dags retrieved from /home/oury/.local/lib/python3.10/site-packages/airflow/example_dags/example_local_kubernetes_executor.py
[2022-07-31 01:45:15,800] {processor.py:161} INFO - Processing /home/oury/.local/lib/python3.10/site-packages/airflow/example_dags/example_local_kubernetes_executor.py took 0.025 seconds
[2022-07-31 01:45:55,838] {processor.py:153} INFO - Started process (PID=14311) to work on /home/oury/.local/lib/python3.10/site-packages/airflow/example_dags/example_local_kubernetes_executor.py
[2022-07-31 01:45:55,838] {processor.py:641} INFO - Processing file /home/oury/.local/lib/python3.10/site-packages/airflow/example_dags/example_local_kubernetes_executor.py for tasks to queue
[2022-07-31 01:45:55,839] {logging_mixin.py:115} INFO - [2022-07-31 01:45:55,838] {dagbag.py:507} INFO - Filling up the DagBag from /home/oury/.local/lib/python3.10/site-packages/airflow/example_dags/example_local_kubernetes_executor.py
[2022-07-31 01:45:55,851] {logging_mixin.py:115} INFO - [2022-07-31 01:45:55,851] {example_local_kubernetes_executor.py:37} WARNING - Could not import DAGs in example_local_kubernetes_executor.py
Traceback (most recent call last):
  File "/home/oury/.local/lib/python3.10/site-packages/airflow/example_dags/example_local_kubernetes_executor.py", line 35, in <module>
    from kubernetes.client import models as k8s
ModuleNotFoundError: No module named 'kubernetes'
[2022-07-31 01:45:55,851] {logging_mixin.py:115} INFO - [2022-07-31 01:45:55,851] {example_local_kubernetes_executor.py:38} WARNING - Install Kubernetes dependencies with: pip install apache-airflow[cncf.kubernetes]
[2022-07-31 01:45:55,851] {processor.py:653} WARNING - No viable dags retrieved from /home/oury/.local/lib/python3.10/site-packages/airflow/example_dags/example_local_kubernetes_executor.py
[2022-07-31 01:45:55,859] {processor.py:161} INFO - Processing /home/oury/.local/lib/python3.10/site-packages/airflow/example_dags/example_local_kubernetes_executor.py took 0.024 seconds
[2022-07-31 01:46:37,069] {processor.py:153} INFO - Started process (PID=14428) to work on /home/oury/.local/lib/python3.10/site-packages/airflow/example_dags/example_local_kubernetes_executor.py
[2022-07-31 01:46:37,069] {processor.py:641} INFO - Processing file /home/oury/.local/lib/python3.10/site-packages/airflow/example_dags/example_local_kubernetes_executor.py for tasks to queue
[2022-07-31 01:46:37,070] {logging_mixin.py:115} INFO - [2022-07-31 01:46:37,070] {dagbag.py:507} INFO - Filling up the DagBag from /home/oury/.local/lib/python3.10/site-packages/airflow/example_dags/example_local_kubernetes_executor.py
[2022-07-31 01:46:37,083] {logging_mixin.py:115} INFO - [2022-07-31 01:46:37,082] {example_local_kubernetes_executor.py:37} WARNING - Could not import DAGs in example_local_kubernetes_executor.py
Traceback (most recent call last):
  File "/home/oury/.local/lib/python3.10/site-packages/airflow/example_dags/example_local_kubernetes_executor.py", line 35, in <module>
    from kubernetes.client import models as k8s
ModuleNotFoundError: No module named 'kubernetes'
[2022-07-31 01:46:37,083] {logging_mixin.py:115} INFO - [2022-07-31 01:46:37,083] {example_local_kubernetes_executor.py:38} WARNING - Install Kubernetes dependencies with: pip install apache-airflow[cncf.kubernetes]
[2022-07-31 01:46:37,083] {processor.py:653} WARNING - No viable dags retrieved from /home/oury/.local/lib/python3.10/site-packages/airflow/example_dags/example_local_kubernetes_executor.py
[2022-07-31 01:46:37,091] {processor.py:161} INFO - Processing /home/oury/.local/lib/python3.10/site-packages/airflow/example_dags/example_local_kubernetes_executor.py took 0.025 seconds
[2022-07-31 01:47:20,723] {processor.py:153} INFO - Started process (PID=14722) to work on /home/oury/.local/lib/python3.10/site-packages/airflow/example_dags/example_local_kubernetes_executor.py
[2022-07-31 01:47:20,724] {processor.py:641} INFO - Processing file /home/oury/.local/lib/python3.10/site-packages/airflow/example_dags/example_local_kubernetes_executor.py for tasks to queue
[2022-07-31 01:47:20,724] {logging_mixin.py:115} INFO - [2022-07-31 01:47:20,724] {dagbag.py:507} INFO - Filling up the DagBag from /home/oury/.local/lib/python3.10/site-packages/airflow/example_dags/example_local_kubernetes_executor.py
[2022-07-31 01:47:20,738] {logging_mixin.py:115} INFO - [2022-07-31 01:47:20,737] {example_local_kubernetes_executor.py:37} WARNING - Could not import DAGs in example_local_kubernetes_executor.py
Traceback (most recent call last):
  File "/home/oury/.local/lib/python3.10/site-packages/airflow/example_dags/example_local_kubernetes_executor.py", line 35, in <module>
    from kubernetes.client import models as k8s
ModuleNotFoundError: No module named 'kubernetes'
[2022-07-31 01:47:20,738] {logging_mixin.py:115} INFO - [2022-07-31 01:47:20,738] {example_local_kubernetes_executor.py:38} WARNING - Install Kubernetes dependencies with: pip install apache-airflow[cncf.kubernetes]
[2022-07-31 01:47:20,738] {processor.py:653} WARNING - No viable dags retrieved from /home/oury/.local/lib/python3.10/site-packages/airflow/example_dags/example_local_kubernetes_executor.py
[2022-07-31 01:47:20,746] {processor.py:161} INFO - Processing /home/oury/.local/lib/python3.10/site-packages/airflow/example_dags/example_local_kubernetes_executor.py took 0.026 seconds
[2022-07-31 01:48:02,274] {processor.py:153} INFO - Started process (PID=14836) to work on /home/oury/.local/lib/python3.10/site-packages/airflow/example_dags/example_local_kubernetes_executor.py
[2022-07-31 01:48:02,275] {processor.py:641} INFO - Processing file /home/oury/.local/lib/python3.10/site-packages/airflow/example_dags/example_local_kubernetes_executor.py for tasks to queue
[2022-07-31 01:48:02,275] {logging_mixin.py:115} INFO - [2022-07-31 01:48:02,275] {dagbag.py:507} INFO - Filling up the DagBag from /home/oury/.local/lib/python3.10/site-packages/airflow/example_dags/example_local_kubernetes_executor.py
[2022-07-31 01:48:02,288] {logging_mixin.py:115} INFO - [2022-07-31 01:48:02,287] {example_local_kubernetes_executor.py:37} WARNING - Could not import DAGs in example_local_kubernetes_executor.py
Traceback (most recent call last):
  File "/home/oury/.local/lib/python3.10/site-packages/airflow/example_dags/example_local_kubernetes_executor.py", line 35, in <module>
    from kubernetes.client import models as k8s
ModuleNotFoundError: No module named 'kubernetes'
[2022-07-31 01:48:02,288] {logging_mixin.py:115} INFO - [2022-07-31 01:48:02,288] {example_local_kubernetes_executor.py:38} WARNING - Install Kubernetes dependencies with: pip install apache-airflow[cncf.kubernetes]
[2022-07-31 01:48:02,288] {processor.py:653} WARNING - No viable dags retrieved from /home/oury/.local/lib/python3.10/site-packages/airflow/example_dags/example_local_kubernetes_executor.py
[2022-07-31 01:48:02,295] {processor.py:161} INFO - Processing /home/oury/.local/lib/python3.10/site-packages/airflow/example_dags/example_local_kubernetes_executor.py took 0.024 seconds
[2022-07-31 01:48:47,470] {processor.py:153} INFO - Started process (PID=14961) to work on /home/oury/.local/lib/python3.10/site-packages/airflow/example_dags/example_local_kubernetes_executor.py
[2022-07-31 01:48:47,470] {processor.py:641} INFO - Processing file /home/oury/.local/lib/python3.10/site-packages/airflow/example_dags/example_local_kubernetes_executor.py for tasks to queue
[2022-07-31 01:48:47,471] {logging_mixin.py:115} INFO - [2022-07-31 01:48:47,471] {dagbag.py:507} INFO - Filling up the DagBag from /home/oury/.local/lib/python3.10/site-packages/airflow/example_dags/example_local_kubernetes_executor.py
[2022-07-31 01:48:47,485] {logging_mixin.py:115} INFO - [2022-07-31 01:48:47,484] {example_local_kubernetes_executor.py:37} WARNING - Could not import DAGs in example_local_kubernetes_executor.py
Traceback (most recent call last):
  File "/home/oury/.local/lib/python3.10/site-packages/airflow/example_dags/example_local_kubernetes_executor.py", line 35, in <module>
    from kubernetes.client import models as k8s
ModuleNotFoundError: No module named 'kubernetes'
[2022-07-31 01:48:47,485] {logging_mixin.py:115} INFO - [2022-07-31 01:48:47,485] {example_local_kubernetes_executor.py:38} WARNING - Install Kubernetes dependencies with: pip install apache-airflow[cncf.kubernetes]
[2022-07-31 01:48:47,485] {processor.py:653} WARNING - No viable dags retrieved from /home/oury/.local/lib/python3.10/site-packages/airflow/example_dags/example_local_kubernetes_executor.py
[2022-07-31 01:48:47,493] {processor.py:161} INFO - Processing /home/oury/.local/lib/python3.10/site-packages/airflow/example_dags/example_local_kubernetes_executor.py took 0.026 seconds
[2022-07-31 01:49:28,822] {processor.py:153} INFO - Started process (PID=15014) to work on /home/oury/.local/lib/python3.10/site-packages/airflow/example_dags/example_local_kubernetes_executor.py
[2022-07-31 01:49:28,823] {processor.py:641} INFO - Processing file /home/oury/.local/lib/python3.10/site-packages/airflow/example_dags/example_local_kubernetes_executor.py for tasks to queue
[2022-07-31 01:49:28,823] {logging_mixin.py:115} INFO - [2022-07-31 01:49:28,823] {dagbag.py:507} INFO - Filling up the DagBag from /home/oury/.local/lib/python3.10/site-packages/airflow/example_dags/example_local_kubernetes_executor.py
[2022-07-31 01:49:28,836] {logging_mixin.py:115} INFO - [2022-07-31 01:49:28,836] {example_local_kubernetes_executor.py:37} WARNING - Could not import DAGs in example_local_kubernetes_executor.py
Traceback (most recent call last):
  File "/home/oury/.local/lib/python3.10/site-packages/airflow/example_dags/example_local_kubernetes_executor.py", line 35, in <module>
    from kubernetes.client import models as k8s
ModuleNotFoundError: No module named 'kubernetes'
[2022-07-31 01:49:28,836] {logging_mixin.py:115} INFO - [2022-07-31 01:49:28,836] {example_local_kubernetes_executor.py:38} WARNING - Install Kubernetes dependencies with: pip install apache-airflow[cncf.kubernetes]
[2022-07-31 01:49:28,836] {processor.py:653} WARNING - No viable dags retrieved from /home/oury/.local/lib/python3.10/site-packages/airflow/example_dags/example_local_kubernetes_executor.py
[2022-07-31 01:49:28,844] {processor.py:161} INFO - Processing /home/oury/.local/lib/python3.10/site-packages/airflow/example_dags/example_local_kubernetes_executor.py took 0.024 seconds
[2022-07-31 01:50:11,322] {processor.py:153} INFO - Started process (PID=15072) to work on /home/oury/.local/lib/python3.10/site-packages/airflow/example_dags/example_local_kubernetes_executor.py
[2022-07-31 01:50:11,322] {processor.py:641} INFO - Processing file /home/oury/.local/lib/python3.10/site-packages/airflow/example_dags/example_local_kubernetes_executor.py for tasks to queue
[2022-07-31 01:50:11,323] {logging_mixin.py:115} INFO - [2022-07-31 01:50:11,323] {dagbag.py:507} INFO - Filling up the DagBag from /home/oury/.local/lib/python3.10/site-packages/airflow/example_dags/example_local_kubernetes_executor.py
[2022-07-31 01:50:11,336] {logging_mixin.py:115} INFO - [2022-07-31 01:50:11,335] {example_local_kubernetes_executor.py:37} WARNING - Could not import DAGs in example_local_kubernetes_executor.py
Traceback (most recent call last):
  File "/home/oury/.local/lib/python3.10/site-packages/airflow/example_dags/example_local_kubernetes_executor.py", line 35, in <module>
    from kubernetes.client import models as k8s
ModuleNotFoundError: No module named 'kubernetes'
[2022-07-31 01:50:11,336] {logging_mixin.py:115} INFO - [2022-07-31 01:50:11,336] {example_local_kubernetes_executor.py:38} WARNING - Install Kubernetes dependencies with: pip install apache-airflow[cncf.kubernetes]
[2022-07-31 01:50:11,336] {processor.py:653} WARNING - No viable dags retrieved from /home/oury/.local/lib/python3.10/site-packages/airflow/example_dags/example_local_kubernetes_executor.py
[2022-07-31 01:50:11,344] {processor.py:161} INFO - Processing /home/oury/.local/lib/python3.10/site-packages/airflow/example_dags/example_local_kubernetes_executor.py took 0.025 seconds
[2022-07-31 01:50:56,261] {processor.py:153} INFO - Started process (PID=15132) to work on /home/oury/.local/lib/python3.10/site-packages/airflow/example_dags/example_local_kubernetes_executor.py
[2022-07-31 01:50:56,262] {processor.py:641} INFO - Processing file /home/oury/.local/lib/python3.10/site-packages/airflow/example_dags/example_local_kubernetes_executor.py for tasks to queue
[2022-07-31 01:50:56,262] {logging_mixin.py:115} INFO - [2022-07-31 01:50:56,262] {dagbag.py:507} INFO - Filling up the DagBag from /home/oury/.local/lib/python3.10/site-packages/airflow/example_dags/example_local_kubernetes_executor.py
[2022-07-31 01:50:56,275] {logging_mixin.py:115} INFO - [2022-07-31 01:50:56,275] {example_local_kubernetes_executor.py:37} WARNING - Could not import DAGs in example_local_kubernetes_executor.py
Traceback (most recent call last):
  File "/home/oury/.local/lib/python3.10/site-packages/airflow/example_dags/example_local_kubernetes_executor.py", line 35, in <module>
    from kubernetes.client import models as k8s
ModuleNotFoundError: No module named 'kubernetes'
[2022-07-31 01:50:56,275] {logging_mixin.py:115} INFO - [2022-07-31 01:50:56,275] {example_local_kubernetes_executor.py:38} WARNING - Install Kubernetes dependencies with: pip install apache-airflow[cncf.kubernetes]
[2022-07-31 01:50:56,276] {processor.py:653} WARNING - No viable dags retrieved from /home/oury/.local/lib/python3.10/site-packages/airflow/example_dags/example_local_kubernetes_executor.py
[2022-07-31 01:50:56,283] {processor.py:161} INFO - Processing /home/oury/.local/lib/python3.10/site-packages/airflow/example_dags/example_local_kubernetes_executor.py took 0.024 seconds
[2022-07-31 01:51:36,525] {processor.py:153} INFO - Started process (PID=15227) to work on /home/oury/.local/lib/python3.10/site-packages/airflow/example_dags/example_local_kubernetes_executor.py
[2022-07-31 01:51:36,526] {processor.py:641} INFO - Processing file /home/oury/.local/lib/python3.10/site-packages/airflow/example_dags/example_local_kubernetes_executor.py for tasks to queue
[2022-07-31 01:51:36,526] {logging_mixin.py:115} INFO - [2022-07-31 01:51:36,526] {dagbag.py:507} INFO - Filling up the DagBag from /home/oury/.local/lib/python3.10/site-packages/airflow/example_dags/example_local_kubernetes_executor.py
[2022-07-31 01:51:36,540] {logging_mixin.py:115} INFO - [2022-07-31 01:51:36,539] {example_local_kubernetes_executor.py:37} WARNING - Could not import DAGs in example_local_kubernetes_executor.py
Traceback (most recent call last):
  File "/home/oury/.local/lib/python3.10/site-packages/airflow/example_dags/example_local_kubernetes_executor.py", line 35, in <module>
    from kubernetes.client import models as k8s
ModuleNotFoundError: No module named 'kubernetes'
[2022-07-31 01:51:36,540] {logging_mixin.py:115} INFO - [2022-07-31 01:51:36,540] {example_local_kubernetes_executor.py:38} WARNING - Install Kubernetes dependencies with: pip install apache-airflow[cncf.kubernetes]
[2022-07-31 01:51:36,540] {processor.py:653} WARNING - No viable dags retrieved from /home/oury/.local/lib/python3.10/site-packages/airflow/example_dags/example_local_kubernetes_executor.py
[2022-07-31 01:51:36,548] {processor.py:161} INFO - Processing /home/oury/.local/lib/python3.10/site-packages/airflow/example_dags/example_local_kubernetes_executor.py took 0.025 seconds
