[2022-07-31 01:19:09,952] {processor.py:153} INFO - Started process (PID=6088) to work on /home/oury/.local/lib/python3.10/site-packages/airflow/example_dags/example_bash_operator.py
[2022-07-31 01:19:09,952] {processor.py:641} INFO - Processing file /home/oury/.local/lib/python3.10/site-packages/airflow/example_dags/example_bash_operator.py for tasks to queue
[2022-07-31 01:19:09,953] {logging_mixin.py:115} INFO - [2022-07-31 01:19:09,953] {dagbag.py:507} INFO - Filling up the DagBag from /home/oury/.local/lib/python3.10/site-packages/airflow/example_dags/example_bash_operator.py
[2022-07-31 01:19:09,965] {processor.py:651} INFO - DAG(s) dict_keys(['example_bash_operator']) retrieved from /home/oury/.local/lib/python3.10/site-packages/airflow/example_dags/example_bash_operator.py
[2022-07-31 01:19:09,984] {logging_mixin.py:115} INFO - [2022-07-31 01:19:09,984] {dag.py:2379} INFO - Sync 1 DAGs
[2022-07-31 01:19:10,008] {logging_mixin.py:115} INFO - [2022-07-31 01:19:10,008] {dag.py:2923} INFO - Setting next_dagrun for example_bash_operator to 2022-07-30T00:00:00+00:00, run_after=2022-07-31T00:00:00+00:00
[2022-07-31 01:19:10,076] {processor.py:161} INFO - Processing /home/oury/.local/lib/python3.10/site-packages/airflow/example_dags/example_bash_operator.py took 0.127 seconds
[2022-07-31 01:19:54,210] {processor.py:153} INFO - Started process (PID=6328) to work on /home/oury/.local/lib/python3.10/site-packages/airflow/example_dags/example_bash_operator.py
[2022-07-31 01:19:54,211] {processor.py:641} INFO - Processing file /home/oury/.local/lib/python3.10/site-packages/airflow/example_dags/example_bash_operator.py for tasks to queue
[2022-07-31 01:19:54,211] {logging_mixin.py:115} INFO - [2022-07-31 01:19:54,211] {dagbag.py:507} INFO - Filling up the DagBag from /home/oury/.local/lib/python3.10/site-packages/airflow/example_dags/example_bash_operator.py
[2022-07-31 01:19:54,221] {processor.py:651} INFO - DAG(s) dict_keys(['example_bash_operator']) retrieved from /home/oury/.local/lib/python3.10/site-packages/airflow/example_dags/example_bash_operator.py
[2022-07-31 01:19:54,234] {logging_mixin.py:115} INFO - [2022-07-31 01:19:54,234] {dag.py:2379} INFO - Sync 1 DAGs
[2022-07-31 01:19:54,249] {logging_mixin.py:115} INFO - [2022-07-31 01:19:54,249] {dag.py:2923} INFO - Setting next_dagrun for example_bash_operator to 2022-07-30T00:00:00+00:00, run_after=2022-07-31T00:00:00+00:00
[2022-07-31 01:19:54,262] {processor.py:161} INFO - Processing /home/oury/.local/lib/python3.10/site-packages/airflow/example_dags/example_bash_operator.py took 0.054 seconds
[2022-07-31 01:20:40,423] {processor.py:153} INFO - Started process (PID=6641) to work on /home/oury/.local/lib/python3.10/site-packages/airflow/example_dags/example_bash_operator.py
[2022-07-31 01:20:40,424] {processor.py:641} INFO - Processing file /home/oury/.local/lib/python3.10/site-packages/airflow/example_dags/example_bash_operator.py for tasks to queue
[2022-07-31 01:20:40,424] {logging_mixin.py:115} INFO - [2022-07-31 01:20:40,424] {dagbag.py:507} INFO - Filling up the DagBag from /home/oury/.local/lib/python3.10/site-packages/airflow/example_dags/example_bash_operator.py
[2022-07-31 01:20:40,434] {processor.py:651} INFO - DAG(s) dict_keys(['example_bash_operator']) retrieved from /home/oury/.local/lib/python3.10/site-packages/airflow/example_dags/example_bash_operator.py
[2022-07-31 01:20:40,446] {logging_mixin.py:115} INFO - [2022-07-31 01:20:40,446] {dag.py:2379} INFO - Sync 1 DAGs
[2022-07-31 01:20:40,463] {logging_mixin.py:115} INFO - [2022-07-31 01:20:40,462] {dag.py:2923} INFO - Setting next_dagrun for example_bash_operator to 2022-07-30T00:00:00+00:00, run_after=2022-07-31T00:00:00+00:00
[2022-07-31 01:20:40,476] {processor.py:161} INFO - Processing /home/oury/.local/lib/python3.10/site-packages/airflow/example_dags/example_bash_operator.py took 0.055 seconds
[2022-07-31 01:21:22,226] {processor.py:153} INFO - Started process (PID=6912) to work on /home/oury/.local/lib/python3.10/site-packages/airflow/example_dags/example_bash_operator.py
[2022-07-31 01:21:22,227] {processor.py:641} INFO - Processing file /home/oury/.local/lib/python3.10/site-packages/airflow/example_dags/example_bash_operator.py for tasks to queue
[2022-07-31 01:21:22,227] {logging_mixin.py:115} INFO - [2022-07-31 01:21:22,227] {dagbag.py:507} INFO - Filling up the DagBag from /home/oury/.local/lib/python3.10/site-packages/airflow/example_dags/example_bash_operator.py
[2022-07-31 01:21:22,237] {processor.py:651} INFO - DAG(s) dict_keys(['example_bash_operator']) retrieved from /home/oury/.local/lib/python3.10/site-packages/airflow/example_dags/example_bash_operator.py
[2022-07-31 01:21:22,250] {logging_mixin.py:115} INFO - [2022-07-31 01:21:22,249] {dag.py:2379} INFO - Sync 1 DAGs
[2022-07-31 01:21:22,265] {logging_mixin.py:115} INFO - [2022-07-31 01:21:22,265] {dag.py:2923} INFO - Setting next_dagrun for example_bash_operator to 2022-07-30T00:00:00+00:00, run_after=2022-07-31T00:00:00+00:00
[2022-07-31 01:21:22,278] {processor.py:161} INFO - Processing /home/oury/.local/lib/python3.10/site-packages/airflow/example_dags/example_bash_operator.py took 0.055 seconds
[2022-07-31 01:22:03,886] {processor.py:153} INFO - Started process (PID=7310) to work on /home/oury/.local/lib/python3.10/site-packages/airflow/example_dags/example_bash_operator.py
[2022-07-31 01:22:03,887] {processor.py:641} INFO - Processing file /home/oury/.local/lib/python3.10/site-packages/airflow/example_dags/example_bash_operator.py for tasks to queue
[2022-07-31 01:22:03,887] {logging_mixin.py:115} INFO - [2022-07-31 01:22:03,887] {dagbag.py:507} INFO - Filling up the DagBag from /home/oury/.local/lib/python3.10/site-packages/airflow/example_dags/example_bash_operator.py
[2022-07-31 01:22:03,901] {processor.py:651} INFO - DAG(s) dict_keys(['example_bash_operator']) retrieved from /home/oury/.local/lib/python3.10/site-packages/airflow/example_dags/example_bash_operator.py
[2022-07-31 01:22:03,917] {logging_mixin.py:115} INFO - [2022-07-31 01:22:03,917] {dag.py:2379} INFO - Sync 1 DAGs
[2022-07-31 01:22:03,938] {logging_mixin.py:115} INFO - [2022-07-31 01:22:03,938] {dag.py:2923} INFO - Setting next_dagrun for example_bash_operator to 2022-07-30T00:00:00+00:00, run_after=2022-07-31T00:00:00+00:00
[2022-07-31 01:22:03,955] {processor.py:161} INFO - Processing /home/oury/.local/lib/python3.10/site-packages/airflow/example_dags/example_bash_operator.py took 0.072 seconds
[2022-07-31 01:22:47,450] {processor.py:153} INFO - Started process (PID=7504) to work on /home/oury/.local/lib/python3.10/site-packages/airflow/example_dags/example_bash_operator.py
[2022-07-31 01:22:47,451] {processor.py:641} INFO - Processing file /home/oury/.local/lib/python3.10/site-packages/airflow/example_dags/example_bash_operator.py for tasks to queue
[2022-07-31 01:22:47,451] {logging_mixin.py:115} INFO - [2022-07-31 01:22:47,451] {dagbag.py:507} INFO - Filling up the DagBag from /home/oury/.local/lib/python3.10/site-packages/airflow/example_dags/example_bash_operator.py
[2022-07-31 01:22:47,461] {processor.py:651} INFO - DAG(s) dict_keys(['example_bash_operator']) retrieved from /home/oury/.local/lib/python3.10/site-packages/airflow/example_dags/example_bash_operator.py
[2022-07-31 01:22:47,474] {logging_mixin.py:115} INFO - [2022-07-31 01:22:47,474] {dag.py:2379} INFO - Sync 1 DAGs
[2022-07-31 01:22:47,490] {logging_mixin.py:115} INFO - [2022-07-31 01:22:47,489] {dag.py:2923} INFO - Setting next_dagrun for example_bash_operator to 2022-07-30T00:00:00+00:00, run_after=2022-07-31T00:00:00+00:00
[2022-07-31 01:22:47,503] {processor.py:161} INFO - Processing /home/oury/.local/lib/python3.10/site-packages/airflow/example_dags/example_bash_operator.py took 0.055 seconds
[2022-07-31 01:23:30,087] {processor.py:153} INFO - Started process (PID=7634) to work on /home/oury/.local/lib/python3.10/site-packages/airflow/example_dags/example_bash_operator.py
[2022-07-31 01:23:30,088] {processor.py:641} INFO - Processing file /home/oury/.local/lib/python3.10/site-packages/airflow/example_dags/example_bash_operator.py for tasks to queue
[2022-07-31 01:23:30,089] {logging_mixin.py:115} INFO - [2022-07-31 01:23:30,089] {dagbag.py:507} INFO - Filling up the DagBag from /home/oury/.local/lib/python3.10/site-packages/airflow/example_dags/example_bash_operator.py
[2022-07-31 01:23:30,108] {processor.py:651} INFO - DAG(s) dict_keys(['example_bash_operator']) retrieved from /home/oury/.local/lib/python3.10/site-packages/airflow/example_dags/example_bash_operator.py
[2022-07-31 01:23:30,132] {logging_mixin.py:115} INFO - [2022-07-31 01:23:30,132] {dag.py:2379} INFO - Sync 1 DAGs
[2022-07-31 01:23:30,153] {logging_mixin.py:115} INFO - [2022-07-31 01:23:30,153] {dag.py:2923} INFO - Setting next_dagrun for example_bash_operator to 2022-07-30T00:00:00+00:00, run_after=2022-07-31T00:00:00+00:00
[2022-07-31 01:23:30,170] {processor.py:161} INFO - Processing /home/oury/.local/lib/python3.10/site-packages/airflow/example_dags/example_bash_operator.py took 0.086 seconds
[2022-07-31 01:24:11,656] {processor.py:153} INFO - Started process (PID=7736) to work on /home/oury/.local/lib/python3.10/site-packages/airflow/example_dags/example_bash_operator.py
[2022-07-31 01:24:11,657] {processor.py:641} INFO - Processing file /home/oury/.local/lib/python3.10/site-packages/airflow/example_dags/example_bash_operator.py for tasks to queue
[2022-07-31 01:24:11,657] {logging_mixin.py:115} INFO - [2022-07-31 01:24:11,657] {dagbag.py:507} INFO - Filling up the DagBag from /home/oury/.local/lib/python3.10/site-packages/airflow/example_dags/example_bash_operator.py
[2022-07-31 01:24:11,667] {processor.py:651} INFO - DAG(s) dict_keys(['example_bash_operator']) retrieved from /home/oury/.local/lib/python3.10/site-packages/airflow/example_dags/example_bash_operator.py
[2022-07-31 01:24:11,680] {logging_mixin.py:115} INFO - [2022-07-31 01:24:11,680] {dag.py:2379} INFO - Sync 1 DAGs
[2022-07-31 01:24:11,696] {logging_mixin.py:115} INFO - [2022-07-31 01:24:11,695] {dag.py:2923} INFO - Setting next_dagrun for example_bash_operator to 2022-07-30T00:00:00+00:00, run_after=2022-07-31T00:00:00+00:00
[2022-07-31 01:24:11,708] {processor.py:161} INFO - Processing /home/oury/.local/lib/python3.10/site-packages/airflow/example_dags/example_bash_operator.py took 0.054 seconds
[2022-07-31 01:25:33,119] {processor.py:153} INFO - Started process (PID=8017) to work on /home/oury/.local/lib/python3.10/site-packages/airflow/example_dags/example_bash_operator.py
[2022-07-31 01:25:33,119] {processor.py:641} INFO - Processing file /home/oury/.local/lib/python3.10/site-packages/airflow/example_dags/example_bash_operator.py for tasks to queue
[2022-07-31 01:25:33,120] {logging_mixin.py:115} INFO - [2022-07-31 01:25:33,120] {dagbag.py:507} INFO - Filling up the DagBag from /home/oury/.local/lib/python3.10/site-packages/airflow/example_dags/example_bash_operator.py
[2022-07-31 01:25:33,130] {processor.py:651} INFO - DAG(s) dict_keys(['example_bash_operator']) retrieved from /home/oury/.local/lib/python3.10/site-packages/airflow/example_dags/example_bash_operator.py
[2022-07-31 01:25:33,144] {logging_mixin.py:115} INFO - [2022-07-31 01:25:33,144] {dag.py:2379} INFO - Sync 1 DAGs
[2022-07-31 01:25:33,162] {logging_mixin.py:115} INFO - [2022-07-31 01:25:33,162] {dag.py:2923} INFO - Setting next_dagrun for example_bash_operator to 2022-07-30T00:00:00+00:00, run_after=2022-07-31T00:00:00+00:00
[2022-07-31 01:25:33,178] {processor.py:161} INFO - Processing /home/oury/.local/lib/python3.10/site-packages/airflow/example_dags/example_bash_operator.py took 0.061 seconds
[2022-07-31 01:26:13,925] {processor.py:153} INFO - Started process (PID=8133) to work on /home/oury/.local/lib/python3.10/site-packages/airflow/example_dags/example_bash_operator.py
[2022-07-31 01:26:13,925] {processor.py:641} INFO - Processing file /home/oury/.local/lib/python3.10/site-packages/airflow/example_dags/example_bash_operator.py for tasks to queue
[2022-07-31 01:26:13,926] {logging_mixin.py:115} INFO - [2022-07-31 01:26:13,926] {dagbag.py:507} INFO - Filling up the DagBag from /home/oury/.local/lib/python3.10/site-packages/airflow/example_dags/example_bash_operator.py
[2022-07-31 01:26:13,935] {processor.py:651} INFO - DAG(s) dict_keys(['example_bash_operator']) retrieved from /home/oury/.local/lib/python3.10/site-packages/airflow/example_dags/example_bash_operator.py
[2022-07-31 01:26:13,948] {logging_mixin.py:115} INFO - [2022-07-31 01:26:13,948] {dag.py:2379} INFO - Sync 1 DAGs
[2022-07-31 01:26:13,964] {logging_mixin.py:115} INFO - [2022-07-31 01:26:13,964] {dag.py:2923} INFO - Setting next_dagrun for example_bash_operator to 2022-07-30T00:00:00+00:00, run_after=2022-07-31T00:00:00+00:00
[2022-07-31 01:26:13,977] {processor.py:161} INFO - Processing /home/oury/.local/lib/python3.10/site-packages/airflow/example_dags/example_bash_operator.py took 0.055 seconds
[2022-07-31 01:26:55,634] {processor.py:153} INFO - Started process (PID=8244) to work on /home/oury/.local/lib/python3.10/site-packages/airflow/example_dags/example_bash_operator.py
[2022-07-31 01:26:55,634] {processor.py:641} INFO - Processing file /home/oury/.local/lib/python3.10/site-packages/airflow/example_dags/example_bash_operator.py for tasks to queue
[2022-07-31 01:26:55,635] {logging_mixin.py:115} INFO - [2022-07-31 01:26:55,634] {dagbag.py:507} INFO - Filling up the DagBag from /home/oury/.local/lib/python3.10/site-packages/airflow/example_dags/example_bash_operator.py
[2022-07-31 01:26:55,644] {processor.py:651} INFO - DAG(s) dict_keys(['example_bash_operator']) retrieved from /home/oury/.local/lib/python3.10/site-packages/airflow/example_dags/example_bash_operator.py
[2022-07-31 01:26:55,658] {logging_mixin.py:115} INFO - [2022-07-31 01:26:55,658] {dag.py:2379} INFO - Sync 1 DAGs
[2022-07-31 01:26:55,673] {logging_mixin.py:115} INFO - [2022-07-31 01:26:55,673] {dag.py:2923} INFO - Setting next_dagrun for example_bash_operator to 2022-07-30T00:00:00+00:00, run_after=2022-07-31T00:00:00+00:00
[2022-07-31 01:26:55,687] {processor.py:161} INFO - Processing /home/oury/.local/lib/python3.10/site-packages/airflow/example_dags/example_bash_operator.py took 0.055 seconds
[2022-07-31 01:27:37,557] {processor.py:153} INFO - Started process (PID=8326) to work on /home/oury/.local/lib/python3.10/site-packages/airflow/example_dags/example_bash_operator.py
[2022-07-31 01:27:37,557] {processor.py:641} INFO - Processing file /home/oury/.local/lib/python3.10/site-packages/airflow/example_dags/example_bash_operator.py for tasks to queue
[2022-07-31 01:27:37,558] {logging_mixin.py:115} INFO - [2022-07-31 01:27:37,558] {dagbag.py:507} INFO - Filling up the DagBag from /home/oury/.local/lib/python3.10/site-packages/airflow/example_dags/example_bash_operator.py
[2022-07-31 01:27:37,568] {processor.py:651} INFO - DAG(s) dict_keys(['example_bash_operator']) retrieved from /home/oury/.local/lib/python3.10/site-packages/airflow/example_dags/example_bash_operator.py
[2022-07-31 01:27:37,580] {logging_mixin.py:115} INFO - [2022-07-31 01:27:37,580] {dag.py:2379} INFO - Sync 1 DAGs
[2022-07-31 01:27:37,596] {logging_mixin.py:115} INFO - [2022-07-31 01:27:37,595] {dag.py:2923} INFO - Setting next_dagrun for example_bash_operator to 2022-07-30T00:00:00+00:00, run_after=2022-07-31T00:00:00+00:00
[2022-07-31 01:27:37,608] {processor.py:161} INFO - Processing /home/oury/.local/lib/python3.10/site-packages/airflow/example_dags/example_bash_operator.py took 0.054 seconds
[2022-07-31 01:28:18,937] {processor.py:153} INFO - Started process (PID=8533) to work on /home/oury/.local/lib/python3.10/site-packages/airflow/example_dags/example_bash_operator.py
[2022-07-31 01:28:18,938] {processor.py:641} INFO - Processing file /home/oury/.local/lib/python3.10/site-packages/airflow/example_dags/example_bash_operator.py for tasks to queue
[2022-07-31 01:28:18,938] {logging_mixin.py:115} INFO - [2022-07-31 01:28:18,938] {dagbag.py:507} INFO - Filling up the DagBag from /home/oury/.local/lib/python3.10/site-packages/airflow/example_dags/example_bash_operator.py
[2022-07-31 01:28:18,948] {processor.py:651} INFO - DAG(s) dict_keys(['example_bash_operator']) retrieved from /home/oury/.local/lib/python3.10/site-packages/airflow/example_dags/example_bash_operator.py
[2022-07-31 01:28:18,961] {logging_mixin.py:115} INFO - [2022-07-31 01:28:18,961] {dag.py:2379} INFO - Sync 1 DAGs
[2022-07-31 01:28:18,977] {logging_mixin.py:115} INFO - [2022-07-31 01:28:18,977] {dag.py:2923} INFO - Setting next_dagrun for example_bash_operator to 2022-07-30T00:00:00+00:00, run_after=2022-07-31T00:00:00+00:00
[2022-07-31 01:28:18,990] {processor.py:161} INFO - Processing /home/oury/.local/lib/python3.10/site-packages/airflow/example_dags/example_bash_operator.py took 0.056 seconds
[2022-07-31 01:29:04,783] {processor.py:153} INFO - Started process (PID=8623) to work on /home/oury/.local/lib/python3.10/site-packages/airflow/example_dags/example_bash_operator.py
[2022-07-31 01:29:04,783] {processor.py:641} INFO - Processing file /home/oury/.local/lib/python3.10/site-packages/airflow/example_dags/example_bash_operator.py for tasks to queue
[2022-07-31 01:29:04,784] {logging_mixin.py:115} INFO - [2022-07-31 01:29:04,784] {dagbag.py:507} INFO - Filling up the DagBag from /home/oury/.local/lib/python3.10/site-packages/airflow/example_dags/example_bash_operator.py
[2022-07-31 01:29:04,793] {processor.py:651} INFO - DAG(s) dict_keys(['example_bash_operator']) retrieved from /home/oury/.local/lib/python3.10/site-packages/airflow/example_dags/example_bash_operator.py
[2022-07-31 01:29:04,806] {logging_mixin.py:115} INFO - [2022-07-31 01:29:04,806] {dag.py:2379} INFO - Sync 1 DAGs
[2022-07-31 01:29:04,822] {logging_mixin.py:115} INFO - [2022-07-31 01:29:04,822] {dag.py:2923} INFO - Setting next_dagrun for example_bash_operator to 2022-07-30T00:00:00+00:00, run_after=2022-07-31T00:00:00+00:00
[2022-07-31 01:29:04,836] {processor.py:161} INFO - Processing /home/oury/.local/lib/python3.10/site-packages/airflow/example_dags/example_bash_operator.py took 0.055 seconds
[2022-07-31 01:29:46,617] {processor.py:153} INFO - Started process (PID=8706) to work on /home/oury/.local/lib/python3.10/site-packages/airflow/example_dags/example_bash_operator.py
[2022-07-31 01:29:46,618] {processor.py:641} INFO - Processing file /home/oury/.local/lib/python3.10/site-packages/airflow/example_dags/example_bash_operator.py for tasks to queue
[2022-07-31 01:29:46,618] {logging_mixin.py:115} INFO - [2022-07-31 01:29:46,618] {dagbag.py:507} INFO - Filling up the DagBag from /home/oury/.local/lib/python3.10/site-packages/airflow/example_dags/example_bash_operator.py
[2022-07-31 01:29:46,627] {processor.py:651} INFO - DAG(s) dict_keys(['example_bash_operator']) retrieved from /home/oury/.local/lib/python3.10/site-packages/airflow/example_dags/example_bash_operator.py
[2022-07-31 01:29:46,641] {logging_mixin.py:115} INFO - [2022-07-31 01:29:46,641] {dag.py:2379} INFO - Sync 1 DAGs
[2022-07-31 01:29:46,656] {logging_mixin.py:115} INFO - [2022-07-31 01:29:46,656] {dag.py:2923} INFO - Setting next_dagrun for example_bash_operator to 2022-07-30T00:00:00+00:00, run_after=2022-07-31T00:00:00+00:00
[2022-07-31 01:29:46,669] {processor.py:161} INFO - Processing /home/oury/.local/lib/python3.10/site-packages/airflow/example_dags/example_bash_operator.py took 0.054 seconds
[2022-07-31 01:30:35,649] {processor.py:153} INFO - Started process (PID=8851) to work on /home/oury/.local/lib/python3.10/site-packages/airflow/example_dags/example_bash_operator.py
[2022-07-31 01:30:35,652] {processor.py:641} INFO - Processing file /home/oury/.local/lib/python3.10/site-packages/airflow/example_dags/example_bash_operator.py for tasks to queue
[2022-07-31 01:30:35,653] {logging_mixin.py:115} INFO - [2022-07-31 01:30:35,653] {dagbag.py:507} INFO - Filling up the DagBag from /home/oury/.local/lib/python3.10/site-packages/airflow/example_dags/example_bash_operator.py
[2022-07-31 01:30:35,663] {processor.py:651} INFO - DAG(s) dict_keys(['example_bash_operator']) retrieved from /home/oury/.local/lib/python3.10/site-packages/airflow/example_dags/example_bash_operator.py
[2022-07-31 01:30:35,676] {logging_mixin.py:115} INFO - [2022-07-31 01:30:35,676] {dag.py:2379} INFO - Sync 1 DAGs
[2022-07-31 01:30:35,694] {logging_mixin.py:115} INFO - [2022-07-31 01:30:35,693] {dag.py:2923} INFO - Setting next_dagrun for example_bash_operator to 2022-07-30T00:00:00+00:00, run_after=2022-07-31T00:00:00+00:00
[2022-07-31 01:30:36,127] {processor.py:161} INFO - Processing /home/oury/.local/lib/python3.10/site-packages/airflow/example_dags/example_bash_operator.py took 0.480 seconds
[2022-07-31 01:31:20,825] {processor.py:153} INFO - Started process (PID=9004) to work on /home/oury/.local/lib/python3.10/site-packages/airflow/example_dags/example_bash_operator.py
[2022-07-31 01:31:20,825] {processor.py:641} INFO - Processing file /home/oury/.local/lib/python3.10/site-packages/airflow/example_dags/example_bash_operator.py for tasks to queue
[2022-07-31 01:31:20,826] {logging_mixin.py:115} INFO - [2022-07-31 01:31:20,826] {dagbag.py:507} INFO - Filling up the DagBag from /home/oury/.local/lib/python3.10/site-packages/airflow/example_dags/example_bash_operator.py
[2022-07-31 01:31:20,835] {processor.py:651} INFO - DAG(s) dict_keys(['example_bash_operator']) retrieved from /home/oury/.local/lib/python3.10/site-packages/airflow/example_dags/example_bash_operator.py
[2022-07-31 01:31:20,848] {logging_mixin.py:115} INFO - [2022-07-31 01:31:20,848] {dag.py:2379} INFO - Sync 1 DAGs
[2022-07-31 01:31:20,863] {logging_mixin.py:115} INFO - [2022-07-31 01:31:20,863] {dag.py:2923} INFO - Setting next_dagrun for example_bash_operator to 2022-07-30T00:00:00+00:00, run_after=2022-07-31T00:00:00+00:00
[2022-07-31 01:31:20,875] {processor.py:161} INFO - Processing /home/oury/.local/lib/python3.10/site-packages/airflow/example_dags/example_bash_operator.py took 0.053 seconds
[2022-07-31 01:32:02,681] {processor.py:153} INFO - Started process (PID=9116) to work on /home/oury/.local/lib/python3.10/site-packages/airflow/example_dags/example_bash_operator.py
[2022-07-31 01:32:02,682] {processor.py:641} INFO - Processing file /home/oury/.local/lib/python3.10/site-packages/airflow/example_dags/example_bash_operator.py for tasks to queue
[2022-07-31 01:32:02,682] {logging_mixin.py:115} INFO - [2022-07-31 01:32:02,682] {dagbag.py:507} INFO - Filling up the DagBag from /home/oury/.local/lib/python3.10/site-packages/airflow/example_dags/example_bash_operator.py
[2022-07-31 01:32:02,692] {processor.py:651} INFO - DAG(s) dict_keys(['example_bash_operator']) retrieved from /home/oury/.local/lib/python3.10/site-packages/airflow/example_dags/example_bash_operator.py
[2022-07-31 01:32:02,704] {logging_mixin.py:115} INFO - [2022-07-31 01:32:02,704] {dag.py:2379} INFO - Sync 1 DAGs
[2022-07-31 01:32:02,720] {logging_mixin.py:115} INFO - [2022-07-31 01:32:02,719] {dag.py:2923} INFO - Setting next_dagrun for example_bash_operator to 2022-07-30T00:00:00+00:00, run_after=2022-07-31T00:00:00+00:00
[2022-07-31 01:32:02,733] {processor.py:161} INFO - Processing /home/oury/.local/lib/python3.10/site-packages/airflow/example_dags/example_bash_operator.py took 0.054 seconds
[2022-07-31 01:32:43,406] {processor.py:153} INFO - Started process (PID=9192) to work on /home/oury/.local/lib/python3.10/site-packages/airflow/example_dags/example_bash_operator.py
[2022-07-31 01:32:43,406] {processor.py:641} INFO - Processing file /home/oury/.local/lib/python3.10/site-packages/airflow/example_dags/example_bash_operator.py for tasks to queue
[2022-07-31 01:32:43,407] {logging_mixin.py:115} INFO - [2022-07-31 01:32:43,406] {dagbag.py:507} INFO - Filling up the DagBag from /home/oury/.local/lib/python3.10/site-packages/airflow/example_dags/example_bash_operator.py
[2022-07-31 01:32:43,416] {processor.py:651} INFO - DAG(s) dict_keys(['example_bash_operator']) retrieved from /home/oury/.local/lib/python3.10/site-packages/airflow/example_dags/example_bash_operator.py
[2022-07-31 01:32:43,429] {logging_mixin.py:115} INFO - [2022-07-31 01:32:43,429] {dag.py:2379} INFO - Sync 1 DAGs
[2022-07-31 01:32:43,444] {logging_mixin.py:115} INFO - [2022-07-31 01:32:43,444] {dag.py:2923} INFO - Setting next_dagrun for example_bash_operator to 2022-07-30T00:00:00+00:00, run_after=2022-07-31T00:00:00+00:00
[2022-07-31 01:32:43,457] {processor.py:161} INFO - Processing /home/oury/.local/lib/python3.10/site-packages/airflow/example_dags/example_bash_operator.py took 0.054 seconds
[2022-07-31 01:33:24,465] {processor.py:153} INFO - Started process (PID=9275) to work on /home/oury/.local/lib/python3.10/site-packages/airflow/example_dags/example_bash_operator.py
[2022-07-31 01:33:24,466] {processor.py:641} INFO - Processing file /home/oury/.local/lib/python3.10/site-packages/airflow/example_dags/example_bash_operator.py for tasks to queue
[2022-07-31 01:33:24,466] {logging_mixin.py:115} INFO - [2022-07-31 01:33:24,466] {dagbag.py:507} INFO - Filling up the DagBag from /home/oury/.local/lib/python3.10/site-packages/airflow/example_dags/example_bash_operator.py
[2022-07-31 01:33:24,476] {processor.py:651} INFO - DAG(s) dict_keys(['example_bash_operator']) retrieved from /home/oury/.local/lib/python3.10/site-packages/airflow/example_dags/example_bash_operator.py
[2022-07-31 01:33:24,489] {logging_mixin.py:115} INFO - [2022-07-31 01:33:24,488] {dag.py:2379} INFO - Sync 1 DAGs
[2022-07-31 01:33:24,505] {logging_mixin.py:115} INFO - [2022-07-31 01:33:24,504] {dag.py:2923} INFO - Setting next_dagrun for example_bash_operator to 2022-07-30T00:00:00+00:00, run_after=2022-07-31T00:00:00+00:00
[2022-07-31 01:33:24,517] {processor.py:161} INFO - Processing /home/oury/.local/lib/python3.10/site-packages/airflow/example_dags/example_bash_operator.py took 0.054 seconds
[2022-07-31 01:34:07,730] {processor.py:153} INFO - Started process (PID=9593) to work on /home/oury/.local/lib/python3.10/site-packages/airflow/example_dags/example_bash_operator.py
[2022-07-31 01:34:07,730] {processor.py:641} INFO - Processing file /home/oury/.local/lib/python3.10/site-packages/airflow/example_dags/example_bash_operator.py for tasks to queue
[2022-07-31 01:34:07,731] {logging_mixin.py:115} INFO - [2022-07-31 01:34:07,731] {dagbag.py:507} INFO - Filling up the DagBag from /home/oury/.local/lib/python3.10/site-packages/airflow/example_dags/example_bash_operator.py
[2022-07-31 01:34:07,741] {processor.py:651} INFO - DAG(s) dict_keys(['example_bash_operator']) retrieved from /home/oury/.local/lib/python3.10/site-packages/airflow/example_dags/example_bash_operator.py
[2022-07-31 01:34:07,753] {logging_mixin.py:115} INFO - [2022-07-31 01:34:07,753] {dag.py:2379} INFO - Sync 1 DAGs
[2022-07-31 01:34:07,768] {logging_mixin.py:115} INFO - [2022-07-31 01:34:07,768] {dag.py:2923} INFO - Setting next_dagrun for example_bash_operator to 2022-07-30T00:00:00+00:00, run_after=2022-07-31T00:00:00+00:00
[2022-07-31 01:34:07,781] {processor.py:161} INFO - Processing /home/oury/.local/lib/python3.10/site-packages/airflow/example_dags/example_bash_operator.py took 0.054 seconds
[2022-07-31 01:34:51,022] {processor.py:153} INFO - Started process (PID=9694) to work on /home/oury/.local/lib/python3.10/site-packages/airflow/example_dags/example_bash_operator.py
[2022-07-31 01:34:51,072] {processor.py:641} INFO - Processing file /home/oury/.local/lib/python3.10/site-packages/airflow/example_dags/example_bash_operator.py for tasks to queue
[2022-07-31 01:34:51,073] {logging_mixin.py:115} INFO - [2022-07-31 01:34:51,073] {dagbag.py:507} INFO - Filling up the DagBag from /home/oury/.local/lib/python3.10/site-packages/airflow/example_dags/example_bash_operator.py
[2022-07-31 01:34:51,083] {processor.py:651} INFO - DAG(s) dict_keys(['example_bash_operator']) retrieved from /home/oury/.local/lib/python3.10/site-packages/airflow/example_dags/example_bash_operator.py
[2022-07-31 01:34:51,096] {logging_mixin.py:115} INFO - [2022-07-31 01:34:51,096] {dag.py:2379} INFO - Sync 1 DAGs
[2022-07-31 01:34:51,112] {logging_mixin.py:115} INFO - [2022-07-31 01:34:51,112] {dag.py:2923} INFO - Setting next_dagrun for example_bash_operator to 2022-07-30T00:00:00+00:00, run_after=2022-07-31T00:00:00+00:00
[2022-07-31 01:34:51,310] {processor.py:161} INFO - Processing /home/oury/.local/lib/python3.10/site-packages/airflow/example_dags/example_bash_operator.py took 0.291 seconds
[2022-07-31 01:38:23,745] {processor.py:153} INFO - Started process (PID=10437) to work on /home/oury/.local/lib/python3.10/site-packages/airflow/example_dags/example_bash_operator.py
[2022-07-31 01:38:23,746] {processor.py:641} INFO - Processing file /home/oury/.local/lib/python3.10/site-packages/airflow/example_dags/example_bash_operator.py for tasks to queue
[2022-07-31 01:38:23,747] {logging_mixin.py:115} INFO - [2022-07-31 01:38:23,747] {dagbag.py:507} INFO - Filling up the DagBag from /home/oury/.local/lib/python3.10/site-packages/airflow/example_dags/example_bash_operator.py
[2022-07-31 01:38:23,757] {processor.py:651} INFO - DAG(s) dict_keys(['example_bash_operator']) retrieved from /home/oury/.local/lib/python3.10/site-packages/airflow/example_dags/example_bash_operator.py
[2022-07-31 01:38:23,893] {logging_mixin.py:115} INFO - [2022-07-31 01:38:23,893] {dag.py:2379} INFO - Sync 1 DAGs
[2022-07-31 01:38:23,898] {logging_mixin.py:115} INFO - [2022-07-31 01:38:23,898] {dag.py:2398} INFO - Creating ORM DAG for example_bash_operator
[2022-07-31 01:38:23,907] {logging_mixin.py:115} INFO - [2022-07-31 01:38:23,907] {dag.py:2923} INFO - Setting next_dagrun for example_bash_operator to 2022-07-30T00:00:00+00:00, run_after=2022-07-31T00:00:00+00:00
[2022-07-31 01:38:23,923] {processor.py:161} INFO - Processing /home/oury/.local/lib/python3.10/site-packages/airflow/example_dags/example_bash_operator.py took 0.180 seconds
[2022-07-31 01:39:06,722] {processor.py:153} INFO - Started process (PID=10675) to work on /home/oury/.local/lib/python3.10/site-packages/airflow/example_dags/example_bash_operator.py
[2022-07-31 01:39:06,722] {processor.py:641} INFO - Processing file /home/oury/.local/lib/python3.10/site-packages/airflow/example_dags/example_bash_operator.py for tasks to queue
[2022-07-31 01:39:06,723] {logging_mixin.py:115} INFO - [2022-07-31 01:39:06,723] {dagbag.py:507} INFO - Filling up the DagBag from /home/oury/.local/lib/python3.10/site-packages/airflow/example_dags/example_bash_operator.py
[2022-07-31 01:39:06,733] {processor.py:651} INFO - DAG(s) dict_keys(['example_bash_operator']) retrieved from /home/oury/.local/lib/python3.10/site-packages/airflow/example_dags/example_bash_operator.py
[2022-07-31 01:39:06,746] {logging_mixin.py:115} INFO - [2022-07-31 01:39:06,746] {dag.py:2379} INFO - Sync 1 DAGs
[2022-07-31 01:39:06,762] {logging_mixin.py:115} INFO - [2022-07-31 01:39:06,762] {dag.py:2923} INFO - Setting next_dagrun for example_bash_operator to 2022-07-30T00:00:00+00:00, run_after=2022-07-31T00:00:00+00:00
[2022-07-31 01:39:06,775] {processor.py:161} INFO - Processing /home/oury/.local/lib/python3.10/site-packages/airflow/example_dags/example_bash_operator.py took 0.056 seconds
[2022-07-31 01:39:47,346] {processor.py:153} INFO - Started process (PID=10913) to work on /home/oury/.local/lib/python3.10/site-packages/airflow/example_dags/example_bash_operator.py
[2022-07-31 01:39:47,346] {processor.py:641} INFO - Processing file /home/oury/.local/lib/python3.10/site-packages/airflow/example_dags/example_bash_operator.py for tasks to queue
[2022-07-31 01:39:47,347] {logging_mixin.py:115} INFO - [2022-07-31 01:39:47,347] {dagbag.py:507} INFO - Filling up the DagBag from /home/oury/.local/lib/python3.10/site-packages/airflow/example_dags/example_bash_operator.py
[2022-07-31 01:39:47,357] {processor.py:651} INFO - DAG(s) dict_keys(['example_bash_operator']) retrieved from /home/oury/.local/lib/python3.10/site-packages/airflow/example_dags/example_bash_operator.py
[2022-07-31 01:39:47,370] {logging_mixin.py:115} INFO - [2022-07-31 01:39:47,370] {dag.py:2379} INFO - Sync 1 DAGs
[2022-07-31 01:39:47,386] {logging_mixin.py:115} INFO - [2022-07-31 01:39:47,386] {dag.py:2923} INFO - Setting next_dagrun for example_bash_operator to 2022-07-30T00:00:00+00:00, run_after=2022-07-31T00:00:00+00:00
[2022-07-31 01:39:47,400] {processor.py:161} INFO - Processing /home/oury/.local/lib/python3.10/site-packages/airflow/example_dags/example_bash_operator.py took 0.056 seconds
[2022-07-31 01:40:30,658] {processor.py:153} INFO - Started process (PID=11215) to work on /home/oury/.local/lib/python3.10/site-packages/airflow/example_dags/example_bash_operator.py
[2022-07-31 01:40:30,659] {processor.py:641} INFO - Processing file /home/oury/.local/lib/python3.10/site-packages/airflow/example_dags/example_bash_operator.py for tasks to queue
[2022-07-31 01:40:30,660] {logging_mixin.py:115} INFO - [2022-07-31 01:40:30,660] {dagbag.py:507} INFO - Filling up the DagBag from /home/oury/.local/lib/python3.10/site-packages/airflow/example_dags/example_bash_operator.py
[2022-07-31 01:40:30,674] {processor.py:651} INFO - DAG(s) dict_keys(['example_bash_operator']) retrieved from /home/oury/.local/lib/python3.10/site-packages/airflow/example_dags/example_bash_operator.py
[2022-07-31 01:40:30,692] {logging_mixin.py:115} INFO - [2022-07-31 01:40:30,692] {dag.py:2379} INFO - Sync 1 DAGs
[2022-07-31 01:40:30,714] {logging_mixin.py:115} INFO - [2022-07-31 01:40:30,714] {dag.py:2923} INFO - Setting next_dagrun for example_bash_operator to 2022-07-30T00:00:00+00:00, run_after=2022-07-31T00:00:00+00:00
[2022-07-31 01:40:30,738] {processor.py:161} INFO - Processing /home/oury/.local/lib/python3.10/site-packages/airflow/example_dags/example_bash_operator.py took 0.083 seconds
[2022-07-31 01:41:28,449] {processor.py:153} INFO - Started process (PID=12697) to work on /home/oury/.local/lib/python3.10/site-packages/airflow/example_dags/example_bash_operator.py
[2022-07-31 01:41:28,451] {processor.py:641} INFO - Processing file /home/oury/.local/lib/python3.10/site-packages/airflow/example_dags/example_bash_operator.py for tasks to queue
[2022-07-31 01:41:28,452] {logging_mixin.py:115} INFO - [2022-07-31 01:41:28,452] {dagbag.py:507} INFO - Filling up the DagBag from /home/oury/.local/lib/python3.10/site-packages/airflow/example_dags/example_bash_operator.py
[2022-07-31 01:41:28,470] {processor.py:651} INFO - DAG(s) dict_keys(['example_bash_operator']) retrieved from /home/oury/.local/lib/python3.10/site-packages/airflow/example_dags/example_bash_operator.py
[2022-07-31 01:41:28,487] {logging_mixin.py:115} INFO - [2022-07-31 01:41:28,487] {dag.py:2379} INFO - Sync 1 DAGs
[2022-07-31 01:41:28,507] {logging_mixin.py:115} INFO - [2022-07-31 01:41:28,507] {dag.py:2923} INFO - Setting next_dagrun for example_bash_operator to 2022-07-30T00:00:00+00:00, run_after=2022-07-31T00:00:00+00:00
[2022-07-31 01:41:28,529] {processor.py:161} INFO - Processing /home/oury/.local/lib/python3.10/site-packages/airflow/example_dags/example_bash_operator.py took 0.083 seconds
[2022-07-31 01:43:00,649] {processor.py:153} INFO - Started process (PID=13257) to work on /home/oury/.local/lib/python3.10/site-packages/airflow/example_dags/example_bash_operator.py
[2022-07-31 01:43:00,650] {processor.py:641} INFO - Processing file /home/oury/.local/lib/python3.10/site-packages/airflow/example_dags/example_bash_operator.py for tasks to queue
[2022-07-31 01:43:00,651] {logging_mixin.py:115} INFO - [2022-07-31 01:43:00,650] {dagbag.py:507} INFO - Filling up the DagBag from /home/oury/.local/lib/python3.10/site-packages/airflow/example_dags/example_bash_operator.py
[2022-07-31 01:43:00,661] {processor.py:651} INFO - DAG(s) dict_keys(['example_bash_operator']) retrieved from /home/oury/.local/lib/python3.10/site-packages/airflow/example_dags/example_bash_operator.py
[2022-07-31 01:43:00,675] {logging_mixin.py:115} INFO - [2022-07-31 01:43:00,675] {dag.py:2379} INFO - Sync 1 DAGs
[2022-07-31 01:43:00,692] {logging_mixin.py:115} INFO - [2022-07-31 01:43:00,692] {dag.py:2923} INFO - Setting next_dagrun for example_bash_operator to 2022-07-30T00:00:00+00:00, run_after=2022-07-31T00:00:00+00:00
[2022-07-31 01:43:00,706] {processor.py:161} INFO - Processing /home/oury/.local/lib/python3.10/site-packages/airflow/example_dags/example_bash_operator.py took 0.059 seconds
[2022-07-31 01:43:44,298] {processor.py:153} INFO - Started process (PID=13434) to work on /home/oury/.local/lib/python3.10/site-packages/airflow/example_dags/example_bash_operator.py
[2022-07-31 01:43:44,299] {processor.py:641} INFO - Processing file /home/oury/.local/lib/python3.10/site-packages/airflow/example_dags/example_bash_operator.py for tasks to queue
[2022-07-31 01:43:44,299] {logging_mixin.py:115} INFO - [2022-07-31 01:43:44,299] {dagbag.py:507} INFO - Filling up the DagBag from /home/oury/.local/lib/python3.10/site-packages/airflow/example_dags/example_bash_operator.py
[2022-07-31 01:43:44,310] {processor.py:651} INFO - DAG(s) dict_keys(['example_bash_operator']) retrieved from /home/oury/.local/lib/python3.10/site-packages/airflow/example_dags/example_bash_operator.py
[2022-07-31 01:43:44,326] {logging_mixin.py:115} INFO - [2022-07-31 01:43:44,326] {dag.py:2379} INFO - Sync 1 DAGs
[2022-07-31 01:43:44,343] {logging_mixin.py:115} INFO - [2022-07-31 01:43:44,343] {dag.py:2923} INFO - Setting next_dagrun for example_bash_operator to 2022-07-30T00:00:00+00:00, run_after=2022-07-31T00:00:00+00:00
[2022-07-31 01:43:44,356] {processor.py:161} INFO - Processing /home/oury/.local/lib/python3.10/site-packages/airflow/example_dags/example_bash_operator.py took 0.060 seconds
[2022-07-31 01:44:30,486] {processor.py:153} INFO - Started process (PID=13745) to work on /home/oury/.local/lib/python3.10/site-packages/airflow/example_dags/example_bash_operator.py
[2022-07-31 01:44:30,487] {processor.py:641} INFO - Processing file /home/oury/.local/lib/python3.10/site-packages/airflow/example_dags/example_bash_operator.py for tasks to queue
[2022-07-31 01:44:30,487] {logging_mixin.py:115} INFO - [2022-07-31 01:44:30,487] {dagbag.py:507} INFO - Filling up the DagBag from /home/oury/.local/lib/python3.10/site-packages/airflow/example_dags/example_bash_operator.py
[2022-07-31 01:44:30,499] {processor.py:651} INFO - DAG(s) dict_keys(['example_bash_operator']) retrieved from /home/oury/.local/lib/python3.10/site-packages/airflow/example_dags/example_bash_operator.py
[2022-07-31 01:44:30,513] {logging_mixin.py:115} INFO - [2022-07-31 01:44:30,513] {dag.py:2379} INFO - Sync 1 DAGs
[2022-07-31 01:44:30,532] {logging_mixin.py:115} INFO - [2022-07-31 01:44:30,531] {dag.py:2923} INFO - Setting next_dagrun for example_bash_operator to 2022-07-30T00:00:00+00:00, run_after=2022-07-31T00:00:00+00:00
[2022-07-31 01:44:30,546] {processor.py:161} INFO - Processing /home/oury/.local/lib/python3.10/site-packages/airflow/example_dags/example_bash_operator.py took 0.062 seconds
[2022-07-31 01:45:20,890] {processor.py:153} INFO - Started process (PID=14154) to work on /home/oury/.local/lib/python3.10/site-packages/airflow/example_dags/example_bash_operator.py
[2022-07-31 01:45:20,890] {processor.py:641} INFO - Processing file /home/oury/.local/lib/python3.10/site-packages/airflow/example_dags/example_bash_operator.py for tasks to queue
[2022-07-31 01:45:20,891] {logging_mixin.py:115} INFO - [2022-07-31 01:45:20,891] {dagbag.py:507} INFO - Filling up the DagBag from /home/oury/.local/lib/python3.10/site-packages/airflow/example_dags/example_bash_operator.py
[2022-07-31 01:45:20,901] {processor.py:651} INFO - DAG(s) dict_keys(['example_bash_operator']) retrieved from /home/oury/.local/lib/python3.10/site-packages/airflow/example_dags/example_bash_operator.py
[2022-07-31 01:45:20,914] {logging_mixin.py:115} INFO - [2022-07-31 01:45:20,914] {dag.py:2379} INFO - Sync 1 DAGs
[2022-07-31 01:45:20,930] {logging_mixin.py:115} INFO - [2022-07-31 01:45:20,930] {dag.py:2923} INFO - Setting next_dagrun for example_bash_operator to 2022-07-30T00:00:00+00:00, run_after=2022-07-31T00:00:00+00:00
[2022-07-31 01:45:20,945] {processor.py:161} INFO - Processing /home/oury/.local/lib/python3.10/site-packages/airflow/example_dags/example_bash_operator.py took 0.057 seconds
[2022-07-31 01:46:00,697] {processor.py:153} INFO - Started process (PID=14347) to work on /home/oury/.local/lib/python3.10/site-packages/airflow/example_dags/example_bash_operator.py
[2022-07-31 01:46:00,697] {processor.py:641} INFO - Processing file /home/oury/.local/lib/python3.10/site-packages/airflow/example_dags/example_bash_operator.py for tasks to queue
[2022-07-31 01:46:00,698] {logging_mixin.py:115} INFO - [2022-07-31 01:46:00,698] {dagbag.py:507} INFO - Filling up the DagBag from /home/oury/.local/lib/python3.10/site-packages/airflow/example_dags/example_bash_operator.py
[2022-07-31 01:46:00,707] {processor.py:651} INFO - DAG(s) dict_keys(['example_bash_operator']) retrieved from /home/oury/.local/lib/python3.10/site-packages/airflow/example_dags/example_bash_operator.py
[2022-07-31 01:46:00,720] {logging_mixin.py:115} INFO - [2022-07-31 01:46:00,720] {dag.py:2379} INFO - Sync 1 DAGs
[2022-07-31 01:46:00,736] {logging_mixin.py:115} INFO - [2022-07-31 01:46:00,736] {dag.py:2923} INFO - Setting next_dagrun for example_bash_operator to 2022-07-30T00:00:00+00:00, run_after=2022-07-31T00:00:00+00:00
[2022-07-31 01:46:00,749] {processor.py:161} INFO - Processing /home/oury/.local/lib/python3.10/site-packages/airflow/example_dags/example_bash_operator.py took 0.054 seconds
[2022-07-31 01:46:41,946] {processor.py:153} INFO - Started process (PID=14436) to work on /home/oury/.local/lib/python3.10/site-packages/airflow/example_dags/example_bash_operator.py
[2022-07-31 01:46:41,947] {processor.py:641} INFO - Processing file /home/oury/.local/lib/python3.10/site-packages/airflow/example_dags/example_bash_operator.py for tasks to queue
[2022-07-31 01:46:41,947] {logging_mixin.py:115} INFO - [2022-07-31 01:46:41,947] {dagbag.py:507} INFO - Filling up the DagBag from /home/oury/.local/lib/python3.10/site-packages/airflow/example_dags/example_bash_operator.py
[2022-07-31 01:46:41,957] {processor.py:651} INFO - DAG(s) dict_keys(['example_bash_operator']) retrieved from /home/oury/.local/lib/python3.10/site-packages/airflow/example_dags/example_bash_operator.py
[2022-07-31 01:46:41,970] {logging_mixin.py:115} INFO - [2022-07-31 01:46:41,970] {dag.py:2379} INFO - Sync 1 DAGs
[2022-07-31 01:46:41,986] {logging_mixin.py:115} INFO - [2022-07-31 01:46:41,986] {dag.py:2923} INFO - Setting next_dagrun for example_bash_operator to 2022-07-30T00:00:00+00:00, run_after=2022-07-31T00:00:00+00:00
[2022-07-31 01:46:41,999] {processor.py:161} INFO - Processing /home/oury/.local/lib/python3.10/site-packages/airflow/example_dags/example_bash_operator.py took 0.055 seconds
[2022-07-31 01:47:24,724] {processor.py:153} INFO - Started process (PID=14727) to work on /home/oury/.local/lib/python3.10/site-packages/airflow/example_dags/example_bash_operator.py
[2022-07-31 01:47:24,724] {processor.py:641} INFO - Processing file /home/oury/.local/lib/python3.10/site-packages/airflow/example_dags/example_bash_operator.py for tasks to queue
[2022-07-31 01:47:24,725] {logging_mixin.py:115} INFO - [2022-07-31 01:47:24,725] {dagbag.py:507} INFO - Filling up the DagBag from /home/oury/.local/lib/python3.10/site-packages/airflow/example_dags/example_bash_operator.py
[2022-07-31 01:47:24,735] {processor.py:651} INFO - DAG(s) dict_keys(['example_bash_operator']) retrieved from /home/oury/.local/lib/python3.10/site-packages/airflow/example_dags/example_bash_operator.py
[2022-07-31 01:47:24,749] {logging_mixin.py:115} INFO - [2022-07-31 01:47:24,749] {dag.py:2379} INFO - Sync 1 DAGs
[2022-07-31 01:47:24,765] {logging_mixin.py:115} INFO - [2022-07-31 01:47:24,765] {dag.py:2923} INFO - Setting next_dagrun for example_bash_operator to 2022-07-30T00:00:00+00:00, run_after=2022-07-31T00:00:00+00:00
[2022-07-31 01:47:24,778] {processor.py:161} INFO - Processing /home/oury/.local/lib/python3.10/site-packages/airflow/example_dags/example_bash_operator.py took 0.058 seconds
[2022-07-31 01:48:07,438] {processor.py:153} INFO - Started process (PID=14843) to work on /home/oury/.local/lib/python3.10/site-packages/airflow/example_dags/example_bash_operator.py
[2022-07-31 01:48:07,439] {processor.py:641} INFO - Processing file /home/oury/.local/lib/python3.10/site-packages/airflow/example_dags/example_bash_operator.py for tasks to queue
[2022-07-31 01:48:07,439] {logging_mixin.py:115} INFO - [2022-07-31 01:48:07,439] {dagbag.py:507} INFO - Filling up the DagBag from /home/oury/.local/lib/python3.10/site-packages/airflow/example_dags/example_bash_operator.py
[2022-07-31 01:48:07,449] {processor.py:651} INFO - DAG(s) dict_keys(['example_bash_operator']) retrieved from /home/oury/.local/lib/python3.10/site-packages/airflow/example_dags/example_bash_operator.py
[2022-07-31 01:48:07,462] {logging_mixin.py:115} INFO - [2022-07-31 01:48:07,462] {dag.py:2379} INFO - Sync 1 DAGs
[2022-07-31 01:48:07,478] {logging_mixin.py:115} INFO - [2022-07-31 01:48:07,477] {dag.py:2923} INFO - Setting next_dagrun for example_bash_operator to 2022-07-30T00:00:00+00:00, run_after=2022-07-31T00:00:00+00:00
[2022-07-31 01:48:07,491] {processor.py:161} INFO - Processing /home/oury/.local/lib/python3.10/site-packages/airflow/example_dags/example_bash_operator.py took 0.055 seconds
[2022-07-31 01:48:52,649] {processor.py:153} INFO - Started process (PID=14967) to work on /home/oury/.local/lib/python3.10/site-packages/airflow/example_dags/example_bash_operator.py
[2022-07-31 01:48:52,650] {processor.py:641} INFO - Processing file /home/oury/.local/lib/python3.10/site-packages/airflow/example_dags/example_bash_operator.py for tasks to queue
[2022-07-31 01:48:52,650] {logging_mixin.py:115} INFO - [2022-07-31 01:48:52,650] {dagbag.py:507} INFO - Filling up the DagBag from /home/oury/.local/lib/python3.10/site-packages/airflow/example_dags/example_bash_operator.py
[2022-07-31 01:48:52,660] {processor.py:651} INFO - DAG(s) dict_keys(['example_bash_operator']) retrieved from /home/oury/.local/lib/python3.10/site-packages/airflow/example_dags/example_bash_operator.py
[2022-07-31 01:48:52,673] {logging_mixin.py:115} INFO - [2022-07-31 01:48:52,673] {dag.py:2379} INFO - Sync 1 DAGs
[2022-07-31 01:48:52,689] {logging_mixin.py:115} INFO - [2022-07-31 01:48:52,689] {dag.py:2923} INFO - Setting next_dagrun for example_bash_operator to 2022-07-30T00:00:00+00:00, run_after=2022-07-31T00:00:00+00:00
[2022-07-31 01:48:52,704] {processor.py:161} INFO - Processing /home/oury/.local/lib/python3.10/site-packages/airflow/example_dags/example_bash_operator.py took 0.057 seconds
[2022-07-31 01:49:33,826] {processor.py:153} INFO - Started process (PID=15023) to work on /home/oury/.local/lib/python3.10/site-packages/airflow/example_dags/example_bash_operator.py
[2022-07-31 01:49:33,826] {processor.py:641} INFO - Processing file /home/oury/.local/lib/python3.10/site-packages/airflow/example_dags/example_bash_operator.py for tasks to queue
[2022-07-31 01:49:33,827] {logging_mixin.py:115} INFO - [2022-07-31 01:49:33,827] {dagbag.py:507} INFO - Filling up the DagBag from /home/oury/.local/lib/python3.10/site-packages/airflow/example_dags/example_bash_operator.py
[2022-07-31 01:49:33,837] {processor.py:651} INFO - DAG(s) dict_keys(['example_bash_operator']) retrieved from /home/oury/.local/lib/python3.10/site-packages/airflow/example_dags/example_bash_operator.py
[2022-07-31 01:49:33,850] {logging_mixin.py:115} INFO - [2022-07-31 01:49:33,850] {dag.py:2379} INFO - Sync 1 DAGs
[2022-07-31 01:49:33,866] {logging_mixin.py:115} INFO - [2022-07-31 01:49:33,866] {dag.py:2923} INFO - Setting next_dagrun for example_bash_operator to 2022-07-30T00:00:00+00:00, run_after=2022-07-31T00:00:00+00:00
[2022-07-31 01:49:33,881] {processor.py:161} INFO - Processing /home/oury/.local/lib/python3.10/site-packages/airflow/example_dags/example_bash_operator.py took 0.058 seconds
[2022-07-31 01:50:16,473] {processor.py:153} INFO - Started process (PID=15079) to work on /home/oury/.local/lib/python3.10/site-packages/airflow/example_dags/example_bash_operator.py
[2022-07-31 01:50:16,473] {processor.py:641} INFO - Processing file /home/oury/.local/lib/python3.10/site-packages/airflow/example_dags/example_bash_operator.py for tasks to queue
[2022-07-31 01:50:16,474] {logging_mixin.py:115} INFO - [2022-07-31 01:50:16,474] {dagbag.py:507} INFO - Filling up the DagBag from /home/oury/.local/lib/python3.10/site-packages/airflow/example_dags/example_bash_operator.py
[2022-07-31 01:50:16,484] {processor.py:651} INFO - DAG(s) dict_keys(['example_bash_operator']) retrieved from /home/oury/.local/lib/python3.10/site-packages/airflow/example_dags/example_bash_operator.py
[2022-07-31 01:50:16,497] {logging_mixin.py:115} INFO - [2022-07-31 01:50:16,497] {dag.py:2379} INFO - Sync 1 DAGs
[2022-07-31 01:50:16,513] {logging_mixin.py:115} INFO - [2022-07-31 01:50:16,513] {dag.py:2923} INFO - Setting next_dagrun for example_bash_operator to 2022-07-30T00:00:00+00:00, run_after=2022-07-31T00:00:00+00:00
[2022-07-31 01:50:16,527] {processor.py:161} INFO - Processing /home/oury/.local/lib/python3.10/site-packages/airflow/example_dags/example_bash_operator.py took 0.056 seconds
[2022-07-31 01:51:00,059] {processor.py:153} INFO - Started process (PID=15138) to work on /home/oury/.local/lib/python3.10/site-packages/airflow/example_dags/example_bash_operator.py
[2022-07-31 01:51:00,061] {processor.py:641} INFO - Processing file /home/oury/.local/lib/python3.10/site-packages/airflow/example_dags/example_bash_operator.py for tasks to queue
[2022-07-31 01:51:00,061] {logging_mixin.py:115} INFO - [2022-07-31 01:51:00,061] {dagbag.py:507} INFO - Filling up the DagBag from /home/oury/.local/lib/python3.10/site-packages/airflow/example_dags/example_bash_operator.py
[2022-07-31 01:51:00,079] {processor.py:651} INFO - DAG(s) dict_keys(['example_bash_operator']) retrieved from /home/oury/.local/lib/python3.10/site-packages/airflow/example_dags/example_bash_operator.py
[2022-07-31 01:51:00,102] {logging_mixin.py:115} INFO - [2022-07-31 01:51:00,102] {dag.py:2379} INFO - Sync 1 DAGs
[2022-07-31 01:51:00,134] {logging_mixin.py:115} INFO - [2022-07-31 01:51:00,134] {dag.py:2923} INFO - Setting next_dagrun for example_bash_operator to 2022-07-30T00:00:00+00:00, run_after=2022-07-31T00:00:00+00:00
[2022-07-31 01:51:00,164] {processor.py:161} INFO - Processing /home/oury/.local/lib/python3.10/site-packages/airflow/example_dags/example_bash_operator.py took 0.109 seconds
