[2022-07-31 01:19:11,209] {processor.py:153} INFO - Started process (PID=6095) to work on /home/oury/.local/lib/python3.10/site-packages/airflow/example_dags/example_branch_labels.py
[2022-07-31 01:19:11,209] {processor.py:641} INFO - Processing file /home/oury/.local/lib/python3.10/site-packages/airflow/example_dags/example_branch_labels.py for tasks to queue
[2022-07-31 01:19:11,210] {logging_mixin.py:115} INFO - [2022-07-31 01:19:11,210] {dagbag.py:507} INFO - Filling up the DagBag from /home/oury/.local/lib/python3.10/site-packages/airflow/example_dags/example_branch_labels.py
[2022-07-31 01:19:11,218] {processor.py:651} INFO - DAG(s) dict_keys(['example_branch_labels']) retrieved from /home/oury/.local/lib/python3.10/site-packages/airflow/example_dags/example_branch_labels.py
[2022-07-31 01:19:11,236] {logging_mixin.py:115} INFO - [2022-07-31 01:19:11,236] {dag.py:2379} INFO - Sync 1 DAGs
[2022-07-31 01:19:11,253] {logging_mixin.py:115} INFO - [2022-07-31 01:19:11,253] {dag.py:2923} INFO - Setting next_dagrun for example_branch_labels to 2022-07-30T00:00:00+00:00, run_after=2022-07-31T00:00:00+00:00
[2022-07-31 01:19:11,780] {processor.py:161} INFO - Processing /home/oury/.local/lib/python3.10/site-packages/airflow/example_dags/example_branch_labels.py took 0.574 seconds
[2022-07-31 01:19:55,154] {processor.py:153} INFO - Started process (PID=6339) to work on /home/oury/.local/lib/python3.10/site-packages/airflow/example_dags/example_branch_labels.py
[2022-07-31 01:19:55,154] {processor.py:641} INFO - Processing file /home/oury/.local/lib/python3.10/site-packages/airflow/example_dags/example_branch_labels.py for tasks to queue
[2022-07-31 01:19:55,155] {logging_mixin.py:115} INFO - [2022-07-31 01:19:55,155] {dagbag.py:507} INFO - Filling up the DagBag from /home/oury/.local/lib/python3.10/site-packages/airflow/example_dags/example_branch_labels.py
[2022-07-31 01:19:55,160] {processor.py:651} INFO - DAG(s) dict_keys(['example_branch_labels']) retrieved from /home/oury/.local/lib/python3.10/site-packages/airflow/example_dags/example_branch_labels.py
[2022-07-31 01:19:55,172] {logging_mixin.py:115} INFO - [2022-07-31 01:19:55,172] {dag.py:2379} INFO - Sync 1 DAGs
[2022-07-31 01:19:55,188] {logging_mixin.py:115} INFO - [2022-07-31 01:19:55,188] {dag.py:2923} INFO - Setting next_dagrun for example_branch_labels to 2022-07-30T00:00:00+00:00, run_after=2022-07-31T00:00:00+00:00
[2022-07-31 01:19:55,199] {processor.py:161} INFO - Processing /home/oury/.local/lib/python3.10/site-packages/airflow/example_dags/example_branch_labels.py took 0.048 seconds
[2022-07-31 01:20:40,615] {processor.py:153} INFO - Started process (PID=6642) to work on /home/oury/.local/lib/python3.10/site-packages/airflow/example_dags/example_branch_labels.py
[2022-07-31 01:20:40,616] {processor.py:641} INFO - Processing file /home/oury/.local/lib/python3.10/site-packages/airflow/example_dags/example_branch_labels.py for tasks to queue
[2022-07-31 01:20:40,616] {logging_mixin.py:115} INFO - [2022-07-31 01:20:40,616] {dagbag.py:507} INFO - Filling up the DagBag from /home/oury/.local/lib/python3.10/site-packages/airflow/example_dags/example_branch_labels.py
[2022-07-31 01:20:40,621] {processor.py:651} INFO - DAG(s) dict_keys(['example_branch_labels']) retrieved from /home/oury/.local/lib/python3.10/site-packages/airflow/example_dags/example_branch_labels.py
[2022-07-31 01:20:40,634] {logging_mixin.py:115} INFO - [2022-07-31 01:20:40,634] {dag.py:2379} INFO - Sync 1 DAGs
[2022-07-31 01:20:40,650] {logging_mixin.py:115} INFO - [2022-07-31 01:20:40,650] {dag.py:2923} INFO - Setting next_dagrun for example_branch_labels to 2022-07-30T00:00:00+00:00, run_after=2022-07-31T00:00:00+00:00
[2022-07-31 01:20:40,661] {processor.py:161} INFO - Processing /home/oury/.local/lib/python3.10/site-packages/airflow/example_dags/example_branch_labels.py took 0.048 seconds
[2022-07-31 01:21:23,378] {processor.py:153} INFO - Started process (PID=6913) to work on /home/oury/.local/lib/python3.10/site-packages/airflow/example_dags/example_branch_labels.py
[2022-07-31 01:21:23,379] {processor.py:641} INFO - Processing file /home/oury/.local/lib/python3.10/site-packages/airflow/example_dags/example_branch_labels.py for tasks to queue
[2022-07-31 01:21:23,380] {logging_mixin.py:115} INFO - [2022-07-31 01:21:23,380] {dagbag.py:507} INFO - Filling up the DagBag from /home/oury/.local/lib/python3.10/site-packages/airflow/example_dags/example_branch_labels.py
[2022-07-31 01:21:23,387] {processor.py:651} INFO - DAG(s) dict_keys(['example_branch_labels']) retrieved from /home/oury/.local/lib/python3.10/site-packages/airflow/example_dags/example_branch_labels.py
[2022-07-31 01:21:23,404] {logging_mixin.py:115} INFO - [2022-07-31 01:21:23,404] {dag.py:2379} INFO - Sync 1 DAGs
[2022-07-31 01:21:23,425] {logging_mixin.py:115} INFO - [2022-07-31 01:21:23,425] {dag.py:2923} INFO - Setting next_dagrun for example_branch_labels to 2022-07-30T00:00:00+00:00, run_after=2022-07-31T00:00:00+00:00
[2022-07-31 01:21:23,441] {processor.py:161} INFO - Processing /home/oury/.local/lib/python3.10/site-packages/airflow/example_dags/example_branch_labels.py took 0.066 seconds
[2022-07-31 01:22:05,019] {processor.py:153} INFO - Started process (PID=7311) to work on /home/oury/.local/lib/python3.10/site-packages/airflow/example_dags/example_branch_labels.py
[2022-07-31 01:22:05,020] {processor.py:641} INFO - Processing file /home/oury/.local/lib/python3.10/site-packages/airflow/example_dags/example_branch_labels.py for tasks to queue
[2022-07-31 01:22:05,020] {logging_mixin.py:115} INFO - [2022-07-31 01:22:05,020] {dagbag.py:507} INFO - Filling up the DagBag from /home/oury/.local/lib/python3.10/site-packages/airflow/example_dags/example_branch_labels.py
[2022-07-31 01:22:05,025] {processor.py:651} INFO - DAG(s) dict_keys(['example_branch_labels']) retrieved from /home/oury/.local/lib/python3.10/site-packages/airflow/example_dags/example_branch_labels.py
[2022-07-31 01:22:05,038] {logging_mixin.py:115} INFO - [2022-07-31 01:22:05,038] {dag.py:2379} INFO - Sync 1 DAGs
[2022-07-31 01:22:05,054] {logging_mixin.py:115} INFO - [2022-07-31 01:22:05,054] {dag.py:2923} INFO - Setting next_dagrun for example_branch_labels to 2022-07-30T00:00:00+00:00, run_after=2022-07-31T00:00:00+00:00
[2022-07-31 01:22:05,065] {processor.py:161} INFO - Processing /home/oury/.local/lib/python3.10/site-packages/airflow/example_dags/example_branch_labels.py took 0.048 seconds
[2022-07-31 01:22:48,629] {processor.py:153} INFO - Started process (PID=7514) to work on /home/oury/.local/lib/python3.10/site-packages/airflow/example_dags/example_branch_labels.py
[2022-07-31 01:22:48,630] {processor.py:641} INFO - Processing file /home/oury/.local/lib/python3.10/site-packages/airflow/example_dags/example_branch_labels.py for tasks to queue
[2022-07-31 01:22:48,630] {logging_mixin.py:115} INFO - [2022-07-31 01:22:48,630] {dagbag.py:507} INFO - Filling up the DagBag from /home/oury/.local/lib/python3.10/site-packages/airflow/example_dags/example_branch_labels.py
[2022-07-31 01:22:48,635] {processor.py:651} INFO - DAG(s) dict_keys(['example_branch_labels']) retrieved from /home/oury/.local/lib/python3.10/site-packages/airflow/example_dags/example_branch_labels.py
[2022-07-31 01:22:48,648] {logging_mixin.py:115} INFO - [2022-07-31 01:22:48,648] {dag.py:2379} INFO - Sync 1 DAGs
[2022-07-31 01:22:48,664] {logging_mixin.py:115} INFO - [2022-07-31 01:22:48,664] {dag.py:2923} INFO - Setting next_dagrun for example_branch_labels to 2022-07-30T00:00:00+00:00, run_after=2022-07-31T00:00:00+00:00
[2022-07-31 01:22:48,675] {processor.py:161} INFO - Processing /home/oury/.local/lib/python3.10/site-packages/airflow/example_dags/example_branch_labels.py took 0.048 seconds
[2022-07-31 01:23:31,225] {processor.py:153} INFO - Started process (PID=7635) to work on /home/oury/.local/lib/python3.10/site-packages/airflow/example_dags/example_branch_labels.py
[2022-07-31 01:23:31,225] {processor.py:641} INFO - Processing file /home/oury/.local/lib/python3.10/site-packages/airflow/example_dags/example_branch_labels.py for tasks to queue
[2022-07-31 01:23:31,226] {logging_mixin.py:115} INFO - [2022-07-31 01:23:31,226] {dagbag.py:507} INFO - Filling up the DagBag from /home/oury/.local/lib/python3.10/site-packages/airflow/example_dags/example_branch_labels.py
[2022-07-31 01:23:31,231] {processor.py:651} INFO - DAG(s) dict_keys(['example_branch_labels']) retrieved from /home/oury/.local/lib/python3.10/site-packages/airflow/example_dags/example_branch_labels.py
[2022-07-31 01:23:31,245] {logging_mixin.py:115} INFO - [2022-07-31 01:23:31,245] {dag.py:2379} INFO - Sync 1 DAGs
[2022-07-31 01:23:31,262] {logging_mixin.py:115} INFO - [2022-07-31 01:23:31,261] {dag.py:2923} INFO - Setting next_dagrun for example_branch_labels to 2022-07-30T00:00:00+00:00, run_after=2022-07-31T00:00:00+00:00
[2022-07-31 01:23:31,273] {processor.py:161} INFO - Processing /home/oury/.local/lib/python3.10/site-packages/airflow/example_dags/example_branch_labels.py took 0.050 seconds
[2022-07-31 01:24:12,793] {processor.py:153} INFO - Started process (PID=7738) to work on /home/oury/.local/lib/python3.10/site-packages/airflow/example_dags/example_branch_labels.py
[2022-07-31 01:24:12,794] {processor.py:641} INFO - Processing file /home/oury/.local/lib/python3.10/site-packages/airflow/example_dags/example_branch_labels.py for tasks to queue
[2022-07-31 01:24:12,794] {logging_mixin.py:115} INFO - [2022-07-31 01:24:12,794] {dagbag.py:507} INFO - Filling up the DagBag from /home/oury/.local/lib/python3.10/site-packages/airflow/example_dags/example_branch_labels.py
[2022-07-31 01:24:12,799] {processor.py:651} INFO - DAG(s) dict_keys(['example_branch_labels']) retrieved from /home/oury/.local/lib/python3.10/site-packages/airflow/example_dags/example_branch_labels.py
[2022-07-31 01:24:12,813] {logging_mixin.py:115} INFO - [2022-07-31 01:24:12,813] {dag.py:2379} INFO - Sync 1 DAGs
[2022-07-31 01:24:12,829] {logging_mixin.py:115} INFO - [2022-07-31 01:24:12,829] {dag.py:2923} INFO - Setting next_dagrun for example_branch_labels to 2022-07-30T00:00:00+00:00, run_after=2022-07-31T00:00:00+00:00
[2022-07-31 01:24:12,841] {processor.py:161} INFO - Processing /home/oury/.local/lib/python3.10/site-packages/airflow/example_dags/example_branch_labels.py took 0.049 seconds
[2022-07-31 01:25:33,294] {processor.py:153} INFO - Started process (PID=8018) to work on /home/oury/.local/lib/python3.10/site-packages/airflow/example_dags/example_branch_labels.py
[2022-07-31 01:25:33,294] {processor.py:641} INFO - Processing file /home/oury/.local/lib/python3.10/site-packages/airflow/example_dags/example_branch_labels.py for tasks to queue
[2022-07-31 01:25:33,295] {logging_mixin.py:115} INFO - [2022-07-31 01:25:33,295] {dagbag.py:507} INFO - Filling up the DagBag from /home/oury/.local/lib/python3.10/site-packages/airflow/example_dags/example_branch_labels.py
[2022-07-31 01:25:33,300] {processor.py:651} INFO - DAG(s) dict_keys(['example_branch_labels']) retrieved from /home/oury/.local/lib/python3.10/site-packages/airflow/example_dags/example_branch_labels.py
[2022-07-31 01:25:33,313] {logging_mixin.py:115} INFO - [2022-07-31 01:25:33,313] {dag.py:2379} INFO - Sync 1 DAGs
[2022-07-31 01:25:33,329] {logging_mixin.py:115} INFO - [2022-07-31 01:25:33,329] {dag.py:2923} INFO - Setting next_dagrun for example_branch_labels to 2022-07-30T00:00:00+00:00, run_after=2022-07-31T00:00:00+00:00
[2022-07-31 01:25:33,340] {processor.py:161} INFO - Processing /home/oury/.local/lib/python3.10/site-packages/airflow/example_dags/example_branch_labels.py took 0.048 seconds
[2022-07-31 01:26:20,410] {processor.py:153} INFO - Started process (PID=8149) to work on /home/oury/.local/lib/python3.10/site-packages/airflow/example_dags/example_branch_labels.py
[2022-07-31 01:26:20,410] {processor.py:641} INFO - Processing file /home/oury/.local/lib/python3.10/site-packages/airflow/example_dags/example_branch_labels.py for tasks to queue
[2022-07-31 01:26:20,411] {logging_mixin.py:115} INFO - [2022-07-31 01:26:20,411] {dagbag.py:507} INFO - Filling up the DagBag from /home/oury/.local/lib/python3.10/site-packages/airflow/example_dags/example_branch_labels.py
[2022-07-31 01:26:20,416] {processor.py:651} INFO - DAG(s) dict_keys(['example_branch_labels']) retrieved from /home/oury/.local/lib/python3.10/site-packages/airflow/example_dags/example_branch_labels.py
[2022-07-31 01:26:20,428] {logging_mixin.py:115} INFO - [2022-07-31 01:26:20,428] {dag.py:2379} INFO - Sync 1 DAGs
[2022-07-31 01:26:20,445] {logging_mixin.py:115} INFO - [2022-07-31 01:26:20,445] {dag.py:2923} INFO - Setting next_dagrun for example_branch_labels to 2022-07-30T00:00:00+00:00, run_after=2022-07-31T00:00:00+00:00
[2022-07-31 01:26:20,455] {processor.py:161} INFO - Processing /home/oury/.local/lib/python3.10/site-packages/airflow/example_dags/example_branch_labels.py took 0.048 seconds
[2022-07-31 01:27:02,793] {processor.py:153} INFO - Started process (PID=8261) to work on /home/oury/.local/lib/python3.10/site-packages/airflow/example_dags/example_branch_labels.py
[2022-07-31 01:27:02,793] {processor.py:641} INFO - Processing file /home/oury/.local/lib/python3.10/site-packages/airflow/example_dags/example_branch_labels.py for tasks to queue
[2022-07-31 01:27:02,793] {logging_mixin.py:115} INFO - [2022-07-31 01:27:02,793] {dagbag.py:507} INFO - Filling up the DagBag from /home/oury/.local/lib/python3.10/site-packages/airflow/example_dags/example_branch_labels.py
[2022-07-31 01:27:02,798] {processor.py:651} INFO - DAG(s) dict_keys(['example_branch_labels']) retrieved from /home/oury/.local/lib/python3.10/site-packages/airflow/example_dags/example_branch_labels.py
[2022-07-31 01:27:02,811] {logging_mixin.py:115} INFO - [2022-07-31 01:27:02,811] {dag.py:2379} INFO - Sync 1 DAGs
[2022-07-31 01:27:02,827] {logging_mixin.py:115} INFO - [2022-07-31 01:27:02,827] {dag.py:2923} INFO - Setting next_dagrun for example_branch_labels to 2022-07-30T00:00:00+00:00, run_after=2022-07-31T00:00:00+00:00
[2022-07-31 01:27:02,838] {processor.py:161} INFO - Processing /home/oury/.local/lib/python3.10/site-packages/airflow/example_dags/example_branch_labels.py took 0.048 seconds
[2022-07-31 01:27:45,085] {processor.py:153} INFO - Started process (PID=8361) to work on /home/oury/.local/lib/python3.10/site-packages/airflow/example_dags/example_branch_labels.py
[2022-07-31 01:27:45,085] {processor.py:641} INFO - Processing file /home/oury/.local/lib/python3.10/site-packages/airflow/example_dags/example_branch_labels.py for tasks to queue
[2022-07-31 01:27:45,086] {logging_mixin.py:115} INFO - [2022-07-31 01:27:45,086] {dagbag.py:507} INFO - Filling up the DagBag from /home/oury/.local/lib/python3.10/site-packages/airflow/example_dags/example_branch_labels.py
[2022-07-31 01:27:45,091] {processor.py:651} INFO - DAG(s) dict_keys(['example_branch_labels']) retrieved from /home/oury/.local/lib/python3.10/site-packages/airflow/example_dags/example_branch_labels.py
[2022-07-31 01:27:45,104] {logging_mixin.py:115} INFO - [2022-07-31 01:27:45,104] {dag.py:2379} INFO - Sync 1 DAGs
[2022-07-31 01:27:45,121] {logging_mixin.py:115} INFO - [2022-07-31 01:27:45,120] {dag.py:2923} INFO - Setting next_dagrun for example_branch_labels to 2022-07-30T00:00:00+00:00, run_after=2022-07-31T00:00:00+00:00
[2022-07-31 01:27:45,131] {processor.py:161} INFO - Processing /home/oury/.local/lib/python3.10/site-packages/airflow/example_dags/example_branch_labels.py took 0.048 seconds
[2022-07-31 01:28:26,123] {processor.py:153} INFO - Started process (PID=8543) to work on /home/oury/.local/lib/python3.10/site-packages/airflow/example_dags/example_branch_labels.py
[2022-07-31 01:28:26,124] {processor.py:641} INFO - Processing file /home/oury/.local/lib/python3.10/site-packages/airflow/example_dags/example_branch_labels.py for tasks to queue
[2022-07-31 01:28:26,124] {logging_mixin.py:115} INFO - [2022-07-31 01:28:26,124] {dagbag.py:507} INFO - Filling up the DagBag from /home/oury/.local/lib/python3.10/site-packages/airflow/example_dags/example_branch_labels.py
[2022-07-31 01:28:26,129] {processor.py:651} INFO - DAG(s) dict_keys(['example_branch_labels']) retrieved from /home/oury/.local/lib/python3.10/site-packages/airflow/example_dags/example_branch_labels.py
[2022-07-31 01:28:26,142] {logging_mixin.py:115} INFO - [2022-07-31 01:28:26,142] {dag.py:2379} INFO - Sync 1 DAGs
[2022-07-31 01:28:26,158] {logging_mixin.py:115} INFO - [2022-07-31 01:28:26,158] {dag.py:2923} INFO - Setting next_dagrun for example_branch_labels to 2022-07-30T00:00:00+00:00, run_after=2022-07-31T00:00:00+00:00
[2022-07-31 01:28:26,170] {processor.py:161} INFO - Processing /home/oury/.local/lib/python3.10/site-packages/airflow/example_dags/example_branch_labels.py took 0.049 seconds
[2022-07-31 01:29:10,434] {processor.py:153} INFO - Started process (PID=8640) to work on /home/oury/.local/lib/python3.10/site-packages/airflow/example_dags/example_branch_labels.py
[2022-07-31 01:29:10,434] {processor.py:641} INFO - Processing file /home/oury/.local/lib/python3.10/site-packages/airflow/example_dags/example_branch_labels.py for tasks to queue
[2022-07-31 01:29:10,435] {logging_mixin.py:115} INFO - [2022-07-31 01:29:10,435] {dagbag.py:507} INFO - Filling up the DagBag from /home/oury/.local/lib/python3.10/site-packages/airflow/example_dags/example_branch_labels.py
[2022-07-31 01:29:10,440] {processor.py:651} INFO - DAG(s) dict_keys(['example_branch_labels']) retrieved from /home/oury/.local/lib/python3.10/site-packages/airflow/example_dags/example_branch_labels.py
[2022-07-31 01:29:10,453] {logging_mixin.py:115} INFO - [2022-07-31 01:29:10,453] {dag.py:2379} INFO - Sync 1 DAGs
[2022-07-31 01:29:10,469] {logging_mixin.py:115} INFO - [2022-07-31 01:29:10,469] {dag.py:2923} INFO - Setting next_dagrun for example_branch_labels to 2022-07-30T00:00:00+00:00, run_after=2022-07-31T00:00:00+00:00
[2022-07-31 01:29:10,479] {processor.py:161} INFO - Processing /home/oury/.local/lib/python3.10/site-packages/airflow/example_dags/example_branch_labels.py took 0.048 seconds
[2022-07-31 01:29:54,713] {processor.py:153} INFO - Started process (PID=8723) to work on /home/oury/.local/lib/python3.10/site-packages/airflow/example_dags/example_branch_labels.py
[2022-07-31 01:29:54,722] {processor.py:641} INFO - Processing file /home/oury/.local/lib/python3.10/site-packages/airflow/example_dags/example_branch_labels.py for tasks to queue
[2022-07-31 01:29:54,723] {logging_mixin.py:115} INFO - [2022-07-31 01:29:54,723] {dagbag.py:507} INFO - Filling up the DagBag from /home/oury/.local/lib/python3.10/site-packages/airflow/example_dags/example_branch_labels.py
[2022-07-31 01:29:54,728] {processor.py:651} INFO - DAG(s) dict_keys(['example_branch_labels']) retrieved from /home/oury/.local/lib/python3.10/site-packages/airflow/example_dags/example_branch_labels.py
[2022-07-31 01:29:54,741] {logging_mixin.py:115} INFO - [2022-07-31 01:29:54,741] {dag.py:2379} INFO - Sync 1 DAGs
[2022-07-31 01:29:54,758] {logging_mixin.py:115} INFO - [2022-07-31 01:29:54,757] {dag.py:2923} INFO - Setting next_dagrun for example_branch_labels to 2022-07-30T00:00:00+00:00, run_after=2022-07-31T00:00:00+00:00
[2022-07-31 01:29:54,957] {processor.py:161} INFO - Processing /home/oury/.local/lib/python3.10/site-packages/airflow/example_dags/example_branch_labels.py took 0.246 seconds
[2022-07-31 01:30:44,882] {processor.py:153} INFO - Started process (PID=8887) to work on /home/oury/.local/lib/python3.10/site-packages/airflow/example_dags/example_branch_labels.py
[2022-07-31 01:30:44,883] {processor.py:641} INFO - Processing file /home/oury/.local/lib/python3.10/site-packages/airflow/example_dags/example_branch_labels.py for tasks to queue
[2022-07-31 01:30:44,884] {logging_mixin.py:115} INFO - [2022-07-31 01:30:44,884] {dagbag.py:507} INFO - Filling up the DagBag from /home/oury/.local/lib/python3.10/site-packages/airflow/example_dags/example_branch_labels.py
[2022-07-31 01:30:44,891] {processor.py:651} INFO - DAG(s) dict_keys(['example_branch_labels']) retrieved from /home/oury/.local/lib/python3.10/site-packages/airflow/example_dags/example_branch_labels.py
[2022-07-31 01:30:44,913] {logging_mixin.py:115} INFO - [2022-07-31 01:30:44,913] {dag.py:2379} INFO - Sync 1 DAGs
[2022-07-31 01:30:44,937] {logging_mixin.py:115} INFO - [2022-07-31 01:30:44,937] {dag.py:2923} INFO - Setting next_dagrun for example_branch_labels to 2022-07-30T00:00:00+00:00, run_after=2022-07-31T00:00:00+00:00
[2022-07-31 01:30:44,956] {processor.py:161} INFO - Processing /home/oury/.local/lib/python3.10/site-packages/airflow/example_dags/example_branch_labels.py took 0.077 seconds
[2022-07-31 01:31:27,409] {processor.py:153} INFO - Started process (PID=9015) to work on /home/oury/.local/lib/python3.10/site-packages/airflow/example_dags/example_branch_labels.py
[2022-07-31 01:31:27,410] {processor.py:641} INFO - Processing file /home/oury/.local/lib/python3.10/site-packages/airflow/example_dags/example_branch_labels.py for tasks to queue
[2022-07-31 01:31:27,410] {logging_mixin.py:115} INFO - [2022-07-31 01:31:27,410] {dagbag.py:507} INFO - Filling up the DagBag from /home/oury/.local/lib/python3.10/site-packages/airflow/example_dags/example_branch_labels.py
[2022-07-31 01:31:27,415] {processor.py:651} INFO - DAG(s) dict_keys(['example_branch_labels']) retrieved from /home/oury/.local/lib/python3.10/site-packages/airflow/example_dags/example_branch_labels.py
[2022-07-31 01:31:27,427] {logging_mixin.py:115} INFO - [2022-07-31 01:31:27,427] {dag.py:2379} INFO - Sync 1 DAGs
[2022-07-31 01:31:27,443] {logging_mixin.py:115} INFO - [2022-07-31 01:31:27,443] {dag.py:2923} INFO - Setting next_dagrun for example_branch_labels to 2022-07-30T00:00:00+00:00, run_after=2022-07-31T00:00:00+00:00
[2022-07-31 01:31:27,454] {processor.py:161} INFO - Processing /home/oury/.local/lib/python3.10/site-packages/airflow/example_dags/example_branch_labels.py took 0.047 seconds
[2022-07-31 01:32:08,630] {processor.py:153} INFO - Started process (PID=9126) to work on /home/oury/.local/lib/python3.10/site-packages/airflow/example_dags/example_branch_labels.py
[2022-07-31 01:32:08,631] {processor.py:641} INFO - Processing file /home/oury/.local/lib/python3.10/site-packages/airflow/example_dags/example_branch_labels.py for tasks to queue
[2022-07-31 01:32:08,631] {logging_mixin.py:115} INFO - [2022-07-31 01:32:08,631] {dagbag.py:507} INFO - Filling up the DagBag from /home/oury/.local/lib/python3.10/site-packages/airflow/example_dags/example_branch_labels.py
[2022-07-31 01:32:08,636] {processor.py:651} INFO - DAG(s) dict_keys(['example_branch_labels']) retrieved from /home/oury/.local/lib/python3.10/site-packages/airflow/example_dags/example_branch_labels.py
[2022-07-31 01:32:08,648] {logging_mixin.py:115} INFO - [2022-07-31 01:32:08,648] {dag.py:2379} INFO - Sync 1 DAGs
[2022-07-31 01:32:08,664] {logging_mixin.py:115} INFO - [2022-07-31 01:32:08,664] {dag.py:2923} INFO - Setting next_dagrun for example_branch_labels to 2022-07-30T00:00:00+00:00, run_after=2022-07-31T00:00:00+00:00
[2022-07-31 01:32:08,676] {processor.py:161} INFO - Processing /home/oury/.local/lib/python3.10/site-packages/airflow/example_dags/example_branch_labels.py took 0.048 seconds
[2022-07-31 01:32:50,481] {processor.py:153} INFO - Started process (PID=9202) to work on /home/oury/.local/lib/python3.10/site-packages/airflow/example_dags/example_branch_labels.py
[2022-07-31 01:32:50,482] {processor.py:641} INFO - Processing file /home/oury/.local/lib/python3.10/site-packages/airflow/example_dags/example_branch_labels.py for tasks to queue
[2022-07-31 01:32:50,482] {logging_mixin.py:115} INFO - [2022-07-31 01:32:50,482] {dagbag.py:507} INFO - Filling up the DagBag from /home/oury/.local/lib/python3.10/site-packages/airflow/example_dags/example_branch_labels.py
[2022-07-31 01:32:50,487] {processor.py:651} INFO - DAG(s) dict_keys(['example_branch_labels']) retrieved from /home/oury/.local/lib/python3.10/site-packages/airflow/example_dags/example_branch_labels.py
[2022-07-31 01:32:50,499] {logging_mixin.py:115} INFO - [2022-07-31 01:32:50,499] {dag.py:2379} INFO - Sync 1 DAGs
[2022-07-31 01:32:50,516] {logging_mixin.py:115} INFO - [2022-07-31 01:32:50,515] {dag.py:2923} INFO - Setting next_dagrun for example_branch_labels to 2022-07-30T00:00:00+00:00, run_after=2022-07-31T00:00:00+00:00
[2022-07-31 01:32:50,527] {processor.py:161} INFO - Processing /home/oury/.local/lib/python3.10/site-packages/airflow/example_dags/example_branch_labels.py took 0.048 seconds
[2022-07-31 01:33:31,410] {processor.py:153} INFO - Started process (PID=9285) to work on /home/oury/.local/lib/python3.10/site-packages/airflow/example_dags/example_branch_labels.py
[2022-07-31 01:33:31,411] {processor.py:641} INFO - Processing file /home/oury/.local/lib/python3.10/site-packages/airflow/example_dags/example_branch_labels.py for tasks to queue
[2022-07-31 01:33:31,411] {logging_mixin.py:115} INFO - [2022-07-31 01:33:31,411] {dagbag.py:507} INFO - Filling up the DagBag from /home/oury/.local/lib/python3.10/site-packages/airflow/example_dags/example_branch_labels.py
[2022-07-31 01:33:31,416] {processor.py:651} INFO - DAG(s) dict_keys(['example_branch_labels']) retrieved from /home/oury/.local/lib/python3.10/site-packages/airflow/example_dags/example_branch_labels.py
[2022-07-31 01:33:31,428] {logging_mixin.py:115} INFO - [2022-07-31 01:33:31,428] {dag.py:2379} INFO - Sync 1 DAGs
[2022-07-31 01:33:31,444] {logging_mixin.py:115} INFO - [2022-07-31 01:33:31,444] {dag.py:2923} INFO - Setting next_dagrun for example_branch_labels to 2022-07-30T00:00:00+00:00, run_after=2022-07-31T00:00:00+00:00
[2022-07-31 01:33:31,455] {processor.py:161} INFO - Processing /home/oury/.local/lib/python3.10/site-packages/airflow/example_dags/example_branch_labels.py took 0.047 seconds
[2022-07-31 01:34:13,318] {processor.py:153} INFO - Started process (PID=9613) to work on /home/oury/.local/lib/python3.10/site-packages/airflow/example_dags/example_branch_labels.py
[2022-07-31 01:34:13,319] {processor.py:641} INFO - Processing file /home/oury/.local/lib/python3.10/site-packages/airflow/example_dags/example_branch_labels.py for tasks to queue
[2022-07-31 01:34:13,319] {logging_mixin.py:115} INFO - [2022-07-31 01:34:13,319] {dagbag.py:507} INFO - Filling up the DagBag from /home/oury/.local/lib/python3.10/site-packages/airflow/example_dags/example_branch_labels.py
[2022-07-31 01:34:13,324] {processor.py:651} INFO - DAG(s) dict_keys(['example_branch_labels']) retrieved from /home/oury/.local/lib/python3.10/site-packages/airflow/example_dags/example_branch_labels.py
[2022-07-31 01:34:13,337] {logging_mixin.py:115} INFO - [2022-07-31 01:34:13,337] {dag.py:2379} INFO - Sync 1 DAGs
[2022-07-31 01:34:13,353] {logging_mixin.py:115} INFO - [2022-07-31 01:34:13,353] {dag.py:2923} INFO - Setting next_dagrun for example_branch_labels to 2022-07-30T00:00:00+00:00, run_after=2022-07-31T00:00:00+00:00
[2022-07-31 01:34:13,363] {processor.py:161} INFO - Processing /home/oury/.local/lib/python3.10/site-packages/airflow/example_dags/example_branch_labels.py took 0.048 seconds
[2022-07-31 01:34:59,390] {processor.py:153} INFO - Started process (PID=9705) to work on /home/oury/.local/lib/python3.10/site-packages/airflow/example_dags/example_branch_labels.py
[2022-07-31 01:34:59,395] {processor.py:641} INFO - Processing file /home/oury/.local/lib/python3.10/site-packages/airflow/example_dags/example_branch_labels.py for tasks to queue
[2022-07-31 01:34:59,396] {logging_mixin.py:115} INFO - [2022-07-31 01:34:59,395] {dagbag.py:507} INFO - Filling up the DagBag from /home/oury/.local/lib/python3.10/site-packages/airflow/example_dags/example_branch_labels.py
[2022-07-31 01:34:59,401] {processor.py:651} INFO - DAG(s) dict_keys(['example_branch_labels']) retrieved from /home/oury/.local/lib/python3.10/site-packages/airflow/example_dags/example_branch_labels.py
[2022-07-31 01:34:59,414] {logging_mixin.py:115} INFO - [2022-07-31 01:34:59,414] {dag.py:2379} INFO - Sync 1 DAGs
[2022-07-31 01:34:59,432] {logging_mixin.py:115} INFO - [2022-07-31 01:34:59,432] {dag.py:2923} INFO - Setting next_dagrun for example_branch_labels to 2022-07-30T00:00:00+00:00, run_after=2022-07-31T00:00:00+00:00
[2022-07-31 01:34:59,640] {processor.py:161} INFO - Processing /home/oury/.local/lib/python3.10/site-packages/airflow/example_dags/example_branch_labels.py took 0.252 seconds
[2022-07-31 01:38:24,981] {processor.py:153} INFO - Started process (PID=10438) to work on /home/oury/.local/lib/python3.10/site-packages/airflow/example_dags/example_branch_labels.py
[2022-07-31 01:38:24,982] {processor.py:641} INFO - Processing file /home/oury/.local/lib/python3.10/site-packages/airflow/example_dags/example_branch_labels.py for tasks to queue
[2022-07-31 01:38:24,982] {logging_mixin.py:115} INFO - [2022-07-31 01:38:24,982] {dagbag.py:507} INFO - Filling up the DagBag from /home/oury/.local/lib/python3.10/site-packages/airflow/example_dags/example_branch_labels.py
[2022-07-31 01:38:24,987] {processor.py:651} INFO - DAG(s) dict_keys(['example_branch_labels']) retrieved from /home/oury/.local/lib/python3.10/site-packages/airflow/example_dags/example_branch_labels.py
[2022-07-31 01:38:25,025] {logging_mixin.py:115} INFO - [2022-07-31 01:38:25,025] {dag.py:2379} INFO - Sync 1 DAGs
[2022-07-31 01:38:25,130] {logging_mixin.py:115} INFO - [2022-07-31 01:38:25,130] {dag.py:2398} INFO - Creating ORM DAG for example_branch_labels
[2022-07-31 01:38:25,139] {logging_mixin.py:115} INFO - [2022-07-31 01:38:25,139] {dag.py:2923} INFO - Setting next_dagrun for example_branch_labels to 2022-07-30T00:00:00+00:00, run_after=2022-07-31T00:00:00+00:00
[2022-07-31 01:38:25,152] {processor.py:161} INFO - Processing /home/oury/.local/lib/python3.10/site-packages/airflow/example_dags/example_branch_labels.py took 0.173 seconds
[2022-07-31 01:39:07,861] {processor.py:153} INFO - Started process (PID=10677) to work on /home/oury/.local/lib/python3.10/site-packages/airflow/example_dags/example_branch_labels.py
[2022-07-31 01:39:07,862] {processor.py:641} INFO - Processing file /home/oury/.local/lib/python3.10/site-packages/airflow/example_dags/example_branch_labels.py for tasks to queue
[2022-07-31 01:39:07,862] {logging_mixin.py:115} INFO - [2022-07-31 01:39:07,862] {dagbag.py:507} INFO - Filling up the DagBag from /home/oury/.local/lib/python3.10/site-packages/airflow/example_dags/example_branch_labels.py
[2022-07-31 01:39:07,868] {processor.py:651} INFO - DAG(s) dict_keys(['example_branch_labels']) retrieved from /home/oury/.local/lib/python3.10/site-packages/airflow/example_dags/example_branch_labels.py
[2022-07-31 01:39:07,883] {logging_mixin.py:115} INFO - [2022-07-31 01:39:07,883] {dag.py:2379} INFO - Sync 1 DAGs
[2022-07-31 01:39:07,905] {logging_mixin.py:115} INFO - [2022-07-31 01:39:07,905] {dag.py:2923} INFO - Setting next_dagrun for example_branch_labels to 2022-07-30T00:00:00+00:00, run_after=2022-07-31T00:00:00+00:00
[2022-07-31 01:39:07,916] {processor.py:161} INFO - Processing /home/oury/.local/lib/python3.10/site-packages/airflow/example_dags/example_branch_labels.py took 0.057 seconds
[2022-07-31 01:39:48,497] {processor.py:153} INFO - Started process (PID=10914) to work on /home/oury/.local/lib/python3.10/site-packages/airflow/example_dags/example_branch_labels.py
[2022-07-31 01:39:48,498] {processor.py:641} INFO - Processing file /home/oury/.local/lib/python3.10/site-packages/airflow/example_dags/example_branch_labels.py for tasks to queue
[2022-07-31 01:39:48,499] {logging_mixin.py:115} INFO - [2022-07-31 01:39:48,498] {dagbag.py:507} INFO - Filling up the DagBag from /home/oury/.local/lib/python3.10/site-packages/airflow/example_dags/example_branch_labels.py
[2022-07-31 01:39:48,504] {processor.py:651} INFO - DAG(s) dict_keys(['example_branch_labels']) retrieved from /home/oury/.local/lib/python3.10/site-packages/airflow/example_dags/example_branch_labels.py
[2022-07-31 01:39:48,517] {logging_mixin.py:115} INFO - [2022-07-31 01:39:48,516] {dag.py:2379} INFO - Sync 1 DAGs
[2022-07-31 01:39:48,533] {logging_mixin.py:115} INFO - [2022-07-31 01:39:48,533] {dag.py:2923} INFO - Setting next_dagrun for example_branch_labels to 2022-07-30T00:00:00+00:00, run_after=2022-07-31T00:00:00+00:00
[2022-07-31 01:39:48,545] {processor.py:161} INFO - Processing /home/oury/.local/lib/python3.10/site-packages/airflow/example_dags/example_branch_labels.py took 0.050 seconds
[2022-07-31 01:40:31,808] {processor.py:153} INFO - Started process (PID=11258) to work on /home/oury/.local/lib/python3.10/site-packages/airflow/example_dags/example_branch_labels.py
[2022-07-31 01:40:31,809] {processor.py:641} INFO - Processing file /home/oury/.local/lib/python3.10/site-packages/airflow/example_dags/example_branch_labels.py for tasks to queue
[2022-07-31 01:40:31,809] {logging_mixin.py:115} INFO - [2022-07-31 01:40:31,809] {dagbag.py:507} INFO - Filling up the DagBag from /home/oury/.local/lib/python3.10/site-packages/airflow/example_dags/example_branch_labels.py
[2022-07-31 01:40:31,818] {processor.py:651} INFO - DAG(s) dict_keys(['example_branch_labels']) retrieved from /home/oury/.local/lib/python3.10/site-packages/airflow/example_dags/example_branch_labels.py
[2022-07-31 01:40:31,838] {logging_mixin.py:115} INFO - [2022-07-31 01:40:31,838] {dag.py:2379} INFO - Sync 1 DAGs
[2022-07-31 01:40:31,867] {logging_mixin.py:115} INFO - [2022-07-31 01:40:31,866] {dag.py:2923} INFO - Setting next_dagrun for example_branch_labels to 2022-07-30T00:00:00+00:00, run_after=2022-07-31T00:00:00+00:00
[2022-07-31 01:40:31,890] {processor.py:161} INFO - Processing /home/oury/.local/lib/python3.10/site-packages/airflow/example_dags/example_branch_labels.py took 0.086 seconds
[2022-07-31 01:41:29,606] {processor.py:153} INFO - Started process (PID=12712) to work on /home/oury/.local/lib/python3.10/site-packages/airflow/example_dags/example_branch_labels.py
[2022-07-31 01:41:29,606] {processor.py:641} INFO - Processing file /home/oury/.local/lib/python3.10/site-packages/airflow/example_dags/example_branch_labels.py for tasks to queue
[2022-07-31 01:41:29,607] {logging_mixin.py:115} INFO - [2022-07-31 01:41:29,607] {dagbag.py:507} INFO - Filling up the DagBag from /home/oury/.local/lib/python3.10/site-packages/airflow/example_dags/example_branch_labels.py
[2022-07-31 01:41:29,615] {processor.py:651} INFO - DAG(s) dict_keys(['example_branch_labels']) retrieved from /home/oury/.local/lib/python3.10/site-packages/airflow/example_dags/example_branch_labels.py
[2022-07-31 01:41:29,635] {logging_mixin.py:115} INFO - [2022-07-31 01:41:29,635] {dag.py:2379} INFO - Sync 1 DAGs
[2022-07-31 01:41:29,656] {logging_mixin.py:115} INFO - [2022-07-31 01:41:29,656] {dag.py:2923} INFO - Setting next_dagrun for example_branch_labels to 2022-07-30T00:00:00+00:00, run_after=2022-07-31T00:00:00+00:00
[2022-07-31 01:41:29,669] {processor.py:161} INFO - Processing /home/oury/.local/lib/python3.10/site-packages/airflow/example_dags/example_branch_labels.py took 0.066 seconds
[2022-07-31 01:43:01,805] {processor.py:153} INFO - Started process (PID=13258) to work on /home/oury/.local/lib/python3.10/site-packages/airflow/example_dags/example_branch_labels.py
[2022-07-31 01:43:01,806] {processor.py:641} INFO - Processing file /home/oury/.local/lib/python3.10/site-packages/airflow/example_dags/example_branch_labels.py for tasks to queue
[2022-07-31 01:43:01,806] {logging_mixin.py:115} INFO - [2022-07-31 01:43:01,806] {dagbag.py:507} INFO - Filling up the DagBag from /home/oury/.local/lib/python3.10/site-packages/airflow/example_dags/example_branch_labels.py
[2022-07-31 01:43:01,811] {processor.py:651} INFO - DAG(s) dict_keys(['example_branch_labels']) retrieved from /home/oury/.local/lib/python3.10/site-packages/airflow/example_dags/example_branch_labels.py
[2022-07-31 01:43:01,825] {logging_mixin.py:115} INFO - [2022-07-31 01:43:01,825] {dag.py:2379} INFO - Sync 1 DAGs
[2022-07-31 01:43:01,843] {logging_mixin.py:115} INFO - [2022-07-31 01:43:01,843] {dag.py:2923} INFO - Setting next_dagrun for example_branch_labels to 2022-07-30T00:00:00+00:00, run_after=2022-07-31T00:00:00+00:00
[2022-07-31 01:43:01,854] {processor.py:161} INFO - Processing /home/oury/.local/lib/python3.10/site-packages/airflow/example_dags/example_branch_labels.py took 0.051 seconds
[2022-07-31 01:43:52,313] {processor.py:153} INFO - Started process (PID=13467) to work on /home/oury/.local/lib/python3.10/site-packages/airflow/example_dags/example_branch_labels.py
[2022-07-31 01:43:52,313] {processor.py:641} INFO - Processing file /home/oury/.local/lib/python3.10/site-packages/airflow/example_dags/example_branch_labels.py for tasks to queue
[2022-07-31 01:43:52,314] {logging_mixin.py:115} INFO - [2022-07-31 01:43:52,314] {dagbag.py:507} INFO - Filling up the DagBag from /home/oury/.local/lib/python3.10/site-packages/airflow/example_dags/example_branch_labels.py
[2022-07-31 01:43:52,320] {processor.py:651} INFO - DAG(s) dict_keys(['example_branch_labels']) retrieved from /home/oury/.local/lib/python3.10/site-packages/airflow/example_dags/example_branch_labels.py
[2022-07-31 01:43:52,333] {logging_mixin.py:115} INFO - [2022-07-31 01:43:52,333] {dag.py:2379} INFO - Sync 1 DAGs
[2022-07-31 01:43:52,350] {logging_mixin.py:115} INFO - [2022-07-31 01:43:52,350] {dag.py:2923} INFO - Setting next_dagrun for example_branch_labels to 2022-07-30T00:00:00+00:00, run_after=2022-07-31T00:00:00+00:00
[2022-07-31 01:43:52,362] {processor.py:161} INFO - Processing /home/oury/.local/lib/python3.10/site-packages/airflow/example_dags/example_branch_labels.py took 0.052 seconds
[2022-07-31 01:44:35,650] {processor.py:153} INFO - Started process (PID=13754) to work on /home/oury/.local/lib/python3.10/site-packages/airflow/example_dags/example_branch_labels.py
[2022-07-31 01:44:35,651] {processor.py:641} INFO - Processing file /home/oury/.local/lib/python3.10/site-packages/airflow/example_dags/example_branch_labels.py for tasks to queue
[2022-07-31 01:44:35,651] {logging_mixin.py:115} INFO - [2022-07-31 01:44:35,651] {dagbag.py:507} INFO - Filling up the DagBag from /home/oury/.local/lib/python3.10/site-packages/airflow/example_dags/example_branch_labels.py
[2022-07-31 01:44:35,657] {processor.py:651} INFO - DAG(s) dict_keys(['example_branch_labels']) retrieved from /home/oury/.local/lib/python3.10/site-packages/airflow/example_dags/example_branch_labels.py
[2022-07-31 01:44:35,671] {logging_mixin.py:115} INFO - [2022-07-31 01:44:35,671] {dag.py:2379} INFO - Sync 1 DAGs
[2022-07-31 01:44:35,691] {logging_mixin.py:115} INFO - [2022-07-31 01:44:35,690] {dag.py:2923} INFO - Setting next_dagrun for example_branch_labels to 2022-07-30T00:00:00+00:00, run_after=2022-07-31T00:00:00+00:00
[2022-07-31 01:44:35,703] {processor.py:161} INFO - Processing /home/oury/.local/lib/python3.10/site-packages/airflow/example_dags/example_branch_labels.py took 0.056 seconds
[2022-07-31 01:45:35,032] {processor.py:153} INFO - Started process (PID=14253) to work on /home/oury/.local/lib/python3.10/site-packages/airflow/example_dags/example_branch_labels.py
[2022-07-31 01:45:35,033] {processor.py:641} INFO - Processing file /home/oury/.local/lib/python3.10/site-packages/airflow/example_dags/example_branch_labels.py for tasks to queue
[2022-07-31 01:45:35,033] {logging_mixin.py:115} INFO - [2022-07-31 01:45:35,033] {dagbag.py:507} INFO - Filling up the DagBag from /home/oury/.local/lib/python3.10/site-packages/airflow/example_dags/example_branch_labels.py
[2022-07-31 01:45:35,041] {processor.py:651} INFO - DAG(s) dict_keys(['example_branch_labels']) retrieved from /home/oury/.local/lib/python3.10/site-packages/airflow/example_dags/example_branch_labels.py
[2022-07-31 01:45:35,063] {logging_mixin.py:115} INFO - [2022-07-31 01:45:35,063] {dag.py:2379} INFO - Sync 1 DAGs
[2022-07-31 01:45:35,093] {logging_mixin.py:115} INFO - [2022-07-31 01:45:35,093] {dag.py:2923} INFO - Setting next_dagrun for example_branch_labels to 2022-07-30T00:00:00+00:00, run_after=2022-07-31T00:00:00+00:00
[2022-07-31 01:45:35,113] {processor.py:161} INFO - Processing /home/oury/.local/lib/python3.10/site-packages/airflow/example_dags/example_branch_labels.py took 0.084 seconds
[2022-07-31 01:46:17,294] {processor.py:153} INFO - Started process (PID=14368) to work on /home/oury/.local/lib/python3.10/site-packages/airflow/example_dags/example_branch_labels.py
[2022-07-31 01:46:17,295] {processor.py:641} INFO - Processing file /home/oury/.local/lib/python3.10/site-packages/airflow/example_dags/example_branch_labels.py for tasks to queue
[2022-07-31 01:46:17,295] {logging_mixin.py:115} INFO - [2022-07-31 01:46:17,295] {dagbag.py:507} INFO - Filling up the DagBag from /home/oury/.local/lib/python3.10/site-packages/airflow/example_dags/example_branch_labels.py
[2022-07-31 01:46:17,300] {processor.py:651} INFO - DAG(s) dict_keys(['example_branch_labels']) retrieved from /home/oury/.local/lib/python3.10/site-packages/airflow/example_dags/example_branch_labels.py
[2022-07-31 01:46:17,313] {logging_mixin.py:115} INFO - [2022-07-31 01:46:17,313] {dag.py:2379} INFO - Sync 1 DAGs
[2022-07-31 01:46:17,330] {logging_mixin.py:115} INFO - [2022-07-31 01:46:17,330] {dag.py:2923} INFO - Setting next_dagrun for example_branch_labels to 2022-07-30T00:00:00+00:00, run_after=2022-07-31T00:00:00+00:00
[2022-07-31 01:46:17,340] {processor.py:161} INFO - Processing /home/oury/.local/lib/python3.10/site-packages/airflow/example_dags/example_branch_labels.py took 0.049 seconds
[2022-07-31 01:46:59,154] {processor.py:153} INFO - Started process (PID=14490) to work on /home/oury/.local/lib/python3.10/site-packages/airflow/example_dags/example_branch_labels.py
[2022-07-31 01:46:59,155] {processor.py:641} INFO - Processing file /home/oury/.local/lib/python3.10/site-packages/airflow/example_dags/example_branch_labels.py for tasks to queue
[2022-07-31 01:46:59,155] {logging_mixin.py:115} INFO - [2022-07-31 01:46:59,155] {dagbag.py:507} INFO - Filling up the DagBag from /home/oury/.local/lib/python3.10/site-packages/airflow/example_dags/example_branch_labels.py
[2022-07-31 01:46:59,161] {processor.py:651} INFO - DAG(s) dict_keys(['example_branch_labels']) retrieved from /home/oury/.local/lib/python3.10/site-packages/airflow/example_dags/example_branch_labels.py
[2022-07-31 01:46:59,175] {logging_mixin.py:115} INFO - [2022-07-31 01:46:59,174] {dag.py:2379} INFO - Sync 1 DAGs
[2022-07-31 01:46:59,192] {logging_mixin.py:115} INFO - [2022-07-31 01:46:59,192] {dag.py:2923} INFO - Setting next_dagrun for example_branch_labels to 2022-07-30T00:00:00+00:00, run_after=2022-07-31T00:00:00+00:00
[2022-07-31 01:46:59,203] {processor.py:161} INFO - Processing /home/oury/.local/lib/python3.10/site-packages/airflow/example_dags/example_branch_labels.py took 0.052 seconds
[2022-07-31 01:47:41,604] {processor.py:153} INFO - Started process (PID=14782) to work on /home/oury/.local/lib/python3.10/site-packages/airflow/example_dags/example_branch_labels.py
[2022-07-31 01:47:41,615] {processor.py:641} INFO - Processing file /home/oury/.local/lib/python3.10/site-packages/airflow/example_dags/example_branch_labels.py for tasks to queue
[2022-07-31 01:47:41,615] {logging_mixin.py:115} INFO - [2022-07-31 01:47:41,615] {dagbag.py:507} INFO - Filling up the DagBag from /home/oury/.local/lib/python3.10/site-packages/airflow/example_dags/example_branch_labels.py
[2022-07-31 01:47:41,623] {processor.py:651} INFO - DAG(s) dict_keys(['example_branch_labels']) retrieved from /home/oury/.local/lib/python3.10/site-packages/airflow/example_dags/example_branch_labels.py
[2022-07-31 01:47:41,642] {logging_mixin.py:115} INFO - [2022-07-31 01:47:41,642] {dag.py:2379} INFO - Sync 1 DAGs
[2022-07-31 01:47:41,669] {logging_mixin.py:115} INFO - [2022-07-31 01:47:41,669] {dag.py:2923} INFO - Setting next_dagrun for example_branch_labels to 2022-07-30T00:00:00+00:00, run_after=2022-07-31T00:00:00+00:00
[2022-07-31 01:47:41,684] {processor.py:161} INFO - Processing /home/oury/.local/lib/python3.10/site-packages/airflow/example_dags/example_branch_labels.py took 0.083 seconds
[2022-07-31 01:48:24,874] {processor.py:153} INFO - Started process (PID=14929) to work on /home/oury/.local/lib/python3.10/site-packages/airflow/example_dags/example_branch_labels.py
[2022-07-31 01:48:24,875] {processor.py:641} INFO - Processing file /home/oury/.local/lib/python3.10/site-packages/airflow/example_dags/example_branch_labels.py for tasks to queue
[2022-07-31 01:48:24,875] {logging_mixin.py:115} INFO - [2022-07-31 01:48:24,875] {dagbag.py:507} INFO - Filling up the DagBag from /home/oury/.local/lib/python3.10/site-packages/airflow/example_dags/example_branch_labels.py
[2022-07-31 01:48:24,880] {processor.py:651} INFO - DAG(s) dict_keys(['example_branch_labels']) retrieved from /home/oury/.local/lib/python3.10/site-packages/airflow/example_dags/example_branch_labels.py
[2022-07-31 01:48:24,895] {logging_mixin.py:115} INFO - [2022-07-31 01:48:24,895] {dag.py:2379} INFO - Sync 1 DAGs
[2022-07-31 01:48:24,912] {logging_mixin.py:115} INFO - [2022-07-31 01:48:24,911] {dag.py:2923} INFO - Setting next_dagrun for example_branch_labels to 2022-07-30T00:00:00+00:00, run_after=2022-07-31T00:00:00+00:00
[2022-07-31 01:48:24,924] {processor.py:161} INFO - Processing /home/oury/.local/lib/python3.10/site-packages/airflow/example_dags/example_branch_labels.py took 0.052 seconds
[2022-07-31 01:49:09,338] {processor.py:153} INFO - Started process (PID=14989) to work on /home/oury/.local/lib/python3.10/site-packages/airflow/example_dags/example_branch_labels.py
[2022-07-31 01:49:09,338] {processor.py:641} INFO - Processing file /home/oury/.local/lib/python3.10/site-packages/airflow/example_dags/example_branch_labels.py for tasks to queue
[2022-07-31 01:49:09,339] {logging_mixin.py:115} INFO - [2022-07-31 01:49:09,339] {dagbag.py:507} INFO - Filling up the DagBag from /home/oury/.local/lib/python3.10/site-packages/airflow/example_dags/example_branch_labels.py
[2022-07-31 01:49:09,343] {processor.py:651} INFO - DAG(s) dict_keys(['example_branch_labels']) retrieved from /home/oury/.local/lib/python3.10/site-packages/airflow/example_dags/example_branch_labels.py
[2022-07-31 01:49:09,356] {logging_mixin.py:115} INFO - [2022-07-31 01:49:09,356] {dag.py:2379} INFO - Sync 1 DAGs
[2022-07-31 01:49:09,372] {logging_mixin.py:115} INFO - [2022-07-31 01:49:09,372] {dag.py:2923} INFO - Setting next_dagrun for example_branch_labels to 2022-07-30T00:00:00+00:00, run_after=2022-07-31T00:00:00+00:00
[2022-07-31 01:49:09,383] {processor.py:161} INFO - Processing /home/oury/.local/lib/python3.10/site-packages/airflow/example_dags/example_branch_labels.py took 0.048 seconds
[2022-07-31 01:49:50,605] {processor.py:153} INFO - Started process (PID=15046) to work on /home/oury/.local/lib/python3.10/site-packages/airflow/example_dags/example_branch_labels.py
[2022-07-31 01:49:50,606] {processor.py:641} INFO - Processing file /home/oury/.local/lib/python3.10/site-packages/airflow/example_dags/example_branch_labels.py for tasks to queue
[2022-07-31 01:49:50,606] {logging_mixin.py:115} INFO - [2022-07-31 01:49:50,606] {dagbag.py:507} INFO - Filling up the DagBag from /home/oury/.local/lib/python3.10/site-packages/airflow/example_dags/example_branch_labels.py
[2022-07-31 01:49:50,611] {processor.py:651} INFO - DAG(s) dict_keys(['example_branch_labels']) retrieved from /home/oury/.local/lib/python3.10/site-packages/airflow/example_dags/example_branch_labels.py
[2022-07-31 01:49:50,624] {logging_mixin.py:115} INFO - [2022-07-31 01:49:50,624] {dag.py:2379} INFO - Sync 1 DAGs
[2022-07-31 01:49:50,640] {logging_mixin.py:115} INFO - [2022-07-31 01:49:50,640] {dag.py:2923} INFO - Setting next_dagrun for example_branch_labels to 2022-07-30T00:00:00+00:00, run_after=2022-07-31T00:00:00+00:00
[2022-07-31 01:49:50,651] {processor.py:161} INFO - Processing /home/oury/.local/lib/python3.10/site-packages/airflow/example_dags/example_branch_labels.py took 0.048 seconds
[2022-07-31 01:50:35,494] {processor.py:153} INFO - Started process (PID=15105) to work on /home/oury/.local/lib/python3.10/site-packages/airflow/example_dags/example_branch_labels.py
[2022-07-31 01:50:35,494] {processor.py:641} INFO - Processing file /home/oury/.local/lib/python3.10/site-packages/airflow/example_dags/example_branch_labels.py for tasks to queue
[2022-07-31 01:50:35,495] {logging_mixin.py:115} INFO - [2022-07-31 01:50:35,495] {dagbag.py:507} INFO - Filling up the DagBag from /home/oury/.local/lib/python3.10/site-packages/airflow/example_dags/example_branch_labels.py
[2022-07-31 01:50:35,500] {processor.py:651} INFO - DAG(s) dict_keys(['example_branch_labels']) retrieved from /home/oury/.local/lib/python3.10/site-packages/airflow/example_dags/example_branch_labels.py
[2022-07-31 01:50:35,513] {logging_mixin.py:115} INFO - [2022-07-31 01:50:35,513] {dag.py:2379} INFO - Sync 1 DAGs
[2022-07-31 01:50:35,529] {logging_mixin.py:115} INFO - [2022-07-31 01:50:35,529] {dag.py:2923} INFO - Setting next_dagrun for example_branch_labels to 2022-07-30T00:00:00+00:00, run_after=2022-07-31T00:00:00+00:00
[2022-07-31 01:50:35,541] {processor.py:161} INFO - Processing /home/oury/.local/lib/python3.10/site-packages/airflow/example_dags/example_branch_labels.py took 0.049 seconds
[2022-07-31 01:51:15,289] {processor.py:153} INFO - Started process (PID=15169) to work on /home/oury/.local/lib/python3.10/site-packages/airflow/example_dags/example_branch_labels.py
[2022-07-31 01:51:15,290] {processor.py:641} INFO - Processing file /home/oury/.local/lib/python3.10/site-packages/airflow/example_dags/example_branch_labels.py for tasks to queue
[2022-07-31 01:51:15,290] {logging_mixin.py:115} INFO - [2022-07-31 01:51:15,290] {dagbag.py:507} INFO - Filling up the DagBag from /home/oury/.local/lib/python3.10/site-packages/airflow/example_dags/example_branch_labels.py
[2022-07-31 01:51:15,295] {processor.py:651} INFO - DAG(s) dict_keys(['example_branch_labels']) retrieved from /home/oury/.local/lib/python3.10/site-packages/airflow/example_dags/example_branch_labels.py
[2022-07-31 01:51:15,308] {logging_mixin.py:115} INFO - [2022-07-31 01:51:15,308] {dag.py:2379} INFO - Sync 1 DAGs
[2022-07-31 01:51:15,325] {logging_mixin.py:115} INFO - [2022-07-31 01:51:15,325] {dag.py:2923} INFO - Setting next_dagrun for example_branch_labels to 2022-07-30T00:00:00+00:00, run_after=2022-07-31T00:00:00+00:00
[2022-07-31 01:51:15,336] {processor.py:161} INFO - Processing /home/oury/.local/lib/python3.10/site-packages/airflow/example_dags/example_branch_labels.py took 0.049 seconds
