[2022-07-31 01:19:07,266] {processor.py:153} INFO - Started process (PID=6067) to work on /home/oury/.local/lib/python3.10/site-packages/airflow/example_dags/example_branch_python_dop_operator_3.py
[2022-07-31 01:19:07,266] {processor.py:641} INFO - Processing file /home/oury/.local/lib/python3.10/site-packages/airflow/example_dags/example_branch_python_dop_operator_3.py for tasks to queue
[2022-07-31 01:19:07,267] {logging_mixin.py:115} INFO - [2022-07-31 01:19:07,267] {dagbag.py:507} INFO - Filling up the DagBag from /home/oury/.local/lib/python3.10/site-packages/airflow/example_dags/example_branch_python_dop_operator_3.py
[2022-07-31 01:19:07,275] {processor.py:651} INFO - DAG(s) dict_keys(['example_branch_dop_operator_v3']) retrieved from /home/oury/.local/lib/python3.10/site-packages/airflow/example_dags/example_branch_python_dop_operator_3.py
[2022-07-31 01:19:07,287] {logging_mixin.py:115} INFO - [2022-07-31 01:19:07,287] {dag.py:2379} INFO - Sync 1 DAGs
[2022-07-31 01:19:07,306] {logging_mixin.py:115} INFO - [2022-07-31 01:19:07,306] {dag.py:2923} INFO - Setting next_dagrun for example_branch_dop_operator_v3 to 2022-07-31T00:18:00+00:00, run_after=2022-07-31T00:19:00+00:00
[2022-07-31 01:19:07,319] {processor.py:161} INFO - Processing /home/oury/.local/lib/python3.10/site-packages/airflow/example_dags/example_branch_python_dop_operator_3.py took 0.055 seconds
[2022-07-31 01:19:50,263] {processor.py:153} INFO - Started process (PID=6292) to work on /home/oury/.local/lib/python3.10/site-packages/airflow/example_dags/example_branch_python_dop_operator_3.py
[2022-07-31 01:19:50,264] {processor.py:641} INFO - Processing file /home/oury/.local/lib/python3.10/site-packages/airflow/example_dags/example_branch_python_dop_operator_3.py for tasks to queue
[2022-07-31 01:19:50,264] {logging_mixin.py:115} INFO - [2022-07-31 01:19:50,264] {dagbag.py:507} INFO - Filling up the DagBag from /home/oury/.local/lib/python3.10/site-packages/airflow/example_dags/example_branch_python_dop_operator_3.py
[2022-07-31 01:19:50,272] {processor.py:651} INFO - DAG(s) dict_keys(['example_branch_dop_operator_v3']) retrieved from /home/oury/.local/lib/python3.10/site-packages/airflow/example_dags/example_branch_python_dop_operator_3.py
[2022-07-31 01:19:50,284] {logging_mixin.py:115} INFO - [2022-07-31 01:19:50,284] {dag.py:2379} INFO - Sync 1 DAGs
[2022-07-31 01:19:50,303] {logging_mixin.py:115} INFO - [2022-07-31 01:19:50,303] {dag.py:2923} INFO - Setting next_dagrun for example_branch_dop_operator_v3 to 2022-07-31T00:18:00+00:00, run_after=2022-07-31T00:19:00+00:00
[2022-07-31 01:19:50,314] {processor.py:161} INFO - Processing /home/oury/.local/lib/python3.10/site-packages/airflow/example_dags/example_branch_python_dop_operator_3.py took 0.054 seconds
[2022-07-31 01:20:31,261] {processor.py:153} INFO - Started process (PID=6609) to work on /home/oury/.local/lib/python3.10/site-packages/airflow/example_dags/example_branch_python_dop_operator_3.py
[2022-07-31 01:20:31,262] {processor.py:641} INFO - Processing file /home/oury/.local/lib/python3.10/site-packages/airflow/example_dags/example_branch_python_dop_operator_3.py for tasks to queue
[2022-07-31 01:20:31,263] {logging_mixin.py:115} INFO - [2022-07-31 01:20:31,263] {dagbag.py:507} INFO - Filling up the DagBag from /home/oury/.local/lib/python3.10/site-packages/airflow/example_dags/example_branch_python_dop_operator_3.py
[2022-07-31 01:20:31,279] {processor.py:651} INFO - DAG(s) dict_keys(['example_branch_dop_operator_v3']) retrieved from /home/oury/.local/lib/python3.10/site-packages/airflow/example_dags/example_branch_python_dop_operator_3.py
[2022-07-31 01:20:31,310] {logging_mixin.py:115} INFO - [2022-07-31 01:20:31,309] {dag.py:2379} INFO - Sync 1 DAGs
[2022-07-31 01:20:31,354] {logging_mixin.py:115} INFO - [2022-07-31 01:20:31,353] {dag.py:2923} INFO - Setting next_dagrun for example_branch_dop_operator_v3 to 2022-07-31T00:19:00+00:00, run_after=2022-07-31T00:20:00+00:00
[2022-07-31 01:20:31,376] {processor.py:161} INFO - Processing /home/oury/.local/lib/python3.10/site-packages/airflow/example_dags/example_branch_python_dop_operator_3.py took 0.119 seconds
[2022-07-31 01:21:13,229] {processor.py:153} INFO - Started process (PID=6890) to work on /home/oury/.local/lib/python3.10/site-packages/airflow/example_dags/example_branch_python_dop_operator_3.py
[2022-07-31 01:21:13,230] {processor.py:641} INFO - Processing file /home/oury/.local/lib/python3.10/site-packages/airflow/example_dags/example_branch_python_dop_operator_3.py for tasks to queue
[2022-07-31 01:21:13,230] {logging_mixin.py:115} INFO - [2022-07-31 01:21:13,230] {dagbag.py:507} INFO - Filling up the DagBag from /home/oury/.local/lib/python3.10/site-packages/airflow/example_dags/example_branch_python_dop_operator_3.py
[2022-07-31 01:21:13,238] {processor.py:651} INFO - DAG(s) dict_keys(['example_branch_dop_operator_v3']) retrieved from /home/oury/.local/lib/python3.10/site-packages/airflow/example_dags/example_branch_python_dop_operator_3.py
[2022-07-31 01:21:13,250] {logging_mixin.py:115} INFO - [2022-07-31 01:21:13,250] {dag.py:2379} INFO - Sync 1 DAGs
[2022-07-31 01:21:13,269] {logging_mixin.py:115} INFO - [2022-07-31 01:21:13,269] {dag.py:2923} INFO - Setting next_dagrun for example_branch_dop_operator_v3 to 2022-07-31T00:20:00+00:00, run_after=2022-07-31T00:21:00+00:00
[2022-07-31 01:21:13,281] {processor.py:161} INFO - Processing /home/oury/.local/lib/python3.10/site-packages/airflow/example_dags/example_branch_python_dop_operator_3.py took 0.054 seconds
[2022-07-31 01:21:54,888] {processor.py:153} INFO - Started process (PID=7262) to work on /home/oury/.local/lib/python3.10/site-packages/airflow/example_dags/example_branch_python_dop_operator_3.py
[2022-07-31 01:21:54,889] {processor.py:641} INFO - Processing file /home/oury/.local/lib/python3.10/site-packages/airflow/example_dags/example_branch_python_dop_operator_3.py for tasks to queue
[2022-07-31 01:21:54,889] {logging_mixin.py:115} INFO - [2022-07-31 01:21:54,889] {dagbag.py:507} INFO - Filling up the DagBag from /home/oury/.local/lib/python3.10/site-packages/airflow/example_dags/example_branch_python_dop_operator_3.py
[2022-07-31 01:21:54,900] {processor.py:651} INFO - DAG(s) dict_keys(['example_branch_dop_operator_v3']) retrieved from /home/oury/.local/lib/python3.10/site-packages/airflow/example_dags/example_branch_python_dop_operator_3.py
[2022-07-31 01:21:54,913] {logging_mixin.py:115} INFO - [2022-07-31 01:21:54,913] {dag.py:2379} INFO - Sync 1 DAGs
[2022-07-31 01:21:54,934] {logging_mixin.py:115} INFO - [2022-07-31 01:21:54,934] {dag.py:2923} INFO - Setting next_dagrun for example_branch_dop_operator_v3 to 2022-07-31T00:20:00+00:00, run_after=2022-07-31T00:21:00+00:00
[2022-07-31 01:21:54,947] {processor.py:161} INFO - Processing /home/oury/.local/lib/python3.10/site-packages/airflow/example_dags/example_branch_python_dop_operator_3.py took 0.062 seconds
[2022-07-31 01:22:39,438] {processor.py:153} INFO - Started process (PID=7460) to work on /home/oury/.local/lib/python3.10/site-packages/airflow/example_dags/example_branch_python_dop_operator_3.py
[2022-07-31 01:22:39,439] {processor.py:641} INFO - Processing file /home/oury/.local/lib/python3.10/site-packages/airflow/example_dags/example_branch_python_dop_operator_3.py for tasks to queue
[2022-07-31 01:22:39,440] {logging_mixin.py:115} INFO - [2022-07-31 01:22:39,440] {dagbag.py:507} INFO - Filling up the DagBag from /home/oury/.local/lib/python3.10/site-packages/airflow/example_dags/example_branch_python_dop_operator_3.py
[2022-07-31 01:22:39,452] {processor.py:651} INFO - DAG(s) dict_keys(['example_branch_dop_operator_v3']) retrieved from /home/oury/.local/lib/python3.10/site-packages/airflow/example_dags/example_branch_python_dop_operator_3.py
[2022-07-31 01:22:39,470] {logging_mixin.py:115} INFO - [2022-07-31 01:22:39,470] {dag.py:2379} INFO - Sync 1 DAGs
[2022-07-31 01:22:39,501] {logging_mixin.py:115} INFO - [2022-07-31 01:22:39,501] {dag.py:2923} INFO - Setting next_dagrun for example_branch_dop_operator_v3 to 2022-07-31T00:21:00+00:00, run_after=2022-07-31T00:22:00+00:00
[2022-07-31 01:22:39,516] {processor.py:161} INFO - Processing /home/oury/.local/lib/python3.10/site-packages/airflow/example_dags/example_branch_python_dop_operator_3.py took 0.081 seconds
[2022-07-31 01:23:23,201] {processor.py:153} INFO - Started process (PID=7607) to work on /home/oury/.local/lib/python3.10/site-packages/airflow/example_dags/example_branch_python_dop_operator_3.py
[2022-07-31 01:23:23,202] {processor.py:641} INFO - Processing file /home/oury/.local/lib/python3.10/site-packages/airflow/example_dags/example_branch_python_dop_operator_3.py for tasks to queue
[2022-07-31 01:23:23,202] {logging_mixin.py:115} INFO - [2022-07-31 01:23:23,202] {dagbag.py:507} INFO - Filling up the DagBag from /home/oury/.local/lib/python3.10/site-packages/airflow/example_dags/example_branch_python_dop_operator_3.py
[2022-07-31 01:23:23,210] {processor.py:651} INFO - DAG(s) dict_keys(['example_branch_dop_operator_v3']) retrieved from /home/oury/.local/lib/python3.10/site-packages/airflow/example_dags/example_branch_python_dop_operator_3.py
[2022-07-31 01:23:23,223] {logging_mixin.py:115} INFO - [2022-07-31 01:23:23,223] {dag.py:2379} INFO - Sync 1 DAGs
[2022-07-31 01:23:23,243] {logging_mixin.py:115} INFO - [2022-07-31 01:23:23,243] {dag.py:2923} INFO - Setting next_dagrun for example_branch_dop_operator_v3 to 2022-07-31T00:22:00+00:00, run_after=2022-07-31T00:23:00+00:00
[2022-07-31 01:23:23,254] {processor.py:161} INFO - Processing /home/oury/.local/lib/python3.10/site-packages/airflow/example_dags/example_branch_python_dop_operator_3.py took 0.055 seconds
[2022-07-31 01:24:07,606] {processor.py:153} INFO - Started process (PID=7732) to work on /home/oury/.local/lib/python3.10/site-packages/airflow/example_dags/example_branch_python_dop_operator_3.py
[2022-07-31 01:24:07,607] {processor.py:641} INFO - Processing file /home/oury/.local/lib/python3.10/site-packages/airflow/example_dags/example_branch_python_dop_operator_3.py for tasks to queue
[2022-07-31 01:24:07,607] {logging_mixin.py:115} INFO - [2022-07-31 01:24:07,607] {dagbag.py:507} INFO - Filling up the DagBag from /home/oury/.local/lib/python3.10/site-packages/airflow/example_dags/example_branch_python_dop_operator_3.py
[2022-07-31 01:24:07,615] {processor.py:651} INFO - DAG(s) dict_keys(['example_branch_dop_operator_v3']) retrieved from /home/oury/.local/lib/python3.10/site-packages/airflow/example_dags/example_branch_python_dop_operator_3.py
[2022-07-31 01:24:07,627] {logging_mixin.py:115} INFO - [2022-07-31 01:24:07,627] {dag.py:2379} INFO - Sync 1 DAGs
[2022-07-31 01:24:07,647] {logging_mixin.py:115} INFO - [2022-07-31 01:24:07,646] {dag.py:2923} INFO - Setting next_dagrun for example_branch_dop_operator_v3 to 2022-07-31T00:23:00+00:00, run_after=2022-07-31T00:24:00+00:00
[2022-07-31 01:24:07,659] {processor.py:161} INFO - Processing /home/oury/.local/lib/python3.10/site-packages/airflow/example_dags/example_branch_python_dop_operator_3.py took 0.055 seconds
[2022-07-31 01:25:28,838] {processor.py:153} INFO - Started process (PID=7990) to work on /home/oury/.local/lib/python3.10/site-packages/airflow/example_dags/example_branch_python_dop_operator_3.py
[2022-07-31 01:25:28,838] {processor.py:641} INFO - Processing file /home/oury/.local/lib/python3.10/site-packages/airflow/example_dags/example_branch_python_dop_operator_3.py for tasks to queue
[2022-07-31 01:25:28,839] {logging_mixin.py:115} INFO - [2022-07-31 01:25:28,839] {dagbag.py:507} INFO - Filling up the DagBag from /home/oury/.local/lib/python3.10/site-packages/airflow/example_dags/example_branch_python_dop_operator_3.py
[2022-07-31 01:25:28,847] {processor.py:651} INFO - DAG(s) dict_keys(['example_branch_dop_operator_v3']) retrieved from /home/oury/.local/lib/python3.10/site-packages/airflow/example_dags/example_branch_python_dop_operator_3.py
[2022-07-31 01:25:28,859] {logging_mixin.py:115} INFO - [2022-07-31 01:25:28,859] {dag.py:2379} INFO - Sync 1 DAGs
[2022-07-31 01:25:28,878] {logging_mixin.py:115} INFO - [2022-07-31 01:25:28,878] {dag.py:2923} INFO - Setting next_dagrun for example_branch_dop_operator_v3 to 2022-07-31T00:24:00+00:00, run_after=2022-07-31T00:25:00+00:00
[2022-07-31 01:25:28,889] {processor.py:161} INFO - Processing /home/oury/.local/lib/python3.10/site-packages/airflow/example_dags/example_branch_python_dop_operator_3.py took 0.054 seconds
[2022-07-31 01:26:10,069] {processor.py:153} INFO - Started process (PID=8128) to work on /home/oury/.local/lib/python3.10/site-packages/airflow/example_dags/example_branch_python_dop_operator_3.py
[2022-07-31 01:26:10,070] {processor.py:641} INFO - Processing file /home/oury/.local/lib/python3.10/site-packages/airflow/example_dags/example_branch_python_dop_operator_3.py for tasks to queue
[2022-07-31 01:26:10,071] {logging_mixin.py:115} INFO - [2022-07-31 01:26:10,071] {dagbag.py:507} INFO - Filling up the DagBag from /home/oury/.local/lib/python3.10/site-packages/airflow/example_dags/example_branch_python_dop_operator_3.py
[2022-07-31 01:26:10,082] {processor.py:651} INFO - DAG(s) dict_keys(['example_branch_dop_operator_v3']) retrieved from /home/oury/.local/lib/python3.10/site-packages/airflow/example_dags/example_branch_python_dop_operator_3.py
[2022-07-31 01:26:10,096] {logging_mixin.py:115} INFO - [2022-07-31 01:26:10,096] {dag.py:2379} INFO - Sync 1 DAGs
[2022-07-31 01:26:10,116] {logging_mixin.py:115} INFO - [2022-07-31 01:26:10,116] {dag.py:2923} INFO - Setting next_dagrun for example_branch_dop_operator_v3 to 2022-07-31T00:25:00+00:00, run_after=2022-07-31T00:26:00+00:00
[2022-07-31 01:26:10,127] {processor.py:161} INFO - Processing /home/oury/.local/lib/python3.10/site-packages/airflow/example_dags/example_branch_python_dop_operator_3.py took 0.061 seconds
[2022-07-31 01:26:51,316] {processor.py:153} INFO - Started process (PID=8238) to work on /home/oury/.local/lib/python3.10/site-packages/airflow/example_dags/example_branch_python_dop_operator_3.py
[2022-07-31 01:26:51,317] {processor.py:641} INFO - Processing file /home/oury/.local/lib/python3.10/site-packages/airflow/example_dags/example_branch_python_dop_operator_3.py for tasks to queue
[2022-07-31 01:26:51,317] {logging_mixin.py:115} INFO - [2022-07-31 01:26:51,317] {dagbag.py:507} INFO - Filling up the DagBag from /home/oury/.local/lib/python3.10/site-packages/airflow/example_dags/example_branch_python_dop_operator_3.py
[2022-07-31 01:26:51,325] {processor.py:651} INFO - DAG(s) dict_keys(['example_branch_dop_operator_v3']) retrieved from /home/oury/.local/lib/python3.10/site-packages/airflow/example_dags/example_branch_python_dop_operator_3.py
[2022-07-31 01:26:51,337] {logging_mixin.py:115} INFO - [2022-07-31 01:26:51,337] {dag.py:2379} INFO - Sync 1 DAGs
[2022-07-31 01:26:51,356] {logging_mixin.py:115} INFO - [2022-07-31 01:26:51,356] {dag.py:2923} INFO - Setting next_dagrun for example_branch_dop_operator_v3 to 2022-07-31T00:25:00+00:00, run_after=2022-07-31T00:26:00+00:00
[2022-07-31 01:26:51,368] {processor.py:161} INFO - Processing /home/oury/.local/lib/python3.10/site-packages/airflow/example_dags/example_branch_python_dop_operator_3.py took 0.055 seconds
[2022-07-31 01:27:33,681] {processor.py:153} INFO - Started process (PID=8321) to work on /home/oury/.local/lib/python3.10/site-packages/airflow/example_dags/example_branch_python_dop_operator_3.py
[2022-07-31 01:27:33,682] {processor.py:641} INFO - Processing file /home/oury/.local/lib/python3.10/site-packages/airflow/example_dags/example_branch_python_dop_operator_3.py for tasks to queue
[2022-07-31 01:27:33,682] {logging_mixin.py:115} INFO - [2022-07-31 01:27:33,682] {dagbag.py:507} INFO - Filling up the DagBag from /home/oury/.local/lib/python3.10/site-packages/airflow/example_dags/example_branch_python_dop_operator_3.py
[2022-07-31 01:27:33,690] {processor.py:651} INFO - DAG(s) dict_keys(['example_branch_dop_operator_v3']) retrieved from /home/oury/.local/lib/python3.10/site-packages/airflow/example_dags/example_branch_python_dop_operator_3.py
[2022-07-31 01:27:33,702] {logging_mixin.py:115} INFO - [2022-07-31 01:27:33,702] {dag.py:2379} INFO - Sync 1 DAGs
[2022-07-31 01:27:33,721] {logging_mixin.py:115} INFO - [2022-07-31 01:27:33,721] {dag.py:2923} INFO - Setting next_dagrun for example_branch_dop_operator_v3 to 2022-07-31T00:26:00+00:00, run_after=2022-07-31T00:27:00+00:00
[2022-07-31 01:27:33,733] {processor.py:161} INFO - Processing /home/oury/.local/lib/python3.10/site-packages/airflow/example_dags/example_branch_python_dop_operator_3.py took 0.054 seconds
[2022-07-31 01:28:14,935] {processor.py:153} INFO - Started process (PID=8528) to work on /home/oury/.local/lib/python3.10/site-packages/airflow/example_dags/example_branch_python_dop_operator_3.py
[2022-07-31 01:28:14,936] {processor.py:641} INFO - Processing file /home/oury/.local/lib/python3.10/site-packages/airflow/example_dags/example_branch_python_dop_operator_3.py for tasks to queue
[2022-07-31 01:28:14,937] {logging_mixin.py:115} INFO - [2022-07-31 01:28:14,937] {dagbag.py:507} INFO - Filling up the DagBag from /home/oury/.local/lib/python3.10/site-packages/airflow/example_dags/example_branch_python_dop_operator_3.py
[2022-07-31 01:28:14,950] {processor.py:651} INFO - DAG(s) dict_keys(['example_branch_dop_operator_v3']) retrieved from /home/oury/.local/lib/python3.10/site-packages/airflow/example_dags/example_branch_python_dop_operator_3.py
[2022-07-31 01:28:14,969] {logging_mixin.py:115} INFO - [2022-07-31 01:28:14,969] {dag.py:2379} INFO - Sync 1 DAGs
[2022-07-31 01:28:14,993] {logging_mixin.py:115} INFO - [2022-07-31 01:28:14,993] {dag.py:2923} INFO - Setting next_dagrun for example_branch_dop_operator_v3 to 2022-07-31T00:27:00+00:00, run_after=2022-07-31T00:28:00+00:00
[2022-07-31 01:28:15,008] {processor.py:161} INFO - Processing /home/oury/.local/lib/python3.10/site-packages/airflow/example_dags/example_branch_python_dop_operator_3.py took 0.076 seconds
[2022-07-31 01:29:00,098] {processor.py:153} INFO - Started process (PID=8617) to work on /home/oury/.local/lib/python3.10/site-packages/airflow/example_dags/example_branch_python_dop_operator_3.py
[2022-07-31 01:29:00,099] {processor.py:641} INFO - Processing file /home/oury/.local/lib/python3.10/site-packages/airflow/example_dags/example_branch_python_dop_operator_3.py for tasks to queue
[2022-07-31 01:29:00,099] {logging_mixin.py:115} INFO - [2022-07-31 01:29:00,099] {dagbag.py:507} INFO - Filling up the DagBag from /home/oury/.local/lib/python3.10/site-packages/airflow/example_dags/example_branch_python_dop_operator_3.py
[2022-07-31 01:29:00,107] {processor.py:651} INFO - DAG(s) dict_keys(['example_branch_dop_operator_v3']) retrieved from /home/oury/.local/lib/python3.10/site-packages/airflow/example_dags/example_branch_python_dop_operator_3.py
[2022-07-31 01:29:00,119] {logging_mixin.py:115} INFO - [2022-07-31 01:29:00,119] {dag.py:2379} INFO - Sync 1 DAGs
[2022-07-31 01:29:00,138] {logging_mixin.py:115} INFO - [2022-07-31 01:29:00,138] {dag.py:2923} INFO - Setting next_dagrun for example_branch_dop_operator_v3 to 2022-07-31T00:28:00+00:00, run_after=2022-07-31T00:29:00+00:00
[2022-07-31 01:29:00,150] {processor.py:161} INFO - Processing /home/oury/.local/lib/python3.10/site-packages/airflow/example_dags/example_branch_python_dop_operator_3.py took 0.054 seconds
[2022-07-31 01:29:42,618] {processor.py:153} INFO - Started process (PID=8701) to work on /home/oury/.local/lib/python3.10/site-packages/airflow/example_dags/example_branch_python_dop_operator_3.py
[2022-07-31 01:29:42,618] {processor.py:641} INFO - Processing file /home/oury/.local/lib/python3.10/site-packages/airflow/example_dags/example_branch_python_dop_operator_3.py for tasks to queue
[2022-07-31 01:29:42,619] {logging_mixin.py:115} INFO - [2022-07-31 01:29:42,619] {dagbag.py:507} INFO - Filling up the DagBag from /home/oury/.local/lib/python3.10/site-packages/airflow/example_dags/example_branch_python_dop_operator_3.py
[2022-07-31 01:29:42,627] {processor.py:651} INFO - DAG(s) dict_keys(['example_branch_dop_operator_v3']) retrieved from /home/oury/.local/lib/python3.10/site-packages/airflow/example_dags/example_branch_python_dop_operator_3.py
[2022-07-31 01:29:42,640] {logging_mixin.py:115} INFO - [2022-07-31 01:29:42,640] {dag.py:2379} INFO - Sync 1 DAGs
[2022-07-31 01:29:42,659] {logging_mixin.py:115} INFO - [2022-07-31 01:29:42,659] {dag.py:2923} INFO - Setting next_dagrun for example_branch_dop_operator_v3 to 2022-07-31T00:28:00+00:00, run_after=2022-07-31T00:29:00+00:00
[2022-07-31 01:29:42,670] {processor.py:161} INFO - Processing /home/oury/.local/lib/python3.10/site-packages/airflow/example_dags/example_branch_python_dop_operator_3.py took 0.054 seconds
[2022-07-31 01:30:30,367] {processor.py:153} INFO - Started process (PID=8845) to work on /home/oury/.local/lib/python3.10/site-packages/airflow/example_dags/example_branch_python_dop_operator_3.py
[2022-07-31 01:30:30,375] {processor.py:641} INFO - Processing file /home/oury/.local/lib/python3.10/site-packages/airflow/example_dags/example_branch_python_dop_operator_3.py for tasks to queue
[2022-07-31 01:30:30,376] {logging_mixin.py:115} INFO - [2022-07-31 01:30:30,376] {dagbag.py:507} INFO - Filling up the DagBag from /home/oury/.local/lib/python3.10/site-packages/airflow/example_dags/example_branch_python_dop_operator_3.py
[2022-07-31 01:30:30,384] {processor.py:651} INFO - DAG(s) dict_keys(['example_branch_dop_operator_v3']) retrieved from /home/oury/.local/lib/python3.10/site-packages/airflow/example_dags/example_branch_python_dop_operator_3.py
[2022-07-31 01:30:30,397] {logging_mixin.py:115} INFO - [2022-07-31 01:30:30,397] {dag.py:2379} INFO - Sync 1 DAGs
[2022-07-31 01:30:30,416] {logging_mixin.py:115} INFO - [2022-07-31 01:30:30,416] {dag.py:2923} INFO - Setting next_dagrun for example_branch_dop_operator_v3 to 2022-07-31T00:29:00+00:00, run_after=2022-07-31T00:30:00+00:00
[2022-07-31 01:30:30,589] {processor.py:161} INFO - Processing /home/oury/.local/lib/python3.10/site-packages/airflow/example_dags/example_branch_python_dop_operator_3.py took 0.224 seconds
[2022-07-31 01:31:10,661] {processor.py:153} INFO - Started process (PID=8991) to work on /home/oury/.local/lib/python3.10/site-packages/airflow/example_dags/example_branch_python_dop_operator_3.py
[2022-07-31 01:31:10,662] {processor.py:641} INFO - Processing file /home/oury/.local/lib/python3.10/site-packages/airflow/example_dags/example_branch_python_dop_operator_3.py for tasks to queue
[2022-07-31 01:31:10,662] {logging_mixin.py:115} INFO - [2022-07-31 01:31:10,662] {dagbag.py:507} INFO - Filling up the DagBag from /home/oury/.local/lib/python3.10/site-packages/airflow/example_dags/example_branch_python_dop_operator_3.py
[2022-07-31 01:31:10,669] {processor.py:651} INFO - DAG(s) dict_keys(['example_branch_dop_operator_v3']) retrieved from /home/oury/.local/lib/python3.10/site-packages/airflow/example_dags/example_branch_python_dop_operator_3.py
[2022-07-31 01:31:10,682] {logging_mixin.py:115} INFO - [2022-07-31 01:31:10,682] {dag.py:2379} INFO - Sync 1 DAGs
[2022-07-31 01:31:10,701] {logging_mixin.py:115} INFO - [2022-07-31 01:31:10,700] {dag.py:2923} INFO - Setting next_dagrun for example_branch_dop_operator_v3 to 2022-07-31T00:30:00+00:00, run_after=2022-07-31T00:31:00+00:00
[2022-07-31 01:31:10,713] {processor.py:161} INFO - Processing /home/oury/.local/lib/python3.10/site-packages/airflow/example_dags/example_branch_python_dop_operator_3.py took 0.054 seconds
[2022-07-31 01:31:53,462] {processor.py:153} INFO - Started process (PID=9101) to work on /home/oury/.local/lib/python3.10/site-packages/airflow/example_dags/example_branch_python_dop_operator_3.py
[2022-07-31 01:31:53,463] {processor.py:641} INFO - Processing file /home/oury/.local/lib/python3.10/site-packages/airflow/example_dags/example_branch_python_dop_operator_3.py for tasks to queue
[2022-07-31 01:31:53,463] {logging_mixin.py:115} INFO - [2022-07-31 01:31:53,463] {dagbag.py:507} INFO - Filling up the DagBag from /home/oury/.local/lib/python3.10/site-packages/airflow/example_dags/example_branch_python_dop_operator_3.py
[2022-07-31 01:31:53,471] {processor.py:651} INFO - DAG(s) dict_keys(['example_branch_dop_operator_v3']) retrieved from /home/oury/.local/lib/python3.10/site-packages/airflow/example_dags/example_branch_python_dop_operator_3.py
[2022-07-31 01:31:53,484] {logging_mixin.py:115} INFO - [2022-07-31 01:31:53,484] {dag.py:2379} INFO - Sync 1 DAGs
[2022-07-31 01:31:53,503] {logging_mixin.py:115} INFO - [2022-07-31 01:31:53,503] {dag.py:2923} INFO - Setting next_dagrun for example_branch_dop_operator_v3 to 2022-07-31T00:30:00+00:00, run_after=2022-07-31T00:31:00+00:00
[2022-07-31 01:31:53,515] {processor.py:161} INFO - Processing /home/oury/.local/lib/python3.10/site-packages/airflow/example_dags/example_branch_python_dop_operator_3.py took 0.056 seconds
[2022-07-31 01:32:34,397] {processor.py:153} INFO - Started process (PID=9172) to work on /home/oury/.local/lib/python3.10/site-packages/airflow/example_dags/example_branch_python_dop_operator_3.py
[2022-07-31 01:32:34,398] {processor.py:641} INFO - Processing file /home/oury/.local/lib/python3.10/site-packages/airflow/example_dags/example_branch_python_dop_operator_3.py for tasks to queue
[2022-07-31 01:32:34,398] {logging_mixin.py:115} INFO - [2022-07-31 01:32:34,398] {dagbag.py:507} INFO - Filling up the DagBag from /home/oury/.local/lib/python3.10/site-packages/airflow/example_dags/example_branch_python_dop_operator_3.py
[2022-07-31 01:32:34,406] {processor.py:651} INFO - DAG(s) dict_keys(['example_branch_dop_operator_v3']) retrieved from /home/oury/.local/lib/python3.10/site-packages/airflow/example_dags/example_branch_python_dop_operator_3.py
[2022-07-31 01:32:34,418] {logging_mixin.py:115} INFO - [2022-07-31 01:32:34,418] {dag.py:2379} INFO - Sync 1 DAGs
[2022-07-31 01:32:34,437] {logging_mixin.py:115} INFO - [2022-07-31 01:32:34,437] {dag.py:2923} INFO - Setting next_dagrun for example_branch_dop_operator_v3 to 2022-07-31T00:31:00+00:00, run_after=2022-07-31T00:32:00+00:00
[2022-07-31 01:32:34,449] {processor.py:161} INFO - Processing /home/oury/.local/lib/python3.10/site-packages/airflow/example_dags/example_branch_python_dop_operator_3.py took 0.053 seconds
[2022-07-31 01:33:14,954] {processor.py:153} INFO - Started process (PID=9255) to work on /home/oury/.local/lib/python3.10/site-packages/airflow/example_dags/example_branch_python_dop_operator_3.py
[2022-07-31 01:33:14,954] {processor.py:641} INFO - Processing file /home/oury/.local/lib/python3.10/site-packages/airflow/example_dags/example_branch_python_dop_operator_3.py for tasks to queue
[2022-07-31 01:33:14,955] {logging_mixin.py:115} INFO - [2022-07-31 01:33:14,955] {dagbag.py:507} INFO - Filling up the DagBag from /home/oury/.local/lib/python3.10/site-packages/airflow/example_dags/example_branch_python_dop_operator_3.py
[2022-07-31 01:33:14,962] {processor.py:651} INFO - DAG(s) dict_keys(['example_branch_dop_operator_v3']) retrieved from /home/oury/.local/lib/python3.10/site-packages/airflow/example_dags/example_branch_python_dop_operator_3.py
[2022-07-31 01:33:14,975] {logging_mixin.py:115} INFO - [2022-07-31 01:33:14,975] {dag.py:2379} INFO - Sync 1 DAGs
[2022-07-31 01:33:14,994] {logging_mixin.py:115} INFO - [2022-07-31 01:33:14,994] {dag.py:2923} INFO - Setting next_dagrun for example_branch_dop_operator_v3 to 2022-07-31T00:32:00+00:00, run_after=2022-07-31T00:33:00+00:00
[2022-07-31 01:33:15,005] {processor.py:161} INFO - Processing /home/oury/.local/lib/python3.10/site-packages/airflow/example_dags/example_branch_python_dop_operator_3.py took 0.054 seconds
[2022-07-31 01:33:57,189] {processor.py:153} INFO - Started process (PID=9518) to work on /home/oury/.local/lib/python3.10/site-packages/airflow/example_dags/example_branch_python_dop_operator_3.py
[2022-07-31 01:33:57,190] {processor.py:641} INFO - Processing file /home/oury/.local/lib/python3.10/site-packages/airflow/example_dags/example_branch_python_dop_operator_3.py for tasks to queue
[2022-07-31 01:33:57,190] {logging_mixin.py:115} INFO - [2022-07-31 01:33:57,190] {dagbag.py:507} INFO - Filling up the DagBag from /home/oury/.local/lib/python3.10/site-packages/airflow/example_dags/example_branch_python_dop_operator_3.py
[2022-07-31 01:33:57,198] {processor.py:651} INFO - DAG(s) dict_keys(['example_branch_dop_operator_v3']) retrieved from /home/oury/.local/lib/python3.10/site-packages/airflow/example_dags/example_branch_python_dop_operator_3.py
[2022-07-31 01:33:57,210] {logging_mixin.py:115} INFO - [2022-07-31 01:33:57,210] {dag.py:2379} INFO - Sync 1 DAGs
[2022-07-31 01:33:57,229] {logging_mixin.py:115} INFO - [2022-07-31 01:33:57,229] {dag.py:2923} INFO - Setting next_dagrun for example_branch_dop_operator_v3 to 2022-07-31T00:32:00+00:00, run_after=2022-07-31T00:33:00+00:00
[2022-07-31 01:33:57,241] {processor.py:161} INFO - Processing /home/oury/.local/lib/python3.10/site-packages/airflow/example_dags/example_branch_python_dop_operator_3.py took 0.054 seconds
[2022-07-31 01:34:39,185] {processor.py:153} INFO - Started process (PID=9667) to work on /home/oury/.local/lib/python3.10/site-packages/airflow/example_dags/example_branch_python_dop_operator_3.py
[2022-07-31 01:34:39,186] {processor.py:641} INFO - Processing file /home/oury/.local/lib/python3.10/site-packages/airflow/example_dags/example_branch_python_dop_operator_3.py for tasks to queue
[2022-07-31 01:34:39,187] {logging_mixin.py:115} INFO - [2022-07-31 01:34:39,186] {dagbag.py:507} INFO - Filling up the DagBag from /home/oury/.local/lib/python3.10/site-packages/airflow/example_dags/example_branch_python_dop_operator_3.py
[2022-07-31 01:34:39,200] {processor.py:651} INFO - DAG(s) dict_keys(['example_branch_dop_operator_v3']) retrieved from /home/oury/.local/lib/python3.10/site-packages/airflow/example_dags/example_branch_python_dop_operator_3.py
[2022-07-31 01:34:39,222] {logging_mixin.py:115} INFO - [2022-07-31 01:34:39,222] {dag.py:2379} INFO - Sync 1 DAGs
[2022-07-31 01:34:39,259] {logging_mixin.py:115} INFO - [2022-07-31 01:34:39,258] {dag.py:2923} INFO - Setting next_dagrun for example_branch_dop_operator_v3 to 2022-07-31T00:33:00+00:00, run_after=2022-07-31T00:34:00+00:00
[2022-07-31 01:34:39,280] {processor.py:161} INFO - Processing /home/oury/.local/lib/python3.10/site-packages/airflow/example_dags/example_branch_python_dop_operator_3.py took 0.098 seconds
[2022-07-31 01:38:19,805] {processor.py:153} INFO - Started process (PID=10432) to work on /home/oury/.local/lib/python3.10/site-packages/airflow/example_dags/example_branch_python_dop_operator_3.py
[2022-07-31 01:38:19,806] {processor.py:641} INFO - Processing file /home/oury/.local/lib/python3.10/site-packages/airflow/example_dags/example_branch_python_dop_operator_3.py for tasks to queue
[2022-07-31 01:38:19,807] {logging_mixin.py:115} INFO - [2022-07-31 01:38:19,807] {dagbag.py:507} INFO - Filling up the DagBag from /home/oury/.local/lib/python3.10/site-packages/airflow/example_dags/example_branch_python_dop_operator_3.py
[2022-07-31 01:38:19,815] {processor.py:651} INFO - DAG(s) dict_keys(['example_branch_dop_operator_v3']) retrieved from /home/oury/.local/lib/python3.10/site-packages/airflow/example_dags/example_branch_python_dop_operator_3.py
[2022-07-31 01:38:19,853] {logging_mixin.py:115} INFO - [2022-07-31 01:38:19,853] {dag.py:2379} INFO - Sync 1 DAGs
[2022-07-31 01:38:19,954] {logging_mixin.py:115} INFO - [2022-07-31 01:38:19,954] {dag.py:2398} INFO - Creating ORM DAG for example_branch_dop_operator_v3
[2022-07-31 01:38:19,966] {logging_mixin.py:115} INFO - [2022-07-31 01:38:19,966] {dag.py:2923} INFO - Setting next_dagrun for example_branch_dop_operator_v3 to 2022-07-31T00:37:00+00:00, run_after=2022-07-31T00:38:00+00:00
[2022-07-31 01:38:19,980] {processor.py:161} INFO - Processing /home/oury/.local/lib/python3.10/site-packages/airflow/example_dags/example_branch_python_dop_operator_3.py took 0.177 seconds
[2022-07-31 01:39:02,709] {processor.py:153} INFO - Started process (PID=10658) to work on /home/oury/.local/lib/python3.10/site-packages/airflow/example_dags/example_branch_python_dop_operator_3.py
[2022-07-31 01:39:02,710] {processor.py:641} INFO - Processing file /home/oury/.local/lib/python3.10/site-packages/airflow/example_dags/example_branch_python_dop_operator_3.py for tasks to queue
[2022-07-31 01:39:02,710] {logging_mixin.py:115} INFO - [2022-07-31 01:39:02,710] {dagbag.py:507} INFO - Filling up the DagBag from /home/oury/.local/lib/python3.10/site-packages/airflow/example_dags/example_branch_python_dop_operator_3.py
[2022-07-31 01:39:02,718] {processor.py:651} INFO - DAG(s) dict_keys(['example_branch_dop_operator_v3']) retrieved from /home/oury/.local/lib/python3.10/site-packages/airflow/example_dags/example_branch_python_dop_operator_3.py
[2022-07-31 01:39:02,730] {logging_mixin.py:115} INFO - [2022-07-31 01:39:02,730] {dag.py:2379} INFO - Sync 1 DAGs
[2022-07-31 01:39:02,750] {logging_mixin.py:115} INFO - [2022-07-31 01:39:02,750] {dag.py:2923} INFO - Setting next_dagrun for example_branch_dop_operator_v3 to 2022-07-31T00:38:00+00:00, run_after=2022-07-31T00:39:00+00:00
[2022-07-31 01:39:02,761] {processor.py:161} INFO - Processing /home/oury/.local/lib/python3.10/site-packages/airflow/example_dags/example_branch_python_dop_operator_3.py took 0.055 seconds
[2022-07-31 01:39:41,261] {processor.py:153} INFO - Started process (PID=10869) to work on /home/oury/.local/lib/python3.10/site-packages/airflow/example_dags/example_branch_python_dop_operator_3.py
[2022-07-31 01:39:41,261] {processor.py:641} INFO - Processing file /home/oury/.local/lib/python3.10/site-packages/airflow/example_dags/example_branch_python_dop_operator_3.py for tasks to queue
[2022-07-31 01:39:41,262] {logging_mixin.py:115} INFO - [2022-07-31 01:39:41,262] {dagbag.py:507} INFO - Filling up the DagBag from /home/oury/.local/lib/python3.10/site-packages/airflow/example_dags/example_branch_python_dop_operator_3.py
[2022-07-31 01:39:41,271] {processor.py:651} INFO - DAG(s) dict_keys(['example_branch_dop_operator_v3']) retrieved from /home/oury/.local/lib/python3.10/site-packages/airflow/example_dags/example_branch_python_dop_operator_3.py
[2022-07-31 01:39:41,285] {logging_mixin.py:115} INFO - [2022-07-31 01:39:41,284] {dag.py:2379} INFO - Sync 1 DAGs
[2022-07-31 01:39:41,305] {logging_mixin.py:115} INFO - [2022-07-31 01:39:41,305] {dag.py:2923} INFO - Setting next_dagrun for example_branch_dop_operator_v3 to 2022-07-31T00:38:00+00:00, run_after=2022-07-31T00:39:00+00:00
[2022-07-31 01:39:41,318] {processor.py:161} INFO - Processing /home/oury/.local/lib/python3.10/site-packages/airflow/example_dags/example_branch_python_dop_operator_3.py took 0.059 seconds
[2022-07-31 01:40:23,341] {processor.py:153} INFO - Started process (PID=11069) to work on /home/oury/.local/lib/python3.10/site-packages/airflow/example_dags/example_branch_python_dop_operator_3.py
[2022-07-31 01:40:23,342] {processor.py:641} INFO - Processing file /home/oury/.local/lib/python3.10/site-packages/airflow/example_dags/example_branch_python_dop_operator_3.py for tasks to queue
[2022-07-31 01:40:23,342] {logging_mixin.py:115} INFO - [2022-07-31 01:40:23,342] {dagbag.py:507} INFO - Filling up the DagBag from /home/oury/.local/lib/python3.10/site-packages/airflow/example_dags/example_branch_python_dop_operator_3.py
[2022-07-31 01:40:23,350] {processor.py:651} INFO - DAG(s) dict_keys(['example_branch_dop_operator_v3']) retrieved from /home/oury/.local/lib/python3.10/site-packages/airflow/example_dags/example_branch_python_dop_operator_3.py
[2022-07-31 01:40:23,363] {logging_mixin.py:115} INFO - [2022-07-31 01:40:23,363] {dag.py:2379} INFO - Sync 1 DAGs
[2022-07-31 01:40:23,382] {logging_mixin.py:115} INFO - [2022-07-31 01:40:23,382] {dag.py:2923} INFO - Setting next_dagrun for example_branch_dop_operator_v3 to 2022-07-31T00:39:00+00:00, run_after=2022-07-31T00:40:00+00:00
[2022-07-31 01:40:23,393] {processor.py:161} INFO - Processing /home/oury/.local/lib/python3.10/site-packages/airflow/example_dags/example_branch_python_dop_operator_3.py took 0.054 seconds
[2022-07-31 01:41:23,550] {processor.py:153} INFO - Started process (PID=12640) to work on /home/oury/.local/lib/python3.10/site-packages/airflow/example_dags/example_branch_python_dop_operator_3.py
[2022-07-31 01:41:23,553] {processor.py:641} INFO - Processing file /home/oury/.local/lib/python3.10/site-packages/airflow/example_dags/example_branch_python_dop_operator_3.py for tasks to queue
[2022-07-31 01:41:23,554] {logging_mixin.py:115} INFO - [2022-07-31 01:41:23,554] {dagbag.py:507} INFO - Filling up the DagBag from /home/oury/.local/lib/python3.10/site-packages/airflow/example_dags/example_branch_python_dop_operator_3.py
[2022-07-31 01:41:23,726] {processor.py:651} INFO - DAG(s) dict_keys(['example_branch_dop_operator_v3']) retrieved from /home/oury/.local/lib/python3.10/site-packages/airflow/example_dags/example_branch_python_dop_operator_3.py
[2022-07-31 01:41:23,813] {logging_mixin.py:115} INFO - [2022-07-31 01:41:23,813] {dag.py:2379} INFO - Sync 1 DAGs
[2022-07-31 01:41:23,869] {logging_mixin.py:115} INFO - [2022-07-31 01:41:23,869] {dag.py:2923} INFO - Setting next_dagrun for example_branch_dop_operator_v3 to 2022-07-31T00:40:00+00:00, run_after=2022-07-31T00:41:00+00:00
[2022-07-31 01:41:23,942] {processor.py:161} INFO - Processing /home/oury/.local/lib/python3.10/site-packages/airflow/example_dags/example_branch_python_dop_operator_3.py took 0.425 seconds
[2022-07-31 01:42:57,781] {processor.py:153} INFO - Started process (PID=13252) to work on /home/oury/.local/lib/python3.10/site-packages/airflow/example_dags/example_branch_python_dop_operator_3.py
[2022-07-31 01:42:57,782] {processor.py:641} INFO - Processing file /home/oury/.local/lib/python3.10/site-packages/airflow/example_dags/example_branch_python_dop_operator_3.py for tasks to queue
[2022-07-31 01:42:57,783] {logging_mixin.py:115} INFO - [2022-07-31 01:42:57,783] {dagbag.py:507} INFO - Filling up the DagBag from /home/oury/.local/lib/python3.10/site-packages/airflow/example_dags/example_branch_python_dop_operator_3.py
[2022-07-31 01:42:57,791] {processor.py:651} INFO - DAG(s) dict_keys(['example_branch_dop_operator_v3']) retrieved from /home/oury/.local/lib/python3.10/site-packages/airflow/example_dags/example_branch_python_dop_operator_3.py
[2022-07-31 01:42:57,803] {logging_mixin.py:115} INFO - [2022-07-31 01:42:57,803] {dag.py:2379} INFO - Sync 1 DAGs
[2022-07-31 01:42:57,824] {logging_mixin.py:115} INFO - [2022-07-31 01:42:57,824] {dag.py:2923} INFO - Setting next_dagrun for example_branch_dop_operator_v3 to 2022-07-31T00:41:00+00:00, run_after=2022-07-31T00:42:00+00:00
[2022-07-31 01:42:57,836] {processor.py:161} INFO - Processing /home/oury/.local/lib/python3.10/site-packages/airflow/example_dags/example_branch_python_dop_operator_3.py took 0.057 seconds
[2022-07-31 01:43:40,318] {processor.py:153} INFO - Started process (PID=13417) to work on /home/oury/.local/lib/python3.10/site-packages/airflow/example_dags/example_branch_python_dop_operator_3.py
[2022-07-31 01:43:40,319] {processor.py:641} INFO - Processing file /home/oury/.local/lib/python3.10/site-packages/airflow/example_dags/example_branch_python_dop_operator_3.py for tasks to queue
[2022-07-31 01:43:40,320] {logging_mixin.py:115} INFO - [2022-07-31 01:43:40,320] {dagbag.py:507} INFO - Filling up the DagBag from /home/oury/.local/lib/python3.10/site-packages/airflow/example_dags/example_branch_python_dop_operator_3.py
[2022-07-31 01:43:40,329] {processor.py:651} INFO - DAG(s) dict_keys(['example_branch_dop_operator_v3']) retrieved from /home/oury/.local/lib/python3.10/site-packages/airflow/example_dags/example_branch_python_dop_operator_3.py
[2022-07-31 01:43:40,342] {logging_mixin.py:115} INFO - [2022-07-31 01:43:40,342] {dag.py:2379} INFO - Sync 1 DAGs
[2022-07-31 01:43:40,362] {logging_mixin.py:115} INFO - [2022-07-31 01:43:40,362] {dag.py:2923} INFO - Setting next_dagrun for example_branch_dop_operator_v3 to 2022-07-31T00:42:00+00:00, run_after=2022-07-31T00:43:00+00:00
[2022-07-31 01:43:40,375] {processor.py:161} INFO - Processing /home/oury/.local/lib/python3.10/site-packages/airflow/example_dags/example_branch_python_dop_operator_3.py took 0.060 seconds
[2022-07-31 01:44:26,498] {processor.py:153} INFO - Started process (PID=13726) to work on /home/oury/.local/lib/python3.10/site-packages/airflow/example_dags/example_branch_python_dop_operator_3.py
[2022-07-31 01:44:26,499] {processor.py:641} INFO - Processing file /home/oury/.local/lib/python3.10/site-packages/airflow/example_dags/example_branch_python_dop_operator_3.py for tasks to queue
[2022-07-31 01:44:26,499] {logging_mixin.py:115} INFO - [2022-07-31 01:44:26,499] {dagbag.py:507} INFO - Filling up the DagBag from /home/oury/.local/lib/python3.10/site-packages/airflow/example_dags/example_branch_python_dop_operator_3.py
[2022-07-31 01:44:26,507] {processor.py:651} INFO - DAG(s) dict_keys(['example_branch_dop_operator_v3']) retrieved from /home/oury/.local/lib/python3.10/site-packages/airflow/example_dags/example_branch_python_dop_operator_3.py
[2022-07-31 01:44:26,520] {logging_mixin.py:115} INFO - [2022-07-31 01:44:26,520] {dag.py:2379} INFO - Sync 1 DAGs
[2022-07-31 01:44:26,539] {logging_mixin.py:115} INFO - [2022-07-31 01:44:26,539] {dag.py:2923} INFO - Setting next_dagrun for example_branch_dop_operator_v3 to 2022-07-31T00:43:00+00:00, run_after=2022-07-31T00:44:00+00:00
[2022-07-31 01:44:26,551] {processor.py:161} INFO - Processing /home/oury/.local/lib/python3.10/site-packages/airflow/example_dags/example_branch_python_dop_operator_3.py took 0.055 seconds
[2022-07-31 01:45:16,136] {processor.py:153} INFO - Started process (PID=14079) to work on /home/oury/.local/lib/python3.10/site-packages/airflow/example_dags/example_branch_python_dop_operator_3.py
[2022-07-31 01:45:16,137] {processor.py:641} INFO - Processing file /home/oury/.local/lib/python3.10/site-packages/airflow/example_dags/example_branch_python_dop_operator_3.py for tasks to queue
[2022-07-31 01:45:16,137] {logging_mixin.py:115} INFO - [2022-07-31 01:45:16,137] {dagbag.py:507} INFO - Filling up the DagBag from /home/oury/.local/lib/python3.10/site-packages/airflow/example_dags/example_branch_python_dop_operator_3.py
[2022-07-31 01:45:16,145] {processor.py:651} INFO - DAG(s) dict_keys(['example_branch_dop_operator_v3']) retrieved from /home/oury/.local/lib/python3.10/site-packages/airflow/example_dags/example_branch_python_dop_operator_3.py
[2022-07-31 01:45:16,158] {logging_mixin.py:115} INFO - [2022-07-31 01:45:16,158] {dag.py:2379} INFO - Sync 1 DAGs
[2022-07-31 01:45:16,178] {logging_mixin.py:115} INFO - [2022-07-31 01:45:16,178] {dag.py:2923} INFO - Setting next_dagrun for example_branch_dop_operator_v3 to 2022-07-31T00:44:00+00:00, run_after=2022-07-31T00:45:00+00:00
[2022-07-31 01:45:16,189] {processor.py:161} INFO - Processing /home/oury/.local/lib/python3.10/site-packages/airflow/example_dags/example_branch_python_dop_operator_3.py took 0.055 seconds
[2022-07-31 01:45:56,425] {processor.py:153} INFO - Started process (PID=14312) to work on /home/oury/.local/lib/python3.10/site-packages/airflow/example_dags/example_branch_python_dop_operator_3.py
[2022-07-31 01:45:56,425] {processor.py:641} INFO - Processing file /home/oury/.local/lib/python3.10/site-packages/airflow/example_dags/example_branch_python_dop_operator_3.py for tasks to queue
[2022-07-31 01:45:56,426] {logging_mixin.py:115} INFO - [2022-07-31 01:45:56,426] {dagbag.py:507} INFO - Filling up the DagBag from /home/oury/.local/lib/python3.10/site-packages/airflow/example_dags/example_branch_python_dop_operator_3.py
[2022-07-31 01:45:56,437] {processor.py:651} INFO - DAG(s) dict_keys(['example_branch_dop_operator_v3']) retrieved from /home/oury/.local/lib/python3.10/site-packages/airflow/example_dags/example_branch_python_dop_operator_3.py
[2022-07-31 01:45:56,455] {logging_mixin.py:115} INFO - [2022-07-31 01:45:56,454] {dag.py:2379} INFO - Sync 1 DAGs
[2022-07-31 01:45:56,480] {logging_mixin.py:115} INFO - [2022-07-31 01:45:56,480] {dag.py:2923} INFO - Setting next_dagrun for example_branch_dop_operator_v3 to 2022-07-31T00:44:00+00:00, run_after=2022-07-31T00:45:00+00:00
[2022-07-31 01:45:56,493] {processor.py:161} INFO - Processing /home/oury/.local/lib/python3.10/site-packages/airflow/example_dags/example_branch_python_dop_operator_3.py took 0.071 seconds
[2022-07-31 01:46:38,230] {processor.py:153} INFO - Started process (PID=14429) to work on /home/oury/.local/lib/python3.10/site-packages/airflow/example_dags/example_branch_python_dop_operator_3.py
[2022-07-31 01:46:38,231] {processor.py:641} INFO - Processing file /home/oury/.local/lib/python3.10/site-packages/airflow/example_dags/example_branch_python_dop_operator_3.py for tasks to queue
[2022-07-31 01:46:38,231] {logging_mixin.py:115} INFO - [2022-07-31 01:46:38,231] {dagbag.py:507} INFO - Filling up the DagBag from /home/oury/.local/lib/python3.10/site-packages/airflow/example_dags/example_branch_python_dop_operator_3.py
[2022-07-31 01:46:38,241] {processor.py:651} INFO - DAG(s) dict_keys(['example_branch_dop_operator_v3']) retrieved from /home/oury/.local/lib/python3.10/site-packages/airflow/example_dags/example_branch_python_dop_operator_3.py
[2022-07-31 01:46:38,258] {logging_mixin.py:115} INFO - [2022-07-31 01:46:38,257] {dag.py:2379} INFO - Sync 1 DAGs
[2022-07-31 01:46:38,283] {logging_mixin.py:115} INFO - [2022-07-31 01:46:38,283] {dag.py:2923} INFO - Setting next_dagrun for example_branch_dop_operator_v3 to 2022-07-31T00:45:00+00:00, run_after=2022-07-31T00:46:00+00:00
[2022-07-31 01:46:38,297] {processor.py:161} INFO - Processing /home/oury/.local/lib/python3.10/site-packages/airflow/example_dags/example_branch_python_dop_operator_3.py took 0.069 seconds
[2022-07-31 01:47:21,881] {processor.py:153} INFO - Started process (PID=14723) to work on /home/oury/.local/lib/python3.10/site-packages/airflow/example_dags/example_branch_python_dop_operator_3.py
[2022-07-31 01:47:21,883] {processor.py:641} INFO - Processing file /home/oury/.local/lib/python3.10/site-packages/airflow/example_dags/example_branch_python_dop_operator_3.py for tasks to queue
[2022-07-31 01:47:21,883] {logging_mixin.py:115} INFO - [2022-07-31 01:47:21,883] {dagbag.py:507} INFO - Filling up the DagBag from /home/oury/.local/lib/python3.10/site-packages/airflow/example_dags/example_branch_python_dop_operator_3.py
[2022-07-31 01:47:21,897] {processor.py:651} INFO - DAG(s) dict_keys(['example_branch_dop_operator_v3']) retrieved from /home/oury/.local/lib/python3.10/site-packages/airflow/example_dags/example_branch_python_dop_operator_3.py
[2022-07-31 01:47:21,917] {logging_mixin.py:115} INFO - [2022-07-31 01:47:21,917] {dag.py:2379} INFO - Sync 1 DAGs
[2022-07-31 01:47:21,952] {logging_mixin.py:115} INFO - [2022-07-31 01:47:21,952] {dag.py:2923} INFO - Setting next_dagrun for example_branch_dop_operator_v3 to 2022-07-31T00:46:00+00:00, run_after=2022-07-31T00:47:00+00:00
[2022-07-31 01:47:21,969] {processor.py:161} INFO - Processing /home/oury/.local/lib/python3.10/site-packages/airflow/example_dags/example_branch_python_dop_operator_3.py took 0.093 seconds
[2022-07-31 01:48:03,440] {processor.py:153} INFO - Started process (PID=14837) to work on /home/oury/.local/lib/python3.10/site-packages/airflow/example_dags/example_branch_python_dop_operator_3.py
[2022-07-31 01:48:03,441] {processor.py:641} INFO - Processing file /home/oury/.local/lib/python3.10/site-packages/airflow/example_dags/example_branch_python_dop_operator_3.py for tasks to queue
[2022-07-31 01:48:03,441] {logging_mixin.py:115} INFO - [2022-07-31 01:48:03,441] {dagbag.py:507} INFO - Filling up the DagBag from /home/oury/.local/lib/python3.10/site-packages/airflow/example_dags/example_branch_python_dop_operator_3.py
[2022-07-31 01:48:03,450] {processor.py:651} INFO - DAG(s) dict_keys(['example_branch_dop_operator_v3']) retrieved from /home/oury/.local/lib/python3.10/site-packages/airflow/example_dags/example_branch_python_dop_operator_3.py
[2022-07-31 01:48:03,462] {logging_mixin.py:115} INFO - [2022-07-31 01:48:03,462] {dag.py:2379} INFO - Sync 1 DAGs
[2022-07-31 01:48:03,482] {logging_mixin.py:115} INFO - [2022-07-31 01:48:03,482] {dag.py:2923} INFO - Setting next_dagrun for example_branch_dop_operator_v3 to 2022-07-31T00:47:00+00:00, run_after=2022-07-31T00:48:00+00:00
[2022-07-31 01:48:03,493] {processor.py:161} INFO - Processing /home/oury/.local/lib/python3.10/site-packages/airflow/example_dags/example_branch_python_dop_operator_3.py took 0.055 seconds
[2022-07-31 01:48:48,650] {processor.py:153} INFO - Started process (PID=14962) to work on /home/oury/.local/lib/python3.10/site-packages/airflow/example_dags/example_branch_python_dop_operator_3.py
[2022-07-31 01:48:48,650] {processor.py:641} INFO - Processing file /home/oury/.local/lib/python3.10/site-packages/airflow/example_dags/example_branch_python_dop_operator_3.py for tasks to queue
[2022-07-31 01:48:48,651] {logging_mixin.py:115} INFO - [2022-07-31 01:48:48,651] {dagbag.py:507} INFO - Filling up the DagBag from /home/oury/.local/lib/python3.10/site-packages/airflow/example_dags/example_branch_python_dop_operator_3.py
[2022-07-31 01:48:48,660] {processor.py:651} INFO - DAG(s) dict_keys(['example_branch_dop_operator_v3']) retrieved from /home/oury/.local/lib/python3.10/site-packages/airflow/example_dags/example_branch_python_dop_operator_3.py
[2022-07-31 01:48:48,673] {logging_mixin.py:115} INFO - [2022-07-31 01:48:48,673] {dag.py:2379} INFO - Sync 1 DAGs
[2022-07-31 01:48:48,692] {logging_mixin.py:115} INFO - [2022-07-31 01:48:48,692] {dag.py:2923} INFO - Setting next_dagrun for example_branch_dop_operator_v3 to 2022-07-31T00:47:00+00:00, run_after=2022-07-31T00:48:00+00:00
[2022-07-31 01:48:48,703] {processor.py:161} INFO - Processing /home/oury/.local/lib/python3.10/site-packages/airflow/example_dags/example_branch_python_dop_operator_3.py took 0.056 seconds
[2022-07-31 01:49:29,110] {processor.py:153} INFO - Started process (PID=15015) to work on /home/oury/.local/lib/python3.10/site-packages/airflow/example_dags/example_branch_python_dop_operator_3.py
[2022-07-31 01:49:29,111] {processor.py:641} INFO - Processing file /home/oury/.local/lib/python3.10/site-packages/airflow/example_dags/example_branch_python_dop_operator_3.py for tasks to queue
[2022-07-31 01:49:29,111] {logging_mixin.py:115} INFO - [2022-07-31 01:49:29,111] {dagbag.py:507} INFO - Filling up the DagBag from /home/oury/.local/lib/python3.10/site-packages/airflow/example_dags/example_branch_python_dop_operator_3.py
[2022-07-31 01:49:29,119] {processor.py:651} INFO - DAG(s) dict_keys(['example_branch_dop_operator_v3']) retrieved from /home/oury/.local/lib/python3.10/site-packages/airflow/example_dags/example_branch_python_dop_operator_3.py
[2022-07-31 01:49:29,131] {logging_mixin.py:115} INFO - [2022-07-31 01:49:29,131] {dag.py:2379} INFO - Sync 1 DAGs
[2022-07-31 01:49:29,151] {logging_mixin.py:115} INFO - [2022-07-31 01:49:29,150] {dag.py:2923} INFO - Setting next_dagrun for example_branch_dop_operator_v3 to 2022-07-31T00:48:00+00:00, run_after=2022-07-31T00:49:00+00:00
[2022-07-31 01:49:29,163] {processor.py:161} INFO - Processing /home/oury/.local/lib/python3.10/site-packages/airflow/example_dags/example_branch_python_dop_operator_3.py took 0.055 seconds
[2022-07-31 01:50:12,486] {processor.py:153} INFO - Started process (PID=15073) to work on /home/oury/.local/lib/python3.10/site-packages/airflow/example_dags/example_branch_python_dop_operator_3.py
[2022-07-31 01:50:12,486] {processor.py:641} INFO - Processing file /home/oury/.local/lib/python3.10/site-packages/airflow/example_dags/example_branch_python_dop_operator_3.py for tasks to queue
[2022-07-31 01:50:12,487] {logging_mixin.py:115} INFO - [2022-07-31 01:50:12,487] {dagbag.py:507} INFO - Filling up the DagBag from /home/oury/.local/lib/python3.10/site-packages/airflow/example_dags/example_branch_python_dop_operator_3.py
[2022-07-31 01:50:12,495] {processor.py:651} INFO - DAG(s) dict_keys(['example_branch_dop_operator_v3']) retrieved from /home/oury/.local/lib/python3.10/site-packages/airflow/example_dags/example_branch_python_dop_operator_3.py
[2022-07-31 01:50:12,507] {logging_mixin.py:115} INFO - [2022-07-31 01:50:12,507] {dag.py:2379} INFO - Sync 1 DAGs
[2022-07-31 01:50:12,526] {logging_mixin.py:115} INFO - [2022-07-31 01:50:12,526] {dag.py:2923} INFO - Setting next_dagrun for example_branch_dop_operator_v3 to 2022-07-31T00:49:00+00:00, run_after=2022-07-31T00:50:00+00:00
[2022-07-31 01:50:12,538] {processor.py:161} INFO - Processing /home/oury/.local/lib/python3.10/site-packages/airflow/example_dags/example_branch_python_dop_operator_3.py took 0.054 seconds
[2022-07-31 01:50:56,702] {processor.py:153} INFO - Started process (PID=15133) to work on /home/oury/.local/lib/python3.10/site-packages/airflow/example_dags/example_branch_python_dop_operator_3.py
[2022-07-31 01:50:56,702] {processor.py:641} INFO - Processing file /home/oury/.local/lib/python3.10/site-packages/airflow/example_dags/example_branch_python_dop_operator_3.py for tasks to queue
[2022-07-31 01:50:56,703] {logging_mixin.py:115} INFO - [2022-07-31 01:50:56,702] {dagbag.py:507} INFO - Filling up the DagBag from /home/oury/.local/lib/python3.10/site-packages/airflow/example_dags/example_branch_python_dop_operator_3.py
[2022-07-31 01:50:56,711] {processor.py:651} INFO - DAG(s) dict_keys(['example_branch_dop_operator_v3']) retrieved from /home/oury/.local/lib/python3.10/site-packages/airflow/example_dags/example_branch_python_dop_operator_3.py
[2022-07-31 01:50:56,723] {logging_mixin.py:115} INFO - [2022-07-31 01:50:56,723] {dag.py:2379} INFO - Sync 1 DAGs
[2022-07-31 01:50:56,742] {logging_mixin.py:115} INFO - [2022-07-31 01:50:56,742] {dag.py:2923} INFO - Setting next_dagrun for example_branch_dop_operator_v3 to 2022-07-31T00:49:00+00:00, run_after=2022-07-31T00:50:00+00:00
[2022-07-31 01:50:56,754] {processor.py:161} INFO - Processing /home/oury/.local/lib/python3.10/site-packages/airflow/example_dags/example_branch_python_dop_operator_3.py took 0.055 seconds
