[2022-07-31 01:00:03,763] {processor.py:153} INFO - Started process (PID=11773) to work on /home/oury/.local/lib/python3.10/site-packages/airflow/example_dags/example_skip_dag.py
[2022-07-31 01:00:03,764] {processor.py:641} INFO - Processing file /home/oury/.local/lib/python3.10/site-packages/airflow/example_dags/example_skip_dag.py for tasks to queue
[2022-07-31 01:00:03,764] {logging_mixin.py:115} INFO - [2022-07-31 01:00:03,764] {dagbag.py:507} INFO - Filling up the DagBag from /home/oury/.local/lib/python3.10/site-packages/airflow/example_dags/example_skip_dag.py
[2022-07-31 01:00:03,799] {processor.py:651} INFO - DAG(s) dict_keys(['example_skip_dag']) retrieved from /home/oury/.local/lib/python3.10/site-packages/airflow/example_dags/example_skip_dag.py
[2022-07-31 01:00:03,857] {logging_mixin.py:115} INFO - [2022-07-31 01:00:03,857] {dag.py:2379} INFO - Sync 1 DAGs
[2022-07-31 01:00:03,896] {logging_mixin.py:115} INFO - [2022-07-31 01:00:03,896] {dag.py:2923} INFO - Setting next_dagrun for example_skip_dag to 2022-07-30T00:00:03.891834+00:00, run_after=2022-07-31T00:00:03.891834+00:00
[2022-07-31 01:00:03,917] {processor.py:161} INFO - Processing /home/oury/.local/lib/python3.10/site-packages/airflow/example_dags/example_skip_dag.py took 0.165 seconds
[2022-07-31 01:18:54,772] {processor.py:153} INFO - Started process (PID=6018) to work on /home/oury/.local/lib/python3.10/site-packages/airflow/example_dags/example_skip_dag.py
[2022-07-31 01:18:54,773] {processor.py:641} INFO - Processing file /home/oury/.local/lib/python3.10/site-packages/airflow/example_dags/example_skip_dag.py for tasks to queue
[2022-07-31 01:18:54,773] {logging_mixin.py:115} INFO - [2022-07-31 01:18:54,773] {dagbag.py:507} INFO - Filling up the DagBag from /home/oury/.local/lib/python3.10/site-packages/airflow/example_dags/example_skip_dag.py
[2022-07-31 01:18:54,778] {processor.py:651} INFO - DAG(s) dict_keys(['example_skip_dag']) retrieved from /home/oury/.local/lib/python3.10/site-packages/airflow/example_dags/example_skip_dag.py
[2022-07-31 01:18:54,791] {logging_mixin.py:115} INFO - [2022-07-31 01:18:54,791] {dag.py:2379} INFO - Sync 1 DAGs
[2022-07-31 01:18:54,806] {logging_mixin.py:115} INFO - [2022-07-31 01:18:54,806] {dag.py:2923} INFO - Setting next_dagrun for example_skip_dag to 2022-07-30T00:18:54.806292+00:00, run_after=2022-07-31T00:18:54.806292+00:00
[2022-07-31 01:18:54,817] {processor.py:161} INFO - Processing /home/oury/.local/lib/python3.10/site-packages/airflow/example_dags/example_skip_dag.py took 0.048 seconds
[2022-07-31 01:19:36,208] {processor.py:153} INFO - Started process (PID=6218) to work on /home/oury/.local/lib/python3.10/site-packages/airflow/example_dags/example_skip_dag.py
[2022-07-31 01:19:36,209] {processor.py:641} INFO - Processing file /home/oury/.local/lib/python3.10/site-packages/airflow/example_dags/example_skip_dag.py for tasks to queue
[2022-07-31 01:19:36,210] {logging_mixin.py:115} INFO - [2022-07-31 01:19:36,210] {dagbag.py:507} INFO - Filling up the DagBag from /home/oury/.local/lib/python3.10/site-packages/airflow/example_dags/example_skip_dag.py
[2022-07-31 01:19:36,219] {processor.py:651} INFO - DAG(s) dict_keys(['example_skip_dag']) retrieved from /home/oury/.local/lib/python3.10/site-packages/airflow/example_dags/example_skip_dag.py
[2022-07-31 01:19:36,244] {logging_mixin.py:115} INFO - [2022-07-31 01:19:36,244] {dag.py:2379} INFO - Sync 1 DAGs
[2022-07-31 01:19:36,274] {logging_mixin.py:115} INFO - [2022-07-31 01:19:36,274] {dag.py:2923} INFO - Setting next_dagrun for example_skip_dag to 2022-07-30T00:19:36.273912+00:00, run_after=2022-07-31T00:19:36.273912+00:00
[2022-07-31 01:19:36,294] {processor.py:161} INFO - Processing /home/oury/.local/lib/python3.10/site-packages/airflow/example_dags/example_skip_dag.py took 0.093 seconds
[2022-07-31 01:20:17,457] {processor.py:153} INFO - Started process (PID=6511) to work on /home/oury/.local/lib/python3.10/site-packages/airflow/example_dags/example_skip_dag.py
[2022-07-31 01:20:17,458] {processor.py:641} INFO - Processing file /home/oury/.local/lib/python3.10/site-packages/airflow/example_dags/example_skip_dag.py for tasks to queue
[2022-07-31 01:20:17,458] {logging_mixin.py:115} INFO - [2022-07-31 01:20:17,458] {dagbag.py:507} INFO - Filling up the DagBag from /home/oury/.local/lib/python3.10/site-packages/airflow/example_dags/example_skip_dag.py
[2022-07-31 01:20:17,462] {processor.py:651} INFO - DAG(s) dict_keys(['example_skip_dag']) retrieved from /home/oury/.local/lib/python3.10/site-packages/airflow/example_dags/example_skip_dag.py
[2022-07-31 01:20:17,477] {logging_mixin.py:115} INFO - [2022-07-31 01:20:17,477] {dag.py:2379} INFO - Sync 1 DAGs
[2022-07-31 01:20:17,493] {logging_mixin.py:115} INFO - [2022-07-31 01:20:17,493] {dag.py:2923} INFO - Setting next_dagrun for example_skip_dag to 2022-07-30T00:20:17.493186+00:00, run_after=2022-07-31T00:20:17.493186+00:00
[2022-07-31 01:20:17,505] {processor.py:161} INFO - Processing /home/oury/.local/lib/python3.10/site-packages/airflow/example_dags/example_skip_dag.py took 0.050 seconds
[2022-07-31 01:20:58,802] {processor.py:153} INFO - Started process (PID=6777) to work on /home/oury/.local/lib/python3.10/site-packages/airflow/example_dags/example_skip_dag.py
[2022-07-31 01:20:58,803] {processor.py:641} INFO - Processing file /home/oury/.local/lib/python3.10/site-packages/airflow/example_dags/example_skip_dag.py for tasks to queue
[2022-07-31 01:20:58,804] {logging_mixin.py:115} INFO - [2022-07-31 01:20:58,804] {dagbag.py:507} INFO - Filling up the DagBag from /home/oury/.local/lib/python3.10/site-packages/airflow/example_dags/example_skip_dag.py
[2022-07-31 01:20:58,811] {processor.py:651} INFO - DAG(s) dict_keys(['example_skip_dag']) retrieved from /home/oury/.local/lib/python3.10/site-packages/airflow/example_dags/example_skip_dag.py
[2022-07-31 01:20:58,826] {logging_mixin.py:115} INFO - [2022-07-31 01:20:58,826] {dag.py:2379} INFO - Sync 1 DAGs
[2022-07-31 01:20:58,842] {logging_mixin.py:115} INFO - [2022-07-31 01:20:58,842] {dag.py:2923} INFO - Setting next_dagrun for example_skip_dag to 2022-07-30T00:20:58.842468+00:00, run_after=2022-07-31T00:20:58.842468+00:00
[2022-07-31 01:20:58,855] {processor.py:161} INFO - Processing /home/oury/.local/lib/python3.10/site-packages/airflow/example_dags/example_skip_dag.py took 0.055 seconds
[2022-07-31 01:21:40,229] {processor.py:153} INFO - Started process (PID=6944) to work on /home/oury/.local/lib/python3.10/site-packages/airflow/example_dags/example_skip_dag.py
[2022-07-31 01:21:40,230] {processor.py:641} INFO - Processing file /home/oury/.local/lib/python3.10/site-packages/airflow/example_dags/example_skip_dag.py for tasks to queue
[2022-07-31 01:21:40,230] {logging_mixin.py:115} INFO - [2022-07-31 01:21:40,230] {dagbag.py:507} INFO - Filling up the DagBag from /home/oury/.local/lib/python3.10/site-packages/airflow/example_dags/example_skip_dag.py
[2022-07-31 01:21:40,235] {processor.py:651} INFO - DAG(s) dict_keys(['example_skip_dag']) retrieved from /home/oury/.local/lib/python3.10/site-packages/airflow/example_dags/example_skip_dag.py
[2022-07-31 01:21:40,248] {logging_mixin.py:115} INFO - [2022-07-31 01:21:40,248] {dag.py:2379} INFO - Sync 1 DAGs
[2022-07-31 01:21:40,262] {logging_mixin.py:115} INFO - [2022-07-31 01:21:40,262] {dag.py:2923} INFO - Setting next_dagrun for example_skip_dag to 2022-07-30T00:21:40.262606+00:00, run_after=2022-07-31T00:21:40.262606+00:00
[2022-07-31 01:21:40,274] {processor.py:161} INFO - Processing /home/oury/.local/lib/python3.10/site-packages/airflow/example_dags/example_skip_dag.py took 0.047 seconds
[2022-07-31 01:22:23,092] {processor.py:153} INFO - Started process (PID=7381) to work on /home/oury/.local/lib/python3.10/site-packages/airflow/example_dags/example_skip_dag.py
[2022-07-31 01:22:23,093] {processor.py:641} INFO - Processing file /home/oury/.local/lib/python3.10/site-packages/airflow/example_dags/example_skip_dag.py for tasks to queue
[2022-07-31 01:22:23,093] {logging_mixin.py:115} INFO - [2022-07-31 01:22:23,093] {dagbag.py:507} INFO - Filling up the DagBag from /home/oury/.local/lib/python3.10/site-packages/airflow/example_dags/example_skip_dag.py
[2022-07-31 01:22:23,099] {processor.py:651} INFO - DAG(s) dict_keys(['example_skip_dag']) retrieved from /home/oury/.local/lib/python3.10/site-packages/airflow/example_dags/example_skip_dag.py
[2022-07-31 01:22:23,114] {logging_mixin.py:115} INFO - [2022-07-31 01:22:23,114] {dag.py:2379} INFO - Sync 1 DAGs
[2022-07-31 01:22:23,130] {logging_mixin.py:115} INFO - [2022-07-31 01:22:23,130] {dag.py:2923} INFO - Setting next_dagrun for example_skip_dag to 2022-07-30T00:22:23.129938+00:00, run_after=2022-07-31T00:22:23.129938+00:00
[2022-07-31 01:22:23,143] {processor.py:161} INFO - Processing /home/oury/.local/lib/python3.10/site-packages/airflow/example_dags/example_skip_dag.py took 0.054 seconds
[2022-07-31 01:23:06,142] {processor.py:153} INFO - Started process (PID=7575) to work on /home/oury/.local/lib/python3.10/site-packages/airflow/example_dags/example_skip_dag.py
[2022-07-31 01:23:06,143] {processor.py:641} INFO - Processing file /home/oury/.local/lib/python3.10/site-packages/airflow/example_dags/example_skip_dag.py for tasks to queue
[2022-07-31 01:23:06,143] {logging_mixin.py:115} INFO - [2022-07-31 01:23:06,143] {dagbag.py:507} INFO - Filling up the DagBag from /home/oury/.local/lib/python3.10/site-packages/airflow/example_dags/example_skip_dag.py
[2022-07-31 01:23:06,147] {processor.py:651} INFO - DAG(s) dict_keys(['example_skip_dag']) retrieved from /home/oury/.local/lib/python3.10/site-packages/airflow/example_dags/example_skip_dag.py
[2022-07-31 01:23:06,161] {logging_mixin.py:115} INFO - [2022-07-31 01:23:06,161] {dag.py:2379} INFO - Sync 1 DAGs
[2022-07-31 01:23:06,176] {logging_mixin.py:115} INFO - [2022-07-31 01:23:06,176] {dag.py:2923} INFO - Setting next_dagrun for example_skip_dag to 2022-07-30T00:23:06.176339+00:00, run_after=2022-07-31T00:23:06.176339+00:00
[2022-07-31 01:23:06,188] {processor.py:161} INFO - Processing /home/oury/.local/lib/python3.10/site-packages/airflow/example_dags/example_skip_dag.py took 0.048 seconds
[2022-07-31 01:23:45,722] {processor.py:153} INFO - Started process (PID=7696) to work on /home/oury/.local/lib/python3.10/site-packages/airflow/example_dags/example_skip_dag.py
[2022-07-31 01:23:45,722] {processor.py:641} INFO - Processing file /home/oury/.local/lib/python3.10/site-packages/airflow/example_dags/example_skip_dag.py for tasks to queue
[2022-07-31 01:23:45,723] {logging_mixin.py:115} INFO - [2022-07-31 01:23:45,723] {dagbag.py:507} INFO - Filling up the DagBag from /home/oury/.local/lib/python3.10/site-packages/airflow/example_dags/example_skip_dag.py
[2022-07-31 01:23:45,728] {processor.py:651} INFO - DAG(s) dict_keys(['example_skip_dag']) retrieved from /home/oury/.local/lib/python3.10/site-packages/airflow/example_dags/example_skip_dag.py
[2022-07-31 01:23:45,742] {logging_mixin.py:115} INFO - [2022-07-31 01:23:45,741] {dag.py:2379} INFO - Sync 1 DAGs
[2022-07-31 01:23:45,757] {logging_mixin.py:115} INFO - [2022-07-31 01:23:45,757] {dag.py:2923} INFO - Setting next_dagrun for example_skip_dag to 2022-07-30T00:23:45.757554+00:00, run_after=2022-07-31T00:23:45.757554+00:00
[2022-07-31 01:23:45,770] {processor.py:161} INFO - Processing /home/oury/.local/lib/python3.10/site-packages/airflow/example_dags/example_skip_dag.py took 0.051 seconds
[2022-07-31 01:25:16,902] {processor.py:153} INFO - Started process (PID=7975) to work on /home/oury/.local/lib/python3.10/site-packages/airflow/example_dags/example_skip_dag.py
[2022-07-31 01:25:16,902] {processor.py:641} INFO - Processing file /home/oury/.local/lib/python3.10/site-packages/airflow/example_dags/example_skip_dag.py for tasks to queue
[2022-07-31 01:25:16,903] {logging_mixin.py:115} INFO - [2022-07-31 01:25:16,902] {dagbag.py:507} INFO - Filling up the DagBag from /home/oury/.local/lib/python3.10/site-packages/airflow/example_dags/example_skip_dag.py
[2022-07-31 01:25:16,907] {processor.py:651} INFO - DAG(s) dict_keys(['example_skip_dag']) retrieved from /home/oury/.local/lib/python3.10/site-packages/airflow/example_dags/example_skip_dag.py
[2022-07-31 01:25:16,920] {logging_mixin.py:115} INFO - [2022-07-31 01:25:16,920] {dag.py:2379} INFO - Sync 1 DAGs
[2022-07-31 01:25:16,935] {logging_mixin.py:115} INFO - [2022-07-31 01:25:16,935] {dag.py:2923} INFO - Setting next_dagrun for example_skip_dag to 2022-07-30T00:25:16.935050+00:00, run_after=2022-07-31T00:25:16.935050+00:00
[2022-07-31 01:25:16,946] {processor.py:161} INFO - Processing /home/oury/.local/lib/python3.10/site-packages/airflow/example_dags/example_skip_dag.py took 0.047 seconds
[2022-07-31 01:25:57,033] {processor.py:153} INFO - Started process (PID=8100) to work on /home/oury/.local/lib/python3.10/site-packages/airflow/example_dags/example_skip_dag.py
[2022-07-31 01:25:57,033] {processor.py:641} INFO - Processing file /home/oury/.local/lib/python3.10/site-packages/airflow/example_dags/example_skip_dag.py for tasks to queue
[2022-07-31 01:25:57,034] {logging_mixin.py:115} INFO - [2022-07-31 01:25:57,034] {dagbag.py:507} INFO - Filling up the DagBag from /home/oury/.local/lib/python3.10/site-packages/airflow/example_dags/example_skip_dag.py
[2022-07-31 01:25:57,038] {processor.py:651} INFO - DAG(s) dict_keys(['example_skip_dag']) retrieved from /home/oury/.local/lib/python3.10/site-packages/airflow/example_dags/example_skip_dag.py
[2022-07-31 01:25:57,051] {logging_mixin.py:115} INFO - [2022-07-31 01:25:57,051] {dag.py:2379} INFO - Sync 1 DAGs
[2022-07-31 01:25:57,066] {logging_mixin.py:115} INFO - [2022-07-31 01:25:57,066] {dag.py:2923} INFO - Setting next_dagrun for example_skip_dag to 2022-07-30T00:25:57.066506+00:00, run_after=2022-07-31T00:25:57.066506+00:00
[2022-07-31 01:25:57,078] {processor.py:161} INFO - Processing /home/oury/.local/lib/python3.10/site-packages/airflow/example_dags/example_skip_dag.py took 0.048 seconds
[2022-07-31 01:26:37,090] {processor.py:153} INFO - Started process (PID=8210) to work on /home/oury/.local/lib/python3.10/site-packages/airflow/example_dags/example_skip_dag.py
[2022-07-31 01:26:37,090] {processor.py:641} INFO - Processing file /home/oury/.local/lib/python3.10/site-packages/airflow/example_dags/example_skip_dag.py for tasks to queue
[2022-07-31 01:26:37,090] {logging_mixin.py:115} INFO - [2022-07-31 01:26:37,090] {dagbag.py:507} INFO - Filling up the DagBag from /home/oury/.local/lib/python3.10/site-packages/airflow/example_dags/example_skip_dag.py
[2022-07-31 01:26:37,095] {processor.py:651} INFO - DAG(s) dict_keys(['example_skip_dag']) retrieved from /home/oury/.local/lib/python3.10/site-packages/airflow/example_dags/example_skip_dag.py
[2022-07-31 01:26:37,109] {logging_mixin.py:115} INFO - [2022-07-31 01:26:37,108] {dag.py:2379} INFO - Sync 1 DAGs
[2022-07-31 01:26:37,124] {logging_mixin.py:115} INFO - [2022-07-31 01:26:37,124] {dag.py:2923} INFO - Setting next_dagrun for example_skip_dag to 2022-07-30T00:26:37.123843+00:00, run_after=2022-07-31T00:26:37.123843+00:00
[2022-07-31 01:26:37,135] {processor.py:161} INFO - Processing /home/oury/.local/lib/python3.10/site-packages/airflow/example_dags/example_skip_dag.py took 0.048 seconds
[2022-07-31 01:27:19,318] {processor.py:153} INFO - Started process (PID=8293) to work on /home/oury/.local/lib/python3.10/site-packages/airflow/example_dags/example_skip_dag.py
[2022-07-31 01:27:19,319] {processor.py:641} INFO - Processing file /home/oury/.local/lib/python3.10/site-packages/airflow/example_dags/example_skip_dag.py for tasks to queue
[2022-07-31 01:27:19,319] {logging_mixin.py:115} INFO - [2022-07-31 01:27:19,319] {dagbag.py:507} INFO - Filling up the DagBag from /home/oury/.local/lib/python3.10/site-packages/airflow/example_dags/example_skip_dag.py
[2022-07-31 01:27:19,323] {processor.py:651} INFO - DAG(s) dict_keys(['example_skip_dag']) retrieved from /home/oury/.local/lib/python3.10/site-packages/airflow/example_dags/example_skip_dag.py
[2022-07-31 01:27:19,337] {logging_mixin.py:115} INFO - [2022-07-31 01:27:19,337] {dag.py:2379} INFO - Sync 1 DAGs
[2022-07-31 01:27:19,352] {logging_mixin.py:115} INFO - [2022-07-31 01:27:19,351] {dag.py:2923} INFO - Setting next_dagrun for example_skip_dag to 2022-07-30T00:27:19.351719+00:00, run_after=2022-07-31T00:27:19.351719+00:00
[2022-07-31 01:27:19,364] {processor.py:161} INFO - Processing /home/oury/.local/lib/python3.10/site-packages/airflow/example_dags/example_skip_dag.py took 0.048 seconds
[2022-07-31 01:27:59,339] {processor.py:153} INFO - Started process (PID=8429) to work on /home/oury/.local/lib/python3.10/site-packages/airflow/example_dags/example_skip_dag.py
[2022-07-31 01:27:59,339] {processor.py:641} INFO - Processing file /home/oury/.local/lib/python3.10/site-packages/airflow/example_dags/example_skip_dag.py for tasks to queue
[2022-07-31 01:27:59,340] {logging_mixin.py:115} INFO - [2022-07-31 01:27:59,340] {dagbag.py:507} INFO - Filling up the DagBag from /home/oury/.local/lib/python3.10/site-packages/airflow/example_dags/example_skip_dag.py
[2022-07-31 01:27:59,344] {processor.py:651} INFO - DAG(s) dict_keys(['example_skip_dag']) retrieved from /home/oury/.local/lib/python3.10/site-packages/airflow/example_dags/example_skip_dag.py
[2022-07-31 01:27:59,357] {logging_mixin.py:115} INFO - [2022-07-31 01:27:59,357] {dag.py:2379} INFO - Sync 1 DAGs
[2022-07-31 01:27:59,372] {logging_mixin.py:115} INFO - [2022-07-31 01:27:59,372] {dag.py:2923} INFO - Setting next_dagrun for example_skip_dag to 2022-07-30T00:27:59.372198+00:00, run_after=2022-07-31T00:27:59.372198+00:00
[2022-07-31 01:27:59,383] {processor.py:161} INFO - Processing /home/oury/.local/lib/python3.10/site-packages/airflow/example_dags/example_skip_dag.py took 0.047 seconds
[2022-07-31 01:28:42,010] {processor.py:153} INFO - Started process (PID=8574) to work on /home/oury/.local/lib/python3.10/site-packages/airflow/example_dags/example_skip_dag.py
[2022-07-31 01:28:42,011] {processor.py:641} INFO - Processing file /home/oury/.local/lib/python3.10/site-packages/airflow/example_dags/example_skip_dag.py for tasks to queue
[2022-07-31 01:28:42,011] {logging_mixin.py:115} INFO - [2022-07-31 01:28:42,011] {dagbag.py:507} INFO - Filling up the DagBag from /home/oury/.local/lib/python3.10/site-packages/airflow/example_dags/example_skip_dag.py
[2022-07-31 01:28:42,015] {processor.py:651} INFO - DAG(s) dict_keys(['example_skip_dag']) retrieved from /home/oury/.local/lib/python3.10/site-packages/airflow/example_dags/example_skip_dag.py
[2022-07-31 01:28:42,029] {logging_mixin.py:115} INFO - [2022-07-31 01:28:42,029] {dag.py:2379} INFO - Sync 1 DAGs
[2022-07-31 01:28:42,044] {logging_mixin.py:115} INFO - [2022-07-31 01:28:42,044] {dag.py:2923} INFO - Setting next_dagrun for example_skip_dag to 2022-07-30T00:28:42.044124+00:00, run_after=2022-07-31T00:28:42.044124+00:00
[2022-07-31 01:28:42,055] {processor.py:161} INFO - Processing /home/oury/.local/lib/python3.10/site-packages/airflow/example_dags/example_skip_dag.py took 0.047 seconds
[2022-07-31 01:29:24,318] {processor.py:153} INFO - Started process (PID=8663) to work on /home/oury/.local/lib/python3.10/site-packages/airflow/example_dags/example_skip_dag.py
[2022-07-31 01:29:24,318] {processor.py:641} INFO - Processing file /home/oury/.local/lib/python3.10/site-packages/airflow/example_dags/example_skip_dag.py for tasks to queue
[2022-07-31 01:29:24,319] {logging_mixin.py:115} INFO - [2022-07-31 01:29:24,319] {dagbag.py:507} INFO - Filling up the DagBag from /home/oury/.local/lib/python3.10/site-packages/airflow/example_dags/example_skip_dag.py
[2022-07-31 01:29:24,323] {processor.py:651} INFO - DAG(s) dict_keys(['example_skip_dag']) retrieved from /home/oury/.local/lib/python3.10/site-packages/airflow/example_dags/example_skip_dag.py
[2022-07-31 01:29:24,336] {logging_mixin.py:115} INFO - [2022-07-31 01:29:24,336] {dag.py:2379} INFO - Sync 1 DAGs
[2022-07-31 01:29:24,351] {logging_mixin.py:115} INFO - [2022-07-31 01:29:24,351] {dag.py:2923} INFO - Setting next_dagrun for example_skip_dag to 2022-07-30T00:29:24.351296+00:00, run_after=2022-07-31T00:29:24.351296+00:00
[2022-07-31 01:29:24,363] {processor.py:161} INFO - Processing /home/oury/.local/lib/python3.10/site-packages/airflow/example_dags/example_skip_dag.py took 0.047 seconds
[2022-07-31 01:30:12,574] {processor.py:153} INFO - Started process (PID=8780) to work on /home/oury/.local/lib/python3.10/site-packages/airflow/example_dags/example_skip_dag.py
[2022-07-31 01:30:12,579] {processor.py:641} INFO - Processing file /home/oury/.local/lib/python3.10/site-packages/airflow/example_dags/example_skip_dag.py for tasks to queue
[2022-07-31 01:30:12,580] {logging_mixin.py:115} INFO - [2022-07-31 01:30:12,580] {dagbag.py:507} INFO - Filling up the DagBag from /home/oury/.local/lib/python3.10/site-packages/airflow/example_dags/example_skip_dag.py
[2022-07-31 01:30:12,584] {processor.py:651} INFO - DAG(s) dict_keys(['example_skip_dag']) retrieved from /home/oury/.local/lib/python3.10/site-packages/airflow/example_dags/example_skip_dag.py
[2022-07-31 01:30:12,597] {logging_mixin.py:115} INFO - [2022-07-31 01:30:12,597] {dag.py:2379} INFO - Sync 1 DAGs
[2022-07-31 01:30:12,612] {logging_mixin.py:115} INFO - [2022-07-31 01:30:12,612] {dag.py:2923} INFO - Setting next_dagrun for example_skip_dag to 2022-07-30T00:30:12.612254+00:00, run_after=2022-07-31T00:30:12.612254+00:00
[2022-07-31 01:30:12,761] {processor.py:161} INFO - Processing /home/oury/.local/lib/python3.10/site-packages/airflow/example_dags/example_skip_dag.py took 0.189 seconds
[2022-07-31 01:30:56,509] {processor.py:153} INFO - Started process (PID=8960) to work on /home/oury/.local/lib/python3.10/site-packages/airflow/example_dags/example_skip_dag.py
[2022-07-31 01:30:56,510] {processor.py:641} INFO - Processing file /home/oury/.local/lib/python3.10/site-packages/airflow/example_dags/example_skip_dag.py for tasks to queue
[2022-07-31 01:30:56,510] {logging_mixin.py:115} INFO - [2022-07-31 01:30:56,510] {dagbag.py:507} INFO - Filling up the DagBag from /home/oury/.local/lib/python3.10/site-packages/airflow/example_dags/example_skip_dag.py
[2022-07-31 01:30:56,514] {processor.py:651} INFO - DAG(s) dict_keys(['example_skip_dag']) retrieved from /home/oury/.local/lib/python3.10/site-packages/airflow/example_dags/example_skip_dag.py
[2022-07-31 01:30:56,527] {logging_mixin.py:115} INFO - [2022-07-31 01:30:56,527] {dag.py:2379} INFO - Sync 1 DAGs
[2022-07-31 01:30:56,542] {logging_mixin.py:115} INFO - [2022-07-31 01:30:56,542] {dag.py:2923} INFO - Setting next_dagrun for example_skip_dag to 2022-07-30T00:30:56.542567+00:00, run_after=2022-07-31T00:30:56.542567+00:00
[2022-07-31 01:30:56,553] {processor.py:161} INFO - Processing /home/oury/.local/lib/python3.10/site-packages/airflow/example_dags/example_skip_dag.py took 0.046 seconds
[2022-07-31 01:31:37,153] {processor.py:153} INFO - Started process (PID=9040) to work on /home/oury/.local/lib/python3.10/site-packages/airflow/example_dags/example_skip_dag.py
[2022-07-31 01:31:37,153] {processor.py:641} INFO - Processing file /home/oury/.local/lib/python3.10/site-packages/airflow/example_dags/example_skip_dag.py for tasks to queue
[2022-07-31 01:31:37,154] {logging_mixin.py:115} INFO - [2022-07-31 01:31:37,154] {dagbag.py:507} INFO - Filling up the DagBag from /home/oury/.local/lib/python3.10/site-packages/airflow/example_dags/example_skip_dag.py
[2022-07-31 01:31:37,158] {processor.py:651} INFO - DAG(s) dict_keys(['example_skip_dag']) retrieved from /home/oury/.local/lib/python3.10/site-packages/airflow/example_dags/example_skip_dag.py
[2022-07-31 01:31:37,171] {logging_mixin.py:115} INFO - [2022-07-31 01:31:37,171] {dag.py:2379} INFO - Sync 1 DAGs
[2022-07-31 01:31:37,186] {logging_mixin.py:115} INFO - [2022-07-31 01:31:37,186] {dag.py:2923} INFO - Setting next_dagrun for example_skip_dag to 2022-07-30T00:31:37.185873+00:00, run_after=2022-07-31T00:31:37.185873+00:00
[2022-07-31 01:31:37,197] {processor.py:161} INFO - Processing /home/oury/.local/lib/python3.10/site-packages/airflow/example_dags/example_skip_dag.py took 0.047 seconds
[2022-07-31 01:32:18,125] {processor.py:153} INFO - Started process (PID=9139) to work on /home/oury/.local/lib/python3.10/site-packages/airflow/example_dags/example_skip_dag.py
[2022-07-31 01:32:18,125] {processor.py:641} INFO - Processing file /home/oury/.local/lib/python3.10/site-packages/airflow/example_dags/example_skip_dag.py for tasks to queue
[2022-07-31 01:32:18,126] {logging_mixin.py:115} INFO - [2022-07-31 01:32:18,126] {dagbag.py:507} INFO - Filling up the DagBag from /home/oury/.local/lib/python3.10/site-packages/airflow/example_dags/example_skip_dag.py
[2022-07-31 01:32:18,130] {processor.py:651} INFO - DAG(s) dict_keys(['example_skip_dag']) retrieved from /home/oury/.local/lib/python3.10/site-packages/airflow/example_dags/example_skip_dag.py
[2022-07-31 01:32:18,143] {logging_mixin.py:115} INFO - [2022-07-31 01:32:18,143] {dag.py:2379} INFO - Sync 1 DAGs
[2022-07-31 01:32:18,158] {logging_mixin.py:115} INFO - [2022-07-31 01:32:18,158] {dag.py:2923} INFO - Setting next_dagrun for example_skip_dag to 2022-07-30T00:32:18.158333+00:00, run_after=2022-07-31T00:32:18.158333+00:00
[2022-07-31 01:32:18,170] {processor.py:161} INFO - Processing /home/oury/.local/lib/python3.10/site-packages/airflow/example_dags/example_skip_dag.py took 0.047 seconds
[2022-07-31 01:32:59,605] {processor.py:153} INFO - Started process (PID=9221) to work on /home/oury/.local/lib/python3.10/site-packages/airflow/example_dags/example_skip_dag.py
[2022-07-31 01:32:59,605] {processor.py:641} INFO - Processing file /home/oury/.local/lib/python3.10/site-packages/airflow/example_dags/example_skip_dag.py for tasks to queue
[2022-07-31 01:32:59,606] {logging_mixin.py:115} INFO - [2022-07-31 01:32:59,606] {dagbag.py:507} INFO - Filling up the DagBag from /home/oury/.local/lib/python3.10/site-packages/airflow/example_dags/example_skip_dag.py
[2022-07-31 01:32:59,610] {processor.py:651} INFO - DAG(s) dict_keys(['example_skip_dag']) retrieved from /home/oury/.local/lib/python3.10/site-packages/airflow/example_dags/example_skip_dag.py
[2022-07-31 01:32:59,623] {logging_mixin.py:115} INFO - [2022-07-31 01:32:59,623] {dag.py:2379} INFO - Sync 1 DAGs
[2022-07-31 01:32:59,639] {logging_mixin.py:115} INFO - [2022-07-31 01:32:59,638] {dag.py:2923} INFO - Setting next_dagrun for example_skip_dag to 2022-07-30T00:32:59.638723+00:00, run_after=2022-07-31T00:32:59.638723+00:00
[2022-07-31 01:32:59,650] {processor.py:161} INFO - Processing /home/oury/.local/lib/python3.10/site-packages/airflow/example_dags/example_skip_dag.py took 0.047 seconds
[2022-07-31 01:33:42,053] {processor.py:153} INFO - Started process (PID=9327) to work on /home/oury/.local/lib/python3.10/site-packages/airflow/example_dags/example_skip_dag.py
[2022-07-31 01:33:42,054] {processor.py:641} INFO - Processing file /home/oury/.local/lib/python3.10/site-packages/airflow/example_dags/example_skip_dag.py for tasks to queue
[2022-07-31 01:33:42,054] {logging_mixin.py:115} INFO - [2022-07-31 01:33:42,054] {dagbag.py:507} INFO - Filling up the DagBag from /home/oury/.local/lib/python3.10/site-packages/airflow/example_dags/example_skip_dag.py
[2022-07-31 01:33:42,058] {processor.py:651} INFO - DAG(s) dict_keys(['example_skip_dag']) retrieved from /home/oury/.local/lib/python3.10/site-packages/airflow/example_dags/example_skip_dag.py
[2022-07-31 01:33:42,072] {logging_mixin.py:115} INFO - [2022-07-31 01:33:42,072] {dag.py:2379} INFO - Sync 1 DAGs
[2022-07-31 01:33:42,088] {logging_mixin.py:115} INFO - [2022-07-31 01:33:42,087] {dag.py:2923} INFO - Setting next_dagrun for example_skip_dag to 2022-07-30T00:33:42.087766+00:00, run_after=2022-07-31T00:33:42.087766+00:00
[2022-07-31 01:33:42,099] {processor.py:161} INFO - Processing /home/oury/.local/lib/python3.10/site-packages/airflow/example_dags/example_skip_dag.py took 0.048 seconds
[2022-07-31 01:34:24,017] {processor.py:153} INFO - Started process (PID=9637) to work on /home/oury/.local/lib/python3.10/site-packages/airflow/example_dags/example_skip_dag.py
[2022-07-31 01:34:24,018] {processor.py:641} INFO - Processing file /home/oury/.local/lib/python3.10/site-packages/airflow/example_dags/example_skip_dag.py for tasks to queue
[2022-07-31 01:34:24,018] {logging_mixin.py:115} INFO - [2022-07-31 01:34:24,018] {dagbag.py:507} INFO - Filling up the DagBag from /home/oury/.local/lib/python3.10/site-packages/airflow/example_dags/example_skip_dag.py
[2022-07-31 01:34:24,022] {processor.py:651} INFO - DAG(s) dict_keys(['example_skip_dag']) retrieved from /home/oury/.local/lib/python3.10/site-packages/airflow/example_dags/example_skip_dag.py
[2022-07-31 01:34:24,036] {logging_mixin.py:115} INFO - [2022-07-31 01:34:24,036] {dag.py:2379} INFO - Sync 1 DAGs
[2022-07-31 01:34:24,051] {logging_mixin.py:115} INFO - [2022-07-31 01:34:24,051] {dag.py:2923} INFO - Setting next_dagrun for example_skip_dag to 2022-07-30T00:34:24.051180+00:00, run_after=2022-07-31T00:34:24.051180+00:00
[2022-07-31 01:34:24,062] {processor.py:161} INFO - Processing /home/oury/.local/lib/python3.10/site-packages/airflow/example_dags/example_skip_dag.py took 0.047 seconds
[2022-07-31 01:38:05,354] {processor.py:153} INFO - Started process (PID=10347) to work on /home/oury/.local/lib/python3.10/site-packages/airflow/example_dags/example_skip_dag.py
[2022-07-31 01:38:05,355] {processor.py:641} INFO - Processing file /home/oury/.local/lib/python3.10/site-packages/airflow/example_dags/example_skip_dag.py for tasks to queue
[2022-07-31 01:38:05,355] {logging_mixin.py:115} INFO - [2022-07-31 01:38:05,355] {dagbag.py:507} INFO - Filling up the DagBag from /home/oury/.local/lib/python3.10/site-packages/airflow/example_dags/example_skip_dag.py
[2022-07-31 01:38:05,360] {processor.py:651} INFO - DAG(s) dict_keys(['example_skip_dag']) retrieved from /home/oury/.local/lib/python3.10/site-packages/airflow/example_dags/example_skip_dag.py
[2022-07-31 01:38:05,401] {logging_mixin.py:115} INFO - [2022-07-31 01:38:05,401] {dag.py:2379} INFO - Sync 1 DAGs
[2022-07-31 01:38:05,532] {logging_mixin.py:115} INFO - [2022-07-31 01:38:05,532] {dag.py:2398} INFO - Creating ORM DAG for example_skip_dag
[2022-07-31 01:38:05,544] {logging_mixin.py:115} INFO - [2022-07-31 01:38:05,544] {dag.py:2923} INFO - Setting next_dagrun for example_skip_dag to 2022-07-30T00:38:05.543930+00:00, run_after=2022-07-31T00:38:05.543930+00:00
[2022-07-31 01:38:05,563] {processor.py:161} INFO - Processing /home/oury/.local/lib/python3.10/site-packages/airflow/example_dags/example_skip_dag.py took 0.211 seconds
[2022-07-31 01:38:46,890] {processor.py:153} INFO - Started process (PID=10564) to work on /home/oury/.local/lib/python3.10/site-packages/airflow/example_dags/example_skip_dag.py
[2022-07-31 01:38:46,890] {processor.py:641} INFO - Processing file /home/oury/.local/lib/python3.10/site-packages/airflow/example_dags/example_skip_dag.py for tasks to queue
[2022-07-31 01:38:46,891] {logging_mixin.py:115} INFO - [2022-07-31 01:38:46,891] {dagbag.py:507} INFO - Filling up the DagBag from /home/oury/.local/lib/python3.10/site-packages/airflow/example_dags/example_skip_dag.py
[2022-07-31 01:38:46,895] {processor.py:651} INFO - DAG(s) dict_keys(['example_skip_dag']) retrieved from /home/oury/.local/lib/python3.10/site-packages/airflow/example_dags/example_skip_dag.py
[2022-07-31 01:38:46,908] {logging_mixin.py:115} INFO - [2022-07-31 01:38:46,908] {dag.py:2379} INFO - Sync 1 DAGs
[2022-07-31 01:38:46,923] {logging_mixin.py:115} INFO - [2022-07-31 01:38:46,923] {dag.py:2923} INFO - Setting next_dagrun for example_skip_dag to 2022-07-30T00:38:46.923360+00:00, run_after=2022-07-31T00:38:46.923360+00:00
[2022-07-31 01:38:46,934] {processor.py:161} INFO - Processing /home/oury/.local/lib/python3.10/site-packages/airflow/example_dags/example_skip_dag.py took 0.047 seconds
[2022-07-31 01:39:28,454] {processor.py:153} INFO - Started process (PID=10736) to work on /home/oury/.local/lib/python3.10/site-packages/airflow/example_dags/example_skip_dag.py
[2022-07-31 01:39:28,454] {processor.py:641} INFO - Processing file /home/oury/.local/lib/python3.10/site-packages/airflow/example_dags/example_skip_dag.py for tasks to queue
[2022-07-31 01:39:28,455] {logging_mixin.py:115} INFO - [2022-07-31 01:39:28,455] {dagbag.py:507} INFO - Filling up the DagBag from /home/oury/.local/lib/python3.10/site-packages/airflow/example_dags/example_skip_dag.py
[2022-07-31 01:39:28,459] {processor.py:651} INFO - DAG(s) dict_keys(['example_skip_dag']) retrieved from /home/oury/.local/lib/python3.10/site-packages/airflow/example_dags/example_skip_dag.py
[2022-07-31 01:39:28,472] {logging_mixin.py:115} INFO - [2022-07-31 01:39:28,472] {dag.py:2379} INFO - Sync 1 DAGs
[2022-07-31 01:39:28,487] {logging_mixin.py:115} INFO - [2022-07-31 01:39:28,487] {dag.py:2923} INFO - Setting next_dagrun for example_skip_dag to 2022-07-30T00:39:28.487325+00:00, run_after=2022-07-31T00:39:28.487325+00:00
[2022-07-31 01:39:28,498] {processor.py:161} INFO - Processing /home/oury/.local/lib/python3.10/site-packages/airflow/example_dags/example_skip_dag.py took 0.047 seconds
[2022-07-31 01:40:09,913] {processor.py:153} INFO - Started process (PID=11051) to work on /home/oury/.local/lib/python3.10/site-packages/airflow/example_dags/example_skip_dag.py
[2022-07-31 01:40:09,914] {processor.py:641} INFO - Processing file /home/oury/.local/lib/python3.10/site-packages/airflow/example_dags/example_skip_dag.py for tasks to queue
[2022-07-31 01:40:09,915] {logging_mixin.py:115} INFO - [2022-07-31 01:40:09,915] {dagbag.py:507} INFO - Filling up the DagBag from /home/oury/.local/lib/python3.10/site-packages/airflow/example_dags/example_skip_dag.py
[2022-07-31 01:40:09,919] {processor.py:651} INFO - DAG(s) dict_keys(['example_skip_dag']) retrieved from /home/oury/.local/lib/python3.10/site-packages/airflow/example_dags/example_skip_dag.py
[2022-07-31 01:40:09,933] {logging_mixin.py:115} INFO - [2022-07-31 01:40:09,932] {dag.py:2379} INFO - Sync 1 DAGs
[2022-07-31 01:40:09,947] {logging_mixin.py:115} INFO - [2022-07-31 01:40:09,947] {dag.py:2923} INFO - Setting next_dagrun for example_skip_dag to 2022-07-30T00:40:09.947596+00:00, run_after=2022-07-31T00:40:09.947596+00:00
[2022-07-31 01:40:09,959] {processor.py:161} INFO - Processing /home/oury/.local/lib/python3.10/site-packages/airflow/example_dags/example_skip_dag.py took 0.048 seconds
[2022-07-31 01:40:53,819] {processor.py:153} INFO - Started process (PID=12307) to work on /home/oury/.local/lib/python3.10/site-packages/airflow/example_dags/example_skip_dag.py
[2022-07-31 01:40:53,821] {processor.py:641} INFO - Processing file /home/oury/.local/lib/python3.10/site-packages/airflow/example_dags/example_skip_dag.py for tasks to queue
[2022-07-31 01:40:53,822] {logging_mixin.py:115} INFO - [2022-07-31 01:40:53,822] {dagbag.py:507} INFO - Filling up the DagBag from /home/oury/.local/lib/python3.10/site-packages/airflow/example_dags/example_skip_dag.py
[2022-07-31 01:40:53,831] {processor.py:651} INFO - DAG(s) dict_keys(['example_skip_dag']) retrieved from /home/oury/.local/lib/python3.10/site-packages/airflow/example_dags/example_skip_dag.py
[2022-07-31 01:40:53,860] {logging_mixin.py:115} INFO - [2022-07-31 01:40:53,859] {dag.py:2379} INFO - Sync 1 DAGs
[2022-07-31 01:40:53,888] {logging_mixin.py:115} INFO - [2022-07-31 01:40:53,887] {dag.py:2923} INFO - Setting next_dagrun for example_skip_dag to 2022-07-30T00:40:53.887709+00:00, run_after=2022-07-31T00:40:53.887709+00:00
[2022-07-31 01:40:53,907] {processor.py:161} INFO - Processing /home/oury/.local/lib/python3.10/site-packages/airflow/example_dags/example_skip_dag.py took 0.091 seconds
[2022-07-31 01:41:46,424] {processor.py:153} INFO - Started process (PID=12809) to work on /home/oury/.local/lib/python3.10/site-packages/airflow/example_dags/example_skip_dag.py
[2022-07-31 01:41:46,427] {processor.py:641} INFO - Processing file /home/oury/.local/lib/python3.10/site-packages/airflow/example_dags/example_skip_dag.py for tasks to queue
[2022-07-31 01:41:46,427] {logging_mixin.py:115} INFO - [2022-07-31 01:41:46,427] {dagbag.py:507} INFO - Filling up the DagBag from /home/oury/.local/lib/python3.10/site-packages/airflow/example_dags/example_skip_dag.py
[2022-07-31 01:41:46,451] {processor.py:651} INFO - DAG(s) dict_keys(['example_skip_dag']) retrieved from /home/oury/.local/lib/python3.10/site-packages/airflow/example_dags/example_skip_dag.py
[2022-07-31 01:41:46,497] {logging_mixin.py:115} INFO - [2022-07-31 01:41:46,497] {dag.py:2379} INFO - Sync 1 DAGs
[2022-07-31 01:41:46,519] {logging_mixin.py:115} INFO - [2022-07-31 01:41:46,519] {dag.py:2923} INFO - Setting next_dagrun for example_skip_dag to 2022-07-30T00:41:46.518281+00:00, run_after=2022-07-31T00:41:46.518281+00:00
[2022-07-31 01:41:46,533] {processor.py:161} INFO - Processing /home/oury/.local/lib/python3.10/site-packages/airflow/example_dags/example_skip_dag.py took 0.117 seconds
[2022-07-31 01:42:46,338] {processor.py:153} INFO - Started process (PID=13209) to work on /home/oury/.local/lib/python3.10/site-packages/airflow/example_dags/example_skip_dag.py
[2022-07-31 01:42:46,339] {processor.py:641} INFO - Processing file /home/oury/.local/lib/python3.10/site-packages/airflow/example_dags/example_skip_dag.py for tasks to queue
[2022-07-31 01:42:46,339] {logging_mixin.py:115} INFO - [2022-07-31 01:42:46,339] {dagbag.py:507} INFO - Filling up the DagBag from /home/oury/.local/lib/python3.10/site-packages/airflow/example_dags/example_skip_dag.py
[2022-07-31 01:42:46,344] {processor.py:651} INFO - DAG(s) dict_keys(['example_skip_dag']) retrieved from /home/oury/.local/lib/python3.10/site-packages/airflow/example_dags/example_skip_dag.py
[2022-07-31 01:42:46,361] {logging_mixin.py:115} INFO - [2022-07-31 01:42:46,361] {dag.py:2379} INFO - Sync 1 DAGs
[2022-07-31 01:42:46,378] {logging_mixin.py:115} INFO - [2022-07-31 01:42:46,378] {dag.py:2923} INFO - Setting next_dagrun for example_skip_dag to 2022-07-30T00:42:46.378263+00:00, run_after=2022-07-31T00:42:46.378263+00:00
[2022-07-31 01:42:46,390] {processor.py:161} INFO - Processing /home/oury/.local/lib/python3.10/site-packages/airflow/example_dags/example_skip_dag.py took 0.054 seconds
[2022-07-31 01:43:26,380] {processor.py:153} INFO - Started process (PID=13355) to work on /home/oury/.local/lib/python3.10/site-packages/airflow/example_dags/example_skip_dag.py
[2022-07-31 01:43:26,380] {processor.py:641} INFO - Processing file /home/oury/.local/lib/python3.10/site-packages/airflow/example_dags/example_skip_dag.py for tasks to queue
[2022-07-31 01:43:26,381] {logging_mixin.py:115} INFO - [2022-07-31 01:43:26,381] {dagbag.py:507} INFO - Filling up the DagBag from /home/oury/.local/lib/python3.10/site-packages/airflow/example_dags/example_skip_dag.py
[2022-07-31 01:43:26,386] {processor.py:651} INFO - DAG(s) dict_keys(['example_skip_dag']) retrieved from /home/oury/.local/lib/python3.10/site-packages/airflow/example_dags/example_skip_dag.py
[2022-07-31 01:43:26,400] {logging_mixin.py:115} INFO - [2022-07-31 01:43:26,400] {dag.py:2379} INFO - Sync 1 DAGs
[2022-07-31 01:43:26,417] {logging_mixin.py:115} INFO - [2022-07-31 01:43:26,417] {dag.py:2923} INFO - Setting next_dagrun for example_skip_dag to 2022-07-30T00:43:26.417289+00:00, run_after=2022-07-31T00:43:26.417289+00:00
[2022-07-31 01:43:26,430] {processor.py:161} INFO - Processing /home/oury/.local/lib/python3.10/site-packages/airflow/example_dags/example_skip_dag.py took 0.053 seconds
[2022-07-31 01:44:07,438] {processor.py:153} INFO - Started process (PID=13568) to work on /home/oury/.local/lib/python3.10/site-packages/airflow/example_dags/example_skip_dag.py
[2022-07-31 01:44:07,439] {processor.py:641} INFO - Processing file /home/oury/.local/lib/python3.10/site-packages/airflow/example_dags/example_skip_dag.py for tasks to queue
[2022-07-31 01:44:07,439] {logging_mixin.py:115} INFO - [2022-07-31 01:44:07,439] {dagbag.py:507} INFO - Filling up the DagBag from /home/oury/.local/lib/python3.10/site-packages/airflow/example_dags/example_skip_dag.py
[2022-07-31 01:44:07,443] {processor.py:651} INFO - DAG(s) dict_keys(['example_skip_dag']) retrieved from /home/oury/.local/lib/python3.10/site-packages/airflow/example_dags/example_skip_dag.py
[2022-07-31 01:44:07,457] {logging_mixin.py:115} INFO - [2022-07-31 01:44:07,457] {dag.py:2379} INFO - Sync 1 DAGs
[2022-07-31 01:44:07,472] {logging_mixin.py:115} INFO - [2022-07-31 01:44:07,472] {dag.py:2923} INFO - Setting next_dagrun for example_skip_dag to 2022-07-30T00:44:07.472141+00:00, run_after=2022-07-31T00:44:07.472141+00:00
[2022-07-31 01:44:07,483] {processor.py:161} INFO - Processing /home/oury/.local/lib/python3.10/site-packages/airflow/example_dags/example_skip_dag.py took 0.047 seconds
[2022-07-31 01:44:48,222] {processor.py:153} INFO - Started process (PID=13770) to work on /home/oury/.local/lib/python3.10/site-packages/airflow/example_dags/example_skip_dag.py
[2022-07-31 01:44:48,222] {processor.py:641} INFO - Processing file /home/oury/.local/lib/python3.10/site-packages/airflow/example_dags/example_skip_dag.py for tasks to queue
[2022-07-31 01:44:48,223] {logging_mixin.py:115} INFO - [2022-07-31 01:44:48,223] {dagbag.py:507} INFO - Filling up the DagBag from /home/oury/.local/lib/python3.10/site-packages/airflow/example_dags/example_skip_dag.py
[2022-07-31 01:44:48,227] {processor.py:651} INFO - DAG(s) dict_keys(['example_skip_dag']) retrieved from /home/oury/.local/lib/python3.10/site-packages/airflow/example_dags/example_skip_dag.py
[2022-07-31 01:44:48,241] {logging_mixin.py:115} INFO - [2022-07-31 01:44:48,241] {dag.py:2379} INFO - Sync 1 DAGs
[2022-07-31 01:44:48,256] {logging_mixin.py:115} INFO - [2022-07-31 01:44:48,256] {dag.py:2923} INFO - Setting next_dagrun for example_skip_dag to 2022-07-30T00:44:48.256339+00:00, run_after=2022-07-31T00:44:48.256339+00:00
[2022-07-31 01:44:48,268] {processor.py:161} INFO - Processing /home/oury/.local/lib/python3.10/site-packages/airflow/example_dags/example_skip_dag.py took 0.049 seconds
[2022-07-31 01:45:32,635] {processor.py:153} INFO - Started process (PID=14247) to work on /home/oury/.local/lib/python3.10/site-packages/airflow/example_dags/example_skip_dag.py
[2022-07-31 01:45:32,636] {processor.py:641} INFO - Processing file /home/oury/.local/lib/python3.10/site-packages/airflow/example_dags/example_skip_dag.py for tasks to queue
[2022-07-31 01:45:32,637] {logging_mixin.py:115} INFO - [2022-07-31 01:45:32,637] {dagbag.py:507} INFO - Filling up the DagBag from /home/oury/.local/lib/python3.10/site-packages/airflow/example_dags/example_skip_dag.py
[2022-07-31 01:45:32,641] {processor.py:651} INFO - DAG(s) dict_keys(['example_skip_dag']) retrieved from /home/oury/.local/lib/python3.10/site-packages/airflow/example_dags/example_skip_dag.py
[2022-07-31 01:45:32,655] {logging_mixin.py:115} INFO - [2022-07-31 01:45:32,655] {dag.py:2379} INFO - Sync 1 DAGs
[2022-07-31 01:45:32,670] {logging_mixin.py:115} INFO - [2022-07-31 01:45:32,670] {dag.py:2923} INFO - Setting next_dagrun for example_skip_dag to 2022-07-30T00:45:32.670511+00:00, run_after=2022-07-31T00:45:32.670511+00:00
[2022-07-31 01:45:32,682] {processor.py:161} INFO - Processing /home/oury/.local/lib/python3.10/site-packages/airflow/example_dags/example_skip_dag.py took 0.049 seconds
[2022-07-31 01:46:13,901] {processor.py:153} INFO - Started process (PID=14364) to work on /home/oury/.local/lib/python3.10/site-packages/airflow/example_dags/example_skip_dag.py
[2022-07-31 01:46:13,902] {processor.py:641} INFO - Processing file /home/oury/.local/lib/python3.10/site-packages/airflow/example_dags/example_skip_dag.py for tasks to queue
[2022-07-31 01:46:13,903] {logging_mixin.py:115} INFO - [2022-07-31 01:46:13,903] {dagbag.py:507} INFO - Filling up the DagBag from /home/oury/.local/lib/python3.10/site-packages/airflow/example_dags/example_skip_dag.py
[2022-07-31 01:46:13,908] {processor.py:651} INFO - DAG(s) dict_keys(['example_skip_dag']) retrieved from /home/oury/.local/lib/python3.10/site-packages/airflow/example_dags/example_skip_dag.py
[2022-07-31 01:46:13,942] {logging_mixin.py:115} INFO - [2022-07-31 01:46:13,941] {dag.py:2379} INFO - Sync 1 DAGs
[2022-07-31 01:46:13,964] {logging_mixin.py:115} INFO - [2022-07-31 01:46:13,963] {dag.py:2923} INFO - Setting next_dagrun for example_skip_dag to 2022-07-30T00:46:13.963447+00:00, run_after=2022-07-31T00:46:13.963447+00:00
[2022-07-31 01:46:13,979] {processor.py:161} INFO - Processing /home/oury/.local/lib/python3.10/site-packages/airflow/example_dags/example_skip_dag.py took 0.082 seconds
[2022-07-31 01:46:56,318] {processor.py:153} INFO - Started process (PID=14472) to work on /home/oury/.local/lib/python3.10/site-packages/airflow/example_dags/example_skip_dag.py
[2022-07-31 01:46:56,319] {processor.py:641} INFO - Processing file /home/oury/.local/lib/python3.10/site-packages/airflow/example_dags/example_skip_dag.py for tasks to queue
[2022-07-31 01:46:56,320] {logging_mixin.py:115} INFO - [2022-07-31 01:46:56,320] {dagbag.py:507} INFO - Filling up the DagBag from /home/oury/.local/lib/python3.10/site-packages/airflow/example_dags/example_skip_dag.py
[2022-07-31 01:46:56,329] {processor.py:651} INFO - DAG(s) dict_keys(['example_skip_dag']) retrieved from /home/oury/.local/lib/python3.10/site-packages/airflow/example_dags/example_skip_dag.py
[2022-07-31 01:46:56,359] {logging_mixin.py:115} INFO - [2022-07-31 01:46:56,359] {dag.py:2379} INFO - Sync 1 DAGs
[2022-07-31 01:46:56,396] {logging_mixin.py:115} INFO - [2022-07-31 01:46:56,395] {dag.py:2923} INFO - Setting next_dagrun for example_skip_dag to 2022-07-30T00:46:56.395360+00:00, run_after=2022-07-31T00:46:56.395360+00:00
[2022-07-31 01:46:56,418] {processor.py:161} INFO - Processing /home/oury/.local/lib/python3.10/site-packages/airflow/example_dags/example_skip_dag.py took 0.103 seconds
[2022-07-31 01:47:38,621] {processor.py:153} INFO - Started process (PID=14775) to work on /home/oury/.local/lib/python3.10/site-packages/airflow/example_dags/example_skip_dag.py
[2022-07-31 01:47:38,622] {processor.py:641} INFO - Processing file /home/oury/.local/lib/python3.10/site-packages/airflow/example_dags/example_skip_dag.py for tasks to queue
[2022-07-31 01:47:38,622] {logging_mixin.py:115} INFO - [2022-07-31 01:47:38,622] {dagbag.py:507} INFO - Filling up the DagBag from /home/oury/.local/lib/python3.10/site-packages/airflow/example_dags/example_skip_dag.py
[2022-07-31 01:47:38,626] {processor.py:651} INFO - DAG(s) dict_keys(['example_skip_dag']) retrieved from /home/oury/.local/lib/python3.10/site-packages/airflow/example_dags/example_skip_dag.py
[2022-07-31 01:47:38,640] {logging_mixin.py:115} INFO - [2022-07-31 01:47:38,640] {dag.py:2379} INFO - Sync 1 DAGs
[2022-07-31 01:47:38,655] {logging_mixin.py:115} INFO - [2022-07-31 01:47:38,655] {dag.py:2923} INFO - Setting next_dagrun for example_skip_dag to 2022-07-30T00:47:38.655621+00:00, run_after=2022-07-31T00:47:38.655621+00:00
[2022-07-31 01:47:38,667] {processor.py:161} INFO - Processing /home/oury/.local/lib/python3.10/site-packages/airflow/example_dags/example_skip_dag.py took 0.048 seconds
[2022-07-31 01:48:21,725] {processor.py:153} INFO - Started process (PID=14926) to work on /home/oury/.local/lib/python3.10/site-packages/airflow/example_dags/example_skip_dag.py
[2022-07-31 01:48:21,726] {processor.py:641} INFO - Processing file /home/oury/.local/lib/python3.10/site-packages/airflow/example_dags/example_skip_dag.py for tasks to queue
[2022-07-31 01:48:21,726] {logging_mixin.py:115} INFO - [2022-07-31 01:48:21,726] {dagbag.py:507} INFO - Filling up the DagBag from /home/oury/.local/lib/python3.10/site-packages/airflow/example_dags/example_skip_dag.py
[2022-07-31 01:48:21,731] {processor.py:651} INFO - DAG(s) dict_keys(['example_skip_dag']) retrieved from /home/oury/.local/lib/python3.10/site-packages/airflow/example_dags/example_skip_dag.py
[2022-07-31 01:48:21,747] {logging_mixin.py:115} INFO - [2022-07-31 01:48:21,747] {dag.py:2379} INFO - Sync 1 DAGs
[2022-07-31 01:48:21,763] {logging_mixin.py:115} INFO - [2022-07-31 01:48:21,762] {dag.py:2923} INFO - Setting next_dagrun for example_skip_dag to 2022-07-30T00:48:21.762765+00:00, run_after=2022-07-31T00:48:21.762765+00:00
[2022-07-31 01:48:21,774] {processor.py:161} INFO - Processing /home/oury/.local/lib/python3.10/site-packages/airflow/example_dags/example_skip_dag.py took 0.052 seconds
[2022-07-31 01:49:02,365] {processor.py:153} INFO - Started process (PID=14979) to work on /home/oury/.local/lib/python3.10/site-packages/airflow/example_dags/example_skip_dag.py
[2022-07-31 01:49:02,366] {processor.py:641} INFO - Processing file /home/oury/.local/lib/python3.10/site-packages/airflow/example_dags/example_skip_dag.py for tasks to queue
[2022-07-31 01:49:02,366] {logging_mixin.py:115} INFO - [2022-07-31 01:49:02,366] {dagbag.py:507} INFO - Filling up the DagBag from /home/oury/.local/lib/python3.10/site-packages/airflow/example_dags/example_skip_dag.py
[2022-07-31 01:49:02,370] {processor.py:651} INFO - DAG(s) dict_keys(['example_skip_dag']) retrieved from /home/oury/.local/lib/python3.10/site-packages/airflow/example_dags/example_skip_dag.py
[2022-07-31 01:49:02,384] {logging_mixin.py:115} INFO - [2022-07-31 01:49:02,384] {dag.py:2379} INFO - Sync 1 DAGs
[2022-07-31 01:49:02,399] {logging_mixin.py:115} INFO - [2022-07-31 01:49:02,399] {dag.py:2923} INFO - Setting next_dagrun for example_skip_dag to 2022-07-30T00:49:02.398862+00:00, run_after=2022-07-31T00:49:02.398862+00:00
[2022-07-31 01:49:02,410] {processor.py:161} INFO - Processing /home/oury/.local/lib/python3.10/site-packages/airflow/example_dags/example_skip_dag.py took 0.047 seconds
[2022-07-31 01:49:43,974] {processor.py:153} INFO - Started process (PID=15035) to work on /home/oury/.local/lib/python3.10/site-packages/airflow/example_dags/example_skip_dag.py
[2022-07-31 01:49:43,975] {processor.py:641} INFO - Processing file /home/oury/.local/lib/python3.10/site-packages/airflow/example_dags/example_skip_dag.py for tasks to queue
[2022-07-31 01:49:43,975] {logging_mixin.py:115} INFO - [2022-07-31 01:49:43,975] {dagbag.py:507} INFO - Filling up the DagBag from /home/oury/.local/lib/python3.10/site-packages/airflow/example_dags/example_skip_dag.py
[2022-07-31 01:49:43,979] {processor.py:651} INFO - DAG(s) dict_keys(['example_skip_dag']) retrieved from /home/oury/.local/lib/python3.10/site-packages/airflow/example_dags/example_skip_dag.py
[2022-07-31 01:49:43,993] {logging_mixin.py:115} INFO - [2022-07-31 01:49:43,993] {dag.py:2379} INFO - Sync 1 DAGs
[2022-07-31 01:49:44,009] {logging_mixin.py:115} INFO - [2022-07-31 01:49:44,009] {dag.py:2923} INFO - Setting next_dagrun for example_skip_dag to 2022-07-30T00:49:44.009117+00:00, run_after=2022-07-31T00:49:44.009117+00:00
[2022-07-31 01:49:44,020] {processor.py:161} INFO - Processing /home/oury/.local/lib/python3.10/site-packages/airflow/example_dags/example_skip_dag.py took 0.049 seconds
[2022-07-31 01:50:26,610] {processor.py:153} INFO - Started process (PID=15091) to work on /home/oury/.local/lib/python3.10/site-packages/airflow/example_dags/example_skip_dag.py
[2022-07-31 01:50:26,610] {processor.py:641} INFO - Processing file /home/oury/.local/lib/python3.10/site-packages/airflow/example_dags/example_skip_dag.py for tasks to queue
[2022-07-31 01:50:26,611] {logging_mixin.py:115} INFO - [2022-07-31 01:50:26,611] {dagbag.py:507} INFO - Filling up the DagBag from /home/oury/.local/lib/python3.10/site-packages/airflow/example_dags/example_skip_dag.py
[2022-07-31 01:50:26,615] {processor.py:651} INFO - DAG(s) dict_keys(['example_skip_dag']) retrieved from /home/oury/.local/lib/python3.10/site-packages/airflow/example_dags/example_skip_dag.py
[2022-07-31 01:50:26,633] {logging_mixin.py:115} INFO - [2022-07-31 01:50:26,633] {dag.py:2379} INFO - Sync 1 DAGs
[2022-07-31 01:50:26,652] {logging_mixin.py:115} INFO - [2022-07-31 01:50:26,652] {dag.py:2923} INFO - Setting next_dagrun for example_skip_dag to 2022-07-30T00:50:26.651907+00:00, run_after=2022-07-31T00:50:26.651907+00:00
[2022-07-31 01:50:26,663] {processor.py:161} INFO - Processing /home/oury/.local/lib/python3.10/site-packages/airflow/example_dags/example_skip_dag.py took 0.056 seconds
[2022-07-31 01:51:08,598] {processor.py:153} INFO - Started process (PID=15160) to work on /home/oury/.local/lib/python3.10/site-packages/airflow/example_dags/example_skip_dag.py
[2022-07-31 01:51:08,598] {processor.py:641} INFO - Processing file /home/oury/.local/lib/python3.10/site-packages/airflow/example_dags/example_skip_dag.py for tasks to queue
[2022-07-31 01:51:08,599] {logging_mixin.py:115} INFO - [2022-07-31 01:51:08,599] {dagbag.py:507} INFO - Filling up the DagBag from /home/oury/.local/lib/python3.10/site-packages/airflow/example_dags/example_skip_dag.py
[2022-07-31 01:51:08,603] {processor.py:651} INFO - DAG(s) dict_keys(['example_skip_dag']) retrieved from /home/oury/.local/lib/python3.10/site-packages/airflow/example_dags/example_skip_dag.py
[2022-07-31 01:51:08,616] {logging_mixin.py:115} INFO - [2022-07-31 01:51:08,616] {dag.py:2379} INFO - Sync 1 DAGs
[2022-07-31 01:51:08,632] {logging_mixin.py:115} INFO - [2022-07-31 01:51:08,632] {dag.py:2923} INFO - Setting next_dagrun for example_skip_dag to 2022-07-30T00:51:08.632356+00:00, run_after=2022-07-31T00:51:08.632356+00:00
[2022-07-31 01:51:08,646] {processor.py:161} INFO - Processing /home/oury/.local/lib/python3.10/site-packages/airflow/example_dags/example_skip_dag.py took 0.050 seconds
