[2022-07-31 01:17:59,703] {processor.py:153} INFO - Started process (PID=5634) to work on /home/oury/.local/lib/python3.10/site-packages/airflow/example_dags/example_trigger_controller_dag.py
[2022-07-31 01:17:59,703] {processor.py:641} INFO - Processing file /home/oury/.local/lib/python3.10/site-packages/airflow/example_dags/example_trigger_controller_dag.py for tasks to queue
[2022-07-31 01:17:59,704] {logging_mixin.py:115} INFO - [2022-07-31 01:17:59,704] {dagbag.py:507} INFO - Filling up the DagBag from /home/oury/.local/lib/python3.10/site-packages/airflow/example_dags/example_trigger_controller_dag.py
[2022-07-31 01:17:59,707] {processor.py:651} INFO - DAG(s) dict_keys(['example_trigger_controller_dag']) retrieved from /home/oury/.local/lib/python3.10/site-packages/airflow/example_dags/example_trigger_controller_dag.py
[2022-07-31 01:17:59,719] {logging_mixin.py:115} INFO - [2022-07-31 01:17:59,719] {dag.py:2379} INFO - Sync 1 DAGs
[2022-07-31 01:17:59,734] {logging_mixin.py:115} INFO - [2022-07-31 01:17:59,734] {dag.py:2923} INFO - Setting next_dagrun for example_trigger_controller_dag to 2021-01-01T00:00:00+00:00, run_after=2021-01-01T00:00:00+00:00
[2022-07-31 01:17:59,930] {processor.py:161} INFO - Processing /home/oury/.local/lib/python3.10/site-packages/airflow/example_dags/example_trigger_controller_dag.py took 0.229 seconds
[2022-07-31 01:18:46,888] {processor.py:153} INFO - Started process (PID=5866) to work on /home/oury/.local/lib/python3.10/site-packages/airflow/example_dags/example_trigger_controller_dag.py
[2022-07-31 01:18:46,889] {processor.py:641} INFO - Processing file /home/oury/.local/lib/python3.10/site-packages/airflow/example_dags/example_trigger_controller_dag.py for tasks to queue
[2022-07-31 01:18:46,889] {logging_mixin.py:115} INFO - [2022-07-31 01:18:46,889] {dagbag.py:507} INFO - Filling up the DagBag from /home/oury/.local/lib/python3.10/site-packages/airflow/example_dags/example_trigger_controller_dag.py
[2022-07-31 01:18:46,892] {processor.py:651} INFO - DAG(s) dict_keys(['example_trigger_controller_dag']) retrieved from /home/oury/.local/lib/python3.10/site-packages/airflow/example_dags/example_trigger_controller_dag.py
[2022-07-31 01:18:46,904] {logging_mixin.py:115} INFO - [2022-07-31 01:18:46,904] {dag.py:2379} INFO - Sync 1 DAGs
[2022-07-31 01:18:46,919] {logging_mixin.py:115} INFO - [2022-07-31 01:18:46,919] {dag.py:2923} INFO - Setting next_dagrun for example_trigger_controller_dag to 2021-01-01T00:00:00+00:00, run_after=2021-01-01T00:00:00+00:00
[2022-07-31 01:18:46,930] {processor.py:161} INFO - Processing /home/oury/.local/lib/python3.10/site-packages/airflow/example_dags/example_trigger_controller_dag.py took 0.044 seconds
[2022-07-31 01:19:24,528] {processor.py:153} INFO - Started process (PID=6197) to work on /home/oury/.local/lib/python3.10/site-packages/airflow/example_dags/example_trigger_controller_dag.py
[2022-07-31 01:19:24,530] {processor.py:641} INFO - Processing file /home/oury/.local/lib/python3.10/site-packages/airflow/example_dags/example_trigger_controller_dag.py for tasks to queue
[2022-07-31 01:19:24,531] {logging_mixin.py:115} INFO - [2022-07-31 01:19:24,531] {dagbag.py:507} INFO - Filling up the DagBag from /home/oury/.local/lib/python3.10/site-packages/airflow/example_dags/example_trigger_controller_dag.py
[2022-07-31 01:19:24,534] {processor.py:651} INFO - DAG(s) dict_keys(['example_trigger_controller_dag']) retrieved from /home/oury/.local/lib/python3.10/site-packages/airflow/example_dags/example_trigger_controller_dag.py
[2022-07-31 01:19:24,548] {logging_mixin.py:115} INFO - [2022-07-31 01:19:24,548] {dag.py:2379} INFO - Sync 1 DAGs
[2022-07-31 01:19:24,567] {logging_mixin.py:115} INFO - [2022-07-31 01:19:24,567] {dag.py:2923} INFO - Setting next_dagrun for example_trigger_controller_dag to 2021-01-01T00:00:00+00:00, run_after=2021-01-01T00:00:00+00:00
[2022-07-31 01:19:24,610] {processor.py:161} INFO - Processing /home/oury/.local/lib/python3.10/site-packages/airflow/example_dags/example_trigger_controller_dag.py took 0.085 seconds
[2022-07-31 01:20:04,433] {processor.py:153} INFO - Started process (PID=6402) to work on /home/oury/.local/lib/python3.10/site-packages/airflow/example_dags/example_trigger_controller_dag.py
[2022-07-31 01:20:04,433] {processor.py:641} INFO - Processing file /home/oury/.local/lib/python3.10/site-packages/airflow/example_dags/example_trigger_controller_dag.py for tasks to queue
[2022-07-31 01:20:04,434] {logging_mixin.py:115} INFO - [2022-07-31 01:20:04,434] {dagbag.py:507} INFO - Filling up the DagBag from /home/oury/.local/lib/python3.10/site-packages/airflow/example_dags/example_trigger_controller_dag.py
[2022-07-31 01:20:04,437] {processor.py:651} INFO - DAG(s) dict_keys(['example_trigger_controller_dag']) retrieved from /home/oury/.local/lib/python3.10/site-packages/airflow/example_dags/example_trigger_controller_dag.py
[2022-07-31 01:20:04,449] {logging_mixin.py:115} INFO - [2022-07-31 01:20:04,449] {dag.py:2379} INFO - Sync 1 DAGs
[2022-07-31 01:20:04,465] {logging_mixin.py:115} INFO - [2022-07-31 01:20:04,465] {dag.py:2923} INFO - Setting next_dagrun for example_trigger_controller_dag to 2021-01-01T00:00:00+00:00, run_after=2021-01-01T00:00:00+00:00
[2022-07-31 01:20:04,477] {processor.py:161} INFO - Processing /home/oury/.local/lib/python3.10/site-packages/airflow/example_dags/example_trigger_controller_dag.py took 0.047 seconds
[2022-07-31 01:20:46,705] {processor.py:153} INFO - Started process (PID=6660) to work on /home/oury/.local/lib/python3.10/site-packages/airflow/example_dags/example_trigger_controller_dag.py
[2022-07-31 01:20:46,706] {processor.py:641} INFO - Processing file /home/oury/.local/lib/python3.10/site-packages/airflow/example_dags/example_trigger_controller_dag.py for tasks to queue
[2022-07-31 01:20:46,706] {logging_mixin.py:115} INFO - [2022-07-31 01:20:46,706] {dagbag.py:507} INFO - Filling up the DagBag from /home/oury/.local/lib/python3.10/site-packages/airflow/example_dags/example_trigger_controller_dag.py
[2022-07-31 01:20:46,709] {processor.py:651} INFO - DAG(s) dict_keys(['example_trigger_controller_dag']) retrieved from /home/oury/.local/lib/python3.10/site-packages/airflow/example_dags/example_trigger_controller_dag.py
[2022-07-31 01:20:46,721] {logging_mixin.py:115} INFO - [2022-07-31 01:20:46,721] {dag.py:2379} INFO - Sync 1 DAGs
[2022-07-31 01:20:46,740] {logging_mixin.py:115} INFO - [2022-07-31 01:20:46,740] {dag.py:2923} INFO - Setting next_dagrun for example_trigger_controller_dag to 2021-01-01T00:00:00+00:00, run_after=2021-01-01T00:00:00+00:00
[2022-07-31 01:20:46,754] {processor.py:161} INFO - Processing /home/oury/.local/lib/python3.10/site-packages/airflow/example_dags/example_trigger_controller_dag.py took 0.051 seconds
[2022-07-31 01:21:28,485] {processor.py:153} INFO - Started process (PID=6925) to work on /home/oury/.local/lib/python3.10/site-packages/airflow/example_dags/example_trigger_controller_dag.py
[2022-07-31 01:21:28,486] {processor.py:641} INFO - Processing file /home/oury/.local/lib/python3.10/site-packages/airflow/example_dags/example_trigger_controller_dag.py for tasks to queue
[2022-07-31 01:21:28,486] {logging_mixin.py:115} INFO - [2022-07-31 01:21:28,486] {dagbag.py:507} INFO - Filling up the DagBag from /home/oury/.local/lib/python3.10/site-packages/airflow/example_dags/example_trigger_controller_dag.py
[2022-07-31 01:21:28,489] {processor.py:651} INFO - DAG(s) dict_keys(['example_trigger_controller_dag']) retrieved from /home/oury/.local/lib/python3.10/site-packages/airflow/example_dags/example_trigger_controller_dag.py
[2022-07-31 01:21:28,502] {logging_mixin.py:115} INFO - [2022-07-31 01:21:28,502] {dag.py:2379} INFO - Sync 1 DAGs
[2022-07-31 01:21:28,517] {logging_mixin.py:115} INFO - [2022-07-31 01:21:28,517] {dag.py:2923} INFO - Setting next_dagrun for example_trigger_controller_dag to 2021-01-01T00:00:00+00:00, run_after=2021-01-01T00:00:00+00:00
[2022-07-31 01:21:28,528] {processor.py:161} INFO - Processing /home/oury/.local/lib/python3.10/site-packages/airflow/example_dags/example_trigger_controller_dag.py took 0.045 seconds
[2022-07-31 01:22:11,310] {processor.py:153} INFO - Started process (PID=7345) to work on /home/oury/.local/lib/python3.10/site-packages/airflow/example_dags/example_trigger_controller_dag.py
[2022-07-31 01:22:11,311] {processor.py:641} INFO - Processing file /home/oury/.local/lib/python3.10/site-packages/airflow/example_dags/example_trigger_controller_dag.py for tasks to queue
[2022-07-31 01:22:11,311] {logging_mixin.py:115} INFO - [2022-07-31 01:22:11,311] {dagbag.py:507} INFO - Filling up the DagBag from /home/oury/.local/lib/python3.10/site-packages/airflow/example_dags/example_trigger_controller_dag.py
[2022-07-31 01:22:11,314] {processor.py:651} INFO - DAG(s) dict_keys(['example_trigger_controller_dag']) retrieved from /home/oury/.local/lib/python3.10/site-packages/airflow/example_dags/example_trigger_controller_dag.py
[2022-07-31 01:22:11,327] {logging_mixin.py:115} INFO - [2022-07-31 01:22:11,327] {dag.py:2379} INFO - Sync 1 DAGs
[2022-07-31 01:22:11,344] {logging_mixin.py:115} INFO - [2022-07-31 01:22:11,344] {dag.py:2923} INFO - Setting next_dagrun for example_trigger_controller_dag to 2021-01-01T00:00:00+00:00, run_after=2021-01-01T00:00:00+00:00
[2022-07-31 01:22:11,358] {processor.py:161} INFO - Processing /home/oury/.local/lib/python3.10/site-packages/airflow/example_dags/example_trigger_controller_dag.py took 0.051 seconds
[2022-07-31 01:22:44,582] {processor.py:153} INFO - Started process (PID=7487) to work on /home/oury/.local/lib/python3.10/site-packages/airflow/example_dags/example_trigger_controller_dag.py
[2022-07-31 01:22:44,582] {processor.py:641} INFO - Processing file /home/oury/.local/lib/python3.10/site-packages/airflow/example_dags/example_trigger_controller_dag.py for tasks to queue
[2022-07-31 01:22:44,583] {logging_mixin.py:115} INFO - [2022-07-31 01:22:44,583] {dagbag.py:507} INFO - Filling up the DagBag from /home/oury/.local/lib/python3.10/site-packages/airflow/example_dags/example_trigger_controller_dag.py
[2022-07-31 01:22:44,585] {processor.py:651} INFO - DAG(s) dict_keys(['example_trigger_controller_dag']) retrieved from /home/oury/.local/lib/python3.10/site-packages/airflow/example_dags/example_trigger_controller_dag.py
[2022-07-31 01:22:44,598] {logging_mixin.py:115} INFO - [2022-07-31 01:22:44,598] {dag.py:2379} INFO - Sync 1 DAGs
[2022-07-31 01:22:44,613] {logging_mixin.py:115} INFO - [2022-07-31 01:22:44,612] {dag.py:2923} INFO - Setting next_dagrun for example_trigger_controller_dag to 2021-01-01T00:00:00+00:00, run_after=2021-01-01T00:00:00+00:00
[2022-07-31 01:22:44,624] {processor.py:161} INFO - Processing /home/oury/.local/lib/python3.10/site-packages/airflow/example_dags/example_trigger_controller_dag.py took 0.045 seconds
[2022-07-31 01:23:27,475] {processor.py:153} INFO - Started process (PID=7630) to work on /home/oury/.local/lib/python3.10/site-packages/airflow/example_dags/example_trigger_controller_dag.py
[2022-07-31 01:23:27,475] {processor.py:641} INFO - Processing file /home/oury/.local/lib/python3.10/site-packages/airflow/example_dags/example_trigger_controller_dag.py for tasks to queue
[2022-07-31 01:23:27,476] {logging_mixin.py:115} INFO - [2022-07-31 01:23:27,476] {dagbag.py:507} INFO - Filling up the DagBag from /home/oury/.local/lib/python3.10/site-packages/airflow/example_dags/example_trigger_controller_dag.py
[2022-07-31 01:23:27,478] {processor.py:651} INFO - DAG(s) dict_keys(['example_trigger_controller_dag']) retrieved from /home/oury/.local/lib/python3.10/site-packages/airflow/example_dags/example_trigger_controller_dag.py
[2022-07-31 01:23:27,491] {logging_mixin.py:115} INFO - [2022-07-31 01:23:27,491] {dag.py:2379} INFO - Sync 1 DAGs
[2022-07-31 01:23:27,506] {logging_mixin.py:115} INFO - [2022-07-31 01:23:27,506] {dag.py:2923} INFO - Setting next_dagrun for example_trigger_controller_dag to 2021-01-01T00:00:00+00:00, run_after=2021-01-01T00:00:00+00:00
[2022-07-31 01:23:27,518] {processor.py:161} INFO - Processing /home/oury/.local/lib/python3.10/site-packages/airflow/example_dags/example_trigger_controller_dag.py took 0.046 seconds
[2022-07-31 01:24:05,298] {processor.py:153} INFO - Started process (PID=7728) to work on /home/oury/.local/lib/python3.10/site-packages/airflow/example_dags/example_trigger_controller_dag.py
[2022-07-31 01:24:05,298] {processor.py:641} INFO - Processing file /home/oury/.local/lib/python3.10/site-packages/airflow/example_dags/example_trigger_controller_dag.py for tasks to queue
[2022-07-31 01:24:05,299] {logging_mixin.py:115} INFO - [2022-07-31 01:24:05,298] {dagbag.py:507} INFO - Filling up the DagBag from /home/oury/.local/lib/python3.10/site-packages/airflow/example_dags/example_trigger_controller_dag.py
[2022-07-31 01:24:05,301] {processor.py:651} INFO - DAG(s) dict_keys(['example_trigger_controller_dag']) retrieved from /home/oury/.local/lib/python3.10/site-packages/airflow/example_dags/example_trigger_controller_dag.py
[2022-07-31 01:24:05,314] {logging_mixin.py:115} INFO - [2022-07-31 01:24:05,314] {dag.py:2379} INFO - Sync 1 DAGs
[2022-07-31 01:24:05,329] {logging_mixin.py:115} INFO - [2022-07-31 01:24:05,329] {dag.py:2923} INFO - Setting next_dagrun for example_trigger_controller_dag to 2021-01-01T00:00:00+00:00, run_after=2021-01-01T00:00:00+00:00
[2022-07-31 01:24:05,340] {processor.py:161} INFO - Processing /home/oury/.local/lib/python3.10/site-packages/airflow/example_dags/example_trigger_controller_dag.py took 0.045 seconds
[2022-07-31 01:25:09,251] {processor.py:153} INFO - Started process (PID=7962) to work on /home/oury/.local/lib/python3.10/site-packages/airflow/example_dags/example_trigger_controller_dag.py
[2022-07-31 01:25:09,252] {processor.py:641} INFO - Processing file /home/oury/.local/lib/python3.10/site-packages/airflow/example_dags/example_trigger_controller_dag.py for tasks to queue
[2022-07-31 01:25:09,252] {logging_mixin.py:115} INFO - [2022-07-31 01:25:09,252] {dagbag.py:507} INFO - Filling up the DagBag from /home/oury/.local/lib/python3.10/site-packages/airflow/example_dags/example_trigger_controller_dag.py
[2022-07-31 01:25:09,255] {processor.py:651} INFO - DAG(s) dict_keys(['example_trigger_controller_dag']) retrieved from /home/oury/.local/lib/python3.10/site-packages/airflow/example_dags/example_trigger_controller_dag.py
[2022-07-31 01:25:09,267] {logging_mixin.py:115} INFO - [2022-07-31 01:25:09,267] {dag.py:2379} INFO - Sync 1 DAGs
[2022-07-31 01:25:09,282] {logging_mixin.py:115} INFO - [2022-07-31 01:25:09,282] {dag.py:2923} INFO - Setting next_dagrun for example_trigger_controller_dag to 2021-01-01T00:00:00+00:00, run_after=2021-01-01T00:00:00+00:00
[2022-07-31 01:25:09,294] {processor.py:161} INFO - Processing /home/oury/.local/lib/python3.10/site-packages/airflow/example_dags/example_trigger_controller_dag.py took 0.045 seconds
[2022-07-31 01:25:46,625] {processor.py:153} INFO - Started process (PID=8084) to work on /home/oury/.local/lib/python3.10/site-packages/airflow/example_dags/example_trigger_controller_dag.py
[2022-07-31 01:25:46,626] {processor.py:641} INFO - Processing file /home/oury/.local/lib/python3.10/site-packages/airflow/example_dags/example_trigger_controller_dag.py for tasks to queue
[2022-07-31 01:25:46,626] {logging_mixin.py:115} INFO - [2022-07-31 01:25:46,626] {dagbag.py:507} INFO - Filling up the DagBag from /home/oury/.local/lib/python3.10/site-packages/airflow/example_dags/example_trigger_controller_dag.py
[2022-07-31 01:25:46,629] {processor.py:651} INFO - DAG(s) dict_keys(['example_trigger_controller_dag']) retrieved from /home/oury/.local/lib/python3.10/site-packages/airflow/example_dags/example_trigger_controller_dag.py
[2022-07-31 01:25:46,642] {logging_mixin.py:115} INFO - [2022-07-31 01:25:46,642] {dag.py:2379} INFO - Sync 1 DAGs
[2022-07-31 01:25:46,657] {logging_mixin.py:115} INFO - [2022-07-31 01:25:46,657] {dag.py:2923} INFO - Setting next_dagrun for example_trigger_controller_dag to 2021-01-01T00:00:00+00:00, run_after=2021-01-01T00:00:00+00:00
[2022-07-31 01:25:46,668] {processor.py:161} INFO - Processing /home/oury/.local/lib/python3.10/site-packages/airflow/example_dags/example_trigger_controller_dag.py took 0.045 seconds
[2022-07-31 01:26:27,874] {processor.py:153} INFO - Started process (PID=8168) to work on /home/oury/.local/lib/python3.10/site-packages/airflow/example_dags/example_trigger_controller_dag.py
[2022-07-31 01:26:27,874] {processor.py:641} INFO - Processing file /home/oury/.local/lib/python3.10/site-packages/airflow/example_dags/example_trigger_controller_dag.py for tasks to queue
[2022-07-31 01:26:27,875] {logging_mixin.py:115} INFO - [2022-07-31 01:26:27,875] {dagbag.py:507} INFO - Filling up the DagBag from /home/oury/.local/lib/python3.10/site-packages/airflow/example_dags/example_trigger_controller_dag.py
[2022-07-31 01:26:27,877] {processor.py:651} INFO - DAG(s) dict_keys(['example_trigger_controller_dag']) retrieved from /home/oury/.local/lib/python3.10/site-packages/airflow/example_dags/example_trigger_controller_dag.py
[2022-07-31 01:26:27,890] {logging_mixin.py:115} INFO - [2022-07-31 01:26:27,890] {dag.py:2379} INFO - Sync 1 DAGs
[2022-07-31 01:26:27,905] {logging_mixin.py:115} INFO - [2022-07-31 01:26:27,905] {dag.py:2923} INFO - Setting next_dagrun for example_trigger_controller_dag to 2021-01-01T00:00:00+00:00, run_after=2021-01-01T00:00:00+00:00
[2022-07-31 01:26:27,916] {processor.py:161} INFO - Processing /home/oury/.local/lib/python3.10/site-packages/airflow/example_dags/example_trigger_controller_dag.py took 0.044 seconds
[2022-07-31 01:27:09,097] {processor.py:153} INFO - Started process (PID=8271) to work on /home/oury/.local/lib/python3.10/site-packages/airflow/example_dags/example_trigger_controller_dag.py
[2022-07-31 01:27:09,098] {processor.py:641} INFO - Processing file /home/oury/.local/lib/python3.10/site-packages/airflow/example_dags/example_trigger_controller_dag.py for tasks to queue
[2022-07-31 01:27:09,098] {logging_mixin.py:115} INFO - [2022-07-31 01:27:09,098] {dagbag.py:507} INFO - Filling up the DagBag from /home/oury/.local/lib/python3.10/site-packages/airflow/example_dags/example_trigger_controller_dag.py
[2022-07-31 01:27:09,101] {processor.py:651} INFO - DAG(s) dict_keys(['example_trigger_controller_dag']) retrieved from /home/oury/.local/lib/python3.10/site-packages/airflow/example_dags/example_trigger_controller_dag.py
[2022-07-31 01:27:09,113] {logging_mixin.py:115} INFO - [2022-07-31 01:27:09,113] {dag.py:2379} INFO - Sync 1 DAGs
[2022-07-31 01:27:09,129] {logging_mixin.py:115} INFO - [2022-07-31 01:27:09,129] {dag.py:2923} INFO - Setting next_dagrun for example_trigger_controller_dag to 2021-01-01T00:00:00+00:00, run_after=2021-01-01T00:00:00+00:00
[2022-07-31 01:27:09,140] {processor.py:161} INFO - Processing /home/oury/.local/lib/python3.10/site-packages/airflow/example_dags/example_trigger_controller_dag.py took 0.045 seconds
[2022-07-31 01:27:51,931] {processor.py:153} INFO - Started process (PID=8387) to work on /home/oury/.local/lib/python3.10/site-packages/airflow/example_dags/example_trigger_controller_dag.py
[2022-07-31 01:27:51,932] {processor.py:641} INFO - Processing file /home/oury/.local/lib/python3.10/site-packages/airflow/example_dags/example_trigger_controller_dag.py for tasks to queue
[2022-07-31 01:27:51,932] {logging_mixin.py:115} INFO - [2022-07-31 01:27:51,932] {dagbag.py:507} INFO - Filling up the DagBag from /home/oury/.local/lib/python3.10/site-packages/airflow/example_dags/example_trigger_controller_dag.py
[2022-07-31 01:27:51,935] {processor.py:651} INFO - DAG(s) dict_keys(['example_trigger_controller_dag']) retrieved from /home/oury/.local/lib/python3.10/site-packages/airflow/example_dags/example_trigger_controller_dag.py
[2022-07-31 01:27:51,948] {logging_mixin.py:115} INFO - [2022-07-31 01:27:51,947] {dag.py:2379} INFO - Sync 1 DAGs
[2022-07-31 01:27:51,963] {logging_mixin.py:115} INFO - [2022-07-31 01:27:51,962] {dag.py:2923} INFO - Setting next_dagrun for example_trigger_controller_dag to 2021-01-01T00:00:00+00:00, run_after=2021-01-01T00:00:00+00:00
[2022-07-31 01:27:51,974] {processor.py:161} INFO - Processing /home/oury/.local/lib/python3.10/site-packages/airflow/example_dags/example_trigger_controller_dag.py took 0.045 seconds
[2022-07-31 01:28:33,953] {processor.py:153} INFO - Started process (PID=8564) to work on /home/oury/.local/lib/python3.10/site-packages/airflow/example_dags/example_trigger_controller_dag.py
[2022-07-31 01:28:33,954] {processor.py:641} INFO - Processing file /home/oury/.local/lib/python3.10/site-packages/airflow/example_dags/example_trigger_controller_dag.py for tasks to queue
[2022-07-31 01:28:33,954] {logging_mixin.py:115} INFO - [2022-07-31 01:28:33,954] {dagbag.py:507} INFO - Filling up the DagBag from /home/oury/.local/lib/python3.10/site-packages/airflow/example_dags/example_trigger_controller_dag.py
[2022-07-31 01:28:33,957] {processor.py:651} INFO - DAG(s) dict_keys(['example_trigger_controller_dag']) retrieved from /home/oury/.local/lib/python3.10/site-packages/airflow/example_dags/example_trigger_controller_dag.py
[2022-07-31 01:28:33,969] {logging_mixin.py:115} INFO - [2022-07-31 01:28:33,969] {dag.py:2379} INFO - Sync 1 DAGs
[2022-07-31 01:28:33,984] {logging_mixin.py:115} INFO - [2022-07-31 01:28:33,984] {dag.py:2923} INFO - Setting next_dagrun for example_trigger_controller_dag to 2021-01-01T00:00:00+00:00, run_after=2021-01-01T00:00:00+00:00
[2022-07-31 01:28:33,997] {processor.py:161} INFO - Processing /home/oury/.local/lib/python3.10/site-packages/airflow/example_dags/example_trigger_controller_dag.py took 0.046 seconds
[2022-07-31 01:29:08,957] {processor.py:153} INFO - Started process (PID=8638) to work on /home/oury/.local/lib/python3.10/site-packages/airflow/example_dags/example_trigger_controller_dag.py
[2022-07-31 01:29:08,958] {processor.py:641} INFO - Processing file /home/oury/.local/lib/python3.10/site-packages/airflow/example_dags/example_trigger_controller_dag.py for tasks to queue
[2022-07-31 01:29:08,958] {logging_mixin.py:115} INFO - [2022-07-31 01:29:08,958] {dagbag.py:507} INFO - Filling up the DagBag from /home/oury/.local/lib/python3.10/site-packages/airflow/example_dags/example_trigger_controller_dag.py
[2022-07-31 01:29:08,961] {processor.py:651} INFO - DAG(s) dict_keys(['example_trigger_controller_dag']) retrieved from /home/oury/.local/lib/python3.10/site-packages/airflow/example_dags/example_trigger_controller_dag.py
[2022-07-31 01:29:08,973] {logging_mixin.py:115} INFO - [2022-07-31 01:29:08,973] {dag.py:2379} INFO - Sync 1 DAGs
[2022-07-31 01:29:08,988] {logging_mixin.py:115} INFO - [2022-07-31 01:29:08,988] {dag.py:2923} INFO - Setting next_dagrun for example_trigger_controller_dag to 2021-01-01T00:00:00+00:00, run_after=2021-01-01T00:00:00+00:00
[2022-07-31 01:29:08,999] {processor.py:161} INFO - Processing /home/oury/.local/lib/python3.10/site-packages/airflow/example_dags/example_trigger_controller_dag.py took 0.044 seconds
[2022-07-31 01:29:51,762] {processor.py:153} INFO - Started process (PID=8720) to work on /home/oury/.local/lib/python3.10/site-packages/airflow/example_dags/example_trigger_controller_dag.py
[2022-07-31 01:29:51,767] {processor.py:641} INFO - Processing file /home/oury/.local/lib/python3.10/site-packages/airflow/example_dags/example_trigger_controller_dag.py for tasks to queue
[2022-07-31 01:29:51,768] {logging_mixin.py:115} INFO - [2022-07-31 01:29:51,768] {dagbag.py:507} INFO - Filling up the DagBag from /home/oury/.local/lib/python3.10/site-packages/airflow/example_dags/example_trigger_controller_dag.py
[2022-07-31 01:29:51,771] {processor.py:651} INFO - DAG(s) dict_keys(['example_trigger_controller_dag']) retrieved from /home/oury/.local/lib/python3.10/site-packages/airflow/example_dags/example_trigger_controller_dag.py
[2022-07-31 01:29:51,787] {logging_mixin.py:115} INFO - [2022-07-31 01:29:51,787] {dag.py:2379} INFO - Sync 1 DAGs
[2022-07-31 01:29:51,803] {logging_mixin.py:115} INFO - [2022-07-31 01:29:51,803] {dag.py:2923} INFO - Setting next_dagrun for example_trigger_controller_dag to 2021-01-01T00:00:00+00:00, run_after=2021-01-01T00:00:00+00:00
[2022-07-31 01:29:52,007] {processor.py:161} INFO - Processing /home/oury/.local/lib/python3.10/site-packages/airflow/example_dags/example_trigger_controller_dag.py took 0.247 seconds
[2022-07-31 01:30:40,309] {processor.py:153} INFO - Started process (PID=8868) to work on /home/oury/.local/lib/python3.10/site-packages/airflow/example_dags/example_trigger_controller_dag.py
[2022-07-31 01:30:40,310] {processor.py:641} INFO - Processing file /home/oury/.local/lib/python3.10/site-packages/airflow/example_dags/example_trigger_controller_dag.py for tasks to queue
[2022-07-31 01:30:40,310] {logging_mixin.py:115} INFO - [2022-07-31 01:30:40,310] {dagbag.py:507} INFO - Filling up the DagBag from /home/oury/.local/lib/python3.10/site-packages/airflow/example_dags/example_trigger_controller_dag.py
[2022-07-31 01:30:40,313] {processor.py:651} INFO - DAG(s) dict_keys(['example_trigger_controller_dag']) retrieved from /home/oury/.local/lib/python3.10/site-packages/airflow/example_dags/example_trigger_controller_dag.py
[2022-07-31 01:30:40,326] {logging_mixin.py:115} INFO - [2022-07-31 01:30:40,325] {dag.py:2379} INFO - Sync 1 DAGs
[2022-07-31 01:30:40,341] {logging_mixin.py:115} INFO - [2022-07-31 01:30:40,340] {dag.py:2923} INFO - Setting next_dagrun for example_trigger_controller_dag to 2021-01-01T00:00:00+00:00, run_after=2021-01-01T00:00:00+00:00
[2022-07-31 01:30:40,353] {processor.py:161} INFO - Processing /home/oury/.local/lib/python3.10/site-packages/airflow/example_dags/example_trigger_controller_dag.py took 0.046 seconds
[2022-07-31 01:31:15,829] {processor.py:153} INFO - Started process (PID=8998) to work on /home/oury/.local/lib/python3.10/site-packages/airflow/example_dags/example_trigger_controller_dag.py
[2022-07-31 01:31:15,830] {processor.py:641} INFO - Processing file /home/oury/.local/lib/python3.10/site-packages/airflow/example_dags/example_trigger_controller_dag.py for tasks to queue
[2022-07-31 01:31:15,830] {logging_mixin.py:115} INFO - [2022-07-31 01:31:15,830] {dagbag.py:507} INFO - Filling up the DagBag from /home/oury/.local/lib/python3.10/site-packages/airflow/example_dags/example_trigger_controller_dag.py
[2022-07-31 01:31:15,833] {processor.py:651} INFO - DAG(s) dict_keys(['example_trigger_controller_dag']) retrieved from /home/oury/.local/lib/python3.10/site-packages/airflow/example_dags/example_trigger_controller_dag.py
[2022-07-31 01:31:15,845] {logging_mixin.py:115} INFO - [2022-07-31 01:31:15,845] {dag.py:2379} INFO - Sync 1 DAGs
[2022-07-31 01:31:15,860] {logging_mixin.py:115} INFO - [2022-07-31 01:31:15,860] {dag.py:2923} INFO - Setting next_dagrun for example_trigger_controller_dag to 2021-01-01T00:00:00+00:00, run_after=2021-01-01T00:00:00+00:00
[2022-07-31 01:31:15,872] {processor.py:161} INFO - Processing /home/oury/.local/lib/python3.10/site-packages/airflow/example_dags/example_trigger_controller_dag.py took 0.045 seconds
[2022-07-31 01:31:58,322] {processor.py:153} INFO - Started process (PID=9110) to work on /home/oury/.local/lib/python3.10/site-packages/airflow/example_dags/example_trigger_controller_dag.py
[2022-07-31 01:31:58,323] {processor.py:641} INFO - Processing file /home/oury/.local/lib/python3.10/site-packages/airflow/example_dags/example_trigger_controller_dag.py for tasks to queue
[2022-07-31 01:31:58,323] {logging_mixin.py:115} INFO - [2022-07-31 01:31:58,323] {dagbag.py:507} INFO - Filling up the DagBag from /home/oury/.local/lib/python3.10/site-packages/airflow/example_dags/example_trigger_controller_dag.py
[2022-07-31 01:31:58,326] {processor.py:651} INFO - DAG(s) dict_keys(['example_trigger_controller_dag']) retrieved from /home/oury/.local/lib/python3.10/site-packages/airflow/example_dags/example_trigger_controller_dag.py
[2022-07-31 01:31:58,339] {logging_mixin.py:115} INFO - [2022-07-31 01:31:58,338] {dag.py:2379} INFO - Sync 1 DAGs
[2022-07-31 01:31:58,354] {logging_mixin.py:115} INFO - [2022-07-31 01:31:58,354] {dag.py:2923} INFO - Setting next_dagrun for example_trigger_controller_dag to 2021-01-01T00:00:00+00:00, run_after=2021-01-01T00:00:00+00:00
[2022-07-31 01:31:58,365] {processor.py:161} INFO - Processing /home/oury/.local/lib/python3.10/site-packages/airflow/example_dags/example_trigger_controller_dag.py took 0.045 seconds
[2022-07-31 01:32:38,969] {processor.py:153} INFO - Started process (PID=9186) to work on /home/oury/.local/lib/python3.10/site-packages/airflow/example_dags/example_trigger_controller_dag.py
[2022-07-31 01:32:38,970] {processor.py:641} INFO - Processing file /home/oury/.local/lib/python3.10/site-packages/airflow/example_dags/example_trigger_controller_dag.py for tasks to queue
[2022-07-31 01:32:38,970] {logging_mixin.py:115} INFO - [2022-07-31 01:32:38,970] {dagbag.py:507} INFO - Filling up the DagBag from /home/oury/.local/lib/python3.10/site-packages/airflow/example_dags/example_trigger_controller_dag.py
[2022-07-31 01:32:38,973] {processor.py:651} INFO - DAG(s) dict_keys(['example_trigger_controller_dag']) retrieved from /home/oury/.local/lib/python3.10/site-packages/airflow/example_dags/example_trigger_controller_dag.py
[2022-07-31 01:32:38,985] {logging_mixin.py:115} INFO - [2022-07-31 01:32:38,985] {dag.py:2379} INFO - Sync 1 DAGs
[2022-07-31 01:32:39,000] {logging_mixin.py:115} INFO - [2022-07-31 01:32:39,000] {dag.py:2923} INFO - Setting next_dagrun for example_trigger_controller_dag to 2021-01-01T00:00:00+00:00, run_after=2021-01-01T00:00:00+00:00
[2022-07-31 01:32:39,011] {processor.py:161} INFO - Processing /home/oury/.local/lib/python3.10/site-packages/airflow/example_dags/example_trigger_controller_dag.py took 0.043 seconds
[2022-07-31 01:33:20,133] {processor.py:153} INFO - Started process (PID=9269) to work on /home/oury/.local/lib/python3.10/site-packages/airflow/example_dags/example_trigger_controller_dag.py
[2022-07-31 01:33:20,133] {processor.py:641} INFO - Processing file /home/oury/.local/lib/python3.10/site-packages/airflow/example_dags/example_trigger_controller_dag.py for tasks to queue
[2022-07-31 01:33:20,134] {logging_mixin.py:115} INFO - [2022-07-31 01:33:20,134] {dagbag.py:507} INFO - Filling up the DagBag from /home/oury/.local/lib/python3.10/site-packages/airflow/example_dags/example_trigger_controller_dag.py
[2022-07-31 01:33:20,136] {processor.py:651} INFO - DAG(s) dict_keys(['example_trigger_controller_dag']) retrieved from /home/oury/.local/lib/python3.10/site-packages/airflow/example_dags/example_trigger_controller_dag.py
[2022-07-31 01:33:20,149] {logging_mixin.py:115} INFO - [2022-07-31 01:33:20,149] {dag.py:2379} INFO - Sync 1 DAGs
[2022-07-31 01:33:20,164] {logging_mixin.py:115} INFO - [2022-07-31 01:33:20,164] {dag.py:2923} INFO - Setting next_dagrun for example_trigger_controller_dag to 2021-01-01T00:00:00+00:00, run_after=2021-01-01T00:00:00+00:00
[2022-07-31 01:33:20,174] {processor.py:161} INFO - Processing /home/oury/.local/lib/python3.10/site-packages/airflow/example_dags/example_trigger_controller_dag.py took 0.044 seconds
[2022-07-31 01:34:02,307] {processor.py:153} INFO - Started process (PID=9559) to work on /home/oury/.local/lib/python3.10/site-packages/airflow/example_dags/example_trigger_controller_dag.py
[2022-07-31 01:34:02,308] {processor.py:641} INFO - Processing file /home/oury/.local/lib/python3.10/site-packages/airflow/example_dags/example_trigger_controller_dag.py for tasks to queue
[2022-07-31 01:34:02,308] {logging_mixin.py:115} INFO - [2022-07-31 01:34:02,308] {dagbag.py:507} INFO - Filling up the DagBag from /home/oury/.local/lib/python3.10/site-packages/airflow/example_dags/example_trigger_controller_dag.py
[2022-07-31 01:34:02,311] {processor.py:651} INFO - DAG(s) dict_keys(['example_trigger_controller_dag']) retrieved from /home/oury/.local/lib/python3.10/site-packages/airflow/example_dags/example_trigger_controller_dag.py
[2022-07-31 01:34:02,323] {logging_mixin.py:115} INFO - [2022-07-31 01:34:02,323] {dag.py:2379} INFO - Sync 1 DAGs
[2022-07-31 01:34:02,338] {logging_mixin.py:115} INFO - [2022-07-31 01:34:02,338] {dag.py:2923} INFO - Setting next_dagrun for example_trigger_controller_dag to 2021-01-01T00:00:00+00:00, run_after=2021-01-01T00:00:00+00:00
[2022-07-31 01:34:02,350] {processor.py:161} INFO - Processing /home/oury/.local/lib/python3.10/site-packages/airflow/example_dags/example_trigger_controller_dag.py took 0.045 seconds
[2022-07-31 01:34:44,281] {processor.py:153} INFO - Started process (PID=9686) to work on /home/oury/.local/lib/python3.10/site-packages/airflow/example_dags/example_trigger_controller_dag.py
[2022-07-31 01:34:44,282] {processor.py:641} INFO - Processing file /home/oury/.local/lib/python3.10/site-packages/airflow/example_dags/example_trigger_controller_dag.py for tasks to queue
[2022-07-31 01:34:44,283] {logging_mixin.py:115} INFO - [2022-07-31 01:34:44,282] {dagbag.py:507} INFO - Filling up the DagBag from /home/oury/.local/lib/python3.10/site-packages/airflow/example_dags/example_trigger_controller_dag.py
[2022-07-31 01:34:44,285] {processor.py:651} INFO - DAG(s) dict_keys(['example_trigger_controller_dag']) retrieved from /home/oury/.local/lib/python3.10/site-packages/airflow/example_dags/example_trigger_controller_dag.py
[2022-07-31 01:34:44,298] {logging_mixin.py:115} INFO - [2022-07-31 01:34:44,298] {dag.py:2379} INFO - Sync 1 DAGs
[2022-07-31 01:34:44,313] {logging_mixin.py:115} INFO - [2022-07-31 01:34:44,313] {dag.py:2923} INFO - Setting next_dagrun for example_trigger_controller_dag to 2021-01-01T00:00:00+00:00, run_after=2021-01-01T00:00:00+00:00
[2022-07-31 01:34:44,324] {processor.py:161} INFO - Processing /home/oury/.local/lib/python3.10/site-packages/airflow/example_dags/example_trigger_controller_dag.py took 0.045 seconds
[2022-07-31 01:37:57,338] {processor.py:153} INFO - Started process (PID=10338) to work on /home/oury/.local/lib/python3.10/site-packages/airflow/example_dags/example_trigger_controller_dag.py
[2022-07-31 01:37:57,339] {processor.py:641} INFO - Processing file /home/oury/.local/lib/python3.10/site-packages/airflow/example_dags/example_trigger_controller_dag.py for tasks to queue
[2022-07-31 01:37:57,339] {logging_mixin.py:115} INFO - [2022-07-31 01:37:57,339] {dagbag.py:507} INFO - Filling up the DagBag from /home/oury/.local/lib/python3.10/site-packages/airflow/example_dags/example_trigger_controller_dag.py
[2022-07-31 01:37:57,342] {processor.py:651} INFO - DAG(s) dict_keys(['example_trigger_controller_dag']) retrieved from /home/oury/.local/lib/python3.10/site-packages/airflow/example_dags/example_trigger_controller_dag.py
[2022-07-31 01:37:57,379] {logging_mixin.py:115} INFO - [2022-07-31 01:37:57,379] {dag.py:2379} INFO - Sync 1 DAGs
[2022-07-31 01:37:57,486] {logging_mixin.py:115} INFO - [2022-07-31 01:37:57,486] {dag.py:2398} INFO - Creating ORM DAG for example_trigger_controller_dag
[2022-07-31 01:37:57,493] {logging_mixin.py:115} INFO - [2022-07-31 01:37:57,493] {dag.py:2923} INFO - Setting next_dagrun for example_trigger_controller_dag to 2021-01-01T00:00:00+00:00, run_after=2021-01-01T00:00:00+00:00
[2022-07-31 01:37:57,507] {processor.py:161} INFO - Processing /home/oury/.local/lib/python3.10/site-packages/airflow/example_dags/example_trigger_controller_dag.py took 0.171 seconds
[2022-07-31 01:38:36,407] {processor.py:153} INFO - Started process (PID=10476) to work on /home/oury/.local/lib/python3.10/site-packages/airflow/example_dags/example_trigger_controller_dag.py
[2022-07-31 01:38:36,407] {processor.py:641} INFO - Processing file /home/oury/.local/lib/python3.10/site-packages/airflow/example_dags/example_trigger_controller_dag.py for tasks to queue
[2022-07-31 01:38:36,408] {logging_mixin.py:115} INFO - [2022-07-31 01:38:36,407] {dagbag.py:507} INFO - Filling up the DagBag from /home/oury/.local/lib/python3.10/site-packages/airflow/example_dags/example_trigger_controller_dag.py
[2022-07-31 01:38:36,410] {processor.py:651} INFO - DAG(s) dict_keys(['example_trigger_controller_dag']) retrieved from /home/oury/.local/lib/python3.10/site-packages/airflow/example_dags/example_trigger_controller_dag.py
[2022-07-31 01:38:36,423] {logging_mixin.py:115} INFO - [2022-07-31 01:38:36,423] {dag.py:2379} INFO - Sync 1 DAGs
[2022-07-31 01:38:36,437] {logging_mixin.py:115} INFO - [2022-07-31 01:38:36,437] {dag.py:2923} INFO - Setting next_dagrun for example_trigger_controller_dag to 2021-01-01T00:00:00+00:00, run_after=2021-01-01T00:00:00+00:00
[2022-07-31 01:38:36,448] {processor.py:161} INFO - Processing /home/oury/.local/lib/python3.10/site-packages/airflow/example_dags/example_trigger_controller_dag.py took 0.044 seconds
[2022-07-31 01:39:19,315] {processor.py:153} INFO - Started process (PID=10704) to work on /home/oury/.local/lib/python3.10/site-packages/airflow/example_dags/example_trigger_controller_dag.py
[2022-07-31 01:39:19,315] {processor.py:641} INFO - Processing file /home/oury/.local/lib/python3.10/site-packages/airflow/example_dags/example_trigger_controller_dag.py for tasks to queue
[2022-07-31 01:39:19,316] {logging_mixin.py:115} INFO - [2022-07-31 01:39:19,316] {dagbag.py:507} INFO - Filling up the DagBag from /home/oury/.local/lib/python3.10/site-packages/airflow/example_dags/example_trigger_controller_dag.py
[2022-07-31 01:39:19,319] {processor.py:651} INFO - DAG(s) dict_keys(['example_trigger_controller_dag']) retrieved from /home/oury/.local/lib/python3.10/site-packages/airflow/example_dags/example_trigger_controller_dag.py
[2022-07-31 01:39:19,338] {logging_mixin.py:115} INFO - [2022-07-31 01:39:19,338] {dag.py:2379} INFO - Sync 1 DAGs
[2022-07-31 01:39:19,354] {logging_mixin.py:115} INFO - [2022-07-31 01:39:19,354] {dag.py:2923} INFO - Setting next_dagrun for example_trigger_controller_dag to 2021-01-01T00:00:00+00:00, run_after=2021-01-01T00:00:00+00:00
[2022-07-31 01:39:19,366] {processor.py:161} INFO - Processing /home/oury/.local/lib/python3.10/site-packages/airflow/example_dags/example_trigger_controller_dag.py took 0.055 seconds
[2022-07-31 01:39:58,909] {processor.py:153} INFO - Started process (PID=10964) to work on /home/oury/.local/lib/python3.10/site-packages/airflow/example_dags/example_trigger_controller_dag.py
[2022-07-31 01:39:58,910] {processor.py:641} INFO - Processing file /home/oury/.local/lib/python3.10/site-packages/airflow/example_dags/example_trigger_controller_dag.py for tasks to queue
[2022-07-31 01:39:58,911] {logging_mixin.py:115} INFO - [2022-07-31 01:39:58,911] {dagbag.py:507} INFO - Filling up the DagBag from /home/oury/.local/lib/python3.10/site-packages/airflow/example_dags/example_trigger_controller_dag.py
[2022-07-31 01:39:58,914] {processor.py:651} INFO - DAG(s) dict_keys(['example_trigger_controller_dag']) retrieved from /home/oury/.local/lib/python3.10/site-packages/airflow/example_dags/example_trigger_controller_dag.py
[2022-07-31 01:39:58,928] {logging_mixin.py:115} INFO - [2022-07-31 01:39:58,928] {dag.py:2379} INFO - Sync 1 DAGs
[2022-07-31 01:39:58,946] {logging_mixin.py:115} INFO - [2022-07-31 01:39:58,945] {dag.py:2923} INFO - Setting next_dagrun for example_trigger_controller_dag to 2021-01-01T00:00:00+00:00, run_after=2021-01-01T00:00:00+00:00
[2022-07-31 01:39:58,958] {processor.py:161} INFO - Processing /home/oury/.local/lib/python3.10/site-packages/airflow/example_dags/example_trigger_controller_dag.py took 0.051 seconds
[2022-07-31 01:40:42,474] {processor.py:153} INFO - Started process (PID=11935) to work on /home/oury/.local/lib/python3.10/site-packages/airflow/example_dags/example_trigger_controller_dag.py
[2022-07-31 01:40:42,474] {processor.py:641} INFO - Processing file /home/oury/.local/lib/python3.10/site-packages/airflow/example_dags/example_trigger_controller_dag.py for tasks to queue
[2022-07-31 01:40:42,475] {logging_mixin.py:115} INFO - [2022-07-31 01:40:42,475] {dagbag.py:507} INFO - Filling up the DagBag from /home/oury/.local/lib/python3.10/site-packages/airflow/example_dags/example_trigger_controller_dag.py
[2022-07-31 01:40:42,478] {processor.py:651} INFO - DAG(s) dict_keys(['example_trigger_controller_dag']) retrieved from /home/oury/.local/lib/python3.10/site-packages/airflow/example_dags/example_trigger_controller_dag.py
[2022-07-31 01:40:42,491] {logging_mixin.py:115} INFO - [2022-07-31 01:40:42,491] {dag.py:2379} INFO - Sync 1 DAGs
[2022-07-31 01:40:42,506] {logging_mixin.py:115} INFO - [2022-07-31 01:40:42,506] {dag.py:2923} INFO - Setting next_dagrun for example_trigger_controller_dag to 2021-01-01T00:00:00+00:00, run_after=2021-01-01T00:00:00+00:00
[2022-07-31 01:40:42,517] {processor.py:161} INFO - Processing /home/oury/.local/lib/python3.10/site-packages/airflow/example_dags/example_trigger_controller_dag.py took 0.046 seconds
[2022-07-31 01:41:37,079] {processor.py:153} INFO - Started process (PID=12764) to work on /home/oury/.local/lib/python3.10/site-packages/airflow/example_dags/example_trigger_controller_dag.py
[2022-07-31 01:41:37,079] {processor.py:641} INFO - Processing file /home/oury/.local/lib/python3.10/site-packages/airflow/example_dags/example_trigger_controller_dag.py for tasks to queue
[2022-07-31 01:41:37,080] {logging_mixin.py:115} INFO - [2022-07-31 01:41:37,080] {dagbag.py:507} INFO - Filling up the DagBag from /home/oury/.local/lib/python3.10/site-packages/airflow/example_dags/example_trigger_controller_dag.py
[2022-07-31 01:41:37,083] {processor.py:651} INFO - DAG(s) dict_keys(['example_trigger_controller_dag']) retrieved from /home/oury/.local/lib/python3.10/site-packages/airflow/example_dags/example_trigger_controller_dag.py
[2022-07-31 01:41:37,096] {logging_mixin.py:115} INFO - [2022-07-31 01:41:37,096] {dag.py:2379} INFO - Sync 1 DAGs
[2022-07-31 01:41:37,111] {logging_mixin.py:115} INFO - [2022-07-31 01:41:37,110] {dag.py:2923} INFO - Setting next_dagrun for example_trigger_controller_dag to 2021-01-01T00:00:00+00:00, run_after=2021-01-01T00:00:00+00:00
[2022-07-31 01:41:37,122] {processor.py:161} INFO - Processing /home/oury/.local/lib/python3.10/site-packages/airflow/example_dags/example_trigger_controller_dag.py took 0.046 seconds
[2022-07-31 01:42:37,117] {processor.py:153} INFO - Started process (PID=13199) to work on /home/oury/.local/lib/python3.10/site-packages/airflow/example_dags/example_trigger_controller_dag.py
[2022-07-31 01:42:37,118] {processor.py:641} INFO - Processing file /home/oury/.local/lib/python3.10/site-packages/airflow/example_dags/example_trigger_controller_dag.py for tasks to queue
[2022-07-31 01:42:37,118] {logging_mixin.py:115} INFO - [2022-07-31 01:42:37,118] {dagbag.py:507} INFO - Filling up the DagBag from /home/oury/.local/lib/python3.10/site-packages/airflow/example_dags/example_trigger_controller_dag.py
[2022-07-31 01:42:37,122] {processor.py:651} INFO - DAG(s) dict_keys(['example_trigger_controller_dag']) retrieved from /home/oury/.local/lib/python3.10/site-packages/airflow/example_dags/example_trigger_controller_dag.py
[2022-07-31 01:42:37,136] {logging_mixin.py:115} INFO - [2022-07-31 01:42:37,136] {dag.py:2379} INFO - Sync 1 DAGs
[2022-07-31 01:42:37,151] {logging_mixin.py:115} INFO - [2022-07-31 01:42:37,151] {dag.py:2923} INFO - Setting next_dagrun for example_trigger_controller_dag to 2021-01-01T00:00:00+00:00, run_after=2021-01-01T00:00:00+00:00
[2022-07-31 01:42:37,164] {processor.py:161} INFO - Processing /home/oury/.local/lib/python3.10/site-packages/airflow/example_dags/example_trigger_controller_dag.py took 0.049 seconds
[2022-07-31 01:43:15,019] {processor.py:153} INFO - Started process (PID=13277) to work on /home/oury/.local/lib/python3.10/site-packages/airflow/example_dags/example_trigger_controller_dag.py
[2022-07-31 01:43:15,020] {processor.py:641} INFO - Processing file /home/oury/.local/lib/python3.10/site-packages/airflow/example_dags/example_trigger_controller_dag.py for tasks to queue
[2022-07-31 01:43:15,021] {logging_mixin.py:115} INFO - [2022-07-31 01:43:15,021] {dagbag.py:507} INFO - Filling up the DagBag from /home/oury/.local/lib/python3.10/site-packages/airflow/example_dags/example_trigger_controller_dag.py
[2022-07-31 01:43:15,024] {processor.py:651} INFO - DAG(s) dict_keys(['example_trigger_controller_dag']) retrieved from /home/oury/.local/lib/python3.10/site-packages/airflow/example_dags/example_trigger_controller_dag.py
[2022-07-31 01:43:15,039] {logging_mixin.py:115} INFO - [2022-07-31 01:43:15,038] {dag.py:2379} INFO - Sync 1 DAGs
[2022-07-31 01:43:15,055] {logging_mixin.py:115} INFO - [2022-07-31 01:43:15,055] {dag.py:2923} INFO - Setting next_dagrun for example_trigger_controller_dag to 2021-01-01T00:00:00+00:00, run_after=2021-01-01T00:00:00+00:00
[2022-07-31 01:43:15,067] {processor.py:161} INFO - Processing /home/oury/.local/lib/python3.10/site-packages/airflow/example_dags/example_trigger_controller_dag.py took 0.050 seconds
[2022-07-31 01:43:51,385] {processor.py:153} INFO - Started process (PID=13456) to work on /home/oury/.local/lib/python3.10/site-packages/airflow/example_dags/example_trigger_controller_dag.py
[2022-07-31 01:43:51,386] {processor.py:641} INFO - Processing file /home/oury/.local/lib/python3.10/site-packages/airflow/example_dags/example_trigger_controller_dag.py for tasks to queue
[2022-07-31 01:43:51,387] {logging_mixin.py:115} INFO - [2022-07-31 01:43:51,387] {dagbag.py:507} INFO - Filling up the DagBag from /home/oury/.local/lib/python3.10/site-packages/airflow/example_dags/example_trigger_controller_dag.py
[2022-07-31 01:43:51,390] {processor.py:651} INFO - DAG(s) dict_keys(['example_trigger_controller_dag']) retrieved from /home/oury/.local/lib/python3.10/site-packages/airflow/example_dags/example_trigger_controller_dag.py
[2022-07-31 01:43:51,407] {logging_mixin.py:115} INFO - [2022-07-31 01:43:51,407] {dag.py:2379} INFO - Sync 1 DAGs
[2022-07-31 01:43:51,431] {logging_mixin.py:115} INFO - [2022-07-31 01:43:51,431] {dag.py:2923} INFO - Setting next_dagrun for example_trigger_controller_dag to 2021-01-01T00:00:00+00:00, run_after=2021-01-01T00:00:00+00:00
[2022-07-31 01:43:51,445] {processor.py:161} INFO - Processing /home/oury/.local/lib/python3.10/site-packages/airflow/example_dags/example_trigger_controller_dag.py took 0.063 seconds
[2022-07-31 01:44:33,125] {processor.py:153} INFO - Started process (PID=13750) to work on /home/oury/.local/lib/python3.10/site-packages/airflow/example_dags/example_trigger_controller_dag.py
[2022-07-31 01:44:33,126] {processor.py:641} INFO - Processing file /home/oury/.local/lib/python3.10/site-packages/airflow/example_dags/example_trigger_controller_dag.py for tasks to queue
[2022-07-31 01:44:33,127] {logging_mixin.py:115} INFO - [2022-07-31 01:44:33,126] {dagbag.py:507} INFO - Filling up the DagBag from /home/oury/.local/lib/python3.10/site-packages/airflow/example_dags/example_trigger_controller_dag.py
[2022-07-31 01:44:33,129] {processor.py:651} INFO - DAG(s) dict_keys(['example_trigger_controller_dag']) retrieved from /home/oury/.local/lib/python3.10/site-packages/airflow/example_dags/example_trigger_controller_dag.py
[2022-07-31 01:44:33,142] {logging_mixin.py:115} INFO - [2022-07-31 01:44:33,142] {dag.py:2379} INFO - Sync 1 DAGs
[2022-07-31 01:44:33,157] {logging_mixin.py:115} INFO - [2022-07-31 01:44:33,157] {dag.py:2923} INFO - Setting next_dagrun for example_trigger_controller_dag to 2021-01-01T00:00:00+00:00, run_after=2021-01-01T00:00:00+00:00
[2022-07-31 01:44:33,168] {processor.py:161} INFO - Processing /home/oury/.local/lib/python3.10/site-packages/airflow/example_dags/example_trigger_controller_dag.py took 0.045 seconds
[2022-07-31 01:45:24,596] {processor.py:153} INFO - Started process (PID=14195) to work on /home/oury/.local/lib/python3.10/site-packages/airflow/example_dags/example_trigger_controller_dag.py
[2022-07-31 01:45:24,598] {processor.py:641} INFO - Processing file /home/oury/.local/lib/python3.10/site-packages/airflow/example_dags/example_trigger_controller_dag.py for tasks to queue
[2022-07-31 01:45:24,599] {logging_mixin.py:115} INFO - [2022-07-31 01:45:24,599] {dagbag.py:507} INFO - Filling up the DagBag from /home/oury/.local/lib/python3.10/site-packages/airflow/example_dags/example_trigger_controller_dag.py
[2022-07-31 01:45:24,603] {processor.py:651} INFO - DAG(s) dict_keys(['example_trigger_controller_dag']) retrieved from /home/oury/.local/lib/python3.10/site-packages/airflow/example_dags/example_trigger_controller_dag.py
[2022-07-31 01:45:24,620] {logging_mixin.py:115} INFO - [2022-07-31 01:45:24,620] {dag.py:2379} INFO - Sync 1 DAGs
[2022-07-31 01:45:24,636] {logging_mixin.py:115} INFO - [2022-07-31 01:45:24,636] {dag.py:2923} INFO - Setting next_dagrun for example_trigger_controller_dag to 2021-01-01T00:00:00+00:00, run_after=2021-01-01T00:00:00+00:00
[2022-07-31 01:45:24,648] {processor.py:161} INFO - Processing /home/oury/.local/lib/python3.10/site-packages/airflow/example_dags/example_trigger_controller_dag.py took 0.055 seconds
[2022-07-31 01:46:04,705] {processor.py:153} INFO - Started process (PID=14351) to work on /home/oury/.local/lib/python3.10/site-packages/airflow/example_dags/example_trigger_controller_dag.py
[2022-07-31 01:46:04,706] {processor.py:641} INFO - Processing file /home/oury/.local/lib/python3.10/site-packages/airflow/example_dags/example_trigger_controller_dag.py for tasks to queue
[2022-07-31 01:46:04,706] {logging_mixin.py:115} INFO - [2022-07-31 01:46:04,706] {dagbag.py:507} INFO - Filling up the DagBag from /home/oury/.local/lib/python3.10/site-packages/airflow/example_dags/example_trigger_controller_dag.py
[2022-07-31 01:46:04,709] {processor.py:651} INFO - DAG(s) dict_keys(['example_trigger_controller_dag']) retrieved from /home/oury/.local/lib/python3.10/site-packages/airflow/example_dags/example_trigger_controller_dag.py
[2022-07-31 01:46:04,721] {logging_mixin.py:115} INFO - [2022-07-31 01:46:04,721] {dag.py:2379} INFO - Sync 1 DAGs
[2022-07-31 01:46:04,737] {logging_mixin.py:115} INFO - [2022-07-31 01:46:04,736] {dag.py:2923} INFO - Setting next_dagrun for example_trigger_controller_dag to 2021-01-01T00:00:00+00:00, run_after=2021-01-01T00:00:00+00:00
[2022-07-31 01:46:04,749] {processor.py:161} INFO - Processing /home/oury/.local/lib/python3.10/site-packages/airflow/example_dags/example_trigger_controller_dag.py took 0.047 seconds
[2022-07-31 01:46:45,998] {processor.py:153} INFO - Started process (PID=14441) to work on /home/oury/.local/lib/python3.10/site-packages/airflow/example_dags/example_trigger_controller_dag.py
[2022-07-31 01:46:45,999] {processor.py:641} INFO - Processing file /home/oury/.local/lib/python3.10/site-packages/airflow/example_dags/example_trigger_controller_dag.py for tasks to queue
[2022-07-31 01:46:45,999] {logging_mixin.py:115} INFO - [2022-07-31 01:46:45,999] {dagbag.py:507} INFO - Filling up the DagBag from /home/oury/.local/lib/python3.10/site-packages/airflow/example_dags/example_trigger_controller_dag.py
[2022-07-31 01:46:46,002] {processor.py:651} INFO - DAG(s) dict_keys(['example_trigger_controller_dag']) retrieved from /home/oury/.local/lib/python3.10/site-packages/airflow/example_dags/example_trigger_controller_dag.py
[2022-07-31 01:46:46,015] {logging_mixin.py:115} INFO - [2022-07-31 01:46:46,015] {dag.py:2379} INFO - Sync 1 DAGs
[2022-07-31 01:46:46,031] {logging_mixin.py:115} INFO - [2022-07-31 01:46:46,030] {dag.py:2923} INFO - Setting next_dagrun for example_trigger_controller_dag to 2021-01-01T00:00:00+00:00, run_after=2021-01-01T00:00:00+00:00
[2022-07-31 01:46:46,042] {processor.py:161} INFO - Processing /home/oury/.local/lib/python3.10/site-packages/airflow/example_dags/example_trigger_controller_dag.py took 0.047 seconds
[2022-07-31 01:47:27,890] {processor.py:153} INFO - Started process (PID=14732) to work on /home/oury/.local/lib/python3.10/site-packages/airflow/example_dags/example_trigger_controller_dag.py
[2022-07-31 01:47:27,890] {processor.py:641} INFO - Processing file /home/oury/.local/lib/python3.10/site-packages/airflow/example_dags/example_trigger_controller_dag.py for tasks to queue
[2022-07-31 01:47:27,891] {logging_mixin.py:115} INFO - [2022-07-31 01:47:27,891] {dagbag.py:507} INFO - Filling up the DagBag from /home/oury/.local/lib/python3.10/site-packages/airflow/example_dags/example_trigger_controller_dag.py
[2022-07-31 01:47:27,893] {processor.py:651} INFO - DAG(s) dict_keys(['example_trigger_controller_dag']) retrieved from /home/oury/.local/lib/python3.10/site-packages/airflow/example_dags/example_trigger_controller_dag.py
[2022-07-31 01:47:27,906] {logging_mixin.py:115} INFO - [2022-07-31 01:47:27,906] {dag.py:2379} INFO - Sync 1 DAGs
[2022-07-31 01:47:27,922] {logging_mixin.py:115} INFO - [2022-07-31 01:47:27,922] {dag.py:2923} INFO - Setting next_dagrun for example_trigger_controller_dag to 2021-01-01T00:00:00+00:00, run_after=2021-01-01T00:00:00+00:00
[2022-07-31 01:47:27,933] {processor.py:161} INFO - Processing /home/oury/.local/lib/python3.10/site-packages/airflow/example_dags/example_trigger_controller_dag.py took 0.045 seconds
[2022-07-31 01:48:10,885] {processor.py:153} INFO - Started process (PID=14847) to work on /home/oury/.local/lib/python3.10/site-packages/airflow/example_dags/example_trigger_controller_dag.py
[2022-07-31 01:48:10,886] {processor.py:641} INFO - Processing file /home/oury/.local/lib/python3.10/site-packages/airflow/example_dags/example_trigger_controller_dag.py for tasks to queue
[2022-07-31 01:48:10,887] {logging_mixin.py:115} INFO - [2022-07-31 01:48:10,887] {dagbag.py:507} INFO - Filling up the DagBag from /home/oury/.local/lib/python3.10/site-packages/airflow/example_dags/example_trigger_controller_dag.py
[2022-07-31 01:48:10,889] {processor.py:651} INFO - DAG(s) dict_keys(['example_trigger_controller_dag']) retrieved from /home/oury/.local/lib/python3.10/site-packages/airflow/example_dags/example_trigger_controller_dag.py
[2022-07-31 01:48:10,902] {logging_mixin.py:115} INFO - [2022-07-31 01:48:10,902] {dag.py:2379} INFO - Sync 1 DAGs
[2022-07-31 01:48:10,917] {logging_mixin.py:115} INFO - [2022-07-31 01:48:10,917] {dag.py:2923} INFO - Setting next_dagrun for example_trigger_controller_dag to 2021-01-01T00:00:00+00:00, run_after=2021-01-01T00:00:00+00:00
[2022-07-31 01:48:10,929] {processor.py:161} INFO - Processing /home/oury/.local/lib/python3.10/site-packages/airflow/example_dags/example_trigger_controller_dag.py took 0.046 seconds
[2022-07-31 01:48:45,198] {processor.py:153} INFO - Started process (PID=14958) to work on /home/oury/.local/lib/python3.10/site-packages/airflow/example_dags/example_trigger_controller_dag.py
[2022-07-31 01:48:45,198] {processor.py:641} INFO - Processing file /home/oury/.local/lib/python3.10/site-packages/airflow/example_dags/example_trigger_controller_dag.py for tasks to queue
[2022-07-31 01:48:45,199] {logging_mixin.py:115} INFO - [2022-07-31 01:48:45,199] {dagbag.py:507} INFO - Filling up the DagBag from /home/oury/.local/lib/python3.10/site-packages/airflow/example_dags/example_trigger_controller_dag.py
[2022-07-31 01:48:45,201] {processor.py:651} INFO - DAG(s) dict_keys(['example_trigger_controller_dag']) retrieved from /home/oury/.local/lib/python3.10/site-packages/airflow/example_dags/example_trigger_controller_dag.py
[2022-07-31 01:48:45,214] {logging_mixin.py:115} INFO - [2022-07-31 01:48:45,214] {dag.py:2379} INFO - Sync 1 DAGs
[2022-07-31 01:48:45,229] {logging_mixin.py:115} INFO - [2022-07-31 01:48:45,229] {dag.py:2923} INFO - Setting next_dagrun for example_trigger_controller_dag to 2021-01-01T00:00:00+00:00, run_after=2021-01-01T00:00:00+00:00
[2022-07-31 01:48:45,241] {processor.py:161} INFO - Processing /home/oury/.local/lib/python3.10/site-packages/airflow/example_dags/example_trigger_controller_dag.py took 0.046 seconds
[2022-07-31 01:49:26,838] {processor.py:153} INFO - Started process (PID=15011) to work on /home/oury/.local/lib/python3.10/site-packages/airflow/example_dags/example_trigger_controller_dag.py
[2022-07-31 01:49:26,839] {processor.py:641} INFO - Processing file /home/oury/.local/lib/python3.10/site-packages/airflow/example_dags/example_trigger_controller_dag.py for tasks to queue
[2022-07-31 01:49:26,839] {logging_mixin.py:115} INFO - [2022-07-31 01:49:26,839] {dagbag.py:507} INFO - Filling up the DagBag from /home/oury/.local/lib/python3.10/site-packages/airflow/example_dags/example_trigger_controller_dag.py
[2022-07-31 01:49:26,842] {processor.py:651} INFO - DAG(s) dict_keys(['example_trigger_controller_dag']) retrieved from /home/oury/.local/lib/python3.10/site-packages/airflow/example_dags/example_trigger_controller_dag.py
[2022-07-31 01:49:26,862] {logging_mixin.py:115} INFO - [2022-07-31 01:49:26,862] {dag.py:2379} INFO - Sync 1 DAGs
[2022-07-31 01:49:26,884] {logging_mixin.py:115} INFO - [2022-07-31 01:49:26,884] {dag.py:2923} INFO - Setting next_dagrun for example_trigger_controller_dag to 2021-01-01T00:00:00+00:00, run_after=2021-01-01T00:00:00+00:00
[2022-07-31 01:49:26,897] {processor.py:161} INFO - Processing /home/oury/.local/lib/python3.10/site-packages/airflow/example_dags/example_trigger_controller_dag.py took 0.061 seconds
[2022-07-31 01:50:09,873] {processor.py:153} INFO - Started process (PID=15069) to work on /home/oury/.local/lib/python3.10/site-packages/airflow/example_dags/example_trigger_controller_dag.py
[2022-07-31 01:50:09,874] {processor.py:641} INFO - Processing file /home/oury/.local/lib/python3.10/site-packages/airflow/example_dags/example_trigger_controller_dag.py for tasks to queue
[2022-07-31 01:50:09,875] {logging_mixin.py:115} INFO - [2022-07-31 01:50:09,875] {dagbag.py:507} INFO - Filling up the DagBag from /home/oury/.local/lib/python3.10/site-packages/airflow/example_dags/example_trigger_controller_dag.py
[2022-07-31 01:50:09,877] {processor.py:651} INFO - DAG(s) dict_keys(['example_trigger_controller_dag']) retrieved from /home/oury/.local/lib/python3.10/site-packages/airflow/example_dags/example_trigger_controller_dag.py
[2022-07-31 01:50:09,892] {logging_mixin.py:115} INFO - [2022-07-31 01:50:09,892] {dag.py:2379} INFO - Sync 1 DAGs
[2022-07-31 01:50:09,908] {logging_mixin.py:115} INFO - [2022-07-31 01:50:09,908] {dag.py:2923} INFO - Setting next_dagrun for example_trigger_controller_dag to 2021-01-01T00:00:00+00:00, run_after=2021-01-01T00:00:00+00:00
[2022-07-31 01:50:09,920] {processor.py:161} INFO - Processing /home/oury/.local/lib/python3.10/site-packages/airflow/example_dags/example_trigger_controller_dag.py took 0.049 seconds
[2022-07-31 01:50:43,530] {processor.py:153} INFO - Started process (PID=15115) to work on /home/oury/.local/lib/python3.10/site-packages/airflow/example_dags/example_trigger_controller_dag.py
[2022-07-31 01:50:43,530] {processor.py:641} INFO - Processing file /home/oury/.local/lib/python3.10/site-packages/airflow/example_dags/example_trigger_controller_dag.py for tasks to queue
[2022-07-31 01:50:43,531] {logging_mixin.py:115} INFO - [2022-07-31 01:50:43,531] {dagbag.py:507} INFO - Filling up the DagBag from /home/oury/.local/lib/python3.10/site-packages/airflow/example_dags/example_trigger_controller_dag.py
[2022-07-31 01:50:43,533] {processor.py:651} INFO - DAG(s) dict_keys(['example_trigger_controller_dag']) retrieved from /home/oury/.local/lib/python3.10/site-packages/airflow/example_dags/example_trigger_controller_dag.py
[2022-07-31 01:50:43,546] {logging_mixin.py:115} INFO - [2022-07-31 01:50:43,546] {dag.py:2379} INFO - Sync 1 DAGs
[2022-07-31 01:50:43,562] {logging_mixin.py:115} INFO - [2022-07-31 01:50:43,561] {dag.py:2923} INFO - Setting next_dagrun for example_trigger_controller_dag to 2021-01-01T00:00:00+00:00, run_after=2021-01-01T00:00:00+00:00
[2022-07-31 01:50:43,572] {processor.py:161} INFO - Processing /home/oury/.local/lib/python3.10/site-packages/airflow/example_dags/example_trigger_controller_dag.py took 0.045 seconds
[2022-07-31 01:51:22,537] {processor.py:153} INFO - Started process (PID=15205) to work on /home/oury/.local/lib/python3.10/site-packages/airflow/example_dags/example_trigger_controller_dag.py
[2022-07-31 01:51:22,538] {processor.py:641} INFO - Processing file /home/oury/.local/lib/python3.10/site-packages/airflow/example_dags/example_trigger_controller_dag.py for tasks to queue
[2022-07-31 01:51:22,539] {logging_mixin.py:115} INFO - [2022-07-31 01:51:22,539] {dagbag.py:507} INFO - Filling up the DagBag from /home/oury/.local/lib/python3.10/site-packages/airflow/example_dags/example_trigger_controller_dag.py
[2022-07-31 01:51:22,542] {processor.py:651} INFO - DAG(s) dict_keys(['example_trigger_controller_dag']) retrieved from /home/oury/.local/lib/python3.10/site-packages/airflow/example_dags/example_trigger_controller_dag.py
[2022-07-31 01:51:22,556] {logging_mixin.py:115} INFO - [2022-07-31 01:51:22,556] {dag.py:2379} INFO - Sync 1 DAGs
[2022-07-31 01:51:22,573] {logging_mixin.py:115} INFO - [2022-07-31 01:51:22,573] {dag.py:2923} INFO - Setting next_dagrun for example_trigger_controller_dag to 2021-01-01T00:00:00+00:00, run_after=2021-01-01T00:00:00+00:00
[2022-07-31 01:51:22,585] {processor.py:161} INFO - Processing /home/oury/.local/lib/python3.10/site-packages/airflow/example_dags/example_trigger_controller_dag.py took 0.050 seconds
