[2022-07-31 01:17:58,253] {processor.py:153} INFO - Started process (PID=5632) to work on /home/oury/.local/lib/python3.10/site-packages/airflow/example_dags/example_trigger_target_dag.py
[2022-07-31 01:17:58,254] {processor.py:641} INFO - Processing file /home/oury/.local/lib/python3.10/site-packages/airflow/example_dags/example_trigger_target_dag.py for tasks to queue
[2022-07-31 01:17:58,254] {logging_mixin.py:115} INFO - [2022-07-31 01:17:58,254] {dagbag.py:507} INFO - Filling up the DagBag from /home/oury/.local/lib/python3.10/site-packages/airflow/example_dags/example_trigger_target_dag.py
[2022-07-31 01:17:58,274] {processor.py:651} INFO - DAG(s) dict_keys(['example_trigger_target_dag']) retrieved from /home/oury/.local/lib/python3.10/site-packages/airflow/example_dags/example_trigger_target_dag.py
[2022-07-31 01:17:58,286] {logging_mixin.py:115} INFO - [2022-07-31 01:17:58,286] {dag.py:2379} INFO - Sync 1 DAGs
[2022-07-31 01:17:58,303] {logging_mixin.py:115} INFO - [2022-07-31 01:17:58,303] {dag.py:2923} INFO - Setting next_dagrun for example_trigger_target_dag to None, run_after=None
[2022-07-31 01:17:58,456] {processor.py:161} INFO - Processing /home/oury/.local/lib/python3.10/site-packages/airflow/example_dags/example_trigger_target_dag.py took 0.204 seconds
[2022-07-31 01:18:44,482] {processor.py:153} INFO - Started process (PID=5863) to work on /home/oury/.local/lib/python3.10/site-packages/airflow/example_dags/example_trigger_target_dag.py
[2022-07-31 01:18:44,483] {processor.py:641} INFO - Processing file /home/oury/.local/lib/python3.10/site-packages/airflow/example_dags/example_trigger_target_dag.py for tasks to queue
[2022-07-31 01:18:44,483] {logging_mixin.py:115} INFO - [2022-07-31 01:18:44,483] {dagbag.py:507} INFO - Filling up the DagBag from /home/oury/.local/lib/python3.10/site-packages/airflow/example_dags/example_trigger_target_dag.py
[2022-07-31 01:18:44,497] {processor.py:651} INFO - DAG(s) dict_keys(['example_trigger_target_dag']) retrieved from /home/oury/.local/lib/python3.10/site-packages/airflow/example_dags/example_trigger_target_dag.py
[2022-07-31 01:18:44,509] {logging_mixin.py:115} INFO - [2022-07-31 01:18:44,509] {dag.py:2379} INFO - Sync 1 DAGs
[2022-07-31 01:18:44,526] {logging_mixin.py:115} INFO - [2022-07-31 01:18:44,526] {dag.py:2923} INFO - Setting next_dagrun for example_trigger_target_dag to None, run_after=None
[2022-07-31 01:18:44,536] {processor.py:161} INFO - Processing /home/oury/.local/lib/python3.10/site-packages/airflow/example_dags/example_trigger_target_dag.py took 0.056 seconds
[2022-07-31 01:19:22,238] {processor.py:153} INFO - Started process (PID=6195) to work on /home/oury/.local/lib/python3.10/site-packages/airflow/example_dags/example_trigger_target_dag.py
[2022-07-31 01:19:22,239] {processor.py:641} INFO - Processing file /home/oury/.local/lib/python3.10/site-packages/airflow/example_dags/example_trigger_target_dag.py for tasks to queue
[2022-07-31 01:19:22,239] {logging_mixin.py:115} INFO - [2022-07-31 01:19:22,239] {dagbag.py:507} INFO - Filling up the DagBag from /home/oury/.local/lib/python3.10/site-packages/airflow/example_dags/example_trigger_target_dag.py
[2022-07-31 01:19:22,253] {processor.py:651} INFO - DAG(s) dict_keys(['example_trigger_target_dag']) retrieved from /home/oury/.local/lib/python3.10/site-packages/airflow/example_dags/example_trigger_target_dag.py
[2022-07-31 01:19:22,265] {logging_mixin.py:115} INFO - [2022-07-31 01:19:22,265] {dag.py:2379} INFO - Sync 1 DAGs
[2022-07-31 01:19:22,282] {logging_mixin.py:115} INFO - [2022-07-31 01:19:22,282] {dag.py:2923} INFO - Setting next_dagrun for example_trigger_target_dag to None, run_after=None
[2022-07-31 01:19:22,293] {processor.py:161} INFO - Processing /home/oury/.local/lib/python3.10/site-packages/airflow/example_dags/example_trigger_target_dag.py took 0.057 seconds
[2022-07-31 01:20:02,121] {processor.py:153} INFO - Started process (PID=6391) to work on /home/oury/.local/lib/python3.10/site-packages/airflow/example_dags/example_trigger_target_dag.py
[2022-07-31 01:20:02,121] {processor.py:641} INFO - Processing file /home/oury/.local/lib/python3.10/site-packages/airflow/example_dags/example_trigger_target_dag.py for tasks to queue
[2022-07-31 01:20:02,122] {logging_mixin.py:115} INFO - [2022-07-31 01:20:02,122] {dagbag.py:507} INFO - Filling up the DagBag from /home/oury/.local/lib/python3.10/site-packages/airflow/example_dags/example_trigger_target_dag.py
[2022-07-31 01:20:02,135] {processor.py:651} INFO - DAG(s) dict_keys(['example_trigger_target_dag']) retrieved from /home/oury/.local/lib/python3.10/site-packages/airflow/example_dags/example_trigger_target_dag.py
[2022-07-31 01:20:02,147] {logging_mixin.py:115} INFO - [2022-07-31 01:20:02,147] {dag.py:2379} INFO - Sync 1 DAGs
[2022-07-31 01:20:02,164] {logging_mixin.py:115} INFO - [2022-07-31 01:20:02,164] {dag.py:2923} INFO - Setting next_dagrun for example_trigger_target_dag to None, run_after=None
[2022-07-31 01:20:02,175] {processor.py:161} INFO - Processing /home/oury/.local/lib/python3.10/site-packages/airflow/example_dags/example_trigger_target_dag.py took 0.056 seconds
[2022-07-31 01:20:37,713] {processor.py:153} INFO - Started process (PID=6638) to work on /home/oury/.local/lib/python3.10/site-packages/airflow/example_dags/example_trigger_target_dag.py
[2022-07-31 01:20:37,713] {processor.py:641} INFO - Processing file /home/oury/.local/lib/python3.10/site-packages/airflow/example_dags/example_trigger_target_dag.py for tasks to queue
[2022-07-31 01:20:37,714] {logging_mixin.py:115} INFO - [2022-07-31 01:20:37,713] {dagbag.py:507} INFO - Filling up the DagBag from /home/oury/.local/lib/python3.10/site-packages/airflow/example_dags/example_trigger_target_dag.py
[2022-07-31 01:20:37,727] {processor.py:651} INFO - DAG(s) dict_keys(['example_trigger_target_dag']) retrieved from /home/oury/.local/lib/python3.10/site-packages/airflow/example_dags/example_trigger_target_dag.py
[2022-07-31 01:20:37,739] {logging_mixin.py:115} INFO - [2022-07-31 01:20:37,739] {dag.py:2379} INFO - Sync 1 DAGs
[2022-07-31 01:20:37,756] {logging_mixin.py:115} INFO - [2022-07-31 01:20:37,756] {dag.py:2923} INFO - Setting next_dagrun for example_trigger_target_dag to None, run_after=None
[2022-07-31 01:20:37,767] {processor.py:161} INFO - Processing /home/oury/.local/lib/python3.10/site-packages/airflow/example_dags/example_trigger_target_dag.py took 0.057 seconds
[2022-07-31 01:21:19,521] {processor.py:153} INFO - Started process (PID=6908) to work on /home/oury/.local/lib/python3.10/site-packages/airflow/example_dags/example_trigger_target_dag.py
[2022-07-31 01:21:19,521] {processor.py:641} INFO - Processing file /home/oury/.local/lib/python3.10/site-packages/airflow/example_dags/example_trigger_target_dag.py for tasks to queue
[2022-07-31 01:21:19,522] {logging_mixin.py:115} INFO - [2022-07-31 01:21:19,522] {dagbag.py:507} INFO - Filling up the DagBag from /home/oury/.local/lib/python3.10/site-packages/airflow/example_dags/example_trigger_target_dag.py
[2022-07-31 01:21:19,536] {processor.py:651} INFO - DAG(s) dict_keys(['example_trigger_target_dag']) retrieved from /home/oury/.local/lib/python3.10/site-packages/airflow/example_dags/example_trigger_target_dag.py
[2022-07-31 01:21:19,548] {logging_mixin.py:115} INFO - [2022-07-31 01:21:19,547] {dag.py:2379} INFO - Sync 1 DAGs
[2022-07-31 01:21:19,564] {logging_mixin.py:115} INFO - [2022-07-31 01:21:19,564] {dag.py:2923} INFO - Setting next_dagrun for example_trigger_target_dag to None, run_after=None
[2022-07-31 01:21:19,574] {processor.py:161} INFO - Processing /home/oury/.local/lib/python3.10/site-packages/airflow/example_dags/example_trigger_target_dag.py took 0.056 seconds
[2022-07-31 01:22:01,133] {processor.py:153} INFO - Started process (PID=7294) to work on /home/oury/.local/lib/python3.10/site-packages/airflow/example_dags/example_trigger_target_dag.py
[2022-07-31 01:22:01,134] {processor.py:641} INFO - Processing file /home/oury/.local/lib/python3.10/site-packages/airflow/example_dags/example_trigger_target_dag.py for tasks to queue
[2022-07-31 01:22:01,135] {logging_mixin.py:115} INFO - [2022-07-31 01:22:01,135] {dagbag.py:507} INFO - Filling up the DagBag from /home/oury/.local/lib/python3.10/site-packages/airflow/example_dags/example_trigger_target_dag.py
[2022-07-31 01:22:01,152] {processor.py:651} INFO - DAG(s) dict_keys(['example_trigger_target_dag']) retrieved from /home/oury/.local/lib/python3.10/site-packages/airflow/example_dags/example_trigger_target_dag.py
[2022-07-31 01:22:01,167] {logging_mixin.py:115} INFO - [2022-07-31 01:22:01,166] {dag.py:2379} INFO - Sync 1 DAGs
[2022-07-31 01:22:01,188] {logging_mixin.py:115} INFO - [2022-07-31 01:22:01,187] {dag.py:2923} INFO - Setting next_dagrun for example_trigger_target_dag to None, run_after=None
[2022-07-31 01:22:01,201] {processor.py:161} INFO - Processing /home/oury/.local/lib/python3.10/site-packages/airflow/example_dags/example_trigger_target_dag.py took 0.072 seconds
[2022-07-31 01:22:42,306] {processor.py:153} INFO - Started process (PID=7485) to work on /home/oury/.local/lib/python3.10/site-packages/airflow/example_dags/example_trigger_target_dag.py
[2022-07-31 01:22:42,306] {processor.py:641} INFO - Processing file /home/oury/.local/lib/python3.10/site-packages/airflow/example_dags/example_trigger_target_dag.py for tasks to queue
[2022-07-31 01:22:42,307] {logging_mixin.py:115} INFO - [2022-07-31 01:22:42,307] {dagbag.py:507} INFO - Filling up the DagBag from /home/oury/.local/lib/python3.10/site-packages/airflow/example_dags/example_trigger_target_dag.py
[2022-07-31 01:22:42,320] {processor.py:651} INFO - DAG(s) dict_keys(['example_trigger_target_dag']) retrieved from /home/oury/.local/lib/python3.10/site-packages/airflow/example_dags/example_trigger_target_dag.py
[2022-07-31 01:22:42,332] {logging_mixin.py:115} INFO - [2022-07-31 01:22:42,332] {dag.py:2379} INFO - Sync 1 DAGs
[2022-07-31 01:22:42,349] {logging_mixin.py:115} INFO - [2022-07-31 01:22:42,349] {dag.py:2923} INFO - Setting next_dagrun for example_trigger_target_dag to None, run_after=None
[2022-07-31 01:22:42,360] {processor.py:161} INFO - Processing /home/oury/.local/lib/python3.10/site-packages/airflow/example_dags/example_trigger_target_dag.py took 0.056 seconds
[2022-07-31 01:23:16,281] {processor.py:153} INFO - Started process (PID=7599) to work on /home/oury/.local/lib/python3.10/site-packages/airflow/example_dags/example_trigger_target_dag.py
[2022-07-31 01:23:16,282] {processor.py:641} INFO - Processing file /home/oury/.local/lib/python3.10/site-packages/airflow/example_dags/example_trigger_target_dag.py for tasks to queue
[2022-07-31 01:23:16,282] {logging_mixin.py:115} INFO - [2022-07-31 01:23:16,282] {dagbag.py:507} INFO - Filling up the DagBag from /home/oury/.local/lib/python3.10/site-packages/airflow/example_dags/example_trigger_target_dag.py
[2022-07-31 01:23:16,296] {processor.py:651} INFO - DAG(s) dict_keys(['example_trigger_target_dag']) retrieved from /home/oury/.local/lib/python3.10/site-packages/airflow/example_dags/example_trigger_target_dag.py
[2022-07-31 01:23:16,308] {logging_mixin.py:115} INFO - [2022-07-31 01:23:16,308] {dag.py:2379} INFO - Sync 1 DAGs
[2022-07-31 01:23:16,325] {logging_mixin.py:115} INFO - [2022-07-31 01:23:16,325] {dag.py:2923} INFO - Setting next_dagrun for example_trigger_target_dag to None, run_after=None
[2022-07-31 01:23:16,357] {processor.py:161} INFO - Processing /home/oury/.local/lib/python3.10/site-packages/airflow/example_dags/example_trigger_target_dag.py took 0.078 seconds
[2022-07-31 01:23:56,145] {processor.py:153} INFO - Started process (PID=7712) to work on /home/oury/.local/lib/python3.10/site-packages/airflow/example_dags/example_trigger_target_dag.py
[2022-07-31 01:23:56,146] {processor.py:641} INFO - Processing file /home/oury/.local/lib/python3.10/site-packages/airflow/example_dags/example_trigger_target_dag.py for tasks to queue
[2022-07-31 01:23:56,146] {logging_mixin.py:115} INFO - [2022-07-31 01:23:56,146] {dagbag.py:507} INFO - Filling up the DagBag from /home/oury/.local/lib/python3.10/site-packages/airflow/example_dags/example_trigger_target_dag.py
[2022-07-31 01:23:56,160] {processor.py:651} INFO - DAG(s) dict_keys(['example_trigger_target_dag']) retrieved from /home/oury/.local/lib/python3.10/site-packages/airflow/example_dags/example_trigger_target_dag.py
[2022-07-31 01:23:56,172] {logging_mixin.py:115} INFO - [2022-07-31 01:23:56,172] {dag.py:2379} INFO - Sync 1 DAGs
[2022-07-31 01:23:56,189] {logging_mixin.py:115} INFO - [2022-07-31 01:23:56,188] {dag.py:2923} INFO - Setting next_dagrun for example_trigger_target_dag to None, run_after=None
[2022-07-31 01:23:56,199] {processor.py:161} INFO - Processing /home/oury/.local/lib/python3.10/site-packages/airflow/example_dags/example_trigger_target_dag.py took 0.056 seconds
[2022-07-31 01:25:07,706] {processor.py:153} INFO - Started process (PID=7947) to work on /home/oury/.local/lib/python3.10/site-packages/airflow/example_dags/example_trigger_target_dag.py
[2022-07-31 01:25:07,707] {processor.py:641} INFO - Processing file /home/oury/.local/lib/python3.10/site-packages/airflow/example_dags/example_trigger_target_dag.py for tasks to queue
[2022-07-31 01:25:07,707] {logging_mixin.py:115} INFO - [2022-07-31 01:25:07,707] {dagbag.py:507} INFO - Filling up the DagBag from /home/oury/.local/lib/python3.10/site-packages/airflow/example_dags/example_trigger_target_dag.py
[2022-07-31 01:25:07,721] {processor.py:651} INFO - DAG(s) dict_keys(['example_trigger_target_dag']) retrieved from /home/oury/.local/lib/python3.10/site-packages/airflow/example_dags/example_trigger_target_dag.py
[2022-07-31 01:25:07,733] {logging_mixin.py:115} INFO - [2022-07-31 01:25:07,733] {dag.py:2379} INFO - Sync 1 DAGs
[2022-07-31 01:25:07,750] {logging_mixin.py:115} INFO - [2022-07-31 01:25:07,750] {dag.py:2923} INFO - Setting next_dagrun for example_trigger_target_dag to None, run_after=None
[2022-07-31 01:25:07,761] {processor.py:161} INFO - Processing /home/oury/.local/lib/python3.10/site-packages/airflow/example_dags/example_trigger_target_dag.py took 0.057 seconds
[2022-07-31 01:25:42,689] {processor.py:153} INFO - Started process (PID=8077) to work on /home/oury/.local/lib/python3.10/site-packages/airflow/example_dags/example_trigger_target_dag.py
[2022-07-31 01:25:42,690] {processor.py:641} INFO - Processing file /home/oury/.local/lib/python3.10/site-packages/airflow/example_dags/example_trigger_target_dag.py for tasks to queue
[2022-07-31 01:25:42,690] {logging_mixin.py:115} INFO - [2022-07-31 01:25:42,690] {dagbag.py:507} INFO - Filling up the DagBag from /home/oury/.local/lib/python3.10/site-packages/airflow/example_dags/example_trigger_target_dag.py
[2022-07-31 01:25:42,704] {processor.py:651} INFO - DAG(s) dict_keys(['example_trigger_target_dag']) retrieved from /home/oury/.local/lib/python3.10/site-packages/airflow/example_dags/example_trigger_target_dag.py
[2022-07-31 01:25:42,716] {logging_mixin.py:115} INFO - [2022-07-31 01:25:42,716] {dag.py:2379} INFO - Sync 1 DAGs
[2022-07-31 01:25:42,733] {logging_mixin.py:115} INFO - [2022-07-31 01:25:42,733] {dag.py:2923} INFO - Setting next_dagrun for example_trigger_target_dag to None, run_after=None
[2022-07-31 01:25:42,745] {processor.py:161} INFO - Processing /home/oury/.local/lib/python3.10/site-packages/airflow/example_dags/example_trigger_target_dag.py took 0.058 seconds
[2022-07-31 01:26:18,657] {processor.py:153} INFO - Started process (PID=8147) to work on /home/oury/.local/lib/python3.10/site-packages/airflow/example_dags/example_trigger_target_dag.py
[2022-07-31 01:26:18,658] {processor.py:641} INFO - Processing file /home/oury/.local/lib/python3.10/site-packages/airflow/example_dags/example_trigger_target_dag.py for tasks to queue
[2022-07-31 01:26:18,658] {logging_mixin.py:115} INFO - [2022-07-31 01:26:18,658] {dagbag.py:507} INFO - Filling up the DagBag from /home/oury/.local/lib/python3.10/site-packages/airflow/example_dags/example_trigger_target_dag.py
[2022-07-31 01:26:18,672] {processor.py:651} INFO - DAG(s) dict_keys(['example_trigger_target_dag']) retrieved from /home/oury/.local/lib/python3.10/site-packages/airflow/example_dags/example_trigger_target_dag.py
[2022-07-31 01:26:18,683] {logging_mixin.py:115} INFO - [2022-07-31 01:26:18,683] {dag.py:2379} INFO - Sync 1 DAGs
[2022-07-31 01:26:18,700] {logging_mixin.py:115} INFO - [2022-07-31 01:26:18,699] {dag.py:2923} INFO - Setting next_dagrun for example_trigger_target_dag to None, run_after=None
[2022-07-31 01:26:18,710] {processor.py:161} INFO - Processing /home/oury/.local/lib/python3.10/site-packages/airflow/example_dags/example_trigger_target_dag.py took 0.055 seconds
[2022-07-31 01:27:01,162] {processor.py:153} INFO - Started process (PID=8258) to work on /home/oury/.local/lib/python3.10/site-packages/airflow/example_dags/example_trigger_target_dag.py
[2022-07-31 01:27:01,163] {processor.py:641} INFO - Processing file /home/oury/.local/lib/python3.10/site-packages/airflow/example_dags/example_trigger_target_dag.py for tasks to queue
[2022-07-31 01:27:01,163] {logging_mixin.py:115} INFO - [2022-07-31 01:27:01,163] {dagbag.py:507} INFO - Filling up the DagBag from /home/oury/.local/lib/python3.10/site-packages/airflow/example_dags/example_trigger_target_dag.py
[2022-07-31 01:27:01,177] {processor.py:651} INFO - DAG(s) dict_keys(['example_trigger_target_dag']) retrieved from /home/oury/.local/lib/python3.10/site-packages/airflow/example_dags/example_trigger_target_dag.py
[2022-07-31 01:27:01,190] {logging_mixin.py:115} INFO - [2022-07-31 01:27:01,189] {dag.py:2379} INFO - Sync 1 DAGs
[2022-07-31 01:27:01,207] {logging_mixin.py:115} INFO - [2022-07-31 01:27:01,206] {dag.py:2923} INFO - Setting next_dagrun for example_trigger_target_dag to None, run_after=None
[2022-07-31 01:27:01,219] {processor.py:161} INFO - Processing /home/oury/.local/lib/python3.10/site-packages/airflow/example_dags/example_trigger_target_dag.py took 0.059 seconds
[2022-07-31 01:27:42,733] {processor.py:153} INFO - Started process (PID=8341) to work on /home/oury/.local/lib/python3.10/site-packages/airflow/example_dags/example_trigger_target_dag.py
[2022-07-31 01:27:42,734] {processor.py:641} INFO - Processing file /home/oury/.local/lib/python3.10/site-packages/airflow/example_dags/example_trigger_target_dag.py for tasks to queue
[2022-07-31 01:27:42,734] {logging_mixin.py:115} INFO - [2022-07-31 01:27:42,734] {dagbag.py:507} INFO - Filling up the DagBag from /home/oury/.local/lib/python3.10/site-packages/airflow/example_dags/example_trigger_target_dag.py
[2022-07-31 01:27:42,748] {processor.py:651} INFO - DAG(s) dict_keys(['example_trigger_target_dag']) retrieved from /home/oury/.local/lib/python3.10/site-packages/airflow/example_dags/example_trigger_target_dag.py
[2022-07-31 01:27:42,760] {logging_mixin.py:115} INFO - [2022-07-31 01:27:42,760] {dag.py:2379} INFO - Sync 1 DAGs
[2022-07-31 01:27:42,776] {logging_mixin.py:115} INFO - [2022-07-31 01:27:42,776] {dag.py:2923} INFO - Setting next_dagrun for example_trigger_target_dag to None, run_after=None
[2022-07-31 01:27:42,787] {processor.py:161} INFO - Processing /home/oury/.local/lib/python3.10/site-packages/airflow/example_dags/example_trigger_target_dag.py took 0.056 seconds
[2022-07-31 01:28:24,098] {processor.py:153} INFO - Started process (PID=8541) to work on /home/oury/.local/lib/python3.10/site-packages/airflow/example_dags/example_trigger_target_dag.py
[2022-07-31 01:28:24,098] {processor.py:641} INFO - Processing file /home/oury/.local/lib/python3.10/site-packages/airflow/example_dags/example_trigger_target_dag.py for tasks to queue
[2022-07-31 01:28:24,099] {logging_mixin.py:115} INFO - [2022-07-31 01:28:24,099] {dagbag.py:507} INFO - Filling up the DagBag from /home/oury/.local/lib/python3.10/site-packages/airflow/example_dags/example_trigger_target_dag.py
[2022-07-31 01:28:24,112] {processor.py:651} INFO - DAG(s) dict_keys(['example_trigger_target_dag']) retrieved from /home/oury/.local/lib/python3.10/site-packages/airflow/example_dags/example_trigger_target_dag.py
[2022-07-31 01:28:24,125] {logging_mixin.py:115} INFO - [2022-07-31 01:28:24,125] {dag.py:2379} INFO - Sync 1 DAGs
[2022-07-31 01:28:24,141] {logging_mixin.py:115} INFO - [2022-07-31 01:28:24,141] {dag.py:2923} INFO - Setting next_dagrun for example_trigger_target_dag to None, run_after=None
[2022-07-31 01:28:24,152] {processor.py:161} INFO - Processing /home/oury/.local/lib/python3.10/site-packages/airflow/example_dags/example_trigger_target_dag.py took 0.056 seconds
[2022-07-31 01:29:06,681] {processor.py:153} INFO - Started process (PID=8635) to work on /home/oury/.local/lib/python3.10/site-packages/airflow/example_dags/example_trigger_target_dag.py
[2022-07-31 01:29:06,682] {processor.py:641} INFO - Processing file /home/oury/.local/lib/python3.10/site-packages/airflow/example_dags/example_trigger_target_dag.py for tasks to queue
[2022-07-31 01:29:06,682] {logging_mixin.py:115} INFO - [2022-07-31 01:29:06,682] {dagbag.py:507} INFO - Filling up the DagBag from /home/oury/.local/lib/python3.10/site-packages/airflow/example_dags/example_trigger_target_dag.py
[2022-07-31 01:29:06,696] {processor.py:651} INFO - DAG(s) dict_keys(['example_trigger_target_dag']) retrieved from /home/oury/.local/lib/python3.10/site-packages/airflow/example_dags/example_trigger_target_dag.py
[2022-07-31 01:29:06,708] {logging_mixin.py:115} INFO - [2022-07-31 01:29:06,708] {dag.py:2379} INFO - Sync 1 DAGs
[2022-07-31 01:29:06,726] {logging_mixin.py:115} INFO - [2022-07-31 01:29:06,725] {dag.py:2923} INFO - Setting next_dagrun for example_trigger_target_dag to None, run_after=None
[2022-07-31 01:29:06,737] {processor.py:161} INFO - Processing /home/oury/.local/lib/python3.10/site-packages/airflow/example_dags/example_trigger_target_dag.py took 0.058 seconds
[2022-07-31 01:29:49,541] {processor.py:153} INFO - Started process (PID=8718) to work on /home/oury/.local/lib/python3.10/site-packages/airflow/example_dags/example_trigger_target_dag.py
[2022-07-31 01:29:49,542] {processor.py:641} INFO - Processing file /home/oury/.local/lib/python3.10/site-packages/airflow/example_dags/example_trigger_target_dag.py for tasks to queue
[2022-07-31 01:29:49,542] {logging_mixin.py:115} INFO - [2022-07-31 01:29:49,542] {dagbag.py:507} INFO - Filling up the DagBag from /home/oury/.local/lib/python3.10/site-packages/airflow/example_dags/example_trigger_target_dag.py
[2022-07-31 01:29:49,556] {processor.py:651} INFO - DAG(s) dict_keys(['example_trigger_target_dag']) retrieved from /home/oury/.local/lib/python3.10/site-packages/airflow/example_dags/example_trigger_target_dag.py
[2022-07-31 01:29:49,568] {logging_mixin.py:115} INFO - [2022-07-31 01:29:49,568] {dag.py:2379} INFO - Sync 1 DAGs
[2022-07-31 01:29:49,585] {logging_mixin.py:115} INFO - [2022-07-31 01:29:49,585] {dag.py:2923} INFO - Setting next_dagrun for example_trigger_target_dag to None, run_after=None
[2022-07-31 01:29:49,597] {processor.py:161} INFO - Processing /home/oury/.local/lib/python3.10/site-packages/airflow/example_dags/example_trigger_target_dag.py took 0.057 seconds
[2022-07-31 01:30:38,798] {processor.py:153} INFO - Started process (PID=8866) to work on /home/oury/.local/lib/python3.10/site-packages/airflow/example_dags/example_trigger_target_dag.py
[2022-07-31 01:30:38,798] {processor.py:641} INFO - Processing file /home/oury/.local/lib/python3.10/site-packages/airflow/example_dags/example_trigger_target_dag.py for tasks to queue
[2022-07-31 01:30:38,799] {logging_mixin.py:115} INFO - [2022-07-31 01:30:38,799] {dagbag.py:507} INFO - Filling up the DagBag from /home/oury/.local/lib/python3.10/site-packages/airflow/example_dags/example_trigger_target_dag.py
[2022-07-31 01:30:38,812] {processor.py:651} INFO - DAG(s) dict_keys(['example_trigger_target_dag']) retrieved from /home/oury/.local/lib/python3.10/site-packages/airflow/example_dags/example_trigger_target_dag.py
[2022-07-31 01:30:38,826] {logging_mixin.py:115} INFO - [2022-07-31 01:30:38,826] {dag.py:2379} INFO - Sync 1 DAGs
[2022-07-31 01:30:38,843] {logging_mixin.py:115} INFO - [2022-07-31 01:30:38,843] {dag.py:2923} INFO - Setting next_dagrun for example_trigger_target_dag to None, run_after=None
[2022-07-31 01:30:38,855] {processor.py:161} INFO - Processing /home/oury/.local/lib/python3.10/site-packages/airflow/example_dags/example_trigger_target_dag.py took 0.060 seconds
[2022-07-31 01:31:13,502] {processor.py:153} INFO - Started process (PID=8996) to work on /home/oury/.local/lib/python3.10/site-packages/airflow/example_dags/example_trigger_target_dag.py
[2022-07-31 01:31:13,502] {processor.py:641} INFO - Processing file /home/oury/.local/lib/python3.10/site-packages/airflow/example_dags/example_trigger_target_dag.py for tasks to queue
[2022-07-31 01:31:13,503] {logging_mixin.py:115} INFO - [2022-07-31 01:31:13,503] {dagbag.py:507} INFO - Filling up the DagBag from /home/oury/.local/lib/python3.10/site-packages/airflow/example_dags/example_trigger_target_dag.py
[2022-07-31 01:31:13,517] {processor.py:651} INFO - DAG(s) dict_keys(['example_trigger_target_dag']) retrieved from /home/oury/.local/lib/python3.10/site-packages/airflow/example_dags/example_trigger_target_dag.py
[2022-07-31 01:31:13,528] {logging_mixin.py:115} INFO - [2022-07-31 01:31:13,528] {dag.py:2379} INFO - Sync 1 DAGs
[2022-07-31 01:31:13,545] {logging_mixin.py:115} INFO - [2022-07-31 01:31:13,544] {dag.py:2923} INFO - Setting next_dagrun for example_trigger_target_dag to None, run_after=None
[2022-07-31 01:31:13,555] {processor.py:161} INFO - Processing /home/oury/.local/lib/python3.10/site-packages/airflow/example_dags/example_trigger_target_dag.py took 0.055 seconds
[2022-07-31 01:31:56,025] {processor.py:153} INFO - Started process (PID=9107) to work on /home/oury/.local/lib/python3.10/site-packages/airflow/example_dags/example_trigger_target_dag.py
[2022-07-31 01:31:56,026] {processor.py:641} INFO - Processing file /home/oury/.local/lib/python3.10/site-packages/airflow/example_dags/example_trigger_target_dag.py for tasks to queue
[2022-07-31 01:31:56,026] {logging_mixin.py:115} INFO - [2022-07-31 01:31:56,026] {dagbag.py:507} INFO - Filling up the DagBag from /home/oury/.local/lib/python3.10/site-packages/airflow/example_dags/example_trigger_target_dag.py
[2022-07-31 01:31:56,039] {processor.py:651} INFO - DAG(s) dict_keys(['example_trigger_target_dag']) retrieved from /home/oury/.local/lib/python3.10/site-packages/airflow/example_dags/example_trigger_target_dag.py
[2022-07-31 01:31:56,051] {logging_mixin.py:115} INFO - [2022-07-31 01:31:56,051] {dag.py:2379} INFO - Sync 1 DAGs
[2022-07-31 01:31:56,068] {logging_mixin.py:115} INFO - [2022-07-31 01:31:56,068] {dag.py:2923} INFO - Setting next_dagrun for example_trigger_target_dag to None, run_after=None
[2022-07-31 01:31:56,081] {processor.py:161} INFO - Processing /home/oury/.local/lib/python3.10/site-packages/airflow/example_dags/example_trigger_target_dag.py took 0.058 seconds
[2022-07-31 01:32:37,525] {processor.py:153} INFO - Started process (PID=9184) to work on /home/oury/.local/lib/python3.10/site-packages/airflow/example_dags/example_trigger_target_dag.py
[2022-07-31 01:32:37,526] {processor.py:641} INFO - Processing file /home/oury/.local/lib/python3.10/site-packages/airflow/example_dags/example_trigger_target_dag.py for tasks to queue
[2022-07-31 01:32:37,526] {logging_mixin.py:115} INFO - [2022-07-31 01:32:37,526] {dagbag.py:507} INFO - Filling up the DagBag from /home/oury/.local/lib/python3.10/site-packages/airflow/example_dags/example_trigger_target_dag.py
[2022-07-31 01:32:37,540] {processor.py:651} INFO - DAG(s) dict_keys(['example_trigger_target_dag']) retrieved from /home/oury/.local/lib/python3.10/site-packages/airflow/example_dags/example_trigger_target_dag.py
[2022-07-31 01:32:37,551] {logging_mixin.py:115} INFO - [2022-07-31 01:32:37,551] {dag.py:2379} INFO - Sync 1 DAGs
[2022-07-31 01:32:37,568] {logging_mixin.py:115} INFO - [2022-07-31 01:32:37,568] {dag.py:2923} INFO - Setting next_dagrun for example_trigger_target_dag to None, run_after=None
[2022-07-31 01:32:37,578] {processor.py:161} INFO - Processing /home/oury/.local/lib/python3.10/site-packages/airflow/example_dags/example_trigger_target_dag.py took 0.055 seconds
[2022-07-31 01:33:17,805] {processor.py:153} INFO - Started process (PID=9267) to work on /home/oury/.local/lib/python3.10/site-packages/airflow/example_dags/example_trigger_target_dag.py
[2022-07-31 01:33:17,806] {processor.py:641} INFO - Processing file /home/oury/.local/lib/python3.10/site-packages/airflow/example_dags/example_trigger_target_dag.py for tasks to queue
[2022-07-31 01:33:17,806] {logging_mixin.py:115} INFO - [2022-07-31 01:33:17,806] {dagbag.py:507} INFO - Filling up the DagBag from /home/oury/.local/lib/python3.10/site-packages/airflow/example_dags/example_trigger_target_dag.py
[2022-07-31 01:33:17,820] {processor.py:651} INFO - DAG(s) dict_keys(['example_trigger_target_dag']) retrieved from /home/oury/.local/lib/python3.10/site-packages/airflow/example_dags/example_trigger_target_dag.py
[2022-07-31 01:33:17,832] {logging_mixin.py:115} INFO - [2022-07-31 01:33:17,832] {dag.py:2379} INFO - Sync 1 DAGs
[2022-07-31 01:33:17,848] {logging_mixin.py:115} INFO - [2022-07-31 01:33:17,848] {dag.py:2923} INFO - Setting next_dagrun for example_trigger_target_dag to None, run_after=None
[2022-07-31 01:33:17,859] {processor.py:161} INFO - Processing /home/oury/.local/lib/python3.10/site-packages/airflow/example_dags/example_trigger_target_dag.py took 0.055 seconds
[2022-07-31 01:34:00,071] {processor.py:153} INFO - Started process (PID=9556) to work on /home/oury/.local/lib/python3.10/site-packages/airflow/example_dags/example_trigger_target_dag.py
[2022-07-31 01:34:00,072] {processor.py:641} INFO - Processing file /home/oury/.local/lib/python3.10/site-packages/airflow/example_dags/example_trigger_target_dag.py for tasks to queue
[2022-07-31 01:34:00,072] {logging_mixin.py:115} INFO - [2022-07-31 01:34:00,072] {dagbag.py:507} INFO - Filling up the DagBag from /home/oury/.local/lib/python3.10/site-packages/airflow/example_dags/example_trigger_target_dag.py
[2022-07-31 01:34:00,086] {processor.py:651} INFO - DAG(s) dict_keys(['example_trigger_target_dag']) retrieved from /home/oury/.local/lib/python3.10/site-packages/airflow/example_dags/example_trigger_target_dag.py
[2022-07-31 01:34:00,098] {logging_mixin.py:115} INFO - [2022-07-31 01:34:00,098] {dag.py:2379} INFO - Sync 1 DAGs
[2022-07-31 01:34:00,114] {logging_mixin.py:115} INFO - [2022-07-31 01:34:00,114] {dag.py:2923} INFO - Setting next_dagrun for example_trigger_target_dag to None, run_after=None
[2022-07-31 01:34:00,125] {processor.py:161} INFO - Processing /home/oury/.local/lib/python3.10/site-packages/airflow/example_dags/example_trigger_target_dag.py took 0.056 seconds
[2022-07-31 01:34:42,710] {processor.py:153} INFO - Started process (PID=9684) to work on /home/oury/.local/lib/python3.10/site-packages/airflow/example_dags/example_trigger_target_dag.py
[2022-07-31 01:34:42,711] {processor.py:641} INFO - Processing file /home/oury/.local/lib/python3.10/site-packages/airflow/example_dags/example_trigger_target_dag.py for tasks to queue
[2022-07-31 01:34:42,711] {logging_mixin.py:115} INFO - [2022-07-31 01:34:42,711] {dagbag.py:507} INFO - Filling up the DagBag from /home/oury/.local/lib/python3.10/site-packages/airflow/example_dags/example_trigger_target_dag.py
[2022-07-31 01:34:42,725] {processor.py:651} INFO - DAG(s) dict_keys(['example_trigger_target_dag']) retrieved from /home/oury/.local/lib/python3.10/site-packages/airflow/example_dags/example_trigger_target_dag.py
[2022-07-31 01:34:42,737] {logging_mixin.py:115} INFO - [2022-07-31 01:34:42,737] {dag.py:2379} INFO - Sync 1 DAGs
[2022-07-31 01:34:42,755] {logging_mixin.py:115} INFO - [2022-07-31 01:34:42,754] {dag.py:2923} INFO - Setting next_dagrun for example_trigger_target_dag to None, run_after=None
[2022-07-31 01:34:42,766] {processor.py:161} INFO - Processing /home/oury/.local/lib/python3.10/site-packages/airflow/example_dags/example_trigger_target_dag.py took 0.058 seconds
[2022-07-31 01:37:54,762] {processor.py:153} INFO - Started process (PID=10334) to work on /home/oury/.local/lib/python3.10/site-packages/airflow/example_dags/example_trigger_target_dag.py
[2022-07-31 01:37:54,763] {processor.py:641} INFO - Processing file /home/oury/.local/lib/python3.10/site-packages/airflow/example_dags/example_trigger_target_dag.py for tasks to queue
[2022-07-31 01:37:54,763] {logging_mixin.py:115} INFO - [2022-07-31 01:37:54,763] {dagbag.py:507} INFO - Filling up the DagBag from /home/oury/.local/lib/python3.10/site-packages/airflow/example_dags/example_trigger_target_dag.py
[2022-07-31 01:37:54,778] {processor.py:651} INFO - DAG(s) dict_keys(['example_trigger_target_dag']) retrieved from /home/oury/.local/lib/python3.10/site-packages/airflow/example_dags/example_trigger_target_dag.py
[2022-07-31 01:37:54,912] {logging_mixin.py:115} INFO - [2022-07-31 01:37:54,912] {dag.py:2379} INFO - Sync 1 DAGs
[2022-07-31 01:37:54,917] {logging_mixin.py:115} INFO - [2022-07-31 01:37:54,917] {dag.py:2398} INFO - Creating ORM DAG for example_trigger_target_dag
[2022-07-31 01:37:54,925] {logging_mixin.py:115} INFO - [2022-07-31 01:37:54,925] {dag.py:2923} INFO - Setting next_dagrun for example_trigger_target_dag to None, run_after=None
[2022-07-31 01:37:54,939] {processor.py:161} INFO - Processing /home/oury/.local/lib/python3.10/site-packages/airflow/example_dags/example_trigger_target_dag.py took 0.180 seconds
[2022-07-31 01:38:34,118] {processor.py:153} INFO - Started process (PID=10455) to work on /home/oury/.local/lib/python3.10/site-packages/airflow/example_dags/example_trigger_target_dag.py
[2022-07-31 01:38:34,118] {processor.py:641} INFO - Processing file /home/oury/.local/lib/python3.10/site-packages/airflow/example_dags/example_trigger_target_dag.py for tasks to queue
[2022-07-31 01:38:34,119] {logging_mixin.py:115} INFO - [2022-07-31 01:38:34,119] {dagbag.py:507} INFO - Filling up the DagBag from /home/oury/.local/lib/python3.10/site-packages/airflow/example_dags/example_trigger_target_dag.py
[2022-07-31 01:38:34,133] {processor.py:651} INFO - DAG(s) dict_keys(['example_trigger_target_dag']) retrieved from /home/oury/.local/lib/python3.10/site-packages/airflow/example_dags/example_trigger_target_dag.py
[2022-07-31 01:38:34,145] {logging_mixin.py:115} INFO - [2022-07-31 01:38:34,145] {dag.py:2379} INFO - Sync 1 DAGs
[2022-07-31 01:38:34,161] {logging_mixin.py:115} INFO - [2022-07-31 01:38:34,161] {dag.py:2923} INFO - Setting next_dagrun for example_trigger_target_dag to None, run_after=None
[2022-07-31 01:38:34,172] {processor.py:161} INFO - Processing /home/oury/.local/lib/python3.10/site-packages/airflow/example_dags/example_trigger_target_dag.py took 0.056 seconds
[2022-07-31 01:39:17,681] {processor.py:153} INFO - Started process (PID=10702) to work on /home/oury/.local/lib/python3.10/site-packages/airflow/example_dags/example_trigger_target_dag.py
[2022-07-31 01:39:17,682] {processor.py:641} INFO - Processing file /home/oury/.local/lib/python3.10/site-packages/airflow/example_dags/example_trigger_target_dag.py for tasks to queue
[2022-07-31 01:39:17,682] {logging_mixin.py:115} INFO - [2022-07-31 01:39:17,682] {dagbag.py:507} INFO - Filling up the DagBag from /home/oury/.local/lib/python3.10/site-packages/airflow/example_dags/example_trigger_target_dag.py
[2022-07-31 01:39:17,696] {processor.py:651} INFO - DAG(s) dict_keys(['example_trigger_target_dag']) retrieved from /home/oury/.local/lib/python3.10/site-packages/airflow/example_dags/example_trigger_target_dag.py
[2022-07-31 01:39:17,708] {logging_mixin.py:115} INFO - [2022-07-31 01:39:17,708] {dag.py:2379} INFO - Sync 1 DAGs
[2022-07-31 01:39:17,725] {logging_mixin.py:115} INFO - [2022-07-31 01:39:17,725] {dag.py:2923} INFO - Setting next_dagrun for example_trigger_target_dag to None, run_after=None
[2022-07-31 01:39:17,737] {processor.py:161} INFO - Processing /home/oury/.local/lib/python3.10/site-packages/airflow/example_dags/example_trigger_target_dag.py took 0.058 seconds
[2022-07-31 01:39:56,635] {processor.py:153} INFO - Started process (PID=10933) to work on /home/oury/.local/lib/python3.10/site-packages/airflow/example_dags/example_trigger_target_dag.py
[2022-07-31 01:39:56,636] {processor.py:641} INFO - Processing file /home/oury/.local/lib/python3.10/site-packages/airflow/example_dags/example_trigger_target_dag.py for tasks to queue
[2022-07-31 01:39:56,637] {logging_mixin.py:115} INFO - [2022-07-31 01:39:56,637] {dagbag.py:507} INFO - Filling up the DagBag from /home/oury/.local/lib/python3.10/site-packages/airflow/example_dags/example_trigger_target_dag.py
[2022-07-31 01:39:56,654] {processor.py:651} INFO - DAG(s) dict_keys(['example_trigger_target_dag']) retrieved from /home/oury/.local/lib/python3.10/site-packages/airflow/example_dags/example_trigger_target_dag.py
[2022-07-31 01:39:56,669] {logging_mixin.py:115} INFO - [2022-07-31 01:39:56,669] {dag.py:2379} INFO - Sync 1 DAGs
[2022-07-31 01:39:56,688] {logging_mixin.py:115} INFO - [2022-07-31 01:39:56,688] {dag.py:2923} INFO - Setting next_dagrun for example_trigger_target_dag to None, run_after=None
[2022-07-31 01:39:56,700] {processor.py:161} INFO - Processing /home/oury/.local/lib/python3.10/site-packages/airflow/example_dags/example_trigger_target_dag.py took 0.068 seconds
[2022-07-31 01:40:40,990] {processor.py:153} INFO - Started process (PID=11928) to work on /home/oury/.local/lib/python3.10/site-packages/airflow/example_dags/example_trigger_target_dag.py
[2022-07-31 01:40:40,991] {processor.py:641} INFO - Processing file /home/oury/.local/lib/python3.10/site-packages/airflow/example_dags/example_trigger_target_dag.py for tasks to queue
[2022-07-31 01:40:40,992] {logging_mixin.py:115} INFO - [2022-07-31 01:40:40,992] {dagbag.py:507} INFO - Filling up the DagBag from /home/oury/.local/lib/python3.10/site-packages/airflow/example_dags/example_trigger_target_dag.py
[2022-07-31 01:40:41,007] {processor.py:651} INFO - DAG(s) dict_keys(['example_trigger_target_dag']) retrieved from /home/oury/.local/lib/python3.10/site-packages/airflow/example_dags/example_trigger_target_dag.py
[2022-07-31 01:40:41,019] {logging_mixin.py:115} INFO - [2022-07-31 01:40:41,019] {dag.py:2379} INFO - Sync 1 DAGs
[2022-07-31 01:40:41,035] {logging_mixin.py:115} INFO - [2022-07-31 01:40:41,035] {dag.py:2923} INFO - Setting next_dagrun for example_trigger_target_dag to None, run_after=None
[2022-07-31 01:40:41,052] {processor.py:161} INFO - Processing /home/oury/.local/lib/python3.10/site-packages/airflow/example_dags/example_trigger_target_dag.py took 0.064 seconds
[2022-07-31 01:41:34,792] {processor.py:153} INFO - Started process (PID=12757) to work on /home/oury/.local/lib/python3.10/site-packages/airflow/example_dags/example_trigger_target_dag.py
[2022-07-31 01:41:34,793] {processor.py:641} INFO - Processing file /home/oury/.local/lib/python3.10/site-packages/airflow/example_dags/example_trigger_target_dag.py for tasks to queue
[2022-07-31 01:41:34,794] {logging_mixin.py:115} INFO - [2022-07-31 01:41:34,793] {dagbag.py:507} INFO - Filling up the DagBag from /home/oury/.local/lib/python3.10/site-packages/airflow/example_dags/example_trigger_target_dag.py
[2022-07-31 01:41:34,822] {processor.py:651} INFO - DAG(s) dict_keys(['example_trigger_target_dag']) retrieved from /home/oury/.local/lib/python3.10/site-packages/airflow/example_dags/example_trigger_target_dag.py
[2022-07-31 01:41:34,836] {logging_mixin.py:115} INFO - [2022-07-31 01:41:34,836] {dag.py:2379} INFO - Sync 1 DAGs
[2022-07-31 01:41:34,855] {logging_mixin.py:115} INFO - [2022-07-31 01:41:34,855] {dag.py:2923} INFO - Setting next_dagrun for example_trigger_target_dag to None, run_after=None
[2022-07-31 01:41:34,874] {processor.py:161} INFO - Processing /home/oury/.local/lib/python3.10/site-packages/airflow/example_dags/example_trigger_target_dag.py took 0.085 seconds
[2022-07-31 01:42:34,728] {processor.py:153} INFO - Started process (PID=13148) to work on /home/oury/.local/lib/python3.10/site-packages/airflow/example_dags/example_trigger_target_dag.py
[2022-07-31 01:42:34,729] {processor.py:641} INFO - Processing file /home/oury/.local/lib/python3.10/site-packages/airflow/example_dags/example_trigger_target_dag.py for tasks to queue
[2022-07-31 01:42:34,730] {logging_mixin.py:115} INFO - [2022-07-31 01:42:34,729] {dagbag.py:507} INFO - Filling up the DagBag from /home/oury/.local/lib/python3.10/site-packages/airflow/example_dags/example_trigger_target_dag.py
[2022-07-31 01:42:34,772] {processor.py:651} INFO - DAG(s) dict_keys(['example_trigger_target_dag']) retrieved from /home/oury/.local/lib/python3.10/site-packages/airflow/example_dags/example_trigger_target_dag.py
[2022-07-31 01:42:34,803] {logging_mixin.py:115} INFO - [2022-07-31 01:42:34,803] {dag.py:2379} INFO - Sync 1 DAGs
[2022-07-31 01:42:34,831] {logging_mixin.py:115} INFO - [2022-07-31 01:42:34,831] {dag.py:2923} INFO - Setting next_dagrun for example_trigger_target_dag to None, run_after=None
[2022-07-31 01:42:34,849] {processor.py:161} INFO - Processing /home/oury/.local/lib/python3.10/site-packages/airflow/example_dags/example_trigger_target_dag.py took 0.125 seconds
[2022-07-31 01:43:11,070] {processor.py:153} INFO - Started process (PID=13270) to work on /home/oury/.local/lib/python3.10/site-packages/airflow/example_dags/example_trigger_target_dag.py
[2022-07-31 01:43:11,071] {processor.py:641} INFO - Processing file /home/oury/.local/lib/python3.10/site-packages/airflow/example_dags/example_trigger_target_dag.py for tasks to queue
[2022-07-31 01:43:11,072] {logging_mixin.py:115} INFO - [2022-07-31 01:43:11,071] {dagbag.py:507} INFO - Filling up the DagBag from /home/oury/.local/lib/python3.10/site-packages/airflow/example_dags/example_trigger_target_dag.py
[2022-07-31 01:43:11,086] {processor.py:651} INFO - DAG(s) dict_keys(['example_trigger_target_dag']) retrieved from /home/oury/.local/lib/python3.10/site-packages/airflow/example_dags/example_trigger_target_dag.py
[2022-07-31 01:43:11,099] {logging_mixin.py:115} INFO - [2022-07-31 01:43:11,099] {dag.py:2379} INFO - Sync 1 DAGs
[2022-07-31 01:43:11,117] {logging_mixin.py:115} INFO - [2022-07-31 01:43:11,116] {dag.py:2923} INFO - Setting next_dagrun for example_trigger_target_dag to None, run_after=None
[2022-07-31 01:43:11,127] {processor.py:161} INFO - Processing /home/oury/.local/lib/python3.10/site-packages/airflow/example_dags/example_trigger_target_dag.py took 0.059 seconds
[2022-07-31 01:43:49,650] {processor.py:153} INFO - Started process (PID=13453) to work on /home/oury/.local/lib/python3.10/site-packages/airflow/example_dags/example_trigger_target_dag.py
[2022-07-31 01:43:49,651] {processor.py:641} INFO - Processing file /home/oury/.local/lib/python3.10/site-packages/airflow/example_dags/example_trigger_target_dag.py for tasks to queue
[2022-07-31 01:43:49,651] {logging_mixin.py:115} INFO - [2022-07-31 01:43:49,651] {dagbag.py:507} INFO - Filling up the DagBag from /home/oury/.local/lib/python3.10/site-packages/airflow/example_dags/example_trigger_target_dag.py
[2022-07-31 01:43:49,673] {processor.py:651} INFO - DAG(s) dict_keys(['example_trigger_target_dag']) retrieved from /home/oury/.local/lib/python3.10/site-packages/airflow/example_dags/example_trigger_target_dag.py
[2022-07-31 01:43:49,688] {logging_mixin.py:115} INFO - [2022-07-31 01:43:49,688] {dag.py:2379} INFO - Sync 1 DAGs
[2022-07-31 01:43:49,714] {logging_mixin.py:115} INFO - [2022-07-31 01:43:49,714] {dag.py:2923} INFO - Setting next_dagrun for example_trigger_target_dag to None, run_after=None
[2022-07-31 01:43:49,726] {processor.py:161} INFO - Processing /home/oury/.local/lib/python3.10/site-packages/airflow/example_dags/example_trigger_target_dag.py took 0.078 seconds
[2022-07-31 01:44:24,208] {processor.py:153} INFO - Started process (PID=13708) to work on /home/oury/.local/lib/python3.10/site-packages/airflow/example_dags/example_trigger_target_dag.py
[2022-07-31 01:44:24,209] {processor.py:641} INFO - Processing file /home/oury/.local/lib/python3.10/site-packages/airflow/example_dags/example_trigger_target_dag.py for tasks to queue
[2022-07-31 01:44:24,210] {logging_mixin.py:115} INFO - [2022-07-31 01:44:24,210] {dagbag.py:507} INFO - Filling up the DagBag from /home/oury/.local/lib/python3.10/site-packages/airflow/example_dags/example_trigger_target_dag.py
[2022-07-31 01:44:24,223] {processor.py:651} INFO - DAG(s) dict_keys(['example_trigger_target_dag']) retrieved from /home/oury/.local/lib/python3.10/site-packages/airflow/example_dags/example_trigger_target_dag.py
[2022-07-31 01:44:24,235] {logging_mixin.py:115} INFO - [2022-07-31 01:44:24,235] {dag.py:2379} INFO - Sync 1 DAGs
[2022-07-31 01:44:24,253] {logging_mixin.py:115} INFO - [2022-07-31 01:44:24,253] {dag.py:2923} INFO - Setting next_dagrun for example_trigger_target_dag to None, run_after=None
[2022-07-31 01:44:24,264] {processor.py:161} INFO - Processing /home/oury/.local/lib/python3.10/site-packages/airflow/example_dags/example_trigger_target_dag.py took 0.058 seconds
[2022-07-31 01:45:14,646] {processor.py:153} INFO - Started process (PID=14041) to work on /home/oury/.local/lib/python3.10/site-packages/airflow/example_dags/example_trigger_target_dag.py
[2022-07-31 01:45:14,647] {processor.py:641} INFO - Processing file /home/oury/.local/lib/python3.10/site-packages/airflow/example_dags/example_trigger_target_dag.py for tasks to queue
[2022-07-31 01:45:14,648] {logging_mixin.py:115} INFO - [2022-07-31 01:45:14,648] {dagbag.py:507} INFO - Filling up the DagBag from /home/oury/.local/lib/python3.10/site-packages/airflow/example_dags/example_trigger_target_dag.py
[2022-07-31 01:45:14,662] {processor.py:651} INFO - DAG(s) dict_keys(['example_trigger_target_dag']) retrieved from /home/oury/.local/lib/python3.10/site-packages/airflow/example_dags/example_trigger_target_dag.py
[2022-07-31 01:45:14,675] {logging_mixin.py:115} INFO - [2022-07-31 01:45:14,675] {dag.py:2379} INFO - Sync 1 DAGs
[2022-07-31 01:45:14,693] {logging_mixin.py:115} INFO - [2022-07-31 01:45:14,693] {dag.py:2923} INFO - Setting next_dagrun for example_trigger_target_dag to None, run_after=None
[2022-07-31 01:45:14,704] {processor.py:161} INFO - Processing /home/oury/.local/lib/python3.10/site-packages/airflow/example_dags/example_trigger_target_dag.py took 0.060 seconds
[2022-07-31 01:45:54,701] {processor.py:153} INFO - Started process (PID=14308) to work on /home/oury/.local/lib/python3.10/site-packages/airflow/example_dags/example_trigger_target_dag.py
[2022-07-31 01:45:54,702] {processor.py:641} INFO - Processing file /home/oury/.local/lib/python3.10/site-packages/airflow/example_dags/example_trigger_target_dag.py for tasks to queue
[2022-07-31 01:45:54,702] {logging_mixin.py:115} INFO - [2022-07-31 01:45:54,702] {dagbag.py:507} INFO - Filling up the DagBag from /home/oury/.local/lib/python3.10/site-packages/airflow/example_dags/example_trigger_target_dag.py
[2022-07-31 01:45:54,724] {processor.py:651} INFO - DAG(s) dict_keys(['example_trigger_target_dag']) retrieved from /home/oury/.local/lib/python3.10/site-packages/airflow/example_dags/example_trigger_target_dag.py
[2022-07-31 01:45:54,742] {logging_mixin.py:115} INFO - [2022-07-31 01:45:54,741] {dag.py:2379} INFO - Sync 1 DAGs
[2022-07-31 01:45:54,769] {logging_mixin.py:115} INFO - [2022-07-31 01:45:54,769] {dag.py:2923} INFO - Setting next_dagrun for example_trigger_target_dag to None, run_after=None
[2022-07-31 01:45:54,786] {processor.py:161} INFO - Processing /home/oury/.local/lib/python3.10/site-packages/airflow/example_dags/example_trigger_target_dag.py took 0.089 seconds
[2022-07-31 01:46:35,929] {processor.py:153} INFO - Started process (PID=14427) to work on /home/oury/.local/lib/python3.10/site-packages/airflow/example_dags/example_trigger_target_dag.py
[2022-07-31 01:46:35,930] {processor.py:641} INFO - Processing file /home/oury/.local/lib/python3.10/site-packages/airflow/example_dags/example_trigger_target_dag.py for tasks to queue
[2022-07-31 01:46:35,931] {logging_mixin.py:115} INFO - [2022-07-31 01:46:35,930] {dagbag.py:507} INFO - Filling up the DagBag from /home/oury/.local/lib/python3.10/site-packages/airflow/example_dags/example_trigger_target_dag.py
[2022-07-31 01:46:35,947] {processor.py:651} INFO - DAG(s) dict_keys(['example_trigger_target_dag']) retrieved from /home/oury/.local/lib/python3.10/site-packages/airflow/example_dags/example_trigger_target_dag.py
[2022-07-31 01:46:35,961] {logging_mixin.py:115} INFO - [2022-07-31 01:46:35,961] {dag.py:2379} INFO - Sync 1 DAGs
[2022-07-31 01:46:35,980] {logging_mixin.py:115} INFO - [2022-07-31 01:46:35,980] {dag.py:2923} INFO - Setting next_dagrun for example_trigger_target_dag to None, run_after=None
[2022-07-31 01:46:35,992] {processor.py:161} INFO - Processing /home/oury/.local/lib/python3.10/site-packages/airflow/example_dags/example_trigger_target_dag.py took 0.066 seconds
[2022-07-31 01:47:19,216] {processor.py:153} INFO - Started process (PID=14706) to work on /home/oury/.local/lib/python3.10/site-packages/airflow/example_dags/example_trigger_target_dag.py
[2022-07-31 01:47:19,217] {processor.py:641} INFO - Processing file /home/oury/.local/lib/python3.10/site-packages/airflow/example_dags/example_trigger_target_dag.py for tasks to queue
[2022-07-31 01:47:19,218] {logging_mixin.py:115} INFO - [2022-07-31 01:47:19,218] {dagbag.py:507} INFO - Filling up the DagBag from /home/oury/.local/lib/python3.10/site-packages/airflow/example_dags/example_trigger_target_dag.py
[2022-07-31 01:47:19,239] {processor.py:651} INFO - DAG(s) dict_keys(['example_trigger_target_dag']) retrieved from /home/oury/.local/lib/python3.10/site-packages/airflow/example_dags/example_trigger_target_dag.py
[2022-07-31 01:47:19,265] {logging_mixin.py:115} INFO - [2022-07-31 01:47:19,265] {dag.py:2379} INFO - Sync 1 DAGs
[2022-07-31 01:47:19,293] {logging_mixin.py:115} INFO - [2022-07-31 01:47:19,293] {dag.py:2923} INFO - Setting next_dagrun for example_trigger_target_dag to None, run_after=None
[2022-07-31 01:47:19,311] {processor.py:161} INFO - Processing /home/oury/.local/lib/python3.10/site-packages/airflow/example_dags/example_trigger_target_dag.py took 0.098 seconds
[2022-07-31 01:48:00,626] {processor.py:153} INFO - Started process (PID=14834) to work on /home/oury/.local/lib/python3.10/site-packages/airflow/example_dags/example_trigger_target_dag.py
[2022-07-31 01:48:00,626] {processor.py:641} INFO - Processing file /home/oury/.local/lib/python3.10/site-packages/airflow/example_dags/example_trigger_target_dag.py for tasks to queue
[2022-07-31 01:48:00,627] {logging_mixin.py:115} INFO - [2022-07-31 01:48:00,626] {dagbag.py:507} INFO - Filling up the DagBag from /home/oury/.local/lib/python3.10/site-packages/airflow/example_dags/example_trigger_target_dag.py
[2022-07-31 01:48:00,640] {processor.py:651} INFO - DAG(s) dict_keys(['example_trigger_target_dag']) retrieved from /home/oury/.local/lib/python3.10/site-packages/airflow/example_dags/example_trigger_target_dag.py
[2022-07-31 01:48:00,652] {logging_mixin.py:115} INFO - [2022-07-31 01:48:00,652] {dag.py:2379} INFO - Sync 1 DAGs
[2022-07-31 01:48:00,669] {logging_mixin.py:115} INFO - [2022-07-31 01:48:00,669] {dag.py:2923} INFO - Setting next_dagrun for example_trigger_target_dag to None, run_after=None
[2022-07-31 01:48:00,680] {processor.py:161} INFO - Processing /home/oury/.local/lib/python3.10/site-packages/airflow/example_dags/example_trigger_target_dag.py took 0.057 seconds
[2022-07-31 01:48:43,538] {processor.py:153} INFO - Started process (PID=14955) to work on /home/oury/.local/lib/python3.10/site-packages/airflow/example_dags/example_trigger_target_dag.py
[2022-07-31 01:48:43,539] {processor.py:641} INFO - Processing file /home/oury/.local/lib/python3.10/site-packages/airflow/example_dags/example_trigger_target_dag.py for tasks to queue
[2022-07-31 01:48:43,539] {logging_mixin.py:115} INFO - [2022-07-31 01:48:43,539] {dagbag.py:507} INFO - Filling up the DagBag from /home/oury/.local/lib/python3.10/site-packages/airflow/example_dags/example_trigger_target_dag.py
[2022-07-31 01:48:43,554] {processor.py:651} INFO - DAG(s) dict_keys(['example_trigger_target_dag']) retrieved from /home/oury/.local/lib/python3.10/site-packages/airflow/example_dags/example_trigger_target_dag.py
[2022-07-31 01:48:43,566] {logging_mixin.py:115} INFO - [2022-07-31 01:48:43,566] {dag.py:2379} INFO - Sync 1 DAGs
[2022-07-31 01:48:43,583] {logging_mixin.py:115} INFO - [2022-07-31 01:48:43,583] {dag.py:2923} INFO - Setting next_dagrun for example_trigger_target_dag to None, run_after=None
[2022-07-31 01:48:43,594] {processor.py:161} INFO - Processing /home/oury/.local/lib/python3.10/site-packages/airflow/example_dags/example_trigger_target_dag.py took 0.058 seconds
[2022-07-31 01:49:15,501] {processor.py:153} INFO - Started process (PID=14998) to work on /home/oury/.local/lib/python3.10/site-packages/airflow/example_dags/example_trigger_target_dag.py
[2022-07-31 01:49:15,502] {processor.py:641} INFO - Processing file /home/oury/.local/lib/python3.10/site-packages/airflow/example_dags/example_trigger_target_dag.py for tasks to queue
[2022-07-31 01:49:15,502] {logging_mixin.py:115} INFO - [2022-07-31 01:49:15,502] {dagbag.py:507} INFO - Filling up the DagBag from /home/oury/.local/lib/python3.10/site-packages/airflow/example_dags/example_trigger_target_dag.py
[2022-07-31 01:49:15,516] {processor.py:651} INFO - DAG(s) dict_keys(['example_trigger_target_dag']) retrieved from /home/oury/.local/lib/python3.10/site-packages/airflow/example_dags/example_trigger_target_dag.py
[2022-07-31 01:49:15,528] {logging_mixin.py:115} INFO - [2022-07-31 01:49:15,528] {dag.py:2379} INFO - Sync 1 DAGs
[2022-07-31 01:49:15,544] {logging_mixin.py:115} INFO - [2022-07-31 01:49:15,544] {dag.py:2923} INFO - Setting next_dagrun for example_trigger_target_dag to None, run_after=None
[2022-07-31 01:49:15,555] {processor.py:161} INFO - Processing /home/oury/.local/lib/python3.10/site-packages/airflow/example_dags/example_trigger_target_dag.py took 0.056 seconds
[2022-07-31 01:49:57,331] {processor.py:153} INFO - Started process (PID=15054) to work on /home/oury/.local/lib/python3.10/site-packages/airflow/example_dags/example_trigger_target_dag.py
[2022-07-31 01:49:57,332] {processor.py:641} INFO - Processing file /home/oury/.local/lib/python3.10/site-packages/airflow/example_dags/example_trigger_target_dag.py for tasks to queue
[2022-07-31 01:49:57,332] {logging_mixin.py:115} INFO - [2022-07-31 01:49:57,332] {dagbag.py:507} INFO - Filling up the DagBag from /home/oury/.local/lib/python3.10/site-packages/airflow/example_dags/example_trigger_target_dag.py
[2022-07-31 01:49:57,346] {processor.py:651} INFO - DAG(s) dict_keys(['example_trigger_target_dag']) retrieved from /home/oury/.local/lib/python3.10/site-packages/airflow/example_dags/example_trigger_target_dag.py
[2022-07-31 01:49:57,357] {logging_mixin.py:115} INFO - [2022-07-31 01:49:57,357] {dag.py:2379} INFO - Sync 1 DAGs
[2022-07-31 01:49:57,373] {logging_mixin.py:115} INFO - [2022-07-31 01:49:57,373] {dag.py:2923} INFO - Setting next_dagrun for example_trigger_target_dag to None, run_after=None
[2022-07-31 01:49:57,384] {processor.py:161} INFO - Processing /home/oury/.local/lib/python3.10/site-packages/airflow/example_dags/example_trigger_target_dag.py took 0.055 seconds
[2022-07-31 01:50:30,877] {processor.py:153} INFO - Started process (PID=15097) to work on /home/oury/.local/lib/python3.10/site-packages/airflow/example_dags/example_trigger_target_dag.py
[2022-07-31 01:50:30,878] {processor.py:641} INFO - Processing file /home/oury/.local/lib/python3.10/site-packages/airflow/example_dags/example_trigger_target_dag.py for tasks to queue
[2022-07-31 01:50:30,878] {logging_mixin.py:115} INFO - [2022-07-31 01:50:30,878] {dagbag.py:507} INFO - Filling up the DagBag from /home/oury/.local/lib/python3.10/site-packages/airflow/example_dags/example_trigger_target_dag.py
[2022-07-31 01:50:30,898] {processor.py:651} INFO - DAG(s) dict_keys(['example_trigger_target_dag']) retrieved from /home/oury/.local/lib/python3.10/site-packages/airflow/example_dags/example_trigger_target_dag.py
[2022-07-31 01:50:30,912] {logging_mixin.py:115} INFO - [2022-07-31 01:50:30,912] {dag.py:2379} INFO - Sync 1 DAGs
[2022-07-31 01:50:30,929] {logging_mixin.py:115} INFO - [2022-07-31 01:50:30,929] {dag.py:2923} INFO - Setting next_dagrun for example_trigger_target_dag to None, run_after=None
[2022-07-31 01:50:30,940] {processor.py:161} INFO - Processing /home/oury/.local/lib/python3.10/site-packages/airflow/example_dags/example_trigger_target_dag.py took 0.065 seconds
[2022-07-31 01:51:03,051] {processor.py:153} INFO - Started process (PID=15152) to work on /home/oury/.local/lib/python3.10/site-packages/airflow/example_dags/example_trigger_target_dag.py
[2022-07-31 01:51:03,051] {processor.py:641} INFO - Processing file /home/oury/.local/lib/python3.10/site-packages/airflow/example_dags/example_trigger_target_dag.py for tasks to queue
[2022-07-31 01:51:03,052] {logging_mixin.py:115} INFO - [2022-07-31 01:51:03,052] {dagbag.py:507} INFO - Filling up the DagBag from /home/oury/.local/lib/python3.10/site-packages/airflow/example_dags/example_trigger_target_dag.py
[2022-07-31 01:51:03,071] {processor.py:651} INFO - DAG(s) dict_keys(['example_trigger_target_dag']) retrieved from /home/oury/.local/lib/python3.10/site-packages/airflow/example_dags/example_trigger_target_dag.py
[2022-07-31 01:51:03,084] {logging_mixin.py:115} INFO - [2022-07-31 01:51:03,084] {dag.py:2379} INFO - Sync 1 DAGs
[2022-07-31 01:51:03,108] {logging_mixin.py:115} INFO - [2022-07-31 01:51:03,108] {dag.py:2923} INFO - Setting next_dagrun for example_trigger_target_dag to None, run_after=None
[2022-07-31 01:51:03,120] {processor.py:161} INFO - Processing /home/oury/.local/lib/python3.10/site-packages/airflow/example_dags/example_trigger_target_dag.py took 0.072 seconds
