[2022-07-31 01:19:08,430] {processor.py:153} INFO - Started process (PID=6071) to work on /home/oury/.local/lib/python3.10/site-packages/airflow/example_dags/example_branch_operator_decorator.py
[2022-07-31 01:19:08,430] {processor.py:641} INFO - Processing file /home/oury/.local/lib/python3.10/site-packages/airflow/example_dags/example_branch_operator_decorator.py for tasks to queue
[2022-07-31 01:19:08,430] {logging_mixin.py:115} INFO - [2022-07-31 01:19:08,430] {dagbag.py:507} INFO - Filling up the DagBag from /home/oury/.local/lib/python3.10/site-packages/airflow/example_dags/example_branch_operator_decorator.py
[2022-07-31 01:19:08,447] {processor.py:651} INFO - DAG(s) dict_keys(['example_branch_python_operator_decorator']) retrieved from /home/oury/.local/lib/python3.10/site-packages/airflow/example_dags/example_branch_operator_decorator.py
[2022-07-31 01:19:08,460] {logging_mixin.py:115} INFO - [2022-07-31 01:19:08,460] {dag.py:2379} INFO - Sync 1 DAGs
[2022-07-31 01:19:08,478] {logging_mixin.py:115} INFO - [2022-07-31 01:19:08,478] {dag.py:2923} INFO - Setting next_dagrun for example_branch_python_operator_decorator to 2022-07-30T00:00:00+00:00, run_after=2022-07-31T00:00:00+00:00
[2022-07-31 01:19:08,491] {processor.py:161} INFO - Processing /home/oury/.local/lib/python3.10/site-packages/airflow/example_dags/example_branch_operator_decorator.py took 0.063 seconds
[2022-07-31 01:19:50,729] {processor.py:153} INFO - Started process (PID=6293) to work on /home/oury/.local/lib/python3.10/site-packages/airflow/example_dags/example_branch_operator_decorator.py
[2022-07-31 01:19:50,730] {processor.py:641} INFO - Processing file /home/oury/.local/lib/python3.10/site-packages/airflow/example_dags/example_branch_operator_decorator.py for tasks to queue
[2022-07-31 01:19:50,730] {logging_mixin.py:115} INFO - [2022-07-31 01:19:50,730] {dagbag.py:507} INFO - Filling up the DagBag from /home/oury/.local/lib/python3.10/site-packages/airflow/example_dags/example_branch_operator_decorator.py
[2022-07-31 01:19:50,746] {processor.py:651} INFO - DAG(s) dict_keys(['example_branch_python_operator_decorator']) retrieved from /home/oury/.local/lib/python3.10/site-packages/airflow/example_dags/example_branch_operator_decorator.py
[2022-07-31 01:19:50,759] {logging_mixin.py:115} INFO - [2022-07-31 01:19:50,759] {dag.py:2379} INFO - Sync 1 DAGs
[2022-07-31 01:19:50,777] {logging_mixin.py:115} INFO - [2022-07-31 01:19:50,777] {dag.py:2923} INFO - Setting next_dagrun for example_branch_python_operator_decorator to 2022-07-30T00:00:00+00:00, run_after=2022-07-31T00:00:00+00:00
[2022-07-31 01:19:50,788] {processor.py:161} INFO - Processing /home/oury/.local/lib/python3.10/site-packages/airflow/example_dags/example_branch_operator_decorator.py took 0.062 seconds
[2022-07-31 01:20:32,508] {processor.py:153} INFO - Started process (PID=6625) to work on /home/oury/.local/lib/python3.10/site-packages/airflow/example_dags/example_branch_operator_decorator.py
[2022-07-31 01:20:32,509] {processor.py:641} INFO - Processing file /home/oury/.local/lib/python3.10/site-packages/airflow/example_dags/example_branch_operator_decorator.py for tasks to queue
[2022-07-31 01:20:32,510] {logging_mixin.py:115} INFO - [2022-07-31 01:20:32,509] {dagbag.py:507} INFO - Filling up the DagBag from /home/oury/.local/lib/python3.10/site-packages/airflow/example_dags/example_branch_operator_decorator.py
[2022-07-31 01:20:32,525] {processor.py:651} INFO - DAG(s) dict_keys(['example_branch_python_operator_decorator']) retrieved from /home/oury/.local/lib/python3.10/site-packages/airflow/example_dags/example_branch_operator_decorator.py
[2022-07-31 01:20:32,538] {logging_mixin.py:115} INFO - [2022-07-31 01:20:32,538] {dag.py:2379} INFO - Sync 1 DAGs
[2022-07-31 01:20:32,556] {logging_mixin.py:115} INFO - [2022-07-31 01:20:32,556] {dag.py:2923} INFO - Setting next_dagrun for example_branch_python_operator_decorator to 2022-07-30T00:00:00+00:00, run_after=2022-07-31T00:00:00+00:00
[2022-07-31 01:20:32,568] {processor.py:161} INFO - Processing /home/oury/.local/lib/python3.10/site-packages/airflow/example_dags/example_branch_operator_decorator.py took 0.062 seconds
[2022-07-31 01:21:14,342] {processor.py:153} INFO - Started process (PID=6894) to work on /home/oury/.local/lib/python3.10/site-packages/airflow/example_dags/example_branch_operator_decorator.py
[2022-07-31 01:21:14,342] {processor.py:641} INFO - Processing file /home/oury/.local/lib/python3.10/site-packages/airflow/example_dags/example_branch_operator_decorator.py for tasks to queue
[2022-07-31 01:21:14,343] {logging_mixin.py:115} INFO - [2022-07-31 01:21:14,343] {dagbag.py:507} INFO - Filling up the DagBag from /home/oury/.local/lib/python3.10/site-packages/airflow/example_dags/example_branch_operator_decorator.py
[2022-07-31 01:21:14,359] {processor.py:651} INFO - DAG(s) dict_keys(['example_branch_python_operator_decorator']) retrieved from /home/oury/.local/lib/python3.10/site-packages/airflow/example_dags/example_branch_operator_decorator.py
[2022-07-31 01:21:14,372] {logging_mixin.py:115} INFO - [2022-07-31 01:21:14,372] {dag.py:2379} INFO - Sync 1 DAGs
[2022-07-31 01:21:14,390] {logging_mixin.py:115} INFO - [2022-07-31 01:21:14,390] {dag.py:2923} INFO - Setting next_dagrun for example_branch_python_operator_decorator to 2022-07-30T00:00:00+00:00, run_after=2022-07-31T00:00:00+00:00
[2022-07-31 01:21:14,401] {processor.py:161} INFO - Processing /home/oury/.local/lib/python3.10/site-packages/airflow/example_dags/example_branch_operator_decorator.py took 0.062 seconds
[2022-07-31 01:21:56,003] {processor.py:153} INFO - Started process (PID=7276) to work on /home/oury/.local/lib/python3.10/site-packages/airflow/example_dags/example_branch_operator_decorator.py
[2022-07-31 01:21:56,003] {processor.py:641} INFO - Processing file /home/oury/.local/lib/python3.10/site-packages/airflow/example_dags/example_branch_operator_decorator.py for tasks to queue
[2022-07-31 01:21:56,004] {logging_mixin.py:115} INFO - [2022-07-31 01:21:56,004] {dagbag.py:507} INFO - Filling up the DagBag from /home/oury/.local/lib/python3.10/site-packages/airflow/example_dags/example_branch_operator_decorator.py
[2022-07-31 01:21:56,022] {processor.py:651} INFO - DAG(s) dict_keys(['example_branch_python_operator_decorator']) retrieved from /home/oury/.local/lib/python3.10/site-packages/airflow/example_dags/example_branch_operator_decorator.py
[2022-07-31 01:21:56,038] {logging_mixin.py:115} INFO - [2022-07-31 01:21:56,038] {dag.py:2379} INFO - Sync 1 DAGs
[2022-07-31 01:21:56,058] {logging_mixin.py:115} INFO - [2022-07-31 01:21:56,058] {dag.py:2923} INFO - Setting next_dagrun for example_branch_python_operator_decorator to 2022-07-30T00:00:00+00:00, run_after=2022-07-31T00:00:00+00:00
[2022-07-31 01:21:56,071] {processor.py:161} INFO - Processing /home/oury/.local/lib/python3.10/site-packages/airflow/example_dags/example_branch_operator_decorator.py took 0.071 seconds
[2022-07-31 01:22:40,574] {processor.py:153} INFO - Started process (PID=7470) to work on /home/oury/.local/lib/python3.10/site-packages/airflow/example_dags/example_branch_operator_decorator.py
[2022-07-31 01:22:40,575] {processor.py:641} INFO - Processing file /home/oury/.local/lib/python3.10/site-packages/airflow/example_dags/example_branch_operator_decorator.py for tasks to queue
[2022-07-31 01:22:40,576] {logging_mixin.py:115} INFO - [2022-07-31 01:22:40,576] {dagbag.py:507} INFO - Filling up the DagBag from /home/oury/.local/lib/python3.10/site-packages/airflow/example_dags/example_branch_operator_decorator.py
[2022-07-31 01:22:40,599] {processor.py:651} INFO - DAG(s) dict_keys(['example_branch_python_operator_decorator']) retrieved from /home/oury/.local/lib/python3.10/site-packages/airflow/example_dags/example_branch_operator_decorator.py
[2022-07-31 01:22:40,615] {logging_mixin.py:115} INFO - [2022-07-31 01:22:40,615] {dag.py:2379} INFO - Sync 1 DAGs
[2022-07-31 01:22:40,638] {logging_mixin.py:115} INFO - [2022-07-31 01:22:40,637] {dag.py:2923} INFO - Setting next_dagrun for example_branch_python_operator_decorator to 2022-07-30T00:00:00+00:00, run_after=2022-07-31T00:00:00+00:00
[2022-07-31 01:22:40,650] {processor.py:161} INFO - Processing /home/oury/.local/lib/python3.10/site-packages/airflow/example_dags/example_branch_operator_decorator.py took 0.080 seconds
[2022-07-31 01:23:23,769] {processor.py:153} INFO - Started process (PID=7608) to work on /home/oury/.local/lib/python3.10/site-packages/airflow/example_dags/example_branch_operator_decorator.py
[2022-07-31 01:23:23,770] {processor.py:641} INFO - Processing file /home/oury/.local/lib/python3.10/site-packages/airflow/example_dags/example_branch_operator_decorator.py for tasks to queue
[2022-07-31 01:23:23,771] {logging_mixin.py:115} INFO - [2022-07-31 01:23:23,771] {dagbag.py:507} INFO - Filling up the DagBag from /home/oury/.local/lib/python3.10/site-packages/airflow/example_dags/example_branch_operator_decorator.py
[2022-07-31 01:23:23,787] {processor.py:651} INFO - DAG(s) dict_keys(['example_branch_python_operator_decorator']) retrieved from /home/oury/.local/lib/python3.10/site-packages/airflow/example_dags/example_branch_operator_decorator.py
[2022-07-31 01:23:23,800] {logging_mixin.py:115} INFO - [2022-07-31 01:23:23,800] {dag.py:2379} INFO - Sync 1 DAGs
[2022-07-31 01:23:23,820] {logging_mixin.py:115} INFO - [2022-07-31 01:23:23,820] {dag.py:2923} INFO - Setting next_dagrun for example_branch_python_operator_decorator to 2022-07-30T00:00:00+00:00, run_after=2022-07-31T00:00:00+00:00
[2022-07-31 01:23:23,831] {processor.py:161} INFO - Processing /home/oury/.local/lib/python3.10/site-packages/airflow/example_dags/example_branch_operator_decorator.py took 0.064 seconds
[2022-07-31 01:24:08,766] {processor.py:153} INFO - Started process (PID=7733) to work on /home/oury/.local/lib/python3.10/site-packages/airflow/example_dags/example_branch_operator_decorator.py
[2022-07-31 01:24:08,766] {processor.py:641} INFO - Processing file /home/oury/.local/lib/python3.10/site-packages/airflow/example_dags/example_branch_operator_decorator.py for tasks to queue
[2022-07-31 01:24:08,767] {logging_mixin.py:115} INFO - [2022-07-31 01:24:08,767] {dagbag.py:507} INFO - Filling up the DagBag from /home/oury/.local/lib/python3.10/site-packages/airflow/example_dags/example_branch_operator_decorator.py
[2022-07-31 01:24:08,782] {processor.py:651} INFO - DAG(s) dict_keys(['example_branch_python_operator_decorator']) retrieved from /home/oury/.local/lib/python3.10/site-packages/airflow/example_dags/example_branch_operator_decorator.py
[2022-07-31 01:24:08,796] {logging_mixin.py:115} INFO - [2022-07-31 01:24:08,795] {dag.py:2379} INFO - Sync 1 DAGs
[2022-07-31 01:24:08,813] {logging_mixin.py:115} INFO - [2022-07-31 01:24:08,813] {dag.py:2923} INFO - Setting next_dagrun for example_branch_python_operator_decorator to 2022-07-30T00:00:00+00:00, run_after=2022-07-31T00:00:00+00:00
[2022-07-31 01:24:08,922] {processor.py:161} INFO - Processing /home/oury/.local/lib/python3.10/site-packages/airflow/example_dags/example_branch_operator_decorator.py took 0.159 seconds
[2022-07-31 01:25:29,997] {processor.py:153} INFO - Started process (PID=8003) to work on /home/oury/.local/lib/python3.10/site-packages/airflow/example_dags/example_branch_operator_decorator.py
[2022-07-31 01:25:29,997] {processor.py:641} INFO - Processing file /home/oury/.local/lib/python3.10/site-packages/airflow/example_dags/example_branch_operator_decorator.py for tasks to queue
[2022-07-31 01:25:29,998] {logging_mixin.py:115} INFO - [2022-07-31 01:25:29,997] {dagbag.py:507} INFO - Filling up the DagBag from /home/oury/.local/lib/python3.10/site-packages/airflow/example_dags/example_branch_operator_decorator.py
[2022-07-31 01:25:30,013] {processor.py:651} INFO - DAG(s) dict_keys(['example_branch_python_operator_decorator']) retrieved from /home/oury/.local/lib/python3.10/site-packages/airflow/example_dags/example_branch_operator_decorator.py
[2022-07-31 01:25:30,026] {logging_mixin.py:115} INFO - [2022-07-31 01:25:30,026] {dag.py:2379} INFO - Sync 1 DAGs
[2022-07-31 01:25:30,044] {logging_mixin.py:115} INFO - [2022-07-31 01:25:30,044] {dag.py:2923} INFO - Setting next_dagrun for example_branch_python_operator_decorator to 2022-07-30T00:00:00+00:00, run_after=2022-07-31T00:00:00+00:00
[2022-07-31 01:25:30,056] {processor.py:161} INFO - Processing /home/oury/.local/lib/python3.10/site-packages/airflow/example_dags/example_branch_operator_decorator.py took 0.062 seconds
[2022-07-31 01:26:11,245] {processor.py:153} INFO - Started process (PID=8129) to work on /home/oury/.local/lib/python3.10/site-packages/airflow/example_dags/example_branch_operator_decorator.py
[2022-07-31 01:26:11,246] {processor.py:641} INFO - Processing file /home/oury/.local/lib/python3.10/site-packages/airflow/example_dags/example_branch_operator_decorator.py for tasks to queue
[2022-07-31 01:26:11,246] {logging_mixin.py:115} INFO - [2022-07-31 01:26:11,246] {dagbag.py:507} INFO - Filling up the DagBag from /home/oury/.local/lib/python3.10/site-packages/airflow/example_dags/example_branch_operator_decorator.py
[2022-07-31 01:26:11,262] {processor.py:651} INFO - DAG(s) dict_keys(['example_branch_python_operator_decorator']) retrieved from /home/oury/.local/lib/python3.10/site-packages/airflow/example_dags/example_branch_operator_decorator.py
[2022-07-31 01:26:11,275] {logging_mixin.py:115} INFO - [2022-07-31 01:26:11,275] {dag.py:2379} INFO - Sync 1 DAGs
[2022-07-31 01:26:11,293] {logging_mixin.py:115} INFO - [2022-07-31 01:26:11,293] {dag.py:2923} INFO - Setting next_dagrun for example_branch_python_operator_decorator to 2022-07-30T00:00:00+00:00, run_after=2022-07-31T00:00:00+00:00
[2022-07-31 01:26:11,305] {processor.py:161} INFO - Processing /home/oury/.local/lib/python3.10/site-packages/airflow/example_dags/example_branch_operator_decorator.py took 0.062 seconds
[2022-07-31 01:26:52,466] {processor.py:153} INFO - Started process (PID=8240) to work on /home/oury/.local/lib/python3.10/site-packages/airflow/example_dags/example_branch_operator_decorator.py
[2022-07-31 01:26:52,466] {processor.py:641} INFO - Processing file /home/oury/.local/lib/python3.10/site-packages/airflow/example_dags/example_branch_operator_decorator.py for tasks to queue
[2022-07-31 01:26:52,467] {logging_mixin.py:115} INFO - [2022-07-31 01:26:52,467] {dagbag.py:507} INFO - Filling up the DagBag from /home/oury/.local/lib/python3.10/site-packages/airflow/example_dags/example_branch_operator_decorator.py
[2022-07-31 01:26:52,482] {processor.py:651} INFO - DAG(s) dict_keys(['example_branch_python_operator_decorator']) retrieved from /home/oury/.local/lib/python3.10/site-packages/airflow/example_dags/example_branch_operator_decorator.py
[2022-07-31 01:26:52,496] {logging_mixin.py:115} INFO - [2022-07-31 01:26:52,496] {dag.py:2379} INFO - Sync 1 DAGs
[2022-07-31 01:26:52,514] {logging_mixin.py:115} INFO - [2022-07-31 01:26:52,514] {dag.py:2923} INFO - Setting next_dagrun for example_branch_python_operator_decorator to 2022-07-30T00:00:00+00:00, run_after=2022-07-31T00:00:00+00:00
[2022-07-31 01:26:52,525] {processor.py:161} INFO - Processing /home/oury/.local/lib/python3.10/site-packages/airflow/example_dags/example_branch_operator_decorator.py took 0.062 seconds
[2022-07-31 01:27:34,490] {processor.py:153} INFO - Started process (PID=8322) to work on /home/oury/.local/lib/python3.10/site-packages/airflow/example_dags/example_branch_operator_decorator.py
[2022-07-31 01:27:34,490] {processor.py:641} INFO - Processing file /home/oury/.local/lib/python3.10/site-packages/airflow/example_dags/example_branch_operator_decorator.py for tasks to queue
[2022-07-31 01:27:34,491] {logging_mixin.py:115} INFO - [2022-07-31 01:27:34,491] {dagbag.py:507} INFO - Filling up the DagBag from /home/oury/.local/lib/python3.10/site-packages/airflow/example_dags/example_branch_operator_decorator.py
[2022-07-31 01:27:34,506] {processor.py:651} INFO - DAG(s) dict_keys(['example_branch_python_operator_decorator']) retrieved from /home/oury/.local/lib/python3.10/site-packages/airflow/example_dags/example_branch_operator_decorator.py
[2022-07-31 01:27:34,519] {logging_mixin.py:115} INFO - [2022-07-31 01:27:34,519] {dag.py:2379} INFO - Sync 1 DAGs
[2022-07-31 01:27:34,537] {logging_mixin.py:115} INFO - [2022-07-31 01:27:34,537] {dag.py:2923} INFO - Setting next_dagrun for example_branch_python_operator_decorator to 2022-07-30T00:00:00+00:00, run_after=2022-07-31T00:00:00+00:00
[2022-07-31 01:27:34,548] {processor.py:161} INFO - Processing /home/oury/.local/lib/python3.10/site-packages/airflow/example_dags/example_branch_operator_decorator.py took 0.061 seconds
[2022-07-31 01:28:15,993] {processor.py:153} INFO - Started process (PID=8529) to work on /home/oury/.local/lib/python3.10/site-packages/airflow/example_dags/example_branch_operator_decorator.py
[2022-07-31 01:28:15,993] {processor.py:641} INFO - Processing file /home/oury/.local/lib/python3.10/site-packages/airflow/example_dags/example_branch_operator_decorator.py for tasks to queue
[2022-07-31 01:28:15,994] {logging_mixin.py:115} INFO - [2022-07-31 01:28:15,994] {dagbag.py:507} INFO - Filling up the DagBag from /home/oury/.local/lib/python3.10/site-packages/airflow/example_dags/example_branch_operator_decorator.py
[2022-07-31 01:28:16,009] {processor.py:651} INFO - DAG(s) dict_keys(['example_branch_python_operator_decorator']) retrieved from /home/oury/.local/lib/python3.10/site-packages/airflow/example_dags/example_branch_operator_decorator.py
[2022-07-31 01:28:16,023] {logging_mixin.py:115} INFO - [2022-07-31 01:28:16,023] {dag.py:2379} INFO - Sync 1 DAGs
[2022-07-31 01:28:16,041] {logging_mixin.py:115} INFO - [2022-07-31 01:28:16,041] {dag.py:2923} INFO - Setting next_dagrun for example_branch_python_operator_decorator to 2022-07-30T00:00:00+00:00, run_after=2022-07-31T00:00:00+00:00
[2022-07-31 01:28:16,052] {processor.py:161} INFO - Processing /home/oury/.local/lib/python3.10/site-packages/airflow/example_dags/example_branch_operator_decorator.py took 0.062 seconds
[2022-07-31 01:29:01,282] {processor.py:153} INFO - Started process (PID=8618) to work on /home/oury/.local/lib/python3.10/site-packages/airflow/example_dags/example_branch_operator_decorator.py
[2022-07-31 01:29:01,282] {processor.py:641} INFO - Processing file /home/oury/.local/lib/python3.10/site-packages/airflow/example_dags/example_branch_operator_decorator.py for tasks to queue
[2022-07-31 01:29:01,283] {logging_mixin.py:115} INFO - [2022-07-31 01:29:01,283] {dagbag.py:507} INFO - Filling up the DagBag from /home/oury/.local/lib/python3.10/site-packages/airflow/example_dags/example_branch_operator_decorator.py
[2022-07-31 01:29:01,298] {processor.py:651} INFO - DAG(s) dict_keys(['example_branch_python_operator_decorator']) retrieved from /home/oury/.local/lib/python3.10/site-packages/airflow/example_dags/example_branch_operator_decorator.py
[2022-07-31 01:29:01,312] {logging_mixin.py:115} INFO - [2022-07-31 01:29:01,312] {dag.py:2379} INFO - Sync 1 DAGs
[2022-07-31 01:29:01,329] {logging_mixin.py:115} INFO - [2022-07-31 01:29:01,329] {dag.py:2923} INFO - Setting next_dagrun for example_branch_python_operator_decorator to 2022-07-30T00:00:00+00:00, run_after=2022-07-31T00:00:00+00:00
[2022-07-31 01:29:01,340] {processor.py:161} INFO - Processing /home/oury/.local/lib/python3.10/site-packages/airflow/example_dags/example_branch_operator_decorator.py took 0.061 seconds
[2022-07-31 01:29:43,754] {processor.py:153} INFO - Started process (PID=8702) to work on /home/oury/.local/lib/python3.10/site-packages/airflow/example_dags/example_branch_operator_decorator.py
[2022-07-31 01:29:43,754] {processor.py:641} INFO - Processing file /home/oury/.local/lib/python3.10/site-packages/airflow/example_dags/example_branch_operator_decorator.py for tasks to queue
[2022-07-31 01:29:43,755] {logging_mixin.py:115} INFO - [2022-07-31 01:29:43,755] {dagbag.py:507} INFO - Filling up the DagBag from /home/oury/.local/lib/python3.10/site-packages/airflow/example_dags/example_branch_operator_decorator.py
[2022-07-31 01:29:43,770] {processor.py:651} INFO - DAG(s) dict_keys(['example_branch_python_operator_decorator']) retrieved from /home/oury/.local/lib/python3.10/site-packages/airflow/example_dags/example_branch_operator_decorator.py
[2022-07-31 01:29:43,783] {logging_mixin.py:115} INFO - [2022-07-31 01:29:43,783] {dag.py:2379} INFO - Sync 1 DAGs
[2022-07-31 01:29:43,802] {logging_mixin.py:115} INFO - [2022-07-31 01:29:43,802] {dag.py:2923} INFO - Setting next_dagrun for example_branch_python_operator_decorator to 2022-07-30T00:00:00+00:00, run_after=2022-07-31T00:00:00+00:00
[2022-07-31 01:29:43,813] {processor.py:161} INFO - Processing /home/oury/.local/lib/python3.10/site-packages/airflow/example_dags/example_branch_operator_decorator.py took 0.061 seconds
[2022-07-31 01:30:31,912] {processor.py:153} INFO - Started process (PID=8847) to work on /home/oury/.local/lib/python3.10/site-packages/airflow/example_dags/example_branch_operator_decorator.py
[2022-07-31 01:30:31,913] {processor.py:641} INFO - Processing file /home/oury/.local/lib/python3.10/site-packages/airflow/example_dags/example_branch_operator_decorator.py for tasks to queue
[2022-07-31 01:30:31,913] {logging_mixin.py:115} INFO - [2022-07-31 01:30:31,913] {dagbag.py:507} INFO - Filling up the DagBag from /home/oury/.local/lib/python3.10/site-packages/airflow/example_dags/example_branch_operator_decorator.py
[2022-07-31 01:30:31,929] {processor.py:651} INFO - DAG(s) dict_keys(['example_branch_python_operator_decorator']) retrieved from /home/oury/.local/lib/python3.10/site-packages/airflow/example_dags/example_branch_operator_decorator.py
[2022-07-31 01:30:31,942] {logging_mixin.py:115} INFO - [2022-07-31 01:30:31,942] {dag.py:2379} INFO - Sync 1 DAGs
[2022-07-31 01:30:31,960] {logging_mixin.py:115} INFO - [2022-07-31 01:30:31,960] {dag.py:2923} INFO - Setting next_dagrun for example_branch_python_operator_decorator to 2022-07-30T00:00:00+00:00, run_after=2022-07-31T00:00:00+00:00
[2022-07-31 01:30:32,187] {processor.py:161} INFO - Processing /home/oury/.local/lib/python3.10/site-packages/airflow/example_dags/example_branch_operator_decorator.py took 0.277 seconds
[2022-07-31 01:31:17,502] {processor.py:153} INFO - Started process (PID=9001) to work on /home/oury/.local/lib/python3.10/site-packages/airflow/example_dags/example_branch_operator_decorator.py
[2022-07-31 01:31:17,503] {processor.py:641} INFO - Processing file /home/oury/.local/lib/python3.10/site-packages/airflow/example_dags/example_branch_operator_decorator.py for tasks to queue
[2022-07-31 01:31:17,503] {logging_mixin.py:115} INFO - [2022-07-31 01:31:17,503] {dagbag.py:507} INFO - Filling up the DagBag from /home/oury/.local/lib/python3.10/site-packages/airflow/example_dags/example_branch_operator_decorator.py
[2022-07-31 01:31:17,519] {processor.py:651} INFO - DAG(s) dict_keys(['example_branch_python_operator_decorator']) retrieved from /home/oury/.local/lib/python3.10/site-packages/airflow/example_dags/example_branch_operator_decorator.py
[2022-07-31 01:31:17,531] {logging_mixin.py:115} INFO - [2022-07-31 01:31:17,531] {dag.py:2379} INFO - Sync 1 DAGs
[2022-07-31 01:31:17,550] {logging_mixin.py:115} INFO - [2022-07-31 01:31:17,549] {dag.py:2923} INFO - Setting next_dagrun for example_branch_python_operator_decorator to 2022-07-30T00:00:00+00:00, run_after=2022-07-31T00:00:00+00:00
[2022-07-31 01:31:17,653] {processor.py:161} INFO - Processing /home/oury/.local/lib/python3.10/site-packages/airflow/example_dags/example_branch_operator_decorator.py took 0.153 seconds
[2022-07-31 01:32:00,012] {processor.py:153} INFO - Started process (PID=9112) to work on /home/oury/.local/lib/python3.10/site-packages/airflow/example_dags/example_branch_operator_decorator.py
[2022-07-31 01:32:00,013] {processor.py:641} INFO - Processing file /home/oury/.local/lib/python3.10/site-packages/airflow/example_dags/example_branch_operator_decorator.py for tasks to queue
[2022-07-31 01:32:00,013] {logging_mixin.py:115} INFO - [2022-07-31 01:32:00,013] {dagbag.py:507} INFO - Filling up the DagBag from /home/oury/.local/lib/python3.10/site-packages/airflow/example_dags/example_branch_operator_decorator.py
[2022-07-31 01:32:00,029] {processor.py:651} INFO - DAG(s) dict_keys(['example_branch_python_operator_decorator']) retrieved from /home/oury/.local/lib/python3.10/site-packages/airflow/example_dags/example_branch_operator_decorator.py
[2022-07-31 01:32:00,042] {logging_mixin.py:115} INFO - [2022-07-31 01:32:00,042] {dag.py:2379} INFO - Sync 1 DAGs
[2022-07-31 01:32:00,060] {logging_mixin.py:115} INFO - [2022-07-31 01:32:00,060] {dag.py:2923} INFO - Setting next_dagrun for example_branch_python_operator_decorator to 2022-07-30T00:00:00+00:00, run_after=2022-07-31T00:00:00+00:00
[2022-07-31 01:32:00,167] {processor.py:161} INFO - Processing /home/oury/.local/lib/python3.10/site-packages/airflow/example_dags/example_branch_operator_decorator.py took 0.158 seconds
[2022-07-31 01:32:40,366] {processor.py:153} INFO - Started process (PID=9188) to work on /home/oury/.local/lib/python3.10/site-packages/airflow/example_dags/example_branch_operator_decorator.py
[2022-07-31 01:32:40,366] {processor.py:641} INFO - Processing file /home/oury/.local/lib/python3.10/site-packages/airflow/example_dags/example_branch_operator_decorator.py for tasks to queue
[2022-07-31 01:32:40,367] {logging_mixin.py:115} INFO - [2022-07-31 01:32:40,367] {dagbag.py:507} INFO - Filling up the DagBag from /home/oury/.local/lib/python3.10/site-packages/airflow/example_dags/example_branch_operator_decorator.py
[2022-07-31 01:32:40,382] {processor.py:651} INFO - DAG(s) dict_keys(['example_branch_python_operator_decorator']) retrieved from /home/oury/.local/lib/python3.10/site-packages/airflow/example_dags/example_branch_operator_decorator.py
[2022-07-31 01:32:40,395] {logging_mixin.py:115} INFO - [2022-07-31 01:32:40,395] {dag.py:2379} INFO - Sync 1 DAGs
[2022-07-31 01:32:40,413] {logging_mixin.py:115} INFO - [2022-07-31 01:32:40,412] {dag.py:2923} INFO - Setting next_dagrun for example_branch_python_operator_decorator to 2022-07-30T00:00:00+00:00, run_after=2022-07-31T00:00:00+00:00
[2022-07-31 01:32:40,519] {processor.py:161} INFO - Processing /home/oury/.local/lib/python3.10/site-packages/airflow/example_dags/example_branch_operator_decorator.py took 0.155 seconds
[2022-07-31 01:33:21,633] {processor.py:153} INFO - Started process (PID=9271) to work on /home/oury/.local/lib/python3.10/site-packages/airflow/example_dags/example_branch_operator_decorator.py
[2022-07-31 01:33:21,634] {processor.py:641} INFO - Processing file /home/oury/.local/lib/python3.10/site-packages/airflow/example_dags/example_branch_operator_decorator.py for tasks to queue
[2022-07-31 01:33:21,634] {logging_mixin.py:115} INFO - [2022-07-31 01:33:21,634] {dagbag.py:507} INFO - Filling up the DagBag from /home/oury/.local/lib/python3.10/site-packages/airflow/example_dags/example_branch_operator_decorator.py
[2022-07-31 01:33:21,650] {processor.py:651} INFO - DAG(s) dict_keys(['example_branch_python_operator_decorator']) retrieved from /home/oury/.local/lib/python3.10/site-packages/airflow/example_dags/example_branch_operator_decorator.py
[2022-07-31 01:33:21,663] {logging_mixin.py:115} INFO - [2022-07-31 01:33:21,662] {dag.py:2379} INFO - Sync 1 DAGs
[2022-07-31 01:33:21,681] {logging_mixin.py:115} INFO - [2022-07-31 01:33:21,681] {dag.py:2923} INFO - Setting next_dagrun for example_branch_python_operator_decorator to 2022-07-30T00:00:00+00:00, run_after=2022-07-31T00:00:00+00:00
[2022-07-31 01:33:21,786] {processor.py:161} INFO - Processing /home/oury/.local/lib/python3.10/site-packages/airflow/example_dags/example_branch_operator_decorator.py took 0.155 seconds
[2022-07-31 01:34:04,177] {processor.py:153} INFO - Started process (PID=9561) to work on /home/oury/.local/lib/python3.10/site-packages/airflow/example_dags/example_branch_operator_decorator.py
[2022-07-31 01:34:04,177] {processor.py:641} INFO - Processing file /home/oury/.local/lib/python3.10/site-packages/airflow/example_dags/example_branch_operator_decorator.py for tasks to queue
[2022-07-31 01:34:04,178] {logging_mixin.py:115} INFO - [2022-07-31 01:34:04,178] {dagbag.py:507} INFO - Filling up the DagBag from /home/oury/.local/lib/python3.10/site-packages/airflow/example_dags/example_branch_operator_decorator.py
[2022-07-31 01:34:04,194] {processor.py:651} INFO - DAG(s) dict_keys(['example_branch_python_operator_decorator']) retrieved from /home/oury/.local/lib/python3.10/site-packages/airflow/example_dags/example_branch_operator_decorator.py
[2022-07-31 01:34:04,207] {logging_mixin.py:115} INFO - [2022-07-31 01:34:04,207] {dag.py:2379} INFO - Sync 1 DAGs
[2022-07-31 01:34:04,224] {logging_mixin.py:115} INFO - [2022-07-31 01:34:04,224] {dag.py:2923} INFO - Setting next_dagrun for example_branch_python_operator_decorator to 2022-07-30T00:00:00+00:00, run_after=2022-07-31T00:00:00+00:00
[2022-07-31 01:34:04,333] {processor.py:161} INFO - Processing /home/oury/.local/lib/python3.10/site-packages/airflow/example_dags/example_branch_operator_decorator.py took 0.158 seconds
[2022-07-31 01:34:47,737] {processor.py:153} INFO - Started process (PID=9691) to work on /home/oury/.local/lib/python3.10/site-packages/airflow/example_dags/example_branch_operator_decorator.py
[2022-07-31 01:34:47,738] {processor.py:641} INFO - Processing file /home/oury/.local/lib/python3.10/site-packages/airflow/example_dags/example_branch_operator_decorator.py for tasks to queue
[2022-07-31 01:34:47,738] {logging_mixin.py:115} INFO - [2022-07-31 01:34:47,738] {dagbag.py:507} INFO - Filling up the DagBag from /home/oury/.local/lib/python3.10/site-packages/airflow/example_dags/example_branch_operator_decorator.py
[2022-07-31 01:34:47,760] {processor.py:651} INFO - DAG(s) dict_keys(['example_branch_python_operator_decorator']) retrieved from /home/oury/.local/lib/python3.10/site-packages/airflow/example_dags/example_branch_operator_decorator.py
[2022-07-31 01:34:47,778] {logging_mixin.py:115} INFO - [2022-07-31 01:34:47,778] {dag.py:2379} INFO - Sync 1 DAGs
[2022-07-31 01:34:47,807] {logging_mixin.py:115} INFO - [2022-07-31 01:34:47,807] {dag.py:2923} INFO - Setting next_dagrun for example_branch_python_operator_decorator to 2022-07-30T00:00:00+00:00, run_after=2022-07-31T00:00:00+00:00
[2022-07-31 01:34:47,936] {processor.py:161} INFO - Processing /home/oury/.local/lib/python3.10/site-packages/airflow/example_dags/example_branch_operator_decorator.py took 0.202 seconds
[2022-07-31 01:38:20,102] {processor.py:153} INFO - Started process (PID=10433) to work on /home/oury/.local/lib/python3.10/site-packages/airflow/example_dags/example_branch_operator_decorator.py
[2022-07-31 01:38:20,103] {processor.py:641} INFO - Processing file /home/oury/.local/lib/python3.10/site-packages/airflow/example_dags/example_branch_operator_decorator.py for tasks to queue
[2022-07-31 01:38:20,104] {logging_mixin.py:115} INFO - [2022-07-31 01:38:20,104] {dagbag.py:507} INFO - Filling up the DagBag from /home/oury/.local/lib/python3.10/site-packages/airflow/example_dags/example_branch_operator_decorator.py
[2022-07-31 01:38:20,120] {processor.py:651} INFO - DAG(s) dict_keys(['example_branch_python_operator_decorator']) retrieved from /home/oury/.local/lib/python3.10/site-packages/airflow/example_dags/example_branch_operator_decorator.py
[2022-07-31 01:38:20,261] {logging_mixin.py:115} INFO - [2022-07-31 01:38:20,261] {dag.py:2379} INFO - Sync 1 DAGs
[2022-07-31 01:38:20,266] {logging_mixin.py:115} INFO - [2022-07-31 01:38:20,266] {dag.py:2398} INFO - Creating ORM DAG for example_branch_python_operator_decorator
[2022-07-31 01:38:20,277] {logging_mixin.py:115} INFO - [2022-07-31 01:38:20,277] {dag.py:2923} INFO - Setting next_dagrun for example_branch_python_operator_decorator to 2022-07-30T00:00:00+00:00, run_after=2022-07-31T00:00:00+00:00
[2022-07-31 01:38:20,292] {processor.py:161} INFO - Processing /home/oury/.local/lib/python3.10/site-packages/airflow/example_dags/example_branch_operator_decorator.py took 0.193 seconds
[2022-07-31 01:39:03,898] {processor.py:153} INFO - Started process (PID=10668) to work on /home/oury/.local/lib/python3.10/site-packages/airflow/example_dags/example_branch_operator_decorator.py
[2022-07-31 01:39:03,898] {processor.py:641} INFO - Processing file /home/oury/.local/lib/python3.10/site-packages/airflow/example_dags/example_branch_operator_decorator.py for tasks to queue
[2022-07-31 01:39:03,899] {logging_mixin.py:115} INFO - [2022-07-31 01:39:03,899] {dagbag.py:507} INFO - Filling up the DagBag from /home/oury/.local/lib/python3.10/site-packages/airflow/example_dags/example_branch_operator_decorator.py
[2022-07-31 01:39:03,915] {processor.py:651} INFO - DAG(s) dict_keys(['example_branch_python_operator_decorator']) retrieved from /home/oury/.local/lib/python3.10/site-packages/airflow/example_dags/example_branch_operator_decorator.py
[2022-07-31 01:39:03,928] {logging_mixin.py:115} INFO - [2022-07-31 01:39:03,927] {dag.py:2379} INFO - Sync 1 DAGs
[2022-07-31 01:39:03,946] {logging_mixin.py:115} INFO - [2022-07-31 01:39:03,946] {dag.py:2923} INFO - Setting next_dagrun for example_branch_python_operator_decorator to 2022-07-30T00:00:00+00:00, run_after=2022-07-31T00:00:00+00:00
[2022-07-31 01:39:03,957] {processor.py:161} INFO - Processing /home/oury/.local/lib/python3.10/site-packages/airflow/example_dags/example_branch_operator_decorator.py took 0.062 seconds
[2022-07-31 01:39:43,932] {processor.py:153} INFO - Started process (PID=10885) to work on /home/oury/.local/lib/python3.10/site-packages/airflow/example_dags/example_branch_operator_decorator.py
[2022-07-31 01:39:43,932] {processor.py:641} INFO - Processing file /home/oury/.local/lib/python3.10/site-packages/airflow/example_dags/example_branch_operator_decorator.py for tasks to queue
[2022-07-31 01:39:43,933] {logging_mixin.py:115} INFO - [2022-07-31 01:39:43,933] {dagbag.py:507} INFO - Filling up the DagBag from /home/oury/.local/lib/python3.10/site-packages/airflow/example_dags/example_branch_operator_decorator.py
[2022-07-31 01:39:43,949] {processor.py:651} INFO - DAG(s) dict_keys(['example_branch_python_operator_decorator']) retrieved from /home/oury/.local/lib/python3.10/site-packages/airflow/example_dags/example_branch_operator_decorator.py
[2022-07-31 01:39:43,970] {logging_mixin.py:115} INFO - [2022-07-31 01:39:43,970] {dag.py:2379} INFO - Sync 1 DAGs
[2022-07-31 01:39:43,991] {logging_mixin.py:115} INFO - [2022-07-31 01:39:43,990] {dag.py:2923} INFO - Setting next_dagrun for example_branch_python_operator_decorator to 2022-07-30T00:00:00+00:00, run_after=2022-07-31T00:00:00+00:00
[2022-07-31 01:39:44,003] {processor.py:161} INFO - Processing /home/oury/.local/lib/python3.10/site-packages/airflow/example_dags/example_branch_operator_decorator.py took 0.073 seconds
[2022-07-31 01:40:24,486] {processor.py:153} INFO - Started process (PID=11070) to work on /home/oury/.local/lib/python3.10/site-packages/airflow/example_dags/example_branch_operator_decorator.py
[2022-07-31 01:40:24,487] {processor.py:641} INFO - Processing file /home/oury/.local/lib/python3.10/site-packages/airflow/example_dags/example_branch_operator_decorator.py for tasks to queue
[2022-07-31 01:40:24,488] {logging_mixin.py:115} INFO - [2022-07-31 01:40:24,488] {dagbag.py:507} INFO - Filling up the DagBag from /home/oury/.local/lib/python3.10/site-packages/airflow/example_dags/example_branch_operator_decorator.py
[2022-07-31 01:40:24,505] {processor.py:651} INFO - DAG(s) dict_keys(['example_branch_python_operator_decorator']) retrieved from /home/oury/.local/lib/python3.10/site-packages/airflow/example_dags/example_branch_operator_decorator.py
[2022-07-31 01:40:24,519] {logging_mixin.py:115} INFO - [2022-07-31 01:40:24,519] {dag.py:2379} INFO - Sync 1 DAGs
[2022-07-31 01:40:24,540] {logging_mixin.py:115} INFO - [2022-07-31 01:40:24,540] {dag.py:2923} INFO - Setting next_dagrun for example_branch_python_operator_decorator to 2022-07-30T00:00:00+00:00, run_after=2022-07-31T00:00:00+00:00
[2022-07-31 01:40:24,552] {processor.py:161} INFO - Processing /home/oury/.local/lib/python3.10/site-packages/airflow/example_dags/example_branch_operator_decorator.py took 0.068 seconds
[2022-07-31 01:41:25,219] {processor.py:153} INFO - Started process (PID=12676) to work on /home/oury/.local/lib/python3.10/site-packages/airflow/example_dags/example_branch_operator_decorator.py
[2022-07-31 01:41:25,222] {processor.py:641} INFO - Processing file /home/oury/.local/lib/python3.10/site-packages/airflow/example_dags/example_branch_operator_decorator.py for tasks to queue
[2022-07-31 01:41:25,223] {logging_mixin.py:115} INFO - [2022-07-31 01:41:25,222] {dagbag.py:507} INFO - Filling up the DagBag from /home/oury/.local/lib/python3.10/site-packages/airflow/example_dags/example_branch_operator_decorator.py
[2022-07-31 01:41:25,254] {processor.py:651} INFO - DAG(s) dict_keys(['example_branch_python_operator_decorator']) retrieved from /home/oury/.local/lib/python3.10/site-packages/airflow/example_dags/example_branch_operator_decorator.py
[2022-07-31 01:41:25,278] {logging_mixin.py:115} INFO - [2022-07-31 01:41:25,278] {dag.py:2379} INFO - Sync 1 DAGs
[2022-07-31 01:41:25,311] {logging_mixin.py:115} INFO - [2022-07-31 01:41:25,311] {dag.py:2923} INFO - Setting next_dagrun for example_branch_python_operator_decorator to 2022-07-30T00:00:00+00:00, run_after=2022-07-31T00:00:00+00:00
[2022-07-31 01:41:25,334] {processor.py:161} INFO - Processing /home/oury/.local/lib/python3.10/site-packages/airflow/example_dags/example_branch_operator_decorator.py took 0.118 seconds
[2022-07-31 01:42:58,923] {processor.py:153} INFO - Started process (PID=13253) to work on /home/oury/.local/lib/python3.10/site-packages/airflow/example_dags/example_branch_operator_decorator.py
[2022-07-31 01:42:58,923] {processor.py:641} INFO - Processing file /home/oury/.local/lib/python3.10/site-packages/airflow/example_dags/example_branch_operator_decorator.py for tasks to queue
[2022-07-31 01:42:58,924] {logging_mixin.py:115} INFO - [2022-07-31 01:42:58,924] {dagbag.py:507} INFO - Filling up the DagBag from /home/oury/.local/lib/python3.10/site-packages/airflow/example_dags/example_branch_operator_decorator.py
[2022-07-31 01:42:58,941] {processor.py:651} INFO - DAG(s) dict_keys(['example_branch_python_operator_decorator']) retrieved from /home/oury/.local/lib/python3.10/site-packages/airflow/example_dags/example_branch_operator_decorator.py
[2022-07-31 01:42:58,955] {logging_mixin.py:115} INFO - [2022-07-31 01:42:58,955] {dag.py:2379} INFO - Sync 1 DAGs
[2022-07-31 01:42:58,974] {logging_mixin.py:115} INFO - [2022-07-31 01:42:58,974] {dag.py:2923} INFO - Setting next_dagrun for example_branch_python_operator_decorator to 2022-07-30T00:00:00+00:00, run_after=2022-07-31T00:00:00+00:00
[2022-07-31 01:42:59,087] {processor.py:161} INFO - Processing /home/oury/.local/lib/python3.10/site-packages/airflow/example_dags/example_branch_operator_decorator.py took 0.167 seconds
[2022-07-31 01:43:41,146] {processor.py:153} INFO - Started process (PID=13418) to work on /home/oury/.local/lib/python3.10/site-packages/airflow/example_dags/example_branch_operator_decorator.py
[2022-07-31 01:43:41,147] {processor.py:641} INFO - Processing file /home/oury/.local/lib/python3.10/site-packages/airflow/example_dags/example_branch_operator_decorator.py for tasks to queue
[2022-07-31 01:43:41,147] {logging_mixin.py:115} INFO - [2022-07-31 01:43:41,147] {dagbag.py:507} INFO - Filling up the DagBag from /home/oury/.local/lib/python3.10/site-packages/airflow/example_dags/example_branch_operator_decorator.py
[2022-07-31 01:43:41,165] {processor.py:651} INFO - DAG(s) dict_keys(['example_branch_python_operator_decorator']) retrieved from /home/oury/.local/lib/python3.10/site-packages/airflow/example_dags/example_branch_operator_decorator.py
[2022-07-31 01:43:41,179] {logging_mixin.py:115} INFO - [2022-07-31 01:43:41,179] {dag.py:2379} INFO - Sync 1 DAGs
[2022-07-31 01:43:41,198] {logging_mixin.py:115} INFO - [2022-07-31 01:43:41,198] {dag.py:2923} INFO - Setting next_dagrun for example_branch_python_operator_decorator to 2022-07-30T00:00:00+00:00, run_after=2022-07-31T00:00:00+00:00
[2022-07-31 01:43:41,310] {processor.py:161} INFO - Processing /home/oury/.local/lib/python3.10/site-packages/airflow/example_dags/example_branch_operator_decorator.py took 0.167 seconds
[2022-07-31 01:44:27,632] {processor.py:153} INFO - Started process (PID=13741) to work on /home/oury/.local/lib/python3.10/site-packages/airflow/example_dags/example_branch_operator_decorator.py
[2022-07-31 01:44:27,633] {processor.py:641} INFO - Processing file /home/oury/.local/lib/python3.10/site-packages/airflow/example_dags/example_branch_operator_decorator.py for tasks to queue
[2022-07-31 01:44:27,633] {logging_mixin.py:115} INFO - [2022-07-31 01:44:27,633] {dagbag.py:507} INFO - Filling up the DagBag from /home/oury/.local/lib/python3.10/site-packages/airflow/example_dags/example_branch_operator_decorator.py
[2022-07-31 01:44:27,651] {processor.py:651} INFO - DAG(s) dict_keys(['example_branch_python_operator_decorator']) retrieved from /home/oury/.local/lib/python3.10/site-packages/airflow/example_dags/example_branch_operator_decorator.py
[2022-07-31 01:44:27,665] {logging_mixin.py:115} INFO - [2022-07-31 01:44:27,664] {dag.py:2379} INFO - Sync 1 DAGs
[2022-07-31 01:44:27,684] {logging_mixin.py:115} INFO - [2022-07-31 01:44:27,684] {dag.py:2923} INFO - Setting next_dagrun for example_branch_python_operator_decorator to 2022-07-30T00:00:00+00:00, run_after=2022-07-31T00:00:00+00:00
[2022-07-31 01:44:27,806] {processor.py:161} INFO - Processing /home/oury/.local/lib/python3.10/site-packages/airflow/example_dags/example_branch_operator_decorator.py took 0.177 seconds
[2022-07-31 01:45:17,281] {processor.py:153} INFO - Started process (PID=14107) to work on /home/oury/.local/lib/python3.10/site-packages/airflow/example_dags/example_branch_operator_decorator.py
[2022-07-31 01:45:17,282] {processor.py:641} INFO - Processing file /home/oury/.local/lib/python3.10/site-packages/airflow/example_dags/example_branch_operator_decorator.py for tasks to queue
[2022-07-31 01:45:17,283] {logging_mixin.py:115} INFO - [2022-07-31 01:45:17,283] {dagbag.py:507} INFO - Filling up the DagBag from /home/oury/.local/lib/python3.10/site-packages/airflow/example_dags/example_branch_operator_decorator.py
[2022-07-31 01:45:17,309] {processor.py:651} INFO - DAG(s) dict_keys(['example_branch_python_operator_decorator']) retrieved from /home/oury/.local/lib/python3.10/site-packages/airflow/example_dags/example_branch_operator_decorator.py
[2022-07-31 01:45:17,331] {logging_mixin.py:115} INFO - [2022-07-31 01:45:17,331] {dag.py:2379} INFO - Sync 1 DAGs
[2022-07-31 01:45:17,360] {logging_mixin.py:115} INFO - [2022-07-31 01:45:17,360] {dag.py:2923} INFO - Setting next_dagrun for example_branch_python_operator_decorator to 2022-07-30T00:00:00+00:00, run_after=2022-07-31T00:00:00+00:00
[2022-07-31 01:45:17,497] {processor.py:161} INFO - Processing /home/oury/.local/lib/python3.10/site-packages/airflow/example_dags/example_branch_operator_decorator.py took 0.219 seconds
[2022-07-31 01:45:57,134] {processor.py:153} INFO - Started process (PID=14313) to work on /home/oury/.local/lib/python3.10/site-packages/airflow/example_dags/example_branch_operator_decorator.py
[2022-07-31 01:45:57,134] {processor.py:641} INFO - Processing file /home/oury/.local/lib/python3.10/site-packages/airflow/example_dags/example_branch_operator_decorator.py for tasks to queue
[2022-07-31 01:45:57,135] {logging_mixin.py:115} INFO - [2022-07-31 01:45:57,135] {dagbag.py:507} INFO - Filling up the DagBag from /home/oury/.local/lib/python3.10/site-packages/airflow/example_dags/example_branch_operator_decorator.py
[2022-07-31 01:45:57,151] {processor.py:651} INFO - DAG(s) dict_keys(['example_branch_python_operator_decorator']) retrieved from /home/oury/.local/lib/python3.10/site-packages/airflow/example_dags/example_branch_operator_decorator.py
[2022-07-31 01:45:57,164] {logging_mixin.py:115} INFO - [2022-07-31 01:45:57,164] {dag.py:2379} INFO - Sync 1 DAGs
[2022-07-31 01:45:57,182] {logging_mixin.py:115} INFO - [2022-07-31 01:45:57,182] {dag.py:2923} INFO - Setting next_dagrun for example_branch_python_operator_decorator to 2022-07-30T00:00:00+00:00, run_after=2022-07-31T00:00:00+00:00
[2022-07-31 01:45:57,291] {processor.py:161} INFO - Processing /home/oury/.local/lib/python3.10/site-packages/airflow/example_dags/example_branch_operator_decorator.py took 0.159 seconds
[2022-07-31 01:46:38,584] {processor.py:153} INFO - Started process (PID=14432) to work on /home/oury/.local/lib/python3.10/site-packages/airflow/example_dags/example_branch_operator_decorator.py
[2022-07-31 01:46:38,585] {processor.py:641} INFO - Processing file /home/oury/.local/lib/python3.10/site-packages/airflow/example_dags/example_branch_operator_decorator.py for tasks to queue
[2022-07-31 01:46:38,586] {logging_mixin.py:115} INFO - [2022-07-31 01:46:38,586] {dagbag.py:507} INFO - Filling up the DagBag from /home/oury/.local/lib/python3.10/site-packages/airflow/example_dags/example_branch_operator_decorator.py
[2022-07-31 01:46:38,604] {processor.py:651} INFO - DAG(s) dict_keys(['example_branch_python_operator_decorator']) retrieved from /home/oury/.local/lib/python3.10/site-packages/airflow/example_dags/example_branch_operator_decorator.py
[2022-07-31 01:46:38,617] {logging_mixin.py:115} INFO - [2022-07-31 01:46:38,617] {dag.py:2379} INFO - Sync 1 DAGs
[2022-07-31 01:46:38,636] {logging_mixin.py:115} INFO - [2022-07-31 01:46:38,636] {dag.py:2923} INFO - Setting next_dagrun for example_branch_python_operator_decorator to 2022-07-30T00:00:00+00:00, run_after=2022-07-31T00:00:00+00:00
[2022-07-31 01:46:38,743] {processor.py:161} INFO - Processing /home/oury/.local/lib/python3.10/site-packages/airflow/example_dags/example_branch_operator_decorator.py took 0.162 seconds
[2022-07-31 01:47:23,031] {processor.py:153} INFO - Started process (PID=14724) to work on /home/oury/.local/lib/python3.10/site-packages/airflow/example_dags/example_branch_operator_decorator.py
[2022-07-31 01:47:23,032] {processor.py:641} INFO - Processing file /home/oury/.local/lib/python3.10/site-packages/airflow/example_dags/example_branch_operator_decorator.py for tasks to queue
[2022-07-31 01:47:23,033] {logging_mixin.py:115} INFO - [2022-07-31 01:47:23,033] {dagbag.py:507} INFO - Filling up the DagBag from /home/oury/.local/lib/python3.10/site-packages/airflow/example_dags/example_branch_operator_decorator.py
[2022-07-31 01:47:23,058] {processor.py:651} INFO - DAG(s) dict_keys(['example_branch_python_operator_decorator']) retrieved from /home/oury/.local/lib/python3.10/site-packages/airflow/example_dags/example_branch_operator_decorator.py
[2022-07-31 01:47:23,078] {logging_mixin.py:115} INFO - [2022-07-31 01:47:23,078] {dag.py:2379} INFO - Sync 1 DAGs
[2022-07-31 01:47:23,115] {logging_mixin.py:115} INFO - [2022-07-31 01:47:23,114] {dag.py:2923} INFO - Setting next_dagrun for example_branch_python_operator_decorator to 2022-07-30T00:00:00+00:00, run_after=2022-07-31T00:00:00+00:00
[2022-07-31 01:47:23,262] {processor.py:161} INFO - Processing /home/oury/.local/lib/python3.10/site-packages/airflow/example_dags/example_branch_operator_decorator.py took 0.234 seconds
[2022-07-31 01:48:04,451] {processor.py:153} INFO - Started process (PID=14838) to work on /home/oury/.local/lib/python3.10/site-packages/airflow/example_dags/example_branch_operator_decorator.py
[2022-07-31 01:48:04,452] {processor.py:641} INFO - Processing file /home/oury/.local/lib/python3.10/site-packages/airflow/example_dags/example_branch_operator_decorator.py for tasks to queue
[2022-07-31 01:48:04,453] {logging_mixin.py:115} INFO - [2022-07-31 01:48:04,453] {dagbag.py:507} INFO - Filling up the DagBag from /home/oury/.local/lib/python3.10/site-packages/airflow/example_dags/example_branch_operator_decorator.py
[2022-07-31 01:48:04,475] {processor.py:651} INFO - DAG(s) dict_keys(['example_branch_python_operator_decorator']) retrieved from /home/oury/.local/lib/python3.10/site-packages/airflow/example_dags/example_branch_operator_decorator.py
[2022-07-31 01:48:04,488] {logging_mixin.py:115} INFO - [2022-07-31 01:48:04,487] {dag.py:2379} INFO - Sync 1 DAGs
[2022-07-31 01:48:04,506] {logging_mixin.py:115} INFO - [2022-07-31 01:48:04,506] {dag.py:2923} INFO - Setting next_dagrun for example_branch_python_operator_decorator to 2022-07-30T00:00:00+00:00, run_after=2022-07-31T00:00:00+00:00
[2022-07-31 01:48:04,617] {processor.py:161} INFO - Processing /home/oury/.local/lib/python3.10/site-packages/airflow/example_dags/example_branch_operator_decorator.py took 0.169 seconds
[2022-07-31 01:48:49,809] {processor.py:153} INFO - Started process (PID=14963) to work on /home/oury/.local/lib/python3.10/site-packages/airflow/example_dags/example_branch_operator_decorator.py
[2022-07-31 01:48:49,810] {processor.py:641} INFO - Processing file /home/oury/.local/lib/python3.10/site-packages/airflow/example_dags/example_branch_operator_decorator.py for tasks to queue
[2022-07-31 01:48:49,810] {logging_mixin.py:115} INFO - [2022-07-31 01:48:49,810] {dagbag.py:507} INFO - Filling up the DagBag from /home/oury/.local/lib/python3.10/site-packages/airflow/example_dags/example_branch_operator_decorator.py
[2022-07-31 01:48:49,826] {processor.py:651} INFO - DAG(s) dict_keys(['example_branch_python_operator_decorator']) retrieved from /home/oury/.local/lib/python3.10/site-packages/airflow/example_dags/example_branch_operator_decorator.py
[2022-07-31 01:48:49,840] {logging_mixin.py:115} INFO - [2022-07-31 01:48:49,840] {dag.py:2379} INFO - Sync 1 DAGs
[2022-07-31 01:48:49,859] {logging_mixin.py:115} INFO - [2022-07-31 01:48:49,858] {dag.py:2923} INFO - Setting next_dagrun for example_branch_python_operator_decorator to 2022-07-30T00:00:00+00:00, run_after=2022-07-31T00:00:00+00:00
[2022-07-31 01:48:49,970] {processor.py:161} INFO - Processing /home/oury/.local/lib/python3.10/site-packages/airflow/example_dags/example_branch_operator_decorator.py took 0.163 seconds
[2022-07-31 01:49:30,278] {processor.py:153} INFO - Started process (PID=15017) to work on /home/oury/.local/lib/python3.10/site-packages/airflow/example_dags/example_branch_operator_decorator.py
[2022-07-31 01:49:30,278] {processor.py:641} INFO - Processing file /home/oury/.local/lib/python3.10/site-packages/airflow/example_dags/example_branch_operator_decorator.py for tasks to queue
[2022-07-31 01:49:30,279] {logging_mixin.py:115} INFO - [2022-07-31 01:49:30,279] {dagbag.py:507} INFO - Filling up the DagBag from /home/oury/.local/lib/python3.10/site-packages/airflow/example_dags/example_branch_operator_decorator.py
[2022-07-31 01:49:30,295] {processor.py:651} INFO - DAG(s) dict_keys(['example_branch_python_operator_decorator']) retrieved from /home/oury/.local/lib/python3.10/site-packages/airflow/example_dags/example_branch_operator_decorator.py
[2022-07-31 01:49:30,308] {logging_mixin.py:115} INFO - [2022-07-31 01:49:30,308] {dag.py:2379} INFO - Sync 1 DAGs
[2022-07-31 01:49:30,326] {logging_mixin.py:115} INFO - [2022-07-31 01:49:30,326] {dag.py:2923} INFO - Setting next_dagrun for example_branch_python_operator_decorator to 2022-07-30T00:00:00+00:00, run_after=2022-07-31T00:00:00+00:00
[2022-07-31 01:49:30,436] {processor.py:161} INFO - Processing /home/oury/.local/lib/python3.10/site-packages/airflow/example_dags/example_branch_operator_decorator.py took 0.161 seconds
[2022-07-31 01:50:13,649] {processor.py:153} INFO - Started process (PID=15074) to work on /home/oury/.local/lib/python3.10/site-packages/airflow/example_dags/example_branch_operator_decorator.py
[2022-07-31 01:50:13,650] {processor.py:641} INFO - Processing file /home/oury/.local/lib/python3.10/site-packages/airflow/example_dags/example_branch_operator_decorator.py for tasks to queue
[2022-07-31 01:50:13,650] {logging_mixin.py:115} INFO - [2022-07-31 01:50:13,650] {dagbag.py:507} INFO - Filling up the DagBag from /home/oury/.local/lib/python3.10/site-packages/airflow/example_dags/example_branch_operator_decorator.py
[2022-07-31 01:50:13,666] {processor.py:651} INFO - DAG(s) dict_keys(['example_branch_python_operator_decorator']) retrieved from /home/oury/.local/lib/python3.10/site-packages/airflow/example_dags/example_branch_operator_decorator.py
[2022-07-31 01:50:13,679] {logging_mixin.py:115} INFO - [2022-07-31 01:50:13,679] {dag.py:2379} INFO - Sync 1 DAGs
[2022-07-31 01:50:13,697] {logging_mixin.py:115} INFO - [2022-07-31 01:50:13,696] {dag.py:2923} INFO - Setting next_dagrun for example_branch_python_operator_decorator to 2022-07-30T00:00:00+00:00, run_after=2022-07-31T00:00:00+00:00
[2022-07-31 01:50:13,812] {processor.py:161} INFO - Processing /home/oury/.local/lib/python3.10/site-packages/airflow/example_dags/example_branch_operator_decorator.py took 0.166 seconds
[2022-07-31 01:50:57,082] {processor.py:153} INFO - Started process (PID=15134) to work on /home/oury/.local/lib/python3.10/site-packages/airflow/example_dags/example_branch_operator_decorator.py
[2022-07-31 01:50:57,082] {processor.py:641} INFO - Processing file /home/oury/.local/lib/python3.10/site-packages/airflow/example_dags/example_branch_operator_decorator.py for tasks to queue
[2022-07-31 01:50:57,083] {logging_mixin.py:115} INFO - [2022-07-31 01:50:57,083] {dagbag.py:507} INFO - Filling up the DagBag from /home/oury/.local/lib/python3.10/site-packages/airflow/example_dags/example_branch_operator_decorator.py
[2022-07-31 01:50:57,099] {processor.py:651} INFO - DAG(s) dict_keys(['example_branch_python_operator_decorator']) retrieved from /home/oury/.local/lib/python3.10/site-packages/airflow/example_dags/example_branch_operator_decorator.py
[2022-07-31 01:50:57,112] {logging_mixin.py:115} INFO - [2022-07-31 01:50:57,112] {dag.py:2379} INFO - Sync 1 DAGs
[2022-07-31 01:50:57,130] {logging_mixin.py:115} INFO - [2022-07-31 01:50:57,129] {dag.py:2923} INFO - Setting next_dagrun for example_branch_python_operator_decorator to 2022-07-30T00:00:00+00:00, run_after=2022-07-31T00:00:00+00:00
[2022-07-31 01:50:57,235] {processor.py:161} INFO - Processing /home/oury/.local/lib/python3.10/site-packages/airflow/example_dags/example_branch_operator_decorator.py took 0.155 seconds
