[2022-07-31 01:19:09,716] {processor.py:153} INFO - Started process (PID=6087) to work on /home/oury/.local/lib/python3.10/site-packages/airflow/example_dags/example_branch_operator.py
[2022-07-31 01:19:09,716] {processor.py:641} INFO - Processing file /home/oury/.local/lib/python3.10/site-packages/airflow/example_dags/example_branch_operator.py for tasks to queue
[2022-07-31 01:19:09,717] {logging_mixin.py:115} INFO - [2022-07-31 01:19:09,717] {dagbag.py:507} INFO - Filling up the DagBag from /home/oury/.local/lib/python3.10/site-packages/airflow/example_dags/example_branch_operator.py
[2022-07-31 01:19:09,727] {processor.py:651} INFO - DAG(s) dict_keys(['example_branch_operator']) retrieved from /home/oury/.local/lib/python3.10/site-packages/airflow/example_dags/example_branch_operator.py
[2022-07-31 01:19:09,743] {logging_mixin.py:115} INFO - [2022-07-31 01:19:09,743] {dag.py:2379} INFO - Sync 1 DAGs
[2022-07-31 01:19:09,761] {logging_mixin.py:115} INFO - [2022-07-31 01:19:09,761] {dag.py:2923} INFO - Setting next_dagrun for example_branch_operator to 2022-07-30T00:00:00+00:00, run_after=2022-07-31T00:00:00+00:00
[2022-07-31 01:19:09,773] {processor.py:161} INFO - Processing /home/oury/.local/lib/python3.10/site-packages/airflow/example_dags/example_branch_operator.py took 0.060 seconds
[2022-07-31 01:19:53,067] {processor.py:153} INFO - Started process (PID=6315) to work on /home/oury/.local/lib/python3.10/site-packages/airflow/example_dags/example_branch_operator.py
[2022-07-31 01:19:53,069] {processor.py:641} INFO - Processing file /home/oury/.local/lib/python3.10/site-packages/airflow/example_dags/example_branch_operator.py for tasks to queue
[2022-07-31 01:19:53,070] {logging_mixin.py:115} INFO - [2022-07-31 01:19:53,069] {dagbag.py:507} INFO - Filling up the DagBag from /home/oury/.local/lib/python3.10/site-packages/airflow/example_dags/example_branch_operator.py
[2022-07-31 01:19:53,081] {processor.py:651} INFO - DAG(s) dict_keys(['example_branch_operator']) retrieved from /home/oury/.local/lib/python3.10/site-packages/airflow/example_dags/example_branch_operator.py
[2022-07-31 01:19:53,097] {logging_mixin.py:115} INFO - [2022-07-31 01:19:53,096] {dag.py:2379} INFO - Sync 1 DAGs
[2022-07-31 01:19:53,122] {logging_mixin.py:115} INFO - [2022-07-31 01:19:53,122] {dag.py:2923} INFO - Setting next_dagrun for example_branch_operator to 2022-07-30T00:00:00+00:00, run_after=2022-07-31T00:00:00+00:00
[2022-07-31 01:19:53,145] {processor.py:161} INFO - Processing /home/oury/.local/lib/python3.10/site-packages/airflow/example_dags/example_branch_operator.py took 0.081 seconds
[2022-07-31 01:20:39,254] {processor.py:153} INFO - Started process (PID=6640) to work on /home/oury/.local/lib/python3.10/site-packages/airflow/example_dags/example_branch_operator.py
[2022-07-31 01:20:39,254] {processor.py:641} INFO - Processing file /home/oury/.local/lib/python3.10/site-packages/airflow/example_dags/example_branch_operator.py for tasks to queue
[2022-07-31 01:20:39,255] {logging_mixin.py:115} INFO - [2022-07-31 01:20:39,255] {dagbag.py:507} INFO - Filling up the DagBag from /home/oury/.local/lib/python3.10/site-packages/airflow/example_dags/example_branch_operator.py
[2022-07-31 01:20:39,264] {processor.py:651} INFO - DAG(s) dict_keys(['example_branch_operator']) retrieved from /home/oury/.local/lib/python3.10/site-packages/airflow/example_dags/example_branch_operator.py
[2022-07-31 01:20:39,277] {logging_mixin.py:115} INFO - [2022-07-31 01:20:39,277] {dag.py:2379} INFO - Sync 1 DAGs
[2022-07-31 01:20:39,293] {logging_mixin.py:115} INFO - [2022-07-31 01:20:39,293] {dag.py:2923} INFO - Setting next_dagrun for example_branch_operator to 2022-07-30T00:00:00+00:00, run_after=2022-07-31T00:00:00+00:00
[2022-07-31 01:20:39,307] {processor.py:161} INFO - Processing /home/oury/.local/lib/python3.10/site-packages/airflow/example_dags/example_branch_operator.py took 0.056 seconds
[2022-07-31 01:21:21,866] {processor.py:153} INFO - Started process (PID=6911) to work on /home/oury/.local/lib/python3.10/site-packages/airflow/example_dags/example_branch_operator.py
[2022-07-31 01:21:21,866] {processor.py:641} INFO - Processing file /home/oury/.local/lib/python3.10/site-packages/airflow/example_dags/example_branch_operator.py for tasks to queue
[2022-07-31 01:21:21,867] {logging_mixin.py:115} INFO - [2022-07-31 01:21:21,866] {dagbag.py:507} INFO - Filling up the DagBag from /home/oury/.local/lib/python3.10/site-packages/airflow/example_dags/example_branch_operator.py
[2022-07-31 01:21:21,875] {processor.py:651} INFO - DAG(s) dict_keys(['example_branch_operator']) retrieved from /home/oury/.local/lib/python3.10/site-packages/airflow/example_dags/example_branch_operator.py
[2022-07-31 01:21:21,888] {logging_mixin.py:115} INFO - [2022-07-31 01:21:21,888] {dag.py:2379} INFO - Sync 1 DAGs
[2022-07-31 01:21:21,904] {logging_mixin.py:115} INFO - [2022-07-31 01:21:21,904] {dag.py:2923} INFO - Setting next_dagrun for example_branch_operator to 2022-07-30T00:00:00+00:00, run_after=2022-07-31T00:00:00+00:00
[2022-07-31 01:21:21,917] {processor.py:161} INFO - Processing /home/oury/.local/lib/python3.10/site-packages/airflow/example_dags/example_branch_operator.py took 0.054 seconds
[2022-07-31 01:22:02,756] {processor.py:153} INFO - Started process (PID=7309) to work on /home/oury/.local/lib/python3.10/site-packages/airflow/example_dags/example_branch_operator.py
[2022-07-31 01:22:02,757] {processor.py:641} INFO - Processing file /home/oury/.local/lib/python3.10/site-packages/airflow/example_dags/example_branch_operator.py for tasks to queue
[2022-07-31 01:22:02,758] {logging_mixin.py:115} INFO - [2022-07-31 01:22:02,757] {dagbag.py:507} INFO - Filling up the DagBag from /home/oury/.local/lib/python3.10/site-packages/airflow/example_dags/example_branch_operator.py
[2022-07-31 01:22:02,771] {processor.py:651} INFO - DAG(s) dict_keys(['example_branch_operator']) retrieved from /home/oury/.local/lib/python3.10/site-packages/airflow/example_dags/example_branch_operator.py
[2022-07-31 01:22:02,790] {logging_mixin.py:115} INFO - [2022-07-31 01:22:02,790] {dag.py:2379} INFO - Sync 1 DAGs
[2022-07-31 01:22:02,808] {logging_mixin.py:115} INFO - [2022-07-31 01:22:02,808] {dag.py:2923} INFO - Setting next_dagrun for example_branch_operator to 2022-07-30T00:00:00+00:00, run_after=2022-07-31T00:00:00+00:00
[2022-07-31 01:22:02,822] {processor.py:161} INFO - Processing /home/oury/.local/lib/python3.10/site-packages/airflow/example_dags/example_branch_operator.py took 0.069 seconds
[2022-07-31 01:22:46,882] {processor.py:153} INFO - Started process (PID=7491) to work on /home/oury/.local/lib/python3.10/site-packages/airflow/example_dags/example_branch_operator.py
[2022-07-31 01:22:46,882] {processor.py:641} INFO - Processing file /home/oury/.local/lib/python3.10/site-packages/airflow/example_dags/example_branch_operator.py for tasks to queue
[2022-07-31 01:22:46,883] {logging_mixin.py:115} INFO - [2022-07-31 01:22:46,883] {dagbag.py:507} INFO - Filling up the DagBag from /home/oury/.local/lib/python3.10/site-packages/airflow/example_dags/example_branch_operator.py
[2022-07-31 01:22:46,891] {processor.py:651} INFO - DAG(s) dict_keys(['example_branch_operator']) retrieved from /home/oury/.local/lib/python3.10/site-packages/airflow/example_dags/example_branch_operator.py
[2022-07-31 01:22:46,904] {logging_mixin.py:115} INFO - [2022-07-31 01:22:46,904] {dag.py:2379} INFO - Sync 1 DAGs
[2022-07-31 01:22:46,920] {logging_mixin.py:115} INFO - [2022-07-31 01:22:46,920] {dag.py:2923} INFO - Setting next_dagrun for example_branch_operator to 2022-07-30T00:00:00+00:00, run_after=2022-07-31T00:00:00+00:00
[2022-07-31 01:22:46,933] {processor.py:161} INFO - Processing /home/oury/.local/lib/python3.10/site-packages/airflow/example_dags/example_branch_operator.py took 0.054 seconds
[2022-07-31 01:23:28,913] {processor.py:153} INFO - Started process (PID=7633) to work on /home/oury/.local/lib/python3.10/site-packages/airflow/example_dags/example_branch_operator.py
[2022-07-31 01:23:28,914] {processor.py:641} INFO - Processing file /home/oury/.local/lib/python3.10/site-packages/airflow/example_dags/example_branch_operator.py for tasks to queue
[2022-07-31 01:23:28,914] {logging_mixin.py:115} INFO - [2022-07-31 01:23:28,914] {dagbag.py:507} INFO - Filling up the DagBag from /home/oury/.local/lib/python3.10/site-packages/airflow/example_dags/example_branch_operator.py
[2022-07-31 01:23:28,922] {processor.py:651} INFO - DAG(s) dict_keys(['example_branch_operator']) retrieved from /home/oury/.local/lib/python3.10/site-packages/airflow/example_dags/example_branch_operator.py
[2022-07-31 01:23:28,936] {logging_mixin.py:115} INFO - [2022-07-31 01:23:28,936] {dag.py:2379} INFO - Sync 1 DAGs
[2022-07-31 01:23:28,953] {logging_mixin.py:115} INFO - [2022-07-31 01:23:28,953] {dag.py:2923} INFO - Setting next_dagrun for example_branch_operator to 2022-07-30T00:00:00+00:00, run_after=2022-07-31T00:00:00+00:00
[2022-07-31 01:23:28,966] {processor.py:161} INFO - Processing /home/oury/.local/lib/python3.10/site-packages/airflow/example_dags/example_branch_operator.py took 0.056 seconds
[2022-07-31 01:24:10,474] {processor.py:153} INFO - Started process (PID=7735) to work on /home/oury/.local/lib/python3.10/site-packages/airflow/example_dags/example_branch_operator.py
[2022-07-31 01:24:10,474] {processor.py:641} INFO - Processing file /home/oury/.local/lib/python3.10/site-packages/airflow/example_dags/example_branch_operator.py for tasks to queue
[2022-07-31 01:24:10,475] {logging_mixin.py:115} INFO - [2022-07-31 01:24:10,475] {dagbag.py:507} INFO - Filling up the DagBag from /home/oury/.local/lib/python3.10/site-packages/airflow/example_dags/example_branch_operator.py
[2022-07-31 01:24:10,483] {processor.py:651} INFO - DAG(s) dict_keys(['example_branch_operator']) retrieved from /home/oury/.local/lib/python3.10/site-packages/airflow/example_dags/example_branch_operator.py
[2022-07-31 01:24:10,497] {logging_mixin.py:115} INFO - [2022-07-31 01:24:10,497] {dag.py:2379} INFO - Sync 1 DAGs
[2022-07-31 01:24:10,513] {logging_mixin.py:115} INFO - [2022-07-31 01:24:10,513] {dag.py:2923} INFO - Setting next_dagrun for example_branch_operator to 2022-07-30T00:00:00+00:00, run_after=2022-07-31T00:00:00+00:00
[2022-07-31 01:24:10,526] {processor.py:161} INFO - Processing /home/oury/.local/lib/python3.10/site-packages/airflow/example_dags/example_branch_operator.py took 0.055 seconds
[2022-07-31 01:25:32,294] {processor.py:153} INFO - Started process (PID=8016) to work on /home/oury/.local/lib/python3.10/site-packages/airflow/example_dags/example_branch_operator.py
[2022-07-31 01:25:32,294] {processor.py:641} INFO - Processing file /home/oury/.local/lib/python3.10/site-packages/airflow/example_dags/example_branch_operator.py for tasks to queue
[2022-07-31 01:25:32,295] {logging_mixin.py:115} INFO - [2022-07-31 01:25:32,295] {dagbag.py:507} INFO - Filling up the DagBag from /home/oury/.local/lib/python3.10/site-packages/airflow/example_dags/example_branch_operator.py
[2022-07-31 01:25:32,303] {processor.py:651} INFO - DAG(s) dict_keys(['example_branch_operator']) retrieved from /home/oury/.local/lib/python3.10/site-packages/airflow/example_dags/example_branch_operator.py
[2022-07-31 01:25:32,317] {logging_mixin.py:115} INFO - [2022-07-31 01:25:32,317] {dag.py:2379} INFO - Sync 1 DAGs
[2022-07-31 01:25:32,334] {logging_mixin.py:115} INFO - [2022-07-31 01:25:32,334] {dag.py:2923} INFO - Setting next_dagrun for example_branch_operator to 2022-07-30T00:00:00+00:00, run_after=2022-07-31T00:00:00+00:00
[2022-07-31 01:25:32,345] {processor.py:161} INFO - Processing /home/oury/.local/lib/python3.10/site-packages/airflow/example_dags/example_branch_operator.py took 0.054 seconds
[2022-07-31 01:26:13,554] {processor.py:153} INFO - Started process (PID=8132) to work on /home/oury/.local/lib/python3.10/site-packages/airflow/example_dags/example_branch_operator.py
[2022-07-31 01:26:13,554] {processor.py:641} INFO - Processing file /home/oury/.local/lib/python3.10/site-packages/airflow/example_dags/example_branch_operator.py for tasks to queue
[2022-07-31 01:26:13,555] {logging_mixin.py:115} INFO - [2022-07-31 01:26:13,555] {dagbag.py:507} INFO - Filling up the DagBag from /home/oury/.local/lib/python3.10/site-packages/airflow/example_dags/example_branch_operator.py
[2022-07-31 01:26:13,563] {processor.py:651} INFO - DAG(s) dict_keys(['example_branch_operator']) retrieved from /home/oury/.local/lib/python3.10/site-packages/airflow/example_dags/example_branch_operator.py
[2022-07-31 01:26:13,576] {logging_mixin.py:115} INFO - [2022-07-31 01:26:13,576] {dag.py:2379} INFO - Sync 1 DAGs
[2022-07-31 01:26:13,592] {logging_mixin.py:115} INFO - [2022-07-31 01:26:13,592] {dag.py:2923} INFO - Setting next_dagrun for example_branch_operator to 2022-07-30T00:00:00+00:00, run_after=2022-07-31T00:00:00+00:00
[2022-07-31 01:26:13,605] {processor.py:161} INFO - Processing /home/oury/.local/lib/python3.10/site-packages/airflow/example_dags/example_branch_operator.py took 0.053 seconds
[2022-07-31 01:26:54,469] {processor.py:153} INFO - Started process (PID=8242) to work on /home/oury/.local/lib/python3.10/site-packages/airflow/example_dags/example_branch_operator.py
[2022-07-31 01:26:54,470] {processor.py:641} INFO - Processing file /home/oury/.local/lib/python3.10/site-packages/airflow/example_dags/example_branch_operator.py for tasks to queue
[2022-07-31 01:26:54,470] {logging_mixin.py:115} INFO - [2022-07-31 01:26:54,470] {dagbag.py:507} INFO - Filling up the DagBag from /home/oury/.local/lib/python3.10/site-packages/airflow/example_dags/example_branch_operator.py
[2022-07-31 01:26:54,478] {processor.py:651} INFO - DAG(s) dict_keys(['example_branch_operator']) retrieved from /home/oury/.local/lib/python3.10/site-packages/airflow/example_dags/example_branch_operator.py
[2022-07-31 01:26:54,492] {logging_mixin.py:115} INFO - [2022-07-31 01:26:54,491] {dag.py:2379} INFO - Sync 1 DAGs
[2022-07-31 01:26:54,508] {logging_mixin.py:115} INFO - [2022-07-31 01:26:54,508] {dag.py:2923} INFO - Setting next_dagrun for example_branch_operator to 2022-07-30T00:00:00+00:00, run_after=2022-07-31T00:00:00+00:00
[2022-07-31 01:26:54,519] {processor.py:161} INFO - Processing /home/oury/.local/lib/python3.10/site-packages/airflow/example_dags/example_branch_operator.py took 0.052 seconds
[2022-07-31 01:27:36,393] {processor.py:153} INFO - Started process (PID=8324) to work on /home/oury/.local/lib/python3.10/site-packages/airflow/example_dags/example_branch_operator.py
[2022-07-31 01:27:36,393] {processor.py:641} INFO - Processing file /home/oury/.local/lib/python3.10/site-packages/airflow/example_dags/example_branch_operator.py for tasks to queue
[2022-07-31 01:27:36,394] {logging_mixin.py:115} INFO - [2022-07-31 01:27:36,394] {dagbag.py:507} INFO - Filling up the DagBag from /home/oury/.local/lib/python3.10/site-packages/airflow/example_dags/example_branch_operator.py
[2022-07-31 01:27:36,402] {processor.py:651} INFO - DAG(s) dict_keys(['example_branch_operator']) retrieved from /home/oury/.local/lib/python3.10/site-packages/airflow/example_dags/example_branch_operator.py
[2022-07-31 01:27:36,415] {logging_mixin.py:115} INFO - [2022-07-31 01:27:36,415] {dag.py:2379} INFO - Sync 1 DAGs
[2022-07-31 01:27:36,432] {logging_mixin.py:115} INFO - [2022-07-31 01:27:36,431] {dag.py:2923} INFO - Setting next_dagrun for example_branch_operator to 2022-07-30T00:00:00+00:00, run_after=2022-07-31T00:00:00+00:00
[2022-07-31 01:27:36,443] {processor.py:161} INFO - Processing /home/oury/.local/lib/python3.10/site-packages/airflow/example_dags/example_branch_operator.py took 0.052 seconds
[2022-07-31 01:28:18,293] {processor.py:153} INFO - Started process (PID=8532) to work on /home/oury/.local/lib/python3.10/site-packages/airflow/example_dags/example_branch_operator.py
[2022-07-31 01:28:18,294] {processor.py:641} INFO - Processing file /home/oury/.local/lib/python3.10/site-packages/airflow/example_dags/example_branch_operator.py for tasks to queue
[2022-07-31 01:28:18,294] {logging_mixin.py:115} INFO - [2022-07-31 01:28:18,294] {dagbag.py:507} INFO - Filling up the DagBag from /home/oury/.local/lib/python3.10/site-packages/airflow/example_dags/example_branch_operator.py
[2022-07-31 01:28:18,303] {processor.py:651} INFO - DAG(s) dict_keys(['example_branch_operator']) retrieved from /home/oury/.local/lib/python3.10/site-packages/airflow/example_dags/example_branch_operator.py
[2022-07-31 01:28:18,316] {logging_mixin.py:115} INFO - [2022-07-31 01:28:18,316] {dag.py:2379} INFO - Sync 1 DAGs
[2022-07-31 01:28:18,332] {logging_mixin.py:115} INFO - [2022-07-31 01:28:18,332] {dag.py:2923} INFO - Setting next_dagrun for example_branch_operator to 2022-07-30T00:00:00+00:00, run_after=2022-07-31T00:00:00+00:00
[2022-07-31 01:28:18,343] {processor.py:161} INFO - Processing /home/oury/.local/lib/python3.10/site-packages/airflow/example_dags/example_branch_operator.py took 0.052 seconds
[2022-07-31 01:29:03,609] {processor.py:153} INFO - Started process (PID=8621) to work on /home/oury/.local/lib/python3.10/site-packages/airflow/example_dags/example_branch_operator.py
[2022-07-31 01:29:03,609] {processor.py:641} INFO - Processing file /home/oury/.local/lib/python3.10/site-packages/airflow/example_dags/example_branch_operator.py for tasks to queue
[2022-07-31 01:29:03,610] {logging_mixin.py:115} INFO - [2022-07-31 01:29:03,610] {dagbag.py:507} INFO - Filling up the DagBag from /home/oury/.local/lib/python3.10/site-packages/airflow/example_dags/example_branch_operator.py
[2022-07-31 01:29:03,618] {processor.py:651} INFO - DAG(s) dict_keys(['example_branch_operator']) retrieved from /home/oury/.local/lib/python3.10/site-packages/airflow/example_dags/example_branch_operator.py
[2022-07-31 01:29:03,632] {logging_mixin.py:115} INFO - [2022-07-31 01:29:03,632] {dag.py:2379} INFO - Sync 1 DAGs
[2022-07-31 01:29:03,648] {logging_mixin.py:115} INFO - [2022-07-31 01:29:03,648] {dag.py:2923} INFO - Setting next_dagrun for example_branch_operator to 2022-07-30T00:00:00+00:00, run_after=2022-07-31T00:00:00+00:00
[2022-07-31 01:29:03,660] {processor.py:161} INFO - Processing /home/oury/.local/lib/python3.10/site-packages/airflow/example_dags/example_branch_operator.py took 0.053 seconds
[2022-07-31 01:29:46,069] {processor.py:153} INFO - Started process (PID=8704) to work on /home/oury/.local/lib/python3.10/site-packages/airflow/example_dags/example_branch_operator.py
[2022-07-31 01:29:46,070] {processor.py:641} INFO - Processing file /home/oury/.local/lib/python3.10/site-packages/airflow/example_dags/example_branch_operator.py for tasks to queue
[2022-07-31 01:29:46,070] {logging_mixin.py:115} INFO - [2022-07-31 01:29:46,070] {dagbag.py:507} INFO - Filling up the DagBag from /home/oury/.local/lib/python3.10/site-packages/airflow/example_dags/example_branch_operator.py
[2022-07-31 01:29:46,079] {processor.py:651} INFO - DAG(s) dict_keys(['example_branch_operator']) retrieved from /home/oury/.local/lib/python3.10/site-packages/airflow/example_dags/example_branch_operator.py
[2022-07-31 01:29:46,094] {logging_mixin.py:115} INFO - [2022-07-31 01:29:46,094] {dag.py:2379} INFO - Sync 1 DAGs
[2022-07-31 01:29:46,111] {logging_mixin.py:115} INFO - [2022-07-31 01:29:46,111] {dag.py:2923} INFO - Setting next_dagrun for example_branch_operator to 2022-07-30T00:00:00+00:00, run_after=2022-07-31T00:00:00+00:00
[2022-07-31 01:29:46,124] {processor.py:161} INFO - Processing /home/oury/.local/lib/python3.10/site-packages/airflow/example_dags/example_branch_operator.py took 0.056 seconds
[2022-07-31 01:30:34,413] {processor.py:153} INFO - Started process (PID=8850) to work on /home/oury/.local/lib/python3.10/site-packages/airflow/example_dags/example_branch_operator.py
[2022-07-31 01:30:34,415] {processor.py:641} INFO - Processing file /home/oury/.local/lib/python3.10/site-packages/airflow/example_dags/example_branch_operator.py for tasks to queue
[2022-07-31 01:30:34,416] {logging_mixin.py:115} INFO - [2022-07-31 01:30:34,416] {dagbag.py:507} INFO - Filling up the DagBag from /home/oury/.local/lib/python3.10/site-packages/airflow/example_dags/example_branch_operator.py
[2022-07-31 01:30:34,425] {processor.py:651} INFO - DAG(s) dict_keys(['example_branch_operator']) retrieved from /home/oury/.local/lib/python3.10/site-packages/airflow/example_dags/example_branch_operator.py
[2022-07-31 01:30:34,438] {logging_mixin.py:115} INFO - [2022-07-31 01:30:34,438] {dag.py:2379} INFO - Sync 1 DAGs
[2022-07-31 01:30:34,455] {logging_mixin.py:115} INFO - [2022-07-31 01:30:34,454] {dag.py:2923} INFO - Setting next_dagrun for example_branch_operator to 2022-07-30T00:00:00+00:00, run_after=2022-07-31T00:00:00+00:00
[2022-07-31 01:30:34,588] {processor.py:161} INFO - Processing /home/oury/.local/lib/python3.10/site-packages/airflow/example_dags/example_branch_operator.py took 0.177 seconds
[2022-07-31 01:31:19,661] {processor.py:153} INFO - Started process (PID=9003) to work on /home/oury/.local/lib/python3.10/site-packages/airflow/example_dags/example_branch_operator.py
[2022-07-31 01:31:19,661] {processor.py:641} INFO - Processing file /home/oury/.local/lib/python3.10/site-packages/airflow/example_dags/example_branch_operator.py for tasks to queue
[2022-07-31 01:31:19,662] {logging_mixin.py:115} INFO - [2022-07-31 01:31:19,662] {dagbag.py:507} INFO - Filling up the DagBag from /home/oury/.local/lib/python3.10/site-packages/airflow/example_dags/example_branch_operator.py
[2022-07-31 01:31:19,670] {processor.py:651} INFO - DAG(s) dict_keys(['example_branch_operator']) retrieved from /home/oury/.local/lib/python3.10/site-packages/airflow/example_dags/example_branch_operator.py
[2022-07-31 01:31:19,683] {logging_mixin.py:115} INFO - [2022-07-31 01:31:19,683] {dag.py:2379} INFO - Sync 1 DAGs
[2022-07-31 01:31:19,699] {logging_mixin.py:115} INFO - [2022-07-31 01:31:19,699] {dag.py:2923} INFO - Setting next_dagrun for example_branch_operator to 2022-07-30T00:00:00+00:00, run_after=2022-07-31T00:00:00+00:00
[2022-07-31 01:31:19,710] {processor.py:161} INFO - Processing /home/oury/.local/lib/python3.10/site-packages/airflow/example_dags/example_branch_operator.py took 0.051 seconds
[2022-07-31 01:32:01,537] {processor.py:153} INFO - Started process (PID=9114) to work on /home/oury/.local/lib/python3.10/site-packages/airflow/example_dags/example_branch_operator.py
[2022-07-31 01:32:01,538] {processor.py:641} INFO - Processing file /home/oury/.local/lib/python3.10/site-packages/airflow/example_dags/example_branch_operator.py for tasks to queue
[2022-07-31 01:32:01,538] {logging_mixin.py:115} INFO - [2022-07-31 01:32:01,538] {dagbag.py:507} INFO - Filling up the DagBag from /home/oury/.local/lib/python3.10/site-packages/airflow/example_dags/example_branch_operator.py
[2022-07-31 01:32:01,547] {processor.py:651} INFO - DAG(s) dict_keys(['example_branch_operator']) retrieved from /home/oury/.local/lib/python3.10/site-packages/airflow/example_dags/example_branch_operator.py
[2022-07-31 01:32:01,560] {logging_mixin.py:115} INFO - [2022-07-31 01:32:01,560] {dag.py:2379} INFO - Sync 1 DAGs
[2022-07-31 01:32:01,576] {logging_mixin.py:115} INFO - [2022-07-31 01:32:01,576] {dag.py:2923} INFO - Setting next_dagrun for example_branch_operator to 2022-07-30T00:00:00+00:00, run_after=2022-07-31T00:00:00+00:00
[2022-07-31 01:32:01,587] {processor.py:161} INFO - Processing /home/oury/.local/lib/python3.10/site-packages/airflow/example_dags/example_branch_operator.py took 0.052 seconds
[2022-07-31 01:32:42,270] {processor.py:153} INFO - Started process (PID=9191) to work on /home/oury/.local/lib/python3.10/site-packages/airflow/example_dags/example_branch_operator.py
[2022-07-31 01:32:42,270] {processor.py:641} INFO - Processing file /home/oury/.local/lib/python3.10/site-packages/airflow/example_dags/example_branch_operator.py for tasks to queue
[2022-07-31 01:32:42,271] {logging_mixin.py:115} INFO - [2022-07-31 01:32:42,270] {dagbag.py:507} INFO - Filling up the DagBag from /home/oury/.local/lib/python3.10/site-packages/airflow/example_dags/example_branch_operator.py
[2022-07-31 01:32:42,279] {processor.py:651} INFO - DAG(s) dict_keys(['example_branch_operator']) retrieved from /home/oury/.local/lib/python3.10/site-packages/airflow/example_dags/example_branch_operator.py
[2022-07-31 01:32:42,292] {logging_mixin.py:115} INFO - [2022-07-31 01:32:42,292] {dag.py:2379} INFO - Sync 1 DAGs
[2022-07-31 01:32:42,308] {logging_mixin.py:115} INFO - [2022-07-31 01:32:42,308] {dag.py:2923} INFO - Setting next_dagrun for example_branch_operator to 2022-07-30T00:00:00+00:00, run_after=2022-07-31T00:00:00+00:00
[2022-07-31 01:32:42,319] {processor.py:161} INFO - Processing /home/oury/.local/lib/python3.10/site-packages/airflow/example_dags/example_branch_operator.py took 0.051 seconds
[2022-07-31 01:33:23,298] {processor.py:153} INFO - Started process (PID=9274) to work on /home/oury/.local/lib/python3.10/site-packages/airflow/example_dags/example_branch_operator.py
[2022-07-31 01:33:23,298] {processor.py:641} INFO - Processing file /home/oury/.local/lib/python3.10/site-packages/airflow/example_dags/example_branch_operator.py for tasks to queue
[2022-07-31 01:33:23,298] {logging_mixin.py:115} INFO - [2022-07-31 01:33:23,298] {dagbag.py:507} INFO - Filling up the DagBag from /home/oury/.local/lib/python3.10/site-packages/airflow/example_dags/example_branch_operator.py
[2022-07-31 01:33:23,308] {processor.py:651} INFO - DAG(s) dict_keys(['example_branch_operator']) retrieved from /home/oury/.local/lib/python3.10/site-packages/airflow/example_dags/example_branch_operator.py
[2022-07-31 01:33:23,321] {logging_mixin.py:115} INFO - [2022-07-31 01:33:23,320] {dag.py:2379} INFO - Sync 1 DAGs
[2022-07-31 01:33:23,337] {logging_mixin.py:115} INFO - [2022-07-31 01:33:23,337] {dag.py:2923} INFO - Setting next_dagrun for example_branch_operator to 2022-07-30T00:00:00+00:00, run_after=2022-07-31T00:00:00+00:00
[2022-07-31 01:33:23,347] {processor.py:161} INFO - Processing /home/oury/.local/lib/python3.10/site-packages/airflow/example_dags/example_branch_operator.py took 0.052 seconds
[2022-07-31 01:34:06,585] {processor.py:153} INFO - Started process (PID=9590) to work on /home/oury/.local/lib/python3.10/site-packages/airflow/example_dags/example_branch_operator.py
[2022-07-31 01:34:06,586] {processor.py:641} INFO - Processing file /home/oury/.local/lib/python3.10/site-packages/airflow/example_dags/example_branch_operator.py for tasks to queue
[2022-07-31 01:34:06,586] {logging_mixin.py:115} INFO - [2022-07-31 01:34:06,586] {dagbag.py:507} INFO - Filling up the DagBag from /home/oury/.local/lib/python3.10/site-packages/airflow/example_dags/example_branch_operator.py
[2022-07-31 01:34:06,600] {processor.py:651} INFO - DAG(s) dict_keys(['example_branch_operator']) retrieved from /home/oury/.local/lib/python3.10/site-packages/airflow/example_dags/example_branch_operator.py
[2022-07-31 01:34:06,620] {logging_mixin.py:115} INFO - [2022-07-31 01:34:06,620] {dag.py:2379} INFO - Sync 1 DAGs
[2022-07-31 01:34:06,651] {logging_mixin.py:115} INFO - [2022-07-31 01:34:06,650] {dag.py:2923} INFO - Setting next_dagrun for example_branch_operator to 2022-07-30T00:00:00+00:00, run_after=2022-07-31T00:00:00+00:00
[2022-07-31 01:34:06,666] {processor.py:161} INFO - Processing /home/oury/.local/lib/python3.10/site-packages/airflow/example_dags/example_branch_operator.py took 0.084 seconds
[2022-07-31 01:34:49,466] {processor.py:153} INFO - Started process (PID=9693) to work on /home/oury/.local/lib/python3.10/site-packages/airflow/example_dags/example_branch_operator.py
[2022-07-31 01:34:49,513] {processor.py:641} INFO - Processing file /home/oury/.local/lib/python3.10/site-packages/airflow/example_dags/example_branch_operator.py for tasks to queue
[2022-07-31 01:34:49,513] {logging_mixin.py:115} INFO - [2022-07-31 01:34:49,513] {dagbag.py:507} INFO - Filling up the DagBag from /home/oury/.local/lib/python3.10/site-packages/airflow/example_dags/example_branch_operator.py
[2022-07-31 01:34:49,522] {processor.py:651} INFO - DAG(s) dict_keys(['example_branch_operator']) retrieved from /home/oury/.local/lib/python3.10/site-packages/airflow/example_dags/example_branch_operator.py
[2022-07-31 01:34:49,537] {logging_mixin.py:115} INFO - [2022-07-31 01:34:49,537] {dag.py:2379} INFO - Sync 1 DAGs
[2022-07-31 01:34:49,555] {logging_mixin.py:115} INFO - [2022-07-31 01:34:49,555] {dag.py:2923} INFO - Setting next_dagrun for example_branch_operator to 2022-07-30T00:00:00+00:00, run_after=2022-07-31T00:00:00+00:00
[2022-07-31 01:34:49,759] {processor.py:161} INFO - Processing /home/oury/.local/lib/python3.10/site-packages/airflow/example_dags/example_branch_operator.py took 0.296 seconds
[2022-07-31 01:38:22,493] {processor.py:153} INFO - Started process (PID=10436) to work on /home/oury/.local/lib/python3.10/site-packages/airflow/example_dags/example_branch_operator.py
[2022-07-31 01:38:22,493] {processor.py:641} INFO - Processing file /home/oury/.local/lib/python3.10/site-packages/airflow/example_dags/example_branch_operator.py for tasks to queue
[2022-07-31 01:38:22,494] {logging_mixin.py:115} INFO - [2022-07-31 01:38:22,494] {dagbag.py:507} INFO - Filling up the DagBag from /home/oury/.local/lib/python3.10/site-packages/airflow/example_dags/example_branch_operator.py
[2022-07-31 01:38:22,503] {processor.py:651} INFO - DAG(s) dict_keys(['example_branch_operator']) retrieved from /home/oury/.local/lib/python3.10/site-packages/airflow/example_dags/example_branch_operator.py
[2022-07-31 01:38:22,542] {logging_mixin.py:115} INFO - [2022-07-31 01:38:22,542] {dag.py:2379} INFO - Sync 1 DAGs
[2022-07-31 01:38:22,646] {logging_mixin.py:115} INFO - [2022-07-31 01:38:22,646] {dag.py:2398} INFO - Creating ORM DAG for example_branch_operator
[2022-07-31 01:38:22,655] {logging_mixin.py:115} INFO - [2022-07-31 01:38:22,655] {dag.py:2923} INFO - Setting next_dagrun for example_branch_operator to 2022-07-30T00:00:00+00:00, run_after=2022-07-31T00:00:00+00:00
[2022-07-31 01:38:22,670] {processor.py:161} INFO - Processing /home/oury/.local/lib/python3.10/site-packages/airflow/example_dags/example_branch_operator.py took 0.180 seconds
[2022-07-31 01:39:05,561] {processor.py:153} INFO - Started process (PID=10673) to work on /home/oury/.local/lib/python3.10/site-packages/airflow/example_dags/example_branch_operator.py
[2022-07-31 01:39:05,562] {processor.py:641} INFO - Processing file /home/oury/.local/lib/python3.10/site-packages/airflow/example_dags/example_branch_operator.py for tasks to queue
[2022-07-31 01:39:05,563] {logging_mixin.py:115} INFO - [2022-07-31 01:39:05,562] {dagbag.py:507} INFO - Filling up the DagBag from /home/oury/.local/lib/python3.10/site-packages/airflow/example_dags/example_branch_operator.py
[2022-07-31 01:39:05,572] {processor.py:651} INFO - DAG(s) dict_keys(['example_branch_operator']) retrieved from /home/oury/.local/lib/python3.10/site-packages/airflow/example_dags/example_branch_operator.py
[2022-07-31 01:39:05,587] {logging_mixin.py:115} INFO - [2022-07-31 01:39:05,587] {dag.py:2379} INFO - Sync 1 DAGs
[2022-07-31 01:39:05,605] {logging_mixin.py:115} INFO - [2022-07-31 01:39:05,605] {dag.py:2923} INFO - Setting next_dagrun for example_branch_operator to 2022-07-30T00:00:00+00:00, run_after=2022-07-31T00:00:00+00:00
[2022-07-31 01:39:05,617] {processor.py:161} INFO - Processing /home/oury/.local/lib/python3.10/site-packages/airflow/example_dags/example_branch_operator.py took 0.058 seconds
[2022-07-31 01:39:46,209] {processor.py:153} INFO - Started process (PID=10909) to work on /home/oury/.local/lib/python3.10/site-packages/airflow/example_dags/example_branch_operator.py
[2022-07-31 01:39:46,210] {processor.py:641} INFO - Processing file /home/oury/.local/lib/python3.10/site-packages/airflow/example_dags/example_branch_operator.py for tasks to queue
[2022-07-31 01:39:46,210] {logging_mixin.py:115} INFO - [2022-07-31 01:39:46,210] {dagbag.py:507} INFO - Filling up the DagBag from /home/oury/.local/lib/python3.10/site-packages/airflow/example_dags/example_branch_operator.py
[2022-07-31 01:39:46,218] {processor.py:651} INFO - DAG(s) dict_keys(['example_branch_operator']) retrieved from /home/oury/.local/lib/python3.10/site-packages/airflow/example_dags/example_branch_operator.py
[2022-07-31 01:39:46,232] {logging_mixin.py:115} INFO - [2022-07-31 01:39:46,231] {dag.py:2379} INFO - Sync 1 DAGs
[2022-07-31 01:39:46,248] {logging_mixin.py:115} INFO - [2022-07-31 01:39:46,248] {dag.py:2923} INFO - Setting next_dagrun for example_branch_operator to 2022-07-30T00:00:00+00:00, run_after=2022-07-31T00:00:00+00:00
[2022-07-31 01:39:46,259] {processor.py:161} INFO - Processing /home/oury/.local/lib/python3.10/site-packages/airflow/example_dags/example_branch_operator.py took 0.052 seconds
[2022-07-31 01:40:30,175] {processor.py:153} INFO - Started process (PID=11214) to work on /home/oury/.local/lib/python3.10/site-packages/airflow/example_dags/example_branch_operator.py
[2022-07-31 01:40:30,176] {processor.py:641} INFO - Processing file /home/oury/.local/lib/python3.10/site-packages/airflow/example_dags/example_branch_operator.py for tasks to queue
[2022-07-31 01:40:30,177] {logging_mixin.py:115} INFO - [2022-07-31 01:40:30,177] {dagbag.py:507} INFO - Filling up the DagBag from /home/oury/.local/lib/python3.10/site-packages/airflow/example_dags/example_branch_operator.py
[2022-07-31 01:40:30,192] {processor.py:651} INFO - DAG(s) dict_keys(['example_branch_operator']) retrieved from /home/oury/.local/lib/python3.10/site-packages/airflow/example_dags/example_branch_operator.py
[2022-07-31 01:40:30,209] {logging_mixin.py:115} INFO - [2022-07-31 01:40:30,209] {dag.py:2379} INFO - Sync 1 DAGs
[2022-07-31 01:40:30,227] {logging_mixin.py:115} INFO - [2022-07-31 01:40:30,227] {dag.py:2923} INFO - Setting next_dagrun for example_branch_operator to 2022-07-30T00:00:00+00:00, run_after=2022-07-31T00:00:00+00:00
[2022-07-31 01:40:30,284] {processor.py:161} INFO - Processing /home/oury/.local/lib/python3.10/site-packages/airflow/example_dags/example_branch_operator.py took 0.112 seconds
[2022-07-31 01:41:27,623] {processor.py:153} INFO - Started process (PID=12693) to work on /home/oury/.local/lib/python3.10/site-packages/airflow/example_dags/example_branch_operator.py
[2022-07-31 01:41:27,624] {processor.py:641} INFO - Processing file /home/oury/.local/lib/python3.10/site-packages/airflow/example_dags/example_branch_operator.py for tasks to queue
[2022-07-31 01:41:27,625] {logging_mixin.py:115} INFO - [2022-07-31 01:41:27,624] {dagbag.py:507} INFO - Filling up the DagBag from /home/oury/.local/lib/python3.10/site-packages/airflow/example_dags/example_branch_operator.py
[2022-07-31 01:41:27,645] {processor.py:651} INFO - DAG(s) dict_keys(['example_branch_operator']) retrieved from /home/oury/.local/lib/python3.10/site-packages/airflow/example_dags/example_branch_operator.py
[2022-07-31 01:41:27,673] {logging_mixin.py:115} INFO - [2022-07-31 01:41:27,672] {dag.py:2379} INFO - Sync 1 DAGs
[2022-07-31 01:41:27,694] {logging_mixin.py:115} INFO - [2022-07-31 01:41:27,694] {dag.py:2923} INFO - Setting next_dagrun for example_branch_operator to 2022-07-30T00:00:00+00:00, run_after=2022-07-31T00:00:00+00:00
[2022-07-31 01:41:27,709] {processor.py:161} INFO - Processing /home/oury/.local/lib/python3.10/site-packages/airflow/example_dags/example_branch_operator.py took 0.090 seconds
[2022-07-31 01:43:00,246] {processor.py:153} INFO - Started process (PID=13256) to work on /home/oury/.local/lib/python3.10/site-packages/airflow/example_dags/example_branch_operator.py
[2022-07-31 01:43:00,247] {processor.py:641} INFO - Processing file /home/oury/.local/lib/python3.10/site-packages/airflow/example_dags/example_branch_operator.py for tasks to queue
[2022-07-31 01:43:00,247] {logging_mixin.py:115} INFO - [2022-07-31 01:43:00,247] {dagbag.py:507} INFO - Filling up the DagBag from /home/oury/.local/lib/python3.10/site-packages/airflow/example_dags/example_branch_operator.py
[2022-07-31 01:43:00,256] {processor.py:651} INFO - DAG(s) dict_keys(['example_branch_operator']) retrieved from /home/oury/.local/lib/python3.10/site-packages/airflow/example_dags/example_branch_operator.py
[2022-07-31 01:43:00,270] {logging_mixin.py:115} INFO - [2022-07-31 01:43:00,270] {dag.py:2379} INFO - Sync 1 DAGs
[2022-07-31 01:43:00,288] {logging_mixin.py:115} INFO - [2022-07-31 01:43:00,288] {dag.py:2923} INFO - Setting next_dagrun for example_branch_operator to 2022-07-30T00:00:00+00:00, run_after=2022-07-31T00:00:00+00:00
[2022-07-31 01:43:00,299] {processor.py:161} INFO - Processing /home/oury/.local/lib/python3.10/site-packages/airflow/example_dags/example_branch_operator.py took 0.056 seconds
[2022-07-31 01:43:43,157] {processor.py:153} INFO - Started process (PID=13432) to work on /home/oury/.local/lib/python3.10/site-packages/airflow/example_dags/example_branch_operator.py
[2022-07-31 01:43:43,158] {processor.py:641} INFO - Processing file /home/oury/.local/lib/python3.10/site-packages/airflow/example_dags/example_branch_operator.py for tasks to queue
[2022-07-31 01:43:43,159] {logging_mixin.py:115} INFO - [2022-07-31 01:43:43,159] {dagbag.py:507} INFO - Filling up the DagBag from /home/oury/.local/lib/python3.10/site-packages/airflow/example_dags/example_branch_operator.py
[2022-07-31 01:43:43,169] {processor.py:651} INFO - DAG(s) dict_keys(['example_branch_operator']) retrieved from /home/oury/.local/lib/python3.10/site-packages/airflow/example_dags/example_branch_operator.py
[2022-07-31 01:43:43,189] {logging_mixin.py:115} INFO - [2022-07-31 01:43:43,189] {dag.py:2379} INFO - Sync 1 DAGs
[2022-07-31 01:43:43,214] {logging_mixin.py:115} INFO - [2022-07-31 01:43:43,214] {dag.py:2923} INFO - Setting next_dagrun for example_branch_operator to 2022-07-30T00:00:00+00:00, run_after=2022-07-31T00:00:00+00:00
[2022-07-31 01:43:43,231] {processor.py:161} INFO - Processing /home/oury/.local/lib/python3.10/site-packages/airflow/example_dags/example_branch_operator.py took 0.078 seconds
[2022-07-31 01:44:29,351] {processor.py:153} INFO - Started process (PID=13743) to work on /home/oury/.local/lib/python3.10/site-packages/airflow/example_dags/example_branch_operator.py
[2022-07-31 01:44:29,352] {processor.py:641} INFO - Processing file /home/oury/.local/lib/python3.10/site-packages/airflow/example_dags/example_branch_operator.py for tasks to queue
[2022-07-31 01:44:29,352] {logging_mixin.py:115} INFO - [2022-07-31 01:44:29,352] {dagbag.py:507} INFO - Filling up the DagBag from /home/oury/.local/lib/python3.10/site-packages/airflow/example_dags/example_branch_operator.py
[2022-07-31 01:44:29,362] {processor.py:651} INFO - DAG(s) dict_keys(['example_branch_operator']) retrieved from /home/oury/.local/lib/python3.10/site-packages/airflow/example_dags/example_branch_operator.py
[2022-07-31 01:44:29,376] {logging_mixin.py:115} INFO - [2022-07-31 01:44:29,376] {dag.py:2379} INFO - Sync 1 DAGs
[2022-07-31 01:44:29,393] {logging_mixin.py:115} INFO - [2022-07-31 01:44:29,393] {dag.py:2923} INFO - Setting next_dagrun for example_branch_operator to 2022-07-30T00:00:00+00:00, run_after=2022-07-31T00:00:00+00:00
[2022-07-31 01:44:29,405] {processor.py:161} INFO - Processing /home/oury/.local/lib/python3.10/site-packages/airflow/example_dags/example_branch_operator.py took 0.057 seconds
[2022-07-31 01:45:19,753] {processor.py:153} INFO - Started process (PID=14152) to work on /home/oury/.local/lib/python3.10/site-packages/airflow/example_dags/example_branch_operator.py
[2022-07-31 01:45:19,754] {processor.py:641} INFO - Processing file /home/oury/.local/lib/python3.10/site-packages/airflow/example_dags/example_branch_operator.py for tasks to queue
[2022-07-31 01:45:19,754] {logging_mixin.py:115} INFO - [2022-07-31 01:45:19,754] {dagbag.py:507} INFO - Filling up the DagBag from /home/oury/.local/lib/python3.10/site-packages/airflow/example_dags/example_branch_operator.py
[2022-07-31 01:45:19,763] {processor.py:651} INFO - DAG(s) dict_keys(['example_branch_operator']) retrieved from /home/oury/.local/lib/python3.10/site-packages/airflow/example_dags/example_branch_operator.py
[2022-07-31 01:45:19,776] {logging_mixin.py:115} INFO - [2022-07-31 01:45:19,776] {dag.py:2379} INFO - Sync 1 DAGs
[2022-07-31 01:45:19,793] {logging_mixin.py:115} INFO - [2022-07-31 01:45:19,793] {dag.py:2923} INFO - Setting next_dagrun for example_branch_operator to 2022-07-30T00:00:00+00:00, run_after=2022-07-31T00:00:00+00:00
[2022-07-31 01:45:19,805] {processor.py:161} INFO - Processing /home/oury/.local/lib/python3.10/site-packages/airflow/example_dags/example_branch_operator.py took 0.054 seconds
[2022-07-31 01:45:59,549] {processor.py:153} INFO - Started process (PID=14345) to work on /home/oury/.local/lib/python3.10/site-packages/airflow/example_dags/example_branch_operator.py
[2022-07-31 01:45:59,550] {processor.py:641} INFO - Processing file /home/oury/.local/lib/python3.10/site-packages/airflow/example_dags/example_branch_operator.py for tasks to queue
[2022-07-31 01:45:59,550] {logging_mixin.py:115} INFO - [2022-07-31 01:45:59,550] {dagbag.py:507} INFO - Filling up the DagBag from /home/oury/.local/lib/python3.10/site-packages/airflow/example_dags/example_branch_operator.py
[2022-07-31 01:45:59,559] {processor.py:651} INFO - DAG(s) dict_keys(['example_branch_operator']) retrieved from /home/oury/.local/lib/python3.10/site-packages/airflow/example_dags/example_branch_operator.py
[2022-07-31 01:45:59,572] {logging_mixin.py:115} INFO - [2022-07-31 01:45:59,572] {dag.py:2379} INFO - Sync 1 DAGs
[2022-07-31 01:45:59,589] {logging_mixin.py:115} INFO - [2022-07-31 01:45:59,589] {dag.py:2923} INFO - Setting next_dagrun for example_branch_operator to 2022-07-30T00:00:00+00:00, run_after=2022-07-31T00:00:00+00:00
[2022-07-31 01:45:59,600] {processor.py:161} INFO - Processing /home/oury/.local/lib/python3.10/site-packages/airflow/example_dags/example_branch_operator.py took 0.053 seconds
[2022-07-31 01:46:40,965] {processor.py:153} INFO - Started process (PID=14435) to work on /home/oury/.local/lib/python3.10/site-packages/airflow/example_dags/example_branch_operator.py
[2022-07-31 01:46:40,965] {processor.py:641} INFO - Processing file /home/oury/.local/lib/python3.10/site-packages/airflow/example_dags/example_branch_operator.py for tasks to queue
[2022-07-31 01:46:40,966] {logging_mixin.py:115} INFO - [2022-07-31 01:46:40,966] {dagbag.py:507} INFO - Filling up the DagBag from /home/oury/.local/lib/python3.10/site-packages/airflow/example_dags/example_branch_operator.py
[2022-07-31 01:46:40,975] {processor.py:651} INFO - DAG(s) dict_keys(['example_branch_operator']) retrieved from /home/oury/.local/lib/python3.10/site-packages/airflow/example_dags/example_branch_operator.py
[2022-07-31 01:46:40,988] {logging_mixin.py:115} INFO - [2022-07-31 01:46:40,988] {dag.py:2379} INFO - Sync 1 DAGs
[2022-07-31 01:46:41,004] {logging_mixin.py:115} INFO - [2022-07-31 01:46:41,004] {dag.py:2923} INFO - Setting next_dagrun for example_branch_operator to 2022-07-30T00:00:00+00:00, run_after=2022-07-31T00:00:00+00:00
[2022-07-31 01:46:41,015] {processor.py:161} INFO - Processing /home/oury/.local/lib/python3.10/site-packages/airflow/example_dags/example_branch_operator.py took 0.053 seconds
[2022-07-31 01:47:24,555] {processor.py:153} INFO - Started process (PID=14726) to work on /home/oury/.local/lib/python3.10/site-packages/airflow/example_dags/example_branch_operator.py
[2022-07-31 01:47:24,555] {processor.py:641} INFO - Processing file /home/oury/.local/lib/python3.10/site-packages/airflow/example_dags/example_branch_operator.py for tasks to queue
[2022-07-31 01:47:24,556] {logging_mixin.py:115} INFO - [2022-07-31 01:47:24,556] {dagbag.py:507} INFO - Filling up the DagBag from /home/oury/.local/lib/python3.10/site-packages/airflow/example_dags/example_branch_operator.py
[2022-07-31 01:47:24,566] {processor.py:651} INFO - DAG(s) dict_keys(['example_branch_operator']) retrieved from /home/oury/.local/lib/python3.10/site-packages/airflow/example_dags/example_branch_operator.py
[2022-07-31 01:47:24,580] {logging_mixin.py:115} INFO - [2022-07-31 01:47:24,580] {dag.py:2379} INFO - Sync 1 DAGs
[2022-07-31 01:47:24,599] {logging_mixin.py:115} INFO - [2022-07-31 01:47:24,599] {dag.py:2923} INFO - Setting next_dagrun for example_branch_operator to 2022-07-30T00:00:00+00:00, run_after=2022-07-31T00:00:00+00:00
[2022-07-31 01:47:24,611] {processor.py:161} INFO - Processing /home/oury/.local/lib/python3.10/site-packages/airflow/example_dags/example_branch_operator.py took 0.058 seconds
[2022-07-31 01:48:06,270] {processor.py:153} INFO - Started process (PID=14841) to work on /home/oury/.local/lib/python3.10/site-packages/airflow/example_dags/example_branch_operator.py
[2022-07-31 01:48:06,271] {processor.py:641} INFO - Processing file /home/oury/.local/lib/python3.10/site-packages/airflow/example_dags/example_branch_operator.py for tasks to queue
[2022-07-31 01:48:06,271] {logging_mixin.py:115} INFO - [2022-07-31 01:48:06,271] {dagbag.py:507} INFO - Filling up the DagBag from /home/oury/.local/lib/python3.10/site-packages/airflow/example_dags/example_branch_operator.py
[2022-07-31 01:48:06,284] {processor.py:651} INFO - DAG(s) dict_keys(['example_branch_operator']) retrieved from /home/oury/.local/lib/python3.10/site-packages/airflow/example_dags/example_branch_operator.py
[2022-07-31 01:48:06,298] {logging_mixin.py:115} INFO - [2022-07-31 01:48:06,298] {dag.py:2379} INFO - Sync 1 DAGs
[2022-07-31 01:48:06,315] {logging_mixin.py:115} INFO - [2022-07-31 01:48:06,315] {dag.py:2923} INFO - Setting next_dagrun for example_branch_operator to 2022-07-30T00:00:00+00:00, run_after=2022-07-31T00:00:00+00:00
[2022-07-31 01:48:06,328] {processor.py:161} INFO - Processing /home/oury/.local/lib/python3.10/site-packages/airflow/example_dags/example_branch_operator.py took 0.061 seconds
[2022-07-31 01:48:52,206] {processor.py:153} INFO - Started process (PID=14966) to work on /home/oury/.local/lib/python3.10/site-packages/airflow/example_dags/example_branch_operator.py
[2022-07-31 01:48:52,206] {processor.py:641} INFO - Processing file /home/oury/.local/lib/python3.10/site-packages/airflow/example_dags/example_branch_operator.py for tasks to queue
[2022-07-31 01:48:52,207] {logging_mixin.py:115} INFO - [2022-07-31 01:48:52,207] {dagbag.py:507} INFO - Filling up the DagBag from /home/oury/.local/lib/python3.10/site-packages/airflow/example_dags/example_branch_operator.py
[2022-07-31 01:48:52,216] {processor.py:651} INFO - DAG(s) dict_keys(['example_branch_operator']) retrieved from /home/oury/.local/lib/python3.10/site-packages/airflow/example_dags/example_branch_operator.py
[2022-07-31 01:48:52,229] {logging_mixin.py:115} INFO - [2022-07-31 01:48:52,229] {dag.py:2379} INFO - Sync 1 DAGs
[2022-07-31 01:48:52,245] {logging_mixin.py:115} INFO - [2022-07-31 01:48:52,245] {dag.py:2923} INFO - Setting next_dagrun for example_branch_operator to 2022-07-30T00:00:00+00:00, run_after=2022-07-31T00:00:00+00:00
[2022-07-31 01:48:52,259] {processor.py:161} INFO - Processing /home/oury/.local/lib/python3.10/site-packages/airflow/example_dags/example_branch_operator.py took 0.055 seconds
[2022-07-31 01:49:32,665] {processor.py:153} INFO - Started process (PID=15022) to work on /home/oury/.local/lib/python3.10/site-packages/airflow/example_dags/example_branch_operator.py
[2022-07-31 01:49:32,665] {processor.py:641} INFO - Processing file /home/oury/.local/lib/python3.10/site-packages/airflow/example_dags/example_branch_operator.py for tasks to queue
[2022-07-31 01:49:32,666] {logging_mixin.py:115} INFO - [2022-07-31 01:49:32,666] {dagbag.py:507} INFO - Filling up the DagBag from /home/oury/.local/lib/python3.10/site-packages/airflow/example_dags/example_branch_operator.py
[2022-07-31 01:49:32,675] {processor.py:651} INFO - DAG(s) dict_keys(['example_branch_operator']) retrieved from /home/oury/.local/lib/python3.10/site-packages/airflow/example_dags/example_branch_operator.py
[2022-07-31 01:49:32,688] {logging_mixin.py:115} INFO - [2022-07-31 01:49:32,688] {dag.py:2379} INFO - Sync 1 DAGs
[2022-07-31 01:49:32,705] {logging_mixin.py:115} INFO - [2022-07-31 01:49:32,704] {dag.py:2923} INFO - Setting next_dagrun for example_branch_operator to 2022-07-30T00:00:00+00:00, run_after=2022-07-31T00:00:00+00:00
[2022-07-31 01:49:32,717] {processor.py:161} INFO - Processing /home/oury/.local/lib/python3.10/site-packages/airflow/example_dags/example_branch_operator.py took 0.055 seconds
[2022-07-31 01:50:15,322] {processor.py:153} INFO - Started process (PID=15078) to work on /home/oury/.local/lib/python3.10/site-packages/airflow/example_dags/example_branch_operator.py
[2022-07-31 01:50:15,323] {processor.py:641} INFO - Processing file /home/oury/.local/lib/python3.10/site-packages/airflow/example_dags/example_branch_operator.py for tasks to queue
[2022-07-31 01:50:15,323] {logging_mixin.py:115} INFO - [2022-07-31 01:50:15,323] {dagbag.py:507} INFO - Filling up the DagBag from /home/oury/.local/lib/python3.10/site-packages/airflow/example_dags/example_branch_operator.py
[2022-07-31 01:50:15,332] {processor.py:651} INFO - DAG(s) dict_keys(['example_branch_operator']) retrieved from /home/oury/.local/lib/python3.10/site-packages/airflow/example_dags/example_branch_operator.py
[2022-07-31 01:50:15,345] {logging_mixin.py:115} INFO - [2022-07-31 01:50:15,345] {dag.py:2379} INFO - Sync 1 DAGs
[2022-07-31 01:50:15,362] {logging_mixin.py:115} INFO - [2022-07-31 01:50:15,362] {dag.py:2923} INFO - Setting next_dagrun for example_branch_operator to 2022-07-30T00:00:00+00:00, run_after=2022-07-31T00:00:00+00:00
[2022-07-31 01:50:15,375] {processor.py:161} INFO - Processing /home/oury/.local/lib/python3.10/site-packages/airflow/example_dags/example_branch_operator.py took 0.055 seconds
[2022-07-31 01:50:59,525] {processor.py:153} INFO - Started process (PID=15136) to work on /home/oury/.local/lib/python3.10/site-packages/airflow/example_dags/example_branch_operator.py
[2022-07-31 01:50:59,527] {processor.py:641} INFO - Processing file /home/oury/.local/lib/python3.10/site-packages/airflow/example_dags/example_branch_operator.py for tasks to queue
[2022-07-31 01:50:59,528] {logging_mixin.py:115} INFO - [2022-07-31 01:50:59,527] {dagbag.py:507} INFO - Filling up the DagBag from /home/oury/.local/lib/python3.10/site-packages/airflow/example_dags/example_branch_operator.py
[2022-07-31 01:50:59,544] {processor.py:651} INFO - DAG(s) dict_keys(['example_branch_operator']) retrieved from /home/oury/.local/lib/python3.10/site-packages/airflow/example_dags/example_branch_operator.py
[2022-07-31 01:50:59,568] {logging_mixin.py:115} INFO - [2022-07-31 01:50:59,568] {dag.py:2379} INFO - Sync 1 DAGs
[2022-07-31 01:50:59,598] {logging_mixin.py:115} INFO - [2022-07-31 01:50:59,597] {dag.py:2923} INFO - Setting next_dagrun for example_branch_operator to 2022-07-30T00:00:00+00:00, run_after=2022-07-31T00:00:00+00:00
[2022-07-31 01:50:59,622] {processor.py:161} INFO - Processing /home/oury/.local/lib/python3.10/site-packages/airflow/example_dags/example_branch_operator.py took 0.102 seconds
