[2022-07-31 01:00:06,623] {processor.py:153} INFO - Started process (PID=11776) to work on /home/oury/.local/lib/python3.10/site-packages/airflow/example_dags/example_task_group.py
[2022-07-31 01:00:06,624] {processor.py:641} INFO - Processing file /home/oury/.local/lib/python3.10/site-packages/airflow/example_dags/example_task_group.py for tasks to queue
[2022-07-31 01:00:06,625] {logging_mixin.py:115} INFO - [2022-07-31 01:00:06,625] {dagbag.py:507} INFO - Filling up the DagBag from /home/oury/.local/lib/python3.10/site-packages/airflow/example_dags/example_task_group.py
[2022-07-31 01:00:06,685] {processor.py:651} INFO - DAG(s) dict_keys(['example_task_group']) retrieved from /home/oury/.local/lib/python3.10/site-packages/airflow/example_dags/example_task_group.py
[2022-07-31 01:00:06,728] {logging_mixin.py:115} INFO - [2022-07-31 01:00:06,728] {dag.py:2379} INFO - Sync 1 DAGs
[2022-07-31 01:00:06,764] {logging_mixin.py:115} INFO - [2022-07-31 01:00:06,763] {dag.py:2923} INFO - Setting next_dagrun for example_task_group to 2022-07-30T00:00:06.759713+00:00, run_after=2022-07-31T00:00:06.759713+00:00
[2022-07-31 01:00:06,793] {processor.py:161} INFO - Processing /home/oury/.local/lib/python3.10/site-packages/airflow/example_dags/example_task_group.py took 0.173 seconds
[2022-07-31 01:18:57,077] {processor.py:153} INFO - Started process (PID=6034) to work on /home/oury/.local/lib/python3.10/site-packages/airflow/example_dags/example_task_group.py
[2022-07-31 01:18:57,078] {processor.py:641} INFO - Processing file /home/oury/.local/lib/python3.10/site-packages/airflow/example_dags/example_task_group.py for tasks to queue
[2022-07-31 01:18:57,079] {logging_mixin.py:115} INFO - [2022-07-31 01:18:57,079] {dagbag.py:507} INFO - Filling up the DagBag from /home/oury/.local/lib/python3.10/site-packages/airflow/example_dags/example_task_group.py
[2022-07-31 01:18:57,085] {processor.py:651} INFO - DAG(s) dict_keys(['example_task_group']) retrieved from /home/oury/.local/lib/python3.10/site-packages/airflow/example_dags/example_task_group.py
[2022-07-31 01:18:57,099] {logging_mixin.py:115} INFO - [2022-07-31 01:18:57,099] {dag.py:2379} INFO - Sync 1 DAGs
[2022-07-31 01:18:57,114] {logging_mixin.py:115} INFO - [2022-07-31 01:18:57,113] {dag.py:2923} INFO - Setting next_dagrun for example_task_group to 2022-07-30T00:18:57.113746+00:00, run_after=2022-07-31T00:18:57.113746+00:00
[2022-07-31 01:18:57,125] {processor.py:161} INFO - Processing /home/oury/.local/lib/python3.10/site-packages/airflow/example_dags/example_task_group.py took 0.050 seconds
[2022-07-31 01:19:37,712] {processor.py:153} INFO - Started process (PID=6248) to work on /home/oury/.local/lib/python3.10/site-packages/airflow/example_dags/example_task_group.py
[2022-07-31 01:19:37,713] {processor.py:641} INFO - Processing file /home/oury/.local/lib/python3.10/site-packages/airflow/example_dags/example_task_group.py for tasks to queue
[2022-07-31 01:19:37,713] {logging_mixin.py:115} INFO - [2022-07-31 01:19:37,713] {dagbag.py:507} INFO - Filling up the DagBag from /home/oury/.local/lib/python3.10/site-packages/airflow/example_dags/example_task_group.py
[2022-07-31 01:19:37,719] {processor.py:651} INFO - DAG(s) dict_keys(['example_task_group']) retrieved from /home/oury/.local/lib/python3.10/site-packages/airflow/example_dags/example_task_group.py
[2022-07-31 01:19:37,733] {logging_mixin.py:115} INFO - [2022-07-31 01:19:37,733] {dag.py:2379} INFO - Sync 1 DAGs
[2022-07-31 01:19:37,748] {logging_mixin.py:115} INFO - [2022-07-31 01:19:37,748] {dag.py:2923} INFO - Setting next_dagrun for example_task_group to 2022-07-30T00:19:37.747855+00:00, run_after=2022-07-31T00:19:37.747855+00:00
[2022-07-31 01:19:37,759] {processor.py:161} INFO - Processing /home/oury/.local/lib/python3.10/site-packages/airflow/example_dags/example_task_group.py took 0.050 seconds
[2022-07-31 01:20:19,742] {processor.py:153} INFO - Started process (PID=6513) to work on /home/oury/.local/lib/python3.10/site-packages/airflow/example_dags/example_task_group.py
[2022-07-31 01:20:19,742] {processor.py:641} INFO - Processing file /home/oury/.local/lib/python3.10/site-packages/airflow/example_dags/example_task_group.py for tasks to queue
[2022-07-31 01:20:19,743] {logging_mixin.py:115} INFO - [2022-07-31 01:20:19,743] {dagbag.py:507} INFO - Filling up the DagBag from /home/oury/.local/lib/python3.10/site-packages/airflow/example_dags/example_task_group.py
[2022-07-31 01:20:19,749] {processor.py:651} INFO - DAG(s) dict_keys(['example_task_group']) retrieved from /home/oury/.local/lib/python3.10/site-packages/airflow/example_dags/example_task_group.py
[2022-07-31 01:20:19,762] {logging_mixin.py:115} INFO - [2022-07-31 01:20:19,762] {dag.py:2379} INFO - Sync 1 DAGs
[2022-07-31 01:20:19,777] {logging_mixin.py:115} INFO - [2022-07-31 01:20:19,777] {dag.py:2923} INFO - Setting next_dagrun for example_task_group to 2022-07-30T00:20:19.777278+00:00, run_after=2022-07-31T00:20:19.777278+00:00
[2022-07-31 01:20:19,789] {processor.py:161} INFO - Processing /home/oury/.local/lib/python3.10/site-packages/airflow/example_dags/example_task_group.py took 0.049 seconds
[2022-07-31 01:21:01,089] {processor.py:153} INFO - Started process (PID=6792) to work on /home/oury/.local/lib/python3.10/site-packages/airflow/example_dags/example_task_group.py
[2022-07-31 01:21:01,089] {processor.py:641} INFO - Processing file /home/oury/.local/lib/python3.10/site-packages/airflow/example_dags/example_task_group.py for tasks to queue
[2022-07-31 01:21:01,090] {logging_mixin.py:115} INFO - [2022-07-31 01:21:01,090] {dagbag.py:507} INFO - Filling up the DagBag from /home/oury/.local/lib/python3.10/site-packages/airflow/example_dags/example_task_group.py
[2022-07-31 01:21:01,096] {processor.py:651} INFO - DAG(s) dict_keys(['example_task_group']) retrieved from /home/oury/.local/lib/python3.10/site-packages/airflow/example_dags/example_task_group.py
[2022-07-31 01:21:01,109] {logging_mixin.py:115} INFO - [2022-07-31 01:21:01,109] {dag.py:2379} INFO - Sync 1 DAGs
[2022-07-31 01:21:01,124] {logging_mixin.py:115} INFO - [2022-07-31 01:21:01,124] {dag.py:2923} INFO - Setting next_dagrun for example_task_group to 2022-07-30T00:21:01.124072+00:00, run_after=2022-07-31T00:21:01.124072+00:00
[2022-07-31 01:21:01,135] {processor.py:161} INFO - Processing /home/oury/.local/lib/python3.10/site-packages/airflow/example_dags/example_task_group.py took 0.048 seconds
[2022-07-31 01:21:42,458] {processor.py:153} INFO - Started process (PID=6947) to work on /home/oury/.local/lib/python3.10/site-packages/airflow/example_dags/example_task_group.py
[2022-07-31 01:21:42,459] {processor.py:641} INFO - Processing file /home/oury/.local/lib/python3.10/site-packages/airflow/example_dags/example_task_group.py for tasks to queue
[2022-07-31 01:21:42,459] {logging_mixin.py:115} INFO - [2022-07-31 01:21:42,459] {dagbag.py:507} INFO - Filling up the DagBag from /home/oury/.local/lib/python3.10/site-packages/airflow/example_dags/example_task_group.py
[2022-07-31 01:21:42,466] {processor.py:651} INFO - DAG(s) dict_keys(['example_task_group']) retrieved from /home/oury/.local/lib/python3.10/site-packages/airflow/example_dags/example_task_group.py
[2022-07-31 01:21:42,481] {logging_mixin.py:115} INFO - [2022-07-31 01:21:42,481] {dag.py:2379} INFO - Sync 1 DAGs
[2022-07-31 01:21:42,498] {logging_mixin.py:115} INFO - [2022-07-31 01:21:42,498] {dag.py:2923} INFO - Setting next_dagrun for example_task_group to 2022-07-30T00:21:42.498276+00:00, run_after=2022-07-31T00:21:42.498276+00:00
[2022-07-31 01:21:42,509] {processor.py:161} INFO - Processing /home/oury/.local/lib/python3.10/site-packages/airflow/example_dags/example_task_group.py took 0.054 seconds
[2022-07-31 01:22:25,362] {processor.py:153} INFO - Started process (PID=7383) to work on /home/oury/.local/lib/python3.10/site-packages/airflow/example_dags/example_task_group.py
[2022-07-31 01:22:25,362] {processor.py:641} INFO - Processing file /home/oury/.local/lib/python3.10/site-packages/airflow/example_dags/example_task_group.py for tasks to queue
[2022-07-31 01:22:25,363] {logging_mixin.py:115} INFO - [2022-07-31 01:22:25,363] {dagbag.py:507} INFO - Filling up the DagBag from /home/oury/.local/lib/python3.10/site-packages/airflow/example_dags/example_task_group.py
[2022-07-31 01:22:25,368] {processor.py:651} INFO - DAG(s) dict_keys(['example_task_group']) retrieved from /home/oury/.local/lib/python3.10/site-packages/airflow/example_dags/example_task_group.py
[2022-07-31 01:22:25,387] {logging_mixin.py:115} INFO - [2022-07-31 01:22:25,387] {dag.py:2379} INFO - Sync 1 DAGs
[2022-07-31 01:22:25,404] {logging_mixin.py:115} INFO - [2022-07-31 01:22:25,404] {dag.py:2923} INFO - Setting next_dagrun for example_task_group to 2022-07-30T00:22:25.404443+00:00, run_after=2022-07-31T00:22:25.404443+00:00
[2022-07-31 01:22:25,417] {processor.py:161} INFO - Processing /home/oury/.local/lib/python3.10/site-packages/airflow/example_dags/example_task_group.py took 0.057 seconds
[2022-07-31 01:23:08,226] {processor.py:153} INFO - Started process (PID=7579) to work on /home/oury/.local/lib/python3.10/site-packages/airflow/example_dags/example_task_group.py
[2022-07-31 01:23:08,227] {processor.py:641} INFO - Processing file /home/oury/.local/lib/python3.10/site-packages/airflow/example_dags/example_task_group.py for tasks to queue
[2022-07-31 01:23:08,227] {logging_mixin.py:115} INFO - [2022-07-31 01:23:08,227] {dagbag.py:507} INFO - Filling up the DagBag from /home/oury/.local/lib/python3.10/site-packages/airflow/example_dags/example_task_group.py
[2022-07-31 01:23:08,233] {processor.py:651} INFO - DAG(s) dict_keys(['example_task_group']) retrieved from /home/oury/.local/lib/python3.10/site-packages/airflow/example_dags/example_task_group.py
[2022-07-31 01:23:08,246] {logging_mixin.py:115} INFO - [2022-07-31 01:23:08,246] {dag.py:2379} INFO - Sync 1 DAGs
[2022-07-31 01:23:08,262] {logging_mixin.py:115} INFO - [2022-07-31 01:23:08,262] {dag.py:2923} INFO - Setting next_dagrun for example_task_group to 2022-07-30T00:23:08.261861+00:00, run_after=2022-07-31T00:23:08.261861+00:00
[2022-07-31 01:23:08,273] {processor.py:161} INFO - Processing /home/oury/.local/lib/python3.10/site-packages/airflow/example_dags/example_task_group.py took 0.050 seconds
[2022-07-31 01:23:48,006] {processor.py:153} INFO - Started process (PID=7700) to work on /home/oury/.local/lib/python3.10/site-packages/airflow/example_dags/example_task_group.py
[2022-07-31 01:23:48,006] {processor.py:641} INFO - Processing file /home/oury/.local/lib/python3.10/site-packages/airflow/example_dags/example_task_group.py for tasks to queue
[2022-07-31 01:23:48,007] {logging_mixin.py:115} INFO - [2022-07-31 01:23:48,007] {dagbag.py:507} INFO - Filling up the DagBag from /home/oury/.local/lib/python3.10/site-packages/airflow/example_dags/example_task_group.py
[2022-07-31 01:23:48,013] {processor.py:651} INFO - DAG(s) dict_keys(['example_task_group']) retrieved from /home/oury/.local/lib/python3.10/site-packages/airflow/example_dags/example_task_group.py
[2022-07-31 01:23:48,026] {logging_mixin.py:115} INFO - [2022-07-31 01:23:48,026] {dag.py:2379} INFO - Sync 1 DAGs
[2022-07-31 01:23:48,041] {logging_mixin.py:115} INFO - [2022-07-31 01:23:48,041] {dag.py:2923} INFO - Setting next_dagrun for example_task_group to 2022-07-30T00:23:48.040800+00:00, run_after=2022-07-31T00:23:48.040800+00:00
[2022-07-31 01:23:48,052] {processor.py:161} INFO - Processing /home/oury/.local/lib/python3.10/site-packages/airflow/example_dags/example_task_group.py took 0.049 seconds
[2022-07-31 01:25:18,501] {processor.py:153} INFO - Started process (PID=7977) to work on /home/oury/.local/lib/python3.10/site-packages/airflow/example_dags/example_task_group.py
[2022-07-31 01:25:18,502] {processor.py:641} INFO - Processing file /home/oury/.local/lib/python3.10/site-packages/airflow/example_dags/example_task_group.py for tasks to queue
[2022-07-31 01:25:18,502] {logging_mixin.py:115} INFO - [2022-07-31 01:25:18,502] {dagbag.py:507} INFO - Filling up the DagBag from /home/oury/.local/lib/python3.10/site-packages/airflow/example_dags/example_task_group.py
[2022-07-31 01:25:18,508] {processor.py:651} INFO - DAG(s) dict_keys(['example_task_group']) retrieved from /home/oury/.local/lib/python3.10/site-packages/airflow/example_dags/example_task_group.py
[2022-07-31 01:25:18,522] {logging_mixin.py:115} INFO - [2022-07-31 01:25:18,522] {dag.py:2379} INFO - Sync 1 DAGs
[2022-07-31 01:25:18,537] {logging_mixin.py:115} INFO - [2022-07-31 01:25:18,536] {dag.py:2923} INFO - Setting next_dagrun for example_task_group to 2022-07-30T00:25:18.536630+00:00, run_after=2022-07-31T00:25:18.536630+00:00
[2022-07-31 01:25:18,548] {processor.py:161} INFO - Processing /home/oury/.local/lib/python3.10/site-packages/airflow/example_dags/example_task_group.py took 0.049 seconds
[2022-07-31 01:25:59,330] {processor.py:153} INFO - Started process (PID=8102) to work on /home/oury/.local/lib/python3.10/site-packages/airflow/example_dags/example_task_group.py
[2022-07-31 01:25:59,331] {processor.py:641} INFO - Processing file /home/oury/.local/lib/python3.10/site-packages/airflow/example_dags/example_task_group.py for tasks to queue
[2022-07-31 01:25:59,331] {logging_mixin.py:115} INFO - [2022-07-31 01:25:59,331] {dagbag.py:507} INFO - Filling up the DagBag from /home/oury/.local/lib/python3.10/site-packages/airflow/example_dags/example_task_group.py
[2022-07-31 01:25:59,337] {processor.py:651} INFO - DAG(s) dict_keys(['example_task_group']) retrieved from /home/oury/.local/lib/python3.10/site-packages/airflow/example_dags/example_task_group.py
[2022-07-31 01:25:59,350] {logging_mixin.py:115} INFO - [2022-07-31 01:25:59,350] {dag.py:2379} INFO - Sync 1 DAGs
[2022-07-31 01:25:59,365] {logging_mixin.py:115} INFO - [2022-07-31 01:25:59,365] {dag.py:2923} INFO - Setting next_dagrun for example_task_group to 2022-07-30T00:25:59.365239+00:00, run_after=2022-07-31T00:25:59.365239+00:00
[2022-07-31 01:25:59,377] {processor.py:161} INFO - Processing /home/oury/.local/lib/python3.10/site-packages/airflow/example_dags/example_task_group.py took 0.049 seconds
[2022-07-31 01:26:39,418] {processor.py:153} INFO - Started process (PID=8213) to work on /home/oury/.local/lib/python3.10/site-packages/airflow/example_dags/example_task_group.py
[2022-07-31 01:26:39,419] {processor.py:641} INFO - Processing file /home/oury/.local/lib/python3.10/site-packages/airflow/example_dags/example_task_group.py for tasks to queue
[2022-07-31 01:26:39,419] {logging_mixin.py:115} INFO - [2022-07-31 01:26:39,419] {dagbag.py:507} INFO - Filling up the DagBag from /home/oury/.local/lib/python3.10/site-packages/airflow/example_dags/example_task_group.py
[2022-07-31 01:26:39,425] {processor.py:651} INFO - DAG(s) dict_keys(['example_task_group']) retrieved from /home/oury/.local/lib/python3.10/site-packages/airflow/example_dags/example_task_group.py
[2022-07-31 01:26:39,439] {logging_mixin.py:115} INFO - [2022-07-31 01:26:39,439] {dag.py:2379} INFO - Sync 1 DAGs
[2022-07-31 01:26:39,454] {logging_mixin.py:115} INFO - [2022-07-31 01:26:39,454] {dag.py:2923} INFO - Setting next_dagrun for example_task_group to 2022-07-30T00:26:39.453859+00:00, run_after=2022-07-31T00:26:39.453859+00:00
[2022-07-31 01:26:39,465] {processor.py:161} INFO - Processing /home/oury/.local/lib/python3.10/site-packages/airflow/example_dags/example_task_group.py took 0.050 seconds
[2022-07-31 01:27:21,625] {processor.py:153} INFO - Started process (PID=8295) to work on /home/oury/.local/lib/python3.10/site-packages/airflow/example_dags/example_task_group.py
[2022-07-31 01:27:21,625] {processor.py:641} INFO - Processing file /home/oury/.local/lib/python3.10/site-packages/airflow/example_dags/example_task_group.py for tasks to queue
[2022-07-31 01:27:21,626] {logging_mixin.py:115} INFO - [2022-07-31 01:27:21,626] {dagbag.py:507} INFO - Filling up the DagBag from /home/oury/.local/lib/python3.10/site-packages/airflow/example_dags/example_task_group.py
[2022-07-31 01:27:21,632] {processor.py:651} INFO - DAG(s) dict_keys(['example_task_group']) retrieved from /home/oury/.local/lib/python3.10/site-packages/airflow/example_dags/example_task_group.py
[2022-07-31 01:27:21,645] {logging_mixin.py:115} INFO - [2022-07-31 01:27:21,645] {dag.py:2379} INFO - Sync 1 DAGs
[2022-07-31 01:27:21,660] {logging_mixin.py:115} INFO - [2022-07-31 01:27:21,660] {dag.py:2923} INFO - Setting next_dagrun for example_task_group to 2022-07-30T00:27:21.659921+00:00, run_after=2022-07-31T00:27:21.659921+00:00
[2022-07-31 01:27:21,672] {processor.py:161} INFO - Processing /home/oury/.local/lib/python3.10/site-packages/airflow/example_dags/example_task_group.py took 0.049 seconds
[2022-07-31 01:28:03,344] {processor.py:153} INFO - Started process (PID=8445) to work on /home/oury/.local/lib/python3.10/site-packages/airflow/example_dags/example_task_group.py
[2022-07-31 01:28:03,345] {processor.py:641} INFO - Processing file /home/oury/.local/lib/python3.10/site-packages/airflow/example_dags/example_task_group.py for tasks to queue
[2022-07-31 01:28:03,346] {logging_mixin.py:115} INFO - [2022-07-31 01:28:03,346] {dagbag.py:507} INFO - Filling up the DagBag from /home/oury/.local/lib/python3.10/site-packages/airflow/example_dags/example_task_group.py
[2022-07-31 01:28:03,352] {processor.py:651} INFO - DAG(s) dict_keys(['example_task_group']) retrieved from /home/oury/.local/lib/python3.10/site-packages/airflow/example_dags/example_task_group.py
[2022-07-31 01:28:03,365] {logging_mixin.py:115} INFO - [2022-07-31 01:28:03,365] {dag.py:2379} INFO - Sync 1 DAGs
[2022-07-31 01:28:03,380] {logging_mixin.py:115} INFO - [2022-07-31 01:28:03,380] {dag.py:2923} INFO - Setting next_dagrun for example_task_group to 2022-07-30T00:28:03.380196+00:00, run_after=2022-07-31T00:28:03.380196+00:00
[2022-07-31 01:28:03,392] {processor.py:161} INFO - Processing /home/oury/.local/lib/python3.10/site-packages/airflow/example_dags/example_task_group.py took 0.049 seconds
[2022-07-31 01:28:46,021] {processor.py:153} INFO - Started process (PID=8587) to work on /home/oury/.local/lib/python3.10/site-packages/airflow/example_dags/example_task_group.py
[2022-07-31 01:28:46,022] {processor.py:641} INFO - Processing file /home/oury/.local/lib/python3.10/site-packages/airflow/example_dags/example_task_group.py for tasks to queue
[2022-07-31 01:28:46,022] {logging_mixin.py:115} INFO - [2022-07-31 01:28:46,022] {dagbag.py:507} INFO - Filling up the DagBag from /home/oury/.local/lib/python3.10/site-packages/airflow/example_dags/example_task_group.py
[2022-07-31 01:28:46,028] {processor.py:651} INFO - DAG(s) dict_keys(['example_task_group']) retrieved from /home/oury/.local/lib/python3.10/site-packages/airflow/example_dags/example_task_group.py
[2022-07-31 01:28:46,041] {logging_mixin.py:115} INFO - [2022-07-31 01:28:46,041] {dag.py:2379} INFO - Sync 1 DAGs
[2022-07-31 01:28:46,056] {logging_mixin.py:115} INFO - [2022-07-31 01:28:46,056] {dag.py:2923} INFO - Setting next_dagrun for example_task_group to 2022-07-30T00:28:46.056179+00:00, run_after=2022-07-31T00:28:46.056179+00:00
[2022-07-31 01:28:46,069] {processor.py:161} INFO - Processing /home/oury/.local/lib/python3.10/site-packages/airflow/example_dags/example_task_group.py took 0.050 seconds
[2022-07-31 01:29:28,070] {processor.py:153} INFO - Started process (PID=8672) to work on /home/oury/.local/lib/python3.10/site-packages/airflow/example_dags/example_task_group.py
[2022-07-31 01:29:28,071] {processor.py:641} INFO - Processing file /home/oury/.local/lib/python3.10/site-packages/airflow/example_dags/example_task_group.py for tasks to queue
[2022-07-31 01:29:28,072] {logging_mixin.py:115} INFO - [2022-07-31 01:29:28,072] {dagbag.py:507} INFO - Filling up the DagBag from /home/oury/.local/lib/python3.10/site-packages/airflow/example_dags/example_task_group.py
[2022-07-31 01:29:28,078] {processor.py:651} INFO - DAG(s) dict_keys(['example_task_group']) retrieved from /home/oury/.local/lib/python3.10/site-packages/airflow/example_dags/example_task_group.py
[2022-07-31 01:29:28,091] {logging_mixin.py:115} INFO - [2022-07-31 01:29:28,091] {dag.py:2379} INFO - Sync 1 DAGs
[2022-07-31 01:29:28,107] {logging_mixin.py:115} INFO - [2022-07-31 01:29:28,107] {dag.py:2923} INFO - Setting next_dagrun for example_task_group to 2022-07-30T00:29:28.107497+00:00, run_after=2022-07-31T00:29:28.107497+00:00
[2022-07-31 01:29:28,119] {processor.py:161} INFO - Processing /home/oury/.local/lib/python3.10/site-packages/airflow/example_dags/example_task_group.py took 0.051 seconds
[2022-07-31 01:30:15,106] {processor.py:153} INFO - Started process (PID=8783) to work on /home/oury/.local/lib/python3.10/site-packages/airflow/example_dags/example_task_group.py
[2022-07-31 01:30:15,113] {processor.py:641} INFO - Processing file /home/oury/.local/lib/python3.10/site-packages/airflow/example_dags/example_task_group.py for tasks to queue
[2022-07-31 01:30:15,114] {logging_mixin.py:115} INFO - [2022-07-31 01:30:15,114] {dagbag.py:507} INFO - Filling up the DagBag from /home/oury/.local/lib/python3.10/site-packages/airflow/example_dags/example_task_group.py
[2022-07-31 01:30:15,120] {processor.py:651} INFO - DAG(s) dict_keys(['example_task_group']) retrieved from /home/oury/.local/lib/python3.10/site-packages/airflow/example_dags/example_task_group.py
[2022-07-31 01:30:15,133] {logging_mixin.py:115} INFO - [2022-07-31 01:30:15,133] {dag.py:2379} INFO - Sync 1 DAGs
[2022-07-31 01:30:15,148] {logging_mixin.py:115} INFO - [2022-07-31 01:30:15,148] {dag.py:2923} INFO - Setting next_dagrun for example_task_group to 2022-07-30T00:30:15.148336+00:00, run_after=2022-07-31T00:30:15.148336+00:00
[2022-07-31 01:30:15,310] {processor.py:161} INFO - Processing /home/oury/.local/lib/python3.10/site-packages/airflow/example_dags/example_task_group.py took 0.207 seconds
[2022-07-31 01:30:58,000] {processor.py:153} INFO - Started process (PID=8965) to work on /home/oury/.local/lib/python3.10/site-packages/airflow/example_dags/example_task_group.py
[2022-07-31 01:30:58,001] {processor.py:641} INFO - Processing file /home/oury/.local/lib/python3.10/site-packages/airflow/example_dags/example_task_group.py for tasks to queue
[2022-07-31 01:30:58,001] {logging_mixin.py:115} INFO - [2022-07-31 01:30:58,001] {dagbag.py:507} INFO - Filling up the DagBag from /home/oury/.local/lib/python3.10/site-packages/airflow/example_dags/example_task_group.py
[2022-07-31 01:30:58,007] {processor.py:651} INFO - DAG(s) dict_keys(['example_task_group']) retrieved from /home/oury/.local/lib/python3.10/site-packages/airflow/example_dags/example_task_group.py
[2022-07-31 01:30:58,020] {logging_mixin.py:115} INFO - [2022-07-31 01:30:58,020] {dag.py:2379} INFO - Sync 1 DAGs
[2022-07-31 01:30:58,034] {logging_mixin.py:115} INFO - [2022-07-31 01:30:58,034] {dag.py:2923} INFO - Setting next_dagrun for example_task_group to 2022-07-30T00:30:58.034499+00:00, run_after=2022-07-31T00:30:58.034499+00:00
[2022-07-31 01:30:58,046] {processor.py:161} INFO - Processing /home/oury/.local/lib/python3.10/site-packages/airflow/example_dags/example_task_group.py took 0.048 seconds
[2022-07-31 01:31:39,401] {processor.py:153} INFO - Started process (PID=9042) to work on /home/oury/.local/lib/python3.10/site-packages/airflow/example_dags/example_task_group.py
[2022-07-31 01:31:39,401] {processor.py:641} INFO - Processing file /home/oury/.local/lib/python3.10/site-packages/airflow/example_dags/example_task_group.py for tasks to queue
[2022-07-31 01:31:39,402] {logging_mixin.py:115} INFO - [2022-07-31 01:31:39,402] {dagbag.py:507} INFO - Filling up the DagBag from /home/oury/.local/lib/python3.10/site-packages/airflow/example_dags/example_task_group.py
[2022-07-31 01:31:39,407] {processor.py:651} INFO - DAG(s) dict_keys(['example_task_group']) retrieved from /home/oury/.local/lib/python3.10/site-packages/airflow/example_dags/example_task_group.py
[2022-07-31 01:31:39,420] {logging_mixin.py:115} INFO - [2022-07-31 01:31:39,420] {dag.py:2379} INFO - Sync 1 DAGs
[2022-07-31 01:31:39,435] {logging_mixin.py:115} INFO - [2022-07-31 01:31:39,435] {dag.py:2923} INFO - Setting next_dagrun for example_task_group to 2022-07-30T00:31:39.435320+00:00, run_after=2022-07-31T00:31:39.435320+00:00
[2022-07-31 01:31:39,447] {processor.py:161} INFO - Processing /home/oury/.local/lib/python3.10/site-packages/airflow/example_dags/example_task_group.py took 0.048 seconds
[2022-07-31 01:32:19,606] {processor.py:153} INFO - Started process (PID=9141) to work on /home/oury/.local/lib/python3.10/site-packages/airflow/example_dags/example_task_group.py
[2022-07-31 01:32:19,606] {processor.py:641} INFO - Processing file /home/oury/.local/lib/python3.10/site-packages/airflow/example_dags/example_task_group.py for tasks to queue
[2022-07-31 01:32:19,607] {logging_mixin.py:115} INFO - [2022-07-31 01:32:19,607] {dagbag.py:507} INFO - Filling up the DagBag from /home/oury/.local/lib/python3.10/site-packages/airflow/example_dags/example_task_group.py
[2022-07-31 01:32:19,612] {processor.py:651} INFO - DAG(s) dict_keys(['example_task_group']) retrieved from /home/oury/.local/lib/python3.10/site-packages/airflow/example_dags/example_task_group.py
[2022-07-31 01:32:19,625] {logging_mixin.py:115} INFO - [2022-07-31 01:32:19,625] {dag.py:2379} INFO - Sync 1 DAGs
[2022-07-31 01:32:19,640] {logging_mixin.py:115} INFO - [2022-07-31 01:32:19,640] {dag.py:2923} INFO - Setting next_dagrun for example_task_group to 2022-07-30T00:32:19.640289+00:00, run_after=2022-07-31T00:32:19.640289+00:00
[2022-07-31 01:32:19,651] {processor.py:161} INFO - Processing /home/oury/.local/lib/python3.10/site-packages/airflow/example_dags/example_task_group.py took 0.048 seconds
[2022-07-31 01:33:01,206] {processor.py:153} INFO - Started process (PID=9223) to work on /home/oury/.local/lib/python3.10/site-packages/airflow/example_dags/example_task_group.py
[2022-07-31 01:33:01,206] {processor.py:641} INFO - Processing file /home/oury/.local/lib/python3.10/site-packages/airflow/example_dags/example_task_group.py for tasks to queue
[2022-07-31 01:33:01,207] {logging_mixin.py:115} INFO - [2022-07-31 01:33:01,206] {dagbag.py:507} INFO - Filling up the DagBag from /home/oury/.local/lib/python3.10/site-packages/airflow/example_dags/example_task_group.py
[2022-07-31 01:33:01,212] {processor.py:651} INFO - DAG(s) dict_keys(['example_task_group']) retrieved from /home/oury/.local/lib/python3.10/site-packages/airflow/example_dags/example_task_group.py
[2022-07-31 01:33:01,225] {logging_mixin.py:115} INFO - [2022-07-31 01:33:01,225] {dag.py:2379} INFO - Sync 1 DAGs
[2022-07-31 01:33:01,240] {logging_mixin.py:115} INFO - [2022-07-31 01:33:01,240] {dag.py:2923} INFO - Setting next_dagrun for example_task_group to 2022-07-30T00:33:01.240126+00:00, run_after=2022-07-31T00:33:01.240126+00:00
[2022-07-31 01:33:01,251] {processor.py:161} INFO - Processing /home/oury/.local/lib/python3.10/site-packages/airflow/example_dags/example_task_group.py took 0.047 seconds
[2022-07-31 01:33:43,370] {processor.py:153} INFO - Started process (PID=9330) to work on /home/oury/.local/lib/python3.10/site-packages/airflow/example_dags/example_task_group.py
[2022-07-31 01:33:43,370] {processor.py:641} INFO - Processing file /home/oury/.local/lib/python3.10/site-packages/airflow/example_dags/example_task_group.py for tasks to queue
[2022-07-31 01:33:43,371] {logging_mixin.py:115} INFO - [2022-07-31 01:33:43,371] {dagbag.py:507} INFO - Filling up the DagBag from /home/oury/.local/lib/python3.10/site-packages/airflow/example_dags/example_task_group.py
[2022-07-31 01:33:43,377] {processor.py:651} INFO - DAG(s) dict_keys(['example_task_group']) retrieved from /home/oury/.local/lib/python3.10/site-packages/airflow/example_dags/example_task_group.py
[2022-07-31 01:33:43,395] {logging_mixin.py:115} INFO - [2022-07-31 01:33:43,395] {dag.py:2379} INFO - Sync 1 DAGs
[2022-07-31 01:33:43,414] {logging_mixin.py:115} INFO - [2022-07-31 01:33:43,414] {dag.py:2923} INFO - Setting next_dagrun for example_task_group to 2022-07-30T00:33:43.413885+00:00, run_after=2022-07-31T00:33:43.413885+00:00
[2022-07-31 01:33:43,426] {processor.py:161} INFO - Processing /home/oury/.local/lib/python3.10/site-packages/airflow/example_dags/example_task_group.py took 0.060 seconds
[2022-07-31 01:34:26,310] {processor.py:153} INFO - Started process (PID=9639) to work on /home/oury/.local/lib/python3.10/site-packages/airflow/example_dags/example_task_group.py
[2022-07-31 01:34:26,310] {processor.py:641} INFO - Processing file /home/oury/.local/lib/python3.10/site-packages/airflow/example_dags/example_task_group.py for tasks to queue
[2022-07-31 01:34:26,311] {logging_mixin.py:115} INFO - [2022-07-31 01:34:26,311] {dagbag.py:507} INFO - Filling up the DagBag from /home/oury/.local/lib/python3.10/site-packages/airflow/example_dags/example_task_group.py
[2022-07-31 01:34:26,316] {processor.py:651} INFO - DAG(s) dict_keys(['example_task_group']) retrieved from /home/oury/.local/lib/python3.10/site-packages/airflow/example_dags/example_task_group.py
[2022-07-31 01:34:26,330] {logging_mixin.py:115} INFO - [2022-07-31 01:34:26,330] {dag.py:2379} INFO - Sync 1 DAGs
[2022-07-31 01:34:26,345] {logging_mixin.py:115} INFO - [2022-07-31 01:34:26,345] {dag.py:2923} INFO - Setting next_dagrun for example_task_group to 2022-07-30T00:34:26.344820+00:00, run_after=2022-07-31T00:34:26.344820+00:00
[2022-07-31 01:34:26,356] {processor.py:161} INFO - Processing /home/oury/.local/lib/python3.10/site-packages/airflow/example_dags/example_task_group.py took 0.048 seconds
[2022-07-31 01:38:08,048] {processor.py:153} INFO - Started process (PID=10351) to work on /home/oury/.local/lib/python3.10/site-packages/airflow/example_dags/example_task_group.py
[2022-07-31 01:38:08,049] {processor.py:641} INFO - Processing file /home/oury/.local/lib/python3.10/site-packages/airflow/example_dags/example_task_group.py for tasks to queue
[2022-07-31 01:38:08,049] {logging_mixin.py:115} INFO - [2022-07-31 01:38:08,049] {dagbag.py:507} INFO - Filling up the DagBag from /home/oury/.local/lib/python3.10/site-packages/airflow/example_dags/example_task_group.py
[2022-07-31 01:38:08,055] {processor.py:651} INFO - DAG(s) dict_keys(['example_task_group']) retrieved from /home/oury/.local/lib/python3.10/site-packages/airflow/example_dags/example_task_group.py
[2022-07-31 01:38:08,094] {logging_mixin.py:115} INFO - [2022-07-31 01:38:08,094] {dag.py:2379} INFO - Sync 1 DAGs
[2022-07-31 01:38:08,197] {logging_mixin.py:115} INFO - [2022-07-31 01:38:08,197] {dag.py:2398} INFO - Creating ORM DAG for example_task_group
[2022-07-31 01:38:08,205] {logging_mixin.py:115} INFO - [2022-07-31 01:38:08,205] {dag.py:2923} INFO - Setting next_dagrun for example_task_group to 2022-07-30T00:38:08.205163+00:00, run_after=2022-07-31T00:38:08.205163+00:00
[2022-07-31 01:38:08,219] {processor.py:161} INFO - Processing /home/oury/.local/lib/python3.10/site-packages/airflow/example_dags/example_task_group.py took 0.174 seconds
[2022-07-31 01:38:48,402] {processor.py:153} INFO - Started process (PID=10566) to work on /home/oury/.local/lib/python3.10/site-packages/airflow/example_dags/example_task_group.py
[2022-07-31 01:38:48,403] {processor.py:641} INFO - Processing file /home/oury/.local/lib/python3.10/site-packages/airflow/example_dags/example_task_group.py for tasks to queue
[2022-07-31 01:38:48,403] {logging_mixin.py:115} INFO - [2022-07-31 01:38:48,403] {dagbag.py:507} INFO - Filling up the DagBag from /home/oury/.local/lib/python3.10/site-packages/airflow/example_dags/example_task_group.py
[2022-07-31 01:38:48,410] {processor.py:651} INFO - DAG(s) dict_keys(['example_task_group']) retrieved from /home/oury/.local/lib/python3.10/site-packages/airflow/example_dags/example_task_group.py
[2022-07-31 01:38:48,432] {logging_mixin.py:115} INFO - [2022-07-31 01:38:48,432] {dag.py:2379} INFO - Sync 1 DAGs
[2022-07-31 01:38:48,453] {logging_mixin.py:115} INFO - [2022-07-31 01:38:48,453] {dag.py:2923} INFO - Setting next_dagrun for example_task_group to 2022-07-30T00:38:48.453438+00:00, run_after=2022-07-31T00:38:48.453438+00:00
[2022-07-31 01:38:48,465] {processor.py:161} INFO - Processing /home/oury/.local/lib/python3.10/site-packages/airflow/example_dags/example_task_group.py took 0.065 seconds
[2022-07-31 01:39:30,750] {processor.py:153} INFO - Started process (PID=10760) to work on /home/oury/.local/lib/python3.10/site-packages/airflow/example_dags/example_task_group.py
[2022-07-31 01:39:30,751] {processor.py:641} INFO - Processing file /home/oury/.local/lib/python3.10/site-packages/airflow/example_dags/example_task_group.py for tasks to queue
[2022-07-31 01:39:30,752] {logging_mixin.py:115} INFO - [2022-07-31 01:39:30,752] {dagbag.py:507} INFO - Filling up the DagBag from /home/oury/.local/lib/python3.10/site-packages/airflow/example_dags/example_task_group.py
[2022-07-31 01:39:30,758] {processor.py:651} INFO - DAG(s) dict_keys(['example_task_group']) retrieved from /home/oury/.local/lib/python3.10/site-packages/airflow/example_dags/example_task_group.py
[2022-07-31 01:39:30,773] {logging_mixin.py:115} INFO - [2022-07-31 01:39:30,773] {dag.py:2379} INFO - Sync 1 DAGs
[2022-07-31 01:39:30,789] {logging_mixin.py:115} INFO - [2022-07-31 01:39:30,789] {dag.py:2923} INFO - Setting next_dagrun for example_task_group to 2022-07-30T00:39:30.788952+00:00, run_after=2022-07-31T00:39:30.788952+00:00
[2022-07-31 01:39:30,800] {processor.py:161} INFO - Processing /home/oury/.local/lib/python3.10/site-packages/airflow/example_dags/example_task_group.py took 0.053 seconds
[2022-07-31 01:40:12,009] {processor.py:153} INFO - Started process (PID=11054) to work on /home/oury/.local/lib/python3.10/site-packages/airflow/example_dags/example_task_group.py
[2022-07-31 01:40:12,010] {processor.py:641} INFO - Processing file /home/oury/.local/lib/python3.10/site-packages/airflow/example_dags/example_task_group.py for tasks to queue
[2022-07-31 01:40:12,011] {logging_mixin.py:115} INFO - [2022-07-31 01:40:12,010] {dagbag.py:507} INFO - Filling up the DagBag from /home/oury/.local/lib/python3.10/site-packages/airflow/example_dags/example_task_group.py
[2022-07-31 01:40:12,017] {processor.py:651} INFO - DAG(s) dict_keys(['example_task_group']) retrieved from /home/oury/.local/lib/python3.10/site-packages/airflow/example_dags/example_task_group.py
[2022-07-31 01:40:12,030] {logging_mixin.py:115} INFO - [2022-07-31 01:40:12,030] {dag.py:2379} INFO - Sync 1 DAGs
[2022-07-31 01:40:12,045] {logging_mixin.py:115} INFO - [2022-07-31 01:40:12,045] {dag.py:2923} INFO - Setting next_dagrun for example_task_group to 2022-07-30T00:40:12.045464+00:00, run_after=2022-07-31T00:40:12.045464+00:00
[2022-07-31 01:40:12,057] {processor.py:161} INFO - Processing /home/oury/.local/lib/python3.10/site-packages/airflow/example_dags/example_task_group.py took 0.050 seconds
[2022-07-31 01:40:56,087] {processor.py:153} INFO - Started process (PID=12309) to work on /home/oury/.local/lib/python3.10/site-packages/airflow/example_dags/example_task_group.py
[2022-07-31 01:40:56,088] {processor.py:641} INFO - Processing file /home/oury/.local/lib/python3.10/site-packages/airflow/example_dags/example_task_group.py for tasks to queue
[2022-07-31 01:40:56,089] {logging_mixin.py:115} INFO - [2022-07-31 01:40:56,088] {dagbag.py:507} INFO - Filling up the DagBag from /home/oury/.local/lib/python3.10/site-packages/airflow/example_dags/example_task_group.py
[2022-07-31 01:40:56,096] {processor.py:651} INFO - DAG(s) dict_keys(['example_task_group']) retrieved from /home/oury/.local/lib/python3.10/site-packages/airflow/example_dags/example_task_group.py
[2022-07-31 01:40:56,110] {logging_mixin.py:115} INFO - [2022-07-31 01:40:56,110] {dag.py:2379} INFO - Sync 1 DAGs
[2022-07-31 01:40:56,129] {logging_mixin.py:115} INFO - [2022-07-31 01:40:56,129] {dag.py:2923} INFO - Setting next_dagrun for example_task_group to 2022-07-30T00:40:56.129422+00:00, run_after=2022-07-31T00:40:56.129422+00:00
[2022-07-31 01:40:56,142] {processor.py:161} INFO - Processing /home/oury/.local/lib/python3.10/site-packages/airflow/example_dags/example_task_group.py took 0.057 seconds
[2022-07-31 01:41:49,066] {processor.py:153} INFO - Started process (PID=12825) to work on /home/oury/.local/lib/python3.10/site-packages/airflow/example_dags/example_task_group.py
[2022-07-31 01:41:49,067] {processor.py:641} INFO - Processing file /home/oury/.local/lib/python3.10/site-packages/airflow/example_dags/example_task_group.py for tasks to queue
[2022-07-31 01:41:49,068] {logging_mixin.py:115} INFO - [2022-07-31 01:41:49,068] {dagbag.py:507} INFO - Filling up the DagBag from /home/oury/.local/lib/python3.10/site-packages/airflow/example_dags/example_task_group.py
[2022-07-31 01:41:49,082] {processor.py:651} INFO - DAG(s) dict_keys(['example_task_group']) retrieved from /home/oury/.local/lib/python3.10/site-packages/airflow/example_dags/example_task_group.py
[2022-07-31 01:41:49,097] {logging_mixin.py:115} INFO - [2022-07-31 01:41:49,097] {dag.py:2379} INFO - Sync 1 DAGs
[2022-07-31 01:41:49,113] {logging_mixin.py:115} INFO - [2022-07-31 01:41:49,113] {dag.py:2923} INFO - Setting next_dagrun for example_task_group to 2022-07-30T00:41:49.112042+00:00, run_after=2022-07-31T00:41:49.112042+00:00
[2022-07-31 01:41:49,129] {processor.py:161} INFO - Processing /home/oury/.local/lib/python3.10/site-packages/airflow/example_dags/example_task_group.py took 0.066 seconds
[2022-07-31 01:42:48,622] {processor.py:153} INFO - Started process (PID=13213) to work on /home/oury/.local/lib/python3.10/site-packages/airflow/example_dags/example_task_group.py
[2022-07-31 01:42:48,623] {processor.py:641} INFO - Processing file /home/oury/.local/lib/python3.10/site-packages/airflow/example_dags/example_task_group.py for tasks to queue
[2022-07-31 01:42:48,623] {logging_mixin.py:115} INFO - [2022-07-31 01:42:48,623] {dagbag.py:507} INFO - Filling up the DagBag from /home/oury/.local/lib/python3.10/site-packages/airflow/example_dags/example_task_group.py
[2022-07-31 01:42:48,630] {processor.py:651} INFO - DAG(s) dict_keys(['example_task_group']) retrieved from /home/oury/.local/lib/python3.10/site-packages/airflow/example_dags/example_task_group.py
[2022-07-31 01:42:48,645] {logging_mixin.py:115} INFO - [2022-07-31 01:42:48,645] {dag.py:2379} INFO - Sync 1 DAGs
[2022-07-31 01:42:48,661] {logging_mixin.py:115} INFO - [2022-07-31 01:42:48,661] {dag.py:2923} INFO - Setting next_dagrun for example_task_group to 2022-07-30T00:42:48.661562+00:00, run_after=2022-07-31T00:42:48.661562+00:00
[2022-07-31 01:42:48,673] {processor.py:161} INFO - Processing /home/oury/.local/lib/python3.10/site-packages/airflow/example_dags/example_task_group.py took 0.054 seconds
[2022-07-31 01:43:27,717] {processor.py:153} INFO - Started process (PID=13359) to work on /home/oury/.local/lib/python3.10/site-packages/airflow/example_dags/example_task_group.py
[2022-07-31 01:43:27,719] {processor.py:641} INFO - Processing file /home/oury/.local/lib/python3.10/site-packages/airflow/example_dags/example_task_group.py for tasks to queue
[2022-07-31 01:43:27,720] {logging_mixin.py:115} INFO - [2022-07-31 01:43:27,719] {dagbag.py:507} INFO - Filling up the DagBag from /home/oury/.local/lib/python3.10/site-packages/airflow/example_dags/example_task_group.py
[2022-07-31 01:43:27,732] {processor.py:651} INFO - DAG(s) dict_keys(['example_task_group']) retrieved from /home/oury/.local/lib/python3.10/site-packages/airflow/example_dags/example_task_group.py
[2022-07-31 01:43:27,754] {logging_mixin.py:115} INFO - [2022-07-31 01:43:27,754] {dag.py:2379} INFO - Sync 1 DAGs
[2022-07-31 01:43:27,774] {logging_mixin.py:115} INFO - [2022-07-31 01:43:27,774] {dag.py:2923} INFO - Setting next_dagrun for example_task_group to 2022-07-30T00:43:27.773824+00:00, run_after=2022-07-31T00:43:27.773824+00:00
[2022-07-31 01:43:27,857] {processor.py:161} INFO - Processing /home/oury/.local/lib/python3.10/site-packages/airflow/example_dags/example_task_group.py took 0.142 seconds
[2022-07-31 01:44:11,209] {processor.py:153} INFO - Started process (PID=13609) to work on /home/oury/.local/lib/python3.10/site-packages/airflow/example_dags/example_task_group.py
[2022-07-31 01:44:11,210] {processor.py:641} INFO - Processing file /home/oury/.local/lib/python3.10/site-packages/airflow/example_dags/example_task_group.py for tasks to queue
[2022-07-31 01:44:11,211] {logging_mixin.py:115} INFO - [2022-07-31 01:44:11,210] {dagbag.py:507} INFO - Filling up the DagBag from /home/oury/.local/lib/python3.10/site-packages/airflow/example_dags/example_task_group.py
[2022-07-31 01:44:11,216] {processor.py:651} INFO - DAG(s) dict_keys(['example_task_group']) retrieved from /home/oury/.local/lib/python3.10/site-packages/airflow/example_dags/example_task_group.py
[2022-07-31 01:44:11,230] {logging_mixin.py:115} INFO - [2022-07-31 01:44:11,230] {dag.py:2379} INFO - Sync 1 DAGs
[2022-07-31 01:44:11,246] {logging_mixin.py:115} INFO - [2022-07-31 01:44:11,246] {dag.py:2923} INFO - Setting next_dagrun for example_task_group to 2022-07-30T00:44:11.245959+00:00, run_after=2022-07-31T00:44:11.245959+00:00
[2022-07-31 01:44:11,258] {processor.py:161} INFO - Processing /home/oury/.local/lib/python3.10/site-packages/airflow/example_dags/example_task_group.py took 0.051 seconds
[2022-07-31 01:44:52,282] {processor.py:153} INFO - Started process (PID=13775) to work on /home/oury/.local/lib/python3.10/site-packages/airflow/example_dags/example_task_group.py
[2022-07-31 01:44:52,283] {processor.py:641} INFO - Processing file /home/oury/.local/lib/python3.10/site-packages/airflow/example_dags/example_task_group.py for tasks to queue
[2022-07-31 01:44:52,284] {logging_mixin.py:115} INFO - [2022-07-31 01:44:52,284] {dagbag.py:507} INFO - Filling up the DagBag from /home/oury/.local/lib/python3.10/site-packages/airflow/example_dags/example_task_group.py
[2022-07-31 01:44:52,292] {processor.py:651} INFO - DAG(s) dict_keys(['example_task_group']) retrieved from /home/oury/.local/lib/python3.10/site-packages/airflow/example_dags/example_task_group.py
[2022-07-31 01:44:52,312] {logging_mixin.py:115} INFO - [2022-07-31 01:44:52,312] {dag.py:2379} INFO - Sync 1 DAGs
[2022-07-31 01:44:52,330] {logging_mixin.py:115} INFO - [2022-07-31 01:44:52,330] {dag.py:2923} INFO - Setting next_dagrun for example_task_group to 2022-07-30T00:44:52.330439+00:00, run_after=2022-07-31T00:44:52.330439+00:00
[2022-07-31 01:44:52,344] {processor.py:161} INFO - Processing /home/oury/.local/lib/python3.10/site-packages/airflow/example_dags/example_task_group.py took 0.065 seconds
[2022-07-31 01:45:41,640] {processor.py:153} INFO - Started process (PID=14261) to work on /home/oury/.local/lib/python3.10/site-packages/airflow/example_dags/example_task_group.py
[2022-07-31 01:45:41,641] {processor.py:641} INFO - Processing file /home/oury/.local/lib/python3.10/site-packages/airflow/example_dags/example_task_group.py for tasks to queue
[2022-07-31 01:45:41,642] {logging_mixin.py:115} INFO - [2022-07-31 01:45:41,641] {dagbag.py:507} INFO - Filling up the DagBag from /home/oury/.local/lib/python3.10/site-packages/airflow/example_dags/example_task_group.py
[2022-07-31 01:45:41,654] {processor.py:651} INFO - DAG(s) dict_keys(['example_task_group']) retrieved from /home/oury/.local/lib/python3.10/site-packages/airflow/example_dags/example_task_group.py
[2022-07-31 01:45:41,682] {logging_mixin.py:115} INFO - [2022-07-31 01:45:41,682] {dag.py:2379} INFO - Sync 1 DAGs
[2022-07-31 01:45:41,713] {logging_mixin.py:115} INFO - [2022-07-31 01:45:41,713] {dag.py:2923} INFO - Setting next_dagrun for example_task_group to 2022-07-30T00:45:41.712979+00:00, run_after=2022-07-31T00:45:41.712979+00:00
[2022-07-31 01:45:41,731] {processor.py:161} INFO - Processing /home/oury/.local/lib/python3.10/site-packages/airflow/example_dags/example_task_group.py took 0.095 seconds
[2022-07-31 01:46:16,163] {processor.py:153} INFO - Started process (PID=14367) to work on /home/oury/.local/lib/python3.10/site-packages/airflow/example_dags/example_task_group.py
[2022-07-31 01:46:16,164] {processor.py:641} INFO - Processing file /home/oury/.local/lib/python3.10/site-packages/airflow/example_dags/example_task_group.py for tasks to queue
[2022-07-31 01:46:16,165] {logging_mixin.py:115} INFO - [2022-07-31 01:46:16,165] {dagbag.py:507} INFO - Filling up the DagBag from /home/oury/.local/lib/python3.10/site-packages/airflow/example_dags/example_task_group.py
[2022-07-31 01:46:16,171] {processor.py:651} INFO - DAG(s) dict_keys(['example_task_group']) retrieved from /home/oury/.local/lib/python3.10/site-packages/airflow/example_dags/example_task_group.py
[2022-07-31 01:46:16,189] {logging_mixin.py:115} INFO - [2022-07-31 01:46:16,189] {dag.py:2379} INFO - Sync 1 DAGs
[2022-07-31 01:46:16,206] {logging_mixin.py:115} INFO - [2022-07-31 01:46:16,206] {dag.py:2923} INFO - Setting next_dagrun for example_task_group to 2022-07-30T00:46:16.206414+00:00, run_after=2022-07-31T00:46:16.206414+00:00
[2022-07-31 01:46:16,218] {processor.py:161} INFO - Processing /home/oury/.local/lib/python3.10/site-packages/airflow/example_dags/example_task_group.py took 0.058 seconds
[2022-07-31 01:46:58,451] {processor.py:153} INFO - Started process (PID=14489) to work on /home/oury/.local/lib/python3.10/site-packages/airflow/example_dags/example_task_group.py
[2022-07-31 01:46:58,452] {processor.py:641} INFO - Processing file /home/oury/.local/lib/python3.10/site-packages/airflow/example_dags/example_task_group.py for tasks to queue
[2022-07-31 01:46:58,453] {logging_mixin.py:115} INFO - [2022-07-31 01:46:58,453] {dagbag.py:507} INFO - Filling up the DagBag from /home/oury/.local/lib/python3.10/site-packages/airflow/example_dags/example_task_group.py
[2022-07-31 01:46:58,458] {processor.py:651} INFO - DAG(s) dict_keys(['example_task_group']) retrieved from /home/oury/.local/lib/python3.10/site-packages/airflow/example_dags/example_task_group.py
[2022-07-31 01:46:58,472] {logging_mixin.py:115} INFO - [2022-07-31 01:46:58,472] {dag.py:2379} INFO - Sync 1 DAGs
[2022-07-31 01:46:58,488] {logging_mixin.py:115} INFO - [2022-07-31 01:46:58,488] {dag.py:2923} INFO - Setting next_dagrun for example_task_group to 2022-07-30T00:46:58.487850+00:00, run_after=2022-07-31T00:46:58.487850+00:00
[2022-07-31 01:46:58,534] {processor.py:161} INFO - Processing /home/oury/.local/lib/python3.10/site-packages/airflow/example_dags/example_task_group.py took 0.085 seconds
[2022-07-31 01:47:40,351] {processor.py:153} INFO - Started process (PID=14781) to work on /home/oury/.local/lib/python3.10/site-packages/airflow/example_dags/example_task_group.py
[2022-07-31 01:47:40,352] {processor.py:641} INFO - Processing file /home/oury/.local/lib/python3.10/site-packages/airflow/example_dags/example_task_group.py for tasks to queue
[2022-07-31 01:47:40,353] {logging_mixin.py:115} INFO - [2022-07-31 01:47:40,353] {dagbag.py:507} INFO - Filling up the DagBag from /home/oury/.local/lib/python3.10/site-packages/airflow/example_dags/example_task_group.py
[2022-07-31 01:47:40,362] {processor.py:651} INFO - DAG(s) dict_keys(['example_task_group']) retrieved from /home/oury/.local/lib/python3.10/site-packages/airflow/example_dags/example_task_group.py
[2022-07-31 01:47:40,383] {logging_mixin.py:115} INFO - [2022-07-31 01:47:40,383] {dag.py:2379} INFO - Sync 1 DAGs
[2022-07-31 01:47:40,413] {logging_mixin.py:115} INFO - [2022-07-31 01:47:40,413] {dag.py:2923} INFO - Setting next_dagrun for example_task_group to 2022-07-30T00:47:40.413163+00:00, run_after=2022-07-31T00:47:40.413163+00:00
[2022-07-31 01:47:40,445] {processor.py:161} INFO - Processing /home/oury/.local/lib/python3.10/site-packages/airflow/example_dags/example_task_group.py took 0.097 seconds
[2022-07-31 01:48:24,140] {processor.py:153} INFO - Started process (PID=14928) to work on /home/oury/.local/lib/python3.10/site-packages/airflow/example_dags/example_task_group.py
[2022-07-31 01:48:24,141] {processor.py:641} INFO - Processing file /home/oury/.local/lib/python3.10/site-packages/airflow/example_dags/example_task_group.py for tasks to queue
[2022-07-31 01:48:24,142] {logging_mixin.py:115} INFO - [2022-07-31 01:48:24,142] {dagbag.py:507} INFO - Filling up the DagBag from /home/oury/.local/lib/python3.10/site-packages/airflow/example_dags/example_task_group.py
[2022-07-31 01:48:24,148] {processor.py:651} INFO - DAG(s) dict_keys(['example_task_group']) retrieved from /home/oury/.local/lib/python3.10/site-packages/airflow/example_dags/example_task_group.py
[2022-07-31 01:48:24,161] {logging_mixin.py:115} INFO - [2022-07-31 01:48:24,161] {dag.py:2379} INFO - Sync 1 DAGs
[2022-07-31 01:48:24,176] {logging_mixin.py:115} INFO - [2022-07-31 01:48:24,176] {dag.py:2923} INFO - Setting next_dagrun for example_task_group to 2022-07-30T00:48:24.176277+00:00, run_after=2022-07-31T00:48:24.176277+00:00
[2022-07-31 01:48:24,187] {processor.py:161} INFO - Processing /home/oury/.local/lib/python3.10/site-packages/airflow/example_dags/example_task_group.py took 0.050 seconds
[2022-07-31 01:49:07,738] {processor.py:153} INFO - Started process (PID=14987) to work on /home/oury/.local/lib/python3.10/site-packages/airflow/example_dags/example_task_group.py
[2022-07-31 01:49:07,738] {processor.py:641} INFO - Processing file /home/oury/.local/lib/python3.10/site-packages/airflow/example_dags/example_task_group.py for tasks to queue
[2022-07-31 01:49:07,739] {logging_mixin.py:115} INFO - [2022-07-31 01:49:07,739] {dagbag.py:507} INFO - Filling up the DagBag from /home/oury/.local/lib/python3.10/site-packages/airflow/example_dags/example_task_group.py
[2022-07-31 01:49:07,746] {processor.py:651} INFO - DAG(s) dict_keys(['example_task_group']) retrieved from /home/oury/.local/lib/python3.10/site-packages/airflow/example_dags/example_task_group.py
[2022-07-31 01:49:07,761] {logging_mixin.py:115} INFO - [2022-07-31 01:49:07,761] {dag.py:2379} INFO - Sync 1 DAGs
[2022-07-31 01:49:07,777] {logging_mixin.py:115} INFO - [2022-07-31 01:49:07,776] {dag.py:2923} INFO - Setting next_dagrun for example_task_group to 2022-07-30T00:49:07.776693+00:00, run_after=2022-07-31T00:49:07.776693+00:00
[2022-07-31 01:49:07,788] {processor.py:161} INFO - Processing /home/oury/.local/lib/python3.10/site-packages/airflow/example_dags/example_task_group.py took 0.053 seconds
[2022-07-31 01:49:48,406] {processor.py:153} INFO - Started process (PID=15043) to work on /home/oury/.local/lib/python3.10/site-packages/airflow/example_dags/example_task_group.py
[2022-07-31 01:49:48,406] {processor.py:641} INFO - Processing file /home/oury/.local/lib/python3.10/site-packages/airflow/example_dags/example_task_group.py for tasks to queue
[2022-07-31 01:49:48,407] {logging_mixin.py:115} INFO - [2022-07-31 01:49:48,406] {dagbag.py:507} INFO - Filling up the DagBag from /home/oury/.local/lib/python3.10/site-packages/airflow/example_dags/example_task_group.py
[2022-07-31 01:49:48,413] {processor.py:651} INFO - DAG(s) dict_keys(['example_task_group']) retrieved from /home/oury/.local/lib/python3.10/site-packages/airflow/example_dags/example_task_group.py
[2022-07-31 01:49:48,426] {logging_mixin.py:115} INFO - [2022-07-31 01:49:48,426] {dag.py:2379} INFO - Sync 1 DAGs
[2022-07-31 01:49:48,445] {logging_mixin.py:115} INFO - [2022-07-31 01:49:48,445] {dag.py:2923} INFO - Setting next_dagrun for example_task_group to 2022-07-30T00:49:48.445471+00:00, run_after=2022-07-31T00:49:48.445471+00:00
[2022-07-31 01:49:48,459] {processor.py:161} INFO - Processing /home/oury/.local/lib/python3.10/site-packages/airflow/example_dags/example_task_group.py took 0.056 seconds
[2022-07-31 01:50:33,189] {processor.py:153} INFO - Started process (PID=15100) to work on /home/oury/.local/lib/python3.10/site-packages/airflow/example_dags/example_task_group.py
[2022-07-31 01:50:33,190] {processor.py:641} INFO - Processing file /home/oury/.local/lib/python3.10/site-packages/airflow/example_dags/example_task_group.py for tasks to queue
[2022-07-31 01:50:33,190] {logging_mixin.py:115} INFO - [2022-07-31 01:50:33,190] {dagbag.py:507} INFO - Filling up the DagBag from /home/oury/.local/lib/python3.10/site-packages/airflow/example_dags/example_task_group.py
[2022-07-31 01:50:33,196] {processor.py:651} INFO - DAG(s) dict_keys(['example_task_group']) retrieved from /home/oury/.local/lib/python3.10/site-packages/airflow/example_dags/example_task_group.py
[2022-07-31 01:50:33,209] {logging_mixin.py:115} INFO - [2022-07-31 01:50:33,209] {dag.py:2379} INFO - Sync 1 DAGs
[2022-07-31 01:50:33,224] {logging_mixin.py:115} INFO - [2022-07-31 01:50:33,224] {dag.py:2923} INFO - Setting next_dagrun for example_task_group to 2022-07-30T00:50:33.223909+00:00, run_after=2022-07-31T00:50:33.223909+00:00
[2022-07-31 01:50:33,235] {processor.py:161} INFO - Processing /home/oury/.local/lib/python3.10/site-packages/airflow/example_dags/example_task_group.py took 0.048 seconds
[2022-07-31 01:51:13,382] {processor.py:153} INFO - Started process (PID=15166) to work on /home/oury/.local/lib/python3.10/site-packages/airflow/example_dags/example_task_group.py
[2022-07-31 01:51:13,382] {processor.py:641} INFO - Processing file /home/oury/.local/lib/python3.10/site-packages/airflow/example_dags/example_task_group.py for tasks to queue
[2022-07-31 01:51:13,383] {logging_mixin.py:115} INFO - [2022-07-31 01:51:13,383] {dagbag.py:507} INFO - Filling up the DagBag from /home/oury/.local/lib/python3.10/site-packages/airflow/example_dags/example_task_group.py
[2022-07-31 01:51:13,390] {processor.py:651} INFO - DAG(s) dict_keys(['example_task_group']) retrieved from /home/oury/.local/lib/python3.10/site-packages/airflow/example_dags/example_task_group.py
[2022-07-31 01:51:13,405] {logging_mixin.py:115} INFO - [2022-07-31 01:51:13,405] {dag.py:2379} INFO - Sync 1 DAGs
[2022-07-31 01:51:13,422] {logging_mixin.py:115} INFO - [2022-07-31 01:51:13,422] {dag.py:2923} INFO - Setting next_dagrun for example_task_group to 2022-07-30T00:51:13.421809+00:00, run_after=2022-07-31T00:51:13.421809+00:00
[2022-07-31 01:51:13,433] {processor.py:161} INFO - Processing /home/oury/.local/lib/python3.10/site-packages/airflow/example_dags/example_task_group.py took 0.054 seconds
