[2022-07-31 01:19:09,566] {processor.py:153} INFO - Started process (PID=6083) to work on /home/oury/.local/lib/python3.10/site-packages/airflow/example_dags/example_kubernetes_executor.py
[2022-07-31 01:19:09,566] {processor.py:641} INFO - Processing file /home/oury/.local/lib/python3.10/site-packages/airflow/example_dags/example_kubernetes_executor.py for tasks to queue
[2022-07-31 01:19:09,567] {logging_mixin.py:115} INFO - [2022-07-31 01:19:09,567] {dagbag.py:507} INFO - Filling up the DagBag from /home/oury/.local/lib/python3.10/site-packages/airflow/example_dags/example_kubernetes_executor.py
[2022-07-31 01:19:09,581] {logging_mixin.py:115} INFO - [2022-07-31 01:19:09,581] {example_kubernetes_executor.py:39} WARNING - The example_kubernetes_executor example DAG requires the kubernetes provider. Please install it with: pip install apache-airflow[cncf.kubernetes]
[2022-07-31 01:19:09,582] {processor.py:653} WARNING - No viable dags retrieved from /home/oury/.local/lib/python3.10/site-packages/airflow/example_dags/example_kubernetes_executor.py
[2022-07-31 01:19:09,595] {processor.py:161} INFO - Processing /home/oury/.local/lib/python3.10/site-packages/airflow/example_dags/example_kubernetes_executor.py took 0.031 seconds
[2022-07-31 01:19:51,886] {processor.py:153} INFO - Started process (PID=6305) to work on /home/oury/.local/lib/python3.10/site-packages/airflow/example_dags/example_kubernetes_executor.py
[2022-07-31 01:19:51,886] {processor.py:641} INFO - Processing file /home/oury/.local/lib/python3.10/site-packages/airflow/example_dags/example_kubernetes_executor.py for tasks to queue
[2022-07-31 01:19:51,887] {logging_mixin.py:115} INFO - [2022-07-31 01:19:51,886] {dagbag.py:507} INFO - Filling up the DagBag from /home/oury/.local/lib/python3.10/site-packages/airflow/example_dags/example_kubernetes_executor.py
[2022-07-31 01:19:51,899] {logging_mixin.py:115} INFO - [2022-07-31 01:19:51,899] {example_kubernetes_executor.py:39} WARNING - The example_kubernetes_executor example DAG requires the kubernetes provider. Please install it with: pip install apache-airflow[cncf.kubernetes]
[2022-07-31 01:19:51,899] {processor.py:653} WARNING - No viable dags retrieved from /home/oury/.local/lib/python3.10/site-packages/airflow/example_dags/example_kubernetes_executor.py
[2022-07-31 01:19:51,906] {processor.py:161} INFO - Processing /home/oury/.local/lib/python3.10/site-packages/airflow/example_dags/example_kubernetes_executor.py took 0.023 seconds
[2022-07-31 01:20:38,081] {processor.py:153} INFO - Started process (PID=6639) to work on /home/oury/.local/lib/python3.10/site-packages/airflow/example_dags/example_kubernetes_executor.py
[2022-07-31 01:20:38,082] {processor.py:641} INFO - Processing file /home/oury/.local/lib/python3.10/site-packages/airflow/example_dags/example_kubernetes_executor.py for tasks to queue
[2022-07-31 01:20:38,082] {logging_mixin.py:115} INFO - [2022-07-31 01:20:38,082] {dagbag.py:507} INFO - Filling up the DagBag from /home/oury/.local/lib/python3.10/site-packages/airflow/example_dags/example_kubernetes_executor.py
[2022-07-31 01:20:38,096] {logging_mixin.py:115} INFO - [2022-07-31 01:20:38,096] {example_kubernetes_executor.py:39} WARNING - The example_kubernetes_executor example DAG requires the kubernetes provider. Please install it with: pip install apache-airflow[cncf.kubernetes]
[2022-07-31 01:20:38,096] {processor.py:653} WARNING - No viable dags retrieved from /home/oury/.local/lib/python3.10/site-packages/airflow/example_dags/example_kubernetes_executor.py
[2022-07-31 01:20:38,104] {processor.py:161} INFO - Processing /home/oury/.local/lib/python3.10/site-packages/airflow/example_dags/example_kubernetes_executor.py took 0.025 seconds
[2022-07-31 01:21:20,701] {processor.py:153} INFO - Started process (PID=6909) to work on /home/oury/.local/lib/python3.10/site-packages/airflow/example_dags/example_kubernetes_executor.py
[2022-07-31 01:21:20,702] {processor.py:641} INFO - Processing file /home/oury/.local/lib/python3.10/site-packages/airflow/example_dags/example_kubernetes_executor.py for tasks to queue
[2022-07-31 01:21:20,702] {logging_mixin.py:115} INFO - [2022-07-31 01:21:20,702] {dagbag.py:507} INFO - Filling up the DagBag from /home/oury/.local/lib/python3.10/site-packages/airflow/example_dags/example_kubernetes_executor.py
[2022-07-31 01:21:20,715] {logging_mixin.py:115} INFO - [2022-07-31 01:21:20,715] {example_kubernetes_executor.py:39} WARNING - The example_kubernetes_executor example DAG requires the kubernetes provider. Please install it with: pip install apache-airflow[cncf.kubernetes]
[2022-07-31 01:21:20,715] {processor.py:653} WARNING - No viable dags retrieved from /home/oury/.local/lib/python3.10/site-packages/airflow/example_dags/example_kubernetes_executor.py
[2022-07-31 01:21:20,723] {processor.py:161} INFO - Processing /home/oury/.local/lib/python3.10/site-packages/airflow/example_dags/example_kubernetes_executor.py took 0.024 seconds
[2022-07-31 01:22:02,277] {processor.py:153} INFO - Started process (PID=7305) to work on /home/oury/.local/lib/python3.10/site-packages/airflow/example_dags/example_kubernetes_executor.py
[2022-07-31 01:22:02,278] {processor.py:641} INFO - Processing file /home/oury/.local/lib/python3.10/site-packages/airflow/example_dags/example_kubernetes_executor.py for tasks to queue
[2022-07-31 01:22:02,278] {logging_mixin.py:115} INFO - [2022-07-31 01:22:02,278] {dagbag.py:507} INFO - Filling up the DagBag from /home/oury/.local/lib/python3.10/site-packages/airflow/example_dags/example_kubernetes_executor.py
[2022-07-31 01:22:02,291] {logging_mixin.py:115} INFO - [2022-07-31 01:22:02,291] {example_kubernetes_executor.py:39} WARNING - The example_kubernetes_executor example DAG requires the kubernetes provider. Please install it with: pip install apache-airflow[cncf.kubernetes]
[2022-07-31 01:22:02,292] {processor.py:653} WARNING - No viable dags retrieved from /home/oury/.local/lib/python3.10/site-packages/airflow/example_dags/example_kubernetes_executor.py
[2022-07-31 01:22:02,300] {processor.py:161} INFO - Processing /home/oury/.local/lib/python3.10/site-packages/airflow/example_dags/example_kubernetes_executor.py took 0.025 seconds
[2022-07-31 01:22:45,718] {processor.py:153} INFO - Started process (PID=7488) to work on /home/oury/.local/lib/python3.10/site-packages/airflow/example_dags/example_kubernetes_executor.py
[2022-07-31 01:22:45,718] {processor.py:641} INFO - Processing file /home/oury/.local/lib/python3.10/site-packages/airflow/example_dags/example_kubernetes_executor.py for tasks to queue
[2022-07-31 01:22:45,719] {logging_mixin.py:115} INFO - [2022-07-31 01:22:45,719] {dagbag.py:507} INFO - Filling up the DagBag from /home/oury/.local/lib/python3.10/site-packages/airflow/example_dags/example_kubernetes_executor.py
[2022-07-31 01:22:45,733] {logging_mixin.py:115} INFO - [2022-07-31 01:22:45,733] {example_kubernetes_executor.py:39} WARNING - The example_kubernetes_executor example DAG requires the kubernetes provider. Please install it with: pip install apache-airflow[cncf.kubernetes]
[2022-07-31 01:22:45,733] {processor.py:653} WARNING - No viable dags retrieved from /home/oury/.local/lib/python3.10/site-packages/airflow/example_dags/example_kubernetes_executor.py
[2022-07-31 01:22:45,740] {processor.py:161} INFO - Processing /home/oury/.local/lib/python3.10/site-packages/airflow/example_dags/example_kubernetes_executor.py took 0.025 seconds
[2022-07-31 01:23:28,746] {processor.py:153} INFO - Started process (PID=7632) to work on /home/oury/.local/lib/python3.10/site-packages/airflow/example_dags/example_kubernetes_executor.py
[2022-07-31 01:23:28,746] {processor.py:641} INFO - Processing file /home/oury/.local/lib/python3.10/site-packages/airflow/example_dags/example_kubernetes_executor.py for tasks to queue
[2022-07-31 01:23:28,747] {logging_mixin.py:115} INFO - [2022-07-31 01:23:28,747] {dagbag.py:507} INFO - Filling up the DagBag from /home/oury/.local/lib/python3.10/site-packages/airflow/example_dags/example_kubernetes_executor.py
[2022-07-31 01:23:28,759] {logging_mixin.py:115} INFO - [2022-07-31 01:23:28,759] {example_kubernetes_executor.py:39} WARNING - The example_kubernetes_executor example DAG requires the kubernetes provider. Please install it with: pip install apache-airflow[cncf.kubernetes]
[2022-07-31 01:23:28,759] {processor.py:653} WARNING - No viable dags retrieved from /home/oury/.local/lib/python3.10/site-packages/airflow/example_dags/example_kubernetes_executor.py
[2022-07-31 01:23:28,767] {processor.py:161} INFO - Processing /home/oury/.local/lib/python3.10/site-packages/airflow/example_dags/example_kubernetes_executor.py took 0.024 seconds
[2022-07-31 01:24:10,025] {processor.py:153} INFO - Started process (PID=7734) to work on /home/oury/.local/lib/python3.10/site-packages/airflow/example_dags/example_kubernetes_executor.py
[2022-07-31 01:24:10,026] {processor.py:641} INFO - Processing file /home/oury/.local/lib/python3.10/site-packages/airflow/example_dags/example_kubernetes_executor.py for tasks to queue
[2022-07-31 01:24:10,027] {logging_mixin.py:115} INFO - [2022-07-31 01:24:10,027] {dagbag.py:507} INFO - Filling up the DagBag from /home/oury/.local/lib/python3.10/site-packages/airflow/example_dags/example_kubernetes_executor.py
[2022-07-31 01:24:10,041] {logging_mixin.py:115} INFO - [2022-07-31 01:24:10,041] {example_kubernetes_executor.py:39} WARNING - The example_kubernetes_executor example DAG requires the kubernetes provider. Please install it with: pip install apache-airflow[cncf.kubernetes]
[2022-07-31 01:24:10,042] {processor.py:653} WARNING - No viable dags retrieved from /home/oury/.local/lib/python3.10/site-packages/airflow/example_dags/example_kubernetes_executor.py
[2022-07-31 01:24:10,050] {processor.py:161} INFO - Processing /home/oury/.local/lib/python3.10/site-packages/airflow/example_dags/example_kubernetes_executor.py took 0.026 seconds
[2022-07-31 01:25:31,129] {processor.py:153} INFO - Started process (PID=8014) to work on /home/oury/.local/lib/python3.10/site-packages/airflow/example_dags/example_kubernetes_executor.py
[2022-07-31 01:25:31,130] {processor.py:641} INFO - Processing file /home/oury/.local/lib/python3.10/site-packages/airflow/example_dags/example_kubernetes_executor.py for tasks to queue
[2022-07-31 01:25:31,131] {logging_mixin.py:115} INFO - [2022-07-31 01:25:31,130] {dagbag.py:507} INFO - Filling up the DagBag from /home/oury/.local/lib/python3.10/site-packages/airflow/example_dags/example_kubernetes_executor.py
[2022-07-31 01:25:31,143] {logging_mixin.py:115} INFO - [2022-07-31 01:25:31,143] {example_kubernetes_executor.py:39} WARNING - The example_kubernetes_executor example DAG requires the kubernetes provider. Please install it with: pip install apache-airflow[cncf.kubernetes]
[2022-07-31 01:25:31,143] {processor.py:653} WARNING - No viable dags retrieved from /home/oury/.local/lib/python3.10/site-packages/airflow/example_dags/example_kubernetes_executor.py
[2022-07-31 01:25:31,151] {processor.py:161} INFO - Processing /home/oury/.local/lib/python3.10/site-packages/airflow/example_dags/example_kubernetes_executor.py took 0.023 seconds
[2022-07-31 01:26:12,389] {processor.py:153} INFO - Started process (PID=8131) to work on /home/oury/.local/lib/python3.10/site-packages/airflow/example_dags/example_kubernetes_executor.py
[2022-07-31 01:26:12,389] {processor.py:641} INFO - Processing file /home/oury/.local/lib/python3.10/site-packages/airflow/example_dags/example_kubernetes_executor.py for tasks to queue
[2022-07-31 01:26:12,390] {logging_mixin.py:115} INFO - [2022-07-31 01:26:12,390] {dagbag.py:507} INFO - Filling up the DagBag from /home/oury/.local/lib/python3.10/site-packages/airflow/example_dags/example_kubernetes_executor.py
[2022-07-31 01:26:12,402] {logging_mixin.py:115} INFO - [2022-07-31 01:26:12,402] {example_kubernetes_executor.py:39} WARNING - The example_kubernetes_executor example DAG requires the kubernetes provider. Please install it with: pip install apache-airflow[cncf.kubernetes]
[2022-07-31 01:26:12,402] {processor.py:653} WARNING - No viable dags retrieved from /home/oury/.local/lib/python3.10/site-packages/airflow/example_dags/example_kubernetes_executor.py
[2022-07-31 01:26:12,410] {processor.py:161} INFO - Processing /home/oury/.local/lib/python3.10/site-packages/airflow/example_dags/example_kubernetes_executor.py took 0.023 seconds
[2022-07-31 01:26:53,622] {processor.py:153} INFO - Started process (PID=8241) to work on /home/oury/.local/lib/python3.10/site-packages/airflow/example_dags/example_kubernetes_executor.py
[2022-07-31 01:26:53,623] {processor.py:641} INFO - Processing file /home/oury/.local/lib/python3.10/site-packages/airflow/example_dags/example_kubernetes_executor.py for tasks to queue
[2022-07-31 01:26:53,623] {logging_mixin.py:115} INFO - [2022-07-31 01:26:53,623] {dagbag.py:507} INFO - Filling up the DagBag from /home/oury/.local/lib/python3.10/site-packages/airflow/example_dags/example_kubernetes_executor.py
[2022-07-31 01:26:53,636] {logging_mixin.py:115} INFO - [2022-07-31 01:26:53,636] {example_kubernetes_executor.py:39} WARNING - The example_kubernetes_executor example DAG requires the kubernetes provider. Please install it with: pip install apache-airflow[cncf.kubernetes]
[2022-07-31 01:26:53,636] {processor.py:653} WARNING - No viable dags retrieved from /home/oury/.local/lib/python3.10/site-packages/airflow/example_dags/example_kubernetes_executor.py
[2022-07-31 01:26:53,644] {processor.py:161} INFO - Processing /home/oury/.local/lib/python3.10/site-packages/airflow/example_dags/example_kubernetes_executor.py took 0.024 seconds
[2022-07-31 01:27:35,221] {processor.py:153} INFO - Started process (PID=8323) to work on /home/oury/.local/lib/python3.10/site-packages/airflow/example_dags/example_kubernetes_executor.py
[2022-07-31 01:27:35,222] {processor.py:641} INFO - Processing file /home/oury/.local/lib/python3.10/site-packages/airflow/example_dags/example_kubernetes_executor.py for tasks to queue
[2022-07-31 01:27:35,222] {logging_mixin.py:115} INFO - [2022-07-31 01:27:35,222] {dagbag.py:507} INFO - Filling up the DagBag from /home/oury/.local/lib/python3.10/site-packages/airflow/example_dags/example_kubernetes_executor.py
[2022-07-31 01:27:35,234] {logging_mixin.py:115} INFO - [2022-07-31 01:27:35,234] {example_kubernetes_executor.py:39} WARNING - The example_kubernetes_executor example DAG requires the kubernetes provider. Please install it with: pip install apache-airflow[cncf.kubernetes]
[2022-07-31 01:27:35,235] {processor.py:653} WARNING - No viable dags retrieved from /home/oury/.local/lib/python3.10/site-packages/airflow/example_dags/example_kubernetes_executor.py
[2022-07-31 01:27:35,242] {processor.py:161} INFO - Processing /home/oury/.local/lib/python3.10/site-packages/airflow/example_dags/example_kubernetes_executor.py took 0.023 seconds
[2022-07-31 01:28:17,130] {processor.py:153} INFO - Started process (PID=8531) to work on /home/oury/.local/lib/python3.10/site-packages/airflow/example_dags/example_kubernetes_executor.py
[2022-07-31 01:28:17,130] {processor.py:641} INFO - Processing file /home/oury/.local/lib/python3.10/site-packages/airflow/example_dags/example_kubernetes_executor.py for tasks to queue
[2022-07-31 01:28:17,131] {logging_mixin.py:115} INFO - [2022-07-31 01:28:17,131] {dagbag.py:507} INFO - Filling up the DagBag from /home/oury/.local/lib/python3.10/site-packages/airflow/example_dags/example_kubernetes_executor.py
[2022-07-31 01:28:17,143] {logging_mixin.py:115} INFO - [2022-07-31 01:28:17,143] {example_kubernetes_executor.py:39} WARNING - The example_kubernetes_executor example DAG requires the kubernetes provider. Please install it with: pip install apache-airflow[cncf.kubernetes]
[2022-07-31 01:28:17,144] {processor.py:653} WARNING - No viable dags retrieved from /home/oury/.local/lib/python3.10/site-packages/airflow/example_dags/example_kubernetes_executor.py
[2022-07-31 01:28:17,152] {processor.py:161} INFO - Processing /home/oury/.local/lib/python3.10/site-packages/airflow/example_dags/example_kubernetes_executor.py took 0.025 seconds
[2022-07-31 01:29:02,442] {processor.py:153} INFO - Started process (PID=8620) to work on /home/oury/.local/lib/python3.10/site-packages/airflow/example_dags/example_kubernetes_executor.py
[2022-07-31 01:29:02,443] {processor.py:641} INFO - Processing file /home/oury/.local/lib/python3.10/site-packages/airflow/example_dags/example_kubernetes_executor.py for tasks to queue
[2022-07-31 01:29:02,443] {logging_mixin.py:115} INFO - [2022-07-31 01:29:02,443] {dagbag.py:507} INFO - Filling up the DagBag from /home/oury/.local/lib/python3.10/site-packages/airflow/example_dags/example_kubernetes_executor.py
[2022-07-31 01:29:02,455] {logging_mixin.py:115} INFO - [2022-07-31 01:29:02,455] {example_kubernetes_executor.py:39} WARNING - The example_kubernetes_executor example DAG requires the kubernetes provider. Please install it with: pip install apache-airflow[cncf.kubernetes]
[2022-07-31 01:29:02,456] {processor.py:653} WARNING - No viable dags retrieved from /home/oury/.local/lib/python3.10/site-packages/airflow/example_dags/example_kubernetes_executor.py
[2022-07-31 01:29:02,463] {processor.py:161} INFO - Processing /home/oury/.local/lib/python3.10/site-packages/airflow/example_dags/example_kubernetes_executor.py took 0.024 seconds
[2022-07-31 01:29:44,905] {processor.py:153} INFO - Started process (PID=8703) to work on /home/oury/.local/lib/python3.10/site-packages/airflow/example_dags/example_kubernetes_executor.py
[2022-07-31 01:29:44,906] {processor.py:641} INFO - Processing file /home/oury/.local/lib/python3.10/site-packages/airflow/example_dags/example_kubernetes_executor.py for tasks to queue
[2022-07-31 01:29:44,906] {logging_mixin.py:115} INFO - [2022-07-31 01:29:44,906] {dagbag.py:507} INFO - Filling up the DagBag from /home/oury/.local/lib/python3.10/site-packages/airflow/example_dags/example_kubernetes_executor.py
[2022-07-31 01:29:44,919] {logging_mixin.py:115} INFO - [2022-07-31 01:29:44,919] {example_kubernetes_executor.py:39} WARNING - The example_kubernetes_executor example DAG requires the kubernetes provider. Please install it with: pip install apache-airflow[cncf.kubernetes]
[2022-07-31 01:29:44,919] {processor.py:653} WARNING - No viable dags retrieved from /home/oury/.local/lib/python3.10/site-packages/airflow/example_dags/example_kubernetes_executor.py
[2022-07-31 01:29:44,927] {processor.py:161} INFO - Processing /home/oury/.local/lib/python3.10/site-packages/airflow/example_dags/example_kubernetes_executor.py took 0.024 seconds
[2022-07-31 01:30:33,249] {processor.py:153} INFO - Started process (PID=8849) to work on /home/oury/.local/lib/python3.10/site-packages/airflow/example_dags/example_kubernetes_executor.py
[2022-07-31 01:30:33,250] {processor.py:641} INFO - Processing file /home/oury/.local/lib/python3.10/site-packages/airflow/example_dags/example_kubernetes_executor.py for tasks to queue
[2022-07-31 01:30:33,250] {logging_mixin.py:115} INFO - [2022-07-31 01:30:33,250] {dagbag.py:507} INFO - Filling up the DagBag from /home/oury/.local/lib/python3.10/site-packages/airflow/example_dags/example_kubernetes_executor.py
[2022-07-31 01:30:33,262] {logging_mixin.py:115} INFO - [2022-07-31 01:30:33,262] {example_kubernetes_executor.py:39} WARNING - The example_kubernetes_executor example DAG requires the kubernetes provider. Please install it with: pip install apache-airflow[cncf.kubernetes]
[2022-07-31 01:30:33,263] {processor.py:653} WARNING - No viable dags retrieved from /home/oury/.local/lib/python3.10/site-packages/airflow/example_dags/example_kubernetes_executor.py
[2022-07-31 01:30:33,271] {processor.py:161} INFO - Processing /home/oury/.local/lib/python3.10/site-packages/airflow/example_dags/example_kubernetes_executor.py took 0.024 seconds
[2022-07-31 01:31:18,773] {processor.py:153} INFO - Started process (PID=9002) to work on /home/oury/.local/lib/python3.10/site-packages/airflow/example_dags/example_kubernetes_executor.py
[2022-07-31 01:31:18,773] {processor.py:641} INFO - Processing file /home/oury/.local/lib/python3.10/site-packages/airflow/example_dags/example_kubernetes_executor.py for tasks to queue
[2022-07-31 01:31:18,774] {logging_mixin.py:115} INFO - [2022-07-31 01:31:18,774] {dagbag.py:507} INFO - Filling up the DagBag from /home/oury/.local/lib/python3.10/site-packages/airflow/example_dags/example_kubernetes_executor.py
[2022-07-31 01:31:18,786] {logging_mixin.py:115} INFO - [2022-07-31 01:31:18,786] {example_kubernetes_executor.py:39} WARNING - The example_kubernetes_executor example DAG requires the kubernetes provider. Please install it with: pip install apache-airflow[cncf.kubernetes]
[2022-07-31 01:31:18,786] {processor.py:653} WARNING - No viable dags retrieved from /home/oury/.local/lib/python3.10/site-packages/airflow/example_dags/example_kubernetes_executor.py
[2022-07-31 01:31:18,794] {processor.py:161} INFO - Processing /home/oury/.local/lib/python3.10/site-packages/airflow/example_dags/example_kubernetes_executor.py took 0.023 seconds
[2022-07-31 01:32:00,393] {processor.py:153} INFO - Started process (PID=9113) to work on /home/oury/.local/lib/python3.10/site-packages/airflow/example_dags/example_kubernetes_executor.py
[2022-07-31 01:32:00,394] {processor.py:641} INFO - Processing file /home/oury/.local/lib/python3.10/site-packages/airflow/example_dags/example_kubernetes_executor.py for tasks to queue
[2022-07-31 01:32:00,394] {logging_mixin.py:115} INFO - [2022-07-31 01:32:00,394] {dagbag.py:507} INFO - Filling up the DagBag from /home/oury/.local/lib/python3.10/site-packages/airflow/example_dags/example_kubernetes_executor.py
[2022-07-31 01:32:00,406] {logging_mixin.py:115} INFO - [2022-07-31 01:32:00,406] {example_kubernetes_executor.py:39} WARNING - The example_kubernetes_executor example DAG requires the kubernetes provider. Please install it with: pip install apache-airflow[cncf.kubernetes]
[2022-07-31 01:32:00,407] {processor.py:653} WARNING - No viable dags retrieved from /home/oury/.local/lib/python3.10/site-packages/airflow/example_dags/example_kubernetes_executor.py
[2022-07-31 01:32:00,414] {processor.py:161} INFO - Processing /home/oury/.local/lib/python3.10/site-packages/airflow/example_dags/example_kubernetes_executor.py took 0.023 seconds
[2022-07-31 01:32:41,101] {processor.py:153} INFO - Started process (PID=9189) to work on /home/oury/.local/lib/python3.10/site-packages/airflow/example_dags/example_kubernetes_executor.py
[2022-07-31 01:32:41,101] {processor.py:641} INFO - Processing file /home/oury/.local/lib/python3.10/site-packages/airflow/example_dags/example_kubernetes_executor.py for tasks to queue
[2022-07-31 01:32:41,102] {logging_mixin.py:115} INFO - [2022-07-31 01:32:41,102] {dagbag.py:507} INFO - Filling up the DagBag from /home/oury/.local/lib/python3.10/site-packages/airflow/example_dags/example_kubernetes_executor.py
[2022-07-31 01:32:41,114] {logging_mixin.py:115} INFO - [2022-07-31 01:32:41,114] {example_kubernetes_executor.py:39} WARNING - The example_kubernetes_executor example DAG requires the kubernetes provider. Please install it with: pip install apache-airflow[cncf.kubernetes]
[2022-07-31 01:32:41,114] {processor.py:653} WARNING - No viable dags retrieved from /home/oury/.local/lib/python3.10/site-packages/airflow/example_dags/example_kubernetes_executor.py
[2022-07-31 01:32:41,122] {processor.py:161} INFO - Processing /home/oury/.local/lib/python3.10/site-packages/airflow/example_dags/example_kubernetes_executor.py took 0.023 seconds
[2022-07-31 01:33:22,878] {processor.py:153} INFO - Started process (PID=9273) to work on /home/oury/.local/lib/python3.10/site-packages/airflow/example_dags/example_kubernetes_executor.py
[2022-07-31 01:33:22,878] {processor.py:641} INFO - Processing file /home/oury/.local/lib/python3.10/site-packages/airflow/example_dags/example_kubernetes_executor.py for tasks to queue
[2022-07-31 01:33:22,879] {logging_mixin.py:115} INFO - [2022-07-31 01:33:22,879] {dagbag.py:507} INFO - Filling up the DagBag from /home/oury/.local/lib/python3.10/site-packages/airflow/example_dags/example_kubernetes_executor.py
[2022-07-31 01:33:22,891] {logging_mixin.py:115} INFO - [2022-07-31 01:33:22,891] {example_kubernetes_executor.py:39} WARNING - The example_kubernetes_executor example DAG requires the kubernetes provider. Please install it with: pip install apache-airflow[cncf.kubernetes]
[2022-07-31 01:33:22,891] {processor.py:653} WARNING - No viable dags retrieved from /home/oury/.local/lib/python3.10/site-packages/airflow/example_dags/example_kubernetes_executor.py
[2022-07-31 01:33:22,899] {processor.py:161} INFO - Processing /home/oury/.local/lib/python3.10/site-packages/airflow/example_dags/example_kubernetes_executor.py took 0.023 seconds
[2022-07-31 01:34:05,426] {processor.py:153} INFO - Started process (PID=9576) to work on /home/oury/.local/lib/python3.10/site-packages/airflow/example_dags/example_kubernetes_executor.py
[2022-07-31 01:34:05,427] {processor.py:641} INFO - Processing file /home/oury/.local/lib/python3.10/site-packages/airflow/example_dags/example_kubernetes_executor.py for tasks to queue
[2022-07-31 01:34:05,427] {logging_mixin.py:115} INFO - [2022-07-31 01:34:05,427] {dagbag.py:507} INFO - Filling up the DagBag from /home/oury/.local/lib/python3.10/site-packages/airflow/example_dags/example_kubernetes_executor.py
[2022-07-31 01:34:05,442] {logging_mixin.py:115} INFO - [2022-07-31 01:34:05,442] {example_kubernetes_executor.py:39} WARNING - The example_kubernetes_executor example DAG requires the kubernetes provider. Please install it with: pip install apache-airflow[cncf.kubernetes]
[2022-07-31 01:34:05,443] {processor.py:653} WARNING - No viable dags retrieved from /home/oury/.local/lib/python3.10/site-packages/airflow/example_dags/example_kubernetes_executor.py
[2022-07-31 01:34:05,453] {processor.py:161} INFO - Processing /home/oury/.local/lib/python3.10/site-packages/airflow/example_dags/example_kubernetes_executor.py took 0.029 seconds
[2022-07-31 01:34:49,073] {processor.py:153} INFO - Started process (PID=9692) to work on /home/oury/.local/lib/python3.10/site-packages/airflow/example_dags/example_kubernetes_executor.py
[2022-07-31 01:34:49,074] {processor.py:641} INFO - Processing file /home/oury/.local/lib/python3.10/site-packages/airflow/example_dags/example_kubernetes_executor.py for tasks to queue
[2022-07-31 01:34:49,074] {logging_mixin.py:115} INFO - [2022-07-31 01:34:49,074] {dagbag.py:507} INFO - Filling up the DagBag from /home/oury/.local/lib/python3.10/site-packages/airflow/example_dags/example_kubernetes_executor.py
[2022-07-31 01:34:49,088] {logging_mixin.py:115} INFO - [2022-07-31 01:34:49,088] {example_kubernetes_executor.py:39} WARNING - The example_kubernetes_executor example DAG requires the kubernetes provider. Please install it with: pip install apache-airflow[cncf.kubernetes]
[2022-07-31 01:34:49,088] {processor.py:653} WARNING - No viable dags retrieved from /home/oury/.local/lib/python3.10/site-packages/airflow/example_dags/example_kubernetes_executor.py
[2022-07-31 01:34:49,097] {processor.py:161} INFO - Processing /home/oury/.local/lib/python3.10/site-packages/airflow/example_dags/example_kubernetes_executor.py took 0.027 seconds
[2022-07-31 01:38:21,348] {processor.py:153} INFO - Started process (PID=10434) to work on /home/oury/.local/lib/python3.10/site-packages/airflow/example_dags/example_kubernetes_executor.py
[2022-07-31 01:38:21,349] {processor.py:641} INFO - Processing file /home/oury/.local/lib/python3.10/site-packages/airflow/example_dags/example_kubernetes_executor.py for tasks to queue
[2022-07-31 01:38:21,349] {logging_mixin.py:115} INFO - [2022-07-31 01:38:21,349] {dagbag.py:507} INFO - Filling up the DagBag from /home/oury/.local/lib/python3.10/site-packages/airflow/example_dags/example_kubernetes_executor.py
[2022-07-31 01:38:21,365] {logging_mixin.py:115} INFO - [2022-07-31 01:38:21,365] {example_kubernetes_executor.py:39} WARNING - The example_kubernetes_executor example DAG requires the kubernetes provider. Please install it with: pip install apache-airflow[cncf.kubernetes]
[2022-07-31 01:38:21,365] {processor.py:653} WARNING - No viable dags retrieved from /home/oury/.local/lib/python3.10/site-packages/airflow/example_dags/example_kubernetes_executor.py
[2022-07-31 01:38:21,376] {processor.py:161} INFO - Processing /home/oury/.local/lib/python3.10/site-packages/airflow/example_dags/example_kubernetes_executor.py took 0.030 seconds
[2022-07-31 01:39:05,049] {processor.py:153} INFO - Started process (PID=10672) to work on /home/oury/.local/lib/python3.10/site-packages/airflow/example_dags/example_kubernetes_executor.py
[2022-07-31 01:39:05,050] {processor.py:641} INFO - Processing file /home/oury/.local/lib/python3.10/site-packages/airflow/example_dags/example_kubernetes_executor.py for tasks to queue
[2022-07-31 01:39:05,051] {logging_mixin.py:115} INFO - [2022-07-31 01:39:05,050] {dagbag.py:507} INFO - Filling up the DagBag from /home/oury/.local/lib/python3.10/site-packages/airflow/example_dags/example_kubernetes_executor.py
[2022-07-31 01:39:05,063] {logging_mixin.py:115} INFO - [2022-07-31 01:39:05,063] {example_kubernetes_executor.py:39} WARNING - The example_kubernetes_executor example DAG requires the kubernetes provider. Please install it with: pip install apache-airflow[cncf.kubernetes]
[2022-07-31 01:39:05,063] {processor.py:653} WARNING - No viable dags retrieved from /home/oury/.local/lib/python3.10/site-packages/airflow/example_dags/example_kubernetes_executor.py
[2022-07-31 01:39:05,071] {processor.py:161} INFO - Processing /home/oury/.local/lib/python3.10/site-packages/airflow/example_dags/example_kubernetes_executor.py took 0.024 seconds
[2022-07-31 01:39:45,077] {processor.py:153} INFO - Started process (PID=10908) to work on /home/oury/.local/lib/python3.10/site-packages/airflow/example_dags/example_kubernetes_executor.py
[2022-07-31 01:39:45,078] {processor.py:641} INFO - Processing file /home/oury/.local/lib/python3.10/site-packages/airflow/example_dags/example_kubernetes_executor.py for tasks to queue
[2022-07-31 01:39:45,078] {logging_mixin.py:115} INFO - [2022-07-31 01:39:45,078] {dagbag.py:507} INFO - Filling up the DagBag from /home/oury/.local/lib/python3.10/site-packages/airflow/example_dags/example_kubernetes_executor.py
[2022-07-31 01:39:45,090] {logging_mixin.py:115} INFO - [2022-07-31 01:39:45,090] {example_kubernetes_executor.py:39} WARNING - The example_kubernetes_executor example DAG requires the kubernetes provider. Please install it with: pip install apache-airflow[cncf.kubernetes]
[2022-07-31 01:39:45,090] {processor.py:653} WARNING - No viable dags retrieved from /home/oury/.local/lib/python3.10/site-packages/airflow/example_dags/example_kubernetes_executor.py
[2022-07-31 01:39:45,098] {processor.py:161} INFO - Processing /home/oury/.local/lib/python3.10/site-packages/airflow/example_dags/example_kubernetes_executor.py took 0.024 seconds
[2022-07-31 01:40:29,035] {processor.py:153} INFO - Started process (PID=11173) to work on /home/oury/.local/lib/python3.10/site-packages/airflow/example_dags/example_kubernetes_executor.py
[2022-07-31 01:40:29,037] {processor.py:641} INFO - Processing file /home/oury/.local/lib/python3.10/site-packages/airflow/example_dags/example_kubernetes_executor.py for tasks to queue
[2022-07-31 01:40:29,037] {logging_mixin.py:115} INFO - [2022-07-31 01:40:29,037] {dagbag.py:507} INFO - Filling up the DagBag from /home/oury/.local/lib/python3.10/site-packages/airflow/example_dags/example_kubernetes_executor.py
[2022-07-31 01:40:29,055] {logging_mixin.py:115} INFO - [2022-07-31 01:40:29,055] {example_kubernetes_executor.py:39} WARNING - The example_kubernetes_executor example DAG requires the kubernetes provider. Please install it with: pip install apache-airflow[cncf.kubernetes]
[2022-07-31 01:40:29,056] {processor.py:653} WARNING - No viable dags retrieved from /home/oury/.local/lib/python3.10/site-packages/airflow/example_dags/example_kubernetes_executor.py
[2022-07-31 01:40:29,067] {processor.py:161} INFO - Processing /home/oury/.local/lib/python3.10/site-packages/airflow/example_dags/example_kubernetes_executor.py took 0.036 seconds
[2022-07-31 01:41:26,483] {processor.py:153} INFO - Started process (PID=12691) to work on /home/oury/.local/lib/python3.10/site-packages/airflow/example_dags/example_kubernetes_executor.py
[2022-07-31 01:41:26,484] {processor.py:641} INFO - Processing file /home/oury/.local/lib/python3.10/site-packages/airflow/example_dags/example_kubernetes_executor.py for tasks to queue
[2022-07-31 01:41:26,485] {logging_mixin.py:115} INFO - [2022-07-31 01:41:26,485] {dagbag.py:507} INFO - Filling up the DagBag from /home/oury/.local/lib/python3.10/site-packages/airflow/example_dags/example_kubernetes_executor.py
[2022-07-31 01:41:26,535] {logging_mixin.py:115} INFO - [2022-07-31 01:41:26,535] {example_kubernetes_executor.py:39} WARNING - The example_kubernetes_executor example DAG requires the kubernetes provider. Please install it with: pip install apache-airflow[cncf.kubernetes]
[2022-07-31 01:41:26,536] {processor.py:653} WARNING - No viable dags retrieved from /home/oury/.local/lib/python3.10/site-packages/airflow/example_dags/example_kubernetes_executor.py
[2022-07-31 01:41:26,549] {processor.py:161} INFO - Processing /home/oury/.local/lib/python3.10/site-packages/airflow/example_dags/example_kubernetes_executor.py took 0.075 seconds
[2022-07-31 01:42:59,874] {processor.py:153} INFO - Started process (PID=13254) to work on /home/oury/.local/lib/python3.10/site-packages/airflow/example_dags/example_kubernetes_executor.py
[2022-07-31 01:42:59,875] {processor.py:641} INFO - Processing file /home/oury/.local/lib/python3.10/site-packages/airflow/example_dags/example_kubernetes_executor.py for tasks to queue
[2022-07-31 01:42:59,876] {logging_mixin.py:115} INFO - [2022-07-31 01:42:59,876] {dagbag.py:507} INFO - Filling up the DagBag from /home/oury/.local/lib/python3.10/site-packages/airflow/example_dags/example_kubernetes_executor.py
[2022-07-31 01:42:59,889] {logging_mixin.py:115} INFO - [2022-07-31 01:42:59,889] {example_kubernetes_executor.py:39} WARNING - The example_kubernetes_executor example DAG requires the kubernetes provider. Please install it with: pip install apache-airflow[cncf.kubernetes]
[2022-07-31 01:42:59,890] {processor.py:653} WARNING - No viable dags retrieved from /home/oury/.local/lib/python3.10/site-packages/airflow/example_dags/example_kubernetes_executor.py
[2022-07-31 01:42:59,898] {processor.py:161} INFO - Processing /home/oury/.local/lib/python3.10/site-packages/airflow/example_dags/example_kubernetes_executor.py took 0.026 seconds
[2022-07-31 01:43:42,013] {processor.py:153} INFO - Started process (PID=13428) to work on /home/oury/.local/lib/python3.10/site-packages/airflow/example_dags/example_kubernetes_executor.py
[2022-07-31 01:43:42,014] {processor.py:641} INFO - Processing file /home/oury/.local/lib/python3.10/site-packages/airflow/example_dags/example_kubernetes_executor.py for tasks to queue
[2022-07-31 01:43:42,015] {logging_mixin.py:115} INFO - [2022-07-31 01:43:42,015] {dagbag.py:507} INFO - Filling up the DagBag from /home/oury/.local/lib/python3.10/site-packages/airflow/example_dags/example_kubernetes_executor.py
[2022-07-31 01:43:42,030] {logging_mixin.py:115} INFO - [2022-07-31 01:43:42,030] {example_kubernetes_executor.py:39} WARNING - The example_kubernetes_executor example DAG requires the kubernetes provider. Please install it with: pip install apache-airflow[cncf.kubernetes]
[2022-07-31 01:43:42,030] {processor.py:653} WARNING - No viable dags retrieved from /home/oury/.local/lib/python3.10/site-packages/airflow/example_dags/example_kubernetes_executor.py
[2022-07-31 01:43:42,039] {processor.py:161} INFO - Processing /home/oury/.local/lib/python3.10/site-packages/airflow/example_dags/example_kubernetes_executor.py took 0.028 seconds
[2022-07-31 01:44:28,207] {processor.py:153} INFO - Started process (PID=13742) to work on /home/oury/.local/lib/python3.10/site-packages/airflow/example_dags/example_kubernetes_executor.py
[2022-07-31 01:44:28,208] {processor.py:641} INFO - Processing file /home/oury/.local/lib/python3.10/site-packages/airflow/example_dags/example_kubernetes_executor.py for tasks to queue
[2022-07-31 01:44:28,208] {logging_mixin.py:115} INFO - [2022-07-31 01:44:28,208] {dagbag.py:507} INFO - Filling up the DagBag from /home/oury/.local/lib/python3.10/site-packages/airflow/example_dags/example_kubernetes_executor.py
[2022-07-31 01:44:28,221] {logging_mixin.py:115} INFO - [2022-07-31 01:44:28,221] {example_kubernetes_executor.py:39} WARNING - The example_kubernetes_executor example DAG requires the kubernetes provider. Please install it with: pip install apache-airflow[cncf.kubernetes]
[2022-07-31 01:44:28,221] {processor.py:653} WARNING - No viable dags retrieved from /home/oury/.local/lib/python3.10/site-packages/airflow/example_dags/example_kubernetes_executor.py
[2022-07-31 01:44:28,230] {processor.py:161} INFO - Processing /home/oury/.local/lib/python3.10/site-packages/airflow/example_dags/example_kubernetes_executor.py took 0.026 seconds
[2022-07-31 01:45:18,618] {processor.py:153} INFO - Started process (PID=14135) to work on /home/oury/.local/lib/python3.10/site-packages/airflow/example_dags/example_kubernetes_executor.py
[2022-07-31 01:45:18,619] {processor.py:641} INFO - Processing file /home/oury/.local/lib/python3.10/site-packages/airflow/example_dags/example_kubernetes_executor.py for tasks to queue
[2022-07-31 01:45:18,620] {logging_mixin.py:115} INFO - [2022-07-31 01:45:18,619] {dagbag.py:507} INFO - Filling up the DagBag from /home/oury/.local/lib/python3.10/site-packages/airflow/example_dags/example_kubernetes_executor.py
[2022-07-31 01:45:18,635] {logging_mixin.py:115} INFO - [2022-07-31 01:45:18,635] {example_kubernetes_executor.py:39} WARNING - The example_kubernetes_executor example DAG requires the kubernetes provider. Please install it with: pip install apache-airflow[cncf.kubernetes]
[2022-07-31 01:45:18,635] {processor.py:653} WARNING - No viable dags retrieved from /home/oury/.local/lib/python3.10/site-packages/airflow/example_dags/example_kubernetes_executor.py
[2022-07-31 01:45:18,646] {processor.py:161} INFO - Processing /home/oury/.local/lib/python3.10/site-packages/airflow/example_dags/example_kubernetes_executor.py took 0.030 seconds
[2022-07-31 01:45:58,390] {processor.py:153} INFO - Started process (PID=14329) to work on /home/oury/.local/lib/python3.10/site-packages/airflow/example_dags/example_kubernetes_executor.py
[2022-07-31 01:45:58,391] {processor.py:641} INFO - Processing file /home/oury/.local/lib/python3.10/site-packages/airflow/example_dags/example_kubernetes_executor.py for tasks to queue
[2022-07-31 01:45:58,391] {logging_mixin.py:115} INFO - [2022-07-31 01:45:58,391] {dagbag.py:507} INFO - Filling up the DagBag from /home/oury/.local/lib/python3.10/site-packages/airflow/example_dags/example_kubernetes_executor.py
[2022-07-31 01:45:58,408] {logging_mixin.py:115} INFO - [2022-07-31 01:45:58,408] {example_kubernetes_executor.py:39} WARNING - The example_kubernetes_executor example DAG requires the kubernetes provider. Please install it with: pip install apache-airflow[cncf.kubernetes]
[2022-07-31 01:45:58,408] {processor.py:653} WARNING - No viable dags retrieved from /home/oury/.local/lib/python3.10/site-packages/airflow/example_dags/example_kubernetes_executor.py
[2022-07-31 01:45:58,416] {processor.py:161} INFO - Processing /home/oury/.local/lib/python3.10/site-packages/airflow/example_dags/example_kubernetes_executor.py took 0.028 seconds
[2022-07-31 01:46:39,829] {processor.py:153} INFO - Started process (PID=14433) to work on /home/oury/.local/lib/python3.10/site-packages/airflow/example_dags/example_kubernetes_executor.py
[2022-07-31 01:46:39,829] {processor.py:641} INFO - Processing file /home/oury/.local/lib/python3.10/site-packages/airflow/example_dags/example_kubernetes_executor.py for tasks to queue
[2022-07-31 01:46:39,830] {logging_mixin.py:115} INFO - [2022-07-31 01:46:39,830] {dagbag.py:507} INFO - Filling up the DagBag from /home/oury/.local/lib/python3.10/site-packages/airflow/example_dags/example_kubernetes_executor.py
[2022-07-31 01:46:39,844] {logging_mixin.py:115} INFO - [2022-07-31 01:46:39,844] {example_kubernetes_executor.py:39} WARNING - The example_kubernetes_executor example DAG requires the kubernetes provider. Please install it with: pip install apache-airflow[cncf.kubernetes]
[2022-07-31 01:46:39,844] {processor.py:653} WARNING - No viable dags retrieved from /home/oury/.local/lib/python3.10/site-packages/airflow/example_dags/example_kubernetes_executor.py
[2022-07-31 01:46:39,854] {processor.py:161} INFO - Processing /home/oury/.local/lib/python3.10/site-packages/airflow/example_dags/example_kubernetes_executor.py took 0.027 seconds
[2022-07-31 01:47:23,401] {processor.py:153} INFO - Started process (PID=14725) to work on /home/oury/.local/lib/python3.10/site-packages/airflow/example_dags/example_kubernetes_executor.py
[2022-07-31 01:47:23,401] {processor.py:641} INFO - Processing file /home/oury/.local/lib/python3.10/site-packages/airflow/example_dags/example_kubernetes_executor.py for tasks to queue
[2022-07-31 01:47:23,402] {logging_mixin.py:115} INFO - [2022-07-31 01:47:23,402] {dagbag.py:507} INFO - Filling up the DagBag from /home/oury/.local/lib/python3.10/site-packages/airflow/example_dags/example_kubernetes_executor.py
[2022-07-31 01:47:23,428] {logging_mixin.py:115} INFO - [2022-07-31 01:47:23,428] {example_kubernetes_executor.py:39} WARNING - The example_kubernetes_executor example DAG requires the kubernetes provider. Please install it with: pip install apache-airflow[cncf.kubernetes]
[2022-07-31 01:47:23,428] {processor.py:653} WARNING - No viable dags retrieved from /home/oury/.local/lib/python3.10/site-packages/airflow/example_dags/example_kubernetes_executor.py
[2022-07-31 01:47:23,442] {processor.py:161} INFO - Processing /home/oury/.local/lib/python3.10/site-packages/airflow/example_dags/example_kubernetes_executor.py took 0.046 seconds
[2022-07-31 01:48:05,702] {processor.py:153} INFO - Started process (PID=14840) to work on /home/oury/.local/lib/python3.10/site-packages/airflow/example_dags/example_kubernetes_executor.py
[2022-07-31 01:48:05,703] {processor.py:641} INFO - Processing file /home/oury/.local/lib/python3.10/site-packages/airflow/example_dags/example_kubernetes_executor.py for tasks to queue
[2022-07-31 01:48:05,703] {logging_mixin.py:115} INFO - [2022-07-31 01:48:05,703] {dagbag.py:507} INFO - Filling up the DagBag from /home/oury/.local/lib/python3.10/site-packages/airflow/example_dags/example_kubernetes_executor.py
[2022-07-31 01:48:05,717] {logging_mixin.py:115} INFO - [2022-07-31 01:48:05,716] {example_kubernetes_executor.py:39} WARNING - The example_kubernetes_executor example DAG requires the kubernetes provider. Please install it with: pip install apache-airflow[cncf.kubernetes]
[2022-07-31 01:48:05,717] {processor.py:653} WARNING - No viable dags retrieved from /home/oury/.local/lib/python3.10/site-packages/airflow/example_dags/example_kubernetes_executor.py
[2022-07-31 01:48:05,726] {processor.py:161} INFO - Processing /home/oury/.local/lib/python3.10/site-packages/airflow/example_dags/example_kubernetes_executor.py took 0.026 seconds
[2022-07-31 01:48:51,041] {processor.py:153} INFO - Started process (PID=14965) to work on /home/oury/.local/lib/python3.10/site-packages/airflow/example_dags/example_kubernetes_executor.py
[2022-07-31 01:48:51,042] {processor.py:641} INFO - Processing file /home/oury/.local/lib/python3.10/site-packages/airflow/example_dags/example_kubernetes_executor.py for tasks to queue
[2022-07-31 01:48:51,043] {logging_mixin.py:115} INFO - [2022-07-31 01:48:51,042] {dagbag.py:507} INFO - Filling up the DagBag from /home/oury/.local/lib/python3.10/site-packages/airflow/example_dags/example_kubernetes_executor.py
[2022-07-31 01:48:51,055] {logging_mixin.py:115} INFO - [2022-07-31 01:48:51,055] {example_kubernetes_executor.py:39} WARNING - The example_kubernetes_executor example DAG requires the kubernetes provider. Please install it with: pip install apache-airflow[cncf.kubernetes]
[2022-07-31 01:48:51,056] {processor.py:653} WARNING - No viable dags retrieved from /home/oury/.local/lib/python3.10/site-packages/airflow/example_dags/example_kubernetes_executor.py
[2022-07-31 01:48:51,063] {processor.py:161} INFO - Processing /home/oury/.local/lib/python3.10/site-packages/airflow/example_dags/example_kubernetes_executor.py took 0.024 seconds
[2022-07-31 01:49:31,535] {processor.py:153} INFO - Started process (PID=15018) to work on /home/oury/.local/lib/python3.10/site-packages/airflow/example_dags/example_kubernetes_executor.py
[2022-07-31 01:49:31,536] {processor.py:641} INFO - Processing file /home/oury/.local/lib/python3.10/site-packages/airflow/example_dags/example_kubernetes_executor.py for tasks to queue
[2022-07-31 01:49:31,536] {logging_mixin.py:115} INFO - [2022-07-31 01:49:31,536] {dagbag.py:507} INFO - Filling up the DagBag from /home/oury/.local/lib/python3.10/site-packages/airflow/example_dags/example_kubernetes_executor.py
[2022-07-31 01:49:31,554] {logging_mixin.py:115} INFO - [2022-07-31 01:49:31,554] {example_kubernetes_executor.py:39} WARNING - The example_kubernetes_executor example DAG requires the kubernetes provider. Please install it with: pip install apache-airflow[cncf.kubernetes]
[2022-07-31 01:49:31,554] {processor.py:653} WARNING - No viable dags retrieved from /home/oury/.local/lib/python3.10/site-packages/airflow/example_dags/example_kubernetes_executor.py
[2022-07-31 01:49:31,565] {processor.py:161} INFO - Processing /home/oury/.local/lib/python3.10/site-packages/airflow/example_dags/example_kubernetes_executor.py took 0.033 seconds
[2022-07-31 01:50:14,590] {processor.py:153} INFO - Started process (PID=15076) to work on /home/oury/.local/lib/python3.10/site-packages/airflow/example_dags/example_kubernetes_executor.py
[2022-07-31 01:50:14,591] {processor.py:641} INFO - Processing file /home/oury/.local/lib/python3.10/site-packages/airflow/example_dags/example_kubernetes_executor.py for tasks to queue
[2022-07-31 01:50:14,591] {logging_mixin.py:115} INFO - [2022-07-31 01:50:14,591] {dagbag.py:507} INFO - Filling up the DagBag from /home/oury/.local/lib/python3.10/site-packages/airflow/example_dags/example_kubernetes_executor.py
[2022-07-31 01:50:14,604] {logging_mixin.py:115} INFO - [2022-07-31 01:50:14,604] {example_kubernetes_executor.py:39} WARNING - The example_kubernetes_executor example DAG requires the kubernetes provider. Please install it with: pip install apache-airflow[cncf.kubernetes]
[2022-07-31 01:50:14,604] {processor.py:653} WARNING - No viable dags retrieved from /home/oury/.local/lib/python3.10/site-packages/airflow/example_dags/example_kubernetes_executor.py
[2022-07-31 01:50:14,611] {processor.py:161} INFO - Processing /home/oury/.local/lib/python3.10/site-packages/airflow/example_dags/example_kubernetes_executor.py took 0.024 seconds
[2022-07-31 01:50:58,362] {processor.py:153} INFO - Started process (PID=15135) to work on /home/oury/.local/lib/python3.10/site-packages/airflow/example_dags/example_kubernetes_executor.py
[2022-07-31 01:50:58,363] {processor.py:641} INFO - Processing file /home/oury/.local/lib/python3.10/site-packages/airflow/example_dags/example_kubernetes_executor.py for tasks to queue
[2022-07-31 01:50:58,363] {logging_mixin.py:115} INFO - [2022-07-31 01:50:58,363] {dagbag.py:507} INFO - Filling up the DagBag from /home/oury/.local/lib/python3.10/site-packages/airflow/example_dags/example_kubernetes_executor.py
[2022-07-31 01:50:58,376] {logging_mixin.py:115} INFO - [2022-07-31 01:50:58,376] {example_kubernetes_executor.py:39} WARNING - The example_kubernetes_executor example DAG requires the kubernetes provider. Please install it with: pip install apache-airflow[cncf.kubernetes]
[2022-07-31 01:50:58,376] {processor.py:653} WARNING - No viable dags retrieved from /home/oury/.local/lib/python3.10/site-packages/airflow/example_dags/example_kubernetes_executor.py
[2022-07-31 01:50:58,383] {processor.py:161} INFO - Processing /home/oury/.local/lib/python3.10/site-packages/airflow/example_dags/example_kubernetes_executor.py took 0.023 seconds
