[2022-07-31 01:00:09,011] {processor.py:153} INFO - Started process (PID=11779) to work on /home/oury/.local/lib/python3.10/site-packages/airflow/example_dags/example_branch_day_of_week_operator.py
[2022-07-31 01:00:09,011] {processor.py:641} INFO - Processing file /home/oury/.local/lib/python3.10/site-packages/airflow/example_dags/example_branch_day_of_week_operator.py for tasks to queue
[2022-07-31 01:00:09,012] {logging_mixin.py:115} INFO - [2022-07-31 01:00:09,012] {dagbag.py:507} INFO - Filling up the DagBag from /home/oury/.local/lib/python3.10/site-packages/airflow/example_dags/example_branch_day_of_week_operator.py
[2022-07-31 01:00:09,104] {processor.py:651} INFO - DAG(s) dict_keys(['example_weekday_branch_operator']) retrieved from /home/oury/.local/lib/python3.10/site-packages/airflow/example_dags/example_branch_day_of_week_operator.py
[2022-07-31 01:00:09,203] {logging_mixin.py:115} INFO - [2022-07-31 01:00:09,203] {dag.py:2379} INFO - Sync 1 DAGs
[2022-07-31 01:00:09,292] {logging_mixin.py:115} INFO - [2022-07-31 01:00:09,290] {dag.py:2923} INFO - Setting next_dagrun for example_weekday_branch_operator to 2022-07-30T00:00:00+00:00, run_after=2022-07-31T00:00:00+00:00
[2022-07-31 01:00:09,358] {processor.py:161} INFO - Processing /home/oury/.local/lib/python3.10/site-packages/airflow/example_dags/example_branch_day_of_week_operator.py took 0.362 seconds
[2022-07-31 01:18:59,777] {processor.py:153} INFO - Started process (PID=6037) to work on /home/oury/.local/lib/python3.10/site-packages/airflow/example_dags/example_branch_day_of_week_operator.py
[2022-07-31 01:18:59,778] {processor.py:641} INFO - Processing file /home/oury/.local/lib/python3.10/site-packages/airflow/example_dags/example_branch_day_of_week_operator.py for tasks to queue
[2022-07-31 01:18:59,778] {logging_mixin.py:115} INFO - [2022-07-31 01:18:59,778] {dagbag.py:507} INFO - Filling up the DagBag from /home/oury/.local/lib/python3.10/site-packages/airflow/example_dags/example_branch_day_of_week_operator.py
[2022-07-31 01:18:59,787] {processor.py:651} INFO - DAG(s) dict_keys(['example_weekday_branch_operator']) retrieved from /home/oury/.local/lib/python3.10/site-packages/airflow/example_dags/example_branch_day_of_week_operator.py
[2022-07-31 01:18:59,799] {logging_mixin.py:115} INFO - [2022-07-31 01:18:59,799] {dag.py:2379} INFO - Sync 1 DAGs
[2022-07-31 01:18:59,816] {logging_mixin.py:115} INFO - [2022-07-31 01:18:59,815] {dag.py:2923} INFO - Setting next_dagrun for example_weekday_branch_operator to 2022-07-30T00:00:00+00:00, run_after=2022-07-31T00:00:00+00:00
[2022-07-31 01:18:59,827] {processor.py:161} INFO - Processing /home/oury/.local/lib/python3.10/site-packages/airflow/example_dags/example_branch_day_of_week_operator.py took 0.052 seconds
[2022-07-31 01:19:40,589] {processor.py:153} INFO - Started process (PID=6251) to work on /home/oury/.local/lib/python3.10/site-packages/airflow/example_dags/example_branch_day_of_week_operator.py
[2022-07-31 01:19:40,590] {processor.py:641} INFO - Processing file /home/oury/.local/lib/python3.10/site-packages/airflow/example_dags/example_branch_day_of_week_operator.py for tasks to queue
[2022-07-31 01:19:40,591] {logging_mixin.py:115} INFO - [2022-07-31 01:19:40,591] {dagbag.py:507} INFO - Filling up the DagBag from /home/oury/.local/lib/python3.10/site-packages/airflow/example_dags/example_branch_day_of_week_operator.py
[2022-07-31 01:19:40,598] {processor.py:651} INFO - DAG(s) dict_keys(['example_weekday_branch_operator']) retrieved from /home/oury/.local/lib/python3.10/site-packages/airflow/example_dags/example_branch_day_of_week_operator.py
[2022-07-31 01:19:40,610] {logging_mixin.py:115} INFO - [2022-07-31 01:19:40,610] {dag.py:2379} INFO - Sync 1 DAGs
[2022-07-31 01:19:40,626] {logging_mixin.py:115} INFO - [2022-07-31 01:19:40,626] {dag.py:2923} INFO - Setting next_dagrun for example_weekday_branch_operator to 2022-07-30T00:00:00+00:00, run_after=2022-07-31T00:00:00+00:00
[2022-07-31 01:19:40,645] {processor.py:161} INFO - Processing /home/oury/.local/lib/python3.10/site-packages/airflow/example_dags/example_branch_day_of_week_operator.py took 0.058 seconds
[2022-07-31 01:20:23,786] {processor.py:153} INFO - Started process (PID=6528) to work on /home/oury/.local/lib/python3.10/site-packages/airflow/example_dags/example_branch_day_of_week_operator.py
[2022-07-31 01:20:23,787] {processor.py:641} INFO - Processing file /home/oury/.local/lib/python3.10/site-packages/airflow/example_dags/example_branch_day_of_week_operator.py for tasks to queue
[2022-07-31 01:20:23,788] {logging_mixin.py:115} INFO - [2022-07-31 01:20:23,787] {dagbag.py:507} INFO - Filling up the DagBag from /home/oury/.local/lib/python3.10/site-packages/airflow/example_dags/example_branch_day_of_week_operator.py
[2022-07-31 01:20:23,794] {processor.py:651} INFO - DAG(s) dict_keys(['example_weekday_branch_operator']) retrieved from /home/oury/.local/lib/python3.10/site-packages/airflow/example_dags/example_branch_day_of_week_operator.py
[2022-07-31 01:20:23,809] {logging_mixin.py:115} INFO - [2022-07-31 01:20:23,808] {dag.py:2379} INFO - Sync 1 DAGs
[2022-07-31 01:20:23,826] {logging_mixin.py:115} INFO - [2022-07-31 01:20:23,826] {dag.py:2923} INFO - Setting next_dagrun for example_weekday_branch_operator to 2022-07-30T00:00:00+00:00, run_after=2022-07-31T00:00:00+00:00
[2022-07-31 01:20:23,839] {processor.py:161} INFO - Processing /home/oury/.local/lib/python3.10/site-packages/airflow/example_dags/example_branch_day_of_week_operator.py took 0.055 seconds
[2022-07-31 01:21:06,250] {processor.py:153} INFO - Started process (PID=6867) to work on /home/oury/.local/lib/python3.10/site-packages/airflow/example_dags/example_branch_day_of_week_operator.py
[2022-07-31 01:21:06,250] {processor.py:641} INFO - Processing file /home/oury/.local/lib/python3.10/site-packages/airflow/example_dags/example_branch_day_of_week_operator.py for tasks to queue
[2022-07-31 01:21:06,251] {logging_mixin.py:115} INFO - [2022-07-31 01:21:06,250] {dagbag.py:507} INFO - Filling up the DagBag from /home/oury/.local/lib/python3.10/site-packages/airflow/example_dags/example_branch_day_of_week_operator.py
[2022-07-31 01:21:06,257] {processor.py:651} INFO - DAG(s) dict_keys(['example_weekday_branch_operator']) retrieved from /home/oury/.local/lib/python3.10/site-packages/airflow/example_dags/example_branch_day_of_week_operator.py
[2022-07-31 01:21:06,269] {logging_mixin.py:115} INFO - [2022-07-31 01:21:06,269] {dag.py:2379} INFO - Sync 1 DAGs
[2022-07-31 01:21:06,285] {logging_mixin.py:115} INFO - [2022-07-31 01:21:06,285] {dag.py:2923} INFO - Setting next_dagrun for example_weekday_branch_operator to 2022-07-30T00:00:00+00:00, run_after=2022-07-31T00:00:00+00:00
[2022-07-31 01:21:06,296] {processor.py:161} INFO - Processing /home/oury/.local/lib/python3.10/site-packages/airflow/example_dags/example_branch_day_of_week_operator.py took 0.049 seconds
[2022-07-31 01:21:47,788] {processor.py:153} INFO - Started process (PID=6964) to work on /home/oury/.local/lib/python3.10/site-packages/airflow/example_dags/example_branch_day_of_week_operator.py
[2022-07-31 01:21:47,789] {processor.py:641} INFO - Processing file /home/oury/.local/lib/python3.10/site-packages/airflow/example_dags/example_branch_day_of_week_operator.py for tasks to queue
[2022-07-31 01:21:47,789] {logging_mixin.py:115} INFO - [2022-07-31 01:21:47,789] {dagbag.py:507} INFO - Filling up the DagBag from /home/oury/.local/lib/python3.10/site-packages/airflow/example_dags/example_branch_day_of_week_operator.py
[2022-07-31 01:21:47,795] {processor.py:651} INFO - DAG(s) dict_keys(['example_weekday_branch_operator']) retrieved from /home/oury/.local/lib/python3.10/site-packages/airflow/example_dags/example_branch_day_of_week_operator.py
[2022-07-31 01:21:47,808] {logging_mixin.py:115} INFO - [2022-07-31 01:21:47,808] {dag.py:2379} INFO - Sync 1 DAGs
[2022-07-31 01:21:47,824] {logging_mixin.py:115} INFO - [2022-07-31 01:21:47,824] {dag.py:2923} INFO - Setting next_dagrun for example_weekday_branch_operator to 2022-07-30T00:00:00+00:00, run_after=2022-07-31T00:00:00+00:00
[2022-07-31 01:21:47,835] {processor.py:161} INFO - Processing /home/oury/.local/lib/python3.10/site-packages/airflow/example_dags/example_branch_day_of_week_operator.py took 0.049 seconds
[2022-07-31 01:22:28,019] {processor.py:153} INFO - Started process (PID=7388) to work on /home/oury/.local/lib/python3.10/site-packages/airflow/example_dags/example_branch_day_of_week_operator.py
[2022-07-31 01:22:28,020] {processor.py:641} INFO - Processing file /home/oury/.local/lib/python3.10/site-packages/airflow/example_dags/example_branch_day_of_week_operator.py for tasks to queue
[2022-07-31 01:22:28,021] {logging_mixin.py:115} INFO - [2022-07-31 01:22:28,021] {dagbag.py:507} INFO - Filling up the DagBag from /home/oury/.local/lib/python3.10/site-packages/airflow/example_dags/example_branch_day_of_week_operator.py
[2022-07-31 01:22:28,029] {processor.py:651} INFO - DAG(s) dict_keys(['example_weekday_branch_operator']) retrieved from /home/oury/.local/lib/python3.10/site-packages/airflow/example_dags/example_branch_day_of_week_operator.py
[2022-07-31 01:22:28,042] {logging_mixin.py:115} INFO - [2022-07-31 01:22:28,042] {dag.py:2379} INFO - Sync 1 DAGs
[2022-07-31 01:22:28,059] {logging_mixin.py:115} INFO - [2022-07-31 01:22:28,059] {dag.py:2923} INFO - Setting next_dagrun for example_weekday_branch_operator to 2022-07-30T00:00:00+00:00, run_after=2022-07-31T00:00:00+00:00
[2022-07-31 01:22:28,070] {processor.py:161} INFO - Processing /home/oury/.local/lib/python3.10/site-packages/airflow/example_dags/example_branch_day_of_week_operator.py took 0.054 seconds
[2022-07-31 01:23:11,669] {processor.py:153} INFO - Started process (PID=7584) to work on /home/oury/.local/lib/python3.10/site-packages/airflow/example_dags/example_branch_day_of_week_operator.py
[2022-07-31 01:23:11,670] {processor.py:641} INFO - Processing file /home/oury/.local/lib/python3.10/site-packages/airflow/example_dags/example_branch_day_of_week_operator.py for tasks to queue
[2022-07-31 01:23:11,670] {logging_mixin.py:115} INFO - [2022-07-31 01:23:11,670] {dagbag.py:507} INFO - Filling up the DagBag from /home/oury/.local/lib/python3.10/site-packages/airflow/example_dags/example_branch_day_of_week_operator.py
[2022-07-31 01:23:11,677] {processor.py:651} INFO - DAG(s) dict_keys(['example_weekday_branch_operator']) retrieved from /home/oury/.local/lib/python3.10/site-packages/airflow/example_dags/example_branch_day_of_week_operator.py
[2022-07-31 01:23:11,690] {logging_mixin.py:115} INFO - [2022-07-31 01:23:11,689] {dag.py:2379} INFO - Sync 1 DAGs
[2022-07-31 01:23:11,706] {logging_mixin.py:115} INFO - [2022-07-31 01:23:11,706] {dag.py:2923} INFO - Setting next_dagrun for example_weekday_branch_operator to 2022-07-30T00:00:00+00:00, run_after=2022-07-31T00:00:00+00:00
[2022-07-31 01:23:11,718] {processor.py:161} INFO - Processing /home/oury/.local/lib/python3.10/site-packages/airflow/example_dags/example_branch_day_of_week_operator.py took 0.051 seconds
[2022-07-31 01:23:50,902] {processor.py:153} INFO - Started process (PID=7703) to work on /home/oury/.local/lib/python3.10/site-packages/airflow/example_dags/example_branch_day_of_week_operator.py
[2022-07-31 01:23:50,902] {processor.py:641} INFO - Processing file /home/oury/.local/lib/python3.10/site-packages/airflow/example_dags/example_branch_day_of_week_operator.py for tasks to queue
[2022-07-31 01:23:50,903] {logging_mixin.py:115} INFO - [2022-07-31 01:23:50,903] {dagbag.py:507} INFO - Filling up the DagBag from /home/oury/.local/lib/python3.10/site-packages/airflow/example_dags/example_branch_day_of_week_operator.py
[2022-07-31 01:23:50,910] {processor.py:651} INFO - DAG(s) dict_keys(['example_weekday_branch_operator']) retrieved from /home/oury/.local/lib/python3.10/site-packages/airflow/example_dags/example_branch_day_of_week_operator.py
[2022-07-31 01:23:50,922] {logging_mixin.py:115} INFO - [2022-07-31 01:23:50,922] {dag.py:2379} INFO - Sync 1 DAGs
[2022-07-31 01:23:50,938] {logging_mixin.py:115} INFO - [2022-07-31 01:23:50,938] {dag.py:2923} INFO - Setting next_dagrun for example_weekday_branch_operator to 2022-07-30T00:00:00+00:00, run_after=2022-07-31T00:00:00+00:00
[2022-07-31 01:23:50,950] {processor.py:161} INFO - Processing /home/oury/.local/lib/python3.10/site-packages/airflow/example_dags/example_branch_day_of_week_operator.py took 0.051 seconds
[2022-07-31 01:25:22,001] {processor.py:153} INFO - Started process (PID=7981) to work on /home/oury/.local/lib/python3.10/site-packages/airflow/example_dags/example_branch_day_of_week_operator.py
[2022-07-31 01:25:22,001] {processor.py:641} INFO - Processing file /home/oury/.local/lib/python3.10/site-packages/airflow/example_dags/example_branch_day_of_week_operator.py for tasks to queue
[2022-07-31 01:25:22,002] {logging_mixin.py:115} INFO - [2022-07-31 01:25:22,002] {dagbag.py:507} INFO - Filling up the DagBag from /home/oury/.local/lib/python3.10/site-packages/airflow/example_dags/example_branch_day_of_week_operator.py
[2022-07-31 01:25:22,008] {processor.py:651} INFO - DAG(s) dict_keys(['example_weekday_branch_operator']) retrieved from /home/oury/.local/lib/python3.10/site-packages/airflow/example_dags/example_branch_day_of_week_operator.py
[2022-07-31 01:25:22,020] {logging_mixin.py:115} INFO - [2022-07-31 01:25:22,020] {dag.py:2379} INFO - Sync 1 DAGs
[2022-07-31 01:25:22,037] {logging_mixin.py:115} INFO - [2022-07-31 01:25:22,037] {dag.py:2923} INFO - Setting next_dagrun for example_weekday_branch_operator to 2022-07-30T00:00:00+00:00, run_after=2022-07-31T00:00:00+00:00
[2022-07-31 01:25:22,047] {processor.py:161} INFO - Processing /home/oury/.local/lib/python3.10/site-packages/airflow/example_dags/example_branch_day_of_week_operator.py took 0.049 seconds
[2022-07-31 01:26:02,146] {processor.py:153} INFO - Started process (PID=8106) to work on /home/oury/.local/lib/python3.10/site-packages/airflow/example_dags/example_branch_day_of_week_operator.py
[2022-07-31 01:26:02,147] {processor.py:641} INFO - Processing file /home/oury/.local/lib/python3.10/site-packages/airflow/example_dags/example_branch_day_of_week_operator.py for tasks to queue
[2022-07-31 01:26:02,147] {logging_mixin.py:115} INFO - [2022-07-31 01:26:02,147] {dagbag.py:507} INFO - Filling up the DagBag from /home/oury/.local/lib/python3.10/site-packages/airflow/example_dags/example_branch_day_of_week_operator.py
[2022-07-31 01:26:02,154] {processor.py:651} INFO - DAG(s) dict_keys(['example_weekday_branch_operator']) retrieved from /home/oury/.local/lib/python3.10/site-packages/airflow/example_dags/example_branch_day_of_week_operator.py
[2022-07-31 01:26:02,166] {logging_mixin.py:115} INFO - [2022-07-31 01:26:02,166] {dag.py:2379} INFO - Sync 1 DAGs
[2022-07-31 01:26:02,183] {logging_mixin.py:115} INFO - [2022-07-31 01:26:02,182] {dag.py:2923} INFO - Setting next_dagrun for example_weekday_branch_operator to 2022-07-30T00:00:00+00:00, run_after=2022-07-31T00:00:00+00:00
[2022-07-31 01:26:02,195] {processor.py:161} INFO - Processing /home/oury/.local/lib/python3.10/site-packages/airflow/example_dags/example_branch_day_of_week_operator.py took 0.051 seconds
[2022-07-31 01:26:42,270] {processor.py:153} INFO - Started process (PID=8217) to work on /home/oury/.local/lib/python3.10/site-packages/airflow/example_dags/example_branch_day_of_week_operator.py
[2022-07-31 01:26:42,270] {processor.py:641} INFO - Processing file /home/oury/.local/lib/python3.10/site-packages/airflow/example_dags/example_branch_day_of_week_operator.py for tasks to queue
[2022-07-31 01:26:42,271] {logging_mixin.py:115} INFO - [2022-07-31 01:26:42,271] {dagbag.py:507} INFO - Filling up the DagBag from /home/oury/.local/lib/python3.10/site-packages/airflow/example_dags/example_branch_day_of_week_operator.py
[2022-07-31 01:26:42,277] {processor.py:651} INFO - DAG(s) dict_keys(['example_weekday_branch_operator']) retrieved from /home/oury/.local/lib/python3.10/site-packages/airflow/example_dags/example_branch_day_of_week_operator.py
[2022-07-31 01:26:42,289] {logging_mixin.py:115} INFO - [2022-07-31 01:26:42,289] {dag.py:2379} INFO - Sync 1 DAGs
[2022-07-31 01:26:42,305] {logging_mixin.py:115} INFO - [2022-07-31 01:26:42,305] {dag.py:2923} INFO - Setting next_dagrun for example_weekday_branch_operator to 2022-07-30T00:00:00+00:00, run_after=2022-07-31T00:00:00+00:00
[2022-07-31 01:26:42,316] {processor.py:161} INFO - Processing /home/oury/.local/lib/python3.10/site-packages/airflow/example_dags/example_branch_day_of_week_operator.py took 0.049 seconds
[2022-07-31 01:27:24,610] {processor.py:153} INFO - Started process (PID=8299) to work on /home/oury/.local/lib/python3.10/site-packages/airflow/example_dags/example_branch_day_of_week_operator.py
[2022-07-31 01:27:24,610] {processor.py:641} INFO - Processing file /home/oury/.local/lib/python3.10/site-packages/airflow/example_dags/example_branch_day_of_week_operator.py for tasks to queue
[2022-07-31 01:27:24,611] {logging_mixin.py:115} INFO - [2022-07-31 01:27:24,611] {dagbag.py:507} INFO - Filling up the DagBag from /home/oury/.local/lib/python3.10/site-packages/airflow/example_dags/example_branch_day_of_week_operator.py
[2022-07-31 01:27:24,617] {processor.py:651} INFO - DAG(s) dict_keys(['example_weekday_branch_operator']) retrieved from /home/oury/.local/lib/python3.10/site-packages/airflow/example_dags/example_branch_day_of_week_operator.py
[2022-07-31 01:27:24,630] {logging_mixin.py:115} INFO - [2022-07-31 01:27:24,630] {dag.py:2379} INFO - Sync 1 DAGs
[2022-07-31 01:27:24,646] {logging_mixin.py:115} INFO - [2022-07-31 01:27:24,646] {dag.py:2923} INFO - Setting next_dagrun for example_weekday_branch_operator to 2022-07-30T00:00:00+00:00, run_after=2022-07-31T00:00:00+00:00
[2022-07-31 01:27:24,658] {processor.py:161} INFO - Processing /home/oury/.local/lib/python3.10/site-packages/airflow/example_dags/example_branch_day_of_week_operator.py took 0.050 seconds
[2022-07-31 01:28:05,825] {processor.py:153} INFO - Started process (PID=8449) to work on /home/oury/.local/lib/python3.10/site-packages/airflow/example_dags/example_branch_day_of_week_operator.py
[2022-07-31 01:28:05,826] {processor.py:641} INFO - Processing file /home/oury/.local/lib/python3.10/site-packages/airflow/example_dags/example_branch_day_of_week_operator.py for tasks to queue
[2022-07-31 01:28:05,826] {logging_mixin.py:115} INFO - [2022-07-31 01:28:05,826] {dagbag.py:507} INFO - Filling up the DagBag from /home/oury/.local/lib/python3.10/site-packages/airflow/example_dags/example_branch_day_of_week_operator.py
[2022-07-31 01:28:05,833] {processor.py:651} INFO - DAG(s) dict_keys(['example_weekday_branch_operator']) retrieved from /home/oury/.local/lib/python3.10/site-packages/airflow/example_dags/example_branch_day_of_week_operator.py
[2022-07-31 01:28:05,845] {logging_mixin.py:115} INFO - [2022-07-31 01:28:05,845] {dag.py:2379} INFO - Sync 1 DAGs
[2022-07-31 01:28:05,861] {logging_mixin.py:115} INFO - [2022-07-31 01:28:05,861] {dag.py:2923} INFO - Setting next_dagrun for example_weekday_branch_operator to 2022-07-30T00:00:00+00:00, run_after=2022-07-31T00:00:00+00:00
[2022-07-31 01:28:05,872] {processor.py:161} INFO - Processing /home/oury/.local/lib/python3.10/site-packages/airflow/example_dags/example_branch_day_of_week_operator.py took 0.049 seconds
[2022-07-31 01:28:48,729] {processor.py:153} INFO - Started process (PID=8592) to work on /home/oury/.local/lib/python3.10/site-packages/airflow/example_dags/example_branch_day_of_week_operator.py
[2022-07-31 01:28:48,730] {processor.py:641} INFO - Processing file /home/oury/.local/lib/python3.10/site-packages/airflow/example_dags/example_branch_day_of_week_operator.py for tasks to queue
[2022-07-31 01:28:48,730] {logging_mixin.py:115} INFO - [2022-07-31 01:28:48,730] {dagbag.py:507} INFO - Filling up the DagBag from /home/oury/.local/lib/python3.10/site-packages/airflow/example_dags/example_branch_day_of_week_operator.py
[2022-07-31 01:28:48,737] {processor.py:651} INFO - DAG(s) dict_keys(['example_weekday_branch_operator']) retrieved from /home/oury/.local/lib/python3.10/site-packages/airflow/example_dags/example_branch_day_of_week_operator.py
[2022-07-31 01:28:48,749] {logging_mixin.py:115} INFO - [2022-07-31 01:28:48,749] {dag.py:2379} INFO - Sync 1 DAGs
[2022-07-31 01:28:48,765] {logging_mixin.py:115} INFO - [2022-07-31 01:28:48,765] {dag.py:2923} INFO - Setting next_dagrun for example_weekday_branch_operator to 2022-07-30T00:00:00+00:00, run_after=2022-07-31T00:00:00+00:00
[2022-07-31 01:28:48,776] {processor.py:161} INFO - Processing /home/oury/.local/lib/python3.10/site-packages/airflow/example_dags/example_branch_day_of_week_operator.py took 0.049 seconds
[2022-07-31 01:29:31,106] {processor.py:153} INFO - Started process (PID=8676) to work on /home/oury/.local/lib/python3.10/site-packages/airflow/example_dags/example_branch_day_of_week_operator.py
[2022-07-31 01:29:31,107] {processor.py:641} INFO - Processing file /home/oury/.local/lib/python3.10/site-packages/airflow/example_dags/example_branch_day_of_week_operator.py for tasks to queue
[2022-07-31 01:29:31,107] {logging_mixin.py:115} INFO - [2022-07-31 01:29:31,107] {dagbag.py:507} INFO - Filling up the DagBag from /home/oury/.local/lib/python3.10/site-packages/airflow/example_dags/example_branch_day_of_week_operator.py
[2022-07-31 01:29:31,114] {processor.py:651} INFO - DAG(s) dict_keys(['example_weekday_branch_operator']) retrieved from /home/oury/.local/lib/python3.10/site-packages/airflow/example_dags/example_branch_day_of_week_operator.py
[2022-07-31 01:29:31,127] {logging_mixin.py:115} INFO - [2022-07-31 01:29:31,127] {dag.py:2379} INFO - Sync 1 DAGs
[2022-07-31 01:29:31,143] {logging_mixin.py:115} INFO - [2022-07-31 01:29:31,143] {dag.py:2923} INFO - Setting next_dagrun for example_weekday_branch_operator to 2022-07-30T00:00:00+00:00, run_after=2022-07-31T00:00:00+00:00
[2022-07-31 01:29:31,154] {processor.py:161} INFO - Processing /home/oury/.local/lib/python3.10/site-packages/airflow/example_dags/example_branch_day_of_week_operator.py took 0.050 seconds
[2022-07-31 01:30:18,569] {processor.py:153} INFO - Started process (PID=8787) to work on /home/oury/.local/lib/python3.10/site-packages/airflow/example_dags/example_branch_day_of_week_operator.py
[2022-07-31 01:30:18,570] {processor.py:641} INFO - Processing file /home/oury/.local/lib/python3.10/site-packages/airflow/example_dags/example_branch_day_of_week_operator.py for tasks to queue
[2022-07-31 01:30:18,570] {logging_mixin.py:115} INFO - [2022-07-31 01:30:18,570] {dagbag.py:507} INFO - Filling up the DagBag from /home/oury/.local/lib/python3.10/site-packages/airflow/example_dags/example_branch_day_of_week_operator.py
[2022-07-31 01:30:18,577] {processor.py:651} INFO - DAG(s) dict_keys(['example_weekday_branch_operator']) retrieved from /home/oury/.local/lib/python3.10/site-packages/airflow/example_dags/example_branch_day_of_week_operator.py
[2022-07-31 01:30:18,590] {logging_mixin.py:115} INFO - [2022-07-31 01:30:18,590] {dag.py:2379} INFO - Sync 1 DAGs
[2022-07-31 01:30:18,608] {logging_mixin.py:115} INFO - [2022-07-31 01:30:18,608] {dag.py:2923} INFO - Setting next_dagrun for example_weekday_branch_operator to 2022-07-30T00:00:00+00:00, run_after=2022-07-31T00:00:00+00:00
[2022-07-31 01:30:18,769] {processor.py:161} INFO - Processing /home/oury/.local/lib/python3.10/site-packages/airflow/example_dags/example_branch_day_of_week_operator.py took 0.202 seconds
[2022-07-31 01:31:00,622] {processor.py:153} INFO - Started process (PID=8970) to work on /home/oury/.local/lib/python3.10/site-packages/airflow/example_dags/example_branch_day_of_week_operator.py
[2022-07-31 01:31:00,622] {processor.py:641} INFO - Processing file /home/oury/.local/lib/python3.10/site-packages/airflow/example_dags/example_branch_day_of_week_operator.py for tasks to queue
[2022-07-31 01:31:00,623] {logging_mixin.py:115} INFO - [2022-07-31 01:31:00,623] {dagbag.py:507} INFO - Filling up the DagBag from /home/oury/.local/lib/python3.10/site-packages/airflow/example_dags/example_branch_day_of_week_operator.py
[2022-07-31 01:31:00,629] {processor.py:651} INFO - DAG(s) dict_keys(['example_weekday_branch_operator']) retrieved from /home/oury/.local/lib/python3.10/site-packages/airflow/example_dags/example_branch_day_of_week_operator.py
[2022-07-31 01:31:00,641] {logging_mixin.py:115} INFO - [2022-07-31 01:31:00,641] {dag.py:2379} INFO - Sync 1 DAGs
[2022-07-31 01:31:00,657] {logging_mixin.py:115} INFO - [2022-07-31 01:31:00,657] {dag.py:2923} INFO - Setting next_dagrun for example_weekday_branch_operator to 2022-07-30T00:00:00+00:00, run_after=2022-07-31T00:00:00+00:00
[2022-07-31 01:31:00,669] {processor.py:161} INFO - Processing /home/oury/.local/lib/python3.10/site-packages/airflow/example_dags/example_branch_day_of_week_operator.py took 0.050 seconds
[2022-07-31 01:31:42,382] {processor.py:153} INFO - Started process (PID=9047) to work on /home/oury/.local/lib/python3.10/site-packages/airflow/example_dags/example_branch_day_of_week_operator.py
[2022-07-31 01:31:42,383] {processor.py:641} INFO - Processing file /home/oury/.local/lib/python3.10/site-packages/airflow/example_dags/example_branch_day_of_week_operator.py for tasks to queue
[2022-07-31 01:31:42,383] {logging_mixin.py:115} INFO - [2022-07-31 01:31:42,383] {dagbag.py:507} INFO - Filling up the DagBag from /home/oury/.local/lib/python3.10/site-packages/airflow/example_dags/example_branch_day_of_week_operator.py
[2022-07-31 01:31:42,389] {processor.py:651} INFO - DAG(s) dict_keys(['example_weekday_branch_operator']) retrieved from /home/oury/.local/lib/python3.10/site-packages/airflow/example_dags/example_branch_day_of_week_operator.py
[2022-07-31 01:31:42,402] {logging_mixin.py:115} INFO - [2022-07-31 01:31:42,401] {dag.py:2379} INFO - Sync 1 DAGs
[2022-07-31 01:31:42,418] {logging_mixin.py:115} INFO - [2022-07-31 01:31:42,417] {dag.py:2923} INFO - Setting next_dagrun for example_weekday_branch_operator to 2022-07-30T00:00:00+00:00, run_after=2022-07-31T00:00:00+00:00
[2022-07-31 01:31:42,428] {processor.py:161} INFO - Processing /home/oury/.local/lib/python3.10/site-packages/airflow/example_dags/example_branch_day_of_week_operator.py took 0.048 seconds
[2022-07-31 01:32:22,630] {processor.py:153} INFO - Started process (PID=9146) to work on /home/oury/.local/lib/python3.10/site-packages/airflow/example_dags/example_branch_day_of_week_operator.py
[2022-07-31 01:32:22,630] {processor.py:641} INFO - Processing file /home/oury/.local/lib/python3.10/site-packages/airflow/example_dags/example_branch_day_of_week_operator.py for tasks to queue
[2022-07-31 01:32:22,631] {logging_mixin.py:115} INFO - [2022-07-31 01:32:22,631] {dagbag.py:507} INFO - Filling up the DagBag from /home/oury/.local/lib/python3.10/site-packages/airflow/example_dags/example_branch_day_of_week_operator.py
[2022-07-31 01:32:22,637] {processor.py:651} INFO - DAG(s) dict_keys(['example_weekday_branch_operator']) retrieved from /home/oury/.local/lib/python3.10/site-packages/airflow/example_dags/example_branch_day_of_week_operator.py
[2022-07-31 01:32:22,649] {logging_mixin.py:115} INFO - [2022-07-31 01:32:22,649] {dag.py:2379} INFO - Sync 1 DAGs
[2022-07-31 01:32:22,665] {logging_mixin.py:115} INFO - [2022-07-31 01:32:22,665] {dag.py:2923} INFO - Setting next_dagrun for example_weekday_branch_operator to 2022-07-30T00:00:00+00:00, run_after=2022-07-31T00:00:00+00:00
[2022-07-31 01:32:22,677] {processor.py:161} INFO - Processing /home/oury/.local/lib/python3.10/site-packages/airflow/example_dags/example_branch_day_of_week_operator.py took 0.050 seconds
[2022-07-31 01:33:03,758] {processor.py:153} INFO - Started process (PID=9227) to work on /home/oury/.local/lib/python3.10/site-packages/airflow/example_dags/example_branch_day_of_week_operator.py
[2022-07-31 01:33:03,758] {processor.py:641} INFO - Processing file /home/oury/.local/lib/python3.10/site-packages/airflow/example_dags/example_branch_day_of_week_operator.py for tasks to queue
[2022-07-31 01:33:03,759] {logging_mixin.py:115} INFO - [2022-07-31 01:33:03,758] {dagbag.py:507} INFO - Filling up the DagBag from /home/oury/.local/lib/python3.10/site-packages/airflow/example_dags/example_branch_day_of_week_operator.py
[2022-07-31 01:33:03,765] {processor.py:651} INFO - DAG(s) dict_keys(['example_weekday_branch_operator']) retrieved from /home/oury/.local/lib/python3.10/site-packages/airflow/example_dags/example_branch_day_of_week_operator.py
[2022-07-31 01:33:03,777] {logging_mixin.py:115} INFO - [2022-07-31 01:33:03,777] {dag.py:2379} INFO - Sync 1 DAGs
[2022-07-31 01:33:03,793] {logging_mixin.py:115} INFO - [2022-07-31 01:33:03,793] {dag.py:2923} INFO - Setting next_dagrun for example_weekday_branch_operator to 2022-07-30T00:00:00+00:00, run_after=2022-07-31T00:00:00+00:00
[2022-07-31 01:33:03,804] {processor.py:161} INFO - Processing /home/oury/.local/lib/python3.10/site-packages/airflow/example_dags/example_branch_day_of_week_operator.py took 0.049 seconds
[2022-07-31 01:33:46,835] {processor.py:153} INFO - Started process (PID=9417) to work on /home/oury/.local/lib/python3.10/site-packages/airflow/example_dags/example_branch_day_of_week_operator.py
[2022-07-31 01:33:46,835] {processor.py:641} INFO - Processing file /home/oury/.local/lib/python3.10/site-packages/airflow/example_dags/example_branch_day_of_week_operator.py for tasks to queue
[2022-07-31 01:33:46,836] {logging_mixin.py:115} INFO - [2022-07-31 01:33:46,836] {dagbag.py:507} INFO - Filling up the DagBag from /home/oury/.local/lib/python3.10/site-packages/airflow/example_dags/example_branch_day_of_week_operator.py
[2022-07-31 01:33:46,842] {processor.py:651} INFO - DAG(s) dict_keys(['example_weekday_branch_operator']) retrieved from /home/oury/.local/lib/python3.10/site-packages/airflow/example_dags/example_branch_day_of_week_operator.py
[2022-07-31 01:33:46,855] {logging_mixin.py:115} INFO - [2022-07-31 01:33:46,854] {dag.py:2379} INFO - Sync 1 DAGs
[2022-07-31 01:33:46,871] {logging_mixin.py:115} INFO - [2022-07-31 01:33:46,871] {dag.py:2923} INFO - Setting next_dagrun for example_weekday_branch_operator to 2022-07-30T00:00:00+00:00, run_after=2022-07-31T00:00:00+00:00
[2022-07-31 01:33:46,882] {processor.py:161} INFO - Processing /home/oury/.local/lib/python3.10/site-packages/airflow/example_dags/example_branch_day_of_week_operator.py took 0.050 seconds
[2022-07-31 01:34:28,952] {processor.py:153} INFO - Started process (PID=9645) to work on /home/oury/.local/lib/python3.10/site-packages/airflow/example_dags/example_branch_day_of_week_operator.py
[2022-07-31 01:34:28,953] {processor.py:641} INFO - Processing file /home/oury/.local/lib/python3.10/site-packages/airflow/example_dags/example_branch_day_of_week_operator.py for tasks to queue
[2022-07-31 01:34:28,953] {logging_mixin.py:115} INFO - [2022-07-31 01:34:28,953] {dagbag.py:507} INFO - Filling up the DagBag from /home/oury/.local/lib/python3.10/site-packages/airflow/example_dags/example_branch_day_of_week_operator.py
[2022-07-31 01:34:28,960] {processor.py:651} INFO - DAG(s) dict_keys(['example_weekday_branch_operator']) retrieved from /home/oury/.local/lib/python3.10/site-packages/airflow/example_dags/example_branch_day_of_week_operator.py
[2022-07-31 01:34:28,973] {logging_mixin.py:115} INFO - [2022-07-31 01:34:28,973] {dag.py:2379} INFO - Sync 1 DAGs
[2022-07-31 01:34:28,991] {logging_mixin.py:115} INFO - [2022-07-31 01:34:28,991] {dag.py:2923} INFO - Setting next_dagrun for example_weekday_branch_operator to 2022-07-30T00:00:00+00:00, run_after=2022-07-31T00:00:00+00:00
[2022-07-31 01:34:29,003] {processor.py:161} INFO - Processing /home/oury/.local/lib/python3.10/site-packages/airflow/example_dags/example_branch_day_of_week_operator.py took 0.053 seconds
[2022-07-31 01:38:10,697] {processor.py:153} INFO - Started process (PID=10354) to work on /home/oury/.local/lib/python3.10/site-packages/airflow/example_dags/example_branch_day_of_week_operator.py
[2022-07-31 01:38:10,698] {processor.py:641} INFO - Processing file /home/oury/.local/lib/python3.10/site-packages/airflow/example_dags/example_branch_day_of_week_operator.py for tasks to queue
[2022-07-31 01:38:10,698] {logging_mixin.py:115} INFO - [2022-07-31 01:38:10,698] {dagbag.py:507} INFO - Filling up the DagBag from /home/oury/.local/lib/python3.10/site-packages/airflow/example_dags/example_branch_day_of_week_operator.py
[2022-07-31 01:38:10,707] {processor.py:651} INFO - DAG(s) dict_keys(['example_weekday_branch_operator']) retrieved from /home/oury/.local/lib/python3.10/site-packages/airflow/example_dags/example_branch_day_of_week_operator.py
[2022-07-31 01:38:10,746] {logging_mixin.py:115} INFO - [2022-07-31 01:38:10,746] {dag.py:2379} INFO - Sync 1 DAGs
[2022-07-31 01:38:10,853] {logging_mixin.py:115} INFO - [2022-07-31 01:38:10,853] {dag.py:2398} INFO - Creating ORM DAG for example_weekday_branch_operator
[2022-07-31 01:38:10,863] {logging_mixin.py:115} INFO - [2022-07-31 01:38:10,862] {dag.py:2923} INFO - Setting next_dagrun for example_weekday_branch_operator to 2022-07-30T00:00:00+00:00, run_after=2022-07-31T00:00:00+00:00
[2022-07-31 01:38:10,877] {processor.py:161} INFO - Processing /home/oury/.local/lib/python3.10/site-packages/airflow/example_dags/example_branch_day_of_week_operator.py took 0.183 seconds
[2022-07-31 01:38:53,565] {processor.py:153} INFO - Started process (PID=10593) to work on /home/oury/.local/lib/python3.10/site-packages/airflow/example_dags/example_branch_day_of_week_operator.py
[2022-07-31 01:38:53,566] {processor.py:641} INFO - Processing file /home/oury/.local/lib/python3.10/site-packages/airflow/example_dags/example_branch_day_of_week_operator.py for tasks to queue
[2022-07-31 01:38:53,566] {logging_mixin.py:115} INFO - [2022-07-31 01:38:53,566] {dagbag.py:507} INFO - Filling up the DagBag from /home/oury/.local/lib/python3.10/site-packages/airflow/example_dags/example_branch_day_of_week_operator.py
[2022-07-31 01:38:53,573] {processor.py:651} INFO - DAG(s) dict_keys(['example_weekday_branch_operator']) retrieved from /home/oury/.local/lib/python3.10/site-packages/airflow/example_dags/example_branch_day_of_week_operator.py
[2022-07-31 01:38:53,585] {logging_mixin.py:115} INFO - [2022-07-31 01:38:53,585] {dag.py:2379} INFO - Sync 1 DAGs
[2022-07-31 01:38:53,602] {logging_mixin.py:115} INFO - [2022-07-31 01:38:53,602] {dag.py:2923} INFO - Setting next_dagrun for example_weekday_branch_operator to 2022-07-30T00:00:00+00:00, run_after=2022-07-31T00:00:00+00:00
[2022-07-31 01:38:53,614] {processor.py:161} INFO - Processing /home/oury/.local/lib/python3.10/site-packages/airflow/example_dags/example_branch_day_of_week_operator.py took 0.051 seconds
[2022-07-31 01:39:34,796] {processor.py:153} INFO - Started process (PID=10803) to work on /home/oury/.local/lib/python3.10/site-packages/airflow/example_dags/example_branch_day_of_week_operator.py
[2022-07-31 01:39:34,797] {processor.py:641} INFO - Processing file /home/oury/.local/lib/python3.10/site-packages/airflow/example_dags/example_branch_day_of_week_operator.py for tasks to queue
[2022-07-31 01:39:34,797] {logging_mixin.py:115} INFO - [2022-07-31 01:39:34,797] {dagbag.py:507} INFO - Filling up the DagBag from /home/oury/.local/lib/python3.10/site-packages/airflow/example_dags/example_branch_day_of_week_operator.py
[2022-07-31 01:39:34,807] {processor.py:651} INFO - DAG(s) dict_keys(['example_weekday_branch_operator']) retrieved from /home/oury/.local/lib/python3.10/site-packages/airflow/example_dags/example_branch_day_of_week_operator.py
[2022-07-31 01:39:34,826] {logging_mixin.py:115} INFO - [2022-07-31 01:39:34,826] {dag.py:2379} INFO - Sync 1 DAGs
[2022-07-31 01:39:34,849] {logging_mixin.py:115} INFO - [2022-07-31 01:39:34,849] {dag.py:2923} INFO - Setting next_dagrun for example_weekday_branch_operator to 2022-07-30T00:00:00+00:00, run_after=2022-07-31T00:00:00+00:00
[2022-07-31 01:39:34,865] {processor.py:161} INFO - Processing /home/oury/.local/lib/python3.10/site-packages/airflow/example_dags/example_branch_day_of_week_operator.py took 0.073 seconds
[2022-07-31 01:40:17,448] {processor.py:153} INFO - Started process (PID=11061) to work on /home/oury/.local/lib/python3.10/site-packages/airflow/example_dags/example_branch_day_of_week_operator.py
[2022-07-31 01:40:17,451] {processor.py:641} INFO - Processing file /home/oury/.local/lib/python3.10/site-packages/airflow/example_dags/example_branch_day_of_week_operator.py for tasks to queue
[2022-07-31 01:40:17,452] {logging_mixin.py:115} INFO - [2022-07-31 01:40:17,452] {dagbag.py:507} INFO - Filling up the DagBag from /home/oury/.local/lib/python3.10/site-packages/airflow/example_dags/example_branch_day_of_week_operator.py
[2022-07-31 01:40:17,471] {processor.py:651} INFO - DAG(s) dict_keys(['example_weekday_branch_operator']) retrieved from /home/oury/.local/lib/python3.10/site-packages/airflow/example_dags/example_branch_day_of_week_operator.py
[2022-07-31 01:40:17,487] {logging_mixin.py:115} INFO - [2022-07-31 01:40:17,487] {dag.py:2379} INFO - Sync 1 DAGs
[2022-07-31 01:40:17,507] {logging_mixin.py:115} INFO - [2022-07-31 01:40:17,507] {dag.py:2923} INFO - Setting next_dagrun for example_weekday_branch_operator to 2022-07-30T00:00:00+00:00, run_after=2022-07-31T00:00:00+00:00
[2022-07-31 01:40:17,519] {processor.py:161} INFO - Processing /home/oury/.local/lib/python3.10/site-packages/airflow/example_dags/example_branch_day_of_week_operator.py took 0.075 seconds
[2022-07-31 01:40:58,785] {processor.py:153} INFO - Started process (PID=12314) to work on /home/oury/.local/lib/python3.10/site-packages/airflow/example_dags/example_branch_day_of_week_operator.py
[2022-07-31 01:40:58,787] {processor.py:641} INFO - Processing file /home/oury/.local/lib/python3.10/site-packages/airflow/example_dags/example_branch_day_of_week_operator.py for tasks to queue
[2022-07-31 01:40:58,787] {logging_mixin.py:115} INFO - [2022-07-31 01:40:58,787] {dagbag.py:507} INFO - Filling up the DagBag from /home/oury/.local/lib/python3.10/site-packages/airflow/example_dags/example_branch_day_of_week_operator.py
[2022-07-31 01:40:58,803] {processor.py:651} INFO - DAG(s) dict_keys(['example_weekday_branch_operator']) retrieved from /home/oury/.local/lib/python3.10/site-packages/airflow/example_dags/example_branch_day_of_week_operator.py
[2022-07-31 01:40:58,835] {logging_mixin.py:115} INFO - [2022-07-31 01:40:58,835] {dag.py:2379} INFO - Sync 1 DAGs
[2022-07-31 01:40:58,876] {logging_mixin.py:115} INFO - [2022-07-31 01:40:58,876] {dag.py:2923} INFO - Setting next_dagrun for example_weekday_branch_operator to 2022-07-30T00:00:00+00:00, run_after=2022-07-31T00:00:00+00:00
[2022-07-31 01:40:58,898] {processor.py:161} INFO - Processing /home/oury/.local/lib/python3.10/site-packages/airflow/example_dags/example_branch_day_of_week_operator.py took 0.117 seconds
[2022-07-31 01:41:52,509] {processor.py:153} INFO - Started process (PID=12840) to work on /home/oury/.local/lib/python3.10/site-packages/airflow/example_dags/example_branch_day_of_week_operator.py
[2022-07-31 01:41:52,510] {processor.py:641} INFO - Processing file /home/oury/.local/lib/python3.10/site-packages/airflow/example_dags/example_branch_day_of_week_operator.py for tasks to queue
[2022-07-31 01:41:52,511] {logging_mixin.py:115} INFO - [2022-07-31 01:41:52,510] {dagbag.py:507} INFO - Filling up the DagBag from /home/oury/.local/lib/python3.10/site-packages/airflow/example_dags/example_branch_day_of_week_operator.py
[2022-07-31 01:41:52,531] {processor.py:651} INFO - DAG(s) dict_keys(['example_weekday_branch_operator']) retrieved from /home/oury/.local/lib/python3.10/site-packages/airflow/example_dags/example_branch_day_of_week_operator.py
[2022-07-31 01:41:52,547] {logging_mixin.py:115} INFO - [2022-07-31 01:41:52,547] {dag.py:2379} INFO - Sync 1 DAGs
[2022-07-31 01:41:52,567] {logging_mixin.py:115} INFO - [2022-07-31 01:41:52,567] {dag.py:2923} INFO - Setting next_dagrun for example_weekday_branch_operator to 2022-07-30T00:00:00+00:00, run_after=2022-07-31T00:00:00+00:00
[2022-07-31 01:41:52,580] {processor.py:161} INFO - Processing /home/oury/.local/lib/python3.10/site-packages/airflow/example_dags/example_branch_day_of_week_operator.py took 0.074 seconds
[2022-07-31 01:42:50,337] {processor.py:153} INFO - Started process (PID=13217) to work on /home/oury/.local/lib/python3.10/site-packages/airflow/example_dags/example_branch_day_of_week_operator.py
[2022-07-31 01:42:50,338] {processor.py:641} INFO - Processing file /home/oury/.local/lib/python3.10/site-packages/airflow/example_dags/example_branch_day_of_week_operator.py for tasks to queue
[2022-07-31 01:42:50,339] {logging_mixin.py:115} INFO - [2022-07-31 01:42:50,339] {dagbag.py:507} INFO - Filling up the DagBag from /home/oury/.local/lib/python3.10/site-packages/airflow/example_dags/example_branch_day_of_week_operator.py
[2022-07-31 01:42:50,350] {processor.py:651} INFO - DAG(s) dict_keys(['example_weekday_branch_operator']) retrieved from /home/oury/.local/lib/python3.10/site-packages/airflow/example_dags/example_branch_day_of_week_operator.py
[2022-07-31 01:42:50,363] {logging_mixin.py:115} INFO - [2022-07-31 01:42:50,363] {dag.py:2379} INFO - Sync 1 DAGs
[2022-07-31 01:42:50,380] {logging_mixin.py:115} INFO - [2022-07-31 01:42:50,380] {dag.py:2923} INFO - Setting next_dagrun for example_weekday_branch_operator to 2022-07-30T00:00:00+00:00, run_after=2022-07-31T00:00:00+00:00
[2022-07-31 01:42:50,392] {processor.py:161} INFO - Processing /home/oury/.local/lib/python3.10/site-packages/airflow/example_dags/example_branch_day_of_week_operator.py took 0.057 seconds
[2022-07-31 01:43:31,007] {processor.py:153} INFO - Started process (PID=13366) to work on /home/oury/.local/lib/python3.10/site-packages/airflow/example_dags/example_branch_day_of_week_operator.py
[2022-07-31 01:43:31,008] {processor.py:641} INFO - Processing file /home/oury/.local/lib/python3.10/site-packages/airflow/example_dags/example_branch_day_of_week_operator.py for tasks to queue
[2022-07-31 01:43:31,008] {logging_mixin.py:115} INFO - [2022-07-31 01:43:31,008] {dagbag.py:507} INFO - Filling up the DagBag from /home/oury/.local/lib/python3.10/site-packages/airflow/example_dags/example_branch_day_of_week_operator.py
[2022-07-31 01:43:31,016] {processor.py:651} INFO - DAG(s) dict_keys(['example_weekday_branch_operator']) retrieved from /home/oury/.local/lib/python3.10/site-packages/airflow/example_dags/example_branch_day_of_week_operator.py
[2022-07-31 01:43:31,030] {logging_mixin.py:115} INFO - [2022-07-31 01:43:31,030] {dag.py:2379} INFO - Sync 1 DAGs
[2022-07-31 01:43:31,047] {logging_mixin.py:115} INFO - [2022-07-31 01:43:31,047] {dag.py:2923} INFO - Setting next_dagrun for example_weekday_branch_operator to 2022-07-30T00:00:00+00:00, run_after=2022-07-31T00:00:00+00:00
[2022-07-31 01:43:31,059] {processor.py:161} INFO - Processing /home/oury/.local/lib/python3.10/site-packages/airflow/example_dags/example_branch_day_of_week_operator.py took 0.054 seconds
[2022-07-31 01:44:13,989] {processor.py:153} INFO - Started process (PID=13612) to work on /home/oury/.local/lib/python3.10/site-packages/airflow/example_dags/example_branch_day_of_week_operator.py
[2022-07-31 01:44:13,990] {processor.py:641} INFO - Processing file /home/oury/.local/lib/python3.10/site-packages/airflow/example_dags/example_branch_day_of_week_operator.py for tasks to queue
[2022-07-31 01:44:13,991] {logging_mixin.py:115} INFO - [2022-07-31 01:44:13,991] {dagbag.py:507} INFO - Filling up the DagBag from /home/oury/.local/lib/python3.10/site-packages/airflow/example_dags/example_branch_day_of_week_operator.py
[2022-07-31 01:44:13,998] {processor.py:651} INFO - DAG(s) dict_keys(['example_weekday_branch_operator']) retrieved from /home/oury/.local/lib/python3.10/site-packages/airflow/example_dags/example_branch_day_of_week_operator.py
[2022-07-31 01:44:14,016] {logging_mixin.py:115} INFO - [2022-07-31 01:44:14,016] {dag.py:2379} INFO - Sync 1 DAGs
[2022-07-31 01:44:14,039] {logging_mixin.py:115} INFO - [2022-07-31 01:44:14,039] {dag.py:2923} INFO - Setting next_dagrun for example_weekday_branch_operator to 2022-07-30T00:00:00+00:00, run_after=2022-07-31T00:00:00+00:00
[2022-07-31 01:44:14,058] {processor.py:161} INFO - Processing /home/oury/.local/lib/python3.10/site-packages/airflow/example_dags/example_branch_day_of_week_operator.py took 0.072 seconds
[2022-07-31 01:44:55,283] {processor.py:153} INFO - Started process (PID=13779) to work on /home/oury/.local/lib/python3.10/site-packages/airflow/example_dags/example_branch_day_of_week_operator.py
[2022-07-31 01:44:55,284] {processor.py:641} INFO - Processing file /home/oury/.local/lib/python3.10/site-packages/airflow/example_dags/example_branch_day_of_week_operator.py for tasks to queue
[2022-07-31 01:44:55,284] {logging_mixin.py:115} INFO - [2022-07-31 01:44:55,284] {dagbag.py:507} INFO - Filling up the DagBag from /home/oury/.local/lib/python3.10/site-packages/airflow/example_dags/example_branch_day_of_week_operator.py
[2022-07-31 01:44:55,293] {processor.py:651} INFO - DAG(s) dict_keys(['example_weekday_branch_operator']) retrieved from /home/oury/.local/lib/python3.10/site-packages/airflow/example_dags/example_branch_day_of_week_operator.py
[2022-07-31 01:44:55,309] {logging_mixin.py:115} INFO - [2022-07-31 01:44:55,309] {dag.py:2379} INFO - Sync 1 DAGs
[2022-07-31 01:44:55,327] {logging_mixin.py:115} INFO - [2022-07-31 01:44:55,327] {dag.py:2923} INFO - Setting next_dagrun for example_weekday_branch_operator to 2022-07-30T00:00:00+00:00, run_after=2022-07-31T00:00:00+00:00
[2022-07-31 01:44:55,340] {processor.py:161} INFO - Processing /home/oury/.local/lib/python3.10/site-packages/airflow/example_dags/example_branch_day_of_week_operator.py took 0.060 seconds
[2022-07-31 01:45:45,105] {processor.py:153} INFO - Started process (PID=14265) to work on /home/oury/.local/lib/python3.10/site-packages/airflow/example_dags/example_branch_day_of_week_operator.py
[2022-07-31 01:45:45,106] {processor.py:641} INFO - Processing file /home/oury/.local/lib/python3.10/site-packages/airflow/example_dags/example_branch_day_of_week_operator.py for tasks to queue
[2022-07-31 01:45:45,107] {logging_mixin.py:115} INFO - [2022-07-31 01:45:45,107] {dagbag.py:507} INFO - Filling up the DagBag from /home/oury/.local/lib/python3.10/site-packages/airflow/example_dags/example_branch_day_of_week_operator.py
[2022-07-31 01:45:45,114] {processor.py:651} INFO - DAG(s) dict_keys(['example_weekday_branch_operator']) retrieved from /home/oury/.local/lib/python3.10/site-packages/airflow/example_dags/example_branch_day_of_week_operator.py
[2022-07-31 01:45:45,127] {logging_mixin.py:115} INFO - [2022-07-31 01:45:45,127] {dag.py:2379} INFO - Sync 1 DAGs
[2022-07-31 01:45:45,144] {logging_mixin.py:115} INFO - [2022-07-31 01:45:45,144] {dag.py:2923} INFO - Setting next_dagrun for example_weekday_branch_operator to 2022-07-30T00:00:00+00:00, run_after=2022-07-31T00:00:00+00:00
[2022-07-31 01:45:45,156] {processor.py:161} INFO - Processing /home/oury/.local/lib/python3.10/site-packages/airflow/example_dags/example_branch_day_of_week_operator.py took 0.053 seconds
[2022-07-31 01:46:26,795] {processor.py:153} INFO - Started process (PID=14398) to work on /home/oury/.local/lib/python3.10/site-packages/airflow/example_dags/example_branch_day_of_week_operator.py
[2022-07-31 01:46:26,796] {processor.py:641} INFO - Processing file /home/oury/.local/lib/python3.10/site-packages/airflow/example_dags/example_branch_day_of_week_operator.py for tasks to queue
[2022-07-31 01:46:26,796] {logging_mixin.py:115} INFO - [2022-07-31 01:46:26,796] {dagbag.py:507} INFO - Filling up the DagBag from /home/oury/.local/lib/python3.10/site-packages/airflow/example_dags/example_branch_day_of_week_operator.py
[2022-07-31 01:46:26,803] {processor.py:651} INFO - DAG(s) dict_keys(['example_weekday_branch_operator']) retrieved from /home/oury/.local/lib/python3.10/site-packages/airflow/example_dags/example_branch_day_of_week_operator.py
[2022-07-31 01:46:26,817] {logging_mixin.py:115} INFO - [2022-07-31 01:46:26,817] {dag.py:2379} INFO - Sync 1 DAGs
[2022-07-31 01:46:26,834] {logging_mixin.py:115} INFO - [2022-07-31 01:46:26,834] {dag.py:2923} INFO - Setting next_dagrun for example_weekday_branch_operator to 2022-07-30T00:00:00+00:00, run_after=2022-07-31T00:00:00+00:00
[2022-07-31 01:46:26,845] {processor.py:161} INFO - Processing /home/oury/.local/lib/python3.10/site-packages/airflow/example_dags/example_branch_day_of_week_operator.py took 0.052 seconds
[2022-07-31 01:47:09,323] {processor.py:153} INFO - Started process (PID=14537) to work on /home/oury/.local/lib/python3.10/site-packages/airflow/example_dags/example_branch_day_of_week_operator.py
[2022-07-31 01:47:09,324] {processor.py:641} INFO - Processing file /home/oury/.local/lib/python3.10/site-packages/airflow/example_dags/example_branch_day_of_week_operator.py for tasks to queue
[2022-07-31 01:47:09,324] {logging_mixin.py:115} INFO - [2022-07-31 01:47:09,324] {dagbag.py:507} INFO - Filling up the DagBag from /home/oury/.local/lib/python3.10/site-packages/airflow/example_dags/example_branch_day_of_week_operator.py
[2022-07-31 01:47:09,330] {processor.py:651} INFO - DAG(s) dict_keys(['example_weekday_branch_operator']) retrieved from /home/oury/.local/lib/python3.10/site-packages/airflow/example_dags/example_branch_day_of_week_operator.py
[2022-07-31 01:47:09,343] {logging_mixin.py:115} INFO - [2022-07-31 01:47:09,343] {dag.py:2379} INFO - Sync 1 DAGs
[2022-07-31 01:47:09,359] {logging_mixin.py:115} INFO - [2022-07-31 01:47:09,359] {dag.py:2923} INFO - Setting next_dagrun for example_weekday_branch_operator to 2022-07-30T00:00:00+00:00, run_after=2022-07-31T00:00:00+00:00
[2022-07-31 01:47:09,371] {processor.py:161} INFO - Processing /home/oury/.local/lib/python3.10/site-packages/airflow/example_dags/example_branch_day_of_week_operator.py took 0.050 seconds
[2022-07-31 01:47:50,772] {processor.py:153} INFO - Started process (PID=14795) to work on /home/oury/.local/lib/python3.10/site-packages/airflow/example_dags/example_branch_day_of_week_operator.py
[2022-07-31 01:47:50,773] {processor.py:641} INFO - Processing file /home/oury/.local/lib/python3.10/site-packages/airflow/example_dags/example_branch_day_of_week_operator.py for tasks to queue
[2022-07-31 01:47:50,773] {logging_mixin.py:115} INFO - [2022-07-31 01:47:50,773] {dagbag.py:507} INFO - Filling up the DagBag from /home/oury/.local/lib/python3.10/site-packages/airflow/example_dags/example_branch_day_of_week_operator.py
[2022-07-31 01:47:50,780] {processor.py:651} INFO - DAG(s) dict_keys(['example_weekday_branch_operator']) retrieved from /home/oury/.local/lib/python3.10/site-packages/airflow/example_dags/example_branch_day_of_week_operator.py
[2022-07-31 01:47:50,793] {logging_mixin.py:115} INFO - [2022-07-31 01:47:50,793] {dag.py:2379} INFO - Sync 1 DAGs
[2022-07-31 01:47:50,809] {logging_mixin.py:115} INFO - [2022-07-31 01:47:50,809] {dag.py:2923} INFO - Setting next_dagrun for example_weekday_branch_operator to 2022-07-30T00:00:00+00:00, run_after=2022-07-31T00:00:00+00:00
[2022-07-31 01:47:50,821] {processor.py:161} INFO - Processing /home/oury/.local/lib/python3.10/site-packages/airflow/example_dags/example_branch_day_of_week_operator.py took 0.051 seconds
[2022-07-31 01:48:35,014] {processor.py:153} INFO - Started process (PID=14946) to work on /home/oury/.local/lib/python3.10/site-packages/airflow/example_dags/example_branch_day_of_week_operator.py
[2022-07-31 01:48:35,015] {processor.py:641} INFO - Processing file /home/oury/.local/lib/python3.10/site-packages/airflow/example_dags/example_branch_day_of_week_operator.py for tasks to queue
[2022-07-31 01:48:35,015] {logging_mixin.py:115} INFO - [2022-07-31 01:48:35,015] {dagbag.py:507} INFO - Filling up the DagBag from /home/oury/.local/lib/python3.10/site-packages/airflow/example_dags/example_branch_day_of_week_operator.py
[2022-07-31 01:48:35,022] {processor.py:651} INFO - DAG(s) dict_keys(['example_weekday_branch_operator']) retrieved from /home/oury/.local/lib/python3.10/site-packages/airflow/example_dags/example_branch_day_of_week_operator.py
[2022-07-31 01:48:35,034] {logging_mixin.py:115} INFO - [2022-07-31 01:48:35,034] {dag.py:2379} INFO - Sync 1 DAGs
[2022-07-31 01:48:35,051] {logging_mixin.py:115} INFO - [2022-07-31 01:48:35,051] {dag.py:2923} INFO - Setting next_dagrun for example_weekday_branch_operator to 2022-07-30T00:00:00+00:00, run_after=2022-07-31T00:00:00+00:00
[2022-07-31 01:48:35,062] {processor.py:161} INFO - Processing /home/oury/.local/lib/python3.10/site-packages/airflow/example_dags/example_branch_day_of_week_operator.py took 0.050 seconds
[2022-07-31 01:49:17,830] {processor.py:153} INFO - Started process (PID=15000) to work on /home/oury/.local/lib/python3.10/site-packages/airflow/example_dags/example_branch_day_of_week_operator.py
[2022-07-31 01:49:17,830] {processor.py:641} INFO - Processing file /home/oury/.local/lib/python3.10/site-packages/airflow/example_dags/example_branch_day_of_week_operator.py for tasks to queue
[2022-07-31 01:49:17,831] {logging_mixin.py:115} INFO - [2022-07-31 01:49:17,831] {dagbag.py:507} INFO - Filling up the DagBag from /home/oury/.local/lib/python3.10/site-packages/airflow/example_dags/example_branch_day_of_week_operator.py
[2022-07-31 01:49:17,837] {processor.py:651} INFO - DAG(s) dict_keys(['example_weekday_branch_operator']) retrieved from /home/oury/.local/lib/python3.10/site-packages/airflow/example_dags/example_branch_day_of_week_operator.py
[2022-07-31 01:49:17,850] {logging_mixin.py:115} INFO - [2022-07-31 01:49:17,849] {dag.py:2379} INFO - Sync 1 DAGs
[2022-07-31 01:49:17,866] {logging_mixin.py:115} INFO - [2022-07-31 01:49:17,866] {dag.py:2923} INFO - Setting next_dagrun for example_weekday_branch_operator to 2022-07-30T00:00:00+00:00, run_after=2022-07-31T00:00:00+00:00
[2022-07-31 01:49:17,878] {processor.py:161} INFO - Processing /home/oury/.local/lib/python3.10/site-packages/airflow/example_dags/example_branch_day_of_week_operator.py took 0.051 seconds
[2022-07-31 01:49:59,789] {processor.py:153} INFO - Started process (PID=15057) to work on /home/oury/.local/lib/python3.10/site-packages/airflow/example_dags/example_branch_day_of_week_operator.py
[2022-07-31 01:49:59,790] {processor.py:641} INFO - Processing file /home/oury/.local/lib/python3.10/site-packages/airflow/example_dags/example_branch_day_of_week_operator.py for tasks to queue
[2022-07-31 01:49:59,791] {logging_mixin.py:115} INFO - [2022-07-31 01:49:59,791] {dagbag.py:507} INFO - Filling up the DagBag from /home/oury/.local/lib/python3.10/site-packages/airflow/example_dags/example_branch_day_of_week_operator.py
[2022-07-31 01:49:59,800] {processor.py:651} INFO - DAG(s) dict_keys(['example_weekday_branch_operator']) retrieved from /home/oury/.local/lib/python3.10/site-packages/airflow/example_dags/example_branch_day_of_week_operator.py
[2022-07-31 01:49:59,813] {logging_mixin.py:115} INFO - [2022-07-31 01:49:59,813] {dag.py:2379} INFO - Sync 1 DAGs
[2022-07-31 01:49:59,829] {logging_mixin.py:115} INFO - [2022-07-31 01:49:59,829] {dag.py:2923} INFO - Setting next_dagrun for example_weekday_branch_operator to 2022-07-30T00:00:00+00:00, run_after=2022-07-31T00:00:00+00:00
[2022-07-31 01:49:59,840] {processor.py:161} INFO - Processing /home/oury/.local/lib/python3.10/site-packages/airflow/example_dags/example_branch_day_of_week_operator.py took 0.055 seconds
[2022-07-31 01:50:46,061] {processor.py:153} INFO - Started process (PID=15119) to work on /home/oury/.local/lib/python3.10/site-packages/airflow/example_dags/example_branch_day_of_week_operator.py
[2022-07-31 01:50:46,062] {processor.py:641} INFO - Processing file /home/oury/.local/lib/python3.10/site-packages/airflow/example_dags/example_branch_day_of_week_operator.py for tasks to queue
[2022-07-31 01:50:46,062] {logging_mixin.py:115} INFO - [2022-07-31 01:50:46,062] {dagbag.py:507} INFO - Filling up the DagBag from /home/oury/.local/lib/python3.10/site-packages/airflow/example_dags/example_branch_day_of_week_operator.py
[2022-07-31 01:50:46,068] {processor.py:651} INFO - DAG(s) dict_keys(['example_weekday_branch_operator']) retrieved from /home/oury/.local/lib/python3.10/site-packages/airflow/example_dags/example_branch_day_of_week_operator.py
[2022-07-31 01:50:46,081] {logging_mixin.py:115} INFO - [2022-07-31 01:50:46,081] {dag.py:2379} INFO - Sync 1 DAGs
[2022-07-31 01:50:46,097] {logging_mixin.py:115} INFO - [2022-07-31 01:50:46,097] {dag.py:2923} INFO - Setting next_dagrun for example_weekday_branch_operator to 2022-07-30T00:00:00+00:00, run_after=2022-07-31T00:00:00+00:00
[2022-07-31 01:50:46,108] {processor.py:161} INFO - Processing /home/oury/.local/lib/python3.10/site-packages/airflow/example_dags/example_branch_day_of_week_operator.py took 0.050 seconds
[2022-07-31 01:51:26,021] {processor.py:153} INFO - Started process (PID=15212) to work on /home/oury/.local/lib/python3.10/site-packages/airflow/example_dags/example_branch_day_of_week_operator.py
[2022-07-31 01:51:26,021] {processor.py:641} INFO - Processing file /home/oury/.local/lib/python3.10/site-packages/airflow/example_dags/example_branch_day_of_week_operator.py for tasks to queue
[2022-07-31 01:51:26,022] {logging_mixin.py:115} INFO - [2022-07-31 01:51:26,022] {dagbag.py:507} INFO - Filling up the DagBag from /home/oury/.local/lib/python3.10/site-packages/airflow/example_dags/example_branch_day_of_week_operator.py
[2022-07-31 01:51:26,028] {processor.py:651} INFO - DAG(s) dict_keys(['example_weekday_branch_operator']) retrieved from /home/oury/.local/lib/python3.10/site-packages/airflow/example_dags/example_branch_day_of_week_operator.py
[2022-07-31 01:51:26,041] {logging_mixin.py:115} INFO - [2022-07-31 01:51:26,041] {dag.py:2379} INFO - Sync 1 DAGs
[2022-07-31 01:51:26,057] {logging_mixin.py:115} INFO - [2022-07-31 01:51:26,057] {dag.py:2923} INFO - Setting next_dagrun for example_weekday_branch_operator to 2022-07-30T00:00:00+00:00, run_after=2022-07-31T00:00:00+00:00
[2022-07-31 01:51:26,069] {processor.py:161} INFO - Processing /home/oury/.local/lib/python3.10/site-packages/airflow/example_dags/example_branch_day_of_week_operator.py took 0.050 seconds
