[2022-07-31 01:00:15,440] {processor.py:153} INFO - Started process (PID=11787) to work on /home/oury/.local/lib/python3.10/site-packages/airflow/example_dags/example_external_task_marker_dag.py
[2022-07-31 01:00:15,440] {processor.py:641} INFO - Processing file /home/oury/.local/lib/python3.10/site-packages/airflow/example_dags/example_external_task_marker_dag.py for tasks to queue
[2022-07-31 01:00:15,441] {logging_mixin.py:115} INFO - [2022-07-31 01:00:15,441] {dagbag.py:507} INFO - Filling up the DagBag from /home/oury/.local/lib/python3.10/site-packages/airflow/example_dags/example_external_task_marker_dag.py
[2022-07-31 01:00:15,501] {processor.py:651} INFO - DAG(s) dict_keys(['example_external_task_marker_parent', 'example_external_task_marker_child']) retrieved from /home/oury/.local/lib/python3.10/site-packages/airflow/example_dags/example_external_task_marker_dag.py
[2022-07-31 01:00:16,303] {logging_mixin.py:115} INFO - [2022-07-31 01:00:16,298] {dag.py:2379} INFO - Sync 2 DAGs
[2022-07-31 01:00:16,346] {logging_mixin.py:115} INFO - [2022-07-31 01:00:16,346] {dag.py:2923} INFO - Setting next_dagrun for example_external_task_marker_child to None, run_after=None
[2022-07-31 01:00:16,347] {logging_mixin.py:115} INFO - [2022-07-31 01:00:16,347] {dag.py:2923} INFO - Setting next_dagrun for example_external_task_marker_parent to None, run_after=None
[2022-07-31 01:00:16,387] {processor.py:161} INFO - Processing /home/oury/.local/lib/python3.10/site-packages/airflow/example_dags/example_external_task_marker_dag.py took 0.964 seconds
[2022-07-31 01:19:04,461] {processor.py:153} INFO - Started process (PID=6054) to work on /home/oury/.local/lib/python3.10/site-packages/airflow/example_dags/example_external_task_marker_dag.py
[2022-07-31 01:19:04,462] {processor.py:641} INFO - Processing file /home/oury/.local/lib/python3.10/site-packages/airflow/example_dags/example_external_task_marker_dag.py for tasks to queue
[2022-07-31 01:19:04,462] {logging_mixin.py:115} INFO - [2022-07-31 01:19:04,462] {dagbag.py:507} INFO - Filling up the DagBag from /home/oury/.local/lib/python3.10/site-packages/airflow/example_dags/example_external_task_marker_dag.py
[2022-07-31 01:19:04,467] {processor.py:651} INFO - DAG(s) dict_keys(['example_external_task_marker_parent', 'example_external_task_marker_child']) retrieved from /home/oury/.local/lib/python3.10/site-packages/airflow/example_dags/example_external_task_marker_dag.py
[2022-07-31 01:19:04,496] {logging_mixin.py:115} INFO - [2022-07-31 01:19:04,496] {dag.py:2379} INFO - Sync 2 DAGs
[2022-07-31 01:19:04,511] {logging_mixin.py:115} INFO - [2022-07-31 01:19:04,511] {dag.py:2923} INFO - Setting next_dagrun for example_external_task_marker_child to None, run_after=None
[2022-07-31 01:19:04,512] {logging_mixin.py:115} INFO - [2022-07-31 01:19:04,512] {dag.py:2923} INFO - Setting next_dagrun for example_external_task_marker_parent to None, run_after=None
[2022-07-31 01:19:04,523] {processor.py:161} INFO - Processing /home/oury/.local/lib/python3.10/site-packages/airflow/example_dags/example_external_task_marker_dag.py took 0.064 seconds
[2022-07-31 01:19:46,859] {processor.py:153} INFO - Started process (PID=6288) to work on /home/oury/.local/lib/python3.10/site-packages/airflow/example_dags/example_external_task_marker_dag.py
[2022-07-31 01:19:46,860] {processor.py:641} INFO - Processing file /home/oury/.local/lib/python3.10/site-packages/airflow/example_dags/example_external_task_marker_dag.py for tasks to queue
[2022-07-31 01:19:46,860] {logging_mixin.py:115} INFO - [2022-07-31 01:19:46,860] {dagbag.py:507} INFO - Filling up the DagBag from /home/oury/.local/lib/python3.10/site-packages/airflow/example_dags/example_external_task_marker_dag.py
[2022-07-31 01:19:46,866] {processor.py:651} INFO - DAG(s) dict_keys(['example_external_task_marker_parent', 'example_external_task_marker_child']) retrieved from /home/oury/.local/lib/python3.10/site-packages/airflow/example_dags/example_external_task_marker_dag.py
[2022-07-31 01:19:46,902] {logging_mixin.py:115} INFO - [2022-07-31 01:19:46,902] {dag.py:2379} INFO - Sync 2 DAGs
[2022-07-31 01:19:46,919] {logging_mixin.py:115} INFO - [2022-07-31 01:19:46,919] {dag.py:2923} INFO - Setting next_dagrun for example_external_task_marker_child to None, run_after=None
[2022-07-31 01:19:46,920] {logging_mixin.py:115} INFO - [2022-07-31 01:19:46,920] {dag.py:2923} INFO - Setting next_dagrun for example_external_task_marker_parent to None, run_after=None
[2022-07-31 01:19:46,931] {processor.py:161} INFO - Processing /home/oury/.local/lib/python3.10/site-packages/airflow/example_dags/example_external_task_marker_dag.py took 0.076 seconds
[2022-07-31 01:20:27,785] {processor.py:153} INFO - Started process (PID=6565) to work on /home/oury/.local/lib/python3.10/site-packages/airflow/example_dags/example_external_task_marker_dag.py
[2022-07-31 01:20:27,786] {processor.py:641} INFO - Processing file /home/oury/.local/lib/python3.10/site-packages/airflow/example_dags/example_external_task_marker_dag.py for tasks to queue
[2022-07-31 01:20:27,786] {logging_mixin.py:115} INFO - [2022-07-31 01:20:27,786] {dagbag.py:507} INFO - Filling up the DagBag from /home/oury/.local/lib/python3.10/site-packages/airflow/example_dags/example_external_task_marker_dag.py
[2022-07-31 01:20:27,790] {processor.py:651} INFO - DAG(s) dict_keys(['example_external_task_marker_parent', 'example_external_task_marker_child']) retrieved from /home/oury/.local/lib/python3.10/site-packages/airflow/example_dags/example_external_task_marker_dag.py
[2022-07-31 01:20:27,819] {logging_mixin.py:115} INFO - [2022-07-31 01:20:27,819] {dag.py:2379} INFO - Sync 2 DAGs
[2022-07-31 01:20:27,834] {logging_mixin.py:115} INFO - [2022-07-31 01:20:27,834] {dag.py:2923} INFO - Setting next_dagrun for example_external_task_marker_child to None, run_after=None
[2022-07-31 01:20:27,835] {logging_mixin.py:115} INFO - [2022-07-31 01:20:27,835] {dag.py:2923} INFO - Setting next_dagrun for example_external_task_marker_parent to None, run_after=None
[2022-07-31 01:20:27,845] {processor.py:161} INFO - Processing /home/oury/.local/lib/python3.10/site-packages/airflow/example_dags/example_external_task_marker_dag.py took 0.062 seconds
[2022-07-31 01:21:10,342] {processor.py:153} INFO - Started process (PID=6886) to work on /home/oury/.local/lib/python3.10/site-packages/airflow/example_dags/example_external_task_marker_dag.py
[2022-07-31 01:21:10,342] {processor.py:641} INFO - Processing file /home/oury/.local/lib/python3.10/site-packages/airflow/example_dags/example_external_task_marker_dag.py for tasks to queue
[2022-07-31 01:21:10,343] {logging_mixin.py:115} INFO - [2022-07-31 01:21:10,343] {dagbag.py:507} INFO - Filling up the DagBag from /home/oury/.local/lib/python3.10/site-packages/airflow/example_dags/example_external_task_marker_dag.py
[2022-07-31 01:21:10,346] {processor.py:651} INFO - DAG(s) dict_keys(['example_external_task_marker_parent', 'example_external_task_marker_child']) retrieved from /home/oury/.local/lib/python3.10/site-packages/airflow/example_dags/example_external_task_marker_dag.py
[2022-07-31 01:21:10,375] {logging_mixin.py:115} INFO - [2022-07-31 01:21:10,375] {dag.py:2379} INFO - Sync 2 DAGs
[2022-07-31 01:21:10,391] {logging_mixin.py:115} INFO - [2022-07-31 01:21:10,390] {dag.py:2923} INFO - Setting next_dagrun for example_external_task_marker_child to None, run_after=None
[2022-07-31 01:21:10,391] {logging_mixin.py:115} INFO - [2022-07-31 01:21:10,391] {dag.py:2923} INFO - Setting next_dagrun for example_external_task_marker_parent to None, run_after=None
[2022-07-31 01:21:10,402] {processor.py:161} INFO - Processing /home/oury/.local/lib/python3.10/site-packages/airflow/example_dags/example_external_task_marker_dag.py took 0.062 seconds
[2022-07-31 01:21:51,997] {processor.py:153} INFO - Started process (PID=6971) to work on /home/oury/.local/lib/python3.10/site-packages/airflow/example_dags/example_external_task_marker_dag.py
[2022-07-31 01:21:51,998] {processor.py:641} INFO - Processing file /home/oury/.local/lib/python3.10/site-packages/airflow/example_dags/example_external_task_marker_dag.py for tasks to queue
[2022-07-31 01:21:51,999] {logging_mixin.py:115} INFO - [2022-07-31 01:21:51,998] {dagbag.py:507} INFO - Filling up the DagBag from /home/oury/.local/lib/python3.10/site-packages/airflow/example_dags/example_external_task_marker_dag.py
[2022-07-31 01:21:52,002] {processor.py:651} INFO - DAG(s) dict_keys(['example_external_task_marker_parent', 'example_external_task_marker_child']) retrieved from /home/oury/.local/lib/python3.10/site-packages/airflow/example_dags/example_external_task_marker_dag.py
[2022-07-31 01:21:52,038] {logging_mixin.py:115} INFO - [2022-07-31 01:21:52,038] {dag.py:2379} INFO - Sync 2 DAGs
[2022-07-31 01:21:52,067] {logging_mixin.py:115} INFO - [2022-07-31 01:21:52,067] {dag.py:2923} INFO - Setting next_dagrun for example_external_task_marker_child to None, run_after=None
[2022-07-31 01:21:52,067] {logging_mixin.py:115} INFO - [2022-07-31 01:21:52,067] {dag.py:2923} INFO - Setting next_dagrun for example_external_task_marker_parent to None, run_after=None
[2022-07-31 01:21:52,085] {processor.py:161} INFO - Processing /home/oury/.local/lib/python3.10/site-packages/airflow/example_dags/example_external_task_marker_dag.py took 0.090 seconds
[2022-07-31 01:22:36,908] {processor.py:153} INFO - Started process (PID=7421) to work on /home/oury/.local/lib/python3.10/site-packages/airflow/example_dags/example_external_task_marker_dag.py
[2022-07-31 01:22:36,908] {processor.py:641} INFO - Processing file /home/oury/.local/lib/python3.10/site-packages/airflow/example_dags/example_external_task_marker_dag.py for tasks to queue
[2022-07-31 01:22:36,909] {logging_mixin.py:115} INFO - [2022-07-31 01:22:36,909] {dagbag.py:507} INFO - Filling up the DagBag from /home/oury/.local/lib/python3.10/site-packages/airflow/example_dags/example_external_task_marker_dag.py
[2022-07-31 01:22:36,913] {processor.py:651} INFO - DAG(s) dict_keys(['example_external_task_marker_parent', 'example_external_task_marker_child']) retrieved from /home/oury/.local/lib/python3.10/site-packages/airflow/example_dags/example_external_task_marker_dag.py
[2022-07-31 01:22:36,947] {logging_mixin.py:115} INFO - [2022-07-31 01:22:36,947] {dag.py:2379} INFO - Sync 2 DAGs
[2022-07-31 01:22:36,965] {logging_mixin.py:115} INFO - [2022-07-31 01:22:36,965] {dag.py:2923} INFO - Setting next_dagrun for example_external_task_marker_child to None, run_after=None
[2022-07-31 01:22:36,965] {logging_mixin.py:115} INFO - [2022-07-31 01:22:36,965] {dag.py:2923} INFO - Setting next_dagrun for example_external_task_marker_parent to None, run_after=None
[2022-07-31 01:22:36,979] {processor.py:161} INFO - Processing /home/oury/.local/lib/python3.10/site-packages/airflow/example_dags/example_external_task_marker_dag.py took 0.074 seconds
[2022-07-31 01:23:19,768] {processor.py:153} INFO - Started process (PID=7603) to work on /home/oury/.local/lib/python3.10/site-packages/airflow/example_dags/example_external_task_marker_dag.py
[2022-07-31 01:23:19,769] {processor.py:641} INFO - Processing file /home/oury/.local/lib/python3.10/site-packages/airflow/example_dags/example_external_task_marker_dag.py for tasks to queue
[2022-07-31 01:23:19,770] {logging_mixin.py:115} INFO - [2022-07-31 01:23:19,770] {dagbag.py:507} INFO - Filling up the DagBag from /home/oury/.local/lib/python3.10/site-packages/airflow/example_dags/example_external_task_marker_dag.py
[2022-07-31 01:23:19,773] {processor.py:651} INFO - DAG(s) dict_keys(['example_external_task_marker_parent', 'example_external_task_marker_child']) retrieved from /home/oury/.local/lib/python3.10/site-packages/airflow/example_dags/example_external_task_marker_dag.py
[2022-07-31 01:23:19,802] {logging_mixin.py:115} INFO - [2022-07-31 01:23:19,802] {dag.py:2379} INFO - Sync 2 DAGs
[2022-07-31 01:23:19,817] {logging_mixin.py:115} INFO - [2022-07-31 01:23:19,817] {dag.py:2923} INFO - Setting next_dagrun for example_external_task_marker_child to None, run_after=None
[2022-07-31 01:23:19,817] {logging_mixin.py:115} INFO - [2022-07-31 01:23:19,817] {dag.py:2923} INFO - Setting next_dagrun for example_external_task_marker_parent to None, run_after=None
[2022-07-31 01:23:19,828] {processor.py:161} INFO - Processing /home/oury/.local/lib/python3.10/site-packages/airflow/example_dags/example_external_task_marker_dag.py took 0.062 seconds
[2022-07-31 01:23:59,118] {processor.py:153} INFO - Started process (PID=7719) to work on /home/oury/.local/lib/python3.10/site-packages/airflow/example_dags/example_external_task_marker_dag.py
[2022-07-31 01:23:59,118] {processor.py:641} INFO - Processing file /home/oury/.local/lib/python3.10/site-packages/airflow/example_dags/example_external_task_marker_dag.py for tasks to queue
[2022-07-31 01:23:59,119] {logging_mixin.py:115} INFO - [2022-07-31 01:23:59,119] {dagbag.py:507} INFO - Filling up the DagBag from /home/oury/.local/lib/python3.10/site-packages/airflow/example_dags/example_external_task_marker_dag.py
[2022-07-31 01:23:59,122] {processor.py:651} INFO - DAG(s) dict_keys(['example_external_task_marker_parent', 'example_external_task_marker_child']) retrieved from /home/oury/.local/lib/python3.10/site-packages/airflow/example_dags/example_external_task_marker_dag.py
[2022-07-31 01:23:59,152] {logging_mixin.py:115} INFO - [2022-07-31 01:23:59,151] {dag.py:2379} INFO - Sync 2 DAGs
[2022-07-31 01:23:59,167] {logging_mixin.py:115} INFO - [2022-07-31 01:23:59,166] {dag.py:2923} INFO - Setting next_dagrun for example_external_task_marker_child to None, run_after=None
[2022-07-31 01:23:59,167] {logging_mixin.py:115} INFO - [2022-07-31 01:23:59,167] {dag.py:2923} INFO - Setting next_dagrun for example_external_task_marker_parent to None, run_after=None
[2022-07-31 01:23:59,179] {processor.py:161} INFO - Processing /home/oury/.local/lib/python3.10/site-packages/airflow/example_dags/example_external_task_marker_dag.py took 0.064 seconds
[2022-07-31 01:25:26,074] {processor.py:153} INFO - Started process (PID=7985) to work on /home/oury/.local/lib/python3.10/site-packages/airflow/example_dags/example_external_task_marker_dag.py
[2022-07-31 01:25:26,074] {processor.py:641} INFO - Processing file /home/oury/.local/lib/python3.10/site-packages/airflow/example_dags/example_external_task_marker_dag.py for tasks to queue
[2022-07-31 01:25:26,075] {logging_mixin.py:115} INFO - [2022-07-31 01:25:26,075] {dagbag.py:507} INFO - Filling up the DagBag from /home/oury/.local/lib/python3.10/site-packages/airflow/example_dags/example_external_task_marker_dag.py
[2022-07-31 01:25:26,079] {processor.py:651} INFO - DAG(s) dict_keys(['example_external_task_marker_parent', 'example_external_task_marker_child']) retrieved from /home/oury/.local/lib/python3.10/site-packages/airflow/example_dags/example_external_task_marker_dag.py
[2022-07-31 01:25:26,109] {logging_mixin.py:115} INFO - [2022-07-31 01:25:26,109] {dag.py:2379} INFO - Sync 2 DAGs
[2022-07-31 01:25:26,125] {logging_mixin.py:115} INFO - [2022-07-31 01:25:26,125] {dag.py:2923} INFO - Setting next_dagrun for example_external_task_marker_child to None, run_after=None
[2022-07-31 01:25:26,126] {logging_mixin.py:115} INFO - [2022-07-31 01:25:26,126] {dag.py:2923} INFO - Setting next_dagrun for example_external_task_marker_parent to None, run_after=None
[2022-07-31 01:25:26,139] {processor.py:161} INFO - Processing /home/oury/.local/lib/python3.10/site-packages/airflow/example_dags/example_external_task_marker_dag.py took 0.068 seconds
[2022-07-31 01:26:07,302] {processor.py:153} INFO - Started process (PID=8125) to work on /home/oury/.local/lib/python3.10/site-packages/airflow/example_dags/example_external_task_marker_dag.py
[2022-07-31 01:26:07,302] {processor.py:641} INFO - Processing file /home/oury/.local/lib/python3.10/site-packages/airflow/example_dags/example_external_task_marker_dag.py for tasks to queue
[2022-07-31 01:26:07,303] {logging_mixin.py:115} INFO - [2022-07-31 01:26:07,303] {dagbag.py:507} INFO - Filling up the DagBag from /home/oury/.local/lib/python3.10/site-packages/airflow/example_dags/example_external_task_marker_dag.py
[2022-07-31 01:26:07,306] {processor.py:651} INFO - DAG(s) dict_keys(['example_external_task_marker_parent', 'example_external_task_marker_child']) retrieved from /home/oury/.local/lib/python3.10/site-packages/airflow/example_dags/example_external_task_marker_dag.py
[2022-07-31 01:26:07,336] {logging_mixin.py:115} INFO - [2022-07-31 01:26:07,336] {dag.py:2379} INFO - Sync 2 DAGs
[2022-07-31 01:26:07,351] {logging_mixin.py:115} INFO - [2022-07-31 01:26:07,351] {dag.py:2923} INFO - Setting next_dagrun for example_external_task_marker_child to None, run_after=None
[2022-07-31 01:26:07,351] {logging_mixin.py:115} INFO - [2022-07-31 01:26:07,351] {dag.py:2923} INFO - Setting next_dagrun for example_external_task_marker_parent to None, run_after=None
[2022-07-31 01:26:07,364] {processor.py:161} INFO - Processing /home/oury/.local/lib/python3.10/site-packages/airflow/example_dags/example_external_task_marker_dag.py took 0.064 seconds
[2022-07-31 01:26:48,706] {processor.py:153} INFO - Started process (PID=8235) to work on /home/oury/.local/lib/python3.10/site-packages/airflow/example_dags/example_external_task_marker_dag.py
[2022-07-31 01:26:48,706] {processor.py:641} INFO - Processing file /home/oury/.local/lib/python3.10/site-packages/airflow/example_dags/example_external_task_marker_dag.py for tasks to queue
[2022-07-31 01:26:48,707] {logging_mixin.py:115} INFO - [2022-07-31 01:26:48,706] {dagbag.py:507} INFO - Filling up the DagBag from /home/oury/.local/lib/python3.10/site-packages/airflow/example_dags/example_external_task_marker_dag.py
[2022-07-31 01:26:48,710] {processor.py:651} INFO - DAG(s) dict_keys(['example_external_task_marker_parent', 'example_external_task_marker_child']) retrieved from /home/oury/.local/lib/python3.10/site-packages/airflow/example_dags/example_external_task_marker_dag.py
[2022-07-31 01:26:48,739] {logging_mixin.py:115} INFO - [2022-07-31 01:26:48,739] {dag.py:2379} INFO - Sync 2 DAGs
[2022-07-31 01:26:48,754] {logging_mixin.py:115} INFO - [2022-07-31 01:26:48,754] {dag.py:2923} INFO - Setting next_dagrun for example_external_task_marker_child to None, run_after=None
[2022-07-31 01:26:48,755] {logging_mixin.py:115} INFO - [2022-07-31 01:26:48,754] {dag.py:2923} INFO - Setting next_dagrun for example_external_task_marker_parent to None, run_after=None
[2022-07-31 01:26:48,766] {processor.py:161} INFO - Processing /home/oury/.local/lib/python3.10/site-packages/airflow/example_dags/example_external_task_marker_dag.py took 0.062 seconds
[2022-07-31 01:27:30,933] {processor.py:153} INFO - Started process (PID=8317) to work on /home/oury/.local/lib/python3.10/site-packages/airflow/example_dags/example_external_task_marker_dag.py
[2022-07-31 01:27:30,934] {processor.py:641} INFO - Processing file /home/oury/.local/lib/python3.10/site-packages/airflow/example_dags/example_external_task_marker_dag.py for tasks to queue
[2022-07-31 01:27:30,934] {logging_mixin.py:115} INFO - [2022-07-31 01:27:30,934] {dagbag.py:507} INFO - Filling up the DagBag from /home/oury/.local/lib/python3.10/site-packages/airflow/example_dags/example_external_task_marker_dag.py
[2022-07-31 01:27:30,937] {processor.py:651} INFO - DAG(s) dict_keys(['example_external_task_marker_parent', 'example_external_task_marker_child']) retrieved from /home/oury/.local/lib/python3.10/site-packages/airflow/example_dags/example_external_task_marker_dag.py
[2022-07-31 01:27:30,967] {logging_mixin.py:115} INFO - [2022-07-31 01:27:30,967] {dag.py:2379} INFO - Sync 2 DAGs
[2022-07-31 01:27:30,982] {logging_mixin.py:115} INFO - [2022-07-31 01:27:30,982] {dag.py:2923} INFO - Setting next_dagrun for example_external_task_marker_child to None, run_after=None
[2022-07-31 01:27:30,982] {logging_mixin.py:115} INFO - [2022-07-31 01:27:30,982] {dag.py:2923} INFO - Setting next_dagrun for example_external_task_marker_parent to None, run_after=None
[2022-07-31 01:27:30,993] {processor.py:161} INFO - Processing /home/oury/.local/lib/python3.10/site-packages/airflow/example_dags/example_external_task_marker_dag.py took 0.063 seconds
[2022-07-31 01:28:12,090] {processor.py:153} INFO - Started process (PID=8461) to work on /home/oury/.local/lib/python3.10/site-packages/airflow/example_dags/example_external_task_marker_dag.py
[2022-07-31 01:28:12,090] {processor.py:641} INFO - Processing file /home/oury/.local/lib/python3.10/site-packages/airflow/example_dags/example_external_task_marker_dag.py for tasks to queue
[2022-07-31 01:28:12,091] {logging_mixin.py:115} INFO - [2022-07-31 01:28:12,090] {dagbag.py:507} INFO - Filling up the DagBag from /home/oury/.local/lib/python3.10/site-packages/airflow/example_dags/example_external_task_marker_dag.py
[2022-07-31 01:28:12,094] {processor.py:651} INFO - DAG(s) dict_keys(['example_external_task_marker_parent', 'example_external_task_marker_child']) retrieved from /home/oury/.local/lib/python3.10/site-packages/airflow/example_dags/example_external_task_marker_dag.py
[2022-07-31 01:28:12,123] {logging_mixin.py:115} INFO - [2022-07-31 01:28:12,123] {dag.py:2379} INFO - Sync 2 DAGs
[2022-07-31 01:28:12,138] {logging_mixin.py:115} INFO - [2022-07-31 01:28:12,138] {dag.py:2923} INFO - Setting next_dagrun for example_external_task_marker_child to None, run_after=None
[2022-07-31 01:28:12,139] {logging_mixin.py:115} INFO - [2022-07-31 01:28:12,139] {dag.py:2923} INFO - Setting next_dagrun for example_external_task_marker_parent to None, run_after=None
[2022-07-31 01:28:12,150] {processor.py:161} INFO - Processing /home/oury/.local/lib/python3.10/site-packages/airflow/example_dags/example_external_task_marker_dag.py took 0.062 seconds
[2022-07-31 01:28:52,774] {processor.py:153} INFO - Started process (PID=8598) to work on /home/oury/.local/lib/python3.10/site-packages/airflow/example_dags/example_external_task_marker_dag.py
[2022-07-31 01:28:52,774] {processor.py:641} INFO - Processing file /home/oury/.local/lib/python3.10/site-packages/airflow/example_dags/example_external_task_marker_dag.py for tasks to queue
[2022-07-31 01:28:52,774] {logging_mixin.py:115} INFO - [2022-07-31 01:28:52,774] {dagbag.py:507} INFO - Filling up the DagBag from /home/oury/.local/lib/python3.10/site-packages/airflow/example_dags/example_external_task_marker_dag.py
[2022-07-31 01:28:52,778] {processor.py:651} INFO - DAG(s) dict_keys(['example_external_task_marker_parent', 'example_external_task_marker_child']) retrieved from /home/oury/.local/lib/python3.10/site-packages/airflow/example_dags/example_external_task_marker_dag.py
[2022-07-31 01:28:52,807] {logging_mixin.py:115} INFO - [2022-07-31 01:28:52,807] {dag.py:2379} INFO - Sync 2 DAGs
[2022-07-31 01:28:52,822] {logging_mixin.py:115} INFO - [2022-07-31 01:28:52,822] {dag.py:2923} INFO - Setting next_dagrun for example_external_task_marker_child to None, run_after=None
[2022-07-31 01:28:52,822] {logging_mixin.py:115} INFO - [2022-07-31 01:28:52,822] {dag.py:2923} INFO - Setting next_dagrun for example_external_task_marker_parent to None, run_after=None
[2022-07-31 01:28:52,833] {processor.py:161} INFO - Processing /home/oury/.local/lib/python3.10/site-packages/airflow/example_dags/example_external_task_marker_dag.py took 0.062 seconds
[2022-07-31 01:29:35,845] {processor.py:153} INFO - Started process (PID=8681) to work on /home/oury/.local/lib/python3.10/site-packages/airflow/example_dags/example_external_task_marker_dag.py
[2022-07-31 01:29:35,846] {processor.py:641} INFO - Processing file /home/oury/.local/lib/python3.10/site-packages/airflow/example_dags/example_external_task_marker_dag.py for tasks to queue
[2022-07-31 01:29:35,846] {logging_mixin.py:115} INFO - [2022-07-31 01:29:35,846] {dagbag.py:507} INFO - Filling up the DagBag from /home/oury/.local/lib/python3.10/site-packages/airflow/example_dags/example_external_task_marker_dag.py
[2022-07-31 01:29:35,850] {processor.py:651} INFO - DAG(s) dict_keys(['example_external_task_marker_parent', 'example_external_task_marker_child']) retrieved from /home/oury/.local/lib/python3.10/site-packages/airflow/example_dags/example_external_task_marker_dag.py
[2022-07-31 01:29:35,879] {logging_mixin.py:115} INFO - [2022-07-31 01:29:35,879] {dag.py:2379} INFO - Sync 2 DAGs
[2022-07-31 01:29:35,894] {logging_mixin.py:115} INFO - [2022-07-31 01:29:35,894] {dag.py:2923} INFO - Setting next_dagrun for example_external_task_marker_child to None, run_after=None
[2022-07-31 01:29:35,894] {logging_mixin.py:115} INFO - [2022-07-31 01:29:35,894] {dag.py:2923} INFO - Setting next_dagrun for example_external_task_marker_parent to None, run_after=None
[2022-07-31 01:29:35,906] {processor.py:161} INFO - Processing /home/oury/.local/lib/python3.10/site-packages/airflow/example_dags/example_external_task_marker_dag.py took 0.063 seconds
[2022-07-31 01:30:27,934] {processor.py:153} INFO - Started process (PID=8822) to work on /home/oury/.local/lib/python3.10/site-packages/airflow/example_dags/example_external_task_marker_dag.py
[2022-07-31 01:30:27,938] {processor.py:641} INFO - Processing file /home/oury/.local/lib/python3.10/site-packages/airflow/example_dags/example_external_task_marker_dag.py for tasks to queue
[2022-07-31 01:30:27,938] {logging_mixin.py:115} INFO - [2022-07-31 01:30:27,938] {dagbag.py:507} INFO - Filling up the DagBag from /home/oury/.local/lib/python3.10/site-packages/airflow/example_dags/example_external_task_marker_dag.py
[2022-07-31 01:30:27,942] {processor.py:651} INFO - DAG(s) dict_keys(['example_external_task_marker_parent', 'example_external_task_marker_child']) retrieved from /home/oury/.local/lib/python3.10/site-packages/airflow/example_dags/example_external_task_marker_dag.py
[2022-07-31 01:30:27,971] {logging_mixin.py:115} INFO - [2022-07-31 01:30:27,971] {dag.py:2379} INFO - Sync 2 DAGs
[2022-07-31 01:30:27,986] {logging_mixin.py:115} INFO - [2022-07-31 01:30:27,985] {dag.py:2923} INFO - Setting next_dagrun for example_external_task_marker_child to None, run_after=None
[2022-07-31 01:30:27,986] {logging_mixin.py:115} INFO - [2022-07-31 01:30:27,986] {dag.py:2923} INFO - Setting next_dagrun for example_external_task_marker_parent to None, run_after=None
[2022-07-31 01:30:28,141] {processor.py:161} INFO - Processing /home/oury/.local/lib/python3.10/site-packages/airflow/example_dags/example_external_task_marker_dag.py took 0.209 seconds
[2022-07-31 01:31:07,173] {processor.py:153} INFO - Started process (PID=8988) to work on /home/oury/.local/lib/python3.10/site-packages/airflow/example_dags/example_external_task_marker_dag.py
[2022-07-31 01:31:07,174] {processor.py:641} INFO - Processing file /home/oury/.local/lib/python3.10/site-packages/airflow/example_dags/example_external_task_marker_dag.py for tasks to queue
[2022-07-31 01:31:07,174] {logging_mixin.py:115} INFO - [2022-07-31 01:31:07,174] {dagbag.py:507} INFO - Filling up the DagBag from /home/oury/.local/lib/python3.10/site-packages/airflow/example_dags/example_external_task_marker_dag.py
[2022-07-31 01:31:07,178] {processor.py:651} INFO - DAG(s) dict_keys(['example_external_task_marker_parent', 'example_external_task_marker_child']) retrieved from /home/oury/.local/lib/python3.10/site-packages/airflow/example_dags/example_external_task_marker_dag.py
[2022-07-31 01:31:07,207] {logging_mixin.py:115} INFO - [2022-07-31 01:31:07,207] {dag.py:2379} INFO - Sync 2 DAGs
[2022-07-31 01:31:07,222] {logging_mixin.py:115} INFO - [2022-07-31 01:31:07,221] {dag.py:2923} INFO - Setting next_dagrun for example_external_task_marker_child to None, run_after=None
[2022-07-31 01:31:07,222] {logging_mixin.py:115} INFO - [2022-07-31 01:31:07,222] {dag.py:2923} INFO - Setting next_dagrun for example_external_task_marker_parent to None, run_after=None
[2022-07-31 01:31:07,234] {processor.py:161} INFO - Processing /home/oury/.local/lib/python3.10/site-packages/airflow/example_dags/example_external_task_marker_dag.py took 0.063 seconds
[2022-07-31 01:31:50,250] {processor.py:153} INFO - Started process (PID=9096) to work on /home/oury/.local/lib/python3.10/site-packages/airflow/example_dags/example_external_task_marker_dag.py
[2022-07-31 01:31:50,251] {processor.py:641} INFO - Processing file /home/oury/.local/lib/python3.10/site-packages/airflow/example_dags/example_external_task_marker_dag.py for tasks to queue
[2022-07-31 01:31:50,251] {logging_mixin.py:115} INFO - [2022-07-31 01:31:50,251] {dagbag.py:507} INFO - Filling up the DagBag from /home/oury/.local/lib/python3.10/site-packages/airflow/example_dags/example_external_task_marker_dag.py
[2022-07-31 01:31:50,254] {processor.py:651} INFO - DAG(s) dict_keys(['example_external_task_marker_parent', 'example_external_task_marker_child']) retrieved from /home/oury/.local/lib/python3.10/site-packages/airflow/example_dags/example_external_task_marker_dag.py
[2022-07-31 01:31:50,284] {logging_mixin.py:115} INFO - [2022-07-31 01:31:50,284] {dag.py:2379} INFO - Sync 2 DAGs
[2022-07-31 01:31:50,298] {logging_mixin.py:115} INFO - [2022-07-31 01:31:50,298] {dag.py:2923} INFO - Setting next_dagrun for example_external_task_marker_child to None, run_after=None
[2022-07-31 01:31:50,299] {logging_mixin.py:115} INFO - [2022-07-31 01:31:50,299] {dag.py:2923} INFO - Setting next_dagrun for example_external_task_marker_parent to None, run_after=None
[2022-07-31 01:31:50,312] {processor.py:161} INFO - Processing /home/oury/.local/lib/python3.10/site-packages/airflow/example_dags/example_external_task_marker_dag.py took 0.065 seconds
[2022-07-31 01:32:30,945] {processor.py:153} INFO - Started process (PID=9166) to work on /home/oury/.local/lib/python3.10/site-packages/airflow/example_dags/example_external_task_marker_dag.py
[2022-07-31 01:32:30,946] {processor.py:641} INFO - Processing file /home/oury/.local/lib/python3.10/site-packages/airflow/example_dags/example_external_task_marker_dag.py for tasks to queue
[2022-07-31 01:32:30,946] {logging_mixin.py:115} INFO - [2022-07-31 01:32:30,946] {dagbag.py:507} INFO - Filling up the DagBag from /home/oury/.local/lib/python3.10/site-packages/airflow/example_dags/example_external_task_marker_dag.py
[2022-07-31 01:32:30,949] {processor.py:651} INFO - DAG(s) dict_keys(['example_external_task_marker_parent', 'example_external_task_marker_child']) retrieved from /home/oury/.local/lib/python3.10/site-packages/airflow/example_dags/example_external_task_marker_dag.py
[2022-07-31 01:32:30,978] {logging_mixin.py:115} INFO - [2022-07-31 01:32:30,978] {dag.py:2379} INFO - Sync 2 DAGs
[2022-07-31 01:32:30,993] {logging_mixin.py:115} INFO - [2022-07-31 01:32:30,993] {dag.py:2923} INFO - Setting next_dagrun for example_external_task_marker_child to None, run_after=None
[2022-07-31 01:32:30,993] {logging_mixin.py:115} INFO - [2022-07-31 01:32:30,993] {dag.py:2923} INFO - Setting next_dagrun for example_external_task_marker_parent to None, run_after=None
[2022-07-31 01:32:31,005] {processor.py:161} INFO - Processing /home/oury/.local/lib/python3.10/site-packages/airflow/example_dags/example_external_task_marker_dag.py took 0.062 seconds
[2022-07-31 01:33:11,489] {processor.py:153} INFO - Started process (PID=9251) to work on /home/oury/.local/lib/python3.10/site-packages/airflow/example_dags/example_external_task_marker_dag.py
[2022-07-31 01:33:11,489] {processor.py:641} INFO - Processing file /home/oury/.local/lib/python3.10/site-packages/airflow/example_dags/example_external_task_marker_dag.py for tasks to queue
[2022-07-31 01:33:11,490] {logging_mixin.py:115} INFO - [2022-07-31 01:33:11,490] {dagbag.py:507} INFO - Filling up the DagBag from /home/oury/.local/lib/python3.10/site-packages/airflow/example_dags/example_external_task_marker_dag.py
[2022-07-31 01:33:11,493] {processor.py:651} INFO - DAG(s) dict_keys(['example_external_task_marker_parent', 'example_external_task_marker_child']) retrieved from /home/oury/.local/lib/python3.10/site-packages/airflow/example_dags/example_external_task_marker_dag.py
[2022-07-31 01:33:11,522] {logging_mixin.py:115} INFO - [2022-07-31 01:33:11,522] {dag.py:2379} INFO - Sync 2 DAGs
[2022-07-31 01:33:11,536] {logging_mixin.py:115} INFO - [2022-07-31 01:33:11,536] {dag.py:2923} INFO - Setting next_dagrun for example_external_task_marker_child to None, run_after=None
[2022-07-31 01:33:11,537] {logging_mixin.py:115} INFO - [2022-07-31 01:33:11,537] {dag.py:2923} INFO - Setting next_dagrun for example_external_task_marker_parent to None, run_after=None
[2022-07-31 01:33:11,547] {processor.py:161} INFO - Processing /home/oury/.local/lib/python3.10/site-packages/airflow/example_dags/example_external_task_marker_dag.py took 0.061 seconds
[2022-07-31 01:33:53,698] {processor.py:153} INFO - Started process (PID=9476) to work on /home/oury/.local/lib/python3.10/site-packages/airflow/example_dags/example_external_task_marker_dag.py
[2022-07-31 01:33:53,698] {processor.py:641} INFO - Processing file /home/oury/.local/lib/python3.10/site-packages/airflow/example_dags/example_external_task_marker_dag.py for tasks to queue
[2022-07-31 01:33:53,699] {logging_mixin.py:115} INFO - [2022-07-31 01:33:53,699] {dagbag.py:507} INFO - Filling up the DagBag from /home/oury/.local/lib/python3.10/site-packages/airflow/example_dags/example_external_task_marker_dag.py
[2022-07-31 01:33:53,702] {processor.py:651} INFO - DAG(s) dict_keys(['example_external_task_marker_parent', 'example_external_task_marker_child']) retrieved from /home/oury/.local/lib/python3.10/site-packages/airflow/example_dags/example_external_task_marker_dag.py
[2022-07-31 01:33:53,731] {logging_mixin.py:115} INFO - [2022-07-31 01:33:53,731] {dag.py:2379} INFO - Sync 2 DAGs
[2022-07-31 01:33:53,746] {logging_mixin.py:115} INFO - [2022-07-31 01:33:53,746] {dag.py:2923} INFO - Setting next_dagrun for example_external_task_marker_child to None, run_after=None
[2022-07-31 01:33:53,746] {logging_mixin.py:115} INFO - [2022-07-31 01:33:53,746] {dag.py:2923} INFO - Setting next_dagrun for example_external_task_marker_parent to None, run_after=None
[2022-07-31 01:33:53,757] {processor.py:161} INFO - Processing /home/oury/.local/lib/python3.10/site-packages/airflow/example_dags/example_external_task_marker_dag.py took 0.061 seconds
[2022-07-31 01:34:36,489] {processor.py:153} INFO - Started process (PID=9662) to work on /home/oury/.local/lib/python3.10/site-packages/airflow/example_dags/example_external_task_marker_dag.py
[2022-07-31 01:34:36,490] {processor.py:641} INFO - Processing file /home/oury/.local/lib/python3.10/site-packages/airflow/example_dags/example_external_task_marker_dag.py for tasks to queue
[2022-07-31 01:34:36,490] {logging_mixin.py:115} INFO - [2022-07-31 01:34:36,490] {dagbag.py:507} INFO - Filling up the DagBag from /home/oury/.local/lib/python3.10/site-packages/airflow/example_dags/example_external_task_marker_dag.py
[2022-07-31 01:34:36,494] {processor.py:651} INFO - DAG(s) dict_keys(['example_external_task_marker_parent', 'example_external_task_marker_child']) retrieved from /home/oury/.local/lib/python3.10/site-packages/airflow/example_dags/example_external_task_marker_dag.py
[2022-07-31 01:34:36,522] {logging_mixin.py:115} INFO - [2022-07-31 01:34:36,522] {dag.py:2379} INFO - Sync 2 DAGs
[2022-07-31 01:34:36,537] {logging_mixin.py:115} INFO - [2022-07-31 01:34:36,537] {dag.py:2923} INFO - Setting next_dagrun for example_external_task_marker_child to None, run_after=None
[2022-07-31 01:34:36,537] {logging_mixin.py:115} INFO - [2022-07-31 01:34:36,537] {dag.py:2923} INFO - Setting next_dagrun for example_external_task_marker_parent to None, run_after=None
[2022-07-31 01:34:36,548] {processor.py:161} INFO - Processing /home/oury/.local/lib/python3.10/site-packages/airflow/example_dags/example_external_task_marker_dag.py took 0.061 seconds
[2022-07-31 01:38:15,938] {processor.py:153} INFO - Started process (PID=10423) to work on /home/oury/.local/lib/python3.10/site-packages/airflow/example_dags/example_external_task_marker_dag.py
[2022-07-31 01:38:15,939] {processor.py:641} INFO - Processing file /home/oury/.local/lib/python3.10/site-packages/airflow/example_dags/example_external_task_marker_dag.py for tasks to queue
[2022-07-31 01:38:15,939] {logging_mixin.py:115} INFO - [2022-07-31 01:38:15,939] {dagbag.py:507} INFO - Filling up the DagBag from /home/oury/.local/lib/python3.10/site-packages/airflow/example_dags/example_external_task_marker_dag.py
[2022-07-31 01:38:15,943] {processor.py:651} INFO - DAG(s) dict_keys(['example_external_task_marker_parent', 'example_external_task_marker_child']) retrieved from /home/oury/.local/lib/python3.10/site-packages/airflow/example_dags/example_external_task_marker_dag.py
[2022-07-31 01:38:16,195] {logging_mixin.py:115} INFO - [2022-07-31 01:38:16,195] {dag.py:2379} INFO - Sync 2 DAGs
[2022-07-31 01:38:16,206] {logging_mixin.py:115} INFO - [2022-07-31 01:38:16,206] {dag.py:2398} INFO - Creating ORM DAG for example_external_task_marker_parent
[2022-07-31 01:38:16,207] {logging_mixin.py:115} INFO - [2022-07-31 01:38:16,207] {dag.py:2398} INFO - Creating ORM DAG for example_external_task_marker_child
[2022-07-31 01:38:16,223] {logging_mixin.py:115} INFO - [2022-07-31 01:38:16,223] {dag.py:2923} INFO - Setting next_dagrun for example_external_task_marker_child to None, run_after=None
[2022-07-31 01:38:16,224] {logging_mixin.py:115} INFO - [2022-07-31 01:38:16,224] {dag.py:2923} INFO - Setting next_dagrun for example_external_task_marker_parent to None, run_after=None
[2022-07-31 01:38:16,254] {processor.py:161} INFO - Processing /home/oury/.local/lib/python3.10/site-packages/airflow/example_dags/example_external_task_marker_dag.py took 0.319 seconds
[2022-07-31 01:38:57,565] {processor.py:153} INFO - Started process (PID=10640) to work on /home/oury/.local/lib/python3.10/site-packages/airflow/example_dags/example_external_task_marker_dag.py
[2022-07-31 01:38:57,566] {processor.py:641} INFO - Processing file /home/oury/.local/lib/python3.10/site-packages/airflow/example_dags/example_external_task_marker_dag.py for tasks to queue
[2022-07-31 01:38:57,566] {logging_mixin.py:115} INFO - [2022-07-31 01:38:57,566] {dagbag.py:507} INFO - Filling up the DagBag from /home/oury/.local/lib/python3.10/site-packages/airflow/example_dags/example_external_task_marker_dag.py
[2022-07-31 01:38:57,570] {processor.py:651} INFO - DAG(s) dict_keys(['example_external_task_marker_parent', 'example_external_task_marker_child']) retrieved from /home/oury/.local/lib/python3.10/site-packages/airflow/example_dags/example_external_task_marker_dag.py
[2022-07-31 01:38:57,599] {logging_mixin.py:115} INFO - [2022-07-31 01:38:57,599] {dag.py:2379} INFO - Sync 2 DAGs
[2022-07-31 01:38:57,615] {logging_mixin.py:115} INFO - [2022-07-31 01:38:57,614] {dag.py:2923} INFO - Setting next_dagrun for example_external_task_marker_child to None, run_after=None
[2022-07-31 01:38:57,615] {logging_mixin.py:115} INFO - [2022-07-31 01:38:57,615] {dag.py:2923} INFO - Setting next_dagrun for example_external_task_marker_parent to None, run_after=None
[2022-07-31 01:38:57,626] {processor.py:161} INFO - Processing /home/oury/.local/lib/python3.10/site-packages/airflow/example_dags/example_external_task_marker_dag.py took 0.063 seconds
[2022-07-31 01:39:38,794] {processor.py:153} INFO - Started process (PID=10842) to work on /home/oury/.local/lib/python3.10/site-packages/airflow/example_dags/example_external_task_marker_dag.py
[2022-07-31 01:39:38,794] {processor.py:641} INFO - Processing file /home/oury/.local/lib/python3.10/site-packages/airflow/example_dags/example_external_task_marker_dag.py for tasks to queue
[2022-07-31 01:39:38,795] {logging_mixin.py:115} INFO - [2022-07-31 01:39:38,795] {dagbag.py:507} INFO - Filling up the DagBag from /home/oury/.local/lib/python3.10/site-packages/airflow/example_dags/example_external_task_marker_dag.py
[2022-07-31 01:39:38,798] {processor.py:651} INFO - DAG(s) dict_keys(['example_external_task_marker_parent', 'example_external_task_marker_child']) retrieved from /home/oury/.local/lib/python3.10/site-packages/airflow/example_dags/example_external_task_marker_dag.py
[2022-07-31 01:39:38,827] {logging_mixin.py:115} INFO - [2022-07-31 01:39:38,827] {dag.py:2379} INFO - Sync 2 DAGs
[2022-07-31 01:39:38,842] {logging_mixin.py:115} INFO - [2022-07-31 01:39:38,842] {dag.py:2923} INFO - Setting next_dagrun for example_external_task_marker_child to None, run_after=None
[2022-07-31 01:39:38,842] {logging_mixin.py:115} INFO - [2022-07-31 01:39:38,842] {dag.py:2923} INFO - Setting next_dagrun for example_external_task_marker_parent to None, run_after=None
[2022-07-31 01:39:38,853] {processor.py:161} INFO - Processing /home/oury/.local/lib/python3.10/site-packages/airflow/example_dags/example_external_task_marker_dag.py took 0.062 seconds
[2022-07-31 01:40:21,514] {processor.py:153} INFO - Started process (PID=11065) to work on /home/oury/.local/lib/python3.10/site-packages/airflow/example_dags/example_external_task_marker_dag.py
[2022-07-31 01:40:21,515] {processor.py:641} INFO - Processing file /home/oury/.local/lib/python3.10/site-packages/airflow/example_dags/example_external_task_marker_dag.py for tasks to queue
[2022-07-31 01:40:21,515] {logging_mixin.py:115} INFO - [2022-07-31 01:40:21,515] {dagbag.py:507} INFO - Filling up the DagBag from /home/oury/.local/lib/python3.10/site-packages/airflow/example_dags/example_external_task_marker_dag.py
[2022-07-31 01:40:21,519] {processor.py:651} INFO - DAG(s) dict_keys(['example_external_task_marker_parent', 'example_external_task_marker_child']) retrieved from /home/oury/.local/lib/python3.10/site-packages/airflow/example_dags/example_external_task_marker_dag.py
[2022-07-31 01:40:21,548] {logging_mixin.py:115} INFO - [2022-07-31 01:40:21,548] {dag.py:2379} INFO - Sync 2 DAGs
[2022-07-31 01:40:21,563] {logging_mixin.py:115} INFO - [2022-07-31 01:40:21,563] {dag.py:2923} INFO - Setting next_dagrun for example_external_task_marker_child to None, run_after=None
[2022-07-31 01:40:21,563] {logging_mixin.py:115} INFO - [2022-07-31 01:40:21,563] {dag.py:2923} INFO - Setting next_dagrun for example_external_task_marker_parent to None, run_after=None
[2022-07-31 01:40:21,574] {processor.py:161} INFO - Processing /home/oury/.local/lib/python3.10/site-packages/airflow/example_dags/example_external_task_marker_dag.py took 0.063 seconds
[2022-07-31 01:41:06,717] {processor.py:153} INFO - Started process (PID=12483) to work on /home/oury/.local/lib/python3.10/site-packages/airflow/example_dags/example_external_task_marker_dag.py
[2022-07-31 01:41:06,718] {processor.py:641} INFO - Processing file /home/oury/.local/lib/python3.10/site-packages/airflow/example_dags/example_external_task_marker_dag.py for tasks to queue
[2022-07-31 01:41:06,719] {logging_mixin.py:115} INFO - [2022-07-31 01:41:06,719] {dagbag.py:507} INFO - Filling up the DagBag from /home/oury/.local/lib/python3.10/site-packages/airflow/example_dags/example_external_task_marker_dag.py
[2022-07-31 01:41:06,724] {processor.py:651} INFO - DAG(s) dict_keys(['example_external_task_marker_parent', 'example_external_task_marker_child']) retrieved from /home/oury/.local/lib/python3.10/site-packages/airflow/example_dags/example_external_task_marker_dag.py
[2022-07-31 01:41:07,046] {logging_mixin.py:115} INFO - [2022-07-31 01:41:07,045] {dag.py:2379} INFO - Sync 2 DAGs
[2022-07-31 01:41:07,061] {logging_mixin.py:115} INFO - [2022-07-31 01:41:07,061] {dag.py:2923} INFO - Setting next_dagrun for example_external_task_marker_child to None, run_after=None
[2022-07-31 01:41:07,061] {logging_mixin.py:115} INFO - [2022-07-31 01:41:07,061] {dag.py:2923} INFO - Setting next_dagrun for example_external_task_marker_parent to None, run_after=None
[2022-07-31 01:41:07,073] {processor.py:161} INFO - Processing /home/oury/.local/lib/python3.10/site-packages/airflow/example_dags/example_external_task_marker_dag.py took 0.359 seconds
[2022-07-31 01:42:55,050] {processor.py:153} INFO - Started process (PID=13249) to work on /home/oury/.local/lib/python3.10/site-packages/airflow/example_dags/example_external_task_marker_dag.py
[2022-07-31 01:42:55,051] {processor.py:641} INFO - Processing file /home/oury/.local/lib/python3.10/site-packages/airflow/example_dags/example_external_task_marker_dag.py for tasks to queue
[2022-07-31 01:42:55,052] {logging_mixin.py:115} INFO - [2022-07-31 01:42:55,051] {dagbag.py:507} INFO - Filling up the DagBag from /home/oury/.local/lib/python3.10/site-packages/airflow/example_dags/example_external_task_marker_dag.py
[2022-07-31 01:42:55,055] {processor.py:651} INFO - DAG(s) dict_keys(['example_external_task_marker_parent', 'example_external_task_marker_child']) retrieved from /home/oury/.local/lib/python3.10/site-packages/airflow/example_dags/example_external_task_marker_dag.py
[2022-07-31 01:42:55,087] {logging_mixin.py:115} INFO - [2022-07-31 01:42:55,086] {dag.py:2379} INFO - Sync 2 DAGs
[2022-07-31 01:42:55,103] {logging_mixin.py:115} INFO - [2022-07-31 01:42:55,102] {dag.py:2923} INFO - Setting next_dagrun for example_external_task_marker_child to None, run_after=None
[2022-07-31 01:42:55,103] {logging_mixin.py:115} INFO - [2022-07-31 01:42:55,103] {dag.py:2923} INFO - Setting next_dagrun for example_external_task_marker_parent to None, run_after=None
[2022-07-31 01:42:55,115] {processor.py:161} INFO - Processing /home/oury/.local/lib/python3.10/site-packages/airflow/example_dags/example_external_task_marker_dag.py took 0.067 seconds
[2022-07-31 01:43:36,865] {processor.py:153} INFO - Started process (PID=13401) to work on /home/oury/.local/lib/python3.10/site-packages/airflow/example_dags/example_external_task_marker_dag.py
[2022-07-31 01:43:36,866] {processor.py:641} INFO - Processing file /home/oury/.local/lib/python3.10/site-packages/airflow/example_dags/example_external_task_marker_dag.py for tasks to queue
[2022-07-31 01:43:36,866] {logging_mixin.py:115} INFO - [2022-07-31 01:43:36,866] {dagbag.py:507} INFO - Filling up the DagBag from /home/oury/.local/lib/python3.10/site-packages/airflow/example_dags/example_external_task_marker_dag.py
[2022-07-31 01:43:36,870] {processor.py:651} INFO - DAG(s) dict_keys(['example_external_task_marker_parent', 'example_external_task_marker_child']) retrieved from /home/oury/.local/lib/python3.10/site-packages/airflow/example_dags/example_external_task_marker_dag.py
[2022-07-31 01:43:36,902] {logging_mixin.py:115} INFO - [2022-07-31 01:43:36,902] {dag.py:2379} INFO - Sync 2 DAGs
[2022-07-31 01:43:36,919] {logging_mixin.py:115} INFO - [2022-07-31 01:43:36,919] {dag.py:2923} INFO - Setting next_dagrun for example_external_task_marker_child to None, run_after=None
[2022-07-31 01:43:36,919] {logging_mixin.py:115} INFO - [2022-07-31 01:43:36,919] {dag.py:2923} INFO - Setting next_dagrun for example_external_task_marker_parent to None, run_after=None
[2022-07-31 01:43:36,931] {processor.py:161} INFO - Processing /home/oury/.local/lib/python3.10/site-packages/airflow/example_dags/example_external_task_marker_dag.py took 0.069 seconds
[2022-07-31 01:44:17,912] {processor.py:153} INFO - Started process (PID=13671) to work on /home/oury/.local/lib/python3.10/site-packages/airflow/example_dags/example_external_task_marker_dag.py
[2022-07-31 01:44:17,913] {processor.py:641} INFO - Processing file /home/oury/.local/lib/python3.10/site-packages/airflow/example_dags/example_external_task_marker_dag.py for tasks to queue
[2022-07-31 01:44:17,913] {logging_mixin.py:115} INFO - [2022-07-31 01:44:17,913] {dagbag.py:507} INFO - Filling up the DagBag from /home/oury/.local/lib/python3.10/site-packages/airflow/example_dags/example_external_task_marker_dag.py
[2022-07-31 01:44:17,917] {processor.py:651} INFO - DAG(s) dict_keys(['example_external_task_marker_parent', 'example_external_task_marker_child']) retrieved from /home/oury/.local/lib/python3.10/site-packages/airflow/example_dags/example_external_task_marker_dag.py
[2022-07-31 01:44:17,951] {logging_mixin.py:115} INFO - [2022-07-31 01:44:17,951] {dag.py:2379} INFO - Sync 2 DAGs
[2022-07-31 01:44:17,970] {logging_mixin.py:115} INFO - [2022-07-31 01:44:17,970] {dag.py:2923} INFO - Setting next_dagrun for example_external_task_marker_child to None, run_after=None
[2022-07-31 01:44:17,970] {logging_mixin.py:115} INFO - [2022-07-31 01:44:17,970] {dag.py:2923} INFO - Setting next_dagrun for example_external_task_marker_parent to None, run_after=None
[2022-07-31 01:44:17,982] {processor.py:161} INFO - Processing /home/oury/.local/lib/python3.10/site-packages/airflow/example_dags/example_external_task_marker_dag.py took 0.073 seconds
[2022-07-31 01:44:59,281] {processor.py:153} INFO - Started process (PID=13783) to work on /home/oury/.local/lib/python3.10/site-packages/airflow/example_dags/example_external_task_marker_dag.py
[2022-07-31 01:44:59,282] {processor.py:641} INFO - Processing file /home/oury/.local/lib/python3.10/site-packages/airflow/example_dags/example_external_task_marker_dag.py for tasks to queue
[2022-07-31 01:44:59,282] {logging_mixin.py:115} INFO - [2022-07-31 01:44:59,282] {dagbag.py:507} INFO - Filling up the DagBag from /home/oury/.local/lib/python3.10/site-packages/airflow/example_dags/example_external_task_marker_dag.py
[2022-07-31 01:44:59,286] {processor.py:651} INFO - DAG(s) dict_keys(['example_external_task_marker_parent', 'example_external_task_marker_child']) retrieved from /home/oury/.local/lib/python3.10/site-packages/airflow/example_dags/example_external_task_marker_dag.py
[2022-07-31 01:44:59,318] {logging_mixin.py:115} INFO - [2022-07-31 01:44:59,318] {dag.py:2379} INFO - Sync 2 DAGs
[2022-07-31 01:44:59,333] {logging_mixin.py:115} INFO - [2022-07-31 01:44:59,333] {dag.py:2923} INFO - Setting next_dagrun for example_external_task_marker_child to None, run_after=None
[2022-07-31 01:44:59,334] {logging_mixin.py:115} INFO - [2022-07-31 01:44:59,334] {dag.py:2923} INFO - Setting next_dagrun for example_external_task_marker_parent to None, run_after=None
[2022-07-31 01:44:59,345] {processor.py:161} INFO - Processing /home/oury/.local/lib/python3.10/site-packages/airflow/example_dags/example_external_task_marker_dag.py took 0.066 seconds
[2022-07-31 01:45:49,190] {processor.py:153} INFO - Started process (PID=14270) to work on /home/oury/.local/lib/python3.10/site-packages/airflow/example_dags/example_external_task_marker_dag.py
[2022-07-31 01:45:49,191] {processor.py:641} INFO - Processing file /home/oury/.local/lib/python3.10/site-packages/airflow/example_dags/example_external_task_marker_dag.py for tasks to queue
[2022-07-31 01:45:49,192] {logging_mixin.py:115} INFO - [2022-07-31 01:45:49,192] {dagbag.py:507} INFO - Filling up the DagBag from /home/oury/.local/lib/python3.10/site-packages/airflow/example_dags/example_external_task_marker_dag.py
[2022-07-31 01:45:49,198] {processor.py:651} INFO - DAG(s) dict_keys(['example_external_task_marker_parent', 'example_external_task_marker_child']) retrieved from /home/oury/.local/lib/python3.10/site-packages/airflow/example_dags/example_external_task_marker_dag.py
[2022-07-31 01:45:49,243] {logging_mixin.py:115} INFO - [2022-07-31 01:45:49,243] {dag.py:2379} INFO - Sync 2 DAGs
[2022-07-31 01:45:49,264] {logging_mixin.py:115} INFO - [2022-07-31 01:45:49,264] {dag.py:2923} INFO - Setting next_dagrun for example_external_task_marker_child to None, run_after=None
[2022-07-31 01:45:49,265] {logging_mixin.py:115} INFO - [2022-07-31 01:45:49,265] {dag.py:2923} INFO - Setting next_dagrun for example_external_task_marker_parent to None, run_after=None
[2022-07-31 01:45:49,280] {processor.py:161} INFO - Processing /home/oury/.local/lib/python3.10/site-packages/airflow/example_dags/example_external_task_marker_dag.py took 0.092 seconds
[2022-07-31 01:46:30,641] {processor.py:153} INFO - Started process (PID=14421) to work on /home/oury/.local/lib/python3.10/site-packages/airflow/example_dags/example_external_task_marker_dag.py
[2022-07-31 01:46:30,642] {processor.py:641} INFO - Processing file /home/oury/.local/lib/python3.10/site-packages/airflow/example_dags/example_external_task_marker_dag.py for tasks to queue
[2022-07-31 01:46:30,642] {logging_mixin.py:115} INFO - [2022-07-31 01:46:30,642] {dagbag.py:507} INFO - Filling up the DagBag from /home/oury/.local/lib/python3.10/site-packages/airflow/example_dags/example_external_task_marker_dag.py
[2022-07-31 01:46:30,647] {processor.py:651} INFO - DAG(s) dict_keys(['example_external_task_marker_parent', 'example_external_task_marker_child']) retrieved from /home/oury/.local/lib/python3.10/site-packages/airflow/example_dags/example_external_task_marker_dag.py
[2022-07-31 01:46:30,686] {logging_mixin.py:115} INFO - [2022-07-31 01:46:30,686] {dag.py:2379} INFO - Sync 2 DAGs
[2022-07-31 01:46:30,710] {logging_mixin.py:115} INFO - [2022-07-31 01:46:30,710] {dag.py:2923} INFO - Setting next_dagrun for example_external_task_marker_child to None, run_after=None
[2022-07-31 01:46:30,710] {logging_mixin.py:115} INFO - [2022-07-31 01:46:30,710] {dag.py:2923} INFO - Setting next_dagrun for example_external_task_marker_parent to None, run_after=None
[2022-07-31 01:46:30,726] {processor.py:161} INFO - Processing /home/oury/.local/lib/python3.10/site-packages/airflow/example_dags/example_external_task_marker_dag.py took 0.089 seconds
[2022-07-31 01:47:13,148] {processor.py:153} INFO - Started process (PID=14572) to work on /home/oury/.local/lib/python3.10/site-packages/airflow/example_dags/example_external_task_marker_dag.py
[2022-07-31 01:47:13,149] {processor.py:641} INFO - Processing file /home/oury/.local/lib/python3.10/site-packages/airflow/example_dags/example_external_task_marker_dag.py for tasks to queue
[2022-07-31 01:47:13,150] {logging_mixin.py:115} INFO - [2022-07-31 01:47:13,149] {dagbag.py:507} INFO - Filling up the DagBag from /home/oury/.local/lib/python3.10/site-packages/airflow/example_dags/example_external_task_marker_dag.py
[2022-07-31 01:47:13,155] {processor.py:651} INFO - DAG(s) dict_keys(['example_external_task_marker_parent', 'example_external_task_marker_child']) retrieved from /home/oury/.local/lib/python3.10/site-packages/airflow/example_dags/example_external_task_marker_dag.py
[2022-07-31 01:47:13,214] {logging_mixin.py:115} INFO - [2022-07-31 01:47:13,213] {dag.py:2379} INFO - Sync 2 DAGs
[2022-07-31 01:47:13,249] {logging_mixin.py:115} INFO - [2022-07-31 01:47:13,249] {dag.py:2923} INFO - Setting next_dagrun for example_external_task_marker_child to None, run_after=None
[2022-07-31 01:47:13,250] {logging_mixin.py:115} INFO - [2022-07-31 01:47:13,250] {dag.py:2923} INFO - Setting next_dagrun for example_external_task_marker_parent to None, run_after=None
[2022-07-31 01:47:13,282] {processor.py:161} INFO - Processing /home/oury/.local/lib/python3.10/site-packages/airflow/example_dags/example_external_task_marker_dag.py took 0.138 seconds
[2022-07-31 01:47:55,459] {processor.py:153} INFO - Started process (PID=14828) to work on /home/oury/.local/lib/python3.10/site-packages/airflow/example_dags/example_external_task_marker_dag.py
[2022-07-31 01:47:55,459] {processor.py:641} INFO - Processing file /home/oury/.local/lib/python3.10/site-packages/airflow/example_dags/example_external_task_marker_dag.py for tasks to queue
[2022-07-31 01:47:55,460] {logging_mixin.py:115} INFO - [2022-07-31 01:47:55,460] {dagbag.py:507} INFO - Filling up the DagBag from /home/oury/.local/lib/python3.10/site-packages/airflow/example_dags/example_external_task_marker_dag.py
[2022-07-31 01:47:55,463] {processor.py:651} INFO - DAG(s) dict_keys(['example_external_task_marker_parent', 'example_external_task_marker_child']) retrieved from /home/oury/.local/lib/python3.10/site-packages/airflow/example_dags/example_external_task_marker_dag.py
[2022-07-31 01:47:55,492] {logging_mixin.py:115} INFO - [2022-07-31 01:47:55,491] {dag.py:2379} INFO - Sync 2 DAGs
[2022-07-31 01:47:55,507] {logging_mixin.py:115} INFO - [2022-07-31 01:47:55,507] {dag.py:2923} INFO - Setting next_dagrun for example_external_task_marker_child to None, run_after=None
[2022-07-31 01:47:55,507] {logging_mixin.py:115} INFO - [2022-07-31 01:47:55,507] {dag.py:2923} INFO - Setting next_dagrun for example_external_task_marker_parent to None, run_after=None
[2022-07-31 01:47:55,518] {processor.py:161} INFO - Processing /home/oury/.local/lib/python3.10/site-packages/airflow/example_dags/example_external_task_marker_dag.py took 0.062 seconds
[2022-07-31 01:48:39,618] {processor.py:153} INFO - Started process (PID=14950) to work on /home/oury/.local/lib/python3.10/site-packages/airflow/example_dags/example_external_task_marker_dag.py
[2022-07-31 01:48:39,618] {processor.py:641} INFO - Processing file /home/oury/.local/lib/python3.10/site-packages/airflow/example_dags/example_external_task_marker_dag.py for tasks to queue
[2022-07-31 01:48:39,619] {logging_mixin.py:115} INFO - [2022-07-31 01:48:39,619] {dagbag.py:507} INFO - Filling up the DagBag from /home/oury/.local/lib/python3.10/site-packages/airflow/example_dags/example_external_task_marker_dag.py
[2022-07-31 01:48:39,622] {processor.py:651} INFO - DAG(s) dict_keys(['example_external_task_marker_parent', 'example_external_task_marker_child']) retrieved from /home/oury/.local/lib/python3.10/site-packages/airflow/example_dags/example_external_task_marker_dag.py
[2022-07-31 01:48:39,651] {logging_mixin.py:115} INFO - [2022-07-31 01:48:39,651] {dag.py:2379} INFO - Sync 2 DAGs
[2022-07-31 01:48:39,667] {logging_mixin.py:115} INFO - [2022-07-31 01:48:39,666] {dag.py:2923} INFO - Setting next_dagrun for example_external_task_marker_child to None, run_after=None
[2022-07-31 01:48:39,667] {logging_mixin.py:115} INFO - [2022-07-31 01:48:39,667] {dag.py:2923} INFO - Setting next_dagrun for example_external_task_marker_parent to None, run_after=None
[2022-07-31 01:48:39,678] {processor.py:161} INFO - Processing /home/oury/.local/lib/python3.10/site-packages/airflow/example_dags/example_external_task_marker_dag.py took 0.063 seconds
[2022-07-31 01:49:22,062] {processor.py:153} INFO - Started process (PID=15005) to work on /home/oury/.local/lib/python3.10/site-packages/airflow/example_dags/example_external_task_marker_dag.py
[2022-07-31 01:49:22,062] {processor.py:641} INFO - Processing file /home/oury/.local/lib/python3.10/site-packages/airflow/example_dags/example_external_task_marker_dag.py for tasks to queue
[2022-07-31 01:49:22,063] {logging_mixin.py:115} INFO - [2022-07-31 01:49:22,063] {dagbag.py:507} INFO - Filling up the DagBag from /home/oury/.local/lib/python3.10/site-packages/airflow/example_dags/example_external_task_marker_dag.py
[2022-07-31 01:49:22,066] {processor.py:651} INFO - DAG(s) dict_keys(['example_external_task_marker_parent', 'example_external_task_marker_child']) retrieved from /home/oury/.local/lib/python3.10/site-packages/airflow/example_dags/example_external_task_marker_dag.py
[2022-07-31 01:49:22,095] {logging_mixin.py:115} INFO - [2022-07-31 01:49:22,095] {dag.py:2379} INFO - Sync 2 DAGs
[2022-07-31 01:49:22,111] {logging_mixin.py:115} INFO - [2022-07-31 01:49:22,110] {dag.py:2923} INFO - Setting next_dagrun for example_external_task_marker_child to None, run_after=None
[2022-07-31 01:49:22,111] {logging_mixin.py:115} INFO - [2022-07-31 01:49:22,111] {dag.py:2923} INFO - Setting next_dagrun for example_external_task_marker_parent to None, run_after=None
[2022-07-31 01:49:22,123] {processor.py:161} INFO - Processing /home/oury/.local/lib/python3.10/site-packages/airflow/example_dags/example_external_task_marker_dag.py took 0.064 seconds
[2022-07-31 01:50:04,490] {processor.py:153} INFO - Started process (PID=15062) to work on /home/oury/.local/lib/python3.10/site-packages/airflow/example_dags/example_external_task_marker_dag.py
[2022-07-31 01:50:04,490] {processor.py:641} INFO - Processing file /home/oury/.local/lib/python3.10/site-packages/airflow/example_dags/example_external_task_marker_dag.py for tasks to queue
[2022-07-31 01:50:04,491] {logging_mixin.py:115} INFO - [2022-07-31 01:50:04,491] {dagbag.py:507} INFO - Filling up the DagBag from /home/oury/.local/lib/python3.10/site-packages/airflow/example_dags/example_external_task_marker_dag.py
[2022-07-31 01:50:04,494] {processor.py:651} INFO - DAG(s) dict_keys(['example_external_task_marker_parent', 'example_external_task_marker_child']) retrieved from /home/oury/.local/lib/python3.10/site-packages/airflow/example_dags/example_external_task_marker_dag.py
[2022-07-31 01:50:04,523] {logging_mixin.py:115} INFO - [2022-07-31 01:50:04,523] {dag.py:2379} INFO - Sync 2 DAGs
[2022-07-31 01:50:04,538] {logging_mixin.py:115} INFO - [2022-07-31 01:50:04,538] {dag.py:2923} INFO - Setting next_dagrun for example_external_task_marker_child to None, run_after=None
[2022-07-31 01:50:04,539] {logging_mixin.py:115} INFO - [2022-07-31 01:50:04,539] {dag.py:2923} INFO - Setting next_dagrun for example_external_task_marker_parent to None, run_after=None
[2022-07-31 01:50:04,550] {processor.py:161} INFO - Processing /home/oury/.local/lib/python3.10/site-packages/airflow/example_dags/example_external_task_marker_dag.py took 0.062 seconds
[2022-07-31 01:50:49,318] {processor.py:153} INFO - Started process (PID=15124) to work on /home/oury/.local/lib/python3.10/site-packages/airflow/example_dags/example_external_task_marker_dag.py
[2022-07-31 01:50:49,319] {processor.py:641} INFO - Processing file /home/oury/.local/lib/python3.10/site-packages/airflow/example_dags/example_external_task_marker_dag.py for tasks to queue
[2022-07-31 01:50:49,319] {logging_mixin.py:115} INFO - [2022-07-31 01:50:49,319] {dagbag.py:507} INFO - Filling up the DagBag from /home/oury/.local/lib/python3.10/site-packages/airflow/example_dags/example_external_task_marker_dag.py
[2022-07-31 01:50:49,323] {processor.py:651} INFO - DAG(s) dict_keys(['example_external_task_marker_parent', 'example_external_task_marker_child']) retrieved from /home/oury/.local/lib/python3.10/site-packages/airflow/example_dags/example_external_task_marker_dag.py
[2022-07-31 01:50:49,352] {logging_mixin.py:115} INFO - [2022-07-31 01:50:49,352] {dag.py:2379} INFO - Sync 2 DAGs
[2022-07-31 01:50:49,367] {logging_mixin.py:115} INFO - [2022-07-31 01:50:49,367] {dag.py:2923} INFO - Setting next_dagrun for example_external_task_marker_child to None, run_after=None
[2022-07-31 01:50:49,367] {logging_mixin.py:115} INFO - [2022-07-31 01:50:49,367] {dag.py:2923} INFO - Setting next_dagrun for example_external_task_marker_parent to None, run_after=None
[2022-07-31 01:50:49,379] {processor.py:161} INFO - Processing /home/oury/.local/lib/python3.10/site-packages/airflow/example_dags/example_external_task_marker_dag.py took 0.063 seconds
[2022-07-31 01:51:29,187] {processor.py:153} INFO - Started process (PID=15218) to work on /home/oury/.local/lib/python3.10/site-packages/airflow/example_dags/example_external_task_marker_dag.py
[2022-07-31 01:51:29,189] {processor.py:641} INFO - Processing file /home/oury/.local/lib/python3.10/site-packages/airflow/example_dags/example_external_task_marker_dag.py for tasks to queue
[2022-07-31 01:51:29,190] {logging_mixin.py:115} INFO - [2022-07-31 01:51:29,189] {dagbag.py:507} INFO - Filling up the DagBag from /home/oury/.local/lib/python3.10/site-packages/airflow/example_dags/example_external_task_marker_dag.py
[2022-07-31 01:51:29,195] {processor.py:651} INFO - DAG(s) dict_keys(['example_external_task_marker_parent', 'example_external_task_marker_child']) retrieved from /home/oury/.local/lib/python3.10/site-packages/airflow/example_dags/example_external_task_marker_dag.py
[2022-07-31 01:51:29,246] {logging_mixin.py:115} INFO - [2022-07-31 01:51:29,246] {dag.py:2379} INFO - Sync 2 DAGs
[2022-07-31 01:51:29,273] {logging_mixin.py:115} INFO - [2022-07-31 01:51:29,273] {dag.py:2923} INFO - Setting next_dagrun for example_external_task_marker_child to None, run_after=None
[2022-07-31 01:51:29,274] {logging_mixin.py:115} INFO - [2022-07-31 01:51:29,274] {dag.py:2923} INFO - Setting next_dagrun for example_external_task_marker_parent to None, run_after=None
[2022-07-31 01:51:29,286] {processor.py:161} INFO - Processing /home/oury/.local/lib/python3.10/site-packages/airflow/example_dags/example_external_task_marker_dag.py took 0.103 seconds
