[2022-07-31 01:18:50,776] {processor.py:153} INFO - Started process (PID=5873) to work on /home/oury/.local/lib/python3.10/site-packages/airflow/example_dags/tutorial_taskflow_api_etl.py
[2022-07-31 01:18:50,777] {processor.py:641} INFO - Processing file /home/oury/.local/lib/python3.10/site-packages/airflow/example_dags/tutorial_taskflow_api_etl.py for tasks to queue
[2022-07-31 01:18:50,777] {logging_mixin.py:115} INFO - [2022-07-31 01:18:50,777] {dagbag.py:507} INFO - Filling up the DagBag from /home/oury/.local/lib/python3.10/site-packages/airflow/example_dags/tutorial_taskflow_api_etl.py
[2022-07-31 01:18:50,791] {processor.py:651} INFO - DAG(s) dict_keys(['tutorial_taskflow_api_etl']) retrieved from /home/oury/.local/lib/python3.10/site-packages/airflow/example_dags/tutorial_taskflow_api_etl.py
[2022-07-31 01:18:50,928] {logging_mixin.py:115} INFO - [2022-07-31 01:18:50,928] {dag.py:2379} INFO - Sync 1 DAGs
[2022-07-31 01:18:50,940] {logging_mixin.py:115} INFO - [2022-07-31 01:18:50,940] {dag.py:2923} INFO - Setting next_dagrun for tutorial_taskflow_api_etl to None, run_after=None
[2022-07-31 01:18:50,951] {processor.py:161} INFO - Processing /home/oury/.local/lib/python3.10/site-packages/airflow/example_dags/tutorial_taskflow_api_etl.py took 0.177 seconds
[2022-07-31 01:19:29,861] {processor.py:153} INFO - Started process (PID=6206) to work on /home/oury/.local/lib/python3.10/site-packages/airflow/example_dags/tutorial_taskflow_api_etl.py
[2022-07-31 01:19:29,862] {processor.py:641} INFO - Processing file /home/oury/.local/lib/python3.10/site-packages/airflow/example_dags/tutorial_taskflow_api_etl.py for tasks to queue
[2022-07-31 01:19:29,862] {logging_mixin.py:115} INFO - [2022-07-31 01:19:29,862] {dagbag.py:507} INFO - Filling up the DagBag from /home/oury/.local/lib/python3.10/site-packages/airflow/example_dags/tutorial_taskflow_api_etl.py
[2022-07-31 01:19:29,876] {processor.py:651} INFO - DAG(s) dict_keys(['tutorial_taskflow_api_etl']) retrieved from /home/oury/.local/lib/python3.10/site-packages/airflow/example_dags/tutorial_taskflow_api_etl.py
[2022-07-31 01:19:30,014] {logging_mixin.py:115} INFO - [2022-07-31 01:19:30,014] {dag.py:2379} INFO - Sync 1 DAGs
[2022-07-31 01:19:30,026] {logging_mixin.py:115} INFO - [2022-07-31 01:19:30,026] {dag.py:2923} INFO - Setting next_dagrun for tutorial_taskflow_api_etl to None, run_after=None
[2022-07-31 01:19:30,038] {processor.py:161} INFO - Processing /home/oury/.local/lib/python3.10/site-packages/airflow/example_dags/tutorial_taskflow_api_etl.py took 0.179 seconds
[2022-07-31 01:20:12,310] {processor.py:153} INFO - Started process (PID=6454) to work on /home/oury/.local/lib/python3.10/site-packages/airflow/example_dags/tutorial_taskflow_api_etl.py
[2022-07-31 01:20:12,311] {processor.py:641} INFO - Processing file /home/oury/.local/lib/python3.10/site-packages/airflow/example_dags/tutorial_taskflow_api_etl.py for tasks to queue
[2022-07-31 01:20:12,311] {logging_mixin.py:115} INFO - [2022-07-31 01:20:12,311] {dagbag.py:507} INFO - Filling up the DagBag from /home/oury/.local/lib/python3.10/site-packages/airflow/example_dags/tutorial_taskflow_api_etl.py
[2022-07-31 01:20:12,325] {processor.py:651} INFO - DAG(s) dict_keys(['tutorial_taskflow_api_etl']) retrieved from /home/oury/.local/lib/python3.10/site-packages/airflow/example_dags/tutorial_taskflow_api_etl.py
[2022-07-31 01:20:12,462] {logging_mixin.py:115} INFO - [2022-07-31 01:20:12,462] {dag.py:2379} INFO - Sync 1 DAGs
[2022-07-31 01:20:12,473] {logging_mixin.py:115} INFO - [2022-07-31 01:20:12,473] {dag.py:2923} INFO - Setting next_dagrun for tutorial_taskflow_api_etl to None, run_after=None
[2022-07-31 01:20:12,485] {processor.py:161} INFO - Processing /home/oury/.local/lib/python3.10/site-packages/airflow/example_dags/tutorial_taskflow_api_etl.py took 0.177 seconds
[2022-07-31 01:20:50,789] {processor.py:153} INFO - Started process (PID=6665) to work on /home/oury/.local/lib/python3.10/site-packages/airflow/example_dags/tutorial_taskflow_api_etl.py
[2022-07-31 01:20:50,790] {processor.py:641} INFO - Processing file /home/oury/.local/lib/python3.10/site-packages/airflow/example_dags/tutorial_taskflow_api_etl.py for tasks to queue
[2022-07-31 01:20:50,791] {logging_mixin.py:115} INFO - [2022-07-31 01:20:50,791] {dagbag.py:507} INFO - Filling up the DagBag from /home/oury/.local/lib/python3.10/site-packages/airflow/example_dags/tutorial_taskflow_api_etl.py
[2022-07-31 01:20:50,805] {processor.py:651} INFO - DAG(s) dict_keys(['tutorial_taskflow_api_etl']) retrieved from /home/oury/.local/lib/python3.10/site-packages/airflow/example_dags/tutorial_taskflow_api_etl.py
[2022-07-31 01:20:50,945] {logging_mixin.py:115} INFO - [2022-07-31 01:20:50,945] {dag.py:2379} INFO - Sync 1 DAGs
[2022-07-31 01:20:50,957] {logging_mixin.py:115} INFO - [2022-07-31 01:20:50,957] {dag.py:2923} INFO - Setting next_dagrun for tutorial_taskflow_api_etl to None, run_after=None
[2022-07-31 01:20:50,969] {processor.py:161} INFO - Processing /home/oury/.local/lib/python3.10/site-packages/airflow/example_dags/tutorial_taskflow_api_etl.py took 0.182 seconds
[2022-07-31 01:21:32,218] {processor.py:153} INFO - Started process (PID=6931) to work on /home/oury/.local/lib/python3.10/site-packages/airflow/example_dags/tutorial_taskflow_api_etl.py
[2022-07-31 01:21:32,219] {processor.py:641} INFO - Processing file /home/oury/.local/lib/python3.10/site-packages/airflow/example_dags/tutorial_taskflow_api_etl.py for tasks to queue
[2022-07-31 01:21:32,219] {logging_mixin.py:115} INFO - [2022-07-31 01:21:32,219] {dagbag.py:507} INFO - Filling up the DagBag from /home/oury/.local/lib/python3.10/site-packages/airflow/example_dags/tutorial_taskflow_api_etl.py
[2022-07-31 01:21:32,242] {processor.py:651} INFO - DAG(s) dict_keys(['tutorial_taskflow_api_etl']) retrieved from /home/oury/.local/lib/python3.10/site-packages/airflow/example_dags/tutorial_taskflow_api_etl.py
[2022-07-31 01:21:32,397] {logging_mixin.py:115} INFO - [2022-07-31 01:21:32,397] {dag.py:2379} INFO - Sync 1 DAGs
[2022-07-31 01:21:32,410] {logging_mixin.py:115} INFO - [2022-07-31 01:21:32,410] {dag.py:2923} INFO - Setting next_dagrun for tutorial_taskflow_api_etl to None, run_after=None
[2022-07-31 01:21:32,487] {processor.py:161} INFO - Processing /home/oury/.local/lib/python3.10/site-packages/airflow/example_dags/tutorial_taskflow_api_etl.py took 0.273 seconds
[2022-07-31 01:22:15,246] {processor.py:153} INFO - Started process (PID=7350) to work on /home/oury/.local/lib/python3.10/site-packages/airflow/example_dags/tutorial_taskflow_api_etl.py
[2022-07-31 01:22:15,247] {processor.py:641} INFO - Processing file /home/oury/.local/lib/python3.10/site-packages/airflow/example_dags/tutorial_taskflow_api_etl.py for tasks to queue
[2022-07-31 01:22:15,247] {logging_mixin.py:115} INFO - [2022-07-31 01:22:15,247] {dagbag.py:507} INFO - Filling up the DagBag from /home/oury/.local/lib/python3.10/site-packages/airflow/example_dags/tutorial_taskflow_api_etl.py
[2022-07-31 01:22:15,262] {processor.py:651} INFO - DAG(s) dict_keys(['tutorial_taskflow_api_etl']) retrieved from /home/oury/.local/lib/python3.10/site-packages/airflow/example_dags/tutorial_taskflow_api_etl.py
[2022-07-31 01:22:15,400] {logging_mixin.py:115} INFO - [2022-07-31 01:22:15,400] {dag.py:2379} INFO - Sync 1 DAGs
[2022-07-31 01:22:15,411] {logging_mixin.py:115} INFO - [2022-07-31 01:22:15,411] {dag.py:2923} INFO - Setting next_dagrun for tutorial_taskflow_api_etl to None, run_after=None
[2022-07-31 01:22:15,423] {processor.py:161} INFO - Processing /home/oury/.local/lib/python3.10/site-packages/airflow/example_dags/tutorial_taskflow_api_etl.py took 0.180 seconds
[2022-07-31 01:22:57,111] {processor.py:153} INFO - Started process (PID=7556) to work on /home/oury/.local/lib/python3.10/site-packages/airflow/example_dags/tutorial_taskflow_api_etl.py
[2022-07-31 01:22:57,112] {processor.py:641} INFO - Processing file /home/oury/.local/lib/python3.10/site-packages/airflow/example_dags/tutorial_taskflow_api_etl.py for tasks to queue
[2022-07-31 01:22:57,113] {logging_mixin.py:115} INFO - [2022-07-31 01:22:57,113] {dagbag.py:507} INFO - Filling up the DagBag from /home/oury/.local/lib/python3.10/site-packages/airflow/example_dags/tutorial_taskflow_api_etl.py
[2022-07-31 01:22:57,133] {processor.py:651} INFO - DAG(s) dict_keys(['tutorial_taskflow_api_etl']) retrieved from /home/oury/.local/lib/python3.10/site-packages/airflow/example_dags/tutorial_taskflow_api_etl.py
[2022-07-31 01:22:57,292] {logging_mixin.py:115} INFO - [2022-07-31 01:22:57,292] {dag.py:2379} INFO - Sync 1 DAGs
[2022-07-31 01:22:57,304] {logging_mixin.py:115} INFO - [2022-07-31 01:22:57,304] {dag.py:2923} INFO - Setting next_dagrun for tutorial_taskflow_api_etl to None, run_after=None
[2022-07-31 01:22:57,315] {processor.py:161} INFO - Processing /home/oury/.local/lib/python3.10/site-packages/airflow/example_dags/tutorial_taskflow_api_etl.py took 0.207 seconds
[2022-07-31 01:23:39,239] {processor.py:153} INFO - Started process (PID=7657) to work on /home/oury/.local/lib/python3.10/site-packages/airflow/example_dags/tutorial_taskflow_api_etl.py
[2022-07-31 01:23:39,240] {processor.py:641} INFO - Processing file /home/oury/.local/lib/python3.10/site-packages/airflow/example_dags/tutorial_taskflow_api_etl.py for tasks to queue
[2022-07-31 01:23:39,240] {logging_mixin.py:115} INFO - [2022-07-31 01:23:39,240] {dagbag.py:507} INFO - Filling up the DagBag from /home/oury/.local/lib/python3.10/site-packages/airflow/example_dags/tutorial_taskflow_api_etl.py
[2022-07-31 01:23:39,255] {processor.py:651} INFO - DAG(s) dict_keys(['tutorial_taskflow_api_etl']) retrieved from /home/oury/.local/lib/python3.10/site-packages/airflow/example_dags/tutorial_taskflow_api_etl.py
[2022-07-31 01:23:39,394] {logging_mixin.py:115} INFO - [2022-07-31 01:23:39,394] {dag.py:2379} INFO - Sync 1 DAGs
[2022-07-31 01:23:39,407] {logging_mixin.py:115} INFO - [2022-07-31 01:23:39,407] {dag.py:2923} INFO - Setting next_dagrun for tutorial_taskflow_api_etl to None, run_after=None
[2022-07-31 01:23:39,419] {processor.py:161} INFO - Processing /home/oury/.local/lib/python3.10/site-packages/airflow/example_dags/tutorial_taskflow_api_etl.py took 0.183 seconds
[2022-07-31 01:25:12,961] {processor.py:153} INFO - Started process (PID=7967) to work on /home/oury/.local/lib/python3.10/site-packages/airflow/example_dags/tutorial_taskflow_api_etl.py
[2022-07-31 01:25:12,961] {processor.py:641} INFO - Processing file /home/oury/.local/lib/python3.10/site-packages/airflow/example_dags/tutorial_taskflow_api_etl.py for tasks to queue
[2022-07-31 01:25:12,962] {logging_mixin.py:115} INFO - [2022-07-31 01:25:12,962] {dagbag.py:507} INFO - Filling up the DagBag from /home/oury/.local/lib/python3.10/site-packages/airflow/example_dags/tutorial_taskflow_api_etl.py
[2022-07-31 01:25:12,976] {processor.py:651} INFO - DAG(s) dict_keys(['tutorial_taskflow_api_etl']) retrieved from /home/oury/.local/lib/python3.10/site-packages/airflow/example_dags/tutorial_taskflow_api_etl.py
[2022-07-31 01:25:13,115] {logging_mixin.py:115} INFO - [2022-07-31 01:25:13,115] {dag.py:2379} INFO - Sync 1 DAGs
[2022-07-31 01:25:13,129] {logging_mixin.py:115} INFO - [2022-07-31 01:25:13,129] {dag.py:2923} INFO - Setting next_dagrun for tutorial_taskflow_api_etl to None, run_after=None
[2022-07-31 01:25:13,140] {processor.py:161} INFO - Processing /home/oury/.local/lib/python3.10/site-packages/airflow/example_dags/tutorial_taskflow_api_etl.py took 0.182 seconds
[2022-07-31 01:25:50,654] {processor.py:153} INFO - Started process (PID=8089) to work on /home/oury/.local/lib/python3.10/site-packages/airflow/example_dags/tutorial_taskflow_api_etl.py
[2022-07-31 01:25:50,655] {processor.py:641} INFO - Processing file /home/oury/.local/lib/python3.10/site-packages/airflow/example_dags/tutorial_taskflow_api_etl.py for tasks to queue
[2022-07-31 01:25:50,655] {logging_mixin.py:115} INFO - [2022-07-31 01:25:50,655] {dagbag.py:507} INFO - Filling up the DagBag from /home/oury/.local/lib/python3.10/site-packages/airflow/example_dags/tutorial_taskflow_api_etl.py
[2022-07-31 01:25:50,670] {processor.py:651} INFO - DAG(s) dict_keys(['tutorial_taskflow_api_etl']) retrieved from /home/oury/.local/lib/python3.10/site-packages/airflow/example_dags/tutorial_taskflow_api_etl.py
[2022-07-31 01:25:50,802] {logging_mixin.py:115} INFO - [2022-07-31 01:25:50,802] {dag.py:2379} INFO - Sync 1 DAGs
[2022-07-31 01:25:50,814] {logging_mixin.py:115} INFO - [2022-07-31 01:25:50,814] {dag.py:2923} INFO - Setting next_dagrun for tutorial_taskflow_api_etl to None, run_after=None
[2022-07-31 01:25:50,826] {processor.py:161} INFO - Processing /home/oury/.local/lib/python3.10/site-packages/airflow/example_dags/tutorial_taskflow_api_etl.py took 0.174 seconds
[2022-07-31 01:26:31,906] {processor.py:153} INFO - Started process (PID=8201) to work on /home/oury/.local/lib/python3.10/site-packages/airflow/example_dags/tutorial_taskflow_api_etl.py
[2022-07-31 01:26:31,907] {processor.py:641} INFO - Processing file /home/oury/.local/lib/python3.10/site-packages/airflow/example_dags/tutorial_taskflow_api_etl.py for tasks to queue
[2022-07-31 01:26:31,907] {logging_mixin.py:115} INFO - [2022-07-31 01:26:31,907] {dagbag.py:507} INFO - Filling up the DagBag from /home/oury/.local/lib/python3.10/site-packages/airflow/example_dags/tutorial_taskflow_api_etl.py
[2022-07-31 01:26:31,922] {processor.py:651} INFO - DAG(s) dict_keys(['tutorial_taskflow_api_etl']) retrieved from /home/oury/.local/lib/python3.10/site-packages/airflow/example_dags/tutorial_taskflow_api_etl.py
[2022-07-31 01:26:31,934] {logging_mixin.py:115} INFO - [2022-07-31 01:26:31,934] {dag.py:2379} INFO - Sync 1 DAGs
[2022-07-31 01:26:31,949] {logging_mixin.py:115} INFO - [2022-07-31 01:26:31,949] {dag.py:2923} INFO - Setting next_dagrun for tutorial_taskflow_api_etl to None, run_after=None
[2022-07-31 01:26:31,962] {processor.py:161} INFO - Processing /home/oury/.local/lib/python3.10/site-packages/airflow/example_dags/tutorial_taskflow_api_etl.py took 0.058 seconds
[2022-07-31 01:27:13,118] {processor.py:153} INFO - Started process (PID=8276) to work on /home/oury/.local/lib/python3.10/site-packages/airflow/example_dags/tutorial_taskflow_api_etl.py
[2022-07-31 01:27:13,119] {processor.py:641} INFO - Processing file /home/oury/.local/lib/python3.10/site-packages/airflow/example_dags/tutorial_taskflow_api_etl.py for tasks to queue
[2022-07-31 01:27:13,119] {logging_mixin.py:115} INFO - [2022-07-31 01:27:13,119] {dagbag.py:507} INFO - Filling up the DagBag from /home/oury/.local/lib/python3.10/site-packages/airflow/example_dags/tutorial_taskflow_api_etl.py
[2022-07-31 01:27:13,134] {processor.py:651} INFO - DAG(s) dict_keys(['tutorial_taskflow_api_etl']) retrieved from /home/oury/.local/lib/python3.10/site-packages/airflow/example_dags/tutorial_taskflow_api_etl.py
[2022-07-31 01:27:13,146] {logging_mixin.py:115} INFO - [2022-07-31 01:27:13,146] {dag.py:2379} INFO - Sync 1 DAGs
[2022-07-31 01:27:13,160] {logging_mixin.py:115} INFO - [2022-07-31 01:27:13,160] {dag.py:2923} INFO - Setting next_dagrun for tutorial_taskflow_api_etl to None, run_after=None
[2022-07-31 01:27:13,174] {processor.py:161} INFO - Processing /home/oury/.local/lib/python3.10/site-packages/airflow/example_dags/tutorial_taskflow_api_etl.py took 0.058 seconds
[2022-07-31 01:27:55,658] {processor.py:153} INFO - Started process (PID=8403) to work on /home/oury/.local/lib/python3.10/site-packages/airflow/example_dags/tutorial_taskflow_api_etl.py
[2022-07-31 01:27:55,658] {processor.py:641} INFO - Processing file /home/oury/.local/lib/python3.10/site-packages/airflow/example_dags/tutorial_taskflow_api_etl.py for tasks to queue
[2022-07-31 01:27:55,659] {logging_mixin.py:115} INFO - [2022-07-31 01:27:55,658] {dagbag.py:507} INFO - Filling up the DagBag from /home/oury/.local/lib/python3.10/site-packages/airflow/example_dags/tutorial_taskflow_api_etl.py
[2022-07-31 01:27:55,673] {processor.py:651} INFO - DAG(s) dict_keys(['tutorial_taskflow_api_etl']) retrieved from /home/oury/.local/lib/python3.10/site-packages/airflow/example_dags/tutorial_taskflow_api_etl.py
[2022-07-31 01:27:55,685] {logging_mixin.py:115} INFO - [2022-07-31 01:27:55,685] {dag.py:2379} INFO - Sync 1 DAGs
[2022-07-31 01:27:55,699] {logging_mixin.py:115} INFO - [2022-07-31 01:27:55,699] {dag.py:2923} INFO - Setting next_dagrun for tutorial_taskflow_api_etl to None, run_after=None
[2022-07-31 01:27:55,713] {processor.py:161} INFO - Processing /home/oury/.local/lib/python3.10/site-packages/airflow/example_dags/tutorial_taskflow_api_etl.py took 0.058 seconds
[2022-07-31 01:28:37,426] {processor.py:153} INFO - Started process (PID=8569) to work on /home/oury/.local/lib/python3.10/site-packages/airflow/example_dags/tutorial_taskflow_api_etl.py
[2022-07-31 01:28:37,426] {processor.py:641} INFO - Processing file /home/oury/.local/lib/python3.10/site-packages/airflow/example_dags/tutorial_taskflow_api_etl.py for tasks to queue
[2022-07-31 01:28:37,427] {logging_mixin.py:115} INFO - [2022-07-31 01:28:37,427] {dagbag.py:507} INFO - Filling up the DagBag from /home/oury/.local/lib/python3.10/site-packages/airflow/example_dags/tutorial_taskflow_api_etl.py
[2022-07-31 01:28:37,441] {processor.py:651} INFO - DAG(s) dict_keys(['tutorial_taskflow_api_etl']) retrieved from /home/oury/.local/lib/python3.10/site-packages/airflow/example_dags/tutorial_taskflow_api_etl.py
[2022-07-31 01:28:37,453] {logging_mixin.py:115} INFO - [2022-07-31 01:28:37,453] {dag.py:2379} INFO - Sync 1 DAGs
[2022-07-31 01:28:37,468] {logging_mixin.py:115} INFO - [2022-07-31 01:28:37,467] {dag.py:2923} INFO - Setting next_dagrun for tutorial_taskflow_api_etl to None, run_after=None
[2022-07-31 01:28:37,481] {processor.py:161} INFO - Processing /home/oury/.local/lib/python3.10/site-packages/airflow/example_dags/tutorial_taskflow_api_etl.py took 0.058 seconds
[2022-07-31 01:29:20,306] {processor.py:153} INFO - Started process (PID=8658) to work on /home/oury/.local/lib/python3.10/site-packages/airflow/example_dags/tutorial_taskflow_api_etl.py
[2022-07-31 01:29:20,306] {processor.py:641} INFO - Processing file /home/oury/.local/lib/python3.10/site-packages/airflow/example_dags/tutorial_taskflow_api_etl.py for tasks to queue
[2022-07-31 01:29:20,307] {logging_mixin.py:115} INFO - [2022-07-31 01:29:20,307] {dagbag.py:507} INFO - Filling up the DagBag from /home/oury/.local/lib/python3.10/site-packages/airflow/example_dags/tutorial_taskflow_api_etl.py
[2022-07-31 01:29:20,321] {processor.py:651} INFO - DAG(s) dict_keys(['tutorial_taskflow_api_etl']) retrieved from /home/oury/.local/lib/python3.10/site-packages/airflow/example_dags/tutorial_taskflow_api_etl.py
[2022-07-31 01:29:20,458] {logging_mixin.py:115} INFO - [2022-07-31 01:29:20,457] {dag.py:2379} INFO - Sync 1 DAGs
[2022-07-31 01:29:20,469] {logging_mixin.py:115} INFO - [2022-07-31 01:29:20,469] {dag.py:2923} INFO - Setting next_dagrun for tutorial_taskflow_api_etl to None, run_after=None
[2022-07-31 01:29:20,481] {processor.py:161} INFO - Processing /home/oury/.local/lib/python3.10/site-packages/airflow/example_dags/tutorial_taskflow_api_etl.py took 0.178 seconds
[2022-07-31 01:30:07,169] {processor.py:153} INFO - Started process (PID=8775) to work on /home/oury/.local/lib/python3.10/site-packages/airflow/example_dags/tutorial_taskflow_api_etl.py
[2022-07-31 01:30:07,182] {processor.py:641} INFO - Processing file /home/oury/.local/lib/python3.10/site-packages/airflow/example_dags/tutorial_taskflow_api_etl.py for tasks to queue
[2022-07-31 01:30:07,183] {logging_mixin.py:115} INFO - [2022-07-31 01:30:07,183] {dagbag.py:507} INFO - Filling up the DagBag from /home/oury/.local/lib/python3.10/site-packages/airflow/example_dags/tutorial_taskflow_api_etl.py
[2022-07-31 01:30:07,197] {processor.py:651} INFO - DAG(s) dict_keys(['tutorial_taskflow_api_etl']) retrieved from /home/oury/.local/lib/python3.10/site-packages/airflow/example_dags/tutorial_taskflow_api_etl.py
[2022-07-31 01:30:07,334] {logging_mixin.py:115} INFO - [2022-07-31 01:30:07,334] {dag.py:2379} INFO - Sync 1 DAGs
[2022-07-31 01:30:07,346] {logging_mixin.py:115} INFO - [2022-07-31 01:30:07,346] {dag.py:2923} INFO - Setting next_dagrun for tutorial_taskflow_api_etl to None, run_after=None
[2022-07-31 01:30:07,526] {processor.py:161} INFO - Processing /home/oury/.local/lib/python3.10/site-packages/airflow/example_dags/tutorial_taskflow_api_etl.py took 0.359 seconds
[2022-07-31 01:30:51,613] {processor.py:153} INFO - Started process (PID=8955) to work on /home/oury/.local/lib/python3.10/site-packages/airflow/example_dags/tutorial_taskflow_api_etl.py
[2022-07-31 01:30:51,614] {processor.py:641} INFO - Processing file /home/oury/.local/lib/python3.10/site-packages/airflow/example_dags/tutorial_taskflow_api_etl.py for tasks to queue
[2022-07-31 01:30:51,614] {logging_mixin.py:115} INFO - [2022-07-31 01:30:51,614] {dagbag.py:507} INFO - Filling up the DagBag from /home/oury/.local/lib/python3.10/site-packages/airflow/example_dags/tutorial_taskflow_api_etl.py
[2022-07-31 01:30:51,628] {processor.py:651} INFO - DAG(s) dict_keys(['tutorial_taskflow_api_etl']) retrieved from /home/oury/.local/lib/python3.10/site-packages/airflow/example_dags/tutorial_taskflow_api_etl.py
[2022-07-31 01:30:51,757] {logging_mixin.py:115} INFO - [2022-07-31 01:30:51,757] {dag.py:2379} INFO - Sync 1 DAGs
[2022-07-31 01:30:51,772] {logging_mixin.py:115} INFO - [2022-07-31 01:30:51,772] {dag.py:2923} INFO - Setting next_dagrun for tutorial_taskflow_api_etl to None, run_after=None
[2022-07-31 01:30:51,787] {processor.py:161} INFO - Processing /home/oury/.local/lib/python3.10/site-packages/airflow/example_dags/tutorial_taskflow_api_etl.py took 0.176 seconds
[2022-07-31 01:31:26,246] {processor.py:153} INFO - Started process (PID=9012) to work on /home/oury/.local/lib/python3.10/site-packages/airflow/example_dags/tutorial_taskflow_api_etl.py
[2022-07-31 01:31:26,247] {processor.py:641} INFO - Processing file /home/oury/.local/lib/python3.10/site-packages/airflow/example_dags/tutorial_taskflow_api_etl.py for tasks to queue
[2022-07-31 01:31:26,247] {logging_mixin.py:115} INFO - [2022-07-31 01:31:26,247] {dagbag.py:507} INFO - Filling up the DagBag from /home/oury/.local/lib/python3.10/site-packages/airflow/example_dags/tutorial_taskflow_api_etl.py
[2022-07-31 01:31:26,261] {processor.py:651} INFO - DAG(s) dict_keys(['tutorial_taskflow_api_etl']) retrieved from /home/oury/.local/lib/python3.10/site-packages/airflow/example_dags/tutorial_taskflow_api_etl.py
[2022-07-31 01:31:26,273] {logging_mixin.py:115} INFO - [2022-07-31 01:31:26,273] {dag.py:2379} INFO - Sync 1 DAGs
[2022-07-31 01:31:26,289] {logging_mixin.py:115} INFO - [2022-07-31 01:31:26,289] {dag.py:2923} INFO - Setting next_dagrun for tutorial_taskflow_api_etl to None, run_after=None
[2022-07-31 01:31:26,300] {processor.py:161} INFO - Processing /home/oury/.local/lib/python3.10/site-packages/airflow/example_dags/tutorial_taskflow_api_etl.py took 0.056 seconds
[2022-07-31 01:32:07,470] {processor.py:153} INFO - Started process (PID=9125) to work on /home/oury/.local/lib/python3.10/site-packages/airflow/example_dags/tutorial_taskflow_api_etl.py
[2022-07-31 01:32:07,470] {processor.py:641} INFO - Processing file /home/oury/.local/lib/python3.10/site-packages/airflow/example_dags/tutorial_taskflow_api_etl.py for tasks to queue
[2022-07-31 01:32:07,471] {logging_mixin.py:115} INFO - [2022-07-31 01:32:07,471] {dagbag.py:507} INFO - Filling up the DagBag from /home/oury/.local/lib/python3.10/site-packages/airflow/example_dags/tutorial_taskflow_api_etl.py
[2022-07-31 01:32:07,485] {processor.py:651} INFO - DAG(s) dict_keys(['tutorial_taskflow_api_etl']) retrieved from /home/oury/.local/lib/python3.10/site-packages/airflow/example_dags/tutorial_taskflow_api_etl.py
[2022-07-31 01:32:07,496] {logging_mixin.py:115} INFO - [2022-07-31 01:32:07,496] {dag.py:2379} INFO - Sync 1 DAGs
[2022-07-31 01:32:07,512] {logging_mixin.py:115} INFO - [2022-07-31 01:32:07,512] {dag.py:2923} INFO - Setting next_dagrun for tutorial_taskflow_api_etl to None, run_after=None
[2022-07-31 01:32:07,523] {processor.py:161} INFO - Processing /home/oury/.local/lib/python3.10/site-packages/airflow/example_dags/tutorial_taskflow_api_etl.py took 0.056 seconds
[2022-07-31 01:32:49,218] {processor.py:153} INFO - Started process (PID=9201) to work on /home/oury/.local/lib/python3.10/site-packages/airflow/example_dags/tutorial_taskflow_api_etl.py
[2022-07-31 01:32:49,218] {processor.py:641} INFO - Processing file /home/oury/.local/lib/python3.10/site-packages/airflow/example_dags/tutorial_taskflow_api_etl.py for tasks to queue
[2022-07-31 01:32:49,219] {logging_mixin.py:115} INFO - [2022-07-31 01:32:49,219] {dagbag.py:507} INFO - Filling up the DagBag from /home/oury/.local/lib/python3.10/site-packages/airflow/example_dags/tutorial_taskflow_api_etl.py
[2022-07-31 01:32:49,233] {processor.py:651} INFO - DAG(s) dict_keys(['tutorial_taskflow_api_etl']) retrieved from /home/oury/.local/lib/python3.10/site-packages/airflow/example_dags/tutorial_taskflow_api_etl.py
[2022-07-31 01:32:49,366] {logging_mixin.py:115} INFO - [2022-07-31 01:32:49,366] {dag.py:2379} INFO - Sync 1 DAGs
[2022-07-31 01:32:49,378] {logging_mixin.py:115} INFO - [2022-07-31 01:32:49,378] {dag.py:2923} INFO - Setting next_dagrun for tutorial_taskflow_api_etl to None, run_after=None
[2022-07-31 01:32:49,389] {processor.py:161} INFO - Processing /home/oury/.local/lib/python3.10/site-packages/airflow/example_dags/tutorial_taskflow_api_etl.py took 0.174 seconds
[2022-07-31 01:33:30,177] {processor.py:153} INFO - Started process (PID=9284) to work on /home/oury/.local/lib/python3.10/site-packages/airflow/example_dags/tutorial_taskflow_api_etl.py
[2022-07-31 01:33:30,177] {processor.py:641} INFO - Processing file /home/oury/.local/lib/python3.10/site-packages/airflow/example_dags/tutorial_taskflow_api_etl.py for tasks to queue
[2022-07-31 01:33:30,178] {logging_mixin.py:115} INFO - [2022-07-31 01:33:30,178] {dagbag.py:507} INFO - Filling up the DagBag from /home/oury/.local/lib/python3.10/site-packages/airflow/example_dags/tutorial_taskflow_api_etl.py
[2022-07-31 01:33:30,192] {processor.py:651} INFO - DAG(s) dict_keys(['tutorial_taskflow_api_etl']) retrieved from /home/oury/.local/lib/python3.10/site-packages/airflow/example_dags/tutorial_taskflow_api_etl.py
[2022-07-31 01:33:30,322] {logging_mixin.py:115} INFO - [2022-07-31 01:33:30,322] {dag.py:2379} INFO - Sync 1 DAGs
[2022-07-31 01:33:30,334] {logging_mixin.py:115} INFO - [2022-07-31 01:33:30,333] {dag.py:2923} INFO - Setting next_dagrun for tutorial_taskflow_api_etl to None, run_after=None
[2022-07-31 01:33:30,345] {processor.py:161} INFO - Processing /home/oury/.local/lib/python3.10/site-packages/airflow/example_dags/tutorial_taskflow_api_etl.py took 0.170 seconds
[2022-07-31 01:34:12,482] {processor.py:153} INFO - Started process (PID=9612) to work on /home/oury/.local/lib/python3.10/site-packages/airflow/example_dags/tutorial_taskflow_api_etl.py
[2022-07-31 01:34:12,483] {processor.py:641} INFO - Processing file /home/oury/.local/lib/python3.10/site-packages/airflow/example_dags/tutorial_taskflow_api_etl.py for tasks to queue
[2022-07-31 01:34:12,484] {logging_mixin.py:115} INFO - [2022-07-31 01:34:12,483] {dagbag.py:507} INFO - Filling up the DagBag from /home/oury/.local/lib/python3.10/site-packages/airflow/example_dags/tutorial_taskflow_api_etl.py
[2022-07-31 01:34:12,503] {processor.py:651} INFO - DAG(s) dict_keys(['tutorial_taskflow_api_etl']) retrieved from /home/oury/.local/lib/python3.10/site-packages/airflow/example_dags/tutorial_taskflow_api_etl.py
[2022-07-31 01:34:12,663] {logging_mixin.py:115} INFO - [2022-07-31 01:34:12,663] {dag.py:2379} INFO - Sync 1 DAGs
[2022-07-31 01:34:12,678] {logging_mixin.py:115} INFO - [2022-07-31 01:34:12,678] {dag.py:2923} INFO - Setting next_dagrun for tutorial_taskflow_api_etl to None, run_after=None
[2022-07-31 01:34:12,693] {processor.py:161} INFO - Processing /home/oury/.local/lib/python3.10/site-packages/airflow/example_dags/tutorial_taskflow_api_etl.py took 0.214 seconds
[2022-07-31 01:34:56,582] {processor.py:153} INFO - Started process (PID=9701) to work on /home/oury/.local/lib/python3.10/site-packages/airflow/example_dags/tutorial_taskflow_api_etl.py
[2022-07-31 01:34:56,590] {processor.py:641} INFO - Processing file /home/oury/.local/lib/python3.10/site-packages/airflow/example_dags/tutorial_taskflow_api_etl.py for tasks to queue
[2022-07-31 01:34:56,591] {logging_mixin.py:115} INFO - [2022-07-31 01:34:56,591] {dagbag.py:507} INFO - Filling up the DagBag from /home/oury/.local/lib/python3.10/site-packages/airflow/example_dags/tutorial_taskflow_api_etl.py
[2022-07-31 01:34:56,606] {processor.py:651} INFO - DAG(s) dict_keys(['tutorial_taskflow_api_etl']) retrieved from /home/oury/.local/lib/python3.10/site-packages/airflow/example_dags/tutorial_taskflow_api_etl.py
[2022-07-31 01:34:56,618] {logging_mixin.py:115} INFO - [2022-07-31 01:34:56,618] {dag.py:2379} INFO - Sync 1 DAGs
[2022-07-31 01:34:56,635] {logging_mixin.py:115} INFO - [2022-07-31 01:34:56,635] {dag.py:2923} INFO - Setting next_dagrun for tutorial_taskflow_api_etl to None, run_after=None
[2022-07-31 01:34:56,838] {processor.py:161} INFO - Processing /home/oury/.local/lib/python3.10/site-packages/airflow/example_dags/tutorial_taskflow_api_etl.py took 0.258 seconds
[2022-07-31 01:38:01,357] {processor.py:153} INFO - Started process (PID=10342) to work on /home/oury/.local/lib/python3.10/site-packages/airflow/example_dags/tutorial_taskflow_api_etl.py
[2022-07-31 01:38:01,358] {processor.py:641} INFO - Processing file /home/oury/.local/lib/python3.10/site-packages/airflow/example_dags/tutorial_taskflow_api_etl.py for tasks to queue
[2022-07-31 01:38:01,359] {logging_mixin.py:115} INFO - [2022-07-31 01:38:01,359] {dagbag.py:507} INFO - Filling up the DagBag from /home/oury/.local/lib/python3.10/site-packages/airflow/example_dags/tutorial_taskflow_api_etl.py
[2022-07-31 01:38:01,373] {processor.py:651} INFO - DAG(s) dict_keys(['tutorial_taskflow_api_etl']) retrieved from /home/oury/.local/lib/python3.10/site-packages/airflow/example_dags/tutorial_taskflow_api_etl.py
[2022-07-31 01:38:01,505] {logging_mixin.py:115} INFO - [2022-07-31 01:38:01,505] {dag.py:2379} INFO - Sync 1 DAGs
[2022-07-31 01:38:01,510] {logging_mixin.py:115} INFO - [2022-07-31 01:38:01,510] {dag.py:2398} INFO - Creating ORM DAG for tutorial_taskflow_api_etl
[2022-07-31 01:38:01,517] {logging_mixin.py:115} INFO - [2022-07-31 01:38:01,517] {dag.py:2923} INFO - Setting next_dagrun for tutorial_taskflow_api_etl to None, run_after=None
[2022-07-31 01:38:01,532] {processor.py:161} INFO - Processing /home/oury/.local/lib/python3.10/site-packages/airflow/example_dags/tutorial_taskflow_api_etl.py took 0.177 seconds
[2022-07-31 01:38:42,013] {processor.py:153} INFO - Started process (PID=10526) to work on /home/oury/.local/lib/python3.10/site-packages/airflow/example_dags/tutorial_taskflow_api_etl.py
[2022-07-31 01:38:42,014] {processor.py:641} INFO - Processing file /home/oury/.local/lib/python3.10/site-packages/airflow/example_dags/tutorial_taskflow_api_etl.py for tasks to queue
[2022-07-31 01:38:42,014] {logging_mixin.py:115} INFO - [2022-07-31 01:38:42,014] {dagbag.py:507} INFO - Filling up the DagBag from /home/oury/.local/lib/python3.10/site-packages/airflow/example_dags/tutorial_taskflow_api_etl.py
[2022-07-31 01:38:42,029] {processor.py:651} INFO - DAG(s) dict_keys(['tutorial_taskflow_api_etl']) retrieved from /home/oury/.local/lib/python3.10/site-packages/airflow/example_dags/tutorial_taskflow_api_etl.py
[2022-07-31 01:38:42,166] {logging_mixin.py:115} INFO - [2022-07-31 01:38:42,166] {dag.py:2379} INFO - Sync 1 DAGs
[2022-07-31 01:38:42,178] {logging_mixin.py:115} INFO - [2022-07-31 01:38:42,177] {dag.py:2923} INFO - Setting next_dagrun for tutorial_taskflow_api_etl to None, run_after=None
[2022-07-31 01:38:42,189] {processor.py:161} INFO - Processing /home/oury/.local/lib/python3.10/site-packages/airflow/example_dags/tutorial_taskflow_api_etl.py took 0.179 seconds
[2022-07-31 01:39:22,130] {processor.py:153} INFO - Started process (PID=10721) to work on /home/oury/.local/lib/python3.10/site-packages/airflow/example_dags/tutorial_taskflow_api_etl.py
[2022-07-31 01:39:22,132] {processor.py:641} INFO - Processing file /home/oury/.local/lib/python3.10/site-packages/airflow/example_dags/tutorial_taskflow_api_etl.py for tasks to queue
[2022-07-31 01:39:22,133] {logging_mixin.py:115} INFO - [2022-07-31 01:39:22,133] {dagbag.py:507} INFO - Filling up the DagBag from /home/oury/.local/lib/python3.10/site-packages/airflow/example_dags/tutorial_taskflow_api_etl.py
[2022-07-31 01:39:22,153] {processor.py:651} INFO - DAG(s) dict_keys(['tutorial_taskflow_api_etl']) retrieved from /home/oury/.local/lib/python3.10/site-packages/airflow/example_dags/tutorial_taskflow_api_etl.py
[2022-07-31 01:39:22,173] {logging_mixin.py:115} INFO - [2022-07-31 01:39:22,172] {dag.py:2379} INFO - Sync 1 DAGs
[2022-07-31 01:39:22,194] {logging_mixin.py:115} INFO - [2022-07-31 01:39:22,194] {dag.py:2923} INFO - Setting next_dagrun for tutorial_taskflow_api_etl to None, run_after=None
[2022-07-31 01:39:22,209] {processor.py:161} INFO - Processing /home/oury/.local/lib/python3.10/site-packages/airflow/example_dags/tutorial_taskflow_api_etl.py took 0.082 seconds
[2022-07-31 01:40:03,016] {processor.py:153} INFO - Started process (PID=10989) to work on /home/oury/.local/lib/python3.10/site-packages/airflow/example_dags/tutorial_taskflow_api_etl.py
[2022-07-31 01:40:03,029] {processor.py:641} INFO - Processing file /home/oury/.local/lib/python3.10/site-packages/airflow/example_dags/tutorial_taskflow_api_etl.py for tasks to queue
[2022-07-31 01:40:03,030] {logging_mixin.py:115} INFO - [2022-07-31 01:40:03,030] {dagbag.py:507} INFO - Filling up the DagBag from /home/oury/.local/lib/python3.10/site-packages/airflow/example_dags/tutorial_taskflow_api_etl.py
[2022-07-31 01:40:03,073] {processor.py:651} INFO - DAG(s) dict_keys(['tutorial_taskflow_api_etl']) retrieved from /home/oury/.local/lib/python3.10/site-packages/airflow/example_dags/tutorial_taskflow_api_etl.py
[2022-07-31 01:40:03,535] {logging_mixin.py:115} INFO - [2022-07-31 01:40:03,535] {dag.py:2379} INFO - Sync 1 DAGs
[2022-07-31 01:40:03,601] {logging_mixin.py:115} INFO - [2022-07-31 01:40:03,601] {dag.py:2923} INFO - Setting next_dagrun for tutorial_taskflow_api_etl to None, run_after=None
[2022-07-31 01:40:03,652] {processor.py:161} INFO - Processing /home/oury/.local/lib/python3.10/site-packages/airflow/example_dags/tutorial_taskflow_api_etl.py took 0.639 seconds
[2022-07-31 01:40:47,274] {processor.py:153} INFO - Started process (PID=12065) to work on /home/oury/.local/lib/python3.10/site-packages/airflow/example_dags/tutorial_taskflow_api_etl.py
[2022-07-31 01:40:47,275] {processor.py:641} INFO - Processing file /home/oury/.local/lib/python3.10/site-packages/airflow/example_dags/tutorial_taskflow_api_etl.py for tasks to queue
[2022-07-31 01:40:47,275] {logging_mixin.py:115} INFO - [2022-07-31 01:40:47,275] {dagbag.py:507} INFO - Filling up the DagBag from /home/oury/.local/lib/python3.10/site-packages/airflow/example_dags/tutorial_taskflow_api_etl.py
[2022-07-31 01:40:47,292] {processor.py:651} INFO - DAG(s) dict_keys(['tutorial_taskflow_api_etl']) retrieved from /home/oury/.local/lib/python3.10/site-packages/airflow/example_dags/tutorial_taskflow_api_etl.py
[2022-07-31 01:40:47,434] {logging_mixin.py:115} INFO - [2022-07-31 01:40:47,434] {dag.py:2379} INFO - Sync 1 DAGs
[2022-07-31 01:40:47,446] {logging_mixin.py:115} INFO - [2022-07-31 01:40:47,446] {dag.py:2923} INFO - Setting next_dagrun for tutorial_taskflow_api_etl to None, run_after=None
[2022-07-31 01:40:47,460] {processor.py:161} INFO - Processing /home/oury/.local/lib/python3.10/site-packages/airflow/example_dags/tutorial_taskflow_api_etl.py took 0.188 seconds
[2022-07-31 01:41:42,357] {processor.py:153} INFO - Started process (PID=12795) to work on /home/oury/.local/lib/python3.10/site-packages/airflow/example_dags/tutorial_taskflow_api_etl.py
[2022-07-31 01:41:42,358] {processor.py:641} INFO - Processing file /home/oury/.local/lib/python3.10/site-packages/airflow/example_dags/tutorial_taskflow_api_etl.py for tasks to queue
[2022-07-31 01:41:42,359] {logging_mixin.py:115} INFO - [2022-07-31 01:41:42,359] {dagbag.py:507} INFO - Filling up the DagBag from /home/oury/.local/lib/python3.10/site-packages/airflow/example_dags/tutorial_taskflow_api_etl.py
[2022-07-31 01:41:42,376] {processor.py:651} INFO - DAG(s) dict_keys(['tutorial_taskflow_api_etl']) retrieved from /home/oury/.local/lib/python3.10/site-packages/airflow/example_dags/tutorial_taskflow_api_etl.py
[2022-07-31 01:41:42,538] {logging_mixin.py:115} INFO - [2022-07-31 01:41:42,538] {dag.py:2379} INFO - Sync 1 DAGs
[2022-07-31 01:41:42,550] {logging_mixin.py:115} INFO - [2022-07-31 01:41:42,550] {dag.py:2923} INFO - Setting next_dagrun for tutorial_taskflow_api_etl to None, run_after=None
[2022-07-31 01:41:42,563] {processor.py:161} INFO - Processing /home/oury/.local/lib/python3.10/site-packages/airflow/example_dags/tutorial_taskflow_api_etl.py took 0.208 seconds
[2022-07-31 01:42:42,223] {processor.py:153} INFO - Started process (PID=13204) to work on /home/oury/.local/lib/python3.10/site-packages/airflow/example_dags/tutorial_taskflow_api_etl.py
[2022-07-31 01:42:42,224] {processor.py:641} INFO - Processing file /home/oury/.local/lib/python3.10/site-packages/airflow/example_dags/tutorial_taskflow_api_etl.py for tasks to queue
[2022-07-31 01:42:42,225] {logging_mixin.py:115} INFO - [2022-07-31 01:42:42,225] {dagbag.py:507} INFO - Filling up the DagBag from /home/oury/.local/lib/python3.10/site-packages/airflow/example_dags/tutorial_taskflow_api_etl.py
[2022-07-31 01:42:42,245] {processor.py:651} INFO - DAG(s) dict_keys(['tutorial_taskflow_api_etl']) retrieved from /home/oury/.local/lib/python3.10/site-packages/airflow/example_dags/tutorial_taskflow_api_etl.py
[2022-07-31 01:42:42,396] {logging_mixin.py:115} INFO - [2022-07-31 01:42:42,396] {dag.py:2379} INFO - Sync 1 DAGs
[2022-07-31 01:42:42,409] {logging_mixin.py:115} INFO - [2022-07-31 01:42:42,409] {dag.py:2923} INFO - Setting next_dagrun for tutorial_taskflow_api_etl to None, run_after=None
[2022-07-31 01:42:42,421] {processor.py:161} INFO - Processing /home/oury/.local/lib/python3.10/site-packages/airflow/example_dags/tutorial_taskflow_api_etl.py took 0.201 seconds
[2022-07-31 01:43:19,890] {processor.py:153} INFO - Started process (PID=13300) to work on /home/oury/.local/lib/python3.10/site-packages/airflow/example_dags/tutorial_taskflow_api_etl.py
[2022-07-31 01:43:19,891] {processor.py:641} INFO - Processing file /home/oury/.local/lib/python3.10/site-packages/airflow/example_dags/tutorial_taskflow_api_etl.py for tasks to queue
[2022-07-31 01:43:19,891] {logging_mixin.py:115} INFO - [2022-07-31 01:43:19,891] {dagbag.py:507} INFO - Filling up the DagBag from /home/oury/.local/lib/python3.10/site-packages/airflow/example_dags/tutorial_taskflow_api_etl.py
[2022-07-31 01:43:19,908] {processor.py:651} INFO - DAG(s) dict_keys(['tutorial_taskflow_api_etl']) retrieved from /home/oury/.local/lib/python3.10/site-packages/airflow/example_dags/tutorial_taskflow_api_etl.py
[2022-07-31 01:43:20,059] {logging_mixin.py:115} INFO - [2022-07-31 01:43:20,059] {dag.py:2379} INFO - Sync 1 DAGs
[2022-07-31 01:43:20,072] {logging_mixin.py:115} INFO - [2022-07-31 01:43:20,072] {dag.py:2923} INFO - Setting next_dagrun for tutorial_taskflow_api_etl to None, run_after=None
[2022-07-31 01:43:20,085] {processor.py:161} INFO - Processing /home/oury/.local/lib/python3.10/site-packages/airflow/example_dags/tutorial_taskflow_api_etl.py took 0.198 seconds
[2022-07-31 01:44:02,637] {processor.py:153} INFO - Started process (PID=13517) to work on /home/oury/.local/lib/python3.10/site-packages/airflow/example_dags/tutorial_taskflow_api_etl.py
[2022-07-31 01:44:02,638] {processor.py:641} INFO - Processing file /home/oury/.local/lib/python3.10/site-packages/airflow/example_dags/tutorial_taskflow_api_etl.py for tasks to queue
[2022-07-31 01:44:02,639] {logging_mixin.py:115} INFO - [2022-07-31 01:44:02,639] {dagbag.py:507} INFO - Filling up the DagBag from /home/oury/.local/lib/python3.10/site-packages/airflow/example_dags/tutorial_taskflow_api_etl.py
[2022-07-31 01:44:02,654] {processor.py:651} INFO - DAG(s) dict_keys(['tutorial_taskflow_api_etl']) retrieved from /home/oury/.local/lib/python3.10/site-packages/airflow/example_dags/tutorial_taskflow_api_etl.py
[2022-07-31 01:44:02,666] {logging_mixin.py:115} INFO - [2022-07-31 01:44:02,666] {dag.py:2379} INFO - Sync 1 DAGs
[2022-07-31 01:44:02,682] {logging_mixin.py:115} INFO - [2022-07-31 01:44:02,682] {dag.py:2923} INFO - Setting next_dagrun for tutorial_taskflow_api_etl to None, run_after=None
[2022-07-31 01:44:02,693] {processor.py:161} INFO - Processing /home/oury/.local/lib/python3.10/site-packages/airflow/example_dags/tutorial_taskflow_api_etl.py took 0.058 seconds
[2022-07-31 01:44:43,829] {processor.py:153} INFO - Started process (PID=13764) to work on /home/oury/.local/lib/python3.10/site-packages/airflow/example_dags/tutorial_taskflow_api_etl.py
[2022-07-31 01:44:43,830] {processor.py:641} INFO - Processing file /home/oury/.local/lib/python3.10/site-packages/airflow/example_dags/tutorial_taskflow_api_etl.py for tasks to queue
[2022-07-31 01:44:43,830] {logging_mixin.py:115} INFO - [2022-07-31 01:44:43,830] {dagbag.py:507} INFO - Filling up the DagBag from /home/oury/.local/lib/python3.10/site-packages/airflow/example_dags/tutorial_taskflow_api_etl.py
[2022-07-31 01:44:43,845] {processor.py:651} INFO - DAG(s) dict_keys(['tutorial_taskflow_api_etl']) retrieved from /home/oury/.local/lib/python3.10/site-packages/airflow/example_dags/tutorial_taskflow_api_etl.py
[2022-07-31 01:44:43,858] {logging_mixin.py:115} INFO - [2022-07-31 01:44:43,858] {dag.py:2379} INFO - Sync 1 DAGs
[2022-07-31 01:44:43,874] {logging_mixin.py:115} INFO - [2022-07-31 01:44:43,874] {dag.py:2923} INFO - Setting next_dagrun for tutorial_taskflow_api_etl to None, run_after=None
[2022-07-31 01:44:43,886] {processor.py:161} INFO - Processing /home/oury/.local/lib/python3.10/site-packages/airflow/example_dags/tutorial_taskflow_api_etl.py took 0.060 seconds
[2022-07-31 01:45:28,511] {processor.py:153} INFO - Started process (PID=14219) to work on /home/oury/.local/lib/python3.10/site-packages/airflow/example_dags/tutorial_taskflow_api_etl.py
[2022-07-31 01:45:28,511] {processor.py:641} INFO - Processing file /home/oury/.local/lib/python3.10/site-packages/airflow/example_dags/tutorial_taskflow_api_etl.py for tasks to queue
[2022-07-31 01:45:28,512] {logging_mixin.py:115} INFO - [2022-07-31 01:45:28,512] {dagbag.py:507} INFO - Filling up the DagBag from /home/oury/.local/lib/python3.10/site-packages/airflow/example_dags/tutorial_taskflow_api_etl.py
[2022-07-31 01:45:28,528] {processor.py:651} INFO - DAG(s) dict_keys(['tutorial_taskflow_api_etl']) retrieved from /home/oury/.local/lib/python3.10/site-packages/airflow/example_dags/tutorial_taskflow_api_etl.py
[2022-07-31 01:45:28,666] {logging_mixin.py:115} INFO - [2022-07-31 01:45:28,666] {dag.py:2379} INFO - Sync 1 DAGs
[2022-07-31 01:45:28,678] {logging_mixin.py:115} INFO - [2022-07-31 01:45:28,678] {dag.py:2923} INFO - Setting next_dagrun for tutorial_taskflow_api_etl to None, run_after=None
[2022-07-31 01:45:28,690] {processor.py:161} INFO - Processing /home/oury/.local/lib/python3.10/site-packages/airflow/example_dags/tutorial_taskflow_api_etl.py took 0.182 seconds
[2022-07-31 01:46:08,733] {processor.py:153} INFO - Started process (PID=14357) to work on /home/oury/.local/lib/python3.10/site-packages/airflow/example_dags/tutorial_taskflow_api_etl.py
[2022-07-31 01:46:08,734] {processor.py:641} INFO - Processing file /home/oury/.local/lib/python3.10/site-packages/airflow/example_dags/tutorial_taskflow_api_etl.py for tasks to queue
[2022-07-31 01:46:08,734] {logging_mixin.py:115} INFO - [2022-07-31 01:46:08,734] {dagbag.py:507} INFO - Filling up the DagBag from /home/oury/.local/lib/python3.10/site-packages/airflow/example_dags/tutorial_taskflow_api_etl.py
[2022-07-31 01:46:08,749] {processor.py:651} INFO - DAG(s) dict_keys(['tutorial_taskflow_api_etl']) retrieved from /home/oury/.local/lib/python3.10/site-packages/airflow/example_dags/tutorial_taskflow_api_etl.py
[2022-07-31 01:46:08,888] {logging_mixin.py:115} INFO - [2022-07-31 01:46:08,887] {dag.py:2379} INFO - Sync 1 DAGs
[2022-07-31 01:46:08,900] {logging_mixin.py:115} INFO - [2022-07-31 01:46:08,900] {dag.py:2923} INFO - Setting next_dagrun for tutorial_taskflow_api_etl to None, run_after=None
[2022-07-31 01:46:08,911] {processor.py:161} INFO - Processing /home/oury/.local/lib/python3.10/site-packages/airflow/example_dags/tutorial_taskflow_api_etl.py took 0.181 seconds
[2022-07-31 01:46:50,031] {processor.py:153} INFO - Started process (PID=14447) to work on /home/oury/.local/lib/python3.10/site-packages/airflow/example_dags/tutorial_taskflow_api_etl.py
[2022-07-31 01:46:50,031] {processor.py:641} INFO - Processing file /home/oury/.local/lib/python3.10/site-packages/airflow/example_dags/tutorial_taskflow_api_etl.py for tasks to queue
[2022-07-31 01:46:50,032] {logging_mixin.py:115} INFO - [2022-07-31 01:46:50,032] {dagbag.py:507} INFO - Filling up the DagBag from /home/oury/.local/lib/python3.10/site-packages/airflow/example_dags/tutorial_taskflow_api_etl.py
[2022-07-31 01:46:50,046] {processor.py:651} INFO - DAG(s) dict_keys(['tutorial_taskflow_api_etl']) retrieved from /home/oury/.local/lib/python3.10/site-packages/airflow/example_dags/tutorial_taskflow_api_etl.py
[2022-07-31 01:46:50,058] {logging_mixin.py:115} INFO - [2022-07-31 01:46:50,058] {dag.py:2379} INFO - Sync 1 DAGs
[2022-07-31 01:46:50,075] {logging_mixin.py:115} INFO - [2022-07-31 01:46:50,075] {dag.py:2923} INFO - Setting next_dagrun for tutorial_taskflow_api_etl to None, run_after=None
[2022-07-31 01:46:50,086] {processor.py:161} INFO - Processing /home/oury/.local/lib/python3.10/site-packages/airflow/example_dags/tutorial_taskflow_api_etl.py took 0.057 seconds
[2022-07-31 01:47:32,258] {processor.py:153} INFO - Started process (PID=14737) to work on /home/oury/.local/lib/python3.10/site-packages/airflow/example_dags/tutorial_taskflow_api_etl.py
[2022-07-31 01:47:32,260] {processor.py:641} INFO - Processing file /home/oury/.local/lib/python3.10/site-packages/airflow/example_dags/tutorial_taskflow_api_etl.py for tasks to queue
[2022-07-31 01:47:32,261] {logging_mixin.py:115} INFO - [2022-07-31 01:47:32,261] {dagbag.py:507} INFO - Filling up the DagBag from /home/oury/.local/lib/python3.10/site-packages/airflow/example_dags/tutorial_taskflow_api_etl.py
[2022-07-31 01:47:32,289] {processor.py:651} INFO - DAG(s) dict_keys(['tutorial_taskflow_api_etl']) retrieved from /home/oury/.local/lib/python3.10/site-packages/airflow/example_dags/tutorial_taskflow_api_etl.py
[2022-07-31 01:47:32,497] {logging_mixin.py:115} INFO - [2022-07-31 01:47:32,497] {dag.py:2379} INFO - Sync 1 DAGs
[2022-07-31 01:47:32,509] {logging_mixin.py:115} INFO - [2022-07-31 01:47:32,509] {dag.py:2923} INFO - Setting next_dagrun for tutorial_taskflow_api_etl to None, run_after=None
[2022-07-31 01:47:32,521] {processor.py:161} INFO - Processing /home/oury/.local/lib/python3.10/site-packages/airflow/example_dags/tutorial_taskflow_api_etl.py took 0.266 seconds
[2022-07-31 01:48:14,527] {processor.py:153} INFO - Started process (PID=14885) to work on /home/oury/.local/lib/python3.10/site-packages/airflow/example_dags/tutorial_taskflow_api_etl.py
[2022-07-31 01:48:14,527] {processor.py:641} INFO - Processing file /home/oury/.local/lib/python3.10/site-packages/airflow/example_dags/tutorial_taskflow_api_etl.py for tasks to queue
[2022-07-31 01:48:14,528] {logging_mixin.py:115} INFO - [2022-07-31 01:48:14,528] {dagbag.py:507} INFO - Filling up the DagBag from /home/oury/.local/lib/python3.10/site-packages/airflow/example_dags/tutorial_taskflow_api_etl.py
[2022-07-31 01:48:14,545] {processor.py:651} INFO - DAG(s) dict_keys(['tutorial_taskflow_api_etl']) retrieved from /home/oury/.local/lib/python3.10/site-packages/airflow/example_dags/tutorial_taskflow_api_etl.py
[2022-07-31 01:48:14,708] {logging_mixin.py:115} INFO - [2022-07-31 01:48:14,707] {dag.py:2379} INFO - Sync 1 DAGs
[2022-07-31 01:48:14,724] {logging_mixin.py:115} INFO - [2022-07-31 01:48:14,723] {dag.py:2923} INFO - Setting next_dagrun for tutorial_taskflow_api_etl to None, run_after=None
[2022-07-31 01:48:14,746] {processor.py:161} INFO - Processing /home/oury/.local/lib/python3.10/site-packages/airflow/example_dags/tutorial_taskflow_api_etl.py took 0.221 seconds
[2022-07-31 01:48:57,829] {processor.py:153} INFO - Started process (PID=14974) to work on /home/oury/.local/lib/python3.10/site-packages/airflow/example_dags/tutorial_taskflow_api_etl.py
[2022-07-31 01:48:57,830] {processor.py:641} INFO - Processing file /home/oury/.local/lib/python3.10/site-packages/airflow/example_dags/tutorial_taskflow_api_etl.py for tasks to queue
[2022-07-31 01:48:57,830] {logging_mixin.py:115} INFO - [2022-07-31 01:48:57,830] {dagbag.py:507} INFO - Filling up the DagBag from /home/oury/.local/lib/python3.10/site-packages/airflow/example_dags/tutorial_taskflow_api_etl.py
[2022-07-31 01:48:57,845] {processor.py:651} INFO - DAG(s) dict_keys(['tutorial_taskflow_api_etl']) retrieved from /home/oury/.local/lib/python3.10/site-packages/airflow/example_dags/tutorial_taskflow_api_etl.py
[2022-07-31 01:48:57,857] {logging_mixin.py:115} INFO - [2022-07-31 01:48:57,857] {dag.py:2379} INFO - Sync 1 DAGs
[2022-07-31 01:48:57,877] {logging_mixin.py:115} INFO - [2022-07-31 01:48:57,877] {dag.py:2923} INFO - Setting next_dagrun for tutorial_taskflow_api_etl to None, run_after=None
[2022-07-31 01:48:57,889] {processor.py:161} INFO - Processing /home/oury/.local/lib/python3.10/site-packages/airflow/example_dags/tutorial_taskflow_api_etl.py took 0.062 seconds
[2022-07-31 01:49:39,157] {processor.py:153} INFO - Started process (PID=15030) to work on /home/oury/.local/lib/python3.10/site-packages/airflow/example_dags/tutorial_taskflow_api_etl.py
[2022-07-31 01:49:39,158] {processor.py:641} INFO - Processing file /home/oury/.local/lib/python3.10/site-packages/airflow/example_dags/tutorial_taskflow_api_etl.py for tasks to queue
[2022-07-31 01:49:39,158] {logging_mixin.py:115} INFO - [2022-07-31 01:49:39,158] {dagbag.py:507} INFO - Filling up the DagBag from /home/oury/.local/lib/python3.10/site-packages/airflow/example_dags/tutorial_taskflow_api_etl.py
[2022-07-31 01:49:39,174] {processor.py:651} INFO - DAG(s) dict_keys(['tutorial_taskflow_api_etl']) retrieved from /home/oury/.local/lib/python3.10/site-packages/airflow/example_dags/tutorial_taskflow_api_etl.py
[2022-07-31 01:49:39,186] {logging_mixin.py:115} INFO - [2022-07-31 01:49:39,186] {dag.py:2379} INFO - Sync 1 DAGs
[2022-07-31 01:49:39,203] {logging_mixin.py:115} INFO - [2022-07-31 01:49:39,203] {dag.py:2923} INFO - Setting next_dagrun for tutorial_taskflow_api_etl to None, run_after=None
[2022-07-31 01:49:39,214] {processor.py:161} INFO - Processing /home/oury/.local/lib/python3.10/site-packages/airflow/example_dags/tutorial_taskflow_api_etl.py took 0.059 seconds
[2022-07-31 01:50:22,784] {processor.py:153} INFO - Started process (PID=15086) to work on /home/oury/.local/lib/python3.10/site-packages/airflow/example_dags/tutorial_taskflow_api_etl.py
[2022-07-31 01:50:22,785] {processor.py:641} INFO - Processing file /home/oury/.local/lib/python3.10/site-packages/airflow/example_dags/tutorial_taskflow_api_etl.py for tasks to queue
[2022-07-31 01:50:22,785] {logging_mixin.py:115} INFO - [2022-07-31 01:50:22,785] {dagbag.py:507} INFO - Filling up the DagBag from /home/oury/.local/lib/python3.10/site-packages/airflow/example_dags/tutorial_taskflow_api_etl.py
[2022-07-31 01:50:22,801] {processor.py:651} INFO - DAG(s) dict_keys(['tutorial_taskflow_api_etl']) retrieved from /home/oury/.local/lib/python3.10/site-packages/airflow/example_dags/tutorial_taskflow_api_etl.py
[2022-07-31 01:50:22,813] {logging_mixin.py:115} INFO - [2022-07-31 01:50:22,813] {dag.py:2379} INFO - Sync 1 DAGs
[2022-07-31 01:50:22,831] {logging_mixin.py:115} INFO - [2022-07-31 01:50:22,830] {dag.py:2923} INFO - Setting next_dagrun for tutorial_taskflow_api_etl to None, run_after=None
[2022-07-31 01:50:22,841] {processor.py:161} INFO - Processing /home/oury/.local/lib/python3.10/site-packages/airflow/example_dags/tutorial_taskflow_api_etl.py took 0.061 seconds
[2022-07-31 01:51:05,333] {processor.py:153} INFO - Started process (PID=15155) to work on /home/oury/.local/lib/python3.10/site-packages/airflow/example_dags/tutorial_taskflow_api_etl.py
[2022-07-31 01:51:05,334] {processor.py:641} INFO - Processing file /home/oury/.local/lib/python3.10/site-packages/airflow/example_dags/tutorial_taskflow_api_etl.py for tasks to queue
[2022-07-31 01:51:05,334] {logging_mixin.py:115} INFO - [2022-07-31 01:51:05,334] {dagbag.py:507} INFO - Filling up the DagBag from /home/oury/.local/lib/python3.10/site-packages/airflow/example_dags/tutorial_taskflow_api_etl.py
[2022-07-31 01:51:05,349] {processor.py:651} INFO - DAG(s) dict_keys(['tutorial_taskflow_api_etl']) retrieved from /home/oury/.local/lib/python3.10/site-packages/airflow/example_dags/tutorial_taskflow_api_etl.py
[2022-07-31 01:51:05,360] {logging_mixin.py:115} INFO - [2022-07-31 01:51:05,360] {dag.py:2379} INFO - Sync 1 DAGs
[2022-07-31 01:51:05,378] {logging_mixin.py:115} INFO - [2022-07-31 01:51:05,378] {dag.py:2923} INFO - Setting next_dagrun for tutorial_taskflow_api_etl to None, run_after=None
[2022-07-31 01:51:05,389] {processor.py:161} INFO - Processing /home/oury/.local/lib/python3.10/site-packages/airflow/example_dags/tutorial_taskflow_api_etl.py took 0.058 seconds
