[2022-07-30 20:49:46,728] {taskinstance.py:1160} INFO - Dependencies all met for <TaskInstance: data_pipeline.tweets_to_es scheduled__2022-07-30T19:44:00+00:00 [queued]>
[2022-07-30 20:49:46,739] {taskinstance.py:1160} INFO - Dependencies all met for <TaskInstance: data_pipeline.tweets_to_es scheduled__2022-07-30T19:44:00+00:00 [queued]>
[2022-07-30 20:49:46,740] {taskinstance.py:1357} INFO - 
--------------------------------------------------------------------------------
[2022-07-30 20:49:46,740] {taskinstance.py:1358} INFO - Starting attempt 1 of 1
[2022-07-30 20:49:46,740] {taskinstance.py:1359} INFO - 
--------------------------------------------------------------------------------
[2022-07-30 20:49:46,766] {taskinstance.py:1378} INFO - Executing <Task(PythonOperator): tweets_to_es> on 2022-07-30 19:44:00+00:00
[2022-07-30 20:49:46,770] {standard_task_runner.py:52} INFO - Started process 12481 to run task
[2022-07-30 20:49:46,774] {standard_task_runner.py:79} INFO - Running: ['airflow', 'tasks', 'run', 'data_pipeline', 'tweets_to_es', 'scheduled__2022-07-30T19:44:00+00:00', '--job-id', '38', '--raw', '--subdir', 'DAGS_FOLDER/airfow_es.py', '--cfg-path', '/tmp/tmp3999momr', '--error-file', '/tmp/tmpzfkss8pf']
[2022-07-30 20:49:46,775] {standard_task_runner.py:80} INFO - Job 38: Subtask tweets_to_es
[2022-07-30 20:49:46,829] {task_command.py:370} INFO - Running <TaskInstance: data_pipeline.tweets_to_es scheduled__2022-07-30T19:44:00+00:00 [running]> on host oury-Tp
[2022-07-30 20:49:46,902] {taskinstance.py:1570} INFO - Exporting the following env vars:
AIRFLOW_CTX_DAG_OWNER=airflow
AIRFLOW_CTX_DAG_ID=data_pipeline
AIRFLOW_CTX_TASK_ID=tweets_to_es
AIRFLOW_CTX_EXECUTION_DATE=2022-07-30T19:44:00+00:00
AIRFLOW_CTX_TRY_NUMBER=1
AIRFLOW_CTX_DAG_RUN_ID=scheduled__2022-07-30T19:44:00+00:00
[2022-07-30 20:49:46,903] {twitter.py:696} INFO - Retrieving scroll page None
[2022-07-30 20:49:46,903] {twitter.py:626} INFO - Retrieving guest token
[2022-07-30 20:49:46,905] {base.py:171} INFO - Retrieving https://twitter.com/search?f=live&lang=en&q=near%3AParis+since%3A1659210240+until%3A1659210480&src=spelling_expansion_revert_click
[2022-07-30 20:49:47,629] {base.py:189} INFO - Retrieved https://twitter.com/search?f=live&lang=en&q=near%3AParis+since%3A1659210240+until%3A1659210480&src=spelling_expansion_revert_click: 200
[2022-07-30 20:49:47,633] {base.py:171} INFO - Retrieving https://api.twitter.com/2/search/adaptive.json?include_profile_interstitial_type=1&include_blocking=1&include_blocked_by=1&include_followed_by=1&include_want_retweets=1&include_mute_edge=1&include_can_dm=1&include_can_media_tag=1&skip_status=1&cards_platform=Web-12&include_cards=1&include_ext_alt_text=true&include_quote_count=true&include_reply_count=1&tweet_mode=extended&include_entities=true&include_user_entities=true&include_ext_media_color=true&include_ext_media_availability=true&send_error_codes=true&simple_quoted_tweets=true&q=near%3AParis+since%3A1659210240+until%3A1659210480&tweet_search_mode=live&count=100&query_source=spelling_expansion_revert_click&pc=1&spelling_corrections=1&ext=mediaStats%2ChighlightedLabel
[2022-07-30 20:49:48,804] {base.py:189} INFO - Retrieved https://api.twitter.com/2/search/adaptive.json?include_profile_interstitial_type=1&include_blocking=1&include_blocked_by=1&include_followed_by=1&include_want_retweets=1&include_mute_edge=1&include_can_dm=1&include_can_media_tag=1&skip_status=1&cards_platform=Web-12&include_cards=1&include_ext_alt_text=true&include_quote_count=true&include_reply_count=1&tweet_mode=extended&include_entities=true&include_user_entities=true&include_ext_media_color=true&include_ext_media_availability=true&send_error_codes=true&simple_quoted_tweets=true&q=near%3AParis+since%3A1659210240+until%3A1659210480&tweet_search_mode=live&count=100&query_source=spelling_expansion_revert_click&pc=1&spelling_corrections=1&ext=mediaStats%2ChighlightedLabel: 200
[2022-07-30 20:49:49,686] {base.py:265} INFO - GET http://localhost:9200/ [status:200 request:0.068s]
[2022-07-30 20:49:50,141] {base.py:265} INFO - PUT http://localhost:9200/my_index/_doc/1553467462167003137 [status:201 request:0.454s]
[2022-07-30 20:49:50,215] {base.py:265} INFO - PUT http://localhost:9200/my_index/_doc/1553467461223186432 [status:201 request:0.028s]
[2022-07-30 20:49:50,247] {base.py:265} INFO - PUT http://localhost:9200/my_index/_doc/1553467460694802432 [status:201 request:0.011s]
[2022-07-30 20:49:50,271] {base.py:265} INFO - PUT http://localhost:9200/my_index/_doc/1553467459927265280 [status:201 request:0.016s]
[2022-07-30 20:49:50,290] {base.py:265} INFO - PUT http://localhost:9200/my_index/_doc/1553467459298009089 [status:201 request:0.011s]
[2022-07-30 20:49:50,366] {base.py:265} INFO - PUT http://localhost:9200/my_index/_doc/1553467444844527616 [status:201 request:0.012s]
[2022-07-30 20:49:50,404] {base.py:265} INFO - PUT http://localhost:9200/my_index/_doc/1553467443074457601 [status:201 request:0.013s]
[2022-07-30 20:49:50,426] {base.py:265} INFO - PUT http://localhost:9200/my_index/_doc/1553467442994847744 [status:201 request:0.015s]
[2022-07-30 20:49:50,456] {base.py:265} INFO - PUT http://localhost:9200/my_index/_doc/1553467441082257408 [status:201 request:0.010s]
[2022-07-30 20:49:50,496] {base.py:265} INFO - PUT http://localhost:9200/my_index/_doc/1553467434195107847 [status:201 request:0.011s]
[2022-07-30 20:49:50,517] {base.py:265} INFO - PUT http://localhost:9200/my_index/_doc/1553467433964519426 [status:201 request:0.011s]
[2022-07-30 20:49:50,571] {base.py:265} INFO - PUT http://localhost:9200/my_index/_doc/1553467431623983105 [status:201 request:0.011s]
[2022-07-30 20:49:50,571] {twitter.py:696} INFO - Retrieving scroll page scroll:thGAVUV0VFVBaCgLCBwJmDjysWgoC8yaObg48rEnEV8IV6FYCJehgHREVGQVVMVDUBFQAVAAA=
[2022-07-30 20:49:50,574] {base.py:171} INFO - Retrieving https://api.twitter.com/2/search/adaptive.json?include_profile_interstitial_type=1&include_blocking=1&include_blocked_by=1&include_followed_by=1&include_want_retweets=1&include_mute_edge=1&include_can_dm=1&include_can_media_tag=1&skip_status=1&cards_platform=Web-12&include_cards=1&include_ext_alt_text=true&include_quote_count=true&include_reply_count=1&tweet_mode=extended&include_entities=true&include_user_entities=true&include_ext_media_color=true&include_ext_media_availability=true&send_error_codes=true&simple_quoted_tweets=true&q=near%3AParis+since%3A1659210240+until%3A1659210480&tweet_search_mode=live&count=100&query_source=spelling_expansion_revert_click&cursor=scroll%3AthGAVUV0VFVBaCgLCBwJmDjysWgoC8yaObg48rEnEV8IV6FYCJehgHREVGQVVMVDUBFQAVAAA%3D&pc=1&spelling_corrections=1&ext=mediaStats%2ChighlightedLabel
[2022-07-30 20:49:51,171] {base.py:189} INFO - Retrieved https://api.twitter.com/2/search/adaptive.json?include_profile_interstitial_type=1&include_blocking=1&include_blocked_by=1&include_followed_by=1&include_want_retweets=1&include_mute_edge=1&include_can_dm=1&include_can_media_tag=1&skip_status=1&cards_platform=Web-12&include_cards=1&include_ext_alt_text=true&include_quote_count=true&include_reply_count=1&tweet_mode=extended&include_entities=true&include_user_entities=true&include_ext_media_color=true&include_ext_media_availability=true&send_error_codes=true&simple_quoted_tweets=true&q=near%3AParis+since%3A1659210240+until%3A1659210480&tweet_search_mode=live&count=100&query_source=spelling_expansion_revert_click&cursor=scroll%3AthGAVUV0VFVBaCgLCBwJmDjysWgoC8yaObg48rEnEV8IV6FYCJehgHREVGQVVMVDUBFQAVAAA%3D&pc=1&spelling_corrections=1&ext=mediaStats%2ChighlightedLabel: 200
[2022-07-30 20:49:51,197] {base.py:265} INFO - PUT http://localhost:9200/my_index/_doc/1553467429577162754 [status:201 request:0.013s]
[2022-07-30 20:49:51,240] {base.py:265} INFO - PUT http://localhost:9200/my_index/_doc/1553467417241833474 [status:201 request:0.008s]
[2022-07-30 20:49:51,257] {base.py:265} INFO - PUT http://localhost:9200/my_index/_doc/1553467417015238656 [status:201 request:0.009s]
[2022-07-30 20:49:51,273] {base.py:265} INFO - PUT http://localhost:9200/my_index/_doc/1553467416981667841 [status:201 request:0.009s]
[2022-07-30 20:49:51,302] {base.py:265} INFO - PUT http://localhost:9200/my_index/_doc/1553467416944037889 [status:201 request:0.010s]
[2022-07-30 20:49:51,321] {base.py:265} INFO - PUT http://localhost:9200/my_index/_doc/1553467415794749441 [status:201 request:0.009s]
[2022-07-30 20:49:51,339] {base.py:265} INFO - PUT http://localhost:9200/my_index/_doc/1553467415085867008 [status:201 request:0.008s]
[2022-07-30 20:49:51,370] {base.py:265} INFO - PUT http://localhost:9200/my_index/_doc/1553467412644782084 [status:201 request:0.009s]
[2022-07-30 20:49:51,386] {base.py:265} INFO - PUT http://localhost:9200/my_index/_doc/1553467411864735747 [status:201 request:0.008s]
[2022-07-30 20:49:51,413] {base.py:265} INFO - PUT http://localhost:9200/my_index/_doc/1553467409536778243 [status:201 request:0.009s]
[2022-07-30 20:49:51,429] {base.py:265} INFO - PUT http://localhost:9200/my_index/_doc/1553467405585743873 [status:201 request:0.009s]
[2022-07-30 20:49:51,455] {base.py:265} INFO - PUT http://localhost:9200/my_index/_doc/1553467403824254980 [status:201 request:0.007s]
[2022-07-30 20:49:51,483] {base.py:265} INFO - PUT http://localhost:9200/my_index/_doc/1553467400258994178 [status:201 request:0.008s]
[2022-07-30 20:49:51,509] {base.py:265} INFO - PUT http://localhost:9200/my_index/_doc/1553467398719774721 [status:201 request:0.008s]
[2022-07-30 20:49:51,513] {twitter.py:696} INFO - Retrieving scroll page scroll:thGAVUV0VFVBaEgLCpuJeDjysWgoC8yaObg48rEnEV4IJ6FYCJehgHREVGQVVMVDUBFQIVAAA=
[2022-07-30 20:49:51,515] {base.py:171} INFO - Retrieving https://api.twitter.com/2/search/adaptive.json?include_profile_interstitial_type=1&include_blocking=1&include_blocked_by=1&include_followed_by=1&include_want_retweets=1&include_mute_edge=1&include_can_dm=1&include_can_media_tag=1&skip_status=1&cards_platform=Web-12&include_cards=1&include_ext_alt_text=true&include_quote_count=true&include_reply_count=1&tweet_mode=extended&include_entities=true&include_user_entities=true&include_ext_media_color=true&include_ext_media_availability=true&send_error_codes=true&simple_quoted_tweets=true&q=near%3AParis+since%3A1659210240+until%3A1659210480&tweet_search_mode=live&count=100&query_source=spelling_expansion_revert_click&cursor=scroll%3AthGAVUV0VFVBaEgLCpuJeDjysWgoC8yaObg48rEnEV4IJ6FYCJehgHREVGQVVMVDUBFQIVAAA%3D&pc=1&spelling_corrections=1&ext=mediaStats%2ChighlightedLabel
[2022-07-30 20:49:52,129] {base.py:189} INFO - Retrieved https://api.twitter.com/2/search/adaptive.json?include_profile_interstitial_type=1&include_blocking=1&include_blocked_by=1&include_followed_by=1&include_want_retweets=1&include_mute_edge=1&include_can_dm=1&include_can_media_tag=1&skip_status=1&cards_platform=Web-12&include_cards=1&include_ext_alt_text=true&include_quote_count=true&include_reply_count=1&tweet_mode=extended&include_entities=true&include_user_entities=true&include_ext_media_color=true&include_ext_media_availability=true&send_error_codes=true&simple_quoted_tweets=true&q=near%3AParis+since%3A1659210240+until%3A1659210480&tweet_search_mode=live&count=100&query_source=spelling_expansion_revert_click&cursor=scroll%3AthGAVUV0VFVBaEgLCpuJeDjysWgoC8yaObg48rEnEV4IJ6FYCJehgHREVGQVVMVDUBFQIVAAA%3D&pc=1&spelling_corrections=1&ext=mediaStats%2ChighlightedLabel: 200
[2022-07-30 20:49:52,188] {base.py:265} INFO - PUT http://localhost:9200/my_index/_doc/1553467391522312193 [status:201 request:0.012s]
[2022-07-30 20:49:52,209] {base.py:265} INFO - PUT http://localhost:9200/my_index/_doc/1553467390616281093 [status:201 request:0.008s]
[2022-07-30 20:49:52,233] {base.py:265} INFO - PUT http://localhost:9200/my_index/_doc/1553467389651582980 [status:201 request:0.008s]
[2022-07-30 20:49:52,252] {base.py:265} INFO - PUT http://localhost:9200/my_index/_doc/1553467389458669570 [status:201 request:0.008s]
[2022-07-30 20:49:52,275] {base.py:265} INFO - PUT http://localhost:9200/my_index/_doc/1553467389165043714 [status:201 request:0.009s]
[2022-07-30 20:49:52,322] {base.py:265} INFO - PUT http://localhost:9200/my_index/_doc/1553467387613249536 [status:201 request:0.038s]
[2022-07-30 20:49:52,339] {base.py:265} INFO - PUT http://localhost:9200/my_index/_doc/1553467387537756163 [status:201 request:0.008s]
[2022-07-30 20:49:52,354] {base.py:265} INFO - PUT http://localhost:9200/my_index/_doc/1553467387059519489 [status:201 request:0.009s]
[2022-07-30 20:49:52,376] {base.py:265} INFO - PUT http://localhost:9200/my_index/_doc/1553467385360908288 [status:201 request:0.008s]
[2022-07-30 20:49:52,399] {base.py:265} INFO - PUT http://localhost:9200/my_index/_doc/1553467384740171777 [status:201 request:0.008s]
[2022-07-30 20:49:52,428] {base.py:265} INFO - PUT http://localhost:9200/my_index/_doc/1553467383804739588 [status:201 request:0.009s]
[2022-07-30 20:49:52,454] {base.py:265} INFO - PUT http://localhost:9200/my_index/_doc/1553467382336733186 [status:201 request:0.016s]
[2022-07-30 20:49:52,474] {base.py:265} INFO - PUT http://localhost:9200/my_index/_doc/1553467382307459075 [status:201 request:0.009s]
[2022-07-30 20:49:52,524] {base.py:265} INFO - PUT http://localhost:9200/my_index/_doc/1553467380269031424 [status:201 request:0.007s]
[2022-07-30 20:49:52,546] {base.py:265} INFO - PUT http://localhost:9200/my_index/_doc/1553467378373206019 [status:201 request:0.007s]
[2022-07-30 20:49:52,559] {base.py:265} INFO - PUT http://localhost:9200/my_index/_doc/1553467377416798210 [status:201 request:0.007s]
[2022-07-30 20:49:52,605] {base.py:265} INFO - PUT http://localhost:9200/my_index/_doc/1553467375198035971 [status:201 request:0.007s]
[2022-07-30 20:49:52,605] {twitter.py:696} INFO - Retrieving scroll page scroll:thGAVUV0VFVBaGgLPNm5aDjysWgoC8yaObg48rEnEV0P95FYCJehgHREVGQVVMVDUBFQQVAAA=
[2022-07-30 20:49:52,608] {base.py:171} INFO - Retrieving https://api.twitter.com/2/search/adaptive.json?include_profile_interstitial_type=1&include_blocking=1&include_blocked_by=1&include_followed_by=1&include_want_retweets=1&include_mute_edge=1&include_can_dm=1&include_can_media_tag=1&skip_status=1&cards_platform=Web-12&include_cards=1&include_ext_alt_text=true&include_quote_count=true&include_reply_count=1&tweet_mode=extended&include_entities=true&include_user_entities=true&include_ext_media_color=true&include_ext_media_availability=true&send_error_codes=true&simple_quoted_tweets=true&q=near%3AParis+since%3A1659210240+until%3A1659210480&tweet_search_mode=live&count=100&query_source=spelling_expansion_revert_click&cursor=scroll%3AthGAVUV0VFVBaGgLPNm5aDjysWgoC8yaObg48rEnEV0P95FYCJehgHREVGQVVMVDUBFQQVAAA%3D&pc=1&spelling_corrections=1&ext=mediaStats%2ChighlightedLabel
[2022-07-30 20:49:53,399] {base.py:189} INFO - Retrieved https://api.twitter.com/2/search/adaptive.json?include_profile_interstitial_type=1&include_blocking=1&include_blocked_by=1&include_followed_by=1&include_want_retweets=1&include_mute_edge=1&include_can_dm=1&include_can_media_tag=1&skip_status=1&cards_platform=Web-12&include_cards=1&include_ext_alt_text=true&include_quote_count=true&include_reply_count=1&tweet_mode=extended&include_entities=true&include_user_entities=true&include_ext_media_color=true&include_ext_media_availability=true&send_error_codes=true&simple_quoted_tweets=true&q=near%3AParis+since%3A1659210240+until%3A1659210480&tweet_search_mode=live&count=100&query_source=spelling_expansion_revert_click&cursor=scroll%3AthGAVUV0VFVBaGgLPNm5aDjysWgoC8yaObg48rEnEV0P95FYCJehgHREVGQVVMVDUBFQQVAAA%3D&pc=1&spelling_corrections=1&ext=mediaStats%2ChighlightedLabel: 200
[2022-07-30 20:49:53,439] {base.py:265} INFO - PUT http://localhost:9200/my_index/_doc/1553467374510264320 [status:201 request:0.012s]
[2022-07-30 20:49:53,453] {base.py:265} INFO - PUT http://localhost:9200/my_index/_doc/1553467373893697538 [status:201 request:0.007s]
[2022-07-30 20:49:53,489] {base.py:265} INFO - PUT http://localhost:9200/my_index/_doc/1553467362254495744 [status:201 request:0.007s]
[2022-07-30 20:49:53,528] {base.py:265} INFO - PUT http://localhost:9200/my_index/_doc/1553467359712755718 [status:201 request:0.007s]
[2022-07-30 20:49:53,554] {base.py:265} INFO - PUT http://localhost:9200/my_index/_doc/1553467358244749314 [status:201 request:0.008s]
[2022-07-30 20:49:53,568] {base.py:265} INFO - PUT http://localhost:9200/my_index/_doc/1553467358110531584 [status:201 request:0.008s]
[2022-07-30 20:49:53,588] {base.py:265} INFO - PUT http://localhost:9200/my_index/_doc/1553467357913403393 [status:201 request:0.007s]
[2022-07-30 20:49:53,604] {base.py:265} INFO - PUT http://localhost:9200/my_index/_doc/1553467356176867328 [status:201 request:0.010s]
[2022-07-30 20:49:53,623] {base.py:265} INFO - PUT http://localhost:9200/my_index/_doc/1553467355627413506 [status:201 request:0.011s]
[2022-07-30 20:49:53,667] {base.py:265} INFO - PUT http://localhost:9200/my_index/_doc/1553467351164719106 [status:201 request:0.006s]
[2022-07-30 20:49:53,682] {base.py:265} INFO - PUT http://localhost:9200/my_index/_doc/1553467349885284352 [status:201 request:0.007s]
[2022-07-30 20:49:53,708] {base.py:265} INFO - PUT http://localhost:9200/my_index/_doc/1553467349788934144 [status:201 request:0.007s]
[2022-07-30 20:49:53,730] {base.py:265} INFO - PUT http://localhost:9200/my_index/_doc/1553467348480294912 [status:201 request:0.008s]
[2022-07-30 20:49:53,748] {base.py:265} INFO - PUT http://localhost:9200/my_index/_doc/1553467345976365056 [status:201 request:0.011s]
[2022-07-30 20:49:53,749] {twitter.py:696} INFO - Retrieving scroll page scroll:thGAVUV0VFVBaAwLjxwZSDjysWgoC8yaObg48rEnEVwPx5FYCJehgHREVGQVVMVDUBFQYVAAA=
[2022-07-30 20:49:53,752] {base.py:171} INFO - Retrieving https://api.twitter.com/2/search/adaptive.json?include_profile_interstitial_type=1&include_blocking=1&include_blocked_by=1&include_followed_by=1&include_want_retweets=1&include_mute_edge=1&include_can_dm=1&include_can_media_tag=1&skip_status=1&cards_platform=Web-12&include_cards=1&include_ext_alt_text=true&include_quote_count=true&include_reply_count=1&tweet_mode=extended&include_entities=true&include_user_entities=true&include_ext_media_color=true&include_ext_media_availability=true&send_error_codes=true&simple_quoted_tweets=true&q=near%3AParis+since%3A1659210240+until%3A1659210480&tweet_search_mode=live&count=100&query_source=spelling_expansion_revert_click&cursor=scroll%3AthGAVUV0VFVBaAwLjxwZSDjysWgoC8yaObg48rEnEVwPx5FYCJehgHREVGQVVMVDUBFQYVAAA%3D&pc=1&spelling_corrections=1&ext=mediaStats%2ChighlightedLabel
[2022-07-30 20:49:54,413] {base.py:189} INFO - Retrieved https://api.twitter.com/2/search/adaptive.json?include_profile_interstitial_type=1&include_blocking=1&include_blocked_by=1&include_followed_by=1&include_want_retweets=1&include_mute_edge=1&include_can_dm=1&include_can_media_tag=1&skip_status=1&cards_platform=Web-12&include_cards=1&include_ext_alt_text=true&include_quote_count=true&include_reply_count=1&tweet_mode=extended&include_entities=true&include_user_entities=true&include_ext_media_color=true&include_ext_media_availability=true&send_error_codes=true&simple_quoted_tweets=true&q=near%3AParis+since%3A1659210240+until%3A1659210480&tweet_search_mode=live&count=100&query_source=spelling_expansion_revert_click&cursor=scroll%3AthGAVUV0VFVBaAwLjxwZSDjysWgoC8yaObg48rEnEVwPx5FYCJehgHREVGQVVMVDUBFQYVAAA%3D&pc=1&spelling_corrections=1&ext=mediaStats%2ChighlightedLabel: 200
[2022-07-30 20:49:54,473] {base.py:265} INFO - PUT http://localhost:9200/my_index/_doc/1553467345833803787 [status:201 request:0.012s]
[2022-07-30 20:49:54,494] {base.py:265} INFO - PUT http://localhost:9200/my_index/_doc/1553467345590444032 [status:201 request:0.009s]
[2022-07-30 20:49:54,513] {base.py:265} INFO - PUT http://localhost:9200/my_index/_doc/1553467343996608513 [status:201 request:0.008s]
[2022-07-30 20:49:54,577] {base.py:265} INFO - PUT http://localhost:9200/my_index/_doc/1553467342583201792 [status:201 request:0.008s]
[2022-07-30 20:49:54,596] {base.py:265} INFO - PUT http://localhost:9200/my_index/_doc/1553467340515250177 [status:201 request:0.008s]
[2022-07-30 20:49:54,614] {base.py:265} INFO - PUT http://localhost:9200/my_index/_doc/1553467339529756672 [status:201 request:0.008s]
[2022-07-30 20:49:54,639] {base.py:265} INFO - PUT http://localhost:9200/my_index/_doc/1553467338531520514 [status:201 request:0.009s]
[2022-07-30 20:49:54,669] {base.py:265} INFO - PUT http://localhost:9200/my_index/_doc/1553467336098807808 [status:201 request:0.008s]
[2022-07-30 20:49:54,686] {base.py:265} INFO - PUT http://localhost:9200/my_index/_doc/1553467335809409024 [status:201 request:0.009s]
[2022-07-30 20:49:54,712] {base.py:265} INFO - PUT http://localhost:9200/my_index/_doc/1553467335264149508 [status:201 request:0.008s]
[2022-07-30 20:49:54,743] {base.py:265} INFO - PUT http://localhost:9200/my_index/_doc/1553467333137649664 [status:201 request:0.006s]
[2022-07-30 20:49:54,777] {base.py:265} INFO - PUT http://localhost:9200/my_index/_doc/1553467332927885315 [status:201 request:0.007s]
[2022-07-30 20:49:54,793] {base.py:265} INFO - PUT http://localhost:9200/my_index/_doc/1553467332588179457 [status:201 request:0.008s]
[2022-07-30 20:49:54,830] {base.py:265} INFO - PUT http://localhost:9200/my_index/_doc/1553467327353610241 [status:201 request:0.006s]
[2022-07-30 20:49:54,887] {base.py:265} INFO - PUT http://localhost:9200/my_index/_doc/1553467325290094594 [status:201 request:0.040s]
[2022-07-30 20:49:54,901] {twitter.py:696} INFO - Retrieving scroll page scroll:thGAVUV0VFVBaCgLz9ppODjysWgoC8yaObg48rEnEVsPl5FYCJehgHREVGQVVMVDUBFQgVAAA=
[2022-07-30 20:49:54,903] {base.py:171} INFO - Retrieving https://api.twitter.com/2/search/adaptive.json?include_profile_interstitial_type=1&include_blocking=1&include_blocked_by=1&include_followed_by=1&include_want_retweets=1&include_mute_edge=1&include_can_dm=1&include_can_media_tag=1&skip_status=1&cards_platform=Web-12&include_cards=1&include_ext_alt_text=true&include_quote_count=true&include_reply_count=1&tweet_mode=extended&include_entities=true&include_user_entities=true&include_ext_media_color=true&include_ext_media_availability=true&send_error_codes=true&simple_quoted_tweets=true&q=near%3AParis+since%3A1659210240+until%3A1659210480&tweet_search_mode=live&count=100&query_source=spelling_expansion_revert_click&cursor=scroll%3AthGAVUV0VFVBaCgLz9ppODjysWgoC8yaObg48rEnEVsPl5FYCJehgHREVGQVVMVDUBFQgVAAA%3D&pc=1&spelling_corrections=1&ext=mediaStats%2ChighlightedLabel
[2022-07-30 20:49:55,533] {base.py:189} INFO - Retrieved https://api.twitter.com/2/search/adaptive.json?include_profile_interstitial_type=1&include_blocking=1&include_blocked_by=1&include_followed_by=1&include_want_retweets=1&include_mute_edge=1&include_can_dm=1&include_can_media_tag=1&skip_status=1&cards_platform=Web-12&include_cards=1&include_ext_alt_text=true&include_quote_count=true&include_reply_count=1&tweet_mode=extended&include_entities=true&include_user_entities=true&include_ext_media_color=true&include_ext_media_availability=true&send_error_codes=true&simple_quoted_tweets=true&q=near%3AParis+since%3A1659210240+until%3A1659210480&tweet_search_mode=live&count=100&query_source=spelling_expansion_revert_click&cursor=scroll%3AthGAVUV0VFVBaCgLz9ppODjysWgoC8yaObg48rEnEVsPl5FYCJehgHREVGQVVMVDUBFQgVAAA%3D&pc=1&spelling_corrections=1&ext=mediaStats%2ChighlightedLabel: 200
[2022-07-30 20:49:55,562] {python.py:173} INFO - Done. Returned value was: None
[2022-07-30 20:49:55,578] {taskinstance.py:1396} INFO - Marking task as SUCCESS. dag_id=data_pipeline, task_id=tweets_to_es, execution_date=20220730T194400, start_date=20220730T194946, end_date=20220730T194955
[2022-07-30 20:49:55,637] {local_task_job.py:156} INFO - Task exited with return code 0
[2022-07-30 20:49:55,668] {local_task_job.py:273} INFO - 0 downstream tasks scheduled from follow-on schedule check
