[2022-06-08 10:35:09,106] {taskinstance.py:1160} INFO - Dependencies all met for <TaskInstance: data_pipeline.tweets_to_es scheduled__2022-06-08T09:30:00+00:00 [queued]>
[2022-06-08 10:35:09,113] {taskinstance.py:1160} INFO - Dependencies all met for <TaskInstance: data_pipeline.tweets_to_es scheduled__2022-06-08T09:30:00+00:00 [queued]>
[2022-06-08 10:35:09,113] {taskinstance.py:1357} INFO - 
--------------------------------------------------------------------------------
[2022-06-08 10:35:09,113] {taskinstance.py:1358} INFO - Starting attempt 1 of 1
[2022-06-08 10:35:09,113] {taskinstance.py:1359} INFO - 
--------------------------------------------------------------------------------
[2022-06-08 10:35:09,276] {taskinstance.py:1378} INFO - Executing <Task(PythonOperator): tweets_to_es> on 2022-06-08 09:30:00+00:00
[2022-06-08 10:35:09,278] {standard_task_runner.py:52} INFO - Started process 6693 to run task
[2022-06-08 10:35:09,281] {standard_task_runner.py:79} INFO - Running: ['airflow', 'tasks', 'run', 'data_pipeline', 'tweets_to_es', 'scheduled__2022-06-08T09:30:00+00:00', '--job-id', '2', '--raw', '--subdir', 'DAGS_FOLDER/airfow_es.py', '--cfg-path', '/tmp/tmpnt0homke', '--error-file', '/tmp/tmp83q4wq05']
[2022-06-08 10:35:09,282] {standard_task_runner.py:80} INFO - Job 2: Subtask tweets_to_es
[2022-06-08 10:35:09,480] {task_command.py:370} INFO - Running <TaskInstance: data_pipeline.tweets_to_es scheduled__2022-06-08T09:30:00+00:00 [running]> on host oury-Tp
[2022-06-08 10:35:10,628] {taskinstance.py:1570} INFO - Exporting the following env vars:
AIRFLOW_CTX_DAG_OWNER=airflow
AIRFLOW_CTX_DAG_ID=data_pipeline
AIRFLOW_CTX_TASK_ID=tweets_to_es
AIRFLOW_CTX_EXECUTION_DATE=2022-06-08T09:30:00+00:00
AIRFLOW_CTX_TRY_NUMBER=1
AIRFLOW_CTX_DAG_RUN_ID=scheduled__2022-06-08T09:30:00+00:00
[2022-06-08 10:35:10,629] {twitter.py:696} INFO - Retrieving scroll page None
[2022-06-08 10:35:10,629] {twitter.py:626} INFO - Retrieving guest token
[2022-06-08 10:35:10,631] {base.py:171} INFO - Retrieving https://twitter.com/search?f=live&lang=en&q=near%3AParis+since%3A1654680600+until%3A1654680780&src=spelling_expansion_revert_click
[2022-06-08 10:35:11,478] {base.py:189} INFO - Retrieved https://twitter.com/search?f=live&lang=en&q=near%3AParis+since%3A1654680600+until%3A1654680780&src=spelling_expansion_revert_click: 200
[2022-06-08 10:35:11,481] {base.py:171} INFO - Retrieving https://api.twitter.com/2/search/adaptive.json?include_profile_interstitial_type=1&include_blocking=1&include_blocked_by=1&include_followed_by=1&include_want_retweets=1&include_mute_edge=1&include_can_dm=1&include_can_media_tag=1&skip_status=1&cards_platform=Web-12&include_cards=1&include_ext_alt_text=true&include_quote_count=true&include_reply_count=1&tweet_mode=extended&include_entities=true&include_user_entities=true&include_ext_media_color=true&include_ext_media_availability=true&send_error_codes=true&simple_quoted_tweets=true&q=near%3AParis+since%3A1654680600+until%3A1654680780&tweet_search_mode=live&count=100&query_source=spelling_expansion_revert_click&pc=1&spelling_corrections=1&ext=mediaStats%2ChighlightedLabel
[2022-06-08 10:35:12,551] {base.py:189} INFO - Retrieved https://api.twitter.com/2/search/adaptive.json?include_profile_interstitial_type=1&include_blocking=1&include_blocked_by=1&include_followed_by=1&include_want_retweets=1&include_mute_edge=1&include_can_dm=1&include_can_media_tag=1&skip_status=1&cards_platform=Web-12&include_cards=1&include_ext_alt_text=true&include_quote_count=true&include_reply_count=1&tweet_mode=extended&include_entities=true&include_user_entities=true&include_ext_media_color=true&include_ext_media_availability=true&send_error_codes=true&simple_quoted_tweets=true&q=near%3AParis+since%3A1654680600+until%3A1654680780&tweet_search_mode=live&count=100&query_source=spelling_expansion_revert_click&pc=1&spelling_corrections=1&ext=mediaStats%2ChighlightedLabel: 200
[2022-06-08 10:35:13,404] {logging_mixin.py:115} INFO - {'id': 1534468521769545729, 'username': 'MarieDeclercq', 'tweet_date': datetime.datetime(2022, 6, 8, 9, 32, 59, tzinfo=datetime.timezone.utc), 'tweet_content': '@vtyok Une négation est en trop dans ton tweet. Je suppose que tu voulais dire qu’il a 7 titres de champion du monde et que personne ne pourra jamais égaler ses records ?', 'likes_count': 0, 'tweet_url': 'https://twitter.com/MarieDeclercq/status/1534468521769545729', 'tweet_lang': 'fr'}
[2022-06-08 10:35:13,684] {_transport.py:336} INFO - PUT http://localhost:9200/my_index/_doc/1534468521769545729 [status:201 duration:0.279s]
[2022-06-08 10:35:13,694] {logging_mixin.py:115} INFO - {'id': 1534468519043145730, 'username': '_rebelrebel', 'tweet_date': datetime.datetime(2022, 6, 8, 9, 32, 58, tzinfo=datetime.timezone.utc), 'tweet_content': "@iwbysvicplease @captaingels pour l'instant rien ne nous dit qu'ils seront sur la même scène !", 'likes_count': 0, 'tweet_url': 'https://twitter.com/_rebelrebel/status/1534468519043145730', 'tweet_lang': 'fr'}
[2022-06-08 10:35:13,706] {_transport.py:336} INFO - PUT http://localhost:9200/my_index/_doc/1534468519043145730 [status:201 duration:0.011s]
[2022-06-08 10:35:13,718] {logging_mixin.py:115} INFO - {'id': 1534468517130555393, 'username': 'EtienneGless', 'tweet_date': datetime.datetime(2022, 6, 8, 9, 32, 58, tzinfo=datetime.timezone.utc), 'tweet_content': "Comment s'orienter et se former aux métiers du #numerique LE secteur qui tire l'économie française. 115.000 emplois à créer d'ici 2030. Mais #Maths et enseignement de spécialité NSI boudés par lycéens ☹️@letudiant  @RemiFerrand_ de @talentsdunum \nhttps://t.co/9C7Zrzii2x", 'likes_count': 1, 'tweet_url': 'https://twitter.com/EtienneGless/status/1534468517130555393', 'tweet_lang': 'fr'}
[2022-06-08 10:35:13,732] {_transport.py:336} INFO - PUT http://localhost:9200/my_index/_doc/1534468517130555393 [status:201 duration:0.014s]
[2022-06-08 10:35:13,849] {logging_mixin.py:115} INFO - {'id': 1534468512470769667, 'username': 'Gimelec', 'tweet_date': datetime.datetime(2022, 6, 8, 9, 32, 57, tzinfo=datetime.timezone.utc), 'tweet_content': '| P U B L I C A T I O N |\n\n🆕 Découvrez le Guide pédagogique Cybersécurité OT qui vous est proposé par le club Cyber OT du GIMELEC !\nhttps://t.co/TzVO4gvYye', 'likes_count': 0, 'tweet_url': 'https://twitter.com/Gimelec/status/1534468512470769667', 'tweet_lang': 'fr'}
[2022-06-08 10:35:13,964] {_transport.py:336} INFO - PUT http://localhost:9200/my_index/_doc/1534468512470769667 [status:201 duration:0.115s]
[2022-06-08 10:35:13,974] {logging_mixin.py:115} INFO - {'id': 1534468509635432448, 'username': 'davidbarbet', 'tweet_date': datetime.datetime(2022, 6, 8, 9, 32, 56, tzinfo=datetime.timezone.utc), 'tweet_content': 'Qui va réussir à voir Alex dans Lyon avant tout le monde ?', 'likes_count': 10, 'tweet_url': 'https://twitter.com/davidbarbet/status/1534468509635432448', 'tweet_lang': 'fr'}
[2022-06-08 10:35:14,099] {_transport.py:336} INFO - PUT http://localhost:9200/my_index/_doc/1534468509635432448 [status:201 duration:0.124s]
[2022-06-08 10:35:14,113] {logging_mixin.py:115} INFO - {'id': 1534468507685081090, 'username': 'JdSalachas', 'tweet_date': datetime.datetime(2022, 6, 8, 9, 32, 55, tzinfo=datetime.timezone.utc), 'tweet_content': '👌🏼😉La carte, une question de mesures \U0001fae3🔎🗺🤞✨ https://t.co/hxdgJsq2wU', 'likes_count': 0, 'tweet_url': 'https://twitter.com/JdSalachas/status/1534468507685081090', 'tweet_lang': 'fr'}
[2022-06-08 10:35:14,279] {_transport.py:336} INFO - PUT http://localhost:9200/my_index/_doc/1534468507685081090 [status:201 duration:0.166s]
[2022-06-08 10:35:14,286] {logging_mixin.py:115} INFO - {'id': 1534468506070274049, 'username': 'StephSemillant', 'tweet_date': datetime.datetime(2022, 6, 8, 9, 32, 55, tzinfo=datetime.timezone.utc), 'tweet_content': 'Le procès de Pierre Ménès pour des faits "d\'agressions sexuelles", notamment sur une hôtesse du Parc des Princes, a été reporté au mois de mars 2023. Par @AlexisDanjon  https://t.co/gFjiwb3R74 via @lequipe', 'likes_count': 0, 'tweet_url': 'https://twitter.com/StephSemillant/status/1534468506070274049', 'tweet_lang': 'fr'}
[2022-06-08 10:35:14,425] {_transport.py:336} INFO - PUT http://localhost:9200/my_index/_doc/1534468506070274049 [status:201 duration:0.139s]
[2022-06-08 10:35:14,433] {logging_mixin.py:115} INFO - {'id': 1534468501951455233, 'username': '_Blackys', 'tweet_date': datetime.datetime(2022, 6, 8, 9, 32, 54, tzinfo=datetime.timezone.utc), 'tweet_content': '@DanyFrangieh Ajzjsjdjxj je suis anéanti faut voir comment les calculs ne sont pas bons', 'likes_count': 0, 'tweet_url': 'https://twitter.com/_Blackys/status/1534468501951455233', 'tweet_lang': 'fr'}
[2022-06-08 10:35:14,653] {_transport.py:336} INFO - PUT http://localhost:9200/my_index/_doc/1534468501951455233 [status:201 duration:0.220s]
[2022-06-08 10:35:14,668] {logging_mixin.py:115} INFO - {'id': 1534468500869324800, 'username': 'dgormezano', 'tweet_date': datetime.datetime(2022, 6, 8, 9, 32, 54, tzinfo=datetime.timezone.utc), 'tweet_content': "#Brésil En Amazonie, disparition d'un journaliste britannique et d'un expert brésilien https://t.co/EtUDMS1HUe via @FRANCE24", 'likes_count': 0, 'tweet_url': 'https://twitter.com/dgormezano/status/1534468500869324800', 'tweet_lang': 'fr'}
[2022-06-08 10:35:14,812] {_transport.py:336} INFO - PUT http://localhost:9200/my_index/_doc/1534468500869324800 [status:201 duration:0.144s]
[2022-06-08 10:35:14,828] {logging_mixin.py:115} INFO - {'id': 1534468498436546562, 'username': 'kuraIIua', 'tweet_date': datetime.datetime(2022, 6, 8, 9, 32, 53, tzinfo=datetime.timezone.utc), 'tweet_content': '@schismogenesis oui totalement c’est pas avec ce système qu’on va combattre ces cycles de violence ça c’est sur ☠️\n+ tous les bias racistes, classistes etc. qui vont se foutre la-dedans c’est catastrophique', 'likes_count': 0, 'tweet_url': 'https://twitter.com/kuraIIua/status/1534468498436546562', 'tweet_lang': 'fr'}
[2022-06-08 10:35:14,963] {_transport.py:336} INFO - PUT http://localhost:9200/my_index/_doc/1534468498436546562 [status:201 duration:0.134s]
[2022-06-08 10:35:14,970] {logging_mixin.py:115} INFO - {'id': 1534468498356830213, 'username': 'Ousmane93530795', 'tweet_date': datetime.datetime(2022, 6, 8, 9, 32, 53, tzinfo=datetime.timezone.utc), 'tweet_content': '@Boubacar_Niasse Mais sa se voit surtout qu’il a pas d’ambition ils se repose sur ces performances actuelles on voit qu’il veux pas évoluer', 'likes_count': 0, 'tweet_url': 'https://twitter.com/Ousmane93530795/status/1534468498356830213', 'tweet_lang': 'fr'}
[2022-06-08 10:35:15,805] {_transport.py:336} INFO - PUT http://localhost:9200/my_index/_doc/1534468498356830213 [status:201 duration:0.835s]
[2022-06-08 10:35:15,824] {twitter.py:696} INFO - Retrieving scroll page scroll:thGAVUV0VFVBaAgLPBgb7DyyoWgICxhbe_w8sqEnEV8IV6FYCJehgHREVGQVVMVDUBFQAVAAA=
[2022-06-08 10:35:15,825] {base.py:171} INFO - Retrieving https://api.twitter.com/2/search/adaptive.json?include_profile_interstitial_type=1&include_blocking=1&include_blocked_by=1&include_followed_by=1&include_want_retweets=1&include_mute_edge=1&include_can_dm=1&include_can_media_tag=1&skip_status=1&cards_platform=Web-12&include_cards=1&include_ext_alt_text=true&include_quote_count=true&include_reply_count=1&tweet_mode=extended&include_entities=true&include_user_entities=true&include_ext_media_color=true&include_ext_media_availability=true&send_error_codes=true&simple_quoted_tweets=true&q=near%3AParis+since%3A1654680600+until%3A1654680780&tweet_search_mode=live&count=100&query_source=spelling_expansion_revert_click&cursor=scroll%3AthGAVUV0VFVBaAgLPBgb7DyyoWgICxhbe_w8sqEnEV8IV6FYCJehgHREVGQVVMVDUBFQAVAAA%3D&pc=1&spelling_corrections=1&ext=mediaStats%2ChighlightedLabel
[2022-06-08 10:35:16,596] {base.py:189} INFO - Retrieved https://api.twitter.com/2/search/adaptive.json?include_profile_interstitial_type=1&include_blocking=1&include_blocked_by=1&include_followed_by=1&include_want_retweets=1&include_mute_edge=1&include_can_dm=1&include_can_media_tag=1&skip_status=1&cards_platform=Web-12&include_cards=1&include_ext_alt_text=true&include_quote_count=true&include_reply_count=1&tweet_mode=extended&include_entities=true&include_user_entities=true&include_ext_media_color=true&include_ext_media_availability=true&send_error_codes=true&simple_quoted_tweets=true&q=near%3AParis+since%3A1654680600+until%3A1654680780&tweet_search_mode=live&count=100&query_source=spelling_expansion_revert_click&cursor=scroll%3AthGAVUV0VFVBaAgLPBgb7DyyoWgICxhbe_w8sqEnEV8IV6FYCJehgHREVGQVVMVDUBFQAVAAA%3D&pc=1&spelling_corrections=1&ext=mediaStats%2ChighlightedLabel: 200
[2022-06-08 10:35:16,608] {logging_mixin.py:115} INFO - {'id': 1534468495454392321, 'username': 'PinardonNoah', 'tweet_date': datetime.datetime(2022, 6, 8, 9, 32, 53, tzinfo=datetime.timezone.utc), 'tweet_content': 'Billet pour @LeahKateMusic acheté la salle est grave petit et chill ça va être trop bien 🥰🥰🥰', 'likes_count': 0, 'tweet_url': 'https://twitter.com/PinardonNoah/status/1534468495454392321', 'tweet_lang': 'fr'}
[2022-06-08 10:35:16,784] {_transport.py:336} INFO - PUT http://localhost:9200/my_index/_doc/1534468495454392321 [status:201 duration:0.176s]
[2022-06-08 10:35:16,829] {logging_mixin.py:115} INFO - {'id': 1534468491855773697, 'username': 'R_Cleeveland15', 'tweet_date': datetime.datetime(2022, 6, 8, 9, 32, 52, tzinfo=datetime.timezone.utc), 'tweet_content': 'Je fais bcp attention aux détails 😅', 'likes_count': 0, 'tweet_url': 'https://twitter.com/R_Cleeveland15/status/1534468491855773697', 'tweet_lang': 'fr'}
[2022-06-08 10:35:17,778] {_transport.py:336} INFO - PUT http://localhost:9200/my_index/_doc/1534468491855773697 [status:201 duration:0.948s]
[2022-06-08 10:35:17,850] {logging_mixin.py:115} INFO - {'id': 1534468487288344576, 'username': '_Le_Nain_', 'tweet_date': datetime.datetime(2022, 6, 8, 9, 32, 51, tzinfo=datetime.timezone.utc), 'tweet_content': "@koztoujours Bref, des championnats du monde, avec des équipes nationales plutôt que des clubs associés à une marque, des discours et des cérémonies, des joueurs qui se serrent la main et s'entraident, ça serait chouette. Mais il n'y a pas que les JO qui permettent ça.", 'likes_count': 0, 'tweet_url': 'https://twitter.com/_Le_Nain_/status/1534468487288344576', 'tweet_lang': 'fr'}
[2022-06-08 10:35:19,024] {_transport.py:336} INFO - PUT http://localhost:9200/my_index/_doc/1534468487288344576 [status:201 duration:1.173s]
[2022-06-08 10:35:19,030] {logging_mixin.py:115} INFO - {'id': 1534468485299970049, 'username': 'DMoatti', 'tweet_date': datetime.datetime(2022, 6, 8, 9, 32, 50, tzinfo=datetime.timezone.utc), 'tweet_content': "Toujours en pleine confusion . Véron c'est pas les municipales. On verra dans 4 ans les législatives c'est national .Quel projet pour la France dans les 5 ans qui viennent ? A part devenir maire de Paris ? 😂😂😂😂 https://t.co/YRresYW35X", 'likes_count': 0, 'tweet_url': 'https://twitter.com/DMoatti/status/1534468485299970049', 'tweet_lang': 'fr'}
[2022-06-08 10:35:20,824] {_transport.py:336} INFO - PUT http://localhost:9200/my_index/_doc/1534468485299970049 [status:201 duration:1.794s]
[2022-06-08 10:35:20,831] {logging_mixin.py:115} INFO - {'id': 1534468482397511680, 'username': 'Julienpreux93', 'tweet_date': datetime.datetime(2022, 6, 8, 9, 32, 49, tzinfo=datetime.timezone.utc), 'tweet_content': 'Le temps ne nous laisse pas le temps de passer.\n\n#citationphilosophique #citationdujour #citationsurlavie #citation #vers #poeme #poesie #poete #ecrits #ecrivain #ecriture #proverbe #aphorisme #philosophie https://t.co/pb0N61oJ0D', 'likes_count': 1, 'tweet_url': 'https://twitter.com/Julienpreux93/status/1534468482397511680', 'tweet_lang': 'fr'}
[2022-06-08 10:35:21,476] {_transport.py:336} INFO - PUT http://localhost:9200/my_index/_doc/1534468482397511680 [status:201 duration:0.644s]
[2022-06-08 10:35:21,483] {logging_mixin.py:115} INFO - {'id': 1534468480598265856, 'username': 'FuckCinephiles', 'tweet_date': datetime.datetime(2022, 6, 8, 9, 32, 49, tzinfo=datetime.timezone.utc), 'tweet_content': "@YGKere @djoikoliv Oui et non, Strange World n'est pas forcément une sortie susceptible de générer massivement des abonnés. C'est une crotte de nez lancée aux visages des salles comme avec les derniers Pixar, par un gamin capricieux qui n'est pas content qu'on ne lui dise pas oui à ses caprices", 'likes_count': 0, 'tweet_url': 'https://twitter.com/FuckCinephiles/status/1534468480598265856', 'tweet_lang': 'fr'}
[2022-06-08 10:35:21,702] {_transport.py:336} INFO - PUT http://localhost:9200/my_index/_doc/1534468480598265856 [status:201 duration:0.218s]
[2022-06-08 10:35:21,714] {logging_mixin.py:115} INFO - {'id': 1534468480237436928, 'username': 'canarite1', 'tweet_date': datetime.datetime(2022, 6, 8, 9, 32, 49, tzinfo=datetime.timezone.utc), 'tweet_content': 'ONG complices de l’invasion ? Les Grecs c’est pas des poules mouillées et des traîtres comme Macron ! https://t.co/m2WyqRthYE', 'likes_count': 0, 'tweet_url': 'https://twitter.com/canarite1/status/1534468480237436928', 'tweet_lang': 'fr'}
[2022-06-08 10:35:21,891] {_transport.py:336} INFO - PUT http://localhost:9200/my_index/_doc/1534468480237436928 [status:201 duration:0.177s]
[2022-06-08 10:35:21,898] {logging_mixin.py:115} INFO - {'id': 1534468477578248192, 'username': 'IkEtctout', 'tweet_date': datetime.datetime(2022, 6, 8, 9, 32, 48, tzinfo=datetime.timezone.utc), 'tweet_content': "@Coincoi46972107 @pierreelite2010 Aucune estime pour les tocards qui repondent en fonction des prénoms. Toujours de la bouse en plus. Mon pseudo est un personnage d'une série française.  \nAbruti", 'likes_count': 0, 'tweet_url': 'https://twitter.com/IkEtctout/status/1534468477578248192', 'tweet_lang': 'fr'}
[2022-06-08 10:35:22,123] {_transport.py:336} INFO - PUT http://localhost:9200/my_index/_doc/1534468477578248192 [status:201 duration:0.225s]
[2022-06-08 10:35:22,205] {logging_mixin.py:115} INFO - {'id': 1534468475930005504, 'username': 'elAckss', 'tweet_date': datetime.datetime(2022, 6, 8, 9, 32, 48, tzinfo=datetime.timezone.utc), 'tweet_content': "@Kamusubi_ C'est quoi le manga ?", 'likes_count': 0, 'tweet_url': 'https://twitter.com/elAckss/status/1534468475930005504', 'tweet_lang': 'fr'}
[2022-06-08 10:35:22,350] {_transport.py:336} INFO - PUT http://localhost:9200/my_index/_doc/1534468475930005504 [status:201 duration:0.145s]
[2022-06-08 10:35:22,362] {logging_mixin.py:115} INFO - {'id': 1534468472947843072, 'username': 'lguez', 'tweet_date': datetime.datetime(2022, 6, 8, 9, 32, 47, tzinfo=datetime.timezone.utc), 'tweet_content': 'Puissamment d’accord ! Et dans les entreprises aussi https://t.co/ASLjNOkfnz', 'likes_count': 0, 'tweet_url': 'https://twitter.com/lguez/status/1534468472947843072', 'tweet_lang': 'fr'}
[2022-06-08 10:35:22,505] {_transport.py:336} INFO - PUT http://localhost:9200/my_index/_doc/1534468472947843072 [status:201 duration:0.143s]
[2022-06-08 10:35:22,511] {logging_mixin.py:115} INFO - {'id': 1534468462072020995, 'username': 'LiliBrinderbe', 'tweet_date': datetime.datetime(2022, 6, 8, 9, 32, 45, tzinfo=datetime.timezone.utc), 'tweet_content': '@insoumisdelest @cameracum @lamiaela Mais pour des appartement à prix modérés, il paraît que Simonnet s’y connaît !', 'likes_count': 0, 'tweet_url': 'https://twitter.com/LiliBrinderbe/status/1534468462072020995', 'tweet_lang': 'fr'}
[2022-06-08 10:35:22,660] {_transport.py:336} INFO - PUT http://localhost:9200/my_index/_doc/1534468462072020995 [status:201 duration:0.149s]
[2022-06-08 10:35:22,661] {twitter.py:696} INFO - Retrieving scroll page scroll:thGAVUV0VFVBaGgL6N9rvDyyoWgICxhbe_w8sqEnEV4IJ6FYCJehgHREVGQVVMVDUBFQIVAAA=
[2022-06-08 10:35:22,663] {base.py:171} INFO - Retrieving https://api.twitter.com/2/search/adaptive.json?include_profile_interstitial_type=1&include_blocking=1&include_blocked_by=1&include_followed_by=1&include_want_retweets=1&include_mute_edge=1&include_can_dm=1&include_can_media_tag=1&skip_status=1&cards_platform=Web-12&include_cards=1&include_ext_alt_text=true&include_quote_count=true&include_reply_count=1&tweet_mode=extended&include_entities=true&include_user_entities=true&include_ext_media_color=true&include_ext_media_availability=true&send_error_codes=true&simple_quoted_tweets=true&q=near%3AParis+since%3A1654680600+until%3A1654680780&tweet_search_mode=live&count=100&query_source=spelling_expansion_revert_click&cursor=scroll%3AthGAVUV0VFVBaGgL6N9rvDyyoWgICxhbe_w8sqEnEV4IJ6FYCJehgHREVGQVVMVDUBFQIVAAA%3D&pc=1&spelling_corrections=1&ext=mediaStats%2ChighlightedLabel
[2022-06-08 10:35:23,269] {base.py:189} INFO - Retrieved https://api.twitter.com/2/search/adaptive.json?include_profile_interstitial_type=1&include_blocking=1&include_blocked_by=1&include_followed_by=1&include_want_retweets=1&include_mute_edge=1&include_can_dm=1&include_can_media_tag=1&skip_status=1&cards_platform=Web-12&include_cards=1&include_ext_alt_text=true&include_quote_count=true&include_reply_count=1&tweet_mode=extended&include_entities=true&include_user_entities=true&include_ext_media_color=true&include_ext_media_availability=true&send_error_codes=true&simple_quoted_tweets=true&q=near%3AParis+since%3A1654680600+until%3A1654680780&tweet_search_mode=live&count=100&query_source=spelling_expansion_revert_click&cursor=scroll%3AthGAVUV0VFVBaGgL6N9rvDyyoWgICxhbe_w8sqEnEV4IJ6FYCJehgHREVGQVVMVDUBFQIVAAA%3D&pc=1&spelling_corrections=1&ext=mediaStats%2ChighlightedLabel: 200
[2022-06-08 10:35:23,302] {logging_mixin.py:115} INFO - {'id': 1534468458309730304, 'username': 'CyrilDespontin', 'tweet_date': datetime.datetime(2022, 6, 8, 9, 32, 44, tzinfo=datetime.timezone.utc), 'tweet_content': "@toxavanger Je me l'écoute le matin au réveil, c'est impeccable. 👌", 'likes_count': 1, 'tweet_url': 'https://twitter.com/CyrilDespontin/status/1534468458309730304', 'tweet_lang': 'fr'}
[2022-06-08 10:35:23,425] {_transport.py:336} INFO - PUT http://localhost:9200/my_index/_doc/1534468458309730304 [status:201 duration:0.123s]
[2022-06-08 10:35:23,435] {logging_mixin.py:115} INFO - {'id': 1534468456967462912, 'username': 'nadrake', 'tweet_date': datetime.datetime(2022, 6, 8, 9, 32, 43, tzinfo=datetime.timezone.utc), 'tweet_content': "@AuRevoir_Merci0 @EstelleMidi J'ai plus de temps à perdre av les gens comme vous.\nJe fais plus dans le social", 'likes_count': 0, 'tweet_url': 'https://twitter.com/nadrake/status/1534468456967462912', 'tweet_lang': 'fr'}
[2022-06-08 10:35:23,578] {_transport.py:336} INFO - PUT http://localhost:9200/my_index/_doc/1534468456967462912 [status:201 duration:0.142s]
[2022-06-08 10:35:23,600] {logging_mixin.py:115} INFO - {'id': 1534468455570755585, 'username': 'mort_fine_', 'tweet_date': datetime.datetime(2022, 6, 8, 9, 32, 43, tzinfo=datetime.timezone.utc), 'tweet_content': '@turboplouc va prendre tisane et miel puis au dodo toi', 'likes_count': 0, 'tweet_url': 'https://twitter.com/mort_fine_/status/1534468455570755585', 'tweet_lang': 'fr'}
[2022-06-08 10:35:23,733] {_transport.py:336} INFO - PUT http://localhost:9200/my_index/_doc/1534468455570755585 [status:201 duration:0.133s]
[2022-06-08 10:35:23,744] {logging_mixin.py:115} INFO - {'id': 1534468452622163968, 'username': 'ATaquillain', 'tweet_date': datetime.datetime(2022, 6, 8, 9, 32, 42, tzinfo=datetime.timezone.utc), 'tweet_content': '📅 Réunion de quartier 📣\n\nVenez me rencontrer et échanger lors de notre réunion de quartier demain à #BoisColombes ! \n\n🕕 A 19h le 8 juin \n📍Place de la République\n\n#legislatives2022 https://t.co/SBCRdt7OIJ', 'likes_count': 1, 'tweet_url': 'https://twitter.com/ATaquillain/status/1534468452622163968', 'tweet_lang': 'fr'}
[2022-06-08 10:35:23,887] {_transport.py:336} INFO - PUT http://localhost:9200/my_index/_doc/1534468452622163968 [status:201 duration:0.143s]
[2022-06-08 10:35:23,892] {logging_mixin.py:115} INFO - {'id': 1534468450684485632, 'username': 'TessaGarnier', 'tweet_date': datetime.datetime(2022, 6, 8, 9, 32, 42, tzinfo=datetime.timezone.utc), 'tweet_content': 'S5E10\n\n«\xa0Sa vie tourmentée, ses peurs, il les a immortalisé avec ce je ne sais quoi d’éternel et de magique.\xa0» https://t.co/hnUeZxJor9', 'likes_count': 0, 'tweet_url': 'https://twitter.com/TessaGarnier/status/1534468450684485632', 'tweet_lang': 'fr'}
[2022-06-08 10:35:24,042] {_transport.py:336} INFO - PUT http://localhost:9200/my_index/_doc/1534468450684485632 [status:201 duration:0.150s]
[2022-06-08 10:35:24,062] {python.py:173} INFO - Done. Returned value was: None
[2022-06-08 10:35:24,069] {taskinstance.py:1396} INFO - Marking task as SUCCESS. dag_id=data_pipeline, task_id=tweets_to_es, execution_date=20220608T093000, start_date=20220608T093509, end_date=20220608T093524
[2022-06-08 10:35:24,294] {local_task_job.py:156} INFO - Task exited with return code 0
[2022-06-08 10:35:24,310] {local_task_job.py:273} INFO - 0 downstream tasks scheduled from follow-on schedule check
