[2022-06-22 12:03:05,794] {taskinstance.py:1160} INFO - Dependencies all met for <TaskInstance: data_pipeline.tweets_to_es scheduled__2022-06-22T11:00:00+00:00 [queued]>
[2022-06-22 12:03:05,804] {taskinstance.py:1160} INFO - Dependencies all met for <TaskInstance: data_pipeline.tweets_to_es scheduled__2022-06-22T11:00:00+00:00 [queued]>
[2022-06-22 12:03:05,804] {taskinstance.py:1357} INFO - 
--------------------------------------------------------------------------------
[2022-06-22 12:03:05,804] {taskinstance.py:1358} INFO - Starting attempt 1 of 1
[2022-06-22 12:03:05,804] {taskinstance.py:1359} INFO - 
--------------------------------------------------------------------------------
[2022-06-22 12:03:05,826] {taskinstance.py:1378} INFO - Executing <Task(PythonOperator): tweets_to_es> on 2022-06-22 11:00:00+00:00
[2022-06-22 12:03:05,832] {standard_task_runner.py:52} INFO - Started process 14306 to run task
[2022-06-22 12:03:05,840] {standard_task_runner.py:79} INFO - Running: ['airflow', 'tasks', 'run', 'data_pipeline', 'tweets_to_es', 'scheduled__2022-06-22T11:00:00+00:00', '--job-id', '11', '--raw', '--subdir', 'DAGS_FOLDER/airfow_es.py', '--cfg-path', '/tmp/tmp8b_qq48q', '--error-file', '/tmp/tmpck5ldpzn']
[2022-06-22 12:03:05,842] {standard_task_runner.py:80} INFO - Job 11: Subtask tweets_to_es
[2022-06-22 12:03:05,927] {task_command.py:370} INFO - Running <TaskInstance: data_pipeline.tweets_to_es scheduled__2022-06-22T11:00:00+00:00 [running]> on host oury-Tp
[2022-06-22 12:03:06,004] {taskinstance.py:1570} INFO - Exporting the following env vars:
AIRFLOW_CTX_DAG_OWNER=airflow
AIRFLOW_CTX_DAG_ID=data_pipeline
AIRFLOW_CTX_TASK_ID=tweets_to_es
AIRFLOW_CTX_EXECUTION_DATE=2022-06-22T11:00:00+00:00
AIRFLOW_CTX_TRY_NUMBER=1
AIRFLOW_CTX_DAG_RUN_ID=scheduled__2022-06-22T11:00:00+00:00
[2022-06-22 12:03:06,006] {twitter.py:696} INFO - Retrieving scroll page None
[2022-06-22 12:03:06,006] {twitter.py:626} INFO - Retrieving guest token
[2022-06-22 12:03:06,009] {base.py:171} INFO - Retrieving https://twitter.com/search?f=live&lang=en&q=near%3AParis+since%3A1655895600+until%3A1655895780&src=spelling_expansion_revert_click
[2022-06-22 12:03:06,692] {base.py:189} INFO - Retrieved https://twitter.com/search?f=live&lang=en&q=near%3AParis+since%3A1655895600+until%3A1655895780&src=spelling_expansion_revert_click: 200
[2022-06-22 12:03:06,698] {base.py:171} INFO - Retrieving https://api.twitter.com/2/search/adaptive.json?include_profile_interstitial_type=1&include_blocking=1&include_blocked_by=1&include_followed_by=1&include_want_retweets=1&include_mute_edge=1&include_can_dm=1&include_can_media_tag=1&skip_status=1&cards_platform=Web-12&include_cards=1&include_ext_alt_text=true&include_quote_count=true&include_reply_count=1&tweet_mode=extended&include_entities=true&include_user_entities=true&include_ext_media_color=true&include_ext_media_availability=true&send_error_codes=true&simple_quoted_tweets=true&q=near%3AParis+since%3A1655895600+until%3A1655895780&tweet_search_mode=live&count=100&query_source=spelling_expansion_revert_click&pc=1&spelling_corrections=1&ext=mediaStats%2ChighlightedLabel
[2022-06-22 12:03:07,814] {base.py:189} INFO - Retrieved https://api.twitter.com/2/search/adaptive.json?include_profile_interstitial_type=1&include_blocking=1&include_blocked_by=1&include_followed_by=1&include_want_retweets=1&include_mute_edge=1&include_can_dm=1&include_can_media_tag=1&skip_status=1&cards_platform=Web-12&include_cards=1&include_ext_alt_text=true&include_quote_count=true&include_reply_count=1&tweet_mode=extended&include_entities=true&include_user_entities=true&include_ext_media_color=true&include_ext_media_availability=true&send_error_codes=true&simple_quoted_tweets=true&q=near%3AParis+since%3A1655895600+until%3A1655895780&tweet_search_mode=live&count=100&query_source=spelling_expansion_revert_click&pc=1&spelling_corrections=1&ext=mediaStats%2ChighlightedLabel: 200
[2022-06-22 12:03:08,760] {_transport.py:336} INFO - PUT http://localhost:9200/my_index/_doc/1539564603260166144 [status:201 duration:0.015s]
[2022-06-22 12:03:08,794] {_transport.py:336} INFO - PUT http://localhost:9200/my_index/_doc/1539564599787364358 [status:201 duration:0.016s]
[2022-06-22 12:03:08,831] {_transport.py:336} INFO - PUT http://localhost:9200/my_index/_doc/1539564598290010112 [status:201 duration:0.008s]
[2022-06-22 12:03:08,866] {_transport.py:336} INFO - PUT http://localhost:9200/my_index/_doc/1539564597702688774 [status:201 duration:0.011s]
[2022-06-22 12:03:08,938] {_transport.py:336} INFO - PUT http://localhost:9200/my_index/_doc/1539564595798474752 [status:201 duration:0.006s]
[2022-06-22 12:03:08,993] {_transport.py:336} INFO - PUT http://localhost:9200/my_index/_doc/1539564595156848641 [status:201 duration:0.022s]
[2022-06-22 12:03:09,026] {_transport.py:336} INFO - PUT http://localhost:9200/my_index/_doc/1539564593244151811 [status:201 duration:0.008s]
[2022-06-22 12:03:09,044] {_transport.py:336} INFO - PUT http://localhost:9200/my_index/_doc/1539564592375992322 [status:201 duration:0.008s]
[2022-06-22 12:03:09,072] {_transport.py:336} INFO - PUT http://localhost:9200/my_index/_doc/1539564591851737088 [status:201 duration:0.009s]
[2022-06-22 12:03:09,093] {_transport.py:336} INFO - PUT http://localhost:9200/my_index/_doc/1539564590807355392 [status:201 duration:0.011s]
[2022-06-22 12:03:09,127] {_transport.py:336} INFO - PUT http://localhost:9200/my_index/_doc/1539564589662076929 [status:201 duration:0.013s]
[2022-06-22 12:03:09,155] {_transport.py:336} INFO - PUT http://localhost:9200/my_index/_doc/1539564587795849216 [status:201 duration:0.010s]
[2022-06-22 12:03:09,277] {_transport.py:336} INFO - PUT http://localhost:9200/my_index/_doc/1539564582267719681 [status:201 duration:0.013s]
[2022-06-22 12:03:09,353] {_transport.py:336} INFO - PUT http://localhost:9200/my_index/_doc/1539564580409581569 [status:201 duration:0.015s]
[2022-06-22 12:03:09,449] {_transport.py:336} INFO - PUT http://localhost:9200/my_index/_doc/1539564578840903680 [status:201 duration:0.013s]
[2022-06-22 12:03:09,477] {_transport.py:336} INFO - PUT http://localhost:9200/my_index/_doc/1539564578161451008 [status:201 duration:0.008s]
[2022-06-22 12:03:09,483] {twitter.py:696} INFO - Retrieving scroll page scroll:thGAVUV0VFVBaMwL7F6PTQ3SoWgICz4bD20N0qEnEV8IV6FYCJehgHREVGQVVMVDUBFQAVAAA=
[2022-06-22 12:03:09,487] {base.py:171} INFO - Retrieving https://api.twitter.com/2/search/adaptive.json?include_profile_interstitial_type=1&include_blocking=1&include_blocked_by=1&include_followed_by=1&include_want_retweets=1&include_mute_edge=1&include_can_dm=1&include_can_media_tag=1&skip_status=1&cards_platform=Web-12&include_cards=1&include_ext_alt_text=true&include_quote_count=true&include_reply_count=1&tweet_mode=extended&include_entities=true&include_user_entities=true&include_ext_media_color=true&include_ext_media_availability=true&send_error_codes=true&simple_quoted_tweets=true&q=near%3AParis+since%3A1655895600+until%3A1655895780&tweet_search_mode=live&count=100&query_source=spelling_expansion_revert_click&cursor=scroll%3AthGAVUV0VFVBaMwL7F6PTQ3SoWgICz4bD20N0qEnEV8IV6FYCJehgHREVGQVVMVDUBFQAVAAA%3D&pc=1&spelling_corrections=1&ext=mediaStats%2ChighlightedLabel
[2022-06-22 12:03:10,602] {base.py:189} INFO - Retrieved https://api.twitter.com/2/search/adaptive.json?include_profile_interstitial_type=1&include_blocking=1&include_blocked_by=1&include_followed_by=1&include_want_retweets=1&include_mute_edge=1&include_can_dm=1&include_can_media_tag=1&skip_status=1&cards_platform=Web-12&include_cards=1&include_ext_alt_text=true&include_quote_count=true&include_reply_count=1&tweet_mode=extended&include_entities=true&include_user_entities=true&include_ext_media_color=true&include_ext_media_availability=true&send_error_codes=true&simple_quoted_tweets=true&q=near%3AParis+since%3A1655895600+until%3A1655895780&tweet_search_mode=live&count=100&query_source=spelling_expansion_revert_click&cursor=scroll%3AthGAVUV0VFVBaMwL7F6PTQ3SoWgICz4bD20N0qEnEV8IV6FYCJehgHREVGQVVMVDUBFQAVAAA%3D&pc=1&spelling_corrections=1&ext=mediaStats%2ChighlightedLabel: 200
[2022-06-22 12:03:10,644] {_transport.py:336} INFO - PUT http://localhost:9200/my_index/_doc/1539564575875530752 [status:201 duration:0.018s]
[2022-06-22 12:03:10,673] {_transport.py:336} INFO - PUT http://localhost:9200/my_index/_doc/1539564575628083201 [status:201 duration:0.009s]
[2022-06-22 12:03:10,736] {_transport.py:336} INFO - PUT http://localhost:9200/my_index/_doc/1539564573002530823 [status:201 duration:0.007s]
[2022-06-22 12:03:10,797] {_transport.py:336} INFO - PUT http://localhost:9200/my_index/_doc/1539564571513470976 [status:201 duration:0.011s]
[2022-06-22 12:03:10,813] {_transport.py:336} INFO - PUT http://localhost:9200/my_index/_doc/1539564571169529857 [status:201 duration:0.011s]
[2022-06-22 12:03:10,838] {_transport.py:336} INFO - PUT http://localhost:9200/my_index/_doc/1539564569240240128 [status:201 duration:0.012s]
[2022-06-22 12:03:10,869] {_transport.py:336} INFO - PUT http://localhost:9200/my_index/_doc/1539564568372035585 [status:201 duration:0.009s]
[2022-06-22 12:03:10,897] {_transport.py:336} INFO - PUT http://localhost:9200/my_index/_doc/1539564567239557127 [status:201 duration:0.013s]
[2022-06-22 12:03:10,936] {_transport.py:336} INFO - PUT http://localhost:9200/my_index/_doc/1539564567084269575 [status:201 duration:0.022s]
[2022-06-22 12:03:10,983] {_transport.py:336} INFO - PUT http://localhost:9200/my_index/_doc/1539564566958510080 [status:201 duration:0.011s]
[2022-06-22 12:03:11,022] {_transport.py:336} INFO - PUT http://localhost:9200/my_index/_doc/1539564565536587778 [status:201 duration:0.013s]
[2022-06-22 12:03:11,056] {_transport.py:336} INFO - PUT http://localhost:9200/my_index/_doc/1539564565066809345 [status:201 duration:0.023s]
[2022-06-22 12:03:11,088] {_transport.py:336} INFO - PUT http://localhost:9200/my_index/_doc/1539564565029351424 [status:201 duration:0.013s]
[2022-06-22 12:03:11,145] {_transport.py:336} INFO - PUT http://localhost:9200/my_index/_doc/1539564560918659073 [status:201 duration:0.011s]
[2022-06-22 12:03:11,161] {_transport.py:336} INFO - PUT http://localhost:9200/my_index/_doc/1539564560725803009 [status:201 duration:0.006s]
[2022-06-22 12:03:11,182] {_transport.py:336} INFO - PUT http://localhost:9200/my_index/_doc/1539564559954051072 [status:201 duration:0.010s]
[2022-06-22 12:03:11,226] {_transport.py:336} INFO - PUT http://localhost:9200/my_index/_doc/1539564557076729856 [status:201 duration:0.010s]
[2022-06-22 12:03:11,227] {twitter.py:696} INFO - Retrieving scroll page scroll:thGAVUV0VFVBaAwLjV2PPQ3SoWgICz4bD20N0qEnEV4IJ6FYCJehgHREVGQVVMVDUBFQIVAAA=
[2022-06-22 12:03:11,231] {base.py:171} INFO - Retrieving https://api.twitter.com/2/search/adaptive.json?include_profile_interstitial_type=1&include_blocking=1&include_blocked_by=1&include_followed_by=1&include_want_retweets=1&include_mute_edge=1&include_can_dm=1&include_can_media_tag=1&skip_status=1&cards_platform=Web-12&include_cards=1&include_ext_alt_text=true&include_quote_count=true&include_reply_count=1&tweet_mode=extended&include_entities=true&include_user_entities=true&include_ext_media_color=true&include_ext_media_availability=true&send_error_codes=true&simple_quoted_tweets=true&q=near%3AParis+since%3A1655895600+until%3A1655895780&tweet_search_mode=live&count=100&query_source=spelling_expansion_revert_click&cursor=scroll%3AthGAVUV0VFVBaAwLjV2PPQ3SoWgICz4bD20N0qEnEV4IJ6FYCJehgHREVGQVVMVDUBFQIVAAA%3D&pc=1&spelling_corrections=1&ext=mediaStats%2ChighlightedLabel
[2022-06-22 12:03:11,944] {base.py:189} INFO - Retrieved https://api.twitter.com/2/search/adaptive.json?include_profile_interstitial_type=1&include_blocking=1&include_blocked_by=1&include_followed_by=1&include_want_retweets=1&include_mute_edge=1&include_can_dm=1&include_can_media_tag=1&skip_status=1&cards_platform=Web-12&include_cards=1&include_ext_alt_text=true&include_quote_count=true&include_reply_count=1&tweet_mode=extended&include_entities=true&include_user_entities=true&include_ext_media_color=true&include_ext_media_availability=true&send_error_codes=true&simple_quoted_tweets=true&q=near%3AParis+since%3A1655895600+until%3A1655895780&tweet_search_mode=live&count=100&query_source=spelling_expansion_revert_click&cursor=scroll%3AthGAVUV0VFVBaAwLjV2PPQ3SoWgICz4bD20N0qEnEV4IJ6FYCJehgHREVGQVVMVDUBFQIVAAA%3D&pc=1&spelling_corrections=1&ext=mediaStats%2ChighlightedLabel: 200
[2022-06-22 12:03:11,987] {_transport.py:336} INFO - PUT http://localhost:9200/my_index/_doc/1539564554333691909 [status:201 duration:0.022s]
[2022-06-22 12:03:12,020] {_transport.py:336} INFO - PUT http://localhost:9200/my_index/_doc/1539564553507196928 [status:201 duration:0.010s]
[2022-06-22 12:03:12,061] {_transport.py:336} INFO - PUT http://localhost:9200/my_index/_doc/1539564552806973440 [status:201 duration:0.011s]
[2022-06-22 12:03:12,094] {_transport.py:336} INFO - PUT http://localhost:9200/my_index/_doc/1539564552765018114 [status:201 duration:0.006s]
[2022-06-22 12:03:12,242] {_transport.py:336} INFO - PUT http://localhost:9200/my_index/_doc/1539564548675588097 [status:201 duration:0.011s]
[2022-06-22 12:03:12,266] {_transport.py:336} INFO - PUT http://localhost:9200/my_index/_doc/1539564547048103938 [status:201 duration:0.012s]
[2022-06-22 12:03:12,298] {_transport.py:336} INFO - PUT http://localhost:9200/my_index/_doc/1539564546972590081 [status:201 duration:0.010s]
[2022-06-22 12:03:12,315] {python.py:173} INFO - Done. Returned value was: None
[2022-06-22 12:03:12,324] {taskinstance.py:1396} INFO - Marking task as SUCCESS. dag_id=data_pipeline, task_id=tweets_to_es, execution_date=20220622T110000, start_date=20220622T110305, end_date=20220622T110312
[2022-06-22 12:03:12,388] {local_task_job.py:156} INFO - Task exited with return code 0
[2022-06-22 12:03:12,412] {local_task_job.py:273} INFO - 0 downstream tasks scheduled from follow-on schedule check
