[2022-06-07 11:50:41,628] {taskinstance.py:1160} INFO - Dependencies all met for <TaskInstance: data_pipeline.tweets_to_es manual__2022-06-07T10:50:38.020168+00:00 [queued]>
[2022-06-07 11:50:41,634] {taskinstance.py:1160} INFO - Dependencies all met for <TaskInstance: data_pipeline.tweets_to_es manual__2022-06-07T10:50:38.020168+00:00 [queued]>
[2022-06-07 11:50:41,634] {taskinstance.py:1357} INFO - 
--------------------------------------------------------------------------------
[2022-06-07 11:50:41,634] {taskinstance.py:1358} INFO - Starting attempt 1 of 1
[2022-06-07 11:50:41,634] {taskinstance.py:1359} INFO - 
--------------------------------------------------------------------------------
[2022-06-07 11:50:41,645] {taskinstance.py:1378} INFO - Executing <Task(PythonOperator): tweets_to_es> on 2022-06-07 10:50:38.020168+00:00
[2022-06-07 11:50:41,648] {standard_task_runner.py:52} INFO - Started process 14107 to run task
[2022-06-07 11:50:41,650] {standard_task_runner.py:79} INFO - Running: ['airflow', 'tasks', 'run', 'data_pipeline', 'tweets_to_es', 'manual__2022-06-07T10:50:38.020168+00:00', '--job-id', '3', '--raw', '--subdir', 'DAGS_FOLDER/airfow_es.py', '--cfg-path', '/tmp/tmp5e51sgky', '--error-file', '/tmp/tmprl3v0rt5']
[2022-06-07 11:50:41,651] {standard_task_runner.py:80} INFO - Job 3: Subtask tweets_to_es
[2022-06-07 11:50:41,682] {task_command.py:370} INFO - Running <TaskInstance: data_pipeline.tweets_to_es manual__2022-06-07T10:50:38.020168+00:00 [running]> on host oury-Tp
[2022-06-07 11:50:41,721] {taskinstance.py:1570} INFO - Exporting the following env vars:
AIRFLOW_CTX_DAG_OWNER=airflow
AIRFLOW_CTX_DAG_ID=data_pipeline
AIRFLOW_CTX_TASK_ID=tweets_to_es
AIRFLOW_CTX_EXECUTION_DATE=2022-06-07T10:50:38.020168+00:00
AIRFLOW_CTX_TRY_NUMBER=1
AIRFLOW_CTX_DAG_RUN_ID=manual__2022-06-07T10:50:38.020168+00:00
[2022-06-07 11:50:41,722] {twitter.py:696} INFO - Retrieving scroll page None
[2022-06-07 11:50:41,722] {twitter.py:626} INFO - Retrieving guest token
[2022-06-07 11:50:41,723] {base.py:171} INFO - Retrieving https://twitter.com/search?f=live&lang=en&q=near%3ATunis+since%3A1654598741+until%3A1654599041&src=spelling_expansion_revert_click
[2022-06-07 11:50:42,418] {base.py:189} INFO - Retrieved https://twitter.com/search?f=live&lang=en&q=near%3ATunis+since%3A1654598741+until%3A1654599041&src=spelling_expansion_revert_click: 200
[2022-06-07 11:50:42,420] {base.py:171} INFO - Retrieving https://api.twitter.com/2/search/adaptive.json?include_profile_interstitial_type=1&include_blocking=1&include_blocked_by=1&include_followed_by=1&include_want_retweets=1&include_mute_edge=1&include_can_dm=1&include_can_media_tag=1&skip_status=1&cards_platform=Web-12&include_cards=1&include_ext_alt_text=true&include_quote_count=true&include_reply_count=1&tweet_mode=extended&include_entities=true&include_user_entities=true&include_ext_media_color=true&include_ext_media_availability=true&send_error_codes=true&simple_quoted_tweets=true&q=near%3ATunis+since%3A1654598741+until%3A1654599041&tweet_search_mode=live&count=100&query_source=spelling_expansion_revert_click&pc=1&spelling_corrections=1&ext=mediaStats%2ChighlightedLabel
[2022-06-07 11:50:43,403] {base.py:189} INFO - Retrieved https://api.twitter.com/2/search/adaptive.json?include_profile_interstitial_type=1&include_blocking=1&include_blocked_by=1&include_followed_by=1&include_want_retweets=1&include_mute_edge=1&include_can_dm=1&include_can_media_tag=1&skip_status=1&cards_platform=Web-12&include_cards=1&include_ext_alt_text=true&include_quote_count=true&include_reply_count=1&tweet_mode=extended&include_entities=true&include_user_entities=true&include_ext_media_color=true&include_ext_media_availability=true&send_error_codes=true&simple_quoted_tweets=true&q=near%3ATunis+since%3A1654598741+until%3A1654599041&tweet_search_mode=live&count=100&query_source=spelling_expansion_revert_click&pc=1&spelling_corrections=1&ext=mediaStats%2ChighlightedLabel: 200
[2022-06-07 11:50:43,802] {_transport.py:336} INFO - PUT http://localhost:9200/gummo_index/_doc/1534125663753539584 [status:201 duration:0.013s]
[2022-06-07 11:50:43,831] {_transport.py:336} INFO - PUT http://localhost:9200/gummo_index/_doc/1534125519553368064 [status:200 duration:0.017s]
[2022-06-07 11:50:43,848] {_transport.py:336} INFO - PUT http://localhost:9200/gummo_index/_doc/1534125344088793089 [status:200 duration:0.008s]
[2022-06-07 11:50:43,861] {_transport.py:336} INFO - PUT http://localhost:9200/gummo_index/_doc/1534125324396544001 [status:200 duration:0.007s]
[2022-06-07 11:50:43,874] {_transport.py:336} INFO - PUT http://localhost:9200/gummo_index/_doc/1534125211796267008 [status:200 duration:0.008s]
[2022-06-07 11:50:43,889] {_transport.py:336} INFO - PUT http://localhost:9200/gummo_index/_doc/1534125061560586240 [status:200 duration:0.009s]
[2022-06-07 11:50:43,955] {twitter.py:696} INFO - Retrieving scroll page scroll:thGAVUV0VFVBaCgLDRn4qnyioWgMC4zbfKp8oqEnEV1IZ6FYCJehgHREVGQVVMVDUBFQAVAAA=
[2022-06-07 11:50:43,957] {base.py:171} INFO - Retrieving https://api.twitter.com/2/search/adaptive.json?include_profile_interstitial_type=1&include_blocking=1&include_blocked_by=1&include_followed_by=1&include_want_retweets=1&include_mute_edge=1&include_can_dm=1&include_can_media_tag=1&skip_status=1&cards_platform=Web-12&include_cards=1&include_ext_alt_text=true&include_quote_count=true&include_reply_count=1&tweet_mode=extended&include_entities=true&include_user_entities=true&include_ext_media_color=true&include_ext_media_availability=true&send_error_codes=true&simple_quoted_tweets=true&q=near%3ATunis+since%3A1654598741+until%3A1654599041&tweet_search_mode=live&count=100&query_source=spelling_expansion_revert_click&cursor=scroll%3AthGAVUV0VFVBaCgLDRn4qnyioWgMC4zbfKp8oqEnEV1IZ6FYCJehgHREVGQVVMVDUBFQAVAAA%3D&pc=1&spelling_corrections=1&ext=mediaStats%2ChighlightedLabel
[2022-06-07 11:50:44,254] {base.py:189} INFO - Retrieved https://api.twitter.com/2/search/adaptive.json?include_profile_interstitial_type=1&include_blocking=1&include_blocked_by=1&include_followed_by=1&include_want_retweets=1&include_mute_edge=1&include_can_dm=1&include_can_media_tag=1&skip_status=1&cards_platform=Web-12&include_cards=1&include_ext_alt_text=true&include_quote_count=true&include_reply_count=1&tweet_mode=extended&include_entities=true&include_user_entities=true&include_ext_media_color=true&include_ext_media_availability=true&send_error_codes=true&simple_quoted_tweets=true&q=near%3ATunis+since%3A1654598741+until%3A1654599041&tweet_search_mode=live&count=100&query_source=spelling_expansion_revert_click&cursor=scroll%3AthGAVUV0VFVBaCgLDRn4qnyioWgMC4zbfKp8oqEnEV1IZ6FYCJehgHREVGQVVMVDUBFQAVAAA%3D&pc=1&spelling_corrections=1&ext=mediaStats%2ChighlightedLabel: 200
[2022-06-07 11:50:44,255] {twitter.py:696} INFO - Retrieving scroll page scroll:thGAVUV0VFVBaCgLDRn4qnyioWgMC4zbfKp8oqEnEV1IZ6FYCJehgHREVGQVVMVDUBFQAVAAA=
[2022-06-07 11:50:44,257] {base.py:171} INFO - Retrieving https://api.twitter.com/2/search/adaptive.json?include_profile_interstitial_type=1&include_blocking=1&include_blocked_by=1&include_followed_by=1&include_want_retweets=1&include_mute_edge=1&include_can_dm=1&include_can_media_tag=1&skip_status=1&cards_platform=Web-12&include_cards=1&include_ext_alt_text=true&include_quote_count=true&include_reply_count=1&tweet_mode=extended&include_entities=true&include_user_entities=true&include_ext_media_color=true&include_ext_media_availability=true&send_error_codes=true&simple_quoted_tweets=true&q=near%3ATunis+since%3A1654598741+until%3A1654599041&tweet_search_mode=live&count=100&query_source=spelling_expansion_revert_click&cursor=scroll%3AthGAVUV0VFVBaCgLDRn4qnyioWgMC4zbfKp8oqEnEV1IZ6FYCJehgHREVGQVVMVDUBFQAVAAA%3D&pc=1&spelling_corrections=1&ext=mediaStats%2ChighlightedLabel
[2022-06-07 11:50:44,561] {base.py:189} INFO - Retrieved https://api.twitter.com/2/search/adaptive.json?include_profile_interstitial_type=1&include_blocking=1&include_blocked_by=1&include_followed_by=1&include_want_retweets=1&include_mute_edge=1&include_can_dm=1&include_can_media_tag=1&skip_status=1&cards_platform=Web-12&include_cards=1&include_ext_alt_text=true&include_quote_count=true&include_reply_count=1&tweet_mode=extended&include_entities=true&include_user_entities=true&include_ext_media_color=true&include_ext_media_availability=true&send_error_codes=true&simple_quoted_tweets=true&q=near%3ATunis+since%3A1654598741+until%3A1654599041&tweet_search_mode=live&count=100&query_source=spelling_expansion_revert_click&cursor=scroll%3AthGAVUV0VFVBaCgLDRn4qnyioWgMC4zbfKp8oqEnEV1IZ6FYCJehgHREVGQVVMVDUBFQAVAAA%3D&pc=1&spelling_corrections=1&ext=mediaStats%2ChighlightedLabel: 200
[2022-06-07 11:50:44,562] {twitter.py:696} INFO - Retrieving scroll page scroll:thGAVUV0VFVBaCgLDRn4qnyioWgMC4zbfKp8oqEnEV1IZ6FYCJehgHREVGQVVMVDUBFQAVAAA=
[2022-06-07 11:50:44,563] {base.py:171} INFO - Retrieving https://api.twitter.com/2/search/adaptive.json?include_profile_interstitial_type=1&include_blocking=1&include_blocked_by=1&include_followed_by=1&include_want_retweets=1&include_mute_edge=1&include_can_dm=1&include_can_media_tag=1&skip_status=1&cards_platform=Web-12&include_cards=1&include_ext_alt_text=true&include_quote_count=true&include_reply_count=1&tweet_mode=extended&include_entities=true&include_user_entities=true&include_ext_media_color=true&include_ext_media_availability=true&send_error_codes=true&simple_quoted_tweets=true&q=near%3ATunis+since%3A1654598741+until%3A1654599041&tweet_search_mode=live&count=100&query_source=spelling_expansion_revert_click&cursor=scroll%3AthGAVUV0VFVBaCgLDRn4qnyioWgMC4zbfKp8oqEnEV1IZ6FYCJehgHREVGQVVMVDUBFQAVAAA%3D&pc=1&spelling_corrections=1&ext=mediaStats%2ChighlightedLabel
[2022-06-07 11:50:44,869] {base.py:189} INFO - Retrieved https://api.twitter.com/2/search/adaptive.json?include_profile_interstitial_type=1&include_blocking=1&include_blocked_by=1&include_followed_by=1&include_want_retweets=1&include_mute_edge=1&include_can_dm=1&include_can_media_tag=1&skip_status=1&cards_platform=Web-12&include_cards=1&include_ext_alt_text=true&include_quote_count=true&include_reply_count=1&tweet_mode=extended&include_entities=true&include_user_entities=true&include_ext_media_color=true&include_ext_media_availability=true&send_error_codes=true&simple_quoted_tweets=true&q=near%3ATunis+since%3A1654598741+until%3A1654599041&tweet_search_mode=live&count=100&query_source=spelling_expansion_revert_click&cursor=scroll%3AthGAVUV0VFVBaCgLDRn4qnyioWgMC4zbfKp8oqEnEV1IZ6FYCJehgHREVGQVVMVDUBFQAVAAA%3D&pc=1&spelling_corrections=1&ext=mediaStats%2ChighlightedLabel: 200
[2022-06-07 11:50:44,869] {twitter.py:696} INFO - Retrieving scroll page scroll:thGAVUV0VFVBaCgLDRn4qnyioWgMC4zbfKp8oqEnEV1IZ6FYCJehgHREVGQVVMVDUBFQAVAAA=
[2022-06-07 11:50:44,870] {base.py:171} INFO - Retrieving https://api.twitter.com/2/search/adaptive.json?include_profile_interstitial_type=1&include_blocking=1&include_blocked_by=1&include_followed_by=1&include_want_retweets=1&include_mute_edge=1&include_can_dm=1&include_can_media_tag=1&skip_status=1&cards_platform=Web-12&include_cards=1&include_ext_alt_text=true&include_quote_count=true&include_reply_count=1&tweet_mode=extended&include_entities=true&include_user_entities=true&include_ext_media_color=true&include_ext_media_availability=true&send_error_codes=true&simple_quoted_tweets=true&q=near%3ATunis+since%3A1654598741+until%3A1654599041&tweet_search_mode=live&count=100&query_source=spelling_expansion_revert_click&cursor=scroll%3AthGAVUV0VFVBaCgLDRn4qnyioWgMC4zbfKp8oqEnEV1IZ6FYCJehgHREVGQVVMVDUBFQAVAAA%3D&pc=1&spelling_corrections=1&ext=mediaStats%2ChighlightedLabel
[2022-06-07 11:50:45,176] {base.py:189} INFO - Retrieved https://api.twitter.com/2/search/adaptive.json?include_profile_interstitial_type=1&include_blocking=1&include_blocked_by=1&include_followed_by=1&include_want_retweets=1&include_mute_edge=1&include_can_dm=1&include_can_media_tag=1&skip_status=1&cards_platform=Web-12&include_cards=1&include_ext_alt_text=true&include_quote_count=true&include_reply_count=1&tweet_mode=extended&include_entities=true&include_user_entities=true&include_ext_media_color=true&include_ext_media_availability=true&send_error_codes=true&simple_quoted_tweets=true&q=near%3ATunis+since%3A1654598741+until%3A1654599041&tweet_search_mode=live&count=100&query_source=spelling_expansion_revert_click&cursor=scroll%3AthGAVUV0VFVBaCgLDRn4qnyioWgMC4zbfKp8oqEnEV1IZ6FYCJehgHREVGQVVMVDUBFQAVAAA%3D&pc=1&spelling_corrections=1&ext=mediaStats%2ChighlightedLabel: 200
[2022-06-07 11:50:45,178] {python.py:173} INFO - Done. Returned value was: None
[2022-06-07 11:50:45,184] {taskinstance.py:1396} INFO - Marking task as SUCCESS. dag_id=data_pipeline, task_id=tweets_to_es, execution_date=20220607T105038, start_date=20220607T105041, end_date=20220607T105045
[2022-06-07 11:50:45,236] {local_task_job.py:156} INFO - Task exited with return code 0
[2022-06-07 11:50:45,251] {local_task_job.py:273} INFO - 0 downstream tasks scheduled from follow-on schedule check
