[2022-06-01 21:30:44,779] {taskinstance.py:1160} INFO - Dependencies all met for <TaskInstance: download_rocket_launches.notify scheduled__2022-05-22T00:00:00+00:00 [queued]>
[2022-06-01 21:30:44,785] {taskinstance.py:1160} INFO - Dependencies all met for <TaskInstance: download_rocket_launches.notify scheduled__2022-05-22T00:00:00+00:00 [queued]>
[2022-06-01 21:30:44,785] {taskinstance.py:1357} INFO - 
--------------------------------------------------------------------------------
[2022-06-01 21:30:44,785] {taskinstance.py:1358} INFO - Starting attempt 1 of 1
[2022-06-01 21:30:44,785] {taskinstance.py:1359} INFO - 
--------------------------------------------------------------------------------
[2022-06-01 21:30:44,797] {taskinstance.py:1378} INFO - Executing <Task(BashOperator): notify> on 2022-05-22 00:00:00+00:00
[2022-06-01 21:30:44,799] {standard_task_runner.py:52} INFO - Started process 21917 to run task
[2022-06-01 21:30:44,802] {standard_task_runner.py:79} INFO - Running: ['airflow', 'tasks', 'run', 'download_rocket_launches', 'notify', 'scheduled__2022-05-22T00:00:00+00:00', '--job-id', '21', '--raw', '--subdir', 'DAGS_FOLDER/download_rocket_launches.py', '--cfg-path', '/tmp/tmp_hky10vg', '--error-file', '/tmp/tmp_g12qug8']
[2022-06-01 21:30:44,802] {standard_task_runner.py:80} INFO - Job 21: Subtask notify
[2022-06-01 21:30:44,834] {task_command.py:370} INFO - Running <TaskInstance: download_rocket_launches.notify scheduled__2022-05-22T00:00:00+00:00 [running]> on host oury-Tp
[2022-06-01 21:30:44,878] {taskinstance.py:1570} INFO - Exporting the following env vars:
AIRFLOW_CTX_DAG_OWNER=airflow
AIRFLOW_CTX_DAG_ID=download_rocket_launches
AIRFLOW_CTX_TASK_ID=notify
AIRFLOW_CTX_EXECUTION_DATE=2022-05-22T00:00:00+00:00
AIRFLOW_CTX_TRY_NUMBER=1
AIRFLOW_CTX_DAG_RUN_ID=scheduled__2022-05-22T00:00:00+00:00
[2022-06-01 21:30:44,878] {subprocess.py:62} INFO - Tmp dir root location: 
 /tmp
[2022-06-01 21:30:44,879] {subprocess.py:74} INFO - Running command: ['bash', '-c', 'echo "There are now $(ls /tmp/images/ | wc -l) images."']
[2022-06-01 21:30:44,884] {subprocess.py:85} INFO - Output:
[2022-06-01 21:30:44,887] {subprocess.py:92} INFO - There are now 9 images.
[2022-06-01 21:30:44,887] {subprocess.py:96} INFO - Command exited with return code 0
[2022-06-01 21:30:44,905] {taskinstance.py:1396} INFO - Marking task as SUCCESS. dag_id=download_rocket_launches, task_id=notify, execution_date=20220522T000000, start_date=20220601T203044, end_date=20220601T203044
[2022-06-01 21:30:44,934] {local_task_job.py:156} INFO - Task exited with return code 0
[2022-06-01 21:30:44,948] {local_task_job.py:273} INFO - 0 downstream tasks scheduled from follow-on schedule check
