[2022-08-10 11:04:21,733] {processor.py:153} INFO - Started process (PID=8853) to work on /home/oury/.local/lib/python3.10/site-packages/airflow/example_dags/example_branch_operator_decorator.py
[2022-08-10 11:04:21,734] {processor.py:641} INFO - Processing file /home/oury/.local/lib/python3.10/site-packages/airflow/example_dags/example_branch_operator_decorator.py for tasks to queue
[2022-08-10 11:04:21,734] {logging_mixin.py:115} INFO - [2022-08-10 11:04:21,734] {dagbag.py:507} INFO - Filling up the DagBag from /home/oury/.local/lib/python3.10/site-packages/airflow/example_dags/example_branch_operator_decorator.py
[2022-08-10 11:04:21,750] {processor.py:651} INFO - DAG(s) dict_keys(['example_branch_python_operator_decorator']) retrieved from /home/oury/.local/lib/python3.10/site-packages/airflow/example_dags/example_branch_operator_decorator.py
[2022-08-10 11:04:21,886] {logging_mixin.py:115} INFO - [2022-08-10 11:04:21,886] {dag.py:2379} INFO - Sync 1 DAGs
[2022-08-10 11:04:21,891] {logging_mixin.py:115} INFO - [2022-08-10 11:04:21,890] {dag.py:2398} INFO - Creating ORM DAG for example_branch_python_operator_decorator
[2022-08-10 11:04:21,899] {logging_mixin.py:115} INFO - [2022-08-10 11:04:21,899] {dag.py:2923} INFO - Setting next_dagrun for example_branch_python_operator_decorator to 2022-08-09T00:00:00+00:00, run_after=2022-08-10T00:00:00+00:00
[2022-08-10 11:04:21,913] {processor.py:161} INFO - Processing /home/oury/.local/lib/python3.10/site-packages/airflow/example_dags/example_branch_operator_decorator.py took 0.182 seconds
[2022-08-10 11:04:59,187] {processor.py:153} INFO - Started process (PID=8936) to work on /home/oury/.local/lib/python3.10/site-packages/airflow/example_dags/example_branch_operator_decorator.py
[2022-08-10 11:04:59,187] {processor.py:641} INFO - Processing file /home/oury/.local/lib/python3.10/site-packages/airflow/example_dags/example_branch_operator_decorator.py for tasks to queue
[2022-08-10 11:04:59,188] {logging_mixin.py:115} INFO - [2022-08-10 11:04:59,188] {dagbag.py:507} INFO - Filling up the DagBag from /home/oury/.local/lib/python3.10/site-packages/airflow/example_dags/example_branch_operator_decorator.py
[2022-08-10 11:04:59,205] {processor.py:651} INFO - DAG(s) dict_keys(['example_branch_python_operator_decorator']) retrieved from /home/oury/.local/lib/python3.10/site-packages/airflow/example_dags/example_branch_operator_decorator.py
[2022-08-10 11:04:59,221] {logging_mixin.py:115} INFO - [2022-08-10 11:04:59,221] {dag.py:2379} INFO - Sync 1 DAGs
[2022-08-10 11:04:59,240] {logging_mixin.py:115} INFO - [2022-08-10 11:04:59,240] {dag.py:2923} INFO - Setting next_dagrun for example_branch_python_operator_decorator to 2022-08-09T00:00:00+00:00, run_after=2022-08-10T00:00:00+00:00
[2022-08-10 11:04:59,251] {processor.py:161} INFO - Processing /home/oury/.local/lib/python3.10/site-packages/airflow/example_dags/example_branch_operator_decorator.py took 0.067 seconds
[2022-08-10 11:05:35,535] {processor.py:153} INFO - Started process (PID=9146) to work on /home/oury/.local/lib/python3.10/site-packages/airflow/example_dags/example_branch_operator_decorator.py
[2022-08-10 11:05:35,541] {processor.py:641} INFO - Processing file /home/oury/.local/lib/python3.10/site-packages/airflow/example_dags/example_branch_operator_decorator.py for tasks to queue
[2022-08-10 11:05:35,542] {logging_mixin.py:115} INFO - [2022-08-10 11:05:35,542] {dagbag.py:507} INFO - Filling up the DagBag from /home/oury/.local/lib/python3.10/site-packages/airflow/example_dags/example_branch_operator_decorator.py
[2022-08-10 11:05:35,605] {processor.py:651} INFO - DAG(s) dict_keys(['example_branch_python_operator_decorator']) retrieved from /home/oury/.local/lib/python3.10/site-packages/airflow/example_dags/example_branch_operator_decorator.py
[2022-08-10 11:05:35,647] {logging_mixin.py:115} INFO - [2022-08-10 11:05:35,647] {dag.py:2379} INFO - Sync 1 DAGs
[2022-08-10 11:05:35,761] {logging_mixin.py:115} INFO - [2022-08-10 11:05:35,761] {dag.py:2923} INFO - Setting next_dagrun for example_branch_python_operator_decorator to 2022-08-09T00:00:00+00:00, run_after=2022-08-10T00:00:00+00:00
[2022-08-10 11:05:35,844] {processor.py:161} INFO - Processing /home/oury/.local/lib/python3.10/site-packages/airflow/example_dags/example_branch_operator_decorator.py took 0.314 seconds
[2022-08-10 11:06:22,642] {processor.py:153} INFO - Started process (PID=9569) to work on /home/oury/.local/lib/python3.10/site-packages/airflow/example_dags/example_branch_operator_decorator.py
[2022-08-10 11:06:22,643] {processor.py:641} INFO - Processing file /home/oury/.local/lib/python3.10/site-packages/airflow/example_dags/example_branch_operator_decorator.py for tasks to queue
[2022-08-10 11:06:22,643] {logging_mixin.py:115} INFO - [2022-08-10 11:06:22,643] {dagbag.py:507} INFO - Filling up the DagBag from /home/oury/.local/lib/python3.10/site-packages/airflow/example_dags/example_branch_operator_decorator.py
[2022-08-10 11:06:22,659] {processor.py:651} INFO - DAG(s) dict_keys(['example_branch_python_operator_decorator']) retrieved from /home/oury/.local/lib/python3.10/site-packages/airflow/example_dags/example_branch_operator_decorator.py
[2022-08-10 11:06:22,674] {logging_mixin.py:115} INFO - [2022-08-10 11:06:22,673] {dag.py:2379} INFO - Sync 1 DAGs
[2022-08-10 11:06:22,694] {logging_mixin.py:115} INFO - [2022-08-10 11:06:22,694] {dag.py:2923} INFO - Setting next_dagrun for example_branch_python_operator_decorator to 2022-08-09T00:00:00+00:00, run_after=2022-08-10T00:00:00+00:00
[2022-08-10 11:06:22,705] {processor.py:161} INFO - Processing /home/oury/.local/lib/python3.10/site-packages/airflow/example_dags/example_branch_operator_decorator.py took 0.066 seconds
[2022-08-10 11:07:03,137] {processor.py:153} INFO - Started process (PID=9642) to work on /home/oury/.local/lib/python3.10/site-packages/airflow/example_dags/example_branch_operator_decorator.py
[2022-08-10 11:07:03,137] {processor.py:641} INFO - Processing file /home/oury/.local/lib/python3.10/site-packages/airflow/example_dags/example_branch_operator_decorator.py for tasks to queue
[2022-08-10 11:07:03,138] {logging_mixin.py:115} INFO - [2022-08-10 11:07:03,138] {dagbag.py:507} INFO - Filling up the DagBag from /home/oury/.local/lib/python3.10/site-packages/airflow/example_dags/example_branch_operator_decorator.py
[2022-08-10 11:07:03,154] {processor.py:651} INFO - DAG(s) dict_keys(['example_branch_python_operator_decorator']) retrieved from /home/oury/.local/lib/python3.10/site-packages/airflow/example_dags/example_branch_operator_decorator.py
[2022-08-10 11:07:03,167] {logging_mixin.py:115} INFO - [2022-08-10 11:07:03,167] {dag.py:2379} INFO - Sync 1 DAGs
[2022-08-10 11:07:03,185] {logging_mixin.py:115} INFO - [2022-08-10 11:07:03,185] {dag.py:2923} INFO - Setting next_dagrun for example_branch_python_operator_decorator to 2022-08-09T00:00:00+00:00, run_after=2022-08-10T00:00:00+00:00
[2022-08-10 11:07:03,196] {processor.py:161} INFO - Processing /home/oury/.local/lib/python3.10/site-packages/airflow/example_dags/example_branch_operator_decorator.py took 0.062 seconds
[2022-08-10 11:07:43,602] {processor.py:153} INFO - Started process (PID=9710) to work on /home/oury/.local/lib/python3.10/site-packages/airflow/example_dags/example_branch_operator_decorator.py
[2022-08-10 11:07:43,603] {processor.py:641} INFO - Processing file /home/oury/.local/lib/python3.10/site-packages/airflow/example_dags/example_branch_operator_decorator.py for tasks to queue
[2022-08-10 11:07:43,603] {logging_mixin.py:115} INFO - [2022-08-10 11:07:43,603] {dagbag.py:507} INFO - Filling up the DagBag from /home/oury/.local/lib/python3.10/site-packages/airflow/example_dags/example_branch_operator_decorator.py
[2022-08-10 11:07:43,624] {processor.py:651} INFO - DAG(s) dict_keys(['example_branch_python_operator_decorator']) retrieved from /home/oury/.local/lib/python3.10/site-packages/airflow/example_dags/example_branch_operator_decorator.py
[2022-08-10 11:07:43,642] {logging_mixin.py:115} INFO - [2022-08-10 11:07:43,642] {dag.py:2379} INFO - Sync 1 DAGs
[2022-08-10 11:07:43,664] {logging_mixin.py:115} INFO - [2022-08-10 11:07:43,664] {dag.py:2923} INFO - Setting next_dagrun for example_branch_python_operator_decorator to 2022-08-09T00:00:00+00:00, run_after=2022-08-10T00:00:00+00:00
[2022-08-10 11:07:43,676] {processor.py:161} INFO - Processing /home/oury/.local/lib/python3.10/site-packages/airflow/example_dags/example_branch_operator_decorator.py took 0.076 seconds
[2022-08-10 11:08:23,825] {processor.py:153} INFO - Started process (PID=9833) to work on /home/oury/.local/lib/python3.10/site-packages/airflow/example_dags/example_branch_operator_decorator.py
[2022-08-10 11:08:23,826] {processor.py:641} INFO - Processing file /home/oury/.local/lib/python3.10/site-packages/airflow/example_dags/example_branch_operator_decorator.py for tasks to queue
[2022-08-10 11:08:23,826] {logging_mixin.py:115} INFO - [2022-08-10 11:08:23,826] {dagbag.py:507} INFO - Filling up the DagBag from /home/oury/.local/lib/python3.10/site-packages/airflow/example_dags/example_branch_operator_decorator.py
[2022-08-10 11:08:23,842] {processor.py:651} INFO - DAG(s) dict_keys(['example_branch_python_operator_decorator']) retrieved from /home/oury/.local/lib/python3.10/site-packages/airflow/example_dags/example_branch_operator_decorator.py
[2022-08-10 11:08:23,855] {logging_mixin.py:115} INFO - [2022-08-10 11:08:23,855] {dag.py:2379} INFO - Sync 1 DAGs
[2022-08-10 11:08:23,873] {logging_mixin.py:115} INFO - [2022-08-10 11:08:23,873] {dag.py:2923} INFO - Setting next_dagrun for example_branch_python_operator_decorator to 2022-08-09T00:00:00+00:00, run_after=2022-08-10T00:00:00+00:00
[2022-08-10 11:08:23,884] {processor.py:161} INFO - Processing /home/oury/.local/lib/python3.10/site-packages/airflow/example_dags/example_branch_operator_decorator.py took 0.062 seconds
[2022-08-10 11:09:10,147] {processor.py:153} INFO - Started process (PID=9907) to work on /home/oury/.local/lib/python3.10/site-packages/airflow/example_dags/example_branch_operator_decorator.py
[2022-08-10 11:09:10,148] {processor.py:641} INFO - Processing file /home/oury/.local/lib/python3.10/site-packages/airflow/example_dags/example_branch_operator_decorator.py for tasks to queue
[2022-08-10 11:09:10,149] {logging_mixin.py:115} INFO - [2022-08-10 11:09:10,148] {dagbag.py:507} INFO - Filling up the DagBag from /home/oury/.local/lib/python3.10/site-packages/airflow/example_dags/example_branch_operator_decorator.py
[2022-08-10 11:09:10,169] {processor.py:651} INFO - DAG(s) dict_keys(['example_branch_python_operator_decorator']) retrieved from /home/oury/.local/lib/python3.10/site-packages/airflow/example_dags/example_branch_operator_decorator.py
[2022-08-10 11:09:10,184] {logging_mixin.py:115} INFO - [2022-08-10 11:09:10,184] {dag.py:2379} INFO - Sync 1 DAGs
[2022-08-10 11:09:10,205] {logging_mixin.py:115} INFO - [2022-08-10 11:09:10,205] {dag.py:2923} INFO - Setting next_dagrun for example_branch_python_operator_decorator to 2022-08-09T00:00:00+00:00, run_after=2022-08-10T00:00:00+00:00
[2022-08-10 11:09:10,373] {processor.py:161} INFO - Processing /home/oury/.local/lib/python3.10/site-packages/airflow/example_dags/example_branch_operator_decorator.py took 0.229 seconds
[2022-08-10 11:09:57,144] {processor.py:153} INFO - Started process (PID=9992) to work on /home/oury/.local/lib/python3.10/site-packages/airflow/example_dags/example_branch_operator_decorator.py
[2022-08-10 11:09:57,144] {processor.py:641} INFO - Processing file /home/oury/.local/lib/python3.10/site-packages/airflow/example_dags/example_branch_operator_decorator.py for tasks to queue
[2022-08-10 11:09:57,145] {logging_mixin.py:115} INFO - [2022-08-10 11:09:57,145] {dagbag.py:507} INFO - Filling up the DagBag from /home/oury/.local/lib/python3.10/site-packages/airflow/example_dags/example_branch_operator_decorator.py
[2022-08-10 11:09:57,161] {processor.py:651} INFO - DAG(s) dict_keys(['example_branch_python_operator_decorator']) retrieved from /home/oury/.local/lib/python3.10/site-packages/airflow/example_dags/example_branch_operator_decorator.py
[2022-08-10 11:09:57,174] {logging_mixin.py:115} INFO - [2022-08-10 11:09:57,174] {dag.py:2379} INFO - Sync 1 DAGs
[2022-08-10 11:09:57,192] {logging_mixin.py:115} INFO - [2022-08-10 11:09:57,192] {dag.py:2923} INFO - Setting next_dagrun for example_branch_python_operator_decorator to 2022-08-09T00:00:00+00:00, run_after=2022-08-10T00:00:00+00:00
[2022-08-10 11:09:57,306] {processor.py:161} INFO - Processing /home/oury/.local/lib/python3.10/site-packages/airflow/example_dags/example_branch_operator_decorator.py took 0.165 seconds
[2022-08-10 11:10:38,252] {processor.py:153} INFO - Started process (PID=10055) to work on /home/oury/.local/lib/python3.10/site-packages/airflow/example_dags/example_branch_operator_decorator.py
[2022-08-10 11:10:38,253] {processor.py:641} INFO - Processing file /home/oury/.local/lib/python3.10/site-packages/airflow/example_dags/example_branch_operator_decorator.py for tasks to queue
[2022-08-10 11:10:38,253] {logging_mixin.py:115} INFO - [2022-08-10 11:10:38,253] {dagbag.py:507} INFO - Filling up the DagBag from /home/oury/.local/lib/python3.10/site-packages/airflow/example_dags/example_branch_operator_decorator.py
[2022-08-10 11:10:38,277] {processor.py:651} INFO - DAG(s) dict_keys(['example_branch_python_operator_decorator']) retrieved from /home/oury/.local/lib/python3.10/site-packages/airflow/example_dags/example_branch_operator_decorator.py
[2022-08-10 11:10:38,295] {logging_mixin.py:115} INFO - [2022-08-10 11:10:38,294] {dag.py:2379} INFO - Sync 1 DAGs
[2022-08-10 11:10:38,325] {logging_mixin.py:115} INFO - [2022-08-10 11:10:38,324] {dag.py:2923} INFO - Setting next_dagrun for example_branch_python_operator_decorator to 2022-08-09T00:00:00+00:00, run_after=2022-08-10T00:00:00+00:00
[2022-08-10 11:10:38,475] {processor.py:161} INFO - Processing /home/oury/.local/lib/python3.10/site-packages/airflow/example_dags/example_branch_operator_decorator.py took 0.227 seconds
[2022-08-10 11:11:42,499] {processor.py:153} INFO - Started process (PID=10152) to work on /home/oury/.local/lib/python3.10/site-packages/airflow/example_dags/example_branch_operator_decorator.py
[2022-08-10 11:11:42,509] {processor.py:641} INFO - Processing file /home/oury/.local/lib/python3.10/site-packages/airflow/example_dags/example_branch_operator_decorator.py for tasks to queue
[2022-08-10 11:11:42,510] {logging_mixin.py:115} INFO - [2022-08-10 11:11:42,510] {dagbag.py:507} INFO - Filling up the DagBag from /home/oury/.local/lib/python3.10/site-packages/airflow/example_dags/example_branch_operator_decorator.py
[2022-08-10 11:11:42,545] {processor.py:651} INFO - DAG(s) dict_keys(['example_branch_python_operator_decorator']) retrieved from /home/oury/.local/lib/python3.10/site-packages/airflow/example_dags/example_branch_operator_decorator.py
[2022-08-10 11:11:42,646] {logging_mixin.py:115} INFO - [2022-08-10 11:11:42,646] {dag.py:2379} INFO - Sync 1 DAGs
[2022-08-10 11:11:42,737] {logging_mixin.py:115} INFO - [2022-08-10 11:11:42,737] {dag.py:2923} INFO - Setting next_dagrun for example_branch_python_operator_decorator to 2022-08-09T00:00:00+00:00, run_after=2022-08-10T00:00:00+00:00
[2022-08-10 11:11:42,792] {processor.py:161} INFO - Processing /home/oury/.local/lib/python3.10/site-packages/airflow/example_dags/example_branch_operator_decorator.py took 0.305 seconds
[2022-08-10 11:12:38,951] {processor.py:153} INFO - Started process (PID=10221) to work on /home/oury/.local/lib/python3.10/site-packages/airflow/example_dags/example_branch_operator_decorator.py
[2022-08-10 11:12:38,952] {processor.py:641} INFO - Processing file /home/oury/.local/lib/python3.10/site-packages/airflow/example_dags/example_branch_operator_decorator.py for tasks to queue
[2022-08-10 11:12:38,954] {logging_mixin.py:115} INFO - [2022-08-10 11:12:38,954] {dagbag.py:507} INFO - Filling up the DagBag from /home/oury/.local/lib/python3.10/site-packages/airflow/example_dags/example_branch_operator_decorator.py
[2022-08-10 11:12:38,984] {processor.py:651} INFO - DAG(s) dict_keys(['example_branch_python_operator_decorator']) retrieved from /home/oury/.local/lib/python3.10/site-packages/airflow/example_dags/example_branch_operator_decorator.py
[2022-08-10 11:12:39,013] {logging_mixin.py:115} INFO - [2022-08-10 11:12:39,013] {dag.py:2379} INFO - Sync 1 DAGs
[2022-08-10 11:12:39,040] {logging_mixin.py:115} INFO - [2022-08-10 11:12:39,040] {dag.py:2923} INFO - Setting next_dagrun for example_branch_python_operator_decorator to 2022-08-09T00:00:00+00:00, run_after=2022-08-10T00:00:00+00:00
[2022-08-10 11:12:39,054] {processor.py:161} INFO - Processing /home/oury/.local/lib/python3.10/site-packages/airflow/example_dags/example_branch_operator_decorator.py took 0.107 seconds
[2022-08-10 11:13:20,438] {processor.py:153} INFO - Started process (PID=10287) to work on /home/oury/.local/lib/python3.10/site-packages/airflow/example_dags/example_branch_operator_decorator.py
[2022-08-10 11:13:20,438] {processor.py:641} INFO - Processing file /home/oury/.local/lib/python3.10/site-packages/airflow/example_dags/example_branch_operator_decorator.py for tasks to queue
[2022-08-10 11:13:20,439] {logging_mixin.py:115} INFO - [2022-08-10 11:13:20,439] {dagbag.py:507} INFO - Filling up the DagBag from /home/oury/.local/lib/python3.10/site-packages/airflow/example_dags/example_branch_operator_decorator.py
[2022-08-10 11:13:20,455] {processor.py:651} INFO - DAG(s) dict_keys(['example_branch_python_operator_decorator']) retrieved from /home/oury/.local/lib/python3.10/site-packages/airflow/example_dags/example_branch_operator_decorator.py
[2022-08-10 11:13:20,468] {logging_mixin.py:115} INFO - [2022-08-10 11:13:20,468] {dag.py:2379} INFO - Sync 1 DAGs
[2022-08-10 11:13:20,486] {logging_mixin.py:115} INFO - [2022-08-10 11:13:20,486] {dag.py:2923} INFO - Setting next_dagrun for example_branch_python_operator_decorator to 2022-08-09T00:00:00+00:00, run_after=2022-08-10T00:00:00+00:00
[2022-08-10 11:13:20,497] {processor.py:161} INFO - Processing /home/oury/.local/lib/python3.10/site-packages/airflow/example_dags/example_branch_operator_decorator.py took 0.062 seconds
[2022-08-10 11:14:01,929] {processor.py:153} INFO - Started process (PID=10337) to work on /home/oury/.local/lib/python3.10/site-packages/airflow/example_dags/example_branch_operator_decorator.py
[2022-08-10 11:14:01,930] {processor.py:641} INFO - Processing file /home/oury/.local/lib/python3.10/site-packages/airflow/example_dags/example_branch_operator_decorator.py for tasks to queue
[2022-08-10 11:14:01,930] {logging_mixin.py:115} INFO - [2022-08-10 11:14:01,930] {dagbag.py:507} INFO - Filling up the DagBag from /home/oury/.local/lib/python3.10/site-packages/airflow/example_dags/example_branch_operator_decorator.py
[2022-08-10 11:14:01,952] {processor.py:651} INFO - DAG(s) dict_keys(['example_branch_python_operator_decorator']) retrieved from /home/oury/.local/lib/python3.10/site-packages/airflow/example_dags/example_branch_operator_decorator.py
[2022-08-10 11:14:01,970] {logging_mixin.py:115} INFO - [2022-08-10 11:14:01,970] {dag.py:2379} INFO - Sync 1 DAGs
[2022-08-10 11:14:01,998] {logging_mixin.py:115} INFO - [2022-08-10 11:14:01,998] {dag.py:2923} INFO - Setting next_dagrun for example_branch_python_operator_decorator to 2022-08-09T00:00:00+00:00, run_after=2022-08-10T00:00:00+00:00
[2022-08-10 11:14:02,017] {processor.py:161} INFO - Processing /home/oury/.local/lib/python3.10/site-packages/airflow/example_dags/example_branch_operator_decorator.py took 0.091 seconds
[2022-08-10 11:14:44,689] {processor.py:153} INFO - Started process (PID=10395) to work on /home/oury/.local/lib/python3.10/site-packages/airflow/example_dags/example_branch_operator_decorator.py
[2022-08-10 11:14:44,690] {processor.py:641} INFO - Processing file /home/oury/.local/lib/python3.10/site-packages/airflow/example_dags/example_branch_operator_decorator.py for tasks to queue
[2022-08-10 11:14:44,690] {logging_mixin.py:115} INFO - [2022-08-10 11:14:44,690] {dagbag.py:507} INFO - Filling up the DagBag from /home/oury/.local/lib/python3.10/site-packages/airflow/example_dags/example_branch_operator_decorator.py
[2022-08-10 11:14:44,713] {processor.py:651} INFO - DAG(s) dict_keys(['example_branch_python_operator_decorator']) retrieved from /home/oury/.local/lib/python3.10/site-packages/airflow/example_dags/example_branch_operator_decorator.py
[2022-08-10 11:14:44,731] {logging_mixin.py:115} INFO - [2022-08-10 11:14:44,731] {dag.py:2379} INFO - Sync 1 DAGs
[2022-08-10 11:14:44,759] {logging_mixin.py:115} INFO - [2022-08-10 11:14:44,759] {dag.py:2923} INFO - Setting next_dagrun for example_branch_python_operator_decorator to 2022-08-09T00:00:00+00:00, run_after=2022-08-10T00:00:00+00:00
[2022-08-10 11:14:44,780] {processor.py:161} INFO - Processing /home/oury/.local/lib/python3.10/site-packages/airflow/example_dags/example_branch_operator_decorator.py took 0.093 seconds
