[2022-08-10 11:04:10,908] {processor.py:153} INFO - Started process (PID=8839) to work on /home/oury/.local/lib/python3.10/site-packages/airflow/example_dags/example_task_group.py
[2022-08-10 11:04:10,908] {processor.py:641} INFO - Processing file /home/oury/.local/lib/python3.10/site-packages/airflow/example_dags/example_task_group.py for tasks to queue
[2022-08-10 11:04:10,909] {logging_mixin.py:115} INFO - [2022-08-10 11:04:10,909] {dagbag.py:507} INFO - Filling up the DagBag from /home/oury/.local/lib/python3.10/site-packages/airflow/example_dags/example_task_group.py
[2022-08-10 11:04:10,915] {processor.py:651} INFO - DAG(s) dict_keys(['example_task_group']) retrieved from /home/oury/.local/lib/python3.10/site-packages/airflow/example_dags/example_task_group.py
[2022-08-10 11:04:10,953] {logging_mixin.py:115} INFO - [2022-08-10 11:04:10,953] {dag.py:2379} INFO - Sync 1 DAGs
[2022-08-10 11:04:11,057] {logging_mixin.py:115} INFO - [2022-08-10 11:04:11,057] {dag.py:2398} INFO - Creating ORM DAG for example_task_group
[2022-08-10 11:04:11,064] {logging_mixin.py:115} INFO - [2022-08-10 11:04:11,064] {dag.py:2923} INFO - Setting next_dagrun for example_task_group to 2022-08-09T10:04:11.064628+00:00, run_after=2022-08-10T10:04:11.064628+00:00
[2022-08-10 11:04:11,078] {processor.py:161} INFO - Processing /home/oury/.local/lib/python3.10/site-packages/airflow/example_dags/example_task_group.py took 0.173 seconds
[2022-08-10 11:04:48,293] {processor.py:153} INFO - Started process (PID=8907) to work on /home/oury/.local/lib/python3.10/site-packages/airflow/example_dags/example_task_group.py
[2022-08-10 11:04:48,294] {processor.py:641} INFO - Processing file /home/oury/.local/lib/python3.10/site-packages/airflow/example_dags/example_task_group.py for tasks to queue
[2022-08-10 11:04:48,294] {logging_mixin.py:115} INFO - [2022-08-10 11:04:48,294] {dagbag.py:507} INFO - Filling up the DagBag from /home/oury/.local/lib/python3.10/site-packages/airflow/example_dags/example_task_group.py
[2022-08-10 11:04:48,301] {processor.py:651} INFO - DAG(s) dict_keys(['example_task_group']) retrieved from /home/oury/.local/lib/python3.10/site-packages/airflow/example_dags/example_task_group.py
[2022-08-10 11:04:48,316] {logging_mixin.py:115} INFO - [2022-08-10 11:04:48,316] {dag.py:2379} INFO - Sync 1 DAGs
[2022-08-10 11:04:48,332] {logging_mixin.py:115} INFO - [2022-08-10 11:04:48,332] {dag.py:2923} INFO - Setting next_dagrun for example_task_group to 2022-08-09T10:04:48.332463+00:00, run_after=2022-08-10T10:04:48.332463+00:00
[2022-08-10 11:04:48,344] {processor.py:161} INFO - Processing /home/oury/.local/lib/python3.10/site-packages/airflow/example_dags/example_task_group.py took 0.054 seconds
[2022-08-10 11:05:23,149] {processor.py:153} INFO - Started process (PID=8978) to work on /home/oury/.local/lib/python3.10/site-packages/airflow/example_dags/example_task_group.py
[2022-08-10 11:05:23,150] {processor.py:641} INFO - Processing file /home/oury/.local/lib/python3.10/site-packages/airflow/example_dags/example_task_group.py for tasks to queue
[2022-08-10 11:05:23,150] {logging_mixin.py:115} INFO - [2022-08-10 11:05:23,150] {dagbag.py:507} INFO - Filling up the DagBag from /home/oury/.local/lib/python3.10/site-packages/airflow/example_dags/example_task_group.py
[2022-08-10 11:05:23,156] {processor.py:651} INFO - DAG(s) dict_keys(['example_task_group']) retrieved from /home/oury/.local/lib/python3.10/site-packages/airflow/example_dags/example_task_group.py
[2022-08-10 11:05:23,170] {logging_mixin.py:115} INFO - [2022-08-10 11:05:23,170] {dag.py:2379} INFO - Sync 1 DAGs
[2022-08-10 11:05:23,185] {logging_mixin.py:115} INFO - [2022-08-10 11:05:23,185] {dag.py:2923} INFO - Setting next_dagrun for example_task_group to 2022-08-09T10:05:23.185208+00:00, run_after=2022-08-10T10:05:23.185208+00:00
[2022-08-10 11:05:23,197] {processor.py:161} INFO - Processing /home/oury/.local/lib/python3.10/site-packages/airflow/example_dags/example_task_group.py took 0.050 seconds
[2022-08-10 11:06:08,882] {processor.py:153} INFO - Started process (PID=9547) to work on /home/oury/.local/lib/python3.10/site-packages/airflow/example_dags/example_task_group.py
[2022-08-10 11:06:08,882] {processor.py:641} INFO - Processing file /home/oury/.local/lib/python3.10/site-packages/airflow/example_dags/example_task_group.py for tasks to queue
[2022-08-10 11:06:08,883] {logging_mixin.py:115} INFO - [2022-08-10 11:06:08,883] {dagbag.py:507} INFO - Filling up the DagBag from /home/oury/.local/lib/python3.10/site-packages/airflow/example_dags/example_task_group.py
[2022-08-10 11:06:08,890] {processor.py:651} INFO - DAG(s) dict_keys(['example_task_group']) retrieved from /home/oury/.local/lib/python3.10/site-packages/airflow/example_dags/example_task_group.py
[2022-08-10 11:06:08,904] {logging_mixin.py:115} INFO - [2022-08-10 11:06:08,904] {dag.py:2379} INFO - Sync 1 DAGs
[2022-08-10 11:06:08,919] {logging_mixin.py:115} INFO - [2022-08-10 11:06:08,919] {dag.py:2923} INFO - Setting next_dagrun for example_task_group to 2022-08-09T10:06:08.919524+00:00, run_after=2022-08-10T10:06:08.919524+00:00
[2022-08-10 11:06:08,932] {processor.py:161} INFO - Processing /home/oury/.local/lib/python3.10/site-packages/airflow/example_dags/example_task_group.py took 0.053 seconds
[2022-08-10 11:06:48,489] {processor.py:153} INFO - Started process (PID=9616) to work on /home/oury/.local/lib/python3.10/site-packages/airflow/example_dags/example_task_group.py
[2022-08-10 11:06:48,490] {processor.py:641} INFO - Processing file /home/oury/.local/lib/python3.10/site-packages/airflow/example_dags/example_task_group.py for tasks to queue
[2022-08-10 11:06:48,490] {logging_mixin.py:115} INFO - [2022-08-10 11:06:48,490] {dagbag.py:507} INFO - Filling up the DagBag from /home/oury/.local/lib/python3.10/site-packages/airflow/example_dags/example_task_group.py
[2022-08-10 11:06:48,497] {processor.py:651} INFO - DAG(s) dict_keys(['example_task_group']) retrieved from /home/oury/.local/lib/python3.10/site-packages/airflow/example_dags/example_task_group.py
[2022-08-10 11:06:48,513] {logging_mixin.py:115} INFO - [2022-08-10 11:06:48,513] {dag.py:2379} INFO - Sync 1 DAGs
[2022-08-10 11:06:48,532] {logging_mixin.py:115} INFO - [2022-08-10 11:06:48,532] {dag.py:2923} INFO - Setting next_dagrun for example_task_group to 2022-08-09T10:06:48.531807+00:00, run_after=2022-08-10T10:06:48.531807+00:00
[2022-08-10 11:06:48,548] {processor.py:161} INFO - Processing /home/oury/.local/lib/python3.10/site-packages/airflow/example_dags/example_task_group.py took 0.061 seconds
[2022-08-10 11:07:28,122] {processor.py:153} INFO - Started process (PID=9684) to work on /home/oury/.local/lib/python3.10/site-packages/airflow/example_dags/example_task_group.py
[2022-08-10 11:07:28,123] {processor.py:641} INFO - Processing file /home/oury/.local/lib/python3.10/site-packages/airflow/example_dags/example_task_group.py for tasks to queue
[2022-08-10 11:07:28,124] {logging_mixin.py:115} INFO - [2022-08-10 11:07:28,124] {dagbag.py:507} INFO - Filling up the DagBag from /home/oury/.local/lib/python3.10/site-packages/airflow/example_dags/example_task_group.py
[2022-08-10 11:07:28,133] {processor.py:651} INFO - DAG(s) dict_keys(['example_task_group']) retrieved from /home/oury/.local/lib/python3.10/site-packages/airflow/example_dags/example_task_group.py
[2022-08-10 11:07:28,155] {logging_mixin.py:115} INFO - [2022-08-10 11:07:28,155] {dag.py:2379} INFO - Sync 1 DAGs
[2022-08-10 11:07:28,183] {logging_mixin.py:115} INFO - [2022-08-10 11:07:28,183] {dag.py:2923} INFO - Setting next_dagrun for example_task_group to 2022-08-09T10:07:28.182982+00:00, run_after=2022-08-10T10:07:28.182982+00:00
[2022-08-10 11:07:28,207] {processor.py:161} INFO - Processing /home/oury/.local/lib/python3.10/site-packages/airflow/example_dags/example_task_group.py took 0.087 seconds
[2022-08-10 11:08:11,062] {processor.py:153} INFO - Started process (PID=9744) to work on /home/oury/.local/lib/python3.10/site-packages/airflow/example_dags/example_task_group.py
[2022-08-10 11:08:11,062] {processor.py:641} INFO - Processing file /home/oury/.local/lib/python3.10/site-packages/airflow/example_dags/example_task_group.py for tasks to queue
[2022-08-10 11:08:11,063] {logging_mixin.py:115} INFO - [2022-08-10 11:08:11,063] {dagbag.py:507} INFO - Filling up the DagBag from /home/oury/.local/lib/python3.10/site-packages/airflow/example_dags/example_task_group.py
[2022-08-10 11:08:11,070] {processor.py:651} INFO - DAG(s) dict_keys(['example_task_group']) retrieved from /home/oury/.local/lib/python3.10/site-packages/airflow/example_dags/example_task_group.py
[2022-08-10 11:08:11,085] {logging_mixin.py:115} INFO - [2022-08-10 11:08:11,084] {dag.py:2379} INFO - Sync 1 DAGs
[2022-08-10 11:08:11,101] {logging_mixin.py:115} INFO - [2022-08-10 11:08:11,101] {dag.py:2923} INFO - Setting next_dagrun for example_task_group to 2022-08-09T10:08:11.101257+00:00, run_after=2022-08-10T10:08:11.101257+00:00
[2022-08-10 11:08:11,113] {processor.py:161} INFO - Processing /home/oury/.local/lib/python3.10/site-packages/airflow/example_dags/example_task_group.py took 0.054 seconds
[2022-08-10 11:08:54,739] {processor.py:153} INFO - Started process (PID=9887) to work on /home/oury/.local/lib/python3.10/site-packages/airflow/example_dags/example_task_group.py
[2022-08-10 11:08:54,740] {processor.py:641} INFO - Processing file /home/oury/.local/lib/python3.10/site-packages/airflow/example_dags/example_task_group.py for tasks to queue
[2022-08-10 11:08:54,740] {logging_mixin.py:115} INFO - [2022-08-10 11:08:54,740] {dagbag.py:507} INFO - Filling up the DagBag from /home/oury/.local/lib/python3.10/site-packages/airflow/example_dags/example_task_group.py
[2022-08-10 11:08:54,747] {processor.py:651} INFO - DAG(s) dict_keys(['example_task_group']) retrieved from /home/oury/.local/lib/python3.10/site-packages/airflow/example_dags/example_task_group.py
[2022-08-10 11:08:54,763] {logging_mixin.py:115} INFO - [2022-08-10 11:08:54,763] {dag.py:2379} INFO - Sync 1 DAGs
[2022-08-10 11:08:54,778] {logging_mixin.py:115} INFO - [2022-08-10 11:08:54,778] {dag.py:2923} INFO - Setting next_dagrun for example_task_group to 2022-08-09T10:08:54.778480+00:00, run_after=2022-08-10T10:08:54.778480+00:00
[2022-08-10 11:08:54,793] {processor.py:161} INFO - Processing /home/oury/.local/lib/python3.10/site-packages/airflow/example_dags/example_task_group.py took 0.056 seconds
[2022-08-10 11:09:40,641] {processor.py:153} INFO - Started process (PID=9961) to work on /home/oury/.local/lib/python3.10/site-packages/airflow/example_dags/example_task_group.py
[2022-08-10 11:09:40,642] {processor.py:641} INFO - Processing file /home/oury/.local/lib/python3.10/site-packages/airflow/example_dags/example_task_group.py for tasks to queue
[2022-08-10 11:09:40,642] {logging_mixin.py:115} INFO - [2022-08-10 11:09:40,642] {dagbag.py:507} INFO - Filling up the DagBag from /home/oury/.local/lib/python3.10/site-packages/airflow/example_dags/example_task_group.py
[2022-08-10 11:09:40,648] {processor.py:651} INFO - DAG(s) dict_keys(['example_task_group']) retrieved from /home/oury/.local/lib/python3.10/site-packages/airflow/example_dags/example_task_group.py
[2022-08-10 11:09:40,665] {logging_mixin.py:115} INFO - [2022-08-10 11:09:40,665] {dag.py:2379} INFO - Sync 1 DAGs
[2022-08-10 11:09:40,687] {logging_mixin.py:115} INFO - [2022-08-10 11:09:40,687] {dag.py:2923} INFO - Setting next_dagrun for example_task_group to 2022-08-09T10:09:40.686826+00:00, run_after=2022-08-10T10:09:40.686826+00:00
[2022-08-10 11:09:40,705] {processor.py:161} INFO - Processing /home/oury/.local/lib/python3.10/site-packages/airflow/example_dags/example_task_group.py took 0.066 seconds
[2022-08-10 11:10:23,118] {processor.py:153} INFO - Started process (PID=10027) to work on /home/oury/.local/lib/python3.10/site-packages/airflow/example_dags/example_task_group.py
[2022-08-10 11:10:23,119] {processor.py:641} INFO - Processing file /home/oury/.local/lib/python3.10/site-packages/airflow/example_dags/example_task_group.py for tasks to queue
[2022-08-10 11:10:23,119] {logging_mixin.py:115} INFO - [2022-08-10 11:10:23,119] {dagbag.py:507} INFO - Filling up the DagBag from /home/oury/.local/lib/python3.10/site-packages/airflow/example_dags/example_task_group.py
[2022-08-10 11:10:23,126] {processor.py:651} INFO - DAG(s) dict_keys(['example_task_group']) retrieved from /home/oury/.local/lib/python3.10/site-packages/airflow/example_dags/example_task_group.py
[2022-08-10 11:10:23,139] {logging_mixin.py:115} INFO - [2022-08-10 11:10:23,139] {dag.py:2379} INFO - Sync 1 DAGs
[2022-08-10 11:10:23,154] {logging_mixin.py:115} INFO - [2022-08-10 11:10:23,154] {dag.py:2923} INFO - Setting next_dagrun for example_task_group to 2022-08-09T10:10:23.154317+00:00, run_after=2022-08-10T10:10:23.154317+00:00
[2022-08-10 11:10:23,168] {processor.py:161} INFO - Processing /home/oury/.local/lib/python3.10/site-packages/airflow/example_dags/example_task_group.py took 0.052 seconds
[2022-08-10 11:11:30,733] {processor.py:153} INFO - Started process (PID=10116) to work on /home/oury/.local/lib/python3.10/site-packages/airflow/example_dags/example_task_group.py
[2022-08-10 11:11:30,734] {processor.py:641} INFO - Processing file /home/oury/.local/lib/python3.10/site-packages/airflow/example_dags/example_task_group.py for tasks to queue
[2022-08-10 11:11:30,734] {logging_mixin.py:115} INFO - [2022-08-10 11:11:30,734] {dagbag.py:507} INFO - Filling up the DagBag from /home/oury/.local/lib/python3.10/site-packages/airflow/example_dags/example_task_group.py
[2022-08-10 11:11:30,741] {processor.py:651} INFO - DAG(s) dict_keys(['example_task_group']) retrieved from /home/oury/.local/lib/python3.10/site-packages/airflow/example_dags/example_task_group.py
[2022-08-10 11:11:30,756] {logging_mixin.py:115} INFO - [2022-08-10 11:11:30,755] {dag.py:2379} INFO - Sync 1 DAGs
[2022-08-10 11:11:30,772] {logging_mixin.py:115} INFO - [2022-08-10 11:11:30,772] {dag.py:2923} INFO - Setting next_dagrun for example_task_group to 2022-08-09T10:11:30.771958+00:00, run_after=2022-08-10T10:11:30.771958+00:00
[2022-08-10 11:11:30,785] {processor.py:161} INFO - Processing /home/oury/.local/lib/python3.10/site-packages/airflow/example_dags/example_task_group.py took 0.054 seconds
[2022-08-10 11:12:23,157] {processor.py:153} INFO - Started process (PID=10202) to work on /home/oury/.local/lib/python3.10/site-packages/airflow/example_dags/example_task_group.py
[2022-08-10 11:12:23,158] {processor.py:641} INFO - Processing file /home/oury/.local/lib/python3.10/site-packages/airflow/example_dags/example_task_group.py for tasks to queue
[2022-08-10 11:12:23,159] {logging_mixin.py:115} INFO - [2022-08-10 11:12:23,159] {dagbag.py:507} INFO - Filling up the DagBag from /home/oury/.local/lib/python3.10/site-packages/airflow/example_dags/example_task_group.py
[2022-08-10 11:12:23,166] {processor.py:651} INFO - DAG(s) dict_keys(['example_task_group']) retrieved from /home/oury/.local/lib/python3.10/site-packages/airflow/example_dags/example_task_group.py
[2022-08-10 11:12:23,181] {logging_mixin.py:115} INFO - [2022-08-10 11:12:23,181] {dag.py:2379} INFO - Sync 1 DAGs
[2022-08-10 11:12:23,196] {logging_mixin.py:115} INFO - [2022-08-10 11:12:23,196] {dag.py:2923} INFO - Setting next_dagrun for example_task_group to 2022-08-09T10:12:23.196168+00:00, run_after=2022-08-10T10:12:23.196168+00:00
[2022-08-10 11:12:23,207] {processor.py:161} INFO - Processing /home/oury/.local/lib/python3.10/site-packages/airflow/example_dags/example_task_group.py took 0.052 seconds
[2022-08-10 11:13:03,200] {processor.py:153} INFO - Started process (PID=10253) to work on /home/oury/.local/lib/python3.10/site-packages/airflow/example_dags/example_task_group.py
[2022-08-10 11:13:03,201] {processor.py:641} INFO - Processing file /home/oury/.local/lib/python3.10/site-packages/airflow/example_dags/example_task_group.py for tasks to queue
[2022-08-10 11:13:03,201] {logging_mixin.py:115} INFO - [2022-08-10 11:13:03,201] {dagbag.py:507} INFO - Filling up the DagBag from /home/oury/.local/lib/python3.10/site-packages/airflow/example_dags/example_task_group.py
[2022-08-10 11:13:03,207] {processor.py:651} INFO - DAG(s) dict_keys(['example_task_group']) retrieved from /home/oury/.local/lib/python3.10/site-packages/airflow/example_dags/example_task_group.py
[2022-08-10 11:13:03,221] {logging_mixin.py:115} INFO - [2022-08-10 11:13:03,221] {dag.py:2379} INFO - Sync 1 DAGs
[2022-08-10 11:13:03,237] {logging_mixin.py:115} INFO - [2022-08-10 11:13:03,236] {dag.py:2923} INFO - Setting next_dagrun for example_task_group to 2022-08-09T10:13:03.236694+00:00, run_after=2022-08-10T10:13:03.236694+00:00
[2022-08-10 11:13:03,248] {processor.py:161} INFO - Processing /home/oury/.local/lib/python3.10/site-packages/airflow/example_dags/example_task_group.py took 0.051 seconds
[2022-08-10 11:13:47,253] {processor.py:153} INFO - Started process (PID=10319) to work on /home/oury/.local/lib/python3.10/site-packages/airflow/example_dags/example_task_group.py
[2022-08-10 11:13:47,254] {processor.py:641} INFO - Processing file /home/oury/.local/lib/python3.10/site-packages/airflow/example_dags/example_task_group.py for tasks to queue
[2022-08-10 11:13:47,254] {logging_mixin.py:115} INFO - [2022-08-10 11:13:47,254] {dagbag.py:507} INFO - Filling up the DagBag from /home/oury/.local/lib/python3.10/site-packages/airflow/example_dags/example_task_group.py
[2022-08-10 11:13:47,260] {processor.py:651} INFO - DAG(s) dict_keys(['example_task_group']) retrieved from /home/oury/.local/lib/python3.10/site-packages/airflow/example_dags/example_task_group.py
[2022-08-10 11:13:47,273] {logging_mixin.py:115} INFO - [2022-08-10 11:13:47,273] {dag.py:2379} INFO - Sync 1 DAGs
[2022-08-10 11:13:47,288] {logging_mixin.py:115} INFO - [2022-08-10 11:13:47,288] {dag.py:2923} INFO - Setting next_dagrun for example_task_group to 2022-08-09T10:13:47.288542+00:00, run_after=2022-08-10T10:13:47.288542+00:00
[2022-08-10 11:13:47,300] {processor.py:161} INFO - Processing /home/oury/.local/lib/python3.10/site-packages/airflow/example_dags/example_task_group.py took 0.049 seconds
[2022-08-10 11:14:31,521] {processor.py:153} INFO - Started process (PID=10378) to work on /home/oury/.local/lib/python3.10/site-packages/airflow/example_dags/example_task_group.py
[2022-08-10 11:14:31,522] {processor.py:641} INFO - Processing file /home/oury/.local/lib/python3.10/site-packages/airflow/example_dags/example_task_group.py for tasks to queue
[2022-08-10 11:14:31,522] {logging_mixin.py:115} INFO - [2022-08-10 11:14:31,522] {dagbag.py:507} INFO - Filling up the DagBag from /home/oury/.local/lib/python3.10/site-packages/airflow/example_dags/example_task_group.py
[2022-08-10 11:14:31,529] {processor.py:651} INFO - DAG(s) dict_keys(['example_task_group']) retrieved from /home/oury/.local/lib/python3.10/site-packages/airflow/example_dags/example_task_group.py
[2022-08-10 11:14:31,542] {logging_mixin.py:115} INFO - [2022-08-10 11:14:31,542] {dag.py:2379} INFO - Sync 1 DAGs
[2022-08-10 11:14:31,557] {logging_mixin.py:115} INFO - [2022-08-10 11:14:31,557] {dag.py:2923} INFO - Setting next_dagrun for example_task_group to 2022-08-09T10:14:31.556839+00:00, run_after=2022-08-10T10:14:31.556839+00:00
[2022-08-10 11:14:31,569] {processor.py:161} INFO - Processing /home/oury/.local/lib/python3.10/site-packages/airflow/example_dags/example_task_group.py took 0.050 seconds
[2022-08-10 11:15:31,201] {processor.py:153} INFO - Started process (PID=10454) to work on /home/oury/.local/lib/python3.10/site-packages/airflow/example_dags/example_task_group.py
[2022-08-10 11:15:31,202] {processor.py:641} INFO - Processing file /home/oury/.local/lib/python3.10/site-packages/airflow/example_dags/example_task_group.py for tasks to queue
[2022-08-10 11:15:31,203] {logging_mixin.py:115} INFO - [2022-08-10 11:15:31,202] {dagbag.py:507} INFO - Filling up the DagBag from /home/oury/.local/lib/python3.10/site-packages/airflow/example_dags/example_task_group.py
[2022-08-10 11:15:31,209] {processor.py:651} INFO - DAG(s) dict_keys(['example_task_group']) retrieved from /home/oury/.local/lib/python3.10/site-packages/airflow/example_dags/example_task_group.py
[2022-08-10 11:15:31,223] {logging_mixin.py:115} INFO - [2022-08-10 11:15:31,223] {dag.py:2379} INFO - Sync 1 DAGs
[2022-08-10 11:15:31,238] {logging_mixin.py:115} INFO - [2022-08-10 11:15:31,238] {dag.py:2923} INFO - Setting next_dagrun for example_task_group to 2022-08-09T10:15:31.238304+00:00, run_after=2022-08-10T10:15:31.238304+00:00
[2022-08-10 11:15:31,250] {processor.py:161} INFO - Processing /home/oury/.local/lib/python3.10/site-packages/airflow/example_dags/example_task_group.py took 0.051 seconds
