[2022-08-10 11:04:22,250] {processor.py:153} INFO - Started process (PID=8854) to work on /home/oury/.local/lib/python3.10/site-packages/airflow/example_dags/example_kubernetes_executor.py
[2022-08-10 11:04:22,250] {processor.py:641} INFO - Processing file /home/oury/.local/lib/python3.10/site-packages/airflow/example_dags/example_kubernetes_executor.py for tasks to queue
[2022-08-10 11:04:22,251] {logging_mixin.py:115} INFO - [2022-08-10 11:04:22,250] {dagbag.py:507} INFO - Filling up the DagBag from /home/oury/.local/lib/python3.10/site-packages/airflow/example_dags/example_kubernetes_executor.py
[2022-08-10 11:04:22,263] {logging_mixin.py:115} INFO - [2022-08-10 11:04:22,263] {example_kubernetes_executor.py:39} WARNING - The example_kubernetes_executor example DAG requires the kubernetes provider. Please install it with: pip install apache-airflow[cncf.kubernetes]
[2022-08-10 11:04:22,263] {processor.py:653} WARNING - No viable dags retrieved from /home/oury/.local/lib/python3.10/site-packages/airflow/example_dags/example_kubernetes_executor.py
[2022-08-10 11:04:22,271] {processor.py:161} INFO - Processing /home/oury/.local/lib/python3.10/site-packages/airflow/example_dags/example_kubernetes_executor.py took 0.023 seconds
[2022-08-10 11:05:00,330] {processor.py:153} INFO - Started process (PID=8937) to work on /home/oury/.local/lib/python3.10/site-packages/airflow/example_dags/example_kubernetes_executor.py
[2022-08-10 11:05:00,330] {processor.py:641} INFO - Processing file /home/oury/.local/lib/python3.10/site-packages/airflow/example_dags/example_kubernetes_executor.py for tasks to queue
[2022-08-10 11:05:00,331] {logging_mixin.py:115} INFO - [2022-08-10 11:05:00,331] {dagbag.py:507} INFO - Filling up the DagBag from /home/oury/.local/lib/python3.10/site-packages/airflow/example_dags/example_kubernetes_executor.py
[2022-08-10 11:05:00,344] {logging_mixin.py:115} INFO - [2022-08-10 11:05:00,343] {example_kubernetes_executor.py:39} WARNING - The example_kubernetes_executor example DAG requires the kubernetes provider. Please install it with: pip install apache-airflow[cncf.kubernetes]
[2022-08-10 11:05:00,344] {processor.py:653} WARNING - No viable dags retrieved from /home/oury/.local/lib/python3.10/site-packages/airflow/example_dags/example_kubernetes_executor.py
[2022-08-10 11:05:00,351] {processor.py:161} INFO - Processing /home/oury/.local/lib/python3.10/site-packages/airflow/example_dags/example_kubernetes_executor.py took 0.024 seconds
[2022-08-10 11:05:37,044] {processor.py:153} INFO - Started process (PID=9163) to work on /home/oury/.local/lib/python3.10/site-packages/airflow/example_dags/example_kubernetes_executor.py
[2022-08-10 11:05:37,046] {processor.py:641} INFO - Processing file /home/oury/.local/lib/python3.10/site-packages/airflow/example_dags/example_kubernetes_executor.py for tasks to queue
[2022-08-10 11:05:37,048] {logging_mixin.py:115} INFO - [2022-08-10 11:05:37,047] {dagbag.py:507} INFO - Filling up the DagBag from /home/oury/.local/lib/python3.10/site-packages/airflow/example_dags/example_kubernetes_executor.py
[2022-08-10 11:05:37,122] {logging_mixin.py:115} INFO - [2022-08-10 11:05:37,122] {example_kubernetes_executor.py:39} WARNING - The example_kubernetes_executor example DAG requires the kubernetes provider. Please install it with: pip install apache-airflow[cncf.kubernetes]
[2022-08-10 11:05:37,122] {processor.py:653} WARNING - No viable dags retrieved from /home/oury/.local/lib/python3.10/site-packages/airflow/example_dags/example_kubernetes_executor.py
[2022-08-10 11:05:37,138] {processor.py:161} INFO - Processing /home/oury/.local/lib/python3.10/site-packages/airflow/example_dags/example_kubernetes_executor.py took 0.105 seconds
[2022-08-10 11:06:23,797] {processor.py:153} INFO - Started process (PID=9570) to work on /home/oury/.local/lib/python3.10/site-packages/airflow/example_dags/example_kubernetes_executor.py
[2022-08-10 11:06:23,798] {processor.py:641} INFO - Processing file /home/oury/.local/lib/python3.10/site-packages/airflow/example_dags/example_kubernetes_executor.py for tasks to queue
[2022-08-10 11:06:23,798] {logging_mixin.py:115} INFO - [2022-08-10 11:06:23,798] {dagbag.py:507} INFO - Filling up the DagBag from /home/oury/.local/lib/python3.10/site-packages/airflow/example_dags/example_kubernetes_executor.py
[2022-08-10 11:06:23,811] {logging_mixin.py:115} INFO - [2022-08-10 11:06:23,811] {example_kubernetes_executor.py:39} WARNING - The example_kubernetes_executor example DAG requires the kubernetes provider. Please install it with: pip install apache-airflow[cncf.kubernetes]
[2022-08-10 11:06:23,812] {processor.py:653} WARNING - No viable dags retrieved from /home/oury/.local/lib/python3.10/site-packages/airflow/example_dags/example_kubernetes_executor.py
[2022-08-10 11:06:23,819] {processor.py:161} INFO - Processing /home/oury/.local/lib/python3.10/site-packages/airflow/example_dags/example_kubernetes_executor.py took 0.024 seconds
[2022-08-10 11:07:04,267] {processor.py:153} INFO - Started process (PID=9643) to work on /home/oury/.local/lib/python3.10/site-packages/airflow/example_dags/example_kubernetes_executor.py
[2022-08-10 11:07:04,268] {processor.py:641} INFO - Processing file /home/oury/.local/lib/python3.10/site-packages/airflow/example_dags/example_kubernetes_executor.py for tasks to queue
[2022-08-10 11:07:04,269] {logging_mixin.py:115} INFO - [2022-08-10 11:07:04,269] {dagbag.py:507} INFO - Filling up the DagBag from /home/oury/.local/lib/python3.10/site-packages/airflow/example_dags/example_kubernetes_executor.py
[2022-08-10 11:07:04,285] {logging_mixin.py:115} INFO - [2022-08-10 11:07:04,285] {example_kubernetes_executor.py:39} WARNING - The example_kubernetes_executor example DAG requires the kubernetes provider. Please install it with: pip install apache-airflow[cncf.kubernetes]
[2022-08-10 11:07:04,285] {processor.py:653} WARNING - No viable dags retrieved from /home/oury/.local/lib/python3.10/site-packages/airflow/example_dags/example_kubernetes_executor.py
[2022-08-10 11:07:04,297] {processor.py:161} INFO - Processing /home/oury/.local/lib/python3.10/site-packages/airflow/example_dags/example_kubernetes_executor.py took 0.033 seconds
[2022-08-10 11:07:44,738] {processor.py:153} INFO - Started process (PID=9711) to work on /home/oury/.local/lib/python3.10/site-packages/airflow/example_dags/example_kubernetes_executor.py
[2022-08-10 11:07:44,738] {processor.py:641} INFO - Processing file /home/oury/.local/lib/python3.10/site-packages/airflow/example_dags/example_kubernetes_executor.py for tasks to queue
[2022-08-10 11:07:44,739] {logging_mixin.py:115} INFO - [2022-08-10 11:07:44,739] {dagbag.py:507} INFO - Filling up the DagBag from /home/oury/.local/lib/python3.10/site-packages/airflow/example_dags/example_kubernetes_executor.py
[2022-08-10 11:07:44,751] {logging_mixin.py:115} INFO - [2022-08-10 11:07:44,751] {example_kubernetes_executor.py:39} WARNING - The example_kubernetes_executor example DAG requires the kubernetes provider. Please install it with: pip install apache-airflow[cncf.kubernetes]
[2022-08-10 11:07:44,751] {processor.py:653} WARNING - No viable dags retrieved from /home/oury/.local/lib/python3.10/site-packages/airflow/example_dags/example_kubernetes_executor.py
[2022-08-10 11:07:44,759] {processor.py:161} INFO - Processing /home/oury/.local/lib/python3.10/site-packages/airflow/example_dags/example_kubernetes_executor.py took 0.024 seconds
[2022-08-10 11:08:29,002] {processor.py:153} INFO - Started process (PID=9839) to work on /home/oury/.local/lib/python3.10/site-packages/airflow/example_dags/example_kubernetes_executor.py
[2022-08-10 11:08:29,002] {processor.py:641} INFO - Processing file /home/oury/.local/lib/python3.10/site-packages/airflow/example_dags/example_kubernetes_executor.py for tasks to queue
[2022-08-10 11:08:29,003] {logging_mixin.py:115} INFO - [2022-08-10 11:08:29,003] {dagbag.py:507} INFO - Filling up the DagBag from /home/oury/.local/lib/python3.10/site-packages/airflow/example_dags/example_kubernetes_executor.py
[2022-08-10 11:08:29,015] {logging_mixin.py:115} INFO - [2022-08-10 11:08:29,015] {example_kubernetes_executor.py:39} WARNING - The example_kubernetes_executor example DAG requires the kubernetes provider. Please install it with: pip install apache-airflow[cncf.kubernetes]
[2022-08-10 11:08:29,015] {processor.py:653} WARNING - No viable dags retrieved from /home/oury/.local/lib/python3.10/site-packages/airflow/example_dags/example_kubernetes_executor.py
[2022-08-10 11:08:29,023] {processor.py:161} INFO - Processing /home/oury/.local/lib/python3.10/site-packages/airflow/example_dags/example_kubernetes_executor.py took 0.024 seconds
[2022-08-10 11:09:10,569] {processor.py:153} INFO - Started process (PID=9911) to work on /home/oury/.local/lib/python3.10/site-packages/airflow/example_dags/example_kubernetes_executor.py
[2022-08-10 11:09:10,569] {processor.py:641} INFO - Processing file /home/oury/.local/lib/python3.10/site-packages/airflow/example_dags/example_kubernetes_executor.py for tasks to queue
[2022-08-10 11:09:10,570] {logging_mixin.py:115} INFO - [2022-08-10 11:09:10,570] {dagbag.py:507} INFO - Filling up the DagBag from /home/oury/.local/lib/python3.10/site-packages/airflow/example_dags/example_kubernetes_executor.py
[2022-08-10 11:09:10,583] {logging_mixin.py:115} INFO - [2022-08-10 11:09:10,583] {example_kubernetes_executor.py:39} WARNING - The example_kubernetes_executor example DAG requires the kubernetes provider. Please install it with: pip install apache-airflow[cncf.kubernetes]
[2022-08-10 11:09:10,584] {processor.py:653} WARNING - No viable dags retrieved from /home/oury/.local/lib/python3.10/site-packages/airflow/example_dags/example_kubernetes_executor.py
[2022-08-10 11:09:10,592] {processor.py:161} INFO - Processing /home/oury/.local/lib/python3.10/site-packages/airflow/example_dags/example_kubernetes_executor.py took 0.025 seconds
[2022-08-10 11:09:57,693] {processor.py:153} INFO - Started process (PID=9993) to work on /home/oury/.local/lib/python3.10/site-packages/airflow/example_dags/example_kubernetes_executor.py
[2022-08-10 11:09:57,694] {processor.py:641} INFO - Processing file /home/oury/.local/lib/python3.10/site-packages/airflow/example_dags/example_kubernetes_executor.py for tasks to queue
[2022-08-10 11:09:57,694] {logging_mixin.py:115} INFO - [2022-08-10 11:09:57,694] {dagbag.py:507} INFO - Filling up the DagBag from /home/oury/.local/lib/python3.10/site-packages/airflow/example_dags/example_kubernetes_executor.py
[2022-08-10 11:09:57,707] {logging_mixin.py:115} INFO - [2022-08-10 11:09:57,707] {example_kubernetes_executor.py:39} WARNING - The example_kubernetes_executor example DAG requires the kubernetes provider. Please install it with: pip install apache-airflow[cncf.kubernetes]
[2022-08-10 11:09:57,707] {processor.py:653} WARNING - No viable dags retrieved from /home/oury/.local/lib/python3.10/site-packages/airflow/example_dags/example_kubernetes_executor.py
[2022-08-10 11:09:57,715] {processor.py:161} INFO - Processing /home/oury/.local/lib/python3.10/site-packages/airflow/example_dags/example_kubernetes_executor.py took 0.024 seconds
[2022-08-10 11:10:38,638] {processor.py:153} INFO - Started process (PID=10056) to work on /home/oury/.local/lib/python3.10/site-packages/airflow/example_dags/example_kubernetes_executor.py
[2022-08-10 11:10:38,638] {processor.py:641} INFO - Processing file /home/oury/.local/lib/python3.10/site-packages/airflow/example_dags/example_kubernetes_executor.py for tasks to queue
[2022-08-10 11:10:38,639] {logging_mixin.py:115} INFO - [2022-08-10 11:10:38,639] {dagbag.py:507} INFO - Filling up the DagBag from /home/oury/.local/lib/python3.10/site-packages/airflow/example_dags/example_kubernetes_executor.py
[2022-08-10 11:10:38,653] {logging_mixin.py:115} INFO - [2022-08-10 11:10:38,653] {example_kubernetes_executor.py:39} WARNING - The example_kubernetes_executor example DAG requires the kubernetes provider. Please install it with: pip install apache-airflow[cncf.kubernetes]
[2022-08-10 11:10:38,653] {processor.py:653} WARNING - No viable dags retrieved from /home/oury/.local/lib/python3.10/site-packages/airflow/example_dags/example_kubernetes_executor.py
[2022-08-10 11:10:38,661] {processor.py:161} INFO - Processing /home/oury/.local/lib/python3.10/site-packages/airflow/example_dags/example_kubernetes_executor.py took 0.026 seconds
[2022-08-10 11:11:43,925] {processor.py:153} INFO - Started process (PID=10154) to work on /home/oury/.local/lib/python3.10/site-packages/airflow/example_dags/example_kubernetes_executor.py
[2022-08-10 11:11:43,927] {processor.py:641} INFO - Processing file /home/oury/.local/lib/python3.10/site-packages/airflow/example_dags/example_kubernetes_executor.py for tasks to queue
[2022-08-10 11:11:43,928] {logging_mixin.py:115} INFO - [2022-08-10 11:11:43,928] {dagbag.py:507} INFO - Filling up the DagBag from /home/oury/.local/lib/python3.10/site-packages/airflow/example_dags/example_kubernetes_executor.py
[2022-08-10 11:11:43,986] {logging_mixin.py:115} INFO - [2022-08-10 11:11:43,986] {example_kubernetes_executor.py:39} WARNING - The example_kubernetes_executor example DAG requires the kubernetes provider. Please install it with: pip install apache-airflow[cncf.kubernetes]
[2022-08-10 11:11:43,987] {processor.py:653} WARNING - No viable dags retrieved from /home/oury/.local/lib/python3.10/site-packages/airflow/example_dags/example_kubernetes_executor.py
[2022-08-10 11:11:44,016] {processor.py:161} INFO - Processing /home/oury/.local/lib/python3.10/site-packages/airflow/example_dags/example_kubernetes_executor.py took 0.094 seconds
[2022-08-10 11:12:40,200] {processor.py:153} INFO - Started process (PID=10223) to work on /home/oury/.local/lib/python3.10/site-packages/airflow/example_dags/example_kubernetes_executor.py
[2022-08-10 11:12:40,201] {processor.py:641} INFO - Processing file /home/oury/.local/lib/python3.10/site-packages/airflow/example_dags/example_kubernetes_executor.py for tasks to queue
[2022-08-10 11:12:40,201] {logging_mixin.py:115} INFO - [2022-08-10 11:12:40,201] {dagbag.py:507} INFO - Filling up the DagBag from /home/oury/.local/lib/python3.10/site-packages/airflow/example_dags/example_kubernetes_executor.py
[2022-08-10 11:12:40,220] {logging_mixin.py:115} INFO - [2022-08-10 11:12:40,220] {example_kubernetes_executor.py:39} WARNING - The example_kubernetes_executor example DAG requires the kubernetes provider. Please install it with: pip install apache-airflow[cncf.kubernetes]
[2022-08-10 11:12:40,220] {processor.py:653} WARNING - No viable dags retrieved from /home/oury/.local/lib/python3.10/site-packages/airflow/example_dags/example_kubernetes_executor.py
[2022-08-10 11:12:40,232] {processor.py:161} INFO - Processing /home/oury/.local/lib/python3.10/site-packages/airflow/example_dags/example_kubernetes_executor.py took 0.034 seconds
[2022-08-10 11:13:21,230] {processor.py:153} INFO - Started process (PID=10288) to work on /home/oury/.local/lib/python3.10/site-packages/airflow/example_dags/example_kubernetes_executor.py
[2022-08-10 11:13:21,230] {processor.py:641} INFO - Processing file /home/oury/.local/lib/python3.10/site-packages/airflow/example_dags/example_kubernetes_executor.py for tasks to queue
[2022-08-10 11:13:21,231] {logging_mixin.py:115} INFO - [2022-08-10 11:13:21,231] {dagbag.py:507} INFO - Filling up the DagBag from /home/oury/.local/lib/python3.10/site-packages/airflow/example_dags/example_kubernetes_executor.py
[2022-08-10 11:13:21,243] {logging_mixin.py:115} INFO - [2022-08-10 11:13:21,243] {example_kubernetes_executor.py:39} WARNING - The example_kubernetes_executor example DAG requires the kubernetes provider. Please install it with: pip install apache-airflow[cncf.kubernetes]
[2022-08-10 11:13:21,244] {processor.py:653} WARNING - No viable dags retrieved from /home/oury/.local/lib/python3.10/site-packages/airflow/example_dags/example_kubernetes_executor.py
[2022-08-10 11:13:21,252] {processor.py:161} INFO - Processing /home/oury/.local/lib/python3.10/site-packages/airflow/example_dags/example_kubernetes_executor.py took 0.024 seconds
[2022-08-10 11:14:09,398] {processor.py:153} INFO - Started process (PID=10347) to work on /home/oury/.local/lib/python3.10/site-packages/airflow/example_dags/example_kubernetes_executor.py
[2022-08-10 11:14:09,399] {processor.py:641} INFO - Processing file /home/oury/.local/lib/python3.10/site-packages/airflow/example_dags/example_kubernetes_executor.py for tasks to queue
[2022-08-10 11:14:09,399] {logging_mixin.py:115} INFO - [2022-08-10 11:14:09,399] {dagbag.py:507} INFO - Filling up the DagBag from /home/oury/.local/lib/python3.10/site-packages/airflow/example_dags/example_kubernetes_executor.py
[2022-08-10 11:14:09,412] {logging_mixin.py:115} INFO - [2022-08-10 11:14:09,411] {example_kubernetes_executor.py:39} WARNING - The example_kubernetes_executor example DAG requires the kubernetes provider. Please install it with: pip install apache-airflow[cncf.kubernetes]
[2022-08-10 11:14:09,412] {processor.py:653} WARNING - No viable dags retrieved from /home/oury/.local/lib/python3.10/site-packages/airflow/example_dags/example_kubernetes_executor.py
[2022-08-10 11:14:09,420] {processor.py:161} INFO - Processing /home/oury/.local/lib/python3.10/site-packages/airflow/example_dags/example_kubernetes_executor.py took 0.024 seconds
[2022-08-10 11:14:52,117] {processor.py:153} INFO - Started process (PID=10408) to work on /home/oury/.local/lib/python3.10/site-packages/airflow/example_dags/example_kubernetes_executor.py
[2022-08-10 11:14:52,118] {processor.py:641} INFO - Processing file /home/oury/.local/lib/python3.10/site-packages/airflow/example_dags/example_kubernetes_executor.py for tasks to queue
[2022-08-10 11:14:52,118] {logging_mixin.py:115} INFO - [2022-08-10 11:14:52,118] {dagbag.py:507} INFO - Filling up the DagBag from /home/oury/.local/lib/python3.10/site-packages/airflow/example_dags/example_kubernetes_executor.py
[2022-08-10 11:14:52,136] {logging_mixin.py:115} INFO - [2022-08-10 11:14:52,136] {example_kubernetes_executor.py:39} WARNING - The example_kubernetes_executor example DAG requires the kubernetes provider. Please install it with: pip install apache-airflow[cncf.kubernetes]
[2022-08-10 11:14:52,136] {processor.py:653} WARNING - No viable dags retrieved from /home/oury/.local/lib/python3.10/site-packages/airflow/example_dags/example_kubernetes_executor.py
[2022-08-10 11:14:52,146] {processor.py:161} INFO - Processing /home/oury/.local/lib/python3.10/site-packages/airflow/example_dags/example_kubernetes_executor.py took 0.032 seconds
