[2022-08-10 11:04:00,285] {processor.py:153} INFO - Started process (PID=8797) to work on /home/oury/.local/lib/python3.10/site-packages/airflow/example_dags/example_subdag_operator.py
[2022-08-10 11:04:00,285] {processor.py:641} INFO - Processing file /home/oury/.local/lib/python3.10/site-packages/airflow/example_dags/example_subdag_operator.py for tasks to queue
[2022-08-10 11:04:00,286] {logging_mixin.py:115} INFO - [2022-08-10 11:04:00,286] {dagbag.py:507} INFO - Filling up the DagBag from /home/oury/.local/lib/python3.10/site-packages/airflow/example_dags/example_subdag_operator.py
[2022-08-10 11:04:00,305] {processor.py:651} INFO - DAG(s) dict_keys(['example_subdag_operator.section-1', 'example_subdag_operator.section-2', 'example_subdag_operator']) retrieved from /home/oury/.local/lib/python3.10/site-packages/airflow/example_dags/example_subdag_operator.py
[2022-08-10 11:04:00,624] {logging_mixin.py:115} INFO - [2022-08-10 11:04:00,624] {dag.py:2379} INFO - Sync 3 DAGs
[2022-08-10 11:04:00,646] {logging_mixin.py:115} INFO - [2022-08-10 11:04:00,646] {dag.py:2398} INFO - Creating ORM DAG for example_subdag_operator.section-2
[2022-08-10 11:04:00,647] {logging_mixin.py:115} INFO - [2022-08-10 11:04:00,646] {dag.py:2398} INFO - Creating ORM DAG for example_subdag_operator.section-1
[2022-08-10 11:04:00,647] {logging_mixin.py:115} INFO - [2022-08-10 11:04:00,647] {dag.py:2398} INFO - Creating ORM DAG for example_subdag_operator
[2022-08-10 11:04:00,672] {logging_mixin.py:115} INFO - [2022-08-10 11:04:00,672] {dag.py:2923} INFO - Setting next_dagrun for example_subdag_operator to 2022-08-08T00:00:00+00:00, run_after=2022-08-08T00:00:00+00:00
[2022-08-10 11:04:00,673] {logging_mixin.py:115} INFO - [2022-08-10 11:04:00,673] {dag.py:2923} INFO - Setting next_dagrun for example_subdag_operator.section-1 to None, run_after=None
[2022-08-10 11:04:00,674] {logging_mixin.py:115} INFO - [2022-08-10 11:04:00,674] {dag.py:2923} INFO - Setting next_dagrun for example_subdag_operator.section-2 to None, run_after=None
[2022-08-10 11:04:00,709] {logging_mixin.py:115} INFO - [2022-08-10 11:04:00,709] {dag.py:2379} INFO - Sync 2 DAGs
[2022-08-10 11:04:00,715] {logging_mixin.py:115} INFO - [2022-08-10 11:04:00,715] {dag.py:2923} INFO - Setting next_dagrun for example_subdag_operator.section-1 to None, run_after=None
[2022-08-10 11:04:00,715] {logging_mixin.py:115} INFO - [2022-08-10 11:04:00,715] {dag.py:2923} INFO - Setting next_dagrun for example_subdag_operator.section-2 to None, run_after=None
[2022-08-10 11:04:00,738] {processor.py:161} INFO - Processing /home/oury/.local/lib/python3.10/site-packages/airflow/example_dags/example_subdag_operator.py took 0.456 seconds
[2022-08-10 11:04:38,387] {processor.py:153} INFO - Started process (PID=8891) to work on /home/oury/.local/lib/python3.10/site-packages/airflow/example_dags/example_subdag_operator.py
[2022-08-10 11:04:38,388] {processor.py:641} INFO - Processing file /home/oury/.local/lib/python3.10/site-packages/airflow/example_dags/example_subdag_operator.py for tasks to queue
[2022-08-10 11:04:38,388] {logging_mixin.py:115} INFO - [2022-08-10 11:04:38,388] {dagbag.py:507} INFO - Filling up the DagBag from /home/oury/.local/lib/python3.10/site-packages/airflow/example_dags/example_subdag_operator.py
[2022-08-10 11:04:38,413] {processor.py:651} INFO - DAG(s) dict_keys(['example_subdag_operator.section-1', 'example_subdag_operator.section-2', 'example_subdag_operator']) retrieved from /home/oury/.local/lib/python3.10/site-packages/airflow/example_dags/example_subdag_operator.py
[2022-08-10 11:04:38,469] {logging_mixin.py:115} INFO - [2022-08-10 11:04:38,469] {dag.py:2379} INFO - Sync 3 DAGs
[2022-08-10 11:04:38,501] {logging_mixin.py:115} INFO - [2022-08-10 11:04:38,501] {dag.py:2923} INFO - Setting next_dagrun for example_subdag_operator to 2022-08-08T00:00:00+00:00, run_after=2022-08-08T00:00:00+00:00
[2022-08-10 11:04:38,502] {logging_mixin.py:115} INFO - [2022-08-10 11:04:38,502] {dag.py:2923} INFO - Setting next_dagrun for example_subdag_operator.section-1 to None, run_after=None
[2022-08-10 11:04:38,502] {logging_mixin.py:115} INFO - [2022-08-10 11:04:38,502] {dag.py:2923} INFO - Setting next_dagrun for example_subdag_operator.section-2 to None, run_after=None
[2022-08-10 11:04:38,510] {logging_mixin.py:115} INFO - [2022-08-10 11:04:38,510] {dag.py:2379} INFO - Sync 2 DAGs
[2022-08-10 11:04:38,521] {logging_mixin.py:115} INFO - [2022-08-10 11:04:38,521] {dag.py:2923} INFO - Setting next_dagrun for example_subdag_operator.section-1 to None, run_after=None
[2022-08-10 11:04:38,522] {logging_mixin.py:115} INFO - [2022-08-10 11:04:38,522] {dag.py:2923} INFO - Setting next_dagrun for example_subdag_operator.section-2 to None, run_after=None
[2022-08-10 11:04:38,540] {processor.py:161} INFO - Processing /home/oury/.local/lib/python3.10/site-packages/airflow/example_dags/example_subdag_operator.py took 0.157 seconds
[2022-08-10 11:05:14,638] {processor.py:153} INFO - Started process (PID=8962) to work on /home/oury/.local/lib/python3.10/site-packages/airflow/example_dags/example_subdag_operator.py
[2022-08-10 11:05:14,639] {processor.py:641} INFO - Processing file /home/oury/.local/lib/python3.10/site-packages/airflow/example_dags/example_subdag_operator.py for tasks to queue
[2022-08-10 11:05:14,639] {logging_mixin.py:115} INFO - [2022-08-10 11:05:14,639] {dagbag.py:507} INFO - Filling up the DagBag from /home/oury/.local/lib/python3.10/site-packages/airflow/example_dags/example_subdag_operator.py
[2022-08-10 11:05:14,660] {processor.py:651} INFO - DAG(s) dict_keys(['example_subdag_operator.section-1', 'example_subdag_operator.section-2', 'example_subdag_operator']) retrieved from /home/oury/.local/lib/python3.10/site-packages/airflow/example_dags/example_subdag_operator.py
[2022-08-10 11:05:14,691] {logging_mixin.py:115} INFO - [2022-08-10 11:05:14,691] {dag.py:2379} INFO - Sync 3 DAGs
[2022-08-10 11:05:14,711] {logging_mixin.py:115} INFO - [2022-08-10 11:05:14,710] {dag.py:2923} INFO - Setting next_dagrun for example_subdag_operator to 2022-08-08T00:00:00+00:00, run_after=2022-08-08T00:00:00+00:00
[2022-08-10 11:05:14,711] {logging_mixin.py:115} INFO - [2022-08-10 11:05:14,711] {dag.py:2923} INFO - Setting next_dagrun for example_subdag_operator.section-1 to None, run_after=None
[2022-08-10 11:05:14,711] {logging_mixin.py:115} INFO - [2022-08-10 11:05:14,711] {dag.py:2923} INFO - Setting next_dagrun for example_subdag_operator.section-2 to None, run_after=None
[2022-08-10 11:05:14,716] {logging_mixin.py:115} INFO - [2022-08-10 11:05:14,716] {dag.py:2379} INFO - Sync 2 DAGs
[2022-08-10 11:05:14,722] {logging_mixin.py:115} INFO - [2022-08-10 11:05:14,722] {dag.py:2923} INFO - Setting next_dagrun for example_subdag_operator.section-1 to None, run_after=None
[2022-08-10 11:05:14,723] {logging_mixin.py:115} INFO - [2022-08-10 11:05:14,723] {dag.py:2923} INFO - Setting next_dagrun for example_subdag_operator.section-2 to None, run_after=None
[2022-08-10 11:05:14,733] {processor.py:161} INFO - Processing /home/oury/.local/lib/python3.10/site-packages/airflow/example_dags/example_subdag_operator.py took 0.097 seconds
[2022-08-10 11:05:56,269] {processor.py:153} INFO - Started process (PID=9525) to work on /home/oury/.local/lib/python3.10/site-packages/airflow/example_dags/example_subdag_operator.py
[2022-08-10 11:05:56,277] {processor.py:641} INFO - Processing file /home/oury/.local/lib/python3.10/site-packages/airflow/example_dags/example_subdag_operator.py for tasks to queue
[2022-08-10 11:05:56,278] {logging_mixin.py:115} INFO - [2022-08-10 11:05:56,278] {dagbag.py:507} INFO - Filling up the DagBag from /home/oury/.local/lib/python3.10/site-packages/airflow/example_dags/example_subdag_operator.py
[2022-08-10 11:05:56,331] {processor.py:651} INFO - DAG(s) dict_keys(['example_subdag_operator.section-1', 'example_subdag_operator.section-2', 'example_subdag_operator']) retrieved from /home/oury/.local/lib/python3.10/site-packages/airflow/example_dags/example_subdag_operator.py
[2022-08-10 11:05:56,585] {logging_mixin.py:115} INFO - [2022-08-10 11:05:56,585] {dag.py:2379} INFO - Sync 3 DAGs
[2022-08-10 11:05:56,613] {logging_mixin.py:115} INFO - [2022-08-10 11:05:56,613] {dag.py:2923} INFO - Setting next_dagrun for example_subdag_operator to 2022-08-08T00:00:00+00:00, run_after=2022-08-08T00:00:00+00:00
[2022-08-10 11:05:56,613] {logging_mixin.py:115} INFO - [2022-08-10 11:05:56,613] {dag.py:2923} INFO - Setting next_dagrun for example_subdag_operator.section-1 to None, run_after=None
[2022-08-10 11:05:56,613] {logging_mixin.py:115} INFO - [2022-08-10 11:05:56,613] {dag.py:2923} INFO - Setting next_dagrun for example_subdag_operator.section-2 to None, run_after=None
[2022-08-10 11:05:56,621] {logging_mixin.py:115} INFO - [2022-08-10 11:05:56,621] {dag.py:2379} INFO - Sync 2 DAGs
[2022-08-10 11:05:56,631] {logging_mixin.py:115} INFO - [2022-08-10 11:05:56,631] {dag.py:2923} INFO - Setting next_dagrun for example_subdag_operator.section-1 to None, run_after=None
[2022-08-10 11:05:56,631] {logging_mixin.py:115} INFO - [2022-08-10 11:05:56,631] {dag.py:2923} INFO - Setting next_dagrun for example_subdag_operator.section-2 to None, run_after=None
[2022-08-10 11:05:56,668] {processor.py:161} INFO - Processing /home/oury/.local/lib/python3.10/site-packages/airflow/example_dags/example_subdag_operator.py took 0.412 seconds
[2022-08-10 11:06:38,224] {processor.py:153} INFO - Started process (PID=9594) to work on /home/oury/.local/lib/python3.10/site-packages/airflow/example_dags/example_subdag_operator.py
[2022-08-10 11:06:38,225] {processor.py:641} INFO - Processing file /home/oury/.local/lib/python3.10/site-packages/airflow/example_dags/example_subdag_operator.py for tasks to queue
[2022-08-10 11:06:38,226] {logging_mixin.py:115} INFO - [2022-08-10 11:06:38,226] {dagbag.py:507} INFO - Filling up the DagBag from /home/oury/.local/lib/python3.10/site-packages/airflow/example_dags/example_subdag_operator.py
[2022-08-10 11:06:38,267] {processor.py:651} INFO - DAG(s) dict_keys(['example_subdag_operator.section-1', 'example_subdag_operator.section-2', 'example_subdag_operator']) retrieved from /home/oury/.local/lib/python3.10/site-packages/airflow/example_dags/example_subdag_operator.py
[2022-08-10 11:06:38,315] {logging_mixin.py:115} INFO - [2022-08-10 11:06:38,315] {dag.py:2379} INFO - Sync 3 DAGs
[2022-08-10 11:06:38,370] {logging_mixin.py:115} INFO - [2022-08-10 11:06:38,370] {dag.py:2923} INFO - Setting next_dagrun for example_subdag_operator to 2022-08-08T00:00:00+00:00, run_after=2022-08-08T00:00:00+00:00
[2022-08-10 11:06:38,370] {logging_mixin.py:115} INFO - [2022-08-10 11:06:38,370] {dag.py:2923} INFO - Setting next_dagrun for example_subdag_operator.section-1 to None, run_after=None
[2022-08-10 11:06:38,371] {logging_mixin.py:115} INFO - [2022-08-10 11:06:38,371] {dag.py:2923} INFO - Setting next_dagrun for example_subdag_operator.section-2 to None, run_after=None
[2022-08-10 11:06:38,385] {logging_mixin.py:115} INFO - [2022-08-10 11:06:38,384] {dag.py:2379} INFO - Sync 2 DAGs
[2022-08-10 11:06:38,397] {logging_mixin.py:115} INFO - [2022-08-10 11:06:38,397] {dag.py:2923} INFO - Setting next_dagrun for example_subdag_operator.section-1 to None, run_after=None
[2022-08-10 11:06:38,397] {logging_mixin.py:115} INFO - [2022-08-10 11:06:38,397] {dag.py:2923} INFO - Setting next_dagrun for example_subdag_operator.section-2 to None, run_after=None
[2022-08-10 11:06:38,428] {processor.py:161} INFO - Processing /home/oury/.local/lib/python3.10/site-packages/airflow/example_dags/example_subdag_operator.py took 0.208 seconds
[2022-08-10 11:07:16,626] {processor.py:153} INFO - Started process (PID=9660) to work on /home/oury/.local/lib/python3.10/site-packages/airflow/example_dags/example_subdag_operator.py
[2022-08-10 11:07:16,626] {processor.py:641} INFO - Processing file /home/oury/.local/lib/python3.10/site-packages/airflow/example_dags/example_subdag_operator.py for tasks to queue
[2022-08-10 11:07:16,627] {logging_mixin.py:115} INFO - [2022-08-10 11:07:16,627] {dagbag.py:507} INFO - Filling up the DagBag from /home/oury/.local/lib/python3.10/site-packages/airflow/example_dags/example_subdag_operator.py
[2022-08-10 11:07:16,643] {processor.py:651} INFO - DAG(s) dict_keys(['example_subdag_operator.section-1', 'example_subdag_operator.section-2', 'example_subdag_operator']) retrieved from /home/oury/.local/lib/python3.10/site-packages/airflow/example_dags/example_subdag_operator.py
[2022-08-10 11:07:16,667] {logging_mixin.py:115} INFO - [2022-08-10 11:07:16,667] {dag.py:2379} INFO - Sync 3 DAGs
[2022-08-10 11:07:16,682] {logging_mixin.py:115} INFO - [2022-08-10 11:07:16,681] {dag.py:2923} INFO - Setting next_dagrun for example_subdag_operator to 2022-08-08T00:00:00+00:00, run_after=2022-08-08T00:00:00+00:00
[2022-08-10 11:07:16,682] {logging_mixin.py:115} INFO - [2022-08-10 11:07:16,682] {dag.py:2923} INFO - Setting next_dagrun for example_subdag_operator.section-1 to None, run_after=None
[2022-08-10 11:07:16,682] {logging_mixin.py:115} INFO - [2022-08-10 11:07:16,682] {dag.py:2923} INFO - Setting next_dagrun for example_subdag_operator.section-2 to None, run_after=None
[2022-08-10 11:07:16,686] {logging_mixin.py:115} INFO - [2022-08-10 11:07:16,686] {dag.py:2379} INFO - Sync 2 DAGs
[2022-08-10 11:07:16,691] {logging_mixin.py:115} INFO - [2022-08-10 11:07:16,691] {dag.py:2923} INFO - Setting next_dagrun for example_subdag_operator.section-1 to None, run_after=None
[2022-08-10 11:07:16,692] {logging_mixin.py:115} INFO - [2022-08-10 11:07:16,692] {dag.py:2923} INFO - Setting next_dagrun for example_subdag_operator.section-2 to None, run_after=None
[2022-08-10 11:07:16,700] {processor.py:161} INFO - Processing /home/oury/.local/lib/python3.10/site-packages/airflow/example_dags/example_subdag_operator.py took 0.076 seconds
[2022-08-10 11:07:59,109] {processor.py:153} INFO - Started process (PID=9729) to work on /home/oury/.local/lib/python3.10/site-packages/airflow/example_dags/example_subdag_operator.py
[2022-08-10 11:07:59,110] {processor.py:641} INFO - Processing file /home/oury/.local/lib/python3.10/site-packages/airflow/example_dags/example_subdag_operator.py for tasks to queue
[2022-08-10 11:07:59,110] {logging_mixin.py:115} INFO - [2022-08-10 11:07:59,110] {dagbag.py:507} INFO - Filling up the DagBag from /home/oury/.local/lib/python3.10/site-packages/airflow/example_dags/example_subdag_operator.py
[2022-08-10 11:07:59,127] {processor.py:651} INFO - DAG(s) dict_keys(['example_subdag_operator.section-1', 'example_subdag_operator.section-2', 'example_subdag_operator']) retrieved from /home/oury/.local/lib/python3.10/site-packages/airflow/example_dags/example_subdag_operator.py
[2022-08-10 11:07:59,151] {logging_mixin.py:115} INFO - [2022-08-10 11:07:59,151] {dag.py:2379} INFO - Sync 3 DAGs
[2022-08-10 11:07:59,166] {logging_mixin.py:115} INFO - [2022-08-10 11:07:59,166] {dag.py:2923} INFO - Setting next_dagrun for example_subdag_operator to 2022-08-08T00:00:00+00:00, run_after=2022-08-08T00:00:00+00:00
[2022-08-10 11:07:59,166] {logging_mixin.py:115} INFO - [2022-08-10 11:07:59,166] {dag.py:2923} INFO - Setting next_dagrun for example_subdag_operator.section-1 to None, run_after=None
[2022-08-10 11:07:59,167] {logging_mixin.py:115} INFO - [2022-08-10 11:07:59,166] {dag.py:2923} INFO - Setting next_dagrun for example_subdag_operator.section-2 to None, run_after=None
[2022-08-10 11:07:59,171] {logging_mixin.py:115} INFO - [2022-08-10 11:07:59,171] {dag.py:2379} INFO - Sync 2 DAGs
[2022-08-10 11:07:59,176] {logging_mixin.py:115} INFO - [2022-08-10 11:07:59,176] {dag.py:2923} INFO - Setting next_dagrun for example_subdag_operator.section-1 to None, run_after=None
[2022-08-10 11:07:59,177] {logging_mixin.py:115} INFO - [2022-08-10 11:07:59,177] {dag.py:2923} INFO - Setting next_dagrun for example_subdag_operator.section-2 to None, run_after=None
[2022-08-10 11:07:59,184] {processor.py:161} INFO - Processing /home/oury/.local/lib/python3.10/site-packages/airflow/example_dags/example_subdag_operator.py took 0.077 seconds
[2022-08-10 11:08:41,395] {processor.py:153} INFO - Started process (PID=9861) to work on /home/oury/.local/lib/python3.10/site-packages/airflow/example_dags/example_subdag_operator.py
[2022-08-10 11:08:41,396] {processor.py:641} INFO - Processing file /home/oury/.local/lib/python3.10/site-packages/airflow/example_dags/example_subdag_operator.py for tasks to queue
[2022-08-10 11:08:41,397] {logging_mixin.py:115} INFO - [2022-08-10 11:08:41,397] {dagbag.py:507} INFO - Filling up the DagBag from /home/oury/.local/lib/python3.10/site-packages/airflow/example_dags/example_subdag_operator.py
[2022-08-10 11:08:41,419] {processor.py:651} INFO - DAG(s) dict_keys(['example_subdag_operator.section-1', 'example_subdag_operator.section-2', 'example_subdag_operator']) retrieved from /home/oury/.local/lib/python3.10/site-packages/airflow/example_dags/example_subdag_operator.py
[2022-08-10 11:08:41,447] {logging_mixin.py:115} INFO - [2022-08-10 11:08:41,447] {dag.py:2379} INFO - Sync 3 DAGs
[2022-08-10 11:08:41,463] {logging_mixin.py:115} INFO - [2022-08-10 11:08:41,463] {dag.py:2923} INFO - Setting next_dagrun for example_subdag_operator to 2022-08-08T00:00:00+00:00, run_after=2022-08-08T00:00:00+00:00
[2022-08-10 11:08:41,464] {logging_mixin.py:115} INFO - [2022-08-10 11:08:41,464] {dag.py:2923} INFO - Setting next_dagrun for example_subdag_operator.section-1 to None, run_after=None
[2022-08-10 11:08:41,464] {logging_mixin.py:115} INFO - [2022-08-10 11:08:41,464] {dag.py:2923} INFO - Setting next_dagrun for example_subdag_operator.section-2 to None, run_after=None
[2022-08-10 11:08:41,468] {logging_mixin.py:115} INFO - [2022-08-10 11:08:41,468] {dag.py:2379} INFO - Sync 2 DAGs
[2022-08-10 11:08:41,475] {logging_mixin.py:115} INFO - [2022-08-10 11:08:41,475] {dag.py:2923} INFO - Setting next_dagrun for example_subdag_operator.section-1 to None, run_after=None
[2022-08-10 11:08:41,475] {logging_mixin.py:115} INFO - [2022-08-10 11:08:41,475] {dag.py:2923} INFO - Setting next_dagrun for example_subdag_operator.section-2 to None, run_after=None
[2022-08-10 11:08:41,483] {processor.py:161} INFO - Processing /home/oury/.local/lib/python3.10/site-packages/airflow/example_dags/example_subdag_operator.py took 0.092 seconds
[2022-08-10 11:09:16,817] {processor.py:153} INFO - Started process (PID=9922) to work on /home/oury/.local/lib/python3.10/site-packages/airflow/example_dags/example_subdag_operator.py
[2022-08-10 11:09:16,818] {processor.py:641} INFO - Processing file /home/oury/.local/lib/python3.10/site-packages/airflow/example_dags/example_subdag_operator.py for tasks to queue
[2022-08-10 11:09:16,818] {logging_mixin.py:115} INFO - [2022-08-10 11:09:16,818] {dagbag.py:507} INFO - Filling up the DagBag from /home/oury/.local/lib/python3.10/site-packages/airflow/example_dags/example_subdag_operator.py
[2022-08-10 11:09:16,835] {processor.py:651} INFO - DAG(s) dict_keys(['example_subdag_operator.section-1', 'example_subdag_operator.section-2', 'example_subdag_operator']) retrieved from /home/oury/.local/lib/python3.10/site-packages/airflow/example_dags/example_subdag_operator.py
[2022-08-10 11:09:16,859] {logging_mixin.py:115} INFO - [2022-08-10 11:09:16,859] {dag.py:2379} INFO - Sync 3 DAGs
[2022-08-10 11:09:16,874] {logging_mixin.py:115} INFO - [2022-08-10 11:09:16,874] {dag.py:2923} INFO - Setting next_dagrun for example_subdag_operator to 2022-08-08T00:00:00+00:00, run_after=2022-08-08T00:00:00+00:00
[2022-08-10 11:09:16,874] {logging_mixin.py:115} INFO - [2022-08-10 11:09:16,874] {dag.py:2923} INFO - Setting next_dagrun for example_subdag_operator.section-1 to None, run_after=None
[2022-08-10 11:09:16,874] {logging_mixin.py:115} INFO - [2022-08-10 11:09:16,874] {dag.py:2923} INFO - Setting next_dagrun for example_subdag_operator.section-2 to None, run_after=None
[2022-08-10 11:09:16,881] {logging_mixin.py:115} INFO - [2022-08-10 11:09:16,881] {dag.py:2379} INFO - Sync 2 DAGs
[2022-08-10 11:09:16,884] {logging_mixin.py:115} INFO - [2022-08-10 11:09:16,884] {dag.py:2923} INFO - Setting next_dagrun for example_subdag_operator.section-1 to None, run_after=None
[2022-08-10 11:09:16,884] {logging_mixin.py:115} INFO - [2022-08-10 11:09:16,884] {dag.py:2923} INFO - Setting next_dagrun for example_subdag_operator.section-2 to None, run_after=None
[2022-08-10 11:09:16,892] {processor.py:161} INFO - Processing /home/oury/.local/lib/python3.10/site-packages/airflow/example_dags/example_subdag_operator.py took 0.078 seconds
[2022-08-10 11:09:53,157] {processor.py:153} INFO - Started process (PID=9977) to work on /home/oury/.local/lib/python3.10/site-packages/airflow/example_dags/example_subdag_operator.py
[2022-08-10 11:09:53,158] {processor.py:641} INFO - Processing file /home/oury/.local/lib/python3.10/site-packages/airflow/example_dags/example_subdag_operator.py for tasks to queue
[2022-08-10 11:09:53,158] {logging_mixin.py:115} INFO - [2022-08-10 11:09:53,158] {dagbag.py:507} INFO - Filling up the DagBag from /home/oury/.local/lib/python3.10/site-packages/airflow/example_dags/example_subdag_operator.py
[2022-08-10 11:09:53,175] {processor.py:651} INFO - DAG(s) dict_keys(['example_subdag_operator.section-1', 'example_subdag_operator.section-2', 'example_subdag_operator']) retrieved from /home/oury/.local/lib/python3.10/site-packages/airflow/example_dags/example_subdag_operator.py
[2022-08-10 11:09:53,200] {logging_mixin.py:115} INFO - [2022-08-10 11:09:53,200] {dag.py:2379} INFO - Sync 3 DAGs
[2022-08-10 11:09:53,215] {logging_mixin.py:115} INFO - [2022-08-10 11:09:53,215] {dag.py:2923} INFO - Setting next_dagrun for example_subdag_operator to 2022-08-08T00:00:00+00:00, run_after=2022-08-08T00:00:00+00:00
[2022-08-10 11:09:53,215] {logging_mixin.py:115} INFO - [2022-08-10 11:09:53,215] {dag.py:2923} INFO - Setting next_dagrun for example_subdag_operator.section-1 to None, run_after=None
[2022-08-10 11:09:53,215] {logging_mixin.py:115} INFO - [2022-08-10 11:09:53,215] {dag.py:2923} INFO - Setting next_dagrun for example_subdag_operator.section-2 to None, run_after=None
[2022-08-10 11:09:53,223] {logging_mixin.py:115} INFO - [2022-08-10 11:09:53,222] {dag.py:2379} INFO - Sync 2 DAGs
[2022-08-10 11:09:53,226] {logging_mixin.py:115} INFO - [2022-08-10 11:09:53,226] {dag.py:2923} INFO - Setting next_dagrun for example_subdag_operator.section-1 to None, run_after=None
[2022-08-10 11:09:53,226] {logging_mixin.py:115} INFO - [2022-08-10 11:09:53,226] {dag.py:2923} INFO - Setting next_dagrun for example_subdag_operator.section-2 to None, run_after=None
[2022-08-10 11:09:53,235] {processor.py:161} INFO - Processing /home/oury/.local/lib/python3.10/site-packages/airflow/example_dags/example_subdag_operator.py took 0.080 seconds
[2022-08-10 11:10:34,642] {processor.py:153} INFO - Started process (PID=10046) to work on /home/oury/.local/lib/python3.10/site-packages/airflow/example_dags/example_subdag_operator.py
[2022-08-10 11:10:34,642] {processor.py:641} INFO - Processing file /home/oury/.local/lib/python3.10/site-packages/airflow/example_dags/example_subdag_operator.py for tasks to queue
[2022-08-10 11:10:34,643] {logging_mixin.py:115} INFO - [2022-08-10 11:10:34,643] {dagbag.py:507} INFO - Filling up the DagBag from /home/oury/.local/lib/python3.10/site-packages/airflow/example_dags/example_subdag_operator.py
[2022-08-10 11:10:34,660] {processor.py:651} INFO - DAG(s) dict_keys(['example_subdag_operator.section-1', 'example_subdag_operator.section-2', 'example_subdag_operator']) retrieved from /home/oury/.local/lib/python3.10/site-packages/airflow/example_dags/example_subdag_operator.py
[2022-08-10 11:10:34,691] {logging_mixin.py:115} INFO - [2022-08-10 11:10:34,691] {dag.py:2379} INFO - Sync 3 DAGs
[2022-08-10 11:10:34,706] {logging_mixin.py:115} INFO - [2022-08-10 11:10:34,706] {dag.py:2923} INFO - Setting next_dagrun for example_subdag_operator to 2022-08-08T00:00:00+00:00, run_after=2022-08-08T00:00:00+00:00
[2022-08-10 11:10:34,706] {logging_mixin.py:115} INFO - [2022-08-10 11:10:34,706] {dag.py:2923} INFO - Setting next_dagrun for example_subdag_operator.section-1 to None, run_after=None
[2022-08-10 11:10:34,706] {logging_mixin.py:115} INFO - [2022-08-10 11:10:34,706] {dag.py:2923} INFO - Setting next_dagrun for example_subdag_operator.section-2 to None, run_after=None
[2022-08-10 11:10:34,713] {logging_mixin.py:115} INFO - [2022-08-10 11:10:34,713] {dag.py:2379} INFO - Sync 2 DAGs
[2022-08-10 11:10:34,716] {logging_mixin.py:115} INFO - [2022-08-10 11:10:34,716] {dag.py:2923} INFO - Setting next_dagrun for example_subdag_operator.section-1 to None, run_after=None
[2022-08-10 11:10:34,716] {logging_mixin.py:115} INFO - [2022-08-10 11:10:34,716] {dag.py:2923} INFO - Setting next_dagrun for example_subdag_operator.section-2 to None, run_after=None
[2022-08-10 11:10:34,724] {processor.py:161} INFO - Processing /home/oury/.local/lib/python3.10/site-packages/airflow/example_dags/example_subdag_operator.py took 0.085 seconds
[2022-08-10 11:11:22,609] {processor.py:153} INFO - Started process (PID=10105) to work on /home/oury/.local/lib/python3.10/site-packages/airflow/example_dags/example_subdag_operator.py
[2022-08-10 11:11:22,610] {processor.py:641} INFO - Processing file /home/oury/.local/lib/python3.10/site-packages/airflow/example_dags/example_subdag_operator.py for tasks to queue
[2022-08-10 11:11:22,610] {logging_mixin.py:115} INFO - [2022-08-10 11:11:22,610] {dagbag.py:507} INFO - Filling up the DagBag from /home/oury/.local/lib/python3.10/site-packages/airflow/example_dags/example_subdag_operator.py
[2022-08-10 11:11:22,627] {processor.py:651} INFO - DAG(s) dict_keys(['example_subdag_operator.section-1', 'example_subdag_operator.section-2', 'example_subdag_operator']) retrieved from /home/oury/.local/lib/python3.10/site-packages/airflow/example_dags/example_subdag_operator.py
[2022-08-10 11:11:22,651] {logging_mixin.py:115} INFO - [2022-08-10 11:11:22,651] {dag.py:2379} INFO - Sync 3 DAGs
[2022-08-10 11:11:22,666] {logging_mixin.py:115} INFO - [2022-08-10 11:11:22,666] {dag.py:2923} INFO - Setting next_dagrun for example_subdag_operator to 2022-08-08T00:00:00+00:00, run_after=2022-08-08T00:00:00+00:00
[2022-08-10 11:11:22,666] {logging_mixin.py:115} INFO - [2022-08-10 11:11:22,666] {dag.py:2923} INFO - Setting next_dagrun for example_subdag_operator.section-1 to None, run_after=None
[2022-08-10 11:11:22,666] {logging_mixin.py:115} INFO - [2022-08-10 11:11:22,666] {dag.py:2923} INFO - Setting next_dagrun for example_subdag_operator.section-2 to None, run_after=None
[2022-08-10 11:11:22,671] {logging_mixin.py:115} INFO - [2022-08-10 11:11:22,671] {dag.py:2379} INFO - Sync 2 DAGs
[2022-08-10 11:11:22,677] {logging_mixin.py:115} INFO - [2022-08-10 11:11:22,677] {dag.py:2923} INFO - Setting next_dagrun for example_subdag_operator.section-1 to None, run_after=None
[2022-08-10 11:11:22,677] {logging_mixin.py:115} INFO - [2022-08-10 11:11:22,677] {dag.py:2923} INFO - Setting next_dagrun for example_subdag_operator.section-2 to None, run_after=None
[2022-08-10 11:11:22,685] {processor.py:161} INFO - Processing /home/oury/.local/lib/python3.10/site-packages/airflow/example_dags/example_subdag_operator.py took 0.078 seconds
[2022-08-10 11:12:13,917] {processor.py:153} INFO - Started process (PID=10190) to work on /home/oury/.local/lib/python3.10/site-packages/airflow/example_dags/example_subdag_operator.py
[2022-08-10 11:12:13,918] {processor.py:641} INFO - Processing file /home/oury/.local/lib/python3.10/site-packages/airflow/example_dags/example_subdag_operator.py for tasks to queue
[2022-08-10 11:12:13,919] {logging_mixin.py:115} INFO - [2022-08-10 11:12:13,919] {dagbag.py:507} INFO - Filling up the DagBag from /home/oury/.local/lib/python3.10/site-packages/airflow/example_dags/example_subdag_operator.py
[2022-08-10 11:12:13,936] {processor.py:651} INFO - DAG(s) dict_keys(['example_subdag_operator.section-1', 'example_subdag_operator.section-2', 'example_subdag_operator']) retrieved from /home/oury/.local/lib/python3.10/site-packages/airflow/example_dags/example_subdag_operator.py
[2022-08-10 11:12:14,016] {logging_mixin.py:115} INFO - [2022-08-10 11:12:14,016] {dag.py:2379} INFO - Sync 3 DAGs
[2022-08-10 11:12:14,031] {logging_mixin.py:115} INFO - [2022-08-10 11:12:14,031] {dag.py:2923} INFO - Setting next_dagrun for example_subdag_operator to 2022-08-08T00:00:00+00:00, run_after=2022-08-08T00:00:00+00:00
[2022-08-10 11:12:14,031] {logging_mixin.py:115} INFO - [2022-08-10 11:12:14,031] {dag.py:2923} INFO - Setting next_dagrun for example_subdag_operator.section-1 to None, run_after=None
[2022-08-10 11:12:14,031] {logging_mixin.py:115} INFO - [2022-08-10 11:12:14,031] {dag.py:2923} INFO - Setting next_dagrun for example_subdag_operator.section-2 to None, run_after=None
[2022-08-10 11:12:14,036] {logging_mixin.py:115} INFO - [2022-08-10 11:12:14,036] {dag.py:2379} INFO - Sync 2 DAGs
[2022-08-10 11:12:14,041] {logging_mixin.py:115} INFO - [2022-08-10 11:12:14,041] {dag.py:2923} INFO - Setting next_dagrun for example_subdag_operator.section-1 to None, run_after=None
[2022-08-10 11:12:14,041] {logging_mixin.py:115} INFO - [2022-08-10 11:12:14,041] {dag.py:2923} INFO - Setting next_dagrun for example_subdag_operator.section-2 to None, run_after=None
[2022-08-10 11:12:14,049] {processor.py:161} INFO - Processing /home/oury/.local/lib/python3.10/site-packages/airflow/example_dags/example_subdag_operator.py took 0.134 seconds
[2022-08-10 11:12:53,021] {processor.py:153} INFO - Started process (PID=10240) to work on /home/oury/.local/lib/python3.10/site-packages/airflow/example_dags/example_subdag_operator.py
[2022-08-10 11:12:53,021] {processor.py:641} INFO - Processing file /home/oury/.local/lib/python3.10/site-packages/airflow/example_dags/example_subdag_operator.py for tasks to queue
[2022-08-10 11:12:53,022] {logging_mixin.py:115} INFO - [2022-08-10 11:12:53,022] {dagbag.py:507} INFO - Filling up the DagBag from /home/oury/.local/lib/python3.10/site-packages/airflow/example_dags/example_subdag_operator.py
[2022-08-10 11:12:53,047] {processor.py:651} INFO - DAG(s) dict_keys(['example_subdag_operator.section-1', 'example_subdag_operator.section-2', 'example_subdag_operator']) retrieved from /home/oury/.local/lib/python3.10/site-packages/airflow/example_dags/example_subdag_operator.py
[2022-08-10 11:12:53,072] {logging_mixin.py:115} INFO - [2022-08-10 11:12:53,071] {dag.py:2379} INFO - Sync 3 DAGs
[2022-08-10 11:12:53,087] {logging_mixin.py:115} INFO - [2022-08-10 11:12:53,087] {dag.py:2923} INFO - Setting next_dagrun for example_subdag_operator to 2022-08-08T00:00:00+00:00, run_after=2022-08-08T00:00:00+00:00
[2022-08-10 11:12:53,087] {logging_mixin.py:115} INFO - [2022-08-10 11:12:53,087] {dag.py:2923} INFO - Setting next_dagrun for example_subdag_operator.section-1 to None, run_after=None
[2022-08-10 11:12:53,087] {logging_mixin.py:115} INFO - [2022-08-10 11:12:53,087] {dag.py:2923} INFO - Setting next_dagrun for example_subdag_operator.section-2 to None, run_after=None
[2022-08-10 11:12:53,092] {logging_mixin.py:115} INFO - [2022-08-10 11:12:53,092] {dag.py:2379} INFO - Sync 2 DAGs
[2022-08-10 11:12:53,098] {logging_mixin.py:115} INFO - [2022-08-10 11:12:53,098] {dag.py:2923} INFO - Setting next_dagrun for example_subdag_operator.section-1 to None, run_after=None
[2022-08-10 11:12:53,098] {logging_mixin.py:115} INFO - [2022-08-10 11:12:53,098] {dag.py:2923} INFO - Setting next_dagrun for example_subdag_operator.section-2 to None, run_after=None
[2022-08-10 11:12:53,107] {processor.py:161} INFO - Processing /home/oury/.local/lib/python3.10/site-packages/airflow/example_dags/example_subdag_operator.py took 0.089 seconds
[2022-08-10 11:13:32,558] {processor.py:153} INFO - Started process (PID=10301) to work on /home/oury/.local/lib/python3.10/site-packages/airflow/example_dags/example_subdag_operator.py
[2022-08-10 11:13:32,558] {processor.py:641} INFO - Processing file /home/oury/.local/lib/python3.10/site-packages/airflow/example_dags/example_subdag_operator.py for tasks to queue
[2022-08-10 11:13:32,559] {logging_mixin.py:115} INFO - [2022-08-10 11:13:32,559] {dagbag.py:507} INFO - Filling up the DagBag from /home/oury/.local/lib/python3.10/site-packages/airflow/example_dags/example_subdag_operator.py
[2022-08-10 11:13:32,575] {processor.py:651} INFO - DAG(s) dict_keys(['example_subdag_operator.section-1', 'example_subdag_operator.section-2', 'example_subdag_operator']) retrieved from /home/oury/.local/lib/python3.10/site-packages/airflow/example_dags/example_subdag_operator.py
[2022-08-10 11:13:32,686] {logging_mixin.py:115} INFO - [2022-08-10 11:13:32,686] {dag.py:2379} INFO - Sync 3 DAGs
[2022-08-10 11:13:32,702] {logging_mixin.py:115} INFO - [2022-08-10 11:13:32,701] {dag.py:2923} INFO - Setting next_dagrun for example_subdag_operator to 2022-08-08T00:00:00+00:00, run_after=2022-08-08T00:00:00+00:00
[2022-08-10 11:13:32,702] {logging_mixin.py:115} INFO - [2022-08-10 11:13:32,702] {dag.py:2923} INFO - Setting next_dagrun for example_subdag_operator.section-1 to None, run_after=None
[2022-08-10 11:13:32,702] {logging_mixin.py:115} INFO - [2022-08-10 11:13:32,702] {dag.py:2923} INFO - Setting next_dagrun for example_subdag_operator.section-2 to None, run_after=None
[2022-08-10 11:13:32,706] {logging_mixin.py:115} INFO - [2022-08-10 11:13:32,706] {dag.py:2379} INFO - Sync 2 DAGs
[2022-08-10 11:13:32,712] {logging_mixin.py:115} INFO - [2022-08-10 11:13:32,712] {dag.py:2923} INFO - Setting next_dagrun for example_subdag_operator.section-1 to None, run_after=None
[2022-08-10 11:13:32,712] {logging_mixin.py:115} INFO - [2022-08-10 11:13:32,712] {dag.py:2923} INFO - Setting next_dagrun for example_subdag_operator.section-2 to None, run_after=None
[2022-08-10 11:13:32,720] {processor.py:161} INFO - Processing /home/oury/.local/lib/python3.10/site-packages/airflow/example_dags/example_subdag_operator.py took 0.165 seconds
[2022-08-10 11:14:08,264] {processor.py:153} INFO - Started process (PID=10346) to work on /home/oury/.local/lib/python3.10/site-packages/airflow/example_dags/example_subdag_operator.py
[2022-08-10 11:14:08,265] {processor.py:641} INFO - Processing file /home/oury/.local/lib/python3.10/site-packages/airflow/example_dags/example_subdag_operator.py for tasks to queue
[2022-08-10 11:14:08,265] {logging_mixin.py:115} INFO - [2022-08-10 11:14:08,265] {dagbag.py:507} INFO - Filling up the DagBag from /home/oury/.local/lib/python3.10/site-packages/airflow/example_dags/example_subdag_operator.py
[2022-08-10 11:14:08,282] {processor.py:651} INFO - DAG(s) dict_keys(['example_subdag_operator.section-1', 'example_subdag_operator.section-2', 'example_subdag_operator']) retrieved from /home/oury/.local/lib/python3.10/site-packages/airflow/example_dags/example_subdag_operator.py
[2022-08-10 11:14:08,306] {logging_mixin.py:115} INFO - [2022-08-10 11:14:08,306] {dag.py:2379} INFO - Sync 3 DAGs
[2022-08-10 11:14:08,321] {logging_mixin.py:115} INFO - [2022-08-10 11:14:08,321] {dag.py:2923} INFO - Setting next_dagrun for example_subdag_operator to 2022-08-08T00:00:00+00:00, run_after=2022-08-08T00:00:00+00:00
[2022-08-10 11:14:08,321] {logging_mixin.py:115} INFO - [2022-08-10 11:14:08,321] {dag.py:2923} INFO - Setting next_dagrun for example_subdag_operator.section-1 to None, run_after=None
[2022-08-10 11:14:08,321] {logging_mixin.py:115} INFO - [2022-08-10 11:14:08,321] {dag.py:2923} INFO - Setting next_dagrun for example_subdag_operator.section-2 to None, run_after=None
[2022-08-10 11:14:08,326] {logging_mixin.py:115} INFO - [2022-08-10 11:14:08,326] {dag.py:2379} INFO - Sync 2 DAGs
[2022-08-10 11:14:08,331] {logging_mixin.py:115} INFO - [2022-08-10 11:14:08,331] {dag.py:2923} INFO - Setting next_dagrun for example_subdag_operator.section-1 to None, run_after=None
[2022-08-10 11:14:08,331] {logging_mixin.py:115} INFO - [2022-08-10 11:14:08,331] {dag.py:2923} INFO - Setting next_dagrun for example_subdag_operator.section-2 to None, run_after=None
[2022-08-10 11:14:08,340] {processor.py:161} INFO - Processing /home/oury/.local/lib/python3.10/site-packages/airflow/example_dags/example_subdag_operator.py took 0.078 seconds
[2022-08-10 11:14:50,980] {processor.py:153} INFO - Started process (PID=10407) to work on /home/oury/.local/lib/python3.10/site-packages/airflow/example_dags/example_subdag_operator.py
[2022-08-10 11:14:50,981] {processor.py:641} INFO - Processing file /home/oury/.local/lib/python3.10/site-packages/airflow/example_dags/example_subdag_operator.py for tasks to queue
[2022-08-10 11:14:50,981] {logging_mixin.py:115} INFO - [2022-08-10 11:14:50,981] {dagbag.py:507} INFO - Filling up the DagBag from /home/oury/.local/lib/python3.10/site-packages/airflow/example_dags/example_subdag_operator.py
[2022-08-10 11:14:50,998] {processor.py:651} INFO - DAG(s) dict_keys(['example_subdag_operator.section-1', 'example_subdag_operator.section-2', 'example_subdag_operator']) retrieved from /home/oury/.local/lib/python3.10/site-packages/airflow/example_dags/example_subdag_operator.py
[2022-08-10 11:14:51,021] {logging_mixin.py:115} INFO - [2022-08-10 11:14:51,021] {dag.py:2379} INFO - Sync 3 DAGs
[2022-08-10 11:14:51,037] {logging_mixin.py:115} INFO - [2022-08-10 11:14:51,037] {dag.py:2923} INFO - Setting next_dagrun for example_subdag_operator to 2022-08-08T00:00:00+00:00, run_after=2022-08-08T00:00:00+00:00
[2022-08-10 11:14:51,037] {logging_mixin.py:115} INFO - [2022-08-10 11:14:51,037] {dag.py:2923} INFO - Setting next_dagrun for example_subdag_operator.section-1 to None, run_after=None
[2022-08-10 11:14:51,037] {logging_mixin.py:115} INFO - [2022-08-10 11:14:51,037] {dag.py:2923} INFO - Setting next_dagrun for example_subdag_operator.section-2 to None, run_after=None
[2022-08-10 11:14:51,042] {logging_mixin.py:115} INFO - [2022-08-10 11:14:51,042] {dag.py:2379} INFO - Sync 2 DAGs
[2022-08-10 11:14:51,047] {logging_mixin.py:115} INFO - [2022-08-10 11:14:51,047] {dag.py:2923} INFO - Setting next_dagrun for example_subdag_operator.section-1 to None, run_after=None
[2022-08-10 11:14:51,047] {logging_mixin.py:115} INFO - [2022-08-10 11:14:51,047] {dag.py:2923} INFO - Setting next_dagrun for example_subdag_operator.section-2 to None, run_after=None
[2022-08-10 11:14:51,055] {processor.py:161} INFO - Processing /home/oury/.local/lib/python3.10/site-packages/airflow/example_dags/example_subdag_operator.py took 0.077 seconds
[2022-08-10 11:15:27,530] {processor.py:153} INFO - Started process (PID=10450) to work on /home/oury/.local/lib/python3.10/site-packages/airflow/example_dags/example_subdag_operator.py
[2022-08-10 11:15:27,541] {processor.py:641} INFO - Processing file /home/oury/.local/lib/python3.10/site-packages/airflow/example_dags/example_subdag_operator.py for tasks to queue
[2022-08-10 11:15:27,542] {logging_mixin.py:115} INFO - [2022-08-10 11:15:27,542] {dagbag.py:507} INFO - Filling up the DagBag from /home/oury/.local/lib/python3.10/site-packages/airflow/example_dags/example_subdag_operator.py
[2022-08-10 11:15:27,577] {processor.py:651} INFO - DAG(s) dict_keys(['example_subdag_operator.section-1', 'example_subdag_operator.section-2', 'example_subdag_operator']) retrieved from /home/oury/.local/lib/python3.10/site-packages/airflow/example_dags/example_subdag_operator.py
[2022-08-10 11:15:27,696] {logging_mixin.py:115} INFO - [2022-08-10 11:15:27,696] {dag.py:2379} INFO - Sync 3 DAGs
[2022-08-10 11:15:27,738] {logging_mixin.py:115} INFO - [2022-08-10 11:15:27,738] {dag.py:2923} INFO - Setting next_dagrun for example_subdag_operator to 2022-08-08T00:00:00+00:00, run_after=2022-08-08T00:00:00+00:00
[2022-08-10 11:15:27,739] {logging_mixin.py:115} INFO - [2022-08-10 11:15:27,739] {dag.py:2923} INFO - Setting next_dagrun for example_subdag_operator.section-1 to None, run_after=None
[2022-08-10 11:15:27,739] {logging_mixin.py:115} INFO - [2022-08-10 11:15:27,739] {dag.py:2923} INFO - Setting next_dagrun for example_subdag_operator.section-2 to None, run_after=None
[2022-08-10 11:15:27,749] {logging_mixin.py:115} INFO - [2022-08-10 11:15:27,749] {dag.py:2379} INFO - Sync 2 DAGs
[2022-08-10 11:15:27,759] {logging_mixin.py:115} INFO - [2022-08-10 11:15:27,759] {dag.py:2923} INFO - Setting next_dagrun for example_subdag_operator.section-1 to None, run_after=None
[2022-08-10 11:15:27,759] {logging_mixin.py:115} INFO - [2022-08-10 11:15:27,759] {dag.py:2923} INFO - Setting next_dagrun for example_subdag_operator.section-2 to None, run_after=None
[2022-08-10 11:15:27,773] {processor.py:161} INFO - Processing /home/oury/.local/lib/python3.10/site-packages/airflow/example_dags/example_subdag_operator.py took 0.247 seconds
