[2022-08-10 11:03:56,383] {processor.py:153} INFO - Started process (PID=8785) to work on /home/oury/.local/lib/python3.10/site-packages/airflow/example_dags/example_trigger_target_dag.py
[2022-08-10 11:03:56,383] {processor.py:641} INFO - Processing file /home/oury/.local/lib/python3.10/site-packages/airflow/example_dags/example_trigger_target_dag.py for tasks to queue
[2022-08-10 11:03:56,383] {logging_mixin.py:115} INFO - [2022-08-10 11:03:56,383] {dagbag.py:507} INFO - Filling up the DagBag from /home/oury/.local/lib/python3.10/site-packages/airflow/example_dags/example_trigger_target_dag.py
[2022-08-10 11:03:56,399] {processor.py:651} INFO - DAG(s) dict_keys(['example_trigger_target_dag']) retrieved from /home/oury/.local/lib/python3.10/site-packages/airflow/example_dags/example_trigger_target_dag.py
[2022-08-10 11:03:56,537] {logging_mixin.py:115} INFO - [2022-08-10 11:03:56,537] {dag.py:2379} INFO - Sync 1 DAGs
[2022-08-10 11:03:56,542] {logging_mixin.py:115} INFO - [2022-08-10 11:03:56,542] {dag.py:2398} INFO - Creating ORM DAG for example_trigger_target_dag
[2022-08-10 11:03:56,549] {logging_mixin.py:115} INFO - [2022-08-10 11:03:56,549] {dag.py:2923} INFO - Setting next_dagrun for example_trigger_target_dag to None, run_after=None
[2022-08-10 11:03:56,563] {processor.py:161} INFO - Processing /home/oury/.local/lib/python3.10/site-packages/airflow/example_dags/example_trigger_target_dag.py took 0.183 seconds
[2022-08-10 11:04:35,824] {processor.py:153} INFO - Started process (PID=8882) to work on /home/oury/.local/lib/python3.10/site-packages/airflow/example_dags/example_trigger_target_dag.py
[2022-08-10 11:04:35,825] {processor.py:641} INFO - Processing file /home/oury/.local/lib/python3.10/site-packages/airflow/example_dags/example_trigger_target_dag.py for tasks to queue
[2022-08-10 11:04:35,825] {logging_mixin.py:115} INFO - [2022-08-10 11:04:35,825] {dagbag.py:507} INFO - Filling up the DagBag from /home/oury/.local/lib/python3.10/site-packages/airflow/example_dags/example_trigger_target_dag.py
[2022-08-10 11:04:35,839] {processor.py:651} INFO - DAG(s) dict_keys(['example_trigger_target_dag']) retrieved from /home/oury/.local/lib/python3.10/site-packages/airflow/example_dags/example_trigger_target_dag.py
[2022-08-10 11:04:35,851] {logging_mixin.py:115} INFO - [2022-08-10 11:04:35,851] {dag.py:2379} INFO - Sync 1 DAGs
[2022-08-10 11:04:35,868] {logging_mixin.py:115} INFO - [2022-08-10 11:04:35,868] {dag.py:2923} INFO - Setting next_dagrun for example_trigger_target_dag to None, run_after=None
[2022-08-10 11:04:35,879] {processor.py:161} INFO - Processing /home/oury/.local/lib/python3.10/site-packages/airflow/example_dags/example_trigger_target_dag.py took 0.057 seconds
[2022-08-10 11:05:11,875] {processor.py:153} INFO - Started process (PID=8959) to work on /home/oury/.local/lib/python3.10/site-packages/airflow/example_dags/example_trigger_target_dag.py
[2022-08-10 11:05:11,875] {processor.py:641} INFO - Processing file /home/oury/.local/lib/python3.10/site-packages/airflow/example_dags/example_trigger_target_dag.py for tasks to queue
[2022-08-10 11:05:11,875] {logging_mixin.py:115} INFO - [2022-08-10 11:05:11,875] {dagbag.py:507} INFO - Filling up the DagBag from /home/oury/.local/lib/python3.10/site-packages/airflow/example_dags/example_trigger_target_dag.py
[2022-08-10 11:05:11,892] {processor.py:651} INFO - DAG(s) dict_keys(['example_trigger_target_dag']) retrieved from /home/oury/.local/lib/python3.10/site-packages/airflow/example_dags/example_trigger_target_dag.py
[2022-08-10 11:05:11,909] {logging_mixin.py:115} INFO - [2022-08-10 11:05:11,909] {dag.py:2379} INFO - Sync 1 DAGs
[2022-08-10 11:05:11,937] {logging_mixin.py:115} INFO - [2022-08-10 11:05:11,937] {dag.py:2923} INFO - Setting next_dagrun for example_trigger_target_dag to None, run_after=None
[2022-08-10 11:05:11,953] {processor.py:161} INFO - Processing /home/oury/.local/lib/python3.10/site-packages/airflow/example_dags/example_trigger_target_dag.py took 0.081 seconds
[2022-08-10 11:05:53,300] {processor.py:153} INFO - Started process (PID=9519) to work on /home/oury/.local/lib/python3.10/site-packages/airflow/example_dags/example_trigger_target_dag.py
[2022-08-10 11:05:53,301] {processor.py:641} INFO - Processing file /home/oury/.local/lib/python3.10/site-packages/airflow/example_dags/example_trigger_target_dag.py for tasks to queue
[2022-08-10 11:05:53,302] {logging_mixin.py:115} INFO - [2022-08-10 11:05:53,302] {dagbag.py:507} INFO - Filling up the DagBag from /home/oury/.local/lib/python3.10/site-packages/airflow/example_dags/example_trigger_target_dag.py
[2022-08-10 11:05:53,326] {processor.py:651} INFO - DAG(s) dict_keys(['example_trigger_target_dag']) retrieved from /home/oury/.local/lib/python3.10/site-packages/airflow/example_dags/example_trigger_target_dag.py
[2022-08-10 11:05:53,347] {logging_mixin.py:115} INFO - [2022-08-10 11:05:53,346] {dag.py:2379} INFO - Sync 1 DAGs
[2022-08-10 11:05:53,377] {logging_mixin.py:115} INFO - [2022-08-10 11:05:53,377] {dag.py:2923} INFO - Setting next_dagrun for example_trigger_target_dag to None, run_after=None
[2022-08-10 11:05:53,404] {processor.py:161} INFO - Processing /home/oury/.local/lib/python3.10/site-packages/airflow/example_dags/example_trigger_target_dag.py took 0.108 seconds
[2022-08-10 11:06:34,810] {processor.py:153} INFO - Started process (PID=9587) to work on /home/oury/.local/lib/python3.10/site-packages/airflow/example_dags/example_trigger_target_dag.py
[2022-08-10 11:06:34,811] {processor.py:641} INFO - Processing file /home/oury/.local/lib/python3.10/site-packages/airflow/example_dags/example_trigger_target_dag.py for tasks to queue
[2022-08-10 11:06:34,811] {logging_mixin.py:115} INFO - [2022-08-10 11:06:34,811] {dagbag.py:507} INFO - Filling up the DagBag from /home/oury/.local/lib/python3.10/site-packages/airflow/example_dags/example_trigger_target_dag.py
[2022-08-10 11:06:34,827] {processor.py:651} INFO - DAG(s) dict_keys(['example_trigger_target_dag']) retrieved from /home/oury/.local/lib/python3.10/site-packages/airflow/example_dags/example_trigger_target_dag.py
[2022-08-10 11:06:34,841] {logging_mixin.py:115} INFO - [2022-08-10 11:06:34,841] {dag.py:2379} INFO - Sync 1 DAGs
[2022-08-10 11:06:34,868] {logging_mixin.py:115} INFO - [2022-08-10 11:06:34,867] {dag.py:2923} INFO - Setting next_dagrun for example_trigger_target_dag to None, run_after=None
[2022-08-10 11:06:34,880] {processor.py:161} INFO - Processing /home/oury/.local/lib/python3.10/site-packages/airflow/example_dags/example_trigger_target_dag.py took 0.072 seconds
[2022-08-10 11:07:15,003] {processor.py:153} INFO - Started process (PID=9655) to work on /home/oury/.local/lib/python3.10/site-packages/airflow/example_dags/example_trigger_target_dag.py
[2022-08-10 11:07:15,004] {processor.py:641} INFO - Processing file /home/oury/.local/lib/python3.10/site-packages/airflow/example_dags/example_trigger_target_dag.py for tasks to queue
[2022-08-10 11:07:15,004] {logging_mixin.py:115} INFO - [2022-08-10 11:07:15,004] {dagbag.py:507} INFO - Filling up the DagBag from /home/oury/.local/lib/python3.10/site-packages/airflow/example_dags/example_trigger_target_dag.py
[2022-08-10 11:07:15,020] {processor.py:651} INFO - DAG(s) dict_keys(['example_trigger_target_dag']) retrieved from /home/oury/.local/lib/python3.10/site-packages/airflow/example_dags/example_trigger_target_dag.py
[2022-08-10 11:07:15,034] {logging_mixin.py:115} INFO - [2022-08-10 11:07:15,034] {dag.py:2379} INFO - Sync 1 DAGs
[2022-08-10 11:07:15,059] {logging_mixin.py:115} INFO - [2022-08-10 11:07:15,059] {dag.py:2923} INFO - Setting next_dagrun for example_trigger_target_dag to None, run_after=None
[2022-08-10 11:07:15,073] {processor.py:161} INFO - Processing /home/oury/.local/lib/python3.10/site-packages/airflow/example_dags/example_trigger_target_dag.py took 0.073 seconds
[2022-08-10 11:07:55,926] {processor.py:153} INFO - Started process (PID=9726) to work on /home/oury/.local/lib/python3.10/site-packages/airflow/example_dags/example_trigger_target_dag.py
[2022-08-10 11:07:55,927] {processor.py:641} INFO - Processing file /home/oury/.local/lib/python3.10/site-packages/airflow/example_dags/example_trigger_target_dag.py for tasks to queue
[2022-08-10 11:07:55,927] {logging_mixin.py:115} INFO - [2022-08-10 11:07:55,927] {dagbag.py:507} INFO - Filling up the DagBag from /home/oury/.local/lib/python3.10/site-packages/airflow/example_dags/example_trigger_target_dag.py
[2022-08-10 11:07:55,941] {processor.py:651} INFO - DAG(s) dict_keys(['example_trigger_target_dag']) retrieved from /home/oury/.local/lib/python3.10/site-packages/airflow/example_dags/example_trigger_target_dag.py
[2022-08-10 11:07:55,953] {logging_mixin.py:115} INFO - [2022-08-10 11:07:55,953] {dag.py:2379} INFO - Sync 1 DAGs
[2022-08-10 11:07:55,977] {logging_mixin.py:115} INFO - [2022-08-10 11:07:55,977] {dag.py:2923} INFO - Setting next_dagrun for example_trigger_target_dag to None, run_after=None
[2022-08-10 11:07:55,988] {processor.py:161} INFO - Processing /home/oury/.local/lib/python3.10/site-packages/airflow/example_dags/example_trigger_target_dag.py took 0.065 seconds
[2022-08-10 11:08:38,690] {processor.py:153} INFO - Started process (PID=9855) to work on /home/oury/.local/lib/python3.10/site-packages/airflow/example_dags/example_trigger_target_dag.py
[2022-08-10 11:08:38,690] {processor.py:641} INFO - Processing file /home/oury/.local/lib/python3.10/site-packages/airflow/example_dags/example_trigger_target_dag.py for tasks to queue
[2022-08-10 11:08:38,691] {logging_mixin.py:115} INFO - [2022-08-10 11:08:38,691] {dagbag.py:507} INFO - Filling up the DagBag from /home/oury/.local/lib/python3.10/site-packages/airflow/example_dags/example_trigger_target_dag.py
[2022-08-10 11:08:38,710] {processor.py:651} INFO - DAG(s) dict_keys(['example_trigger_target_dag']) retrieved from /home/oury/.local/lib/python3.10/site-packages/airflow/example_dags/example_trigger_target_dag.py
[2022-08-10 11:08:38,727] {logging_mixin.py:115} INFO - [2022-08-10 11:08:38,727] {dag.py:2379} INFO - Sync 1 DAGs
[2022-08-10 11:08:38,750] {logging_mixin.py:115} INFO - [2022-08-10 11:08:38,750] {dag.py:2923} INFO - Setting next_dagrun for example_trigger_target_dag to None, run_after=None
[2022-08-10 11:08:38,762] {processor.py:161} INFO - Processing /home/oury/.local/lib/python3.10/site-packages/airflow/example_dags/example_trigger_target_dag.py took 0.076 seconds
[2022-08-10 11:09:14,398] {processor.py:153} INFO - Started process (PID=9917) to work on /home/oury/.local/lib/python3.10/site-packages/airflow/example_dags/example_trigger_target_dag.py
[2022-08-10 11:09:14,398] {processor.py:641} INFO - Processing file /home/oury/.local/lib/python3.10/site-packages/airflow/example_dags/example_trigger_target_dag.py for tasks to queue
[2022-08-10 11:09:14,399] {logging_mixin.py:115} INFO - [2022-08-10 11:09:14,399] {dagbag.py:507} INFO - Filling up the DagBag from /home/oury/.local/lib/python3.10/site-packages/airflow/example_dags/example_trigger_target_dag.py
[2022-08-10 11:09:14,413] {processor.py:651} INFO - DAG(s) dict_keys(['example_trigger_target_dag']) retrieved from /home/oury/.local/lib/python3.10/site-packages/airflow/example_dags/example_trigger_target_dag.py
[2022-08-10 11:09:14,425] {logging_mixin.py:115} INFO - [2022-08-10 11:09:14,425] {dag.py:2379} INFO - Sync 1 DAGs
[2022-08-10 11:09:14,444] {logging_mixin.py:115} INFO - [2022-08-10 11:09:14,444] {dag.py:2923} INFO - Setting next_dagrun for example_trigger_target_dag to None, run_after=None
[2022-08-10 11:09:14,457] {processor.py:161} INFO - Processing /home/oury/.local/lib/python3.10/site-packages/airflow/example_dags/example_trigger_target_dag.py took 0.061 seconds
[2022-08-10 11:09:49,861] {processor.py:153} INFO - Started process (PID=9973) to work on /home/oury/.local/lib/python3.10/site-packages/airflow/example_dags/example_trigger_target_dag.py
[2022-08-10 11:09:49,862] {processor.py:641} INFO - Processing file /home/oury/.local/lib/python3.10/site-packages/airflow/example_dags/example_trigger_target_dag.py for tasks to queue
[2022-08-10 11:09:49,862] {logging_mixin.py:115} INFO - [2022-08-10 11:09:49,862] {dagbag.py:507} INFO - Filling up the DagBag from /home/oury/.local/lib/python3.10/site-packages/airflow/example_dags/example_trigger_target_dag.py
[2022-08-10 11:09:49,877] {processor.py:651} INFO - DAG(s) dict_keys(['example_trigger_target_dag']) retrieved from /home/oury/.local/lib/python3.10/site-packages/airflow/example_dags/example_trigger_target_dag.py
[2022-08-10 11:09:49,888] {logging_mixin.py:115} INFO - [2022-08-10 11:09:49,888] {dag.py:2379} INFO - Sync 1 DAGs
[2022-08-10 11:09:49,905] {logging_mixin.py:115} INFO - [2022-08-10 11:09:49,905] {dag.py:2923} INFO - Setting next_dagrun for example_trigger_target_dag to None, run_after=None
[2022-08-10 11:09:49,916] {processor.py:161} INFO - Processing /home/oury/.local/lib/python3.10/site-packages/airflow/example_dags/example_trigger_target_dag.py took 0.057 seconds
[2022-08-10 11:10:22,854] {processor.py:153} INFO - Started process (PID=10026) to work on /home/oury/.local/lib/python3.10/site-packages/airflow/example_dags/example_trigger_target_dag.py
[2022-08-10 11:10:22,854] {processor.py:641} INFO - Processing file /home/oury/.local/lib/python3.10/site-packages/airflow/example_dags/example_trigger_target_dag.py for tasks to queue
[2022-08-10 11:10:22,855] {logging_mixin.py:115} INFO - [2022-08-10 11:10:22,855] {dagbag.py:507} INFO - Filling up the DagBag from /home/oury/.local/lib/python3.10/site-packages/airflow/example_dags/example_trigger_target_dag.py
[2022-08-10 11:10:22,869] {processor.py:651} INFO - DAG(s) dict_keys(['example_trigger_target_dag']) retrieved from /home/oury/.local/lib/python3.10/site-packages/airflow/example_dags/example_trigger_target_dag.py
[2022-08-10 11:10:22,880] {logging_mixin.py:115} INFO - [2022-08-10 11:10:22,880] {dag.py:2379} INFO - Sync 1 DAGs
[2022-08-10 11:10:22,897] {logging_mixin.py:115} INFO - [2022-08-10 11:10:22,897] {dag.py:2923} INFO - Setting next_dagrun for example_trigger_target_dag to None, run_after=None
[2022-08-10 11:10:22,909] {processor.py:161} INFO - Processing /home/oury/.local/lib/python3.10/site-packages/airflow/example_dags/example_trigger_target_dag.py took 0.058 seconds
[2022-08-10 11:11:19,106] {processor.py:153} INFO - Started process (PID=10100) to work on /home/oury/.local/lib/python3.10/site-packages/airflow/example_dags/example_trigger_target_dag.py
[2022-08-10 11:11:19,107] {processor.py:641} INFO - Processing file /home/oury/.local/lib/python3.10/site-packages/airflow/example_dags/example_trigger_target_dag.py for tasks to queue
[2022-08-10 11:11:19,107] {logging_mixin.py:115} INFO - [2022-08-10 11:11:19,107] {dagbag.py:507} INFO - Filling up the DagBag from /home/oury/.local/lib/python3.10/site-packages/airflow/example_dags/example_trigger_target_dag.py
[2022-08-10 11:11:19,124] {processor.py:651} INFO - DAG(s) dict_keys(['example_trigger_target_dag']) retrieved from /home/oury/.local/lib/python3.10/site-packages/airflow/example_dags/example_trigger_target_dag.py
[2022-08-10 11:11:19,137] {logging_mixin.py:115} INFO - [2022-08-10 11:11:19,137] {dag.py:2379} INFO - Sync 1 DAGs
[2022-08-10 11:11:19,157] {logging_mixin.py:115} INFO - [2022-08-10 11:11:19,157] {dag.py:2923} INFO - Setting next_dagrun for example_trigger_target_dag to None, run_after=None
[2022-08-10 11:11:19,170] {processor.py:161} INFO - Processing /home/oury/.local/lib/python3.10/site-packages/airflow/example_dags/example_trigger_target_dag.py took 0.066 seconds
[2022-08-10 11:12:07,743] {processor.py:153} INFO - Started process (PID=10184) to work on /home/oury/.local/lib/python3.10/site-packages/airflow/example_dags/example_trigger_target_dag.py
[2022-08-10 11:12:07,744] {processor.py:641} INFO - Processing file /home/oury/.local/lib/python3.10/site-packages/airflow/example_dags/example_trigger_target_dag.py for tasks to queue
[2022-08-10 11:12:07,744] {logging_mixin.py:115} INFO - [2022-08-10 11:12:07,744] {dagbag.py:507} INFO - Filling up the DagBag from /home/oury/.local/lib/python3.10/site-packages/airflow/example_dags/example_trigger_target_dag.py
[2022-08-10 11:12:07,765] {processor.py:651} INFO - DAG(s) dict_keys(['example_trigger_target_dag']) retrieved from /home/oury/.local/lib/python3.10/site-packages/airflow/example_dags/example_trigger_target_dag.py
[2022-08-10 11:12:07,783] {logging_mixin.py:115} INFO - [2022-08-10 11:12:07,783] {dag.py:2379} INFO - Sync 1 DAGs
[2022-08-10 11:12:07,802] {logging_mixin.py:115} INFO - [2022-08-10 11:12:07,802] {dag.py:2923} INFO - Setting next_dagrun for example_trigger_target_dag to None, run_after=None
[2022-08-10 11:12:07,814] {processor.py:161} INFO - Processing /home/oury/.local/lib/python3.10/site-packages/airflow/example_dags/example_trigger_target_dag.py took 0.073 seconds
[2022-08-10 11:12:50,349] {processor.py:153} INFO - Started process (PID=10237) to work on /home/oury/.local/lib/python3.10/site-packages/airflow/example_dags/example_trigger_target_dag.py
[2022-08-10 11:12:50,350] {processor.py:641} INFO - Processing file /home/oury/.local/lib/python3.10/site-packages/airflow/example_dags/example_trigger_target_dag.py for tasks to queue
[2022-08-10 11:12:50,350] {logging_mixin.py:115} INFO - [2022-08-10 11:12:50,350] {dagbag.py:507} INFO - Filling up the DagBag from /home/oury/.local/lib/python3.10/site-packages/airflow/example_dags/example_trigger_target_dag.py
[2022-08-10 11:12:50,364] {processor.py:651} INFO - DAG(s) dict_keys(['example_trigger_target_dag']) retrieved from /home/oury/.local/lib/python3.10/site-packages/airflow/example_dags/example_trigger_target_dag.py
[2022-08-10 11:12:50,377] {logging_mixin.py:115} INFO - [2022-08-10 11:12:50,377] {dag.py:2379} INFO - Sync 1 DAGs
[2022-08-10 11:12:50,393] {logging_mixin.py:115} INFO - [2022-08-10 11:12:50,393] {dag.py:2923} INFO - Setting next_dagrun for example_trigger_target_dag to None, run_after=None
[2022-08-10 11:12:50,405] {processor.py:161} INFO - Processing /home/oury/.local/lib/python3.10/site-packages/airflow/example_dags/example_trigger_target_dag.py took 0.058 seconds
[2022-08-10 11:13:30,593] {processor.py:153} INFO - Started process (PID=10298) to work on /home/oury/.local/lib/python3.10/site-packages/airflow/example_dags/example_trigger_target_dag.py
[2022-08-10 11:13:30,594] {processor.py:641} INFO - Processing file /home/oury/.local/lib/python3.10/site-packages/airflow/example_dags/example_trigger_target_dag.py for tasks to queue
[2022-08-10 11:13:30,594] {logging_mixin.py:115} INFO - [2022-08-10 11:13:30,594] {dagbag.py:507} INFO - Filling up the DagBag from /home/oury/.local/lib/python3.10/site-packages/airflow/example_dags/example_trigger_target_dag.py
[2022-08-10 11:13:30,608] {processor.py:651} INFO - DAG(s) dict_keys(['example_trigger_target_dag']) retrieved from /home/oury/.local/lib/python3.10/site-packages/airflow/example_dags/example_trigger_target_dag.py
[2022-08-10 11:13:30,620] {logging_mixin.py:115} INFO - [2022-08-10 11:13:30,620] {dag.py:2379} INFO - Sync 1 DAGs
[2022-08-10 11:13:30,636] {logging_mixin.py:115} INFO - [2022-08-10 11:13:30,636] {dag.py:2923} INFO - Setting next_dagrun for example_trigger_target_dag to None, run_after=None
[2022-08-10 11:13:30,647] {processor.py:161} INFO - Processing /home/oury/.local/lib/python3.10/site-packages/airflow/example_dags/example_trigger_target_dag.py took 0.056 seconds
[2022-08-10 11:14:05,694] {processor.py:153} INFO - Started process (PID=10343) to work on /home/oury/.local/lib/python3.10/site-packages/airflow/example_dags/example_trigger_target_dag.py
[2022-08-10 11:14:05,694] {processor.py:641} INFO - Processing file /home/oury/.local/lib/python3.10/site-packages/airflow/example_dags/example_trigger_target_dag.py for tasks to queue
[2022-08-10 11:14:05,695] {logging_mixin.py:115} INFO - [2022-08-10 11:14:05,695] {dagbag.py:507} INFO - Filling up the DagBag from /home/oury/.local/lib/python3.10/site-packages/airflow/example_dags/example_trigger_target_dag.py
[2022-08-10 11:14:05,709] {processor.py:651} INFO - DAG(s) dict_keys(['example_trigger_target_dag']) retrieved from /home/oury/.local/lib/python3.10/site-packages/airflow/example_dags/example_trigger_target_dag.py
[2022-08-10 11:14:05,721] {logging_mixin.py:115} INFO - [2022-08-10 11:14:05,721] {dag.py:2379} INFO - Sync 1 DAGs
[2022-08-10 11:14:05,737] {logging_mixin.py:115} INFO - [2022-08-10 11:14:05,737] {dag.py:2923} INFO - Setting next_dagrun for example_trigger_target_dag to None, run_after=None
[2022-08-10 11:14:05,748] {processor.py:161} INFO - Processing /home/oury/.local/lib/python3.10/site-packages/airflow/example_dags/example_trigger_target_dag.py took 0.056 seconds
[2022-08-10 11:14:47,830] {processor.py:153} INFO - Started process (PID=10402) to work on /home/oury/.local/lib/python3.10/site-packages/airflow/example_dags/example_trigger_target_dag.py
[2022-08-10 11:14:47,831] {processor.py:641} INFO - Processing file /home/oury/.local/lib/python3.10/site-packages/airflow/example_dags/example_trigger_target_dag.py for tasks to queue
[2022-08-10 11:14:47,832] {logging_mixin.py:115} INFO - [2022-08-10 11:14:47,832] {dagbag.py:507} INFO - Filling up the DagBag from /home/oury/.local/lib/python3.10/site-packages/airflow/example_dags/example_trigger_target_dag.py
[2022-08-10 11:14:47,851] {processor.py:651} INFO - DAG(s) dict_keys(['example_trigger_target_dag']) retrieved from /home/oury/.local/lib/python3.10/site-packages/airflow/example_dags/example_trigger_target_dag.py
[2022-08-10 11:14:47,869] {logging_mixin.py:115} INFO - [2022-08-10 11:14:47,869] {dag.py:2379} INFO - Sync 1 DAGs
[2022-08-10 11:14:47,889] {logging_mixin.py:115} INFO - [2022-08-10 11:14:47,889] {dag.py:2923} INFO - Setting next_dagrun for example_trigger_target_dag to None, run_after=None
[2022-08-10 11:14:47,902] {processor.py:161} INFO - Processing /home/oury/.local/lib/python3.10/site-packages/airflow/example_dags/example_trigger_target_dag.py took 0.076 seconds
[2022-08-10 11:15:24,824] {processor.py:153} INFO - Started process (PID=10446) to work on /home/oury/.local/lib/python3.10/site-packages/airflow/example_dags/example_trigger_target_dag.py
[2022-08-10 11:15:24,824] {processor.py:641} INFO - Processing file /home/oury/.local/lib/python3.10/site-packages/airflow/example_dags/example_trigger_target_dag.py for tasks to queue
[2022-08-10 11:15:24,825] {logging_mixin.py:115} INFO - [2022-08-10 11:15:24,825] {dagbag.py:507} INFO - Filling up the DagBag from /home/oury/.local/lib/python3.10/site-packages/airflow/example_dags/example_trigger_target_dag.py
[2022-08-10 11:15:24,841] {processor.py:651} INFO - DAG(s) dict_keys(['example_trigger_target_dag']) retrieved from /home/oury/.local/lib/python3.10/site-packages/airflow/example_dags/example_trigger_target_dag.py
[2022-08-10 11:15:24,855] {logging_mixin.py:115} INFO - [2022-08-10 11:15:24,854] {dag.py:2379} INFO - Sync 1 DAGs
[2022-08-10 11:15:24,882] {logging_mixin.py:115} INFO - [2022-08-10 11:15:24,881] {dag.py:2923} INFO - Setting next_dagrun for example_trigger_target_dag to None, run_after=None
[2022-08-10 11:15:24,897] {processor.py:161} INFO - Processing /home/oury/.local/lib/python3.10/site-packages/airflow/example_dags/example_trigger_target_dag.py took 0.077 seconds
