[2022-08-10 11:04:30,475] {processor.py:153} INFO - Started process (PID=8869) to work on /home/oury/.local/lib/python3.10/site-packages/airflow/example_dags/example_nested_branch_dag.py
[2022-08-10 11:04:30,475] {processor.py:641} INFO - Processing file /home/oury/.local/lib/python3.10/site-packages/airflow/example_dags/example_nested_branch_dag.py for tasks to queue
[2022-08-10 11:04:30,476] {logging_mixin.py:115} INFO - [2022-08-10 11:04:30,476] {dagbag.py:507} INFO - Filling up the DagBag from /home/oury/.local/lib/python3.10/site-packages/airflow/example_dags/example_nested_branch_dag.py
[2022-08-10 11:04:30,484] {processor.py:651} INFO - DAG(s) dict_keys(['example_nested_branch_dag']) retrieved from /home/oury/.local/lib/python3.10/site-packages/airflow/example_dags/example_nested_branch_dag.py
[2022-08-10 11:04:30,527] {logging_mixin.py:115} INFO - [2022-08-10 11:04:30,527] {dag.py:2379} INFO - Sync 1 DAGs
[2022-08-10 11:04:30,632] {logging_mixin.py:115} INFO - [2022-08-10 11:04:30,632] {dag.py:2398} INFO - Creating ORM DAG for example_nested_branch_dag
[2022-08-10 11:04:30,641] {logging_mixin.py:115} INFO - [2022-08-10 11:04:30,641] {dag.py:2923} INFO - Setting next_dagrun for example_nested_branch_dag to 2022-08-09T00:00:00+00:00, run_after=2022-08-10T00:00:00+00:00
[2022-08-10 11:04:30,656] {processor.py:161} INFO - Processing /home/oury/.local/lib/python3.10/site-packages/airflow/example_dags/example_nested_branch_dag.py took 0.183 seconds
[2022-08-10 11:05:08,541] {processor.py:153} INFO - Started process (PID=8954) to work on /home/oury/.local/lib/python3.10/site-packages/airflow/example_dags/example_nested_branch_dag.py
[2022-08-10 11:05:08,542] {processor.py:641} INFO - Processing file /home/oury/.local/lib/python3.10/site-packages/airflow/example_dags/example_nested_branch_dag.py for tasks to queue
[2022-08-10 11:05:08,542] {logging_mixin.py:115} INFO - [2022-08-10 11:05:08,542] {dagbag.py:507} INFO - Filling up the DagBag from /home/oury/.local/lib/python3.10/site-packages/airflow/example_dags/example_nested_branch_dag.py
[2022-08-10 11:05:08,551] {processor.py:651} INFO - DAG(s) dict_keys(['example_nested_branch_dag']) retrieved from /home/oury/.local/lib/python3.10/site-packages/airflow/example_dags/example_nested_branch_dag.py
[2022-08-10 11:05:08,565] {logging_mixin.py:115} INFO - [2022-08-10 11:05:08,565] {dag.py:2379} INFO - Sync 1 DAGs
[2022-08-10 11:05:08,582] {logging_mixin.py:115} INFO - [2022-08-10 11:05:08,582] {dag.py:2923} INFO - Setting next_dagrun for example_nested_branch_dag to 2022-08-09T00:00:00+00:00, run_after=2022-08-10T00:00:00+00:00
[2022-08-10 11:05:08,594] {processor.py:161} INFO - Processing /home/oury/.local/lib/python3.10/site-packages/airflow/example_dags/example_nested_branch_dag.py took 0.056 seconds
[2022-08-10 11:05:46,585] {processor.py:153} INFO - Started process (PID=9265) to work on /home/oury/.local/lib/python3.10/site-packages/airflow/example_dags/example_nested_branch_dag.py
[2022-08-10 11:05:46,591] {processor.py:641} INFO - Processing file /home/oury/.local/lib/python3.10/site-packages/airflow/example_dags/example_nested_branch_dag.py for tasks to queue
[2022-08-10 11:05:46,593] {logging_mixin.py:115} INFO - [2022-08-10 11:05:46,593] {dagbag.py:507} INFO - Filling up the DagBag from /home/oury/.local/lib/python3.10/site-packages/airflow/example_dags/example_nested_branch_dag.py
[2022-08-10 11:05:46,649] {processor.py:651} INFO - DAG(s) dict_keys(['example_nested_branch_dag']) retrieved from /home/oury/.local/lib/python3.10/site-packages/airflow/example_dags/example_nested_branch_dag.py
[2022-08-10 11:05:46,732] {logging_mixin.py:115} INFO - [2022-08-10 11:05:46,732] {dag.py:2379} INFO - Sync 1 DAGs
[2022-08-10 11:05:46,955] {logging_mixin.py:115} INFO - [2022-08-10 11:05:46,955] {dag.py:2923} INFO - Setting next_dagrun for example_nested_branch_dag to 2022-08-09T00:00:00+00:00, run_after=2022-08-10T00:00:00+00:00
[2022-08-10 11:05:47,117] {processor.py:161} INFO - Processing /home/oury/.local/lib/python3.10/site-packages/airflow/example_dags/example_nested_branch_dag.py took 0.536 seconds
[2022-08-10 11:06:30,586] {processor.py:153} INFO - Started process (PID=9579) to work on /home/oury/.local/lib/python3.10/site-packages/airflow/example_dags/example_nested_branch_dag.py
[2022-08-10 11:06:30,587] {processor.py:641} INFO - Processing file /home/oury/.local/lib/python3.10/site-packages/airflow/example_dags/example_nested_branch_dag.py for tasks to queue
[2022-08-10 11:06:30,587] {logging_mixin.py:115} INFO - [2022-08-10 11:06:30,587] {dagbag.py:507} INFO - Filling up the DagBag from /home/oury/.local/lib/python3.10/site-packages/airflow/example_dags/example_nested_branch_dag.py
[2022-08-10 11:06:30,596] {processor.py:651} INFO - DAG(s) dict_keys(['example_nested_branch_dag']) retrieved from /home/oury/.local/lib/python3.10/site-packages/airflow/example_dags/example_nested_branch_dag.py
[2022-08-10 11:06:30,609] {logging_mixin.py:115} INFO - [2022-08-10 11:06:30,609] {dag.py:2379} INFO - Sync 1 DAGs
[2022-08-10 11:06:30,626] {logging_mixin.py:115} INFO - [2022-08-10 11:06:30,626] {dag.py:2923} INFO - Setting next_dagrun for example_nested_branch_dag to 2022-08-09T00:00:00+00:00, run_after=2022-08-10T00:00:00+00:00
[2022-08-10 11:06:30,637] {processor.py:161} INFO - Processing /home/oury/.local/lib/python3.10/site-packages/airflow/example_dags/example_nested_branch_dag.py took 0.054 seconds
[2022-08-10 11:07:21,515] {processor.py:153} INFO - Started process (PID=9672) to work on /home/oury/.local/lib/python3.10/site-packages/airflow/example_dags/example_nested_branch_dag.py
[2022-08-10 11:07:21,516] {processor.py:641} INFO - Processing file /home/oury/.local/lib/python3.10/site-packages/airflow/example_dags/example_nested_branch_dag.py for tasks to queue
[2022-08-10 11:07:21,516] {logging_mixin.py:115} INFO - [2022-08-10 11:07:21,516] {dagbag.py:507} INFO - Filling up the DagBag from /home/oury/.local/lib/python3.10/site-packages/airflow/example_dags/example_nested_branch_dag.py
[2022-08-10 11:07:21,525] {processor.py:651} INFO - DAG(s) dict_keys(['example_nested_branch_dag']) retrieved from /home/oury/.local/lib/python3.10/site-packages/airflow/example_dags/example_nested_branch_dag.py
[2022-08-10 11:07:21,540] {logging_mixin.py:115} INFO - [2022-08-10 11:07:21,540] {dag.py:2379} INFO - Sync 1 DAGs
[2022-08-10 11:07:21,559] {logging_mixin.py:115} INFO - [2022-08-10 11:07:21,559] {dag.py:2923} INFO - Setting next_dagrun for example_nested_branch_dag to 2022-08-09T00:00:00+00:00, run_after=2022-08-10T00:00:00+00:00
[2022-08-10 11:07:21,571] {processor.py:161} INFO - Processing /home/oury/.local/lib/python3.10/site-packages/airflow/example_dags/example_nested_branch_dag.py took 0.059 seconds
[2022-08-10 11:08:03,109] {processor.py:153} INFO - Started process (PID=9734) to work on /home/oury/.local/lib/python3.10/site-packages/airflow/example_dags/example_nested_branch_dag.py
[2022-08-10 11:08:03,110] {processor.py:641} INFO - Processing file /home/oury/.local/lib/python3.10/site-packages/airflow/example_dags/example_nested_branch_dag.py for tasks to queue
[2022-08-10 11:08:03,110] {logging_mixin.py:115} INFO - [2022-08-10 11:08:03,110] {dagbag.py:507} INFO - Filling up the DagBag from /home/oury/.local/lib/python3.10/site-packages/airflow/example_dags/example_nested_branch_dag.py
[2022-08-10 11:08:03,119] {processor.py:651} INFO - DAG(s) dict_keys(['example_nested_branch_dag']) retrieved from /home/oury/.local/lib/python3.10/site-packages/airflow/example_dags/example_nested_branch_dag.py
[2022-08-10 11:08:03,132] {logging_mixin.py:115} INFO - [2022-08-10 11:08:03,132] {dag.py:2379} INFO - Sync 1 DAGs
[2022-08-10 11:08:03,149] {logging_mixin.py:115} INFO - [2022-08-10 11:08:03,148] {dag.py:2923} INFO - Setting next_dagrun for example_nested_branch_dag to 2022-08-09T00:00:00+00:00, run_after=2022-08-10T00:00:00+00:00
[2022-08-10 11:08:03,159] {processor.py:161} INFO - Processing /home/oury/.local/lib/python3.10/site-packages/airflow/example_dags/example_nested_branch_dag.py took 0.053 seconds
[2022-08-10 11:08:46,548] {processor.py:153} INFO - Started process (PID=9873) to work on /home/oury/.local/lib/python3.10/site-packages/airflow/example_dags/example_nested_branch_dag.py
[2022-08-10 11:08:46,549] {processor.py:641} INFO - Processing file /home/oury/.local/lib/python3.10/site-packages/airflow/example_dags/example_nested_branch_dag.py for tasks to queue
[2022-08-10 11:08:46,549] {logging_mixin.py:115} INFO - [2022-08-10 11:08:46,549] {dagbag.py:507} INFO - Filling up the DagBag from /home/oury/.local/lib/python3.10/site-packages/airflow/example_dags/example_nested_branch_dag.py
[2022-08-10 11:08:46,557] {processor.py:651} INFO - DAG(s) dict_keys(['example_nested_branch_dag']) retrieved from /home/oury/.local/lib/python3.10/site-packages/airflow/example_dags/example_nested_branch_dag.py
[2022-08-10 11:08:46,570] {logging_mixin.py:115} INFO - [2022-08-10 11:08:46,570] {dag.py:2379} INFO - Sync 1 DAGs
[2022-08-10 11:08:46,586] {logging_mixin.py:115} INFO - [2022-08-10 11:08:46,586] {dag.py:2923} INFO - Setting next_dagrun for example_nested_branch_dag to 2022-08-09T00:00:00+00:00, run_after=2022-08-10T00:00:00+00:00
[2022-08-10 11:08:46,597] {processor.py:161} INFO - Processing /home/oury/.local/lib/python3.10/site-packages/airflow/example_dags/example_nested_branch_dag.py took 0.052 seconds
[2022-08-10 11:09:34,927] {processor.py:153} INFO - Started process (PID=9954) to work on /home/oury/.local/lib/python3.10/site-packages/airflow/example_dags/example_nested_branch_dag.py
[2022-08-10 11:09:34,927] {processor.py:641} INFO - Processing file /home/oury/.local/lib/python3.10/site-packages/airflow/example_dags/example_nested_branch_dag.py for tasks to queue
[2022-08-10 11:09:34,928] {logging_mixin.py:115} INFO - [2022-08-10 11:09:34,928] {dagbag.py:507} INFO - Filling up the DagBag from /home/oury/.local/lib/python3.10/site-packages/airflow/example_dags/example_nested_branch_dag.py
[2022-08-10 11:09:34,936] {processor.py:651} INFO - DAG(s) dict_keys(['example_nested_branch_dag']) retrieved from /home/oury/.local/lib/python3.10/site-packages/airflow/example_dags/example_nested_branch_dag.py
[2022-08-10 11:09:34,950] {logging_mixin.py:115} INFO - [2022-08-10 11:09:34,950] {dag.py:2379} INFO - Sync 1 DAGs
[2022-08-10 11:09:34,966] {logging_mixin.py:115} INFO - [2022-08-10 11:09:34,966] {dag.py:2923} INFO - Setting next_dagrun for example_nested_branch_dag to 2022-08-09T00:00:00+00:00, run_after=2022-08-10T00:00:00+00:00
[2022-08-10 11:09:34,979] {processor.py:161} INFO - Processing /home/oury/.local/lib/python3.10/site-packages/airflow/example_dags/example_nested_branch_dag.py took 0.055 seconds
[2022-08-10 11:10:19,117] {processor.py:153} INFO - Started process (PID=10022) to work on /home/oury/.local/lib/python3.10/site-packages/airflow/example_dags/example_nested_branch_dag.py
[2022-08-10 11:10:19,118] {processor.py:641} INFO - Processing file /home/oury/.local/lib/python3.10/site-packages/airflow/example_dags/example_nested_branch_dag.py for tasks to queue
[2022-08-10 11:10:19,118] {logging_mixin.py:115} INFO - [2022-08-10 11:10:19,118] {dagbag.py:507} INFO - Filling up the DagBag from /home/oury/.local/lib/python3.10/site-packages/airflow/example_dags/example_nested_branch_dag.py
[2022-08-10 11:10:19,127] {processor.py:651} INFO - DAG(s) dict_keys(['example_nested_branch_dag']) retrieved from /home/oury/.local/lib/python3.10/site-packages/airflow/example_dags/example_nested_branch_dag.py
[2022-08-10 11:10:19,140] {logging_mixin.py:115} INFO - [2022-08-10 11:10:19,140] {dag.py:2379} INFO - Sync 1 DAGs
[2022-08-10 11:10:19,157] {logging_mixin.py:115} INFO - [2022-08-10 11:10:19,157] {dag.py:2923} INFO - Setting next_dagrun for example_nested_branch_dag to 2022-08-09T00:00:00+00:00, run_after=2022-08-10T00:00:00+00:00
[2022-08-10 11:10:19,170] {processor.py:161} INFO - Processing /home/oury/.local/lib/python3.10/site-packages/airflow/example_dags/example_nested_branch_dag.py took 0.055 seconds
[2022-08-10 11:11:50,443] {processor.py:153} INFO - Started process (PID=10166) to work on /home/oury/.local/lib/python3.10/site-packages/airflow/example_dags/example_nested_branch_dag.py
[2022-08-10 11:11:50,443] {processor.py:641} INFO - Processing file /home/oury/.local/lib/python3.10/site-packages/airflow/example_dags/example_nested_branch_dag.py for tasks to queue
[2022-08-10 11:11:50,444] {logging_mixin.py:115} INFO - [2022-08-10 11:11:50,444] {dagbag.py:507} INFO - Filling up the DagBag from /home/oury/.local/lib/python3.10/site-packages/airflow/example_dags/example_nested_branch_dag.py
[2022-08-10 11:11:50,462] {processor.py:651} INFO - DAG(s) dict_keys(['example_nested_branch_dag']) retrieved from /home/oury/.local/lib/python3.10/site-packages/airflow/example_dags/example_nested_branch_dag.py
[2022-08-10 11:11:50,485] {logging_mixin.py:115} INFO - [2022-08-10 11:11:50,484] {dag.py:2379} INFO - Sync 1 DAGs
[2022-08-10 11:11:50,518] {logging_mixin.py:115} INFO - [2022-08-10 11:11:50,518] {dag.py:2923} INFO - Setting next_dagrun for example_nested_branch_dag to 2022-08-09T00:00:00+00:00, run_after=2022-08-10T00:00:00+00:00
[2022-08-10 11:11:50,541] {processor.py:161} INFO - Processing /home/oury/.local/lib/python3.10/site-packages/airflow/example_dags/example_nested_branch_dag.py took 0.102 seconds
[2022-08-10 11:12:46,604] {processor.py:153} INFO - Started process (PID=10233) to work on /home/oury/.local/lib/python3.10/site-packages/airflow/example_dags/example_nested_branch_dag.py
[2022-08-10 11:12:46,604] {processor.py:641} INFO - Processing file /home/oury/.local/lib/python3.10/site-packages/airflow/example_dags/example_nested_branch_dag.py for tasks to queue
[2022-08-10 11:12:46,605] {logging_mixin.py:115} INFO - [2022-08-10 11:12:46,604] {dagbag.py:507} INFO - Filling up the DagBag from /home/oury/.local/lib/python3.10/site-packages/airflow/example_dags/example_nested_branch_dag.py
[2022-08-10 11:12:46,616] {processor.py:651} INFO - DAG(s) dict_keys(['example_nested_branch_dag']) retrieved from /home/oury/.local/lib/python3.10/site-packages/airflow/example_dags/example_nested_branch_dag.py
[2022-08-10 11:12:46,635] {logging_mixin.py:115} INFO - [2022-08-10 11:12:46,635] {dag.py:2379} INFO - Sync 1 DAGs
[2022-08-10 11:12:46,654] {logging_mixin.py:115} INFO - [2022-08-10 11:12:46,654] {dag.py:2923} INFO - Setting next_dagrun for example_nested_branch_dag to 2022-08-09T00:00:00+00:00, run_after=2022-08-10T00:00:00+00:00
[2022-08-10 11:12:46,667] {processor.py:161} INFO - Processing /home/oury/.local/lib/python3.10/site-packages/airflow/example_dags/example_nested_branch_dag.py took 0.067 seconds
[2022-08-10 11:13:38,250] {processor.py:153} INFO - Started process (PID=10308) to work on /home/oury/.local/lib/python3.10/site-packages/airflow/example_dags/example_nested_branch_dag.py
[2022-08-10 11:13:38,251] {processor.py:641} INFO - Processing file /home/oury/.local/lib/python3.10/site-packages/airflow/example_dags/example_nested_branch_dag.py for tasks to queue
[2022-08-10 11:13:38,252] {logging_mixin.py:115} INFO - [2022-08-10 11:13:38,251] {dagbag.py:507} INFO - Filling up the DagBag from /home/oury/.local/lib/python3.10/site-packages/airflow/example_dags/example_nested_branch_dag.py
[2022-08-10 11:13:38,259] {processor.py:651} INFO - DAG(s) dict_keys(['example_nested_branch_dag']) retrieved from /home/oury/.local/lib/python3.10/site-packages/airflow/example_dags/example_nested_branch_dag.py
[2022-08-10 11:13:38,272] {logging_mixin.py:115} INFO - [2022-08-10 11:13:38,272] {dag.py:2379} INFO - Sync 1 DAGs
[2022-08-10 11:13:38,289] {logging_mixin.py:115} INFO - [2022-08-10 11:13:38,289] {dag.py:2923} INFO - Setting next_dagrun for example_nested_branch_dag to 2022-08-09T00:00:00+00:00, run_after=2022-08-10T00:00:00+00:00
[2022-08-10 11:13:38,300] {processor.py:161} INFO - Processing /home/oury/.local/lib/python3.10/site-packages/airflow/example_dags/example_nested_branch_dag.py took 0.052 seconds
[2022-08-10 11:14:23,866] {processor.py:153} INFO - Started process (PID=10366) to work on /home/oury/.local/lib/python3.10/site-packages/airflow/example_dags/example_nested_branch_dag.py
[2022-08-10 11:14:23,866] {processor.py:641} INFO - Processing file /home/oury/.local/lib/python3.10/site-packages/airflow/example_dags/example_nested_branch_dag.py for tasks to queue
[2022-08-10 11:14:23,867] {logging_mixin.py:115} INFO - [2022-08-10 11:14:23,867] {dagbag.py:507} INFO - Filling up the DagBag from /home/oury/.local/lib/python3.10/site-packages/airflow/example_dags/example_nested_branch_dag.py
[2022-08-10 11:14:23,875] {processor.py:651} INFO - DAG(s) dict_keys(['example_nested_branch_dag']) retrieved from /home/oury/.local/lib/python3.10/site-packages/airflow/example_dags/example_nested_branch_dag.py
[2022-08-10 11:14:23,888] {logging_mixin.py:115} INFO - [2022-08-10 11:14:23,888] {dag.py:2379} INFO - Sync 1 DAGs
[2022-08-10 11:14:23,904] {logging_mixin.py:115} INFO - [2022-08-10 11:14:23,904] {dag.py:2923} INFO - Setting next_dagrun for example_nested_branch_dag to 2022-08-09T00:00:00+00:00, run_after=2022-08-10T00:00:00+00:00
[2022-08-10 11:14:23,916] {processor.py:161} INFO - Processing /home/oury/.local/lib/python3.10/site-packages/airflow/example_dags/example_nested_branch_dag.py took 0.052 seconds
[2022-08-10 11:15:21,484] {processor.py:153} INFO - Started process (PID=10440) to work on /home/oury/.local/lib/python3.10/site-packages/airflow/example_dags/example_nested_branch_dag.py
[2022-08-10 11:15:21,485] {processor.py:641} INFO - Processing file /home/oury/.local/lib/python3.10/site-packages/airflow/example_dags/example_nested_branch_dag.py for tasks to queue
[2022-08-10 11:15:21,485] {logging_mixin.py:115} INFO - [2022-08-10 11:15:21,485] {dagbag.py:507} INFO - Filling up the DagBag from /home/oury/.local/lib/python3.10/site-packages/airflow/example_dags/example_nested_branch_dag.py
[2022-08-10 11:15:21,494] {processor.py:651} INFO - DAG(s) dict_keys(['example_nested_branch_dag']) retrieved from /home/oury/.local/lib/python3.10/site-packages/airflow/example_dags/example_nested_branch_dag.py
[2022-08-10 11:15:21,509] {logging_mixin.py:115} INFO - [2022-08-10 11:15:21,509] {dag.py:2379} INFO - Sync 1 DAGs
[2022-08-10 11:15:21,527] {logging_mixin.py:115} INFO - [2022-08-10 11:15:21,527] {dag.py:2923} INFO - Setting next_dagrun for example_nested_branch_dag to 2022-08-09T00:00:00+00:00, run_after=2022-08-10T00:00:00+00:00
[2022-08-10 11:15:21,538] {processor.py:161} INFO - Processing /home/oury/.local/lib/python3.10/site-packages/airflow/example_dags/example_nested_branch_dag.py took 0.057 seconds
