[2022-06-06 00:08:42,104] {taskinstance.py:1160} INFO - Dependencies all met for <TaskInstance: download_rocket_launches.notify scheduled__2022-06-02T00:00:00+00:00 [queued]>
[2022-06-06 00:08:42,110] {taskinstance.py:1160} INFO - Dependencies all met for <TaskInstance: download_rocket_launches.notify scheduled__2022-06-02T00:00:00+00:00 [queued]>
[2022-06-06 00:08:42,110] {taskinstance.py:1357} INFO - 
--------------------------------------------------------------------------------
[2022-06-06 00:08:42,111] {taskinstance.py:1358} INFO - Starting attempt 1 of 1
[2022-06-06 00:08:42,111] {taskinstance.py:1359} INFO - 
--------------------------------------------------------------------------------
[2022-06-06 00:08:42,122] {taskinstance.py:1378} INFO - Executing <Task(BashOperator): notify> on 2022-06-02 00:00:00+00:00
[2022-06-06 00:08:42,125] {standard_task_runner.py:52} INFO - Started process 52659 to run task
[2022-06-06 00:08:42,129] {standard_task_runner.py:79} INFO - Running: ['airflow', 'tasks', 'run', 'download_rocket_launches', 'notify', 'scheduled__2022-06-02T00:00:00+00:00', '--job-id', '61', '--raw', '--subdir', 'DAGS_FOLDER/download_rocket_launches.py', '--cfg-path', '/tmp/tmps8qxspyw', '--error-file', '/tmp/tmpybcflioz']
[2022-06-06 00:08:42,129] {standard_task_runner.py:80} INFO - Job 61: Subtask notify
[2022-06-06 00:08:42,173] {task_command.py:370} INFO - Running <TaskInstance: download_rocket_launches.notify scheduled__2022-06-02T00:00:00+00:00 [running]> on host oury-Tp
[2022-06-06 00:08:42,223] {taskinstance.py:1570} INFO - Exporting the following env vars:
AIRFLOW_CTX_DAG_OWNER=airflow
AIRFLOW_CTX_DAG_ID=download_rocket_launches
AIRFLOW_CTX_TASK_ID=notify
AIRFLOW_CTX_EXECUTION_DATE=2022-06-02T00:00:00+00:00
AIRFLOW_CTX_TRY_NUMBER=1
AIRFLOW_CTX_DAG_RUN_ID=scheduled__2022-06-02T00:00:00+00:00
[2022-06-06 00:08:42,224] {subprocess.py:62} INFO - Tmp dir root location: 
 /tmp
[2022-06-06 00:08:42,224] {subprocess.py:74} INFO - Running command: ['bash', '-c', 'echo "There are now $(ls /tmp/images/ | wc -l) images."']
[2022-06-06 00:08:42,231] {subprocess.py:85} INFO - Output:
[2022-06-06 00:08:42,234] {subprocess.py:92} INFO - There are now 8 images.
[2022-06-06 00:08:42,234] {subprocess.py:96} INFO - Command exited with return code 0
[2022-06-06 00:08:42,253] {taskinstance.py:1396} INFO - Marking task as SUCCESS. dag_id=download_rocket_launches, task_id=notify, execution_date=20220602T000000, start_date=20220605T230842, end_date=20220605T230842
[2022-06-06 00:08:42,301] {local_task_job.py:156} INFO - Task exited with return code 0
[2022-06-06 00:08:42,321] {local_task_job.py:273} INFO - 0 downstream tasks scheduled from follow-on schedule check
