[2022-06-06 00:07:27,386] {taskinstance.py:1160} INFO - Dependencies all met for <TaskInstance: download_rocket_launches.download_launches scheduled__2022-06-01T00:00:00+00:00 [queued]>
[2022-06-06 00:07:27,393] {taskinstance.py:1160} INFO - Dependencies all met for <TaskInstance: download_rocket_launches.download_launches scheduled__2022-06-01T00:00:00+00:00 [queued]>
[2022-06-06 00:07:27,393] {taskinstance.py:1357} INFO - 
--------------------------------------------------------------------------------
[2022-06-06 00:07:27,393] {taskinstance.py:1358} INFO - Starting attempt 1 of 1
[2022-06-06 00:07:27,393] {taskinstance.py:1359} INFO - 
--------------------------------------------------------------------------------
[2022-06-06 00:07:27,408] {taskinstance.py:1378} INFO - Executing <Task(BashOperator): download_launches> on 2022-06-01 00:00:00+00:00
[2022-06-06 00:07:27,411] {standard_task_runner.py:52} INFO - Started process 52049 to run task
[2022-06-06 00:07:27,419] {standard_task_runner.py:79} INFO - Running: ['airflow', 'tasks', 'run', 'download_rocket_launches', 'download_launches', 'scheduled__2022-06-01T00:00:00+00:00', '--job-id', '53', '--raw', '--subdir', 'DAGS_FOLDER/download_rocket_launches.py', '--cfg-path', '/tmp/tmpco9digxm', '--error-file', '/tmp/tmprpoua1wk']
[2022-06-06 00:07:27,419] {standard_task_runner.py:80} INFO - Job 53: Subtask download_launches
[2022-06-06 00:07:27,451] {task_command.py:370} INFO - Running <TaskInstance: download_rocket_launches.download_launches scheduled__2022-06-01T00:00:00+00:00 [running]> on host oury-Tp
[2022-06-06 00:07:27,494] {taskinstance.py:1570} INFO - Exporting the following env vars:
AIRFLOW_CTX_DAG_OWNER=airflow
AIRFLOW_CTX_DAG_ID=download_rocket_launches
AIRFLOW_CTX_TASK_ID=download_launches
AIRFLOW_CTX_EXECUTION_DATE=2022-06-01T00:00:00+00:00
AIRFLOW_CTX_TRY_NUMBER=1
AIRFLOW_CTX_DAG_RUN_ID=scheduled__2022-06-01T00:00:00+00:00
[2022-06-06 00:07:27,494] {subprocess.py:62} INFO - Tmp dir root location: 
 /tmp
[2022-06-06 00:07:27,495] {subprocess.py:74} INFO - Running command: ['bash', '-c', "curl -o /tmp/launches.json -L 'https://ll.thespacedevs.com/2.0.0/launch/upcoming'"]
[2022-06-06 00:07:27,499] {subprocess.py:85} INFO - Output:
[2022-06-06 00:07:27,516] {subprocess.py:92} INFO -   % Total    % Received % Xferd  Average Speed   Time    Time     Time  Current
[2022-06-06 00:07:27,516] {subprocess.py:92} INFO -                                  Dload  Upload   Total   Spent    Left  Speed
[2022-06-06 00:07:28,017] {subprocess.py:92} INFO -   0     0    0     0    0     0      0      0 --:--:-- --:--:-- --:--:--     0  0     0    0     0    0     0      0      0 --:--:-- --:--:-- --:--:--     0
[2022-06-06 00:07:28,377] {subprocess.py:92} INFO -   3 25581    3  1014    0     0   1329      0  0:00:19 --:--:--  0:00:19  1329100 25581  100 25581    0     0  29684      0 --:--:-- --:--:-- --:--:--  242k
[2022-06-06 00:07:28,380] {subprocess.py:96} INFO - Command exited with return code 0
[2022-06-06 00:07:28,398] {taskinstance.py:1396} INFO - Marking task as SUCCESS. dag_id=download_rocket_launches, task_id=download_launches, execution_date=20220601T000000, start_date=20220605T230727, end_date=20220605T230728
[2022-06-06 00:07:28,430] {local_task_job.py:156} INFO - Task exited with return code 0
[2022-06-06 00:07:28,453] {local_task_job.py:273} INFO - 1 downstream tasks scheduled from follow-on schedule check
