[2022-06-07 11:42:45,745] {taskinstance.py:1160} INFO - Dependencies all met for <TaskInstance: example_bash_operator.runme_2 scheduled__2022-06-06T00:00:00+00:00 [queued]>
[2022-06-07 11:42:45,751] {taskinstance.py:1160} INFO - Dependencies all met for <TaskInstance: example_bash_operator.runme_2 scheduled__2022-06-06T00:00:00+00:00 [queued]>
[2022-06-07 11:42:45,751] {taskinstance.py:1357} INFO - 
--------------------------------------------------------------------------------
[2022-06-07 11:42:45,751] {taskinstance.py:1358} INFO - Starting attempt 1 of 1
[2022-06-07 11:42:45,751] {taskinstance.py:1359} INFO - 
--------------------------------------------------------------------------------
[2022-06-07 11:42:45,762] {taskinstance.py:1378} INFO - Executing <Task(BashOperator): runme_2> on 2022-06-06 00:00:00+00:00
[2022-06-07 11:42:45,764] {standard_task_runner.py:52} INFO - Started process 12132 to run task
[2022-06-07 11:42:45,767] {standard_task_runner.py:79} INFO - Running: ['airflow', 'tasks', 'run', 'example_bash_operator', 'runme_2', 'scheduled__2022-06-06T00:00:00+00:00', '--job-id', '4', '--raw', '--subdir', '/home/oury/.local/lib/python3.10/site-packages/airflow/example_dags/example_bash_operator.py', '--cfg-path', '/tmp/tmpd911a0k7', '--error-file', '/tmp/tmpnitv3l2n']
[2022-06-07 11:42:45,768] {standard_task_runner.py:80} INFO - Job 4: Subtask runme_2
[2022-06-07 11:42:45,800] {task_command.py:370} INFO - Running <TaskInstance: example_bash_operator.runme_2 scheduled__2022-06-06T00:00:00+00:00 [running]> on host oury-Tp
[2022-06-07 11:42:45,842] {taskinstance.py:1570} INFO - Exporting the following env vars:
AIRFLOW_CTX_DAG_OWNER=airflow
AIRFLOW_CTX_DAG_ID=example_bash_operator
AIRFLOW_CTX_TASK_ID=runme_2
AIRFLOW_CTX_EXECUTION_DATE=2022-06-06T00:00:00+00:00
AIRFLOW_CTX_TRY_NUMBER=1
AIRFLOW_CTX_DAG_RUN_ID=scheduled__2022-06-06T00:00:00+00:00
[2022-06-07 11:42:45,843] {subprocess.py:62} INFO - Tmp dir root location: 
 /tmp
[2022-06-07 11:42:45,843] {subprocess.py:74} INFO - Running command: ['bash', '-c', 'echo "example_bash_operator__runme_2__20220606" && sleep 1']
[2022-06-07 11:42:45,848] {subprocess.py:85} INFO - Output:
[2022-06-07 11:42:45,849] {subprocess.py:92} INFO - example_bash_operator__runme_2__20220606
[2022-06-07 11:42:46,850] {subprocess.py:96} INFO - Command exited with return code 0
[2022-06-07 11:42:46,869] {taskinstance.py:1396} INFO - Marking task as SUCCESS. dag_id=example_bash_operator, task_id=runme_2, execution_date=20220606T000000, start_date=20220607T104245, end_date=20220607T104246
[2022-06-07 11:42:46,904] {local_task_job.py:156} INFO - Task exited with return code 0
[2022-06-07 11:42:46,929] {local_task_job.py:273} INFO - 1 downstream tasks scheduled from follow-on schedule check
