[2022-06-22 12:00:04,901] {taskinstance.py:1160} INFO - Dependencies all met for <TaskInstance: data_pipeline.tweets_to_es scheduled__2022-06-22T10:57:00+00:00 [queued]>
[2022-06-22 12:00:04,911] {taskinstance.py:1160} INFO - Dependencies all met for <TaskInstance: data_pipeline.tweets_to_es scheduled__2022-06-22T10:57:00+00:00 [queued]>
[2022-06-22 12:00:04,912] {taskinstance.py:1357} INFO - 
--------------------------------------------------------------------------------
[2022-06-22 12:00:04,912] {taskinstance.py:1358} INFO - Starting attempt 1 of 1
[2022-06-22 12:00:04,912] {taskinstance.py:1359} INFO - 
--------------------------------------------------------------------------------
[2022-06-22 12:00:04,931] {taskinstance.py:1378} INFO - Executing <Task(PythonOperator): tweets_to_es> on 2022-06-22 10:57:00+00:00
[2022-06-22 12:00:04,934] {standard_task_runner.py:52} INFO - Started process 14151 to run task
[2022-06-22 12:00:04,939] {standard_task_runner.py:79} INFO - Running: ['airflow', 'tasks', 'run', 'data_pipeline', 'tweets_to_es', 'scheduled__2022-06-22T10:57:00+00:00', '--job-id', '10', '--raw', '--subdir', 'DAGS_FOLDER/airfow_es.py', '--cfg-path', '/tmp/tmp2hh1pcu2', '--error-file', '/tmp/tmpq2p72ecu']
[2022-06-22 12:00:04,942] {standard_task_runner.py:80} INFO - Job 10: Subtask tweets_to_es
[2022-06-22 12:00:05,000] {task_command.py:370} INFO - Running <TaskInstance: data_pipeline.tweets_to_es scheduled__2022-06-22T10:57:00+00:00 [running]> on host oury-Tp
[2022-06-22 12:00:05,089] {taskinstance.py:1570} INFO - Exporting the following env vars:
AIRFLOW_CTX_DAG_OWNER=airflow
AIRFLOW_CTX_DAG_ID=data_pipeline
AIRFLOW_CTX_TASK_ID=tweets_to_es
AIRFLOW_CTX_EXECUTION_DATE=2022-06-22T10:57:00+00:00
AIRFLOW_CTX_TRY_NUMBER=1
AIRFLOW_CTX_DAG_RUN_ID=scheduled__2022-06-22T10:57:00+00:00
[2022-06-22 12:00:05,093] {twitter.py:696} INFO - Retrieving scroll page None
[2022-06-22 12:00:05,093] {twitter.py:626} INFO - Retrieving guest token
[2022-06-22 12:00:05,096] {base.py:171} INFO - Retrieving https://twitter.com/search?f=live&lang=en&q=near%3AParis+since%3A1655895420+until%3A1655895600&src=spelling_expansion_revert_click
[2022-06-22 12:00:05,796] {base.py:189} INFO - Retrieved https://twitter.com/search?f=live&lang=en&q=near%3AParis+since%3A1655895420+until%3A1655895600&src=spelling_expansion_revert_click: 200
[2022-06-22 12:00:05,799] {base.py:171} INFO - Retrieving https://api.twitter.com/2/search/adaptive.json?include_profile_interstitial_type=1&include_blocking=1&include_blocked_by=1&include_followed_by=1&include_want_retweets=1&include_mute_edge=1&include_can_dm=1&include_can_media_tag=1&skip_status=1&cards_platform=Web-12&include_cards=1&include_ext_alt_text=true&include_quote_count=true&include_reply_count=1&tweet_mode=extended&include_entities=true&include_user_entities=true&include_ext_media_color=true&include_ext_media_availability=true&send_error_codes=true&simple_quoted_tweets=true&q=near%3AParis+since%3A1655895420+until%3A1655895600&tweet_search_mode=live&count=100&query_source=spelling_expansion_revert_click&pc=1&spelling_corrections=1&ext=mediaStats%2ChighlightedLabel
[2022-06-22 12:00:06,794] {base.py:189} INFO - Retrieved https://api.twitter.com/2/search/adaptive.json?include_profile_interstitial_type=1&include_blocking=1&include_blocked_by=1&include_followed_by=1&include_want_retweets=1&include_mute_edge=1&include_can_dm=1&include_can_media_tag=1&skip_status=1&cards_platform=Web-12&include_cards=1&include_ext_alt_text=true&include_quote_count=true&include_reply_count=1&tweet_mode=extended&include_entities=true&include_user_entities=true&include_ext_media_color=true&include_ext_media_availability=true&send_error_codes=true&simple_quoted_tweets=true&q=near%3AParis+since%3A1655895420+until%3A1655895600&tweet_search_mode=live&count=100&query_source=spelling_expansion_revert_click&pc=1&spelling_corrections=1&ext=mediaStats%2ChighlightedLabel: 200
[2022-06-22 12:00:07,723] {_transport.py:336} INFO - PUT http://localhost:9200/my_index/_doc/1539563847694139397 [status:201 duration:0.016s]
[2022-06-22 12:00:07,754] {_transport.py:336} INFO - PUT http://localhost:9200/my_index/_doc/1539563846859382786 [status:201 duration:0.008s]
[2022-06-22 12:00:07,787] {_transport.py:336} INFO - PUT http://localhost:9200/my_index/_doc/1539563846448418816 [status:201 duration:0.026s]
[2022-06-22 12:00:07,831] {_transport.py:336} INFO - PUT http://localhost:9200/my_index/_doc/1539563844636385280 [status:201 duration:0.021s]
[2022-06-22 12:00:07,887] {_transport.py:336} INFO - PUT http://localhost:9200/my_index/_doc/1539563843147505665 [status:201 duration:0.013s]
[2022-06-22 12:00:07,922] {_transport.py:336} INFO - PUT http://localhost:9200/my_index/_doc/1539563843092873217 [status:201 duration:0.017s]
[2022-06-22 12:00:07,991] {_transport.py:336} INFO - PUT http://localhost:9200/my_index/_doc/1539563842660962304 [status:201 duration:0.011s]
[2022-06-22 12:00:08,021] {_transport.py:336} INFO - PUT http://localhost:9200/my_index/_doc/1539563842644099072 [status:201 duration:0.026s]
[2022-06-22 12:00:08,064] {_transport.py:336} INFO - PUT http://localhost:9200/my_index/_doc/1539563841142530049 [status:201 duration:0.015s]
[2022-06-22 12:00:08,121] {_transport.py:336} INFO - PUT http://localhost:9200/my_index/_doc/1539563838718230528 [status:201 duration:0.024s]
[2022-06-22 12:00:08,146] {_transport.py:336} INFO - PUT http://localhost:9200/my_index/_doc/1539563837757788160 [status:201 duration:0.009s]
[2022-06-22 12:00:08,225] {_transport.py:336} INFO - PUT http://localhost:9200/my_index/_doc/1539563837493477377 [status:201 duration:0.013s]
[2022-06-22 12:00:08,287] {_transport.py:336} INFO - PUT http://localhost:9200/my_index/_doc/1539563833802403840 [status:201 duration:0.009s]
[2022-06-22 12:00:08,315] {_transport.py:336} INFO - PUT http://localhost:9200/my_index/_doc/1539563832997285895 [status:201 duration:0.016s]
[2022-06-22 12:00:08,354] {_transport.py:336} INFO - PUT http://localhost:9200/my_index/_doc/1539563832573673472 [status:201 duration:0.008s]
[2022-06-22 12:00:08,373] {_transport.py:336} INFO - PUT http://localhost:9200/my_index/_doc/1539563832066048000 [status:201 duration:0.010s]
[2022-06-22 12:00:08,374] {twitter.py:696} INFO - Retrieving scroll page scroll:thGAVUV0VFVBaAgLD1vsnQ3SoWioC-rbPK0N0qEnEV8IV6FYCJehgHREVGQVVMVDUBFQAVAAA=
[2022-06-22 12:00:08,377] {base.py:171} INFO - Retrieving https://api.twitter.com/2/search/adaptive.json?include_profile_interstitial_type=1&include_blocking=1&include_blocked_by=1&include_followed_by=1&include_want_retweets=1&include_mute_edge=1&include_can_dm=1&include_can_media_tag=1&skip_status=1&cards_platform=Web-12&include_cards=1&include_ext_alt_text=true&include_quote_count=true&include_reply_count=1&tweet_mode=extended&include_entities=true&include_user_entities=true&include_ext_media_color=true&include_ext_media_availability=true&send_error_codes=true&simple_quoted_tweets=true&q=near%3AParis+since%3A1655895420+until%3A1655895600&tweet_search_mode=live&count=100&query_source=spelling_expansion_revert_click&cursor=scroll%3AthGAVUV0VFVBaAgLD1vsnQ3SoWioC-rbPK0N0qEnEV8IV6FYCJehgHREVGQVVMVDUBFQAVAAA%3D&pc=1&spelling_corrections=1&ext=mediaStats%2ChighlightedLabel
[2022-06-22 12:00:09,113] {base.py:189} INFO - Retrieved https://api.twitter.com/2/search/adaptive.json?include_profile_interstitial_type=1&include_blocking=1&include_blocked_by=1&include_followed_by=1&include_want_retweets=1&include_mute_edge=1&include_can_dm=1&include_can_media_tag=1&skip_status=1&cards_platform=Web-12&include_cards=1&include_ext_alt_text=true&include_quote_count=true&include_reply_count=1&tweet_mode=extended&include_entities=true&include_user_entities=true&include_ext_media_color=true&include_ext_media_availability=true&send_error_codes=true&simple_quoted_tweets=true&q=near%3AParis+since%3A1655895420+until%3A1655895600&tweet_search_mode=live&count=100&query_source=spelling_expansion_revert_click&cursor=scroll%3AthGAVUV0VFVBaAgLD1vsnQ3SoWioC-rbPK0N0qEnEV8IV6FYCJehgHREVGQVVMVDUBFQAVAAA%3D&pc=1&spelling_corrections=1&ext=mediaStats%2ChighlightedLabel: 200
[2022-06-22 12:00:09,142] {_transport.py:336} INFO - PUT http://localhost:9200/my_index/_doc/1539563831407558656 [status:201 duration:0.009s]
[2022-06-22 12:00:09,167] {_transport.py:336} INFO - PUT http://localhost:9200/my_index/_doc/1539563827393601536 [status:201 duration:0.009s]
[2022-06-22 12:00:09,210] {_transport.py:336} INFO - PUT http://localhost:9200/my_index/_doc/1539563825237835778 [status:201 duration:0.026s]
[2022-06-22 12:00:09,230] {_transport.py:336} INFO - PUT http://localhost:9200/my_index/_doc/1539563824902275073 [status:201 duration:0.007s]
[2022-06-22 12:00:09,325] {_transport.py:336} INFO - PUT http://localhost:9200/my_index/_doc/1539563824080191489 [status:201 duration:0.051s]
[2022-06-22 12:00:09,400] {_transport.py:336} INFO - PUT http://localhost:9200/my_index/_doc/1539563823429992449 [status:201 duration:0.040s]
[2022-06-22 12:00:09,439] {_transport.py:336} INFO - PUT http://localhost:9200/my_index/_doc/1539563821555138563 [status:201 duration:0.012s]
[2022-06-22 12:00:09,494] {_transport.py:336} INFO - PUT http://localhost:9200/my_index/_doc/1539563819797807105 [status:201 duration:0.035s]
[2022-06-22 12:00:09,520] {_transport.py:336} INFO - PUT http://localhost:9200/my_index/_doc/1539563819093135362 [status:201 duration:0.013s]
[2022-06-22 12:00:09,587] {_transport.py:336} INFO - PUT http://localhost:9200/my_index/_doc/1539563816148733953 [status:201 duration:0.010s]
[2022-06-22 12:00:09,607] {_transport.py:336} INFO - PUT http://localhost:9200/my_index/_doc/1539563813879545856 [status:201 duration:0.008s]
[2022-06-22 12:00:09,630] {_transport.py:336} INFO - PUT http://localhost:9200/my_index/_doc/1539563812914880514 [status:201 duration:0.010s]
[2022-06-22 12:00:09,654] {_transport.py:336} INFO - PUT http://localhost:9200/my_index/_doc/1539563811363065857 [status:201 duration:0.014s]
[2022-06-22 12:00:09,680] {_transport.py:336} INFO - PUT http://localhost:9200/my_index/_doc/1539563808703881216 [status:201 duration:0.010s]
[2022-06-22 12:00:09,802] {_transport.py:336} INFO - PUT http://localhost:9200/my_index/_doc/1539563803699994625 [status:201 duration:0.010s]
[2022-06-22 12:00:09,823] {_transport.py:336} INFO - PUT http://localhost:9200/my_index/_doc/1539563803662245889 [status:201 duration:0.009s]
[2022-06-22 12:00:09,823] {twitter.py:696} INFO - Retrieving scroll page scroll:thGAVUV0VFVBaCgLOl68fQ3SoWioC-rbPK0N0qEnEV4IJ6FYCJehgHREVGQVVMVDUBFQIVAAA=
[2022-06-22 12:00:09,827] {base.py:171} INFO - Retrieving https://api.twitter.com/2/search/adaptive.json?include_profile_interstitial_type=1&include_blocking=1&include_blocked_by=1&include_followed_by=1&include_want_retweets=1&include_mute_edge=1&include_can_dm=1&include_can_media_tag=1&skip_status=1&cards_platform=Web-12&include_cards=1&include_ext_alt_text=true&include_quote_count=true&include_reply_count=1&tweet_mode=extended&include_entities=true&include_user_entities=true&include_ext_media_color=true&include_ext_media_availability=true&send_error_codes=true&simple_quoted_tweets=true&q=near%3AParis+since%3A1655895420+until%3A1655895600&tweet_search_mode=live&count=100&query_source=spelling_expansion_revert_click&cursor=scroll%3AthGAVUV0VFVBaCgLOl68fQ3SoWioC-rbPK0N0qEnEV4IJ6FYCJehgHREVGQVVMVDUBFQIVAAA%3D&pc=1&spelling_corrections=1&ext=mediaStats%2ChighlightedLabel
[2022-06-22 12:00:10,468] {base.py:189} INFO - Retrieved https://api.twitter.com/2/search/adaptive.json?include_profile_interstitial_type=1&include_blocking=1&include_blocked_by=1&include_followed_by=1&include_want_retweets=1&include_mute_edge=1&include_can_dm=1&include_can_media_tag=1&skip_status=1&cards_platform=Web-12&include_cards=1&include_ext_alt_text=true&include_quote_count=true&include_reply_count=1&tweet_mode=extended&include_entities=true&include_user_entities=true&include_ext_media_color=true&include_ext_media_availability=true&send_error_codes=true&simple_quoted_tweets=true&q=near%3AParis+since%3A1655895420+until%3A1655895600&tweet_search_mode=live&count=100&query_source=spelling_expansion_revert_click&cursor=scroll%3AthGAVUV0VFVBaCgLOl68fQ3SoWioC-rbPK0N0qEnEV4IJ6FYCJehgHREVGQVVMVDUBFQIVAAA%3D&pc=1&spelling_corrections=1&ext=mediaStats%2ChighlightedLabel: 200
[2022-06-22 12:00:10,499] {_transport.py:336} INFO - PUT http://localhost:9200/my_index/_doc/1539563803607793665 [status:201 duration:0.010s]
[2022-06-22 12:00:10,520] {_transport.py:336} INFO - PUT http://localhost:9200/my_index/_doc/1539563802517192704 [status:201 duration:0.009s]
[2022-06-22 12:00:10,559] {_transport.py:336} INFO - PUT http://localhost:9200/my_index/_doc/1539563802001293314 [status:201 duration:0.013s]
[2022-06-22 12:00:10,580] {_transport.py:336} INFO - PUT http://localhost:9200/my_index/_doc/1539563801862934528 [status:201 duration:0.007s]
[2022-06-22 12:00:10,606] {_transport.py:336} INFO - PUT http://localhost:9200/my_index/_doc/1539563801581948929 [status:201 duration:0.006s]
[2022-06-22 12:00:10,639] {_transport.py:336} INFO - PUT http://localhost:9200/my_index/_doc/1539563800667594753 [status:201 duration:0.009s]
[2022-06-22 12:00:10,667] {_transport.py:336} INFO - PUT http://localhost:9200/my_index/_doc/1539563798721331202 [status:201 duration:0.009s]
[2022-06-22 12:00:10,682] {_transport.py:336} INFO - PUT http://localhost:9200/my_index/_doc/1539563796875845632 [status:201 duration:0.008s]
[2022-06-22 12:00:10,708] {_transport.py:336} INFO - PUT http://localhost:9200/my_index/_doc/1539563793298096128 [status:201 duration:0.012s]
[2022-06-22 12:00:10,728] {python.py:173} INFO - Done. Returned value was: None
[2022-06-22 12:00:10,743] {taskinstance.py:1396} INFO - Marking task as SUCCESS. dag_id=data_pipeline, task_id=tweets_to_es, execution_date=20220622T105700, start_date=20220622T110004, end_date=20220622T110010
[2022-06-22 12:00:10,832] {local_task_job.py:156} INFO - Task exited with return code 0
[2022-06-22 12:00:10,868] {local_task_job.py:273} INFO - 0 downstream tasks scheduled from follow-on schedule check
