[2022-06-07 22:45:02,494] {taskinstance.py:1160} INFO - Dependencies all met for <TaskInstance: data_pipeline.tweets_to_es scheduled__2022-06-07T21:42:00+00:00 [queued]>
[2022-06-07 22:45:02,500] {taskinstance.py:1160} INFO - Dependencies all met for <TaskInstance: data_pipeline.tweets_to_es scheduled__2022-06-07T21:42:00+00:00 [queued]>
[2022-06-07 22:45:02,500] {taskinstance.py:1357} INFO - 
--------------------------------------------------------------------------------
[2022-06-07 22:45:02,500] {taskinstance.py:1358} INFO - Starting attempt 1 of 1
[2022-06-07 22:45:02,500] {taskinstance.py:1359} INFO - 
--------------------------------------------------------------------------------
[2022-06-07 22:45:02,510] {taskinstance.py:1378} INFO - Executing <Task(PythonOperator): tweets_to_es> on 2022-06-07 21:42:00+00:00
[2022-06-07 22:45:02,513] {standard_task_runner.py:52} INFO - Started process 4859 to run task
[2022-06-07 22:45:02,516] {standard_task_runner.py:79} INFO - Running: ['airflow', 'tasks', 'run', 'data_pipeline', 'tweets_to_es', 'scheduled__2022-06-07T21:42:00+00:00', '--job-id', '4', '--raw', '--subdir', 'DAGS_FOLDER/airfow_es.py', '--cfg-path', '/tmp/tmpa4wruunm', '--error-file', '/tmp/tmpgm1ve2ez']
[2022-06-07 22:45:02,516] {standard_task_runner.py:80} INFO - Job 4: Subtask tweets_to_es
[2022-06-07 22:45:02,548] {task_command.py:370} INFO - Running <TaskInstance: data_pipeline.tweets_to_es scheduled__2022-06-07T21:42:00+00:00 [running]> on host oury-Tp
[2022-06-07 22:45:02,588] {taskinstance.py:1570} INFO - Exporting the following env vars:
AIRFLOW_CTX_DAG_OWNER=airflow
AIRFLOW_CTX_DAG_ID=data_pipeline
AIRFLOW_CTX_TASK_ID=tweets_to_es
AIRFLOW_CTX_EXECUTION_DATE=2022-06-07T21:42:00+00:00
AIRFLOW_CTX_TRY_NUMBER=1
AIRFLOW_CTX_DAG_RUN_ID=scheduled__2022-06-07T21:42:00+00:00
[2022-06-07 22:45:02,589] {twitter.py:696} INFO - Retrieving scroll page None
[2022-06-07 22:45:02,589] {twitter.py:626} INFO - Retrieving guest token
[2022-06-07 22:45:02,591] {base.py:171} INFO - Retrieving https://twitter.com/search?f=live&lang=en&q=near%3AParis+since%3A1654638122+until%3A1654638302&src=spelling_expansion_revert_click
[2022-06-07 22:45:04,252] {base.py:189} INFO - Retrieved https://twitter.com/search?f=live&lang=en&q=near%3AParis+since%3A1654638122+until%3A1654638302&src=spelling_expansion_revert_click: 200
[2022-06-07 22:45:04,254] {base.py:171} INFO - Retrieving https://api.twitter.com/2/search/adaptive.json?include_profile_interstitial_type=1&include_blocking=1&include_blocked_by=1&include_followed_by=1&include_want_retweets=1&include_mute_edge=1&include_can_dm=1&include_can_media_tag=1&skip_status=1&cards_platform=Web-12&include_cards=1&include_ext_alt_text=true&include_quote_count=true&include_reply_count=1&tweet_mode=extended&include_entities=true&include_user_entities=true&include_ext_media_color=true&include_ext_media_availability=true&send_error_codes=true&simple_quoted_tweets=true&q=near%3AParis+since%3A1654638122+until%3A1654638302&tweet_search_mode=live&count=100&query_source=spelling_expansion_revert_click&pc=1&spelling_corrections=1&ext=mediaStats%2ChighlightedLabel
[2022-06-07 22:45:05,317] {base.py:189} INFO - Retrieved https://api.twitter.com/2/search/adaptive.json?include_profile_interstitial_type=1&include_blocking=1&include_blocked_by=1&include_followed_by=1&include_want_retweets=1&include_mute_edge=1&include_can_dm=1&include_can_media_tag=1&skip_status=1&cards_platform=Web-12&include_cards=1&include_ext_alt_text=true&include_quote_count=true&include_reply_count=1&tweet_mode=extended&include_entities=true&include_user_entities=true&include_ext_media_color=true&include_ext_media_availability=true&send_error_codes=true&simple_quoted_tweets=true&q=near%3AParis+since%3A1654638122+until%3A1654638302&tweet_search_mode=live&count=100&query_source=spelling_expansion_revert_click&pc=1&spelling_corrections=1&ext=mediaStats%2ChighlightedLabel: 200
[2022-06-07 22:45:05,715] {_transport.py:336} INFO - PUT http://localhost:9200/my_index/_doc/1534290355734069250 [status:201 duration:0.010s]
[2022-06-07 22:45:05,740] {_transport.py:336} INFO - PUT http://localhost:9200/my_index/_doc/1534290352655413248 [status:201 duration:0.012s]
[2022-06-07 22:45:05,755] {_transport.py:336} INFO - PUT http://localhost:9200/my_index/_doc/1534290351980171266 [status:201 duration:0.006s]
[2022-06-07 22:45:05,775] {_transport.py:336} INFO - PUT http://localhost:9200/my_index/_doc/1534290351376240640 [status:201 duration:0.007s]
[2022-06-07 22:45:05,790] {_transport.py:336} INFO - PUT http://localhost:9200/my_index/_doc/1534290350424072193 [status:201 duration:0.008s]
[2022-06-07 22:45:05,805] {_transport.py:336} INFO - PUT http://localhost:9200/my_index/_doc/1534290349132328963 [status:201 duration:0.008s]
[2022-06-07 22:45:05,834] {_transport.py:336} INFO - PUT http://localhost:9200/my_index/_doc/1534290346796015617 [status:201 duration:0.007s]
[2022-06-07 22:45:05,884] {_transport.py:336} INFO - PUT http://localhost:9200/my_index/_doc/1534290345189597186 [status:201 duration:0.008s]
[2022-06-07 22:45:05,896] {_transport.py:336} INFO - PUT http://localhost:9200/my_index/_doc/1534290344858337280 [status:201 duration:0.007s]
[2022-06-07 22:45:05,908] {_transport.py:336} INFO - PUT http://localhost:9200/my_index/_doc/1534290341825859585 [status:201 duration:0.006s]
[2022-06-07 22:45:05,937] {_transport.py:336} INFO - PUT http://localhost:9200/my_index/_doc/1534290341268004864 [status:201 duration:0.006s]
[2022-06-07 22:45:05,943] {twitter.py:696} INFO - Retrieving scroll page scroll:thGAVUV0VFVBaWgL3l9LvyyioWhICyveK88soqEnEV8IV6FYCJehgHREVGQVVMVDUBFQAVAAA=
[2022-06-07 22:45:05,945] {base.py:171} INFO - Retrieving https://api.twitter.com/2/search/adaptive.json?include_profile_interstitial_type=1&include_blocking=1&include_blocked_by=1&include_followed_by=1&include_want_retweets=1&include_mute_edge=1&include_can_dm=1&include_can_media_tag=1&skip_status=1&cards_platform=Web-12&include_cards=1&include_ext_alt_text=true&include_quote_count=true&include_reply_count=1&tweet_mode=extended&include_entities=true&include_user_entities=true&include_ext_media_color=true&include_ext_media_availability=true&send_error_codes=true&simple_quoted_tweets=true&q=near%3AParis+since%3A1654638122+until%3A1654638302&tweet_search_mode=live&count=100&query_source=spelling_expansion_revert_click&cursor=scroll%3AthGAVUV0VFVBaWgL3l9LvyyioWhICyveK88soqEnEV8IV6FYCJehgHREVGQVVMVDUBFQAVAAA%3D&pc=1&spelling_corrections=1&ext=mediaStats%2ChighlightedLabel
[2022-06-07 22:45:06,851] {base.py:189} INFO - Retrieved https://api.twitter.com/2/search/adaptive.json?include_profile_interstitial_type=1&include_blocking=1&include_blocked_by=1&include_followed_by=1&include_want_retweets=1&include_mute_edge=1&include_can_dm=1&include_can_media_tag=1&skip_status=1&cards_platform=Web-12&include_cards=1&include_ext_alt_text=true&include_quote_count=true&include_reply_count=1&tweet_mode=extended&include_entities=true&include_user_entities=true&include_ext_media_color=true&include_ext_media_availability=true&send_error_codes=true&simple_quoted_tweets=true&q=near%3AParis+since%3A1654638122+until%3A1654638302&tweet_search_mode=live&count=100&query_source=spelling_expansion_revert_click&cursor=scroll%3AthGAVUV0VFVBaWgL3l9LvyyioWhICyveK88soqEnEV8IV6FYCJehgHREVGQVVMVDUBFQAVAAA%3D&pc=1&spelling_corrections=1&ext=mediaStats%2ChighlightedLabel: 200
[2022-06-07 22:45:06,866] {_transport.py:336} INFO - PUT http://localhost:9200/my_index/_doc/1534290340655648768 [status:201 duration:0.008s]
[2022-06-07 22:45:06,883] {_transport.py:336} INFO - PUT http://localhost:9200/my_index/_doc/1534290340454211584 [status:201 duration:0.010s]
[2022-06-07 22:45:06,905] {_transport.py:336} INFO - PUT http://localhost:9200/my_index/_doc/1534290340412276739 [status:201 duration:0.010s]
[2022-06-07 22:45:06,926] {_transport.py:336} INFO - PUT http://localhost:9200/my_index/_doc/1534290340345167872 [status:201 duration:0.007s]
[2022-06-07 22:45:06,950] {_transport.py:336} INFO - PUT http://localhost:9200/my_index/_doc/1534290339091070982 [status:201 duration:0.007s]
[2022-06-07 22:45:06,962] {_transport.py:336} INFO - PUT http://localhost:9200/my_index/_doc/1534290337782456322 [status:201 duration:0.006s]
[2022-06-07 22:45:06,982] {_transport.py:336} INFO - PUT http://localhost:9200/my_index/_doc/1534290336809472000 [status:201 duration:0.007s]
[2022-06-07 22:45:07,003] {_transport.py:336} INFO - PUT http://localhost:9200/my_index/_doc/1534290336591257604 [status:201 duration:0.006s]
[2022-06-07 22:45:07,015] {_transport.py:336} INFO - PUT http://localhost:9200/my_index/_doc/1534290336457031680 [status:201 duration:0.007s]
[2022-06-07 22:45:07,042] {_transport.py:336} INFO - PUT http://localhost:9200/my_index/_doc/1534290334934614016 [status:201 duration:0.006s]
[2022-06-07 22:45:07,069] {_transport.py:336} INFO - PUT http://localhost:9200/my_index/_doc/1534290333751820289 [status:201 duration:0.006s]
[2022-06-07 22:45:07,106] {_transport.py:336} INFO - PUT http://localhost:9200/my_index/_doc/1534290329372852225 [status:201 duration:0.007s]
[2022-06-07 22:45:07,106] {twitter.py:696} INFO - Retrieving scroll page scroll:thGAVUV0VFVBaCgLCJnrvyyioWhICyveK88soqEnEV4IJ6FYCJehgHREVGQVVMVDUBFQIVAAA=
[2022-06-07 22:45:07,109] {base.py:171} INFO - Retrieving https://api.twitter.com/2/search/adaptive.json?include_profile_interstitial_type=1&include_blocking=1&include_blocked_by=1&include_followed_by=1&include_want_retweets=1&include_mute_edge=1&include_can_dm=1&include_can_media_tag=1&skip_status=1&cards_platform=Web-12&include_cards=1&include_ext_alt_text=true&include_quote_count=true&include_reply_count=1&tweet_mode=extended&include_entities=true&include_user_entities=true&include_ext_media_color=true&include_ext_media_availability=true&send_error_codes=true&simple_quoted_tweets=true&q=near%3AParis+since%3A1654638122+until%3A1654638302&tweet_search_mode=live&count=100&query_source=spelling_expansion_revert_click&cursor=scroll%3AthGAVUV0VFVBaCgLCJnrvyyioWhICyveK88soqEnEV4IJ6FYCJehgHREVGQVVMVDUBFQIVAAA%3D&pc=1&spelling_corrections=1&ext=mediaStats%2ChighlightedLabel
[2022-06-07 22:45:08,045] {base.py:189} INFO - Retrieved https://api.twitter.com/2/search/adaptive.json?include_profile_interstitial_type=1&include_blocking=1&include_blocked_by=1&include_followed_by=1&include_want_retweets=1&include_mute_edge=1&include_can_dm=1&include_can_media_tag=1&skip_status=1&cards_platform=Web-12&include_cards=1&include_ext_alt_text=true&include_quote_count=true&include_reply_count=1&tweet_mode=extended&include_entities=true&include_user_entities=true&include_ext_media_color=true&include_ext_media_availability=true&send_error_codes=true&simple_quoted_tweets=true&q=near%3AParis+since%3A1654638122+until%3A1654638302&tweet_search_mode=live&count=100&query_source=spelling_expansion_revert_click&cursor=scroll%3AthGAVUV0VFVBaCgLCJnrvyyioWhICyveK88soqEnEV4IJ6FYCJehgHREVGQVVMVDUBFQIVAAA%3D&pc=1&spelling_corrections=1&ext=mediaStats%2ChighlightedLabel: 200
[2022-06-07 22:45:08,064] {_transport.py:336} INFO - PUT http://localhost:9200/my_index/_doc/1534290324943687681 [status:201 duration:0.008s]
[2022-06-07 22:45:08,085] {_transport.py:336} INFO - PUT http://localhost:9200/my_index/_doc/1534290324851412992 [status:201 duration:0.007s]
[2022-06-07 22:45:08,095] {_transport.py:336} INFO - PUT http://localhost:9200/my_index/_doc/1534290324465541122 [status:201 duration:0.006s]
[2022-06-07 22:45:08,106] {_transport.py:336} INFO - PUT http://localhost:9200/my_index/_doc/1534290321605107713 [status:201 duration:0.007s]
[2022-06-07 22:45:08,121] {_transport.py:336} INFO - PUT http://localhost:9200/my_index/_doc/1534290321588224001 [status:201 duration:0.006s]
[2022-06-07 22:45:08,174] {_transport.py:336} INFO - PUT http://localhost:9200/my_index/_doc/1534290317465223174 [status:201 duration:0.007s]
[2022-06-07 22:45:08,180] {python.py:173} INFO - Done. Returned value was: None
[2022-06-07 22:45:08,187] {taskinstance.py:1396} INFO - Marking task as SUCCESS. dag_id=data_pipeline, task_id=tweets_to_es, execution_date=20220607T214200, start_date=20220607T214502, end_date=20220607T214508
[2022-06-07 22:45:08,208] {local_task_job.py:156} INFO - Task exited with return code 0
[2022-06-07 22:45:08,218] {local_task_job.py:273} INFO - 0 downstream tasks scheduled from follow-on schedule check
