[2022-07-31 01:00:19,348] {processor.py:153} INFO - Started process (PID=11798) to work on /home/oury/airflow/dags/airfow_es.py
[2022-07-31 01:00:19,350] {processor.py:641} INFO - Processing file /home/oury/airflow/dags/airfow_es.py for tasks to queue
[2022-07-31 01:00:19,351] {logging_mixin.py:115} INFO - [2022-07-31 01:00:19,351] {dagbag.py:507} INFO - Filling up the DagBag from /home/oury/airflow/dags/airfow_es.py
[2022-07-31 01:17:51,370] {processor.py:153} INFO - Started process (PID=5625) to work on /home/oury/airflow/dags/airfow_es.py
[2022-07-31 01:17:51,371] {processor.py:641} INFO - Processing file /home/oury/airflow/dags/airfow_es.py for tasks to queue
[2022-07-31 01:17:51,371] {logging_mixin.py:115} INFO - [2022-07-31 01:17:51,371] {dagbag.py:507} INFO - Filling up the DagBag from /home/oury/airflow/dags/airfow_es.py
[2022-07-31 01:17:51,411] {processor.py:653} WARNING - No viable dags retrieved from /home/oury/airflow/dags/airfow_es.py
[2022-07-31 01:17:51,420] {processor.py:161} INFO - Processing /home/oury/airflow/dags/airfow_es.py took 0.052 seconds
[2022-07-31 01:18:40,981] {processor.py:153} INFO - Started process (PID=5830) to work on /home/oury/airflow/dags/airfow_es.py
[2022-07-31 01:18:40,981] {processor.py:641} INFO - Processing file /home/oury/airflow/dags/airfow_es.py for tasks to queue
[2022-07-31 01:18:40,982] {logging_mixin.py:115} INFO - [2022-07-31 01:18:40,982] {dagbag.py:507} INFO - Filling up the DagBag from /home/oury/airflow/dags/airfow_es.py
[2022-07-31 01:18:40,983] {processor.py:653} WARNING - No viable dags retrieved from /home/oury/airflow/dags/airfow_es.py
[2022-07-31 01:18:40,991] {processor.py:161} INFO - Processing /home/oury/airflow/dags/airfow_es.py took 0.012 seconds
[2022-07-31 01:19:19,414] {processor.py:153} INFO - Started process (PID=6190) to work on /home/oury/airflow/dags/airfow_es.py
[2022-07-31 01:19:19,415] {processor.py:641} INFO - Processing file /home/oury/airflow/dags/airfow_es.py for tasks to queue
[2022-07-31 01:19:19,416] {logging_mixin.py:115} INFO - [2022-07-31 01:19:19,416] {dagbag.py:507} INFO - Filling up the DagBag from /home/oury/airflow/dags/airfow_es.py
[2022-07-31 01:19:19,417] {processor.py:653} WARNING - No viable dags retrieved from /home/oury/airflow/dags/airfow_es.py
[2022-07-31 01:19:19,426] {processor.py:161} INFO - Processing /home/oury/airflow/dags/airfow_es.py took 0.015 seconds
[2022-07-31 01:19:26,002] {processor.py:153} INFO - Started process (PID=6201) to work on /home/oury/airflow/dags/airfow_es.py
[2022-07-31 01:19:26,003] {processor.py:641} INFO - Processing file /home/oury/airflow/dags/airfow_es.py for tasks to queue
[2022-07-31 01:19:26,004] {logging_mixin.py:115} INFO - [2022-07-31 01:19:26,003] {dagbag.py:507} INFO - Filling up the DagBag from /home/oury/airflow/dags/airfow_es.py
[2022-07-31 01:19:26,005] {processor.py:653} WARNING - No viable dags retrieved from /home/oury/airflow/dags/airfow_es.py
[2022-07-31 01:19:26,013] {processor.py:161} INFO - Processing /home/oury/airflow/dags/airfow_es.py took 0.014 seconds
[2022-07-31 01:19:35,053] {processor.py:153} INFO - Started process (PID=6213) to work on /home/oury/airflow/dags/airfow_es.py
[2022-07-31 01:19:35,054] {processor.py:641} INFO - Processing file /home/oury/airflow/dags/airfow_es.py for tasks to queue
[2022-07-31 01:19:35,054] {logging_mixin.py:115} INFO - [2022-07-31 01:19:35,054] {dagbag.py:507} INFO - Filling up the DagBag from /home/oury/airflow/dags/airfow_es.py
[2022-07-31 01:19:35,056] {processor.py:653} WARNING - No viable dags retrieved from /home/oury/airflow/dags/airfow_es.py
[2022-07-31 01:19:35,064] {processor.py:161} INFO - Processing /home/oury/airflow/dags/airfow_es.py took 0.012 seconds
[2022-07-31 01:19:46,369] {processor.py:153} INFO - Started process (PID=6285) to work on /home/oury/airflow/dags/airfow_es.py
[2022-07-31 01:19:46,369] {processor.py:641} INFO - Processing file /home/oury/airflow/dags/airfow_es.py for tasks to queue
[2022-07-31 01:19:46,370] {logging_mixin.py:115} INFO - [2022-07-31 01:19:46,370] {dagbag.py:507} INFO - Filling up the DagBag from /home/oury/airflow/dags/airfow_es.py
[2022-07-31 01:19:46,371] {processor.py:653} WARNING - No viable dags retrieved from /home/oury/airflow/dags/airfow_es.py
[2022-07-31 01:19:46,379] {processor.py:161} INFO - Processing /home/oury/airflow/dags/airfow_es.py took 0.012 seconds
[2022-07-31 01:19:59,397] {processor.py:153} INFO - Started process (PID=6366) to work on /home/oury/airflow/dags/airfow_es.py
[2022-07-31 01:19:59,397] {processor.py:641} INFO - Processing file /home/oury/airflow/dags/airfow_es.py for tasks to queue
[2022-07-31 01:19:59,398] {logging_mixin.py:115} INFO - [2022-07-31 01:19:59,398] {dagbag.py:507} INFO - Filling up the DagBag from /home/oury/airflow/dags/airfow_es.py
[2022-07-31 01:19:59,399] {processor.py:653} WARNING - No viable dags retrieved from /home/oury/airflow/dags/airfow_es.py
[2022-07-31 01:19:59,408] {processor.py:161} INFO - Processing /home/oury/airflow/dags/airfow_es.py took 0.013 seconds
[2022-07-31 01:20:10,314] {processor.py:153} INFO - Started process (PID=6438) to work on /home/oury/airflow/dags/airfow_es.py
[2022-07-31 01:20:10,314] {processor.py:641} INFO - Processing file /home/oury/airflow/dags/airfow_es.py for tasks to queue
[2022-07-31 01:20:10,315] {logging_mixin.py:115} INFO - [2022-07-31 01:20:10,314] {dagbag.py:507} INFO - Filling up the DagBag from /home/oury/airflow/dags/airfow_es.py
[2022-07-31 01:20:10,315] {processor.py:653} WARNING - No viable dags retrieved from /home/oury/airflow/dags/airfow_es.py
[2022-07-31 01:20:10,324] {processor.py:161} INFO - Processing /home/oury/airflow/dags/airfow_es.py took 0.012 seconds
[2022-07-31 01:20:22,458] {processor.py:153} INFO - Started process (PID=6526) to work on /home/oury/airflow/dags/airfow_es.py
[2022-07-31 01:20:22,459] {processor.py:641} INFO - Processing file /home/oury/airflow/dags/airfow_es.py for tasks to queue
[2022-07-31 01:20:22,459] {logging_mixin.py:115} INFO - [2022-07-31 01:20:22,459] {dagbag.py:507} INFO - Filling up the DagBag from /home/oury/airflow/dags/airfow_es.py
[2022-07-31 01:20:22,460] {processor.py:653} WARNING - No viable dags retrieved from /home/oury/airflow/dags/airfow_es.py
[2022-07-31 01:20:22,468] {processor.py:161} INFO - Processing /home/oury/airflow/dags/airfow_es.py took 0.012 seconds
[2022-07-31 01:20:34,081] {processor.py:153} INFO - Started process (PID=6634) to work on /home/oury/airflow/dags/airfow_es.py
[2022-07-31 01:20:34,081] {processor.py:641} INFO - Processing file /home/oury/airflow/dags/airfow_es.py for tasks to queue
[2022-07-31 01:20:34,081] {logging_mixin.py:115} INFO - [2022-07-31 01:20:34,081] {dagbag.py:507} INFO - Filling up the DagBag from /home/oury/airflow/dags/airfow_es.py
[2022-07-31 01:20:34,082] {processor.py:653} WARNING - No viable dags retrieved from /home/oury/airflow/dags/airfow_es.py
[2022-07-31 01:20:34,091] {processor.py:161} INFO - Processing /home/oury/airflow/dags/airfow_es.py took 0.012 seconds
[2022-07-31 01:20:44,410] {processor.py:153} INFO - Started process (PID=6657) to work on /home/oury/airflow/dags/airfow_es.py
[2022-07-31 01:20:44,411] {processor.py:641} INFO - Processing file /home/oury/airflow/dags/airfow_es.py for tasks to queue
[2022-07-31 01:20:44,411] {logging_mixin.py:115} INFO - [2022-07-31 01:20:44,411] {dagbag.py:507} INFO - Filling up the DagBag from /home/oury/airflow/dags/airfow_es.py
[2022-07-31 01:20:44,412] {processor.py:653} WARNING - No viable dags retrieved from /home/oury/airflow/dags/airfow_es.py
[2022-07-31 01:20:44,423] {processor.py:161} INFO - Processing /home/oury/airflow/dags/airfow_es.py took 0.015 seconds
[2022-07-31 01:20:54,791] {processor.py:153} INFO - Started process (PID=6713) to work on /home/oury/airflow/dags/airfow_es.py
[2022-07-31 01:20:54,792] {processor.py:641} INFO - Processing file /home/oury/airflow/dags/airfow_es.py for tasks to queue
[2022-07-31 01:20:54,792] {logging_mixin.py:115} INFO - [2022-07-31 01:20:54,792] {dagbag.py:507} INFO - Filling up the DagBag from /home/oury/airflow/dags/airfow_es.py
[2022-07-31 01:20:54,793] {processor.py:653} WARNING - No viable dags retrieved from /home/oury/airflow/dags/airfow_es.py
[2022-07-31 01:20:54,802] {processor.py:161} INFO - Processing /home/oury/airflow/dags/airfow_es.py took 0.014 seconds
[2022-07-31 01:21:05,090] {processor.py:153} INFO - Started process (PID=6852) to work on /home/oury/airflow/dags/airfow_es.py
[2022-07-31 01:21:05,090] {processor.py:641} INFO - Processing file /home/oury/airflow/dags/airfow_es.py for tasks to queue
[2022-07-31 01:21:05,091] {logging_mixin.py:115} INFO - [2022-07-31 01:21:05,091] {dagbag.py:507} INFO - Filling up the DagBag from /home/oury/airflow/dags/airfow_es.py
[2022-07-31 01:21:05,092] {processor.py:653} WARNING - No viable dags retrieved from /home/oury/airflow/dags/airfow_es.py
[2022-07-31 01:21:05,100] {processor.py:161} INFO - Processing /home/oury/airflow/dags/airfow_es.py took 0.012 seconds
[2022-07-31 01:21:16,661] {processor.py:153} INFO - Started process (PID=6904) to work on /home/oury/airflow/dags/airfow_es.py
[2022-07-31 01:21:16,662] {processor.py:641} INFO - Processing file /home/oury/airflow/dags/airfow_es.py for tasks to queue
[2022-07-31 01:21:16,662] {logging_mixin.py:115} INFO - [2022-07-31 01:21:16,662] {dagbag.py:507} INFO - Filling up the DagBag from /home/oury/airflow/dags/airfow_es.py
[2022-07-31 01:21:16,663] {processor.py:653} WARNING - No viable dags retrieved from /home/oury/airflow/dags/airfow_es.py
[2022-07-31 01:21:16,671] {processor.py:161} INFO - Processing /home/oury/airflow/dags/airfow_es.py took 0.012 seconds
[2022-07-31 01:21:26,154] {processor.py:153} INFO - Started process (PID=6920) to work on /home/oury/airflow/dags/airfow_es.py
[2022-07-31 01:21:26,154] {processor.py:641} INFO - Processing file /home/oury/airflow/dags/airfow_es.py for tasks to queue
[2022-07-31 01:21:26,155] {logging_mixin.py:115} INFO - [2022-07-31 01:21:26,155] {dagbag.py:507} INFO - Filling up the DagBag from /home/oury/airflow/dags/airfow_es.py
[2022-07-31 01:21:26,156] {processor.py:653} WARNING - No viable dags retrieved from /home/oury/airflow/dags/airfow_es.py
[2022-07-31 01:21:26,164] {processor.py:161} INFO - Processing /home/oury/airflow/dags/airfow_es.py took 0.012 seconds
[2022-07-31 01:21:36,230] {processor.py:153} INFO - Started process (PID=6937) to work on /home/oury/airflow/dags/airfow_es.py
[2022-07-31 01:21:36,230] {processor.py:641} INFO - Processing file /home/oury/airflow/dags/airfow_es.py for tasks to queue
[2022-07-31 01:21:36,231] {logging_mixin.py:115} INFO - [2022-07-31 01:21:36,231] {dagbag.py:507} INFO - Filling up the DagBag from /home/oury/airflow/dags/airfow_es.py
[2022-07-31 01:21:36,232] {processor.py:653} WARNING - No viable dags retrieved from /home/oury/airflow/dags/airfow_es.py
[2022-07-31 01:21:36,240] {processor.py:161} INFO - Processing /home/oury/airflow/dags/airfow_es.py took 0.012 seconds
[2022-07-31 01:21:46,654] {processor.py:153} INFO - Started process (PID=6961) to work on /home/oury/airflow/dags/airfow_es.py
[2022-07-31 01:21:46,654] {processor.py:641} INFO - Processing file /home/oury/airflow/dags/airfow_es.py for tasks to queue
[2022-07-31 01:21:46,655] {logging_mixin.py:115} INFO - [2022-07-31 01:21:46,654] {dagbag.py:507} INFO - Filling up the DagBag from /home/oury/airflow/dags/airfow_es.py
[2022-07-31 01:21:46,656] {processor.py:653} WARNING - No viable dags retrieved from /home/oury/airflow/dags/airfow_es.py
[2022-07-31 01:21:46,664] {processor.py:161} INFO - Processing /home/oury/airflow/dags/airfow_es.py took 0.012 seconds
[2022-07-31 01:21:57,605] {processor.py:153} INFO - Started process (PID=7291) to work on /home/oury/airflow/dags/airfow_es.py
[2022-07-31 01:21:57,606] {processor.py:641} INFO - Processing file /home/oury/airflow/dags/airfow_es.py for tasks to queue
[2022-07-31 01:21:57,606] {logging_mixin.py:115} INFO - [2022-07-31 01:21:57,606] {dagbag.py:507} INFO - Filling up the DagBag from /home/oury/airflow/dags/airfow_es.py
[2022-07-31 01:21:57,607] {processor.py:653} WARNING - No viable dags retrieved from /home/oury/airflow/dags/airfow_es.py
[2022-07-31 01:21:57,616] {processor.py:161} INFO - Processing /home/oury/airflow/dags/airfow_es.py took 0.013 seconds
[2022-07-31 01:22:09,577] {processor.py:153} INFO - Started process (PID=7337) to work on /home/oury/airflow/dags/airfow_es.py
[2022-07-31 01:22:09,585] {processor.py:641} INFO - Processing file /home/oury/airflow/dags/airfow_es.py for tasks to queue
[2022-07-31 01:22:09,586] {logging_mixin.py:115} INFO - [2022-07-31 01:22:09,586] {dagbag.py:507} INFO - Filling up the DagBag from /home/oury/airflow/dags/airfow_es.py
[2022-07-31 01:22:09,588] {processor.py:653} WARNING - No viable dags retrieved from /home/oury/airflow/dags/airfow_es.py
[2022-07-31 01:22:09,601] {processor.py:161} INFO - Processing /home/oury/airflow/dags/airfow_es.py took 0.029 seconds
[2022-07-31 01:22:21,216] {processor.py:153} INFO - Started process (PID=7377) to work on /home/oury/airflow/dags/airfow_es.py
[2022-07-31 01:22:21,216] {processor.py:641} INFO - Processing file /home/oury/airflow/dags/airfow_es.py for tasks to queue
[2022-07-31 01:22:21,217] {logging_mixin.py:115} INFO - [2022-07-31 01:22:21,217] {dagbag.py:507} INFO - Filling up the DagBag from /home/oury/airflow/dags/airfow_es.py
[2022-07-31 01:22:21,218] {processor.py:653} WARNING - No viable dags retrieved from /home/oury/airflow/dags/airfow_es.py
[2022-07-31 01:22:21,226] {processor.py:161} INFO - Processing /home/oury/airflow/dags/airfow_es.py took 0.012 seconds
[2022-07-31 01:22:31,457] {processor.py:153} INFO - Started process (PID=7411) to work on /home/oury/airflow/dags/airfow_es.py
[2022-07-31 01:22:31,458] {processor.py:641} INFO - Processing file /home/oury/airflow/dags/airfow_es.py for tasks to queue
[2022-07-31 01:22:31,458] {logging_mixin.py:115} INFO - [2022-07-31 01:22:31,458] {dagbag.py:507} INFO - Filling up the DagBag from /home/oury/airflow/dags/airfow_es.py
[2022-07-31 01:22:31,459] {processor.py:653} WARNING - No viable dags retrieved from /home/oury/airflow/dags/airfow_es.py
[2022-07-31 01:22:31,467] {processor.py:161} INFO - Processing /home/oury/airflow/dags/airfow_es.py took 0.012 seconds
[2022-07-31 01:22:42,002] {processor.py:153} INFO - Started process (PID=7484) to work on /home/oury/airflow/dags/airfow_es.py
[2022-07-31 01:22:42,003] {processor.py:641} INFO - Processing file /home/oury/airflow/dags/airfow_es.py for tasks to queue
[2022-07-31 01:22:42,003] {logging_mixin.py:115} INFO - [2022-07-31 01:22:42,003] {dagbag.py:507} INFO - Filling up the DagBag from /home/oury/airflow/dags/airfow_es.py
[2022-07-31 01:22:42,004] {processor.py:653} WARNING - No viable dags retrieved from /home/oury/airflow/dags/airfow_es.py
[2022-07-31 01:22:42,012] {processor.py:161} INFO - Processing /home/oury/airflow/dags/airfow_es.py took 0.012 seconds
[2022-07-31 01:22:52,625] {processor.py:153} INFO - Started process (PID=7540) to work on /home/oury/airflow/dags/airfow_es.py
[2022-07-31 01:22:52,625] {processor.py:641} INFO - Processing file /home/oury/airflow/dags/airfow_es.py for tasks to queue
[2022-07-31 01:22:52,626] {logging_mixin.py:115} INFO - [2022-07-31 01:22:52,626] {dagbag.py:507} INFO - Filling up the DagBag from /home/oury/airflow/dags/airfow_es.py
[2022-07-31 01:22:52,627] {processor.py:653} WARNING - No viable dags retrieved from /home/oury/airflow/dags/airfow_es.py
[2022-07-31 01:22:52,635] {processor.py:161} INFO - Processing /home/oury/airflow/dags/airfow_es.py took 0.012 seconds
[2022-07-31 01:23:03,045] {processor.py:153} INFO - Started process (PID=7572) to work on /home/oury/airflow/dags/airfow_es.py
[2022-07-31 01:23:03,046] {processor.py:641} INFO - Processing file /home/oury/airflow/dags/airfow_es.py for tasks to queue
[2022-07-31 01:23:03,046] {logging_mixin.py:115} INFO - [2022-07-31 01:23:03,046] {dagbag.py:507} INFO - Filling up the DagBag from /home/oury/airflow/dags/airfow_es.py
[2022-07-31 01:23:03,047] {processor.py:653} WARNING - No viable dags retrieved from /home/oury/airflow/dags/airfow_es.py
[2022-07-31 01:23:03,055] {processor.py:161} INFO - Processing /home/oury/airflow/dags/airfow_es.py took 0.012 seconds
[2022-07-31 01:23:13,878] {processor.py:153} INFO - Started process (PID=7597) to work on /home/oury/airflow/dags/airfow_es.py
[2022-07-31 01:23:13,878] {processor.py:641} INFO - Processing file /home/oury/airflow/dags/airfow_es.py for tasks to queue
[2022-07-31 01:23:13,878] {logging_mixin.py:115} INFO - [2022-07-31 01:23:13,878] {dagbag.py:507} INFO - Filling up the DagBag from /home/oury/airflow/dags/airfow_es.py
[2022-07-31 01:23:13,879] {processor.py:653} WARNING - No viable dags retrieved from /home/oury/airflow/dags/airfow_es.py
[2022-07-31 01:23:13,887] {processor.py:161} INFO - Processing /home/oury/airflow/dags/airfow_es.py took 0.012 seconds
[2022-07-31 01:23:25,201] {processor.py:153} INFO - Started process (PID=7626) to work on /home/oury/airflow/dags/airfow_es.py
[2022-07-31 01:23:25,202] {processor.py:641} INFO - Processing file /home/oury/airflow/dags/airfow_es.py for tasks to queue
[2022-07-31 01:23:25,202] {logging_mixin.py:115} INFO - [2022-07-31 01:23:25,202] {dagbag.py:507} INFO - Filling up the DagBag from /home/oury/airflow/dags/airfow_es.py
[2022-07-31 01:23:25,203] {processor.py:653} WARNING - No viable dags retrieved from /home/oury/airflow/dags/airfow_es.py
[2022-07-31 01:23:25,211] {processor.py:161} INFO - Processing /home/oury/airflow/dags/airfow_es.py took 0.012 seconds
[2022-07-31 01:23:35,244] {processor.py:153} INFO - Started process (PID=7652) to work on /home/oury/airflow/dags/airfow_es.py
[2022-07-31 01:23:35,245] {processor.py:641} INFO - Processing file /home/oury/airflow/dags/airfow_es.py for tasks to queue
[2022-07-31 01:23:35,245] {logging_mixin.py:115} INFO - [2022-07-31 01:23:35,245] {dagbag.py:507} INFO - Filling up the DagBag from /home/oury/airflow/dags/airfow_es.py
[2022-07-31 01:23:35,246] {processor.py:653} WARNING - No viable dags retrieved from /home/oury/airflow/dags/airfow_es.py
[2022-07-31 01:23:35,254] {processor.py:161} INFO - Processing /home/oury/airflow/dags/airfow_es.py took 0.012 seconds
[2022-07-31 01:23:44,260] {processor.py:153} INFO - Started process (PID=7694) to work on /home/oury/airflow/dags/airfow_es.py
[2022-07-31 01:23:44,261] {processor.py:641} INFO - Processing file /home/oury/airflow/dags/airfow_es.py for tasks to queue
[2022-07-31 01:23:44,261] {logging_mixin.py:115} INFO - [2022-07-31 01:23:44,261] {dagbag.py:507} INFO - Filling up the DagBag from /home/oury/airflow/dags/airfow_es.py
[2022-07-31 01:23:44,264] {processor.py:653} WARNING - No viable dags retrieved from /home/oury/airflow/dags/airfow_es.py
[2022-07-31 01:23:44,278] {processor.py:161} INFO - Processing /home/oury/airflow/dags/airfow_es.py took 0.023 seconds
[2022-07-31 01:23:54,334] {processor.py:153} INFO - Started process (PID=7710) to work on /home/oury/airflow/dags/airfow_es.py
[2022-07-31 01:23:54,334] {processor.py:641} INFO - Processing file /home/oury/airflow/dags/airfow_es.py for tasks to queue
[2022-07-31 01:23:54,335] {logging_mixin.py:115} INFO - [2022-07-31 01:23:54,335] {dagbag.py:507} INFO - Filling up the DagBag from /home/oury/airflow/dags/airfow_es.py
[2022-07-31 01:23:54,336] {processor.py:653} WARNING - No viable dags retrieved from /home/oury/airflow/dags/airfow_es.py
[2022-07-31 01:23:54,344] {processor.py:161} INFO - Processing /home/oury/airflow/dags/airfow_es.py took 0.012 seconds
[2022-07-31 01:24:03,594] {processor.py:153} INFO - Started process (PID=7726) to work on /home/oury/airflow/dags/airfow_es.py
[2022-07-31 01:24:03,595] {processor.py:641} INFO - Processing file /home/oury/airflow/dags/airfow_es.py for tasks to queue
[2022-07-31 01:24:03,595] {logging_mixin.py:115} INFO - [2022-07-31 01:24:03,595] {dagbag.py:507} INFO - Filling up the DagBag from /home/oury/airflow/dags/airfow_es.py
[2022-07-31 01:24:03,596] {processor.py:653} WARNING - No viable dags retrieved from /home/oury/airflow/dags/airfow_es.py
[2022-07-31 01:24:03,607] {processor.py:161} INFO - Processing /home/oury/airflow/dags/airfow_es.py took 0.015 seconds
[2022-07-31 01:24:14,261] {processor.py:153} INFO - Started process (PID=7749) to work on /home/oury/airflow/dags/airfow_es.py
[2022-07-31 01:24:14,261] {processor.py:641} INFO - Processing file /home/oury/airflow/dags/airfow_es.py for tasks to queue
[2022-07-31 01:24:14,262] {logging_mixin.py:115} INFO - [2022-07-31 01:24:14,262] {dagbag.py:507} INFO - Filling up the DagBag from /home/oury/airflow/dags/airfow_es.py
[2022-07-31 01:24:14,263] {processor.py:653} WARNING - No viable dags retrieved from /home/oury/airflow/dags/airfow_es.py
[2022-07-31 01:24:14,271] {processor.py:161} INFO - Processing /home/oury/airflow/dags/airfow_es.py took 0.013 seconds
[2022-07-31 01:25:04,197] {processor.py:153} INFO - Started process (PID=7928) to work on /home/oury/airflow/dags/airfow_es.py
[2022-07-31 01:25:04,198] {processor.py:641} INFO - Processing file /home/oury/airflow/dags/airfow_es.py for tasks to queue
[2022-07-31 01:25:04,198] {logging_mixin.py:115} INFO - [2022-07-31 01:25:04,198] {dagbag.py:507} INFO - Filling up the DagBag from /home/oury/airflow/dags/airfow_es.py
[2022-07-31 01:25:04,199] {processor.py:653} WARNING - No viable dags retrieved from /home/oury/airflow/dags/airfow_es.py
[2022-07-31 01:25:04,208] {processor.py:161} INFO - Processing /home/oury/airflow/dags/airfow_es.py took 0.013 seconds
[2022-07-31 01:25:39,140] {processor.py:153} INFO - Started process (PID=8070) to work on /home/oury/airflow/dags/airfow_es.py
[2022-07-31 01:25:39,140] {processor.py:641} INFO - Processing file /home/oury/airflow/dags/airfow_es.py for tasks to queue
[2022-07-31 01:25:39,141] {logging_mixin.py:115} INFO - [2022-07-31 01:25:39,141] {dagbag.py:507} INFO - Filling up the DagBag from /home/oury/airflow/dags/airfow_es.py
[2022-07-31 01:25:39,142] {processor.py:653} WARNING - No viable dags retrieved from /home/oury/airflow/dags/airfow_es.py
[2022-07-31 01:25:39,150] {processor.py:161} INFO - Processing /home/oury/airflow/dags/airfow_es.py took 0.012 seconds
[2022-07-31 01:25:45,465] {processor.py:153} INFO - Started process (PID=8082) to work on /home/oury/airflow/dags/airfow_es.py
[2022-07-31 01:25:45,466] {processor.py:641} INFO - Processing file /home/oury/airflow/dags/airfow_es.py for tasks to queue
[2022-07-31 01:25:45,466] {logging_mixin.py:115} INFO - [2022-07-31 01:25:45,466] {dagbag.py:507} INFO - Filling up the DagBag from /home/oury/airflow/dags/airfow_es.py
[2022-07-31 01:25:45,467] {processor.py:653} WARNING - No viable dags retrieved from /home/oury/airflow/dags/airfow_es.py
[2022-07-31 01:25:45,475] {processor.py:161} INFO - Processing /home/oury/airflow/dags/airfow_es.py took 0.012 seconds
[2022-07-31 01:25:53,602] {processor.py:153} INFO - Started process (PID=8095) to work on /home/oury/airflow/dags/airfow_es.py
[2022-07-31 01:25:53,602] {processor.py:641} INFO - Processing file /home/oury/airflow/dags/airfow_es.py for tasks to queue
[2022-07-31 01:25:53,603] {logging_mixin.py:115} INFO - [2022-07-31 01:25:53,603] {dagbag.py:507} INFO - Filling up the DagBag from /home/oury/airflow/dags/airfow_es.py
[2022-07-31 01:25:53,604] {processor.py:653} WARNING - No viable dags retrieved from /home/oury/airflow/dags/airfow_es.py
[2022-07-31 01:25:53,611] {processor.py:161} INFO - Processing /home/oury/airflow/dags/airfow_es.py took 0.012 seconds
[2022-07-31 01:26:03,496] {processor.py:153} INFO - Started process (PID=8119) to work on /home/oury/airflow/dags/airfow_es.py
[2022-07-31 01:26:03,496] {processor.py:641} INFO - Processing file /home/oury/airflow/dags/airfow_es.py for tasks to queue
[2022-07-31 01:26:03,497] {logging_mixin.py:115} INFO - [2022-07-31 01:26:03,497] {dagbag.py:507} INFO - Filling up the DagBag from /home/oury/airflow/dags/airfow_es.py
[2022-07-31 01:26:03,498] {processor.py:653} WARNING - No viable dags retrieved from /home/oury/airflow/dags/airfow_es.py
[2022-07-31 01:26:03,506] {processor.py:161} INFO - Processing /home/oury/airflow/dags/airfow_es.py took 0.013 seconds
[2022-07-31 01:26:15,237] {processor.py:153} INFO - Started process (PID=8143) to work on /home/oury/airflow/dags/airfow_es.py
[2022-07-31 01:26:15,237] {processor.py:641} INFO - Processing file /home/oury/airflow/dags/airfow_es.py for tasks to queue
[2022-07-31 01:26:15,238] {logging_mixin.py:115} INFO - [2022-07-31 01:26:15,238] {dagbag.py:507} INFO - Filling up the DagBag from /home/oury/airflow/dags/airfow_es.py
[2022-07-31 01:26:15,239] {processor.py:653} WARNING - No viable dags retrieved from /home/oury/airflow/dags/airfow_es.py
[2022-07-31 01:26:15,247] {processor.py:161} INFO - Processing /home/oury/airflow/dags/airfow_es.py took 0.012 seconds
[2022-07-31 01:26:26,741] {processor.py:153} INFO - Started process (PID=8166) to work on /home/oury/airflow/dags/airfow_es.py
[2022-07-31 01:26:26,742] {processor.py:641} INFO - Processing file /home/oury/airflow/dags/airfow_es.py for tasks to queue
[2022-07-31 01:26:26,742] {logging_mixin.py:115} INFO - [2022-07-31 01:26:26,742] {dagbag.py:507} INFO - Filling up the DagBag from /home/oury/airflow/dags/airfow_es.py
[2022-07-31 01:26:26,743] {processor.py:653} WARNING - No viable dags retrieved from /home/oury/airflow/dags/airfow_es.py
[2022-07-31 01:26:26,751] {processor.py:161} INFO - Processing /home/oury/airflow/dags/airfow_es.py took 0.013 seconds
[2022-07-31 01:26:35,321] {processor.py:153} INFO - Started process (PID=8207) to work on /home/oury/airflow/dags/airfow_es.py
[2022-07-31 01:26:35,322] {processor.py:641} INFO - Processing file /home/oury/airflow/dags/airfow_es.py for tasks to queue
[2022-07-31 01:26:35,322] {logging_mixin.py:115} INFO - [2022-07-31 01:26:35,322] {dagbag.py:507} INFO - Filling up the DagBag from /home/oury/airflow/dags/airfow_es.py
[2022-07-31 01:26:35,323] {processor.py:653} WARNING - No viable dags retrieved from /home/oury/airflow/dags/airfow_es.py
[2022-07-31 01:26:35,331] {processor.py:161} INFO - Processing /home/oury/airflow/dags/airfow_es.py took 0.012 seconds
[2022-07-31 01:26:45,466] {processor.py:153} INFO - Started process (PID=8230) to work on /home/oury/airflow/dags/airfow_es.py
[2022-07-31 01:26:45,466] {processor.py:641} INFO - Processing file /home/oury/airflow/dags/airfow_es.py for tasks to queue
[2022-07-31 01:26:45,467] {logging_mixin.py:115} INFO - [2022-07-31 01:26:45,467] {dagbag.py:507} INFO - Filling up the DagBag from /home/oury/airflow/dags/airfow_es.py
[2022-07-31 01:26:45,468] {processor.py:653} WARNING - No viable dags retrieved from /home/oury/airflow/dags/airfow_es.py
[2022-07-31 01:26:45,476] {processor.py:161} INFO - Processing /home/oury/airflow/dags/airfow_es.py took 0.012 seconds
[2022-07-31 01:26:57,617] {processor.py:153} INFO - Started process (PID=8254) to work on /home/oury/airflow/dags/airfow_es.py
[2022-07-31 01:26:57,617] {processor.py:641} INFO - Processing file /home/oury/airflow/dags/airfow_es.py for tasks to queue
[2022-07-31 01:26:57,618] {logging_mixin.py:115} INFO - [2022-07-31 01:26:57,617] {dagbag.py:507} INFO - Filling up the DagBag from /home/oury/airflow/dags/airfow_es.py
[2022-07-31 01:26:57,618] {processor.py:653} WARNING - No viable dags retrieved from /home/oury/airflow/dags/airfow_es.py
[2022-07-31 01:26:57,627] {processor.py:161} INFO - Processing /home/oury/airflow/dags/airfow_es.py took 0.012 seconds
[2022-07-31 01:27:07,934] {processor.py:153} INFO - Started process (PID=8270) to work on /home/oury/airflow/dags/airfow_es.py
[2022-07-31 01:27:07,934] {processor.py:641} INFO - Processing file /home/oury/airflow/dags/airfow_es.py for tasks to queue
[2022-07-31 01:27:07,935] {logging_mixin.py:115} INFO - [2022-07-31 01:27:07,935] {dagbag.py:507} INFO - Filling up the DagBag from /home/oury/airflow/dags/airfow_es.py
[2022-07-31 01:27:07,936] {processor.py:653} WARNING - No viable dags retrieved from /home/oury/airflow/dags/airfow_es.py
[2022-07-31 01:27:07,944] {processor.py:161} INFO - Processing /home/oury/airflow/dags/airfow_es.py took 0.012 seconds
[2022-07-31 01:27:18,261] {processor.py:153} INFO - Started process (PID=8292) to work on /home/oury/airflow/dags/airfow_es.py
[2022-07-31 01:27:18,262] {processor.py:641} INFO - Processing file /home/oury/airflow/dags/airfow_es.py for tasks to queue
[2022-07-31 01:27:18,262] {logging_mixin.py:115} INFO - [2022-07-31 01:27:18,262] {dagbag.py:507} INFO - Filling up the DagBag from /home/oury/airflow/dags/airfow_es.py
[2022-07-31 01:27:18,263] {processor.py:653} WARNING - No viable dags retrieved from /home/oury/airflow/dags/airfow_es.py
[2022-07-31 01:27:18,272] {processor.py:161} INFO - Processing /home/oury/airflow/dags/airfow_es.py took 0.012 seconds
[2022-07-31 01:27:28,533] {processor.py:153} INFO - Started process (PID=8314) to work on /home/oury/airflow/dags/airfow_es.py
[2022-07-31 01:27:28,534] {processor.py:641} INFO - Processing file /home/oury/airflow/dags/airfow_es.py for tasks to queue
[2022-07-31 01:27:28,534] {logging_mixin.py:115} INFO - [2022-07-31 01:27:28,534] {dagbag.py:507} INFO - Filling up the DagBag from /home/oury/airflow/dags/airfow_es.py
[2022-07-31 01:27:28,535] {processor.py:653} WARNING - No viable dags retrieved from /home/oury/airflow/dags/airfow_es.py
[2022-07-31 01:27:28,543] {processor.py:161} INFO - Processing /home/oury/airflow/dags/airfow_es.py took 0.012 seconds
[2022-07-31 01:27:39,873] {processor.py:153} INFO - Started process (PID=8337) to work on /home/oury/airflow/dags/airfow_es.py
[2022-07-31 01:27:39,873] {processor.py:641} INFO - Processing file /home/oury/airflow/dags/airfow_es.py for tasks to queue
[2022-07-31 01:27:39,874] {logging_mixin.py:115} INFO - [2022-07-31 01:27:39,874] {dagbag.py:507} INFO - Filling up the DagBag from /home/oury/airflow/dags/airfow_es.py
[2022-07-31 01:27:39,875] {processor.py:653} WARNING - No viable dags retrieved from /home/oury/airflow/dags/airfow_es.py
[2022-07-31 01:27:39,883] {processor.py:161} INFO - Processing /home/oury/airflow/dags/airfow_es.py took 0.012 seconds
[2022-07-31 01:27:50,776] {processor.py:153} INFO - Started process (PID=8377) to work on /home/oury/airflow/dags/airfow_es.py
[2022-07-31 01:27:50,777] {processor.py:641} INFO - Processing file /home/oury/airflow/dags/airfow_es.py for tasks to queue
[2022-07-31 01:27:50,778] {logging_mixin.py:115} INFO - [2022-07-31 01:27:50,777] {dagbag.py:507} INFO - Filling up the DagBag from /home/oury/airflow/dags/airfow_es.py
[2022-07-31 01:27:50,779] {processor.py:653} WARNING - No viable dags retrieved from /home/oury/airflow/dags/airfow_es.py
[2022-07-31 01:27:50,787] {processor.py:161} INFO - Processing /home/oury/airflow/dags/airfow_es.py took 0.013 seconds
[2022-07-31 01:28:01,644] {processor.py:153} INFO - Started process (PID=8440) to work on /home/oury/airflow/dags/airfow_es.py
[2022-07-31 01:28:01,645] {processor.py:641} INFO - Processing file /home/oury/airflow/dags/airfow_es.py for tasks to queue
[2022-07-31 01:28:01,645] {logging_mixin.py:115} INFO - [2022-07-31 01:28:01,645] {dagbag.py:507} INFO - Filling up the DagBag from /home/oury/airflow/dags/airfow_es.py
[2022-07-31 01:28:01,646] {processor.py:653} WARNING - No viable dags retrieved from /home/oury/airflow/dags/airfow_es.py
[2022-07-31 01:28:01,655] {processor.py:161} INFO - Processing /home/oury/airflow/dags/airfow_es.py took 0.012 seconds
[2022-07-31 01:28:10,925] {processor.py:153} INFO - Started process (PID=8458) to work on /home/oury/airflow/dags/airfow_es.py
[2022-07-31 01:28:10,925] {processor.py:641} INFO - Processing file /home/oury/airflow/dags/airfow_es.py for tasks to queue
[2022-07-31 01:28:10,925] {logging_mixin.py:115} INFO - [2022-07-31 01:28:10,925] {dagbag.py:507} INFO - Filling up the DagBag from /home/oury/airflow/dags/airfow_es.py
[2022-07-31 01:28:10,926] {processor.py:653} WARNING - No viable dags retrieved from /home/oury/airflow/dags/airfow_es.py
[2022-07-31 01:28:10,935] {processor.py:161} INFO - Processing /home/oury/airflow/dags/airfow_es.py took 0.012 seconds
[2022-07-31 01:28:21,106] {processor.py:153} INFO - Started process (PID=8537) to work on /home/oury/airflow/dags/airfow_es.py
[2022-07-31 01:28:21,106] {processor.py:641} INFO - Processing file /home/oury/airflow/dags/airfow_es.py for tasks to queue
[2022-07-31 01:28:21,107] {logging_mixin.py:115} INFO - [2022-07-31 01:28:21,107] {dagbag.py:507} INFO - Filling up the DagBag from /home/oury/airflow/dags/airfow_es.py
[2022-07-31 01:28:21,108] {processor.py:653} WARNING - No viable dags retrieved from /home/oury/airflow/dags/airfow_es.py
[2022-07-31 01:28:21,116] {processor.py:161} INFO - Processing /home/oury/airflow/dags/airfow_es.py took 0.012 seconds
[2022-07-31 01:28:32,796] {processor.py:153} INFO - Started process (PID=8563) to work on /home/oury/airflow/dags/airfow_es.py
[2022-07-31 01:28:32,796] {processor.py:641} INFO - Processing file /home/oury/airflow/dags/airfow_es.py for tasks to queue
[2022-07-31 01:28:32,797] {logging_mixin.py:115} INFO - [2022-07-31 01:28:32,797] {dagbag.py:507} INFO - Filling up the DagBag from /home/oury/airflow/dags/airfow_es.py
[2022-07-31 01:28:32,798] {processor.py:653} WARNING - No viable dags retrieved from /home/oury/airflow/dags/airfow_es.py
[2022-07-31 01:28:32,806] {processor.py:161} INFO - Processing /home/oury/airflow/dags/airfow_es.py took 0.012 seconds
[2022-07-31 01:28:44,286] {processor.py:153} INFO - Started process (PID=8585) to work on /home/oury/airflow/dags/airfow_es.py
[2022-07-31 01:28:44,286] {processor.py:641} INFO - Processing file /home/oury/airflow/dags/airfow_es.py for tasks to queue
[2022-07-31 01:28:44,287] {logging_mixin.py:115} INFO - [2022-07-31 01:28:44,287] {dagbag.py:507} INFO - Filling up the DagBag from /home/oury/airflow/dags/airfow_es.py
[2022-07-31 01:28:44,288] {processor.py:653} WARNING - No viable dags retrieved from /home/oury/airflow/dags/airfow_es.py
[2022-07-31 01:28:44,296] {processor.py:161} INFO - Processing /home/oury/airflow/dags/airfow_es.py took 0.013 seconds
[2022-07-31 01:28:55,069] {processor.py:153} INFO - Started process (PID=8609) to work on /home/oury/airflow/dags/airfow_es.py
[2022-07-31 01:28:55,069] {processor.py:641} INFO - Processing file /home/oury/airflow/dags/airfow_es.py for tasks to queue
[2022-07-31 01:28:55,070] {logging_mixin.py:115} INFO - [2022-07-31 01:28:55,069] {dagbag.py:507} INFO - Filling up the DagBag from /home/oury/airflow/dags/airfow_es.py
[2022-07-31 01:28:55,071] {processor.py:653} WARNING - No viable dags retrieved from /home/oury/airflow/dags/airfow_es.py
[2022-07-31 01:28:55,079] {processor.py:161} INFO - Processing /home/oury/airflow/dags/airfow_es.py took 0.012 seconds
[2022-07-31 01:29:05,522] {processor.py:153} INFO - Started process (PID=8633) to work on /home/oury/airflow/dags/airfow_es.py
[2022-07-31 01:29:05,522] {processor.py:641} INFO - Processing file /home/oury/airflow/dags/airfow_es.py for tasks to queue
[2022-07-31 01:29:05,523] {logging_mixin.py:115} INFO - [2022-07-31 01:29:05,523] {dagbag.py:507} INFO - Filling up the DagBag from /home/oury/airflow/dags/airfow_es.py
[2022-07-31 01:29:05,524] {processor.py:653} WARNING - No viable dags retrieved from /home/oury/airflow/dags/airfow_es.py
[2022-07-31 01:29:05,532] {processor.py:161} INFO - Processing /home/oury/airflow/dags/airfow_es.py took 0.012 seconds
[2022-07-31 01:29:16,766] {processor.py:153} INFO - Started process (PID=8654) to work on /home/oury/airflow/dags/airfow_es.py
[2022-07-31 01:29:16,766] {processor.py:641} INFO - Processing file /home/oury/airflow/dags/airfow_es.py for tasks to queue
[2022-07-31 01:29:16,767] {logging_mixin.py:115} INFO - [2022-07-31 01:29:16,767] {dagbag.py:507} INFO - Filling up the DagBag from /home/oury/airflow/dags/airfow_es.py
[2022-07-31 01:29:16,768] {processor.py:653} WARNING - No viable dags retrieved from /home/oury/airflow/dags/airfow_es.py
[2022-07-31 01:29:16,777] {processor.py:161} INFO - Processing /home/oury/airflow/dags/airfow_es.py took 0.014 seconds
[2022-07-31 01:29:26,906] {processor.py:153} INFO - Started process (PID=8671) to work on /home/oury/airflow/dags/airfow_es.py
[2022-07-31 01:29:26,906] {processor.py:641} INFO - Processing file /home/oury/airflow/dags/airfow_es.py for tasks to queue
[2022-07-31 01:29:26,907] {logging_mixin.py:115} INFO - [2022-07-31 01:29:26,907] {dagbag.py:507} INFO - Filling up the DagBag from /home/oury/airflow/dags/airfow_es.py
[2022-07-31 01:29:26,908] {processor.py:653} WARNING - No viable dags retrieved from /home/oury/airflow/dags/airfow_es.py
[2022-07-31 01:29:26,917] {processor.py:161} INFO - Processing /home/oury/airflow/dags/airfow_es.py took 0.013 seconds
[2022-07-31 01:29:37,074] {processor.py:153} INFO - Started process (PID=8695) to work on /home/oury/airflow/dags/airfow_es.py
[2022-07-31 01:29:37,074] {processor.py:641} INFO - Processing file /home/oury/airflow/dags/airfow_es.py for tasks to queue
[2022-07-31 01:29:37,075] {logging_mixin.py:115} INFO - [2022-07-31 01:29:37,075] {dagbag.py:507} INFO - Filling up the DagBag from /home/oury/airflow/dags/airfow_es.py
[2022-07-31 01:29:37,076] {processor.py:653} WARNING - No viable dags retrieved from /home/oury/airflow/dags/airfow_es.py
[2022-07-31 01:29:37,084] {processor.py:161} INFO - Processing /home/oury/airflow/dags/airfow_es.py took 0.012 seconds
[2022-07-31 01:29:48,377] {processor.py:153} INFO - Started process (PID=8717) to work on /home/oury/airflow/dags/airfow_es.py
[2022-07-31 01:29:48,377] {processor.py:641} INFO - Processing file /home/oury/airflow/dags/airfow_es.py for tasks to queue
[2022-07-31 01:29:48,377] {logging_mixin.py:115} INFO - [2022-07-31 01:29:48,377] {dagbag.py:507} INFO - Filling up the DagBag from /home/oury/airflow/dags/airfow_es.py
[2022-07-31 01:29:48,378] {processor.py:653} WARNING - No viable dags retrieved from /home/oury/airflow/dags/airfow_es.py
[2022-07-31 01:29:48,387] {processor.py:161} INFO - Processing /home/oury/airflow/dags/airfow_es.py took 0.012 seconds
[2022-07-31 01:30:02,918] {processor.py:153} INFO - Started process (PID=8741) to work on /home/oury/airflow/dags/airfow_es.py
[2022-07-31 01:30:02,919] {processor.py:641} INFO - Processing file /home/oury/airflow/dags/airfow_es.py for tasks to queue
[2022-07-31 01:30:02,919] {logging_mixin.py:115} INFO - [2022-07-31 01:30:02,919] {dagbag.py:507} INFO - Filling up the DagBag from /home/oury/airflow/dags/airfow_es.py
[2022-07-31 01:30:02,920] {processor.py:653} WARNING - No viable dags retrieved from /home/oury/airflow/dags/airfow_es.py
[2022-07-31 01:30:02,929] {processor.py:161} INFO - Processing /home/oury/airflow/dags/airfow_es.py took 0.013 seconds
[2022-07-31 01:30:20,846] {processor.py:153} INFO - Started process (PID=8799) to work on /home/oury/airflow/dags/airfow_es.py
[2022-07-31 01:30:20,855] {processor.py:641} INFO - Processing file /home/oury/airflow/dags/airfow_es.py for tasks to queue
[2022-07-31 01:30:20,855] {logging_mixin.py:115} INFO - [2022-07-31 01:30:20,855] {dagbag.py:507} INFO - Filling up the DagBag from /home/oury/airflow/dags/airfow_es.py
[2022-07-31 01:30:20,856] {processor.py:653} WARNING - No viable dags retrieved from /home/oury/airflow/dags/airfow_es.py
[2022-07-31 01:30:20,865] {processor.py:161} INFO - Processing /home/oury/airflow/dags/airfow_es.py took 0.021 seconds
[2022-07-31 01:30:37,662] {processor.py:153} INFO - Started process (PID=8865) to work on /home/oury/airflow/dags/airfow_es.py
[2022-07-31 01:30:37,662] {processor.py:641} INFO - Processing file /home/oury/airflow/dags/airfow_es.py for tasks to queue
[2022-07-31 01:30:37,662] {logging_mixin.py:115} INFO - [2022-07-31 01:30:37,662] {dagbag.py:507} INFO - Filling up the DagBag from /home/oury/airflow/dags/airfow_es.py
[2022-07-31 01:30:37,663] {processor.py:653} WARNING - No viable dags retrieved from /home/oury/airflow/dags/airfow_es.py
[2022-07-31 01:30:37,673] {processor.py:161} INFO - Processing /home/oury/airflow/dags/airfow_es.py took 0.013 seconds
[2022-07-31 01:30:50,452] {processor.py:153} INFO - Started process (PID=8954) to work on /home/oury/airflow/dags/airfow_es.py
[2022-07-31 01:30:50,453] {processor.py:641} INFO - Processing file /home/oury/airflow/dags/airfow_es.py for tasks to queue
[2022-07-31 01:30:50,453] {logging_mixin.py:115} INFO - [2022-07-31 01:30:50,453] {dagbag.py:507} INFO - Filling up the DagBag from /home/oury/airflow/dags/airfow_es.py
[2022-07-31 01:30:50,454] {processor.py:653} WARNING - No viable dags retrieved from /home/oury/airflow/dags/airfow_es.py
[2022-07-31 01:30:50,462] {processor.py:161} INFO - Processing /home/oury/airflow/dags/airfow_es.py took 0.012 seconds
[2022-07-31 01:31:02,001] {processor.py:153} INFO - Started process (PID=8980) to work on /home/oury/airflow/dags/airfow_es.py
[2022-07-31 01:31:02,002] {processor.py:641} INFO - Processing file /home/oury/airflow/dags/airfow_es.py for tasks to queue
[2022-07-31 01:31:02,002] {logging_mixin.py:115} INFO - [2022-07-31 01:31:02,002] {dagbag.py:507} INFO - Filling up the DagBag from /home/oury/airflow/dags/airfow_es.py
[2022-07-31 01:31:02,003] {processor.py:653} WARNING - No viable dags retrieved from /home/oury/airflow/dags/airfow_es.py
[2022-07-31 01:31:02,011] {processor.py:161} INFO - Processing /home/oury/airflow/dags/airfow_es.py took 0.012 seconds
[2022-07-31 01:31:12,325] {processor.py:153} INFO - Started process (PID=8995) to work on /home/oury/airflow/dags/airfow_es.py
[2022-07-31 01:31:12,326] {processor.py:641} INFO - Processing file /home/oury/airflow/dags/airfow_es.py for tasks to queue
[2022-07-31 01:31:12,326] {logging_mixin.py:115} INFO - [2022-07-31 01:31:12,326] {dagbag.py:507} INFO - Filling up the DagBag from /home/oury/airflow/dags/airfow_es.py
[2022-07-31 01:31:12,327] {processor.py:653} WARNING - No viable dags retrieved from /home/oury/airflow/dags/airfow_es.py
[2022-07-31 01:31:12,335] {processor.py:161} INFO - Processing /home/oury/airflow/dags/airfow_es.py took 0.012 seconds
[2022-07-31 01:31:22,770] {processor.py:153} INFO - Started process (PID=9009) to work on /home/oury/airflow/dags/airfow_es.py
[2022-07-31 01:31:22,770] {processor.py:641} INFO - Processing file /home/oury/airflow/dags/airfow_es.py for tasks to queue
[2022-07-31 01:31:22,771] {logging_mixin.py:115} INFO - [2022-07-31 01:31:22,770] {dagbag.py:507} INFO - Filling up the DagBag from /home/oury/airflow/dags/airfow_es.py
[2022-07-31 01:31:22,772] {processor.py:653} WARNING - No viable dags retrieved from /home/oury/airflow/dags/airfow_es.py
[2022-07-31 01:31:22,779] {processor.py:161} INFO - Processing /home/oury/airflow/dags/airfow_es.py took 0.012 seconds
[2022-07-31 01:31:33,090] {processor.py:153} INFO - Started process (PID=9035) to work on /home/oury/airflow/dags/airfow_es.py
[2022-07-31 01:31:33,091] {processor.py:641} INFO - Processing file /home/oury/airflow/dags/airfow_es.py for tasks to queue
[2022-07-31 01:31:33,091] {logging_mixin.py:115} INFO - [2022-07-31 01:31:33,091] {dagbag.py:507} INFO - Filling up the DagBag from /home/oury/airflow/dags/airfow_es.py
[2022-07-31 01:31:33,092] {processor.py:653} WARNING - No viable dags retrieved from /home/oury/airflow/dags/airfow_es.py
[2022-07-31 01:31:33,100] {processor.py:161} INFO - Processing /home/oury/airflow/dags/airfow_es.py took 0.012 seconds
[2022-07-31 01:31:44,552] {processor.py:153} INFO - Started process (PID=9056) to work on /home/oury/airflow/dags/airfow_es.py
[2022-07-31 01:31:44,553] {processor.py:641} INFO - Processing file /home/oury/airflow/dags/airfow_es.py for tasks to queue
[2022-07-31 01:31:44,553] {logging_mixin.py:115} INFO - [2022-07-31 01:31:44,553] {dagbag.py:507} INFO - Filling up the DagBag from /home/oury/airflow/dags/airfow_es.py
[2022-07-31 01:31:44,554] {processor.py:653} WARNING - No viable dags retrieved from /home/oury/airflow/dags/airfow_es.py
[2022-07-31 01:31:44,562] {processor.py:161} INFO - Processing /home/oury/airflow/dags/airfow_es.py took 0.012 seconds
[2022-07-31 01:31:54,865] {processor.py:153} INFO - Started process (PID=9105) to work on /home/oury/airflow/dags/airfow_es.py
[2022-07-31 01:31:54,866] {processor.py:641} INFO - Processing file /home/oury/airflow/dags/airfow_es.py for tasks to queue
[2022-07-31 01:31:54,866] {logging_mixin.py:115} INFO - [2022-07-31 01:31:54,866] {dagbag.py:507} INFO - Filling up the DagBag from /home/oury/airflow/dags/airfow_es.py
[2022-07-31 01:31:54,867] {processor.py:653} WARNING - No viable dags retrieved from /home/oury/airflow/dags/airfow_es.py
[2022-07-31 01:31:54,875] {processor.py:161} INFO - Processing /home/oury/airflow/dags/airfow_es.py took 0.012 seconds
[2022-07-31 01:32:04,009] {processor.py:153} INFO - Started process (PID=9120) to work on /home/oury/airflow/dags/airfow_es.py
[2022-07-31 01:32:04,009] {processor.py:641} INFO - Processing file /home/oury/airflow/dags/airfow_es.py for tasks to queue
[2022-07-31 01:32:04,010] {logging_mixin.py:115} INFO - [2022-07-31 01:32:04,009] {dagbag.py:507} INFO - Filling up the DagBag from /home/oury/airflow/dags/airfow_es.py
[2022-07-31 01:32:04,010] {processor.py:653} WARNING - No viable dags retrieved from /home/oury/airflow/dags/airfow_es.py
[2022-07-31 01:32:04,018] {processor.py:161} INFO - Processing /home/oury/airflow/dags/airfow_es.py took 0.012 seconds
[2022-07-31 01:32:14,089] {processor.py:153} INFO - Started process (PID=9134) to work on /home/oury/airflow/dags/airfow_es.py
[2022-07-31 01:32:14,090] {processor.py:641} INFO - Processing file /home/oury/airflow/dags/airfow_es.py for tasks to queue
[2022-07-31 01:32:14,090] {logging_mixin.py:115} INFO - [2022-07-31 01:32:14,090] {dagbag.py:507} INFO - Filling up the DagBag from /home/oury/airflow/dags/airfow_es.py
[2022-07-31 01:32:14,091] {processor.py:653} WARNING - No viable dags retrieved from /home/oury/airflow/dags/airfow_es.py
[2022-07-31 01:32:14,099] {processor.py:161} INFO - Processing /home/oury/airflow/dags/airfow_es.py took 0.012 seconds
[2022-07-31 01:32:24,785] {processor.py:153} INFO - Started process (PID=9158) to work on /home/oury/airflow/dags/airfow_es.py
[2022-07-31 01:32:24,786] {processor.py:641} INFO - Processing file /home/oury/airflow/dags/airfow_es.py for tasks to queue
[2022-07-31 01:32:24,786] {logging_mixin.py:115} INFO - [2022-07-31 01:32:24,786] {dagbag.py:507} INFO - Filling up the DagBag from /home/oury/airflow/dags/airfow_es.py
[2022-07-31 01:32:24,787] {processor.py:653} WARNING - No viable dags retrieved from /home/oury/airflow/dags/airfow_es.py
[2022-07-31 01:32:24,795] {processor.py:161} INFO - Processing /home/oury/airflow/dags/airfow_es.py took 0.012 seconds
[2022-07-31 01:32:36,365] {processor.py:153} INFO - Started process (PID=9182) to work on /home/oury/airflow/dags/airfow_es.py
[2022-07-31 01:32:36,366] {processor.py:641} INFO - Processing file /home/oury/airflow/dags/airfow_es.py for tasks to queue
[2022-07-31 01:32:36,366] {logging_mixin.py:115} INFO - [2022-07-31 01:32:36,366] {dagbag.py:507} INFO - Filling up the DagBag from /home/oury/airflow/dags/airfow_es.py
[2022-07-31 01:32:36,367] {processor.py:653} WARNING - No viable dags retrieved from /home/oury/airflow/dags/airfow_es.py
[2022-07-31 01:32:36,375] {processor.py:161} INFO - Processing /home/oury/airflow/dags/airfow_es.py took 0.012 seconds
[2022-07-31 01:32:45,645] {processor.py:153} INFO - Started process (PID=9196) to work on /home/oury/airflow/dags/airfow_es.py
[2022-07-31 01:32:45,646] {processor.py:641} INFO - Processing file /home/oury/airflow/dags/airfow_es.py for tasks to queue
[2022-07-31 01:32:45,646] {logging_mixin.py:115} INFO - [2022-07-31 01:32:45,646] {dagbag.py:507} INFO - Filling up the DagBag from /home/oury/airflow/dags/airfow_es.py
[2022-07-31 01:32:45,647] {processor.py:653} WARNING - No viable dags retrieved from /home/oury/airflow/dags/airfow_es.py
[2022-07-31 01:32:45,655] {processor.py:161} INFO - Processing /home/oury/airflow/dags/airfow_es.py took 0.012 seconds
[2022-07-31 01:32:55,273] {processor.py:153} INFO - Started process (PID=9211) to work on /home/oury/airflow/dags/airfow_es.py
[2022-07-31 01:32:55,274] {processor.py:641} INFO - Processing file /home/oury/airflow/dags/airfow_es.py for tasks to queue
[2022-07-31 01:32:55,274] {logging_mixin.py:115} INFO - [2022-07-31 01:32:55,274] {dagbag.py:507} INFO - Filling up the DagBag from /home/oury/airflow/dags/airfow_es.py
[2022-07-31 01:32:55,275] {processor.py:653} WARNING - No viable dags retrieved from /home/oury/airflow/dags/airfow_es.py
[2022-07-31 01:32:55,283] {processor.py:161} INFO - Processing /home/oury/airflow/dags/airfow_es.py took 0.012 seconds
[2022-07-31 01:33:06,065] {processor.py:153} INFO - Started process (PID=9239) to work on /home/oury/airflow/dags/airfow_es.py
[2022-07-31 01:33:06,065] {processor.py:641} INFO - Processing file /home/oury/airflow/dags/airfow_es.py for tasks to queue
[2022-07-31 01:33:06,066] {logging_mixin.py:115} INFO - [2022-07-31 01:33:06,066] {dagbag.py:507} INFO - Filling up the DagBag from /home/oury/airflow/dags/airfow_es.py
[2022-07-31 01:33:06,067] {processor.py:653} WARNING - No viable dags retrieved from /home/oury/airflow/dags/airfow_es.py
[2022-07-31 01:33:06,075] {processor.py:161} INFO - Processing /home/oury/airflow/dags/airfow_es.py took 0.012 seconds
[2022-07-31 01:33:16,632] {processor.py:153} INFO - Started process (PID=9265) to work on /home/oury/airflow/dags/airfow_es.py
[2022-07-31 01:33:16,632] {processor.py:641} INFO - Processing file /home/oury/airflow/dags/airfow_es.py for tasks to queue
[2022-07-31 01:33:16,633] {logging_mixin.py:115} INFO - [2022-07-31 01:33:16,633] {dagbag.py:507} INFO - Filling up the DagBag from /home/oury/airflow/dags/airfow_es.py
[2022-07-31 01:33:16,634] {processor.py:653} WARNING - No viable dags retrieved from /home/oury/airflow/dags/airfow_es.py
[2022-07-31 01:33:16,641] {processor.py:161} INFO - Processing /home/oury/airflow/dags/airfow_es.py took 0.012 seconds
[2022-07-31 01:33:26,765] {processor.py:153} INFO - Started process (PID=9280) to work on /home/oury/airflow/dags/airfow_es.py
[2022-07-31 01:33:26,765] {processor.py:641} INFO - Processing file /home/oury/airflow/dags/airfow_es.py for tasks to queue
[2022-07-31 01:33:26,766] {logging_mixin.py:115} INFO - [2022-07-31 01:33:26,765] {dagbag.py:507} INFO - Filling up the DagBag from /home/oury/airflow/dags/airfow_es.py
[2022-07-31 01:33:26,766] {processor.py:653} WARNING - No viable dags retrieved from /home/oury/airflow/dags/airfow_es.py
[2022-07-31 01:33:26,774] {processor.py:161} INFO - Processing /home/oury/airflow/dags/airfow_es.py took 0.012 seconds
[2022-07-31 01:33:37,050] {processor.py:153} INFO - Started process (PID=9304) to work on /home/oury/airflow/dags/airfow_es.py
[2022-07-31 01:33:37,050] {processor.py:641} INFO - Processing file /home/oury/airflow/dags/airfow_es.py for tasks to queue
[2022-07-31 01:33:37,051] {logging_mixin.py:115} INFO - [2022-07-31 01:33:37,050] {dagbag.py:507} INFO - Filling up the DagBag from /home/oury/airflow/dags/airfow_es.py
[2022-07-31 01:33:37,051] {processor.py:653} WARNING - No viable dags retrieved from /home/oury/airflow/dags/airfow_es.py
[2022-07-31 01:33:37,059] {processor.py:161} INFO - Processing /home/oury/airflow/dags/airfow_es.py took 0.012 seconds
[2022-07-31 01:33:48,523] {processor.py:153} INFO - Started process (PID=9432) to work on /home/oury/airflow/dags/airfow_es.py
[2022-07-31 01:33:48,523] {processor.py:641} INFO - Processing file /home/oury/airflow/dags/airfow_es.py for tasks to queue
[2022-07-31 01:33:48,523] {logging_mixin.py:115} INFO - [2022-07-31 01:33:48,523] {dagbag.py:507} INFO - Filling up the DagBag from /home/oury/airflow/dags/airfow_es.py
[2022-07-31 01:33:48,524] {processor.py:653} WARNING - No viable dags retrieved from /home/oury/airflow/dags/airfow_es.py
[2022-07-31 01:33:48,532] {processor.py:161} INFO - Processing /home/oury/airflow/dags/airfow_es.py took 0.012 seconds
[2022-07-31 01:33:58,915] {processor.py:153} INFO - Started process (PID=9537) to work on /home/oury/airflow/dags/airfow_es.py
[2022-07-31 01:33:58,916] {processor.py:641} INFO - Processing file /home/oury/airflow/dags/airfow_es.py for tasks to queue
[2022-07-31 01:33:58,916] {logging_mixin.py:115} INFO - [2022-07-31 01:33:58,916] {dagbag.py:507} INFO - Filling up the DagBag from /home/oury/airflow/dags/airfow_es.py
[2022-07-31 01:33:58,917] {processor.py:653} WARNING - No viable dags retrieved from /home/oury/airflow/dags/airfow_es.py
[2022-07-31 01:33:58,925] {processor.py:161} INFO - Processing /home/oury/airflow/dags/airfow_es.py took 0.012 seconds
[2022-07-31 01:34:08,870] {processor.py:153} INFO - Started process (PID=9604) to work on /home/oury/airflow/dags/airfow_es.py
[2022-07-31 01:34:08,870] {processor.py:641} INFO - Processing file /home/oury/airflow/dags/airfow_es.py for tasks to queue
[2022-07-31 01:34:08,871] {logging_mixin.py:115} INFO - [2022-07-31 01:34:08,871] {dagbag.py:507} INFO - Filling up the DagBag from /home/oury/airflow/dags/airfow_es.py
[2022-07-31 01:34:08,873] {processor.py:653} WARNING - No viable dags retrieved from /home/oury/airflow/dags/airfow_es.py
[2022-07-31 01:34:08,886] {processor.py:161} INFO - Processing /home/oury/airflow/dags/airfow_es.py took 0.020 seconds
[2022-07-31 01:34:19,656] {processor.py:153} INFO - Started process (PID=9629) to work on /home/oury/airflow/dags/airfow_es.py
[2022-07-31 01:34:19,657] {processor.py:641} INFO - Processing file /home/oury/airflow/dags/airfow_es.py for tasks to queue
[2022-07-31 01:34:19,657] {logging_mixin.py:115} INFO - [2022-07-31 01:34:19,657] {dagbag.py:507} INFO - Filling up the DagBag from /home/oury/airflow/dags/airfow_es.py
[2022-07-31 01:34:19,658] {processor.py:653} WARNING - No viable dags retrieved from /home/oury/airflow/dags/airfow_es.py
[2022-07-31 01:34:19,666] {processor.py:161} INFO - Processing /home/oury/airflow/dags/airfow_es.py took 0.012 seconds
[2022-07-31 01:34:31,242] {processor.py:153} INFO - Started process (PID=9655) to work on /home/oury/airflow/dags/airfow_es.py
[2022-07-31 01:34:31,242] {processor.py:641} INFO - Processing file /home/oury/airflow/dags/airfow_es.py for tasks to queue
[2022-07-31 01:34:31,243] {logging_mixin.py:115} INFO - [2022-07-31 01:34:31,243] {dagbag.py:507} INFO - Filling up the DagBag from /home/oury/airflow/dags/airfow_es.py
[2022-07-31 01:34:31,244] {processor.py:653} WARNING - No viable dags retrieved from /home/oury/airflow/dags/airfow_es.py
[2022-07-31 01:34:31,252] {processor.py:161} INFO - Processing /home/oury/airflow/dags/airfow_es.py took 0.012 seconds
[2022-07-31 01:34:41,562] {processor.py:153} INFO - Started process (PID=9678) to work on /home/oury/airflow/dags/airfow_es.py
[2022-07-31 01:34:41,563] {processor.py:641} INFO - Processing file /home/oury/airflow/dags/airfow_es.py for tasks to queue
[2022-07-31 01:34:41,563] {logging_mixin.py:115} INFO - [2022-07-31 01:34:41,563] {dagbag.py:507} INFO - Filling up the DagBag from /home/oury/airflow/dags/airfow_es.py
[2022-07-31 01:34:41,564] {processor.py:653} WARNING - No viable dags retrieved from /home/oury/airflow/dags/airfow_es.py
[2022-07-31 01:34:41,574] {processor.py:161} INFO - Processing /home/oury/airflow/dags/airfow_es.py took 0.015 seconds
[2022-07-31 01:34:53,283] {processor.py:153} INFO - Started process (PID=9698) to work on /home/oury/airflow/dags/airfow_es.py
[2022-07-31 01:34:53,284] {processor.py:641} INFO - Processing file /home/oury/airflow/dags/airfow_es.py for tasks to queue
[2022-07-31 01:34:53,284] {logging_mixin.py:115} INFO - [2022-07-31 01:34:53,284] {dagbag.py:507} INFO - Filling up the DagBag from /home/oury/airflow/dags/airfow_es.py
[2022-07-31 01:34:53,285] {processor.py:653} WARNING - No viable dags retrieved from /home/oury/airflow/dags/airfow_es.py
[2022-07-31 01:34:53,294] {processor.py:161} INFO - Processing /home/oury/airflow/dags/airfow_es.py took 0.014 seconds
[2022-07-31 01:35:07,998] {processor.py:153} INFO - Started process (PID=9754) to work on /home/oury/airflow/dags/airfow_es.py
[2022-07-31 01:35:07,999] {processor.py:641} INFO - Processing file /home/oury/airflow/dags/airfow_es.py for tasks to queue
[2022-07-31 01:35:07,999] {logging_mixin.py:115} INFO - [2022-07-31 01:35:07,999] {dagbag.py:507} INFO - Filling up the DagBag from /home/oury/airflow/dags/airfow_es.py
[2022-07-31 01:35:08,001] {processor.py:653} WARNING - No viable dags retrieved from /home/oury/airflow/dags/airfow_es.py
[2022-07-31 01:35:08,009] {processor.py:161} INFO - Processing /home/oury/airflow/dags/airfow_es.py took 0.014 seconds
[2022-07-31 01:37:51,192] {processor.py:153} INFO - Started process (PID=10303) to work on /home/oury/airflow/dags/airfow_es.py
[2022-07-31 01:37:51,193] {processor.py:641} INFO - Processing file /home/oury/airflow/dags/airfow_es.py for tasks to queue
[2022-07-31 01:37:51,194] {logging_mixin.py:115} INFO - [2022-07-31 01:37:51,194] {dagbag.py:507} INFO - Filling up the DagBag from /home/oury/airflow/dags/airfow_es.py
[2022-07-31 01:37:51,195] {processor.py:653} WARNING - No viable dags retrieved from /home/oury/airflow/dags/airfow_es.py
[2022-07-31 01:37:51,203] {processor.py:161} INFO - Processing /home/oury/airflow/dags/airfow_es.py took 0.013 seconds
[2022-07-31 01:38:31,382] {processor.py:153} INFO - Started process (PID=10451) to work on /home/oury/airflow/dags/airfow_es.py
[2022-07-31 01:38:31,383] {processor.py:641} INFO - Processing file /home/oury/airflow/dags/airfow_es.py for tasks to queue
[2022-07-31 01:38:31,383] {logging_mixin.py:115} INFO - [2022-07-31 01:38:31,383] {dagbag.py:507} INFO - Filling up the DagBag from /home/oury/airflow/dags/airfow_es.py
[2022-07-31 01:38:31,384] {processor.py:653} WARNING - No viable dags retrieved from /home/oury/airflow/dags/airfow_es.py
[2022-07-31 01:38:31,392] {processor.py:161} INFO - Processing /home/oury/airflow/dags/airfow_es.py took 0.012 seconds
[2022-07-31 01:38:40,382] {processor.py:153} INFO - Started process (PID=10511) to work on /home/oury/airflow/dags/airfow_es.py
[2022-07-31 01:38:40,382] {processor.py:641} INFO - Processing file /home/oury/airflow/dags/airfow_es.py for tasks to queue
[2022-07-31 01:38:40,383] {logging_mixin.py:115} INFO - [2022-07-31 01:38:40,383] {dagbag.py:507} INFO - Filling up the DagBag from /home/oury/airflow/dags/airfow_es.py
[2022-07-31 01:38:40,384] {processor.py:653} WARNING - No viable dags retrieved from /home/oury/airflow/dags/airfow_es.py
[2022-07-31 01:38:40,393] {processor.py:161} INFO - Processing /home/oury/airflow/dags/airfow_es.py took 0.013 seconds
[2022-07-31 01:38:50,420] {processor.py:153} INFO - Started process (PID=10580) to work on /home/oury/airflow/dags/airfow_es.py
[2022-07-31 01:38:50,421] {processor.py:641} INFO - Processing file /home/oury/airflow/dags/airfow_es.py for tasks to queue
[2022-07-31 01:38:50,422] {logging_mixin.py:115} INFO - [2022-07-31 01:38:50,421] {dagbag.py:507} INFO - Filling up the DagBag from /home/oury/airflow/dags/airfow_es.py
[2022-07-31 01:38:50,423] {processor.py:653} WARNING - No viable dags retrieved from /home/oury/airflow/dags/airfow_es.py
[2022-07-31 01:38:50,431] {processor.py:161} INFO - Processing /home/oury/airflow/dags/airfow_es.py took 0.014 seconds
[2022-07-31 01:39:01,702] {processor.py:153} INFO - Started process (PID=10656) to work on /home/oury/airflow/dags/airfow_es.py
[2022-07-31 01:39:01,703] {processor.py:641} INFO - Processing file /home/oury/airflow/dags/airfow_es.py for tasks to queue
[2022-07-31 01:39:01,703] {logging_mixin.py:115} INFO - [2022-07-31 01:39:01,703] {dagbag.py:507} INFO - Filling up the DagBag from /home/oury/airflow/dags/airfow_es.py
[2022-07-31 01:39:01,704] {processor.py:653} WARNING - No viable dags retrieved from /home/oury/airflow/dags/airfow_es.py
[2022-07-31 01:39:01,712] {processor.py:161} INFO - Processing /home/oury/airflow/dags/airfow_es.py took 0.012 seconds
[2022-07-31 01:39:14,147] {processor.py:153} INFO - Started process (PID=10693) to work on /home/oury/airflow/dags/airfow_es.py
[2022-07-31 01:39:14,148] {processor.py:641} INFO - Processing file /home/oury/airflow/dags/airfow_es.py for tasks to queue
[2022-07-31 01:39:14,148] {logging_mixin.py:115} INFO - [2022-07-31 01:39:14,148] {dagbag.py:507} INFO - Filling up the DagBag from /home/oury/airflow/dags/airfow_es.py
[2022-07-31 01:39:14,149] {processor.py:653} WARNING - No viable dags retrieved from /home/oury/airflow/dags/airfow_es.py
[2022-07-31 01:39:14,157] {processor.py:161} INFO - Processing /home/oury/airflow/dags/airfow_es.py took 0.012 seconds
[2022-07-31 01:39:24,454] {processor.py:153} INFO - Started process (PID=10728) to work on /home/oury/airflow/dags/airfow_es.py
[2022-07-31 01:39:24,455] {processor.py:641} INFO - Processing file /home/oury/airflow/dags/airfow_es.py for tasks to queue
[2022-07-31 01:39:24,455] {logging_mixin.py:115} INFO - [2022-07-31 01:39:24,455] {dagbag.py:507} INFO - Filling up the DagBag from /home/oury/airflow/dags/airfow_es.py
[2022-07-31 01:39:24,456] {processor.py:653} WARNING - No viable dags retrieved from /home/oury/airflow/dags/airfow_es.py
[2022-07-31 01:39:24,464] {processor.py:161} INFO - Processing /home/oury/airflow/dags/airfow_es.py took 0.012 seconds
[2022-07-31 01:39:33,618] {processor.py:153} INFO - Started process (PID=10788) to work on /home/oury/airflow/dags/airfow_es.py
[2022-07-31 01:39:33,618] {processor.py:641} INFO - Processing file /home/oury/airflow/dags/airfow_es.py for tasks to queue
[2022-07-31 01:39:33,618] {logging_mixin.py:115} INFO - [2022-07-31 01:39:33,618] {dagbag.py:507} INFO - Filling up the DagBag from /home/oury/airflow/dags/airfow_es.py
[2022-07-31 01:39:33,619] {processor.py:653} WARNING - No viable dags retrieved from /home/oury/airflow/dags/airfow_es.py
[2022-07-31 01:39:33,628] {processor.py:161} INFO - Processing /home/oury/airflow/dags/airfow_es.py took 0.013 seconds
[2022-07-31 01:39:43,562] {processor.py:153} INFO - Started process (PID=10875) to work on /home/oury/airflow/dags/airfow_es.py
[2022-07-31 01:39:43,562] {processor.py:641} INFO - Processing file /home/oury/airflow/dags/airfow_es.py for tasks to queue
[2022-07-31 01:39:43,563] {logging_mixin.py:115} INFO - [2022-07-31 01:39:43,562] {dagbag.py:507} INFO - Filling up the DagBag from /home/oury/airflow/dags/airfow_es.py
[2022-07-31 01:39:43,564] {processor.py:653} WARNING - No viable dags retrieved from /home/oury/airflow/dags/airfow_es.py
[2022-07-31 01:39:43,571] {processor.py:161} INFO - Processing /home/oury/airflow/dags/airfow_es.py took 0.012 seconds
[2022-07-31 01:39:53,789] {processor.py:153} INFO - Started process (PID=10928) to work on /home/oury/airflow/dags/airfow_es.py
[2022-07-31 01:39:53,790] {processor.py:641} INFO - Processing file /home/oury/airflow/dags/airfow_es.py for tasks to queue
[2022-07-31 01:39:53,790] {logging_mixin.py:115} INFO - [2022-07-31 01:39:53,790] {dagbag.py:507} INFO - Filling up the DagBag from /home/oury/airflow/dags/airfow_es.py
[2022-07-31 01:39:53,794] {processor.py:653} WARNING - No viable dags retrieved from /home/oury/airflow/dags/airfow_es.py
[2022-07-31 01:39:53,803] {processor.py:161} INFO - Processing /home/oury/airflow/dags/airfow_es.py took 0.016 seconds
[2022-07-31 01:40:05,920] {processor.py:153} INFO - Started process (PID=11015) to work on /home/oury/airflow/dags/airfow_es.py
[2022-07-31 01:40:05,929] {processor.py:641} INFO - Processing file /home/oury/airflow/dags/airfow_es.py for tasks to queue
[2022-07-31 01:40:05,930] {logging_mixin.py:115} INFO - [2022-07-31 01:40:05,929] {dagbag.py:507} INFO - Filling up the DagBag from /home/oury/airflow/dags/airfow_es.py
[2022-07-31 01:40:05,931] {processor.py:653} WARNING - No viable dags retrieved from /home/oury/airflow/dags/airfow_es.py
[2022-07-31 01:40:05,957] {processor.py:161} INFO - Processing /home/oury/airflow/dags/airfow_es.py took 0.040 seconds
[2022-07-31 01:40:16,270] {processor.py:153} INFO - Started process (PID=11059) to work on /home/oury/airflow/dags/airfow_es.py
[2022-07-31 01:40:16,270] {processor.py:641} INFO - Processing file /home/oury/airflow/dags/airfow_es.py for tasks to queue
[2022-07-31 01:40:16,271] {logging_mixin.py:115} INFO - [2022-07-31 01:40:16,271] {dagbag.py:507} INFO - Filling up the DagBag from /home/oury/airflow/dags/airfow_es.py
[2022-07-31 01:40:16,272] {processor.py:653} WARNING - No viable dags retrieved from /home/oury/airflow/dags/airfow_es.py
[2022-07-31 01:40:16,280] {processor.py:161} INFO - Processing /home/oury/airflow/dags/airfow_es.py took 0.012 seconds
[2022-07-31 01:40:26,661] {processor.py:153} INFO - Started process (PID=11086) to work on /home/oury/airflow/dags/airfow_es.py
[2022-07-31 01:40:26,661] {processor.py:641} INFO - Processing file /home/oury/airflow/dags/airfow_es.py for tasks to queue
[2022-07-31 01:40:26,662] {logging_mixin.py:115} INFO - [2022-07-31 01:40:26,662] {dagbag.py:507} INFO - Filling up the DagBag from /home/oury/airflow/dags/airfow_es.py
[2022-07-31 01:40:26,663] {processor.py:653} WARNING - No viable dags retrieved from /home/oury/airflow/dags/airfow_es.py
[2022-07-31 01:40:26,677] {processor.py:161} INFO - Processing /home/oury/airflow/dags/airfow_es.py took 0.019 seconds
[2022-07-31 01:40:38,628] {processor.py:153} INFO - Started process (PID=11810) to work on /home/oury/airflow/dags/airfow_es.py
[2022-07-31 01:40:38,629] {processor.py:641} INFO - Processing file /home/oury/airflow/dags/airfow_es.py for tasks to queue
[2022-07-31 01:40:38,630] {logging_mixin.py:115} INFO - [2022-07-31 01:40:38,630] {dagbag.py:507} INFO - Filling up the DagBag from /home/oury/airflow/dags/airfow_es.py
[2022-07-31 01:40:38,634] {processor.py:653} WARNING - No viable dags retrieved from /home/oury/airflow/dags/airfow_es.py
[2022-07-31 01:40:38,644] {processor.py:161} INFO - Processing /home/oury/airflow/dags/airfow_es.py took 0.019 seconds
[2022-07-31 01:40:50,977] {processor.py:153} INFO - Started process (PID=12186) to work on /home/oury/airflow/dags/airfow_es.py
[2022-07-31 01:40:50,978] {processor.py:641} INFO - Processing file /home/oury/airflow/dags/airfow_es.py for tasks to queue
[2022-07-31 01:40:50,978] {logging_mixin.py:115} INFO - [2022-07-31 01:40:50,978] {dagbag.py:507} INFO - Filling up the DagBag from /home/oury/airflow/dags/airfow_es.py
[2022-07-31 01:40:50,979] {processor.py:653} WARNING - No viable dags retrieved from /home/oury/airflow/dags/airfow_es.py
[2022-07-31 01:40:50,988] {processor.py:161} INFO - Processing /home/oury/airflow/dags/airfow_es.py took 0.013 seconds
[2022-07-31 01:41:03,922] {processor.py:153} INFO - Started process (PID=12450) to work on /home/oury/airflow/dags/airfow_es.py
[2022-07-31 01:41:03,923] {processor.py:641} INFO - Processing file /home/oury/airflow/dags/airfow_es.py for tasks to queue
[2022-07-31 01:41:03,925] {logging_mixin.py:115} INFO - [2022-07-31 01:41:03,924] {dagbag.py:507} INFO - Filling up the DagBag from /home/oury/airflow/dags/airfow_es.py
[2022-07-31 01:41:03,927] {processor.py:653} WARNING - No viable dags retrieved from /home/oury/airflow/dags/airfow_es.py
[2022-07-31 01:41:03,947] {processor.py:161} INFO - Processing /home/oury/airflow/dags/airfow_es.py took 0.032 seconds
[2022-07-31 01:41:33,011] {processor.py:153} INFO - Started process (PID=12743) to work on /home/oury/airflow/dags/airfow_es.py
[2022-07-31 01:41:33,013] {processor.py:641} INFO - Processing file /home/oury/airflow/dags/airfow_es.py for tasks to queue
[2022-07-31 01:41:33,014] {logging_mixin.py:115} INFO - [2022-07-31 01:41:33,014] {dagbag.py:507} INFO - Filling up the DagBag from /home/oury/airflow/dags/airfow_es.py
[2022-07-31 01:41:33,019] {processor.py:653} WARNING - No viable dags retrieved from /home/oury/airflow/dags/airfow_es.py
[2022-07-31 01:41:33,032] {processor.py:161} INFO - Processing /home/oury/airflow/dags/airfow_es.py took 0.024 seconds
[2022-07-31 01:42:31,042] {processor.py:153} INFO - Started process (PID=13119) to work on /home/oury/airflow/dags/airfow_es.py
[2022-07-31 01:42:31,045] {processor.py:641} INFO - Processing file /home/oury/airflow/dags/airfow_es.py for tasks to queue
[2022-07-31 01:42:31,046] {logging_mixin.py:115} INFO - [2022-07-31 01:42:31,046] {dagbag.py:507} INFO - Filling up the DagBag from /home/oury/airflow/dags/airfow_es.py
[2022-07-31 01:42:31,065] {processor.py:653} WARNING - No viable dags retrieved from /home/oury/airflow/dags/airfow_es.py
[2022-07-31 01:42:31,102] {processor.py:161} INFO - Processing /home/oury/airflow/dags/airfow_es.py took 0.067 seconds
[2022-07-31 01:43:08,201] {processor.py:153} INFO - Started process (PID=13266) to work on /home/oury/airflow/dags/airfow_es.py
[2022-07-31 01:43:08,202] {processor.py:641} INFO - Processing file /home/oury/airflow/dags/airfow_es.py for tasks to queue
[2022-07-31 01:43:08,202] {logging_mixin.py:115} INFO - [2022-07-31 01:43:08,202] {dagbag.py:507} INFO - Filling up the DagBag from /home/oury/airflow/dags/airfow_es.py
[2022-07-31 01:43:08,204] {processor.py:653} WARNING - No viable dags retrieved from /home/oury/airflow/dags/airfow_es.py
[2022-07-31 01:43:08,216] {processor.py:161} INFO - Processing /home/oury/airflow/dags/airfow_es.py took 0.017 seconds
[2022-07-31 01:43:14,498] {processor.py:153} INFO - Started process (PID=13275) to work on /home/oury/airflow/dags/airfow_es.py
[2022-07-31 01:43:14,498] {processor.py:641} INFO - Processing file /home/oury/airflow/dags/airfow_es.py for tasks to queue
[2022-07-31 01:43:14,499] {logging_mixin.py:115} INFO - [2022-07-31 01:43:14,499] {dagbag.py:507} INFO - Filling up the DagBag from /home/oury/airflow/dags/airfow_es.py
[2022-07-31 01:43:14,500] {processor.py:653} WARNING - No viable dags retrieved from /home/oury/airflow/dags/airfow_es.py
[2022-07-31 01:43:14,509] {processor.py:161} INFO - Processing /home/oury/airflow/dags/airfow_es.py took 0.014 seconds
[2022-07-31 01:43:21,410] {processor.py:153} INFO - Started process (PID=13318) to work on /home/oury/airflow/dags/airfow_es.py
[2022-07-31 01:43:21,411] {processor.py:641} INFO - Processing file /home/oury/airflow/dags/airfow_es.py for tasks to queue
[2022-07-31 01:43:21,411] {logging_mixin.py:115} INFO - [2022-07-31 01:43:21,411] {dagbag.py:507} INFO - Filling up the DagBag from /home/oury/airflow/dags/airfow_es.py
[2022-07-31 01:43:21,413] {processor.py:653} WARNING - No viable dags retrieved from /home/oury/airflow/dags/airfow_es.py
[2022-07-31 01:43:21,426] {processor.py:161} INFO - Processing /home/oury/airflow/dags/airfow_es.py took 0.019 seconds
[2022-07-31 01:43:32,866] {processor.py:153} INFO - Started process (PID=13368) to work on /home/oury/airflow/dags/airfow_es.py
[2022-07-31 01:43:32,867] {processor.py:641} INFO - Processing file /home/oury/airflow/dags/airfow_es.py for tasks to queue
[2022-07-31 01:43:32,868] {logging_mixin.py:115} INFO - [2022-07-31 01:43:32,867] {dagbag.py:507} INFO - Filling up the DagBag from /home/oury/airflow/dags/airfow_es.py
[2022-07-31 01:43:32,869] {processor.py:653} WARNING - No viable dags retrieved from /home/oury/airflow/dags/airfow_es.py
[2022-07-31 01:43:32,881] {processor.py:161} INFO - Processing /home/oury/airflow/dags/airfow_es.py took 0.018 seconds
[2022-07-31 01:43:46,394] {processor.py:153} INFO - Started process (PID=13437) to work on /home/oury/airflow/dags/airfow_es.py
[2022-07-31 01:43:46,395] {processor.py:641} INFO - Processing file /home/oury/airflow/dags/airfow_es.py for tasks to queue
[2022-07-31 01:43:46,395] {logging_mixin.py:115} INFO - [2022-07-31 01:43:46,395] {dagbag.py:507} INFO - Filling up the DagBag from /home/oury/airflow/dags/airfow_es.py
[2022-07-31 01:43:46,397] {processor.py:653} WARNING - No viable dags retrieved from /home/oury/airflow/dags/airfow_es.py
[2022-07-31 01:43:46,407] {processor.py:161} INFO - Processing /home/oury/airflow/dags/airfow_es.py took 0.015 seconds
[2022-07-31 01:43:58,638] {processor.py:153} INFO - Started process (PID=13500) to work on /home/oury/airflow/dags/airfow_es.py
[2022-07-31 01:43:58,639] {processor.py:641} INFO - Processing file /home/oury/airflow/dags/airfow_es.py for tasks to queue
[2022-07-31 01:43:58,639] {logging_mixin.py:115} INFO - [2022-07-31 01:43:58,639] {dagbag.py:507} INFO - Filling up the DagBag from /home/oury/airflow/dags/airfow_es.py
[2022-07-31 01:43:58,640] {processor.py:653} WARNING - No viable dags retrieved from /home/oury/airflow/dags/airfow_es.py
[2022-07-31 01:43:58,649] {processor.py:161} INFO - Processing /home/oury/airflow/dags/airfow_es.py took 0.013 seconds
[2022-07-31 01:44:10,074] {processor.py:153} INFO - Started process (PID=13608) to work on /home/oury/airflow/dags/airfow_es.py
[2022-07-31 01:44:10,075] {processor.py:641} INFO - Processing file /home/oury/airflow/dags/airfow_es.py for tasks to queue
[2022-07-31 01:44:10,076] {logging_mixin.py:115} INFO - [2022-07-31 01:44:10,076] {dagbag.py:507} INFO - Filling up the DagBag from /home/oury/airflow/dags/airfow_es.py
[2022-07-31 01:44:10,077] {processor.py:653} WARNING - No viable dags retrieved from /home/oury/airflow/dags/airfow_es.py
[2022-07-31 01:44:10,088] {processor.py:161} INFO - Processing /home/oury/airflow/dags/airfow_es.py took 0.017 seconds
[2022-07-31 01:44:21,334] {processor.py:153} INFO - Started process (PID=13675) to work on /home/oury/airflow/dags/airfow_es.py
[2022-07-31 01:44:21,334] {processor.py:641} INFO - Processing file /home/oury/airflow/dags/airfow_es.py for tasks to queue
[2022-07-31 01:44:21,335] {logging_mixin.py:115} INFO - [2022-07-31 01:44:21,335] {dagbag.py:507} INFO - Filling up the DagBag from /home/oury/airflow/dags/airfow_es.py
[2022-07-31 01:44:21,336] {processor.py:653} WARNING - No viable dags retrieved from /home/oury/airflow/dags/airfow_es.py
[2022-07-31 01:44:21,345] {processor.py:161} INFO - Processing /home/oury/airflow/dags/airfow_es.py took 0.013 seconds
[2022-07-31 01:44:31,817] {processor.py:153} INFO - Started process (PID=13747) to work on /home/oury/airflow/dags/airfow_es.py
[2022-07-31 01:44:31,818] {processor.py:641} INFO - Processing file /home/oury/airflow/dags/airfow_es.py for tasks to queue
[2022-07-31 01:44:31,818] {logging_mixin.py:115} INFO - [2022-07-31 01:44:31,818] {dagbag.py:507} INFO - Filling up the DagBag from /home/oury/airflow/dags/airfow_es.py
[2022-07-31 01:44:31,819] {processor.py:653} WARNING - No viable dags retrieved from /home/oury/airflow/dags/airfow_es.py
[2022-07-31 01:44:31,828] {processor.py:161} INFO - Processing /home/oury/airflow/dags/airfow_es.py took 0.013 seconds
[2022-07-31 01:44:42,131] {processor.py:153} INFO - Started process (PID=13761) to work on /home/oury/airflow/dags/airfow_es.py
[2022-07-31 01:44:42,132] {processor.py:641} INFO - Processing file /home/oury/airflow/dags/airfow_es.py for tasks to queue
[2022-07-31 01:44:42,132] {logging_mixin.py:115} INFO - [2022-07-31 01:44:42,132] {dagbag.py:507} INFO - Filling up the DagBag from /home/oury/airflow/dags/airfow_es.py
[2022-07-31 01:44:42,134] {processor.py:653} WARNING - No viable dags retrieved from /home/oury/airflow/dags/airfow_es.py
[2022-07-31 01:44:42,143] {processor.py:161} INFO - Processing /home/oury/airflow/dags/airfow_es.py took 0.015 seconds
[2022-07-31 01:44:51,257] {processor.py:153} INFO - Started process (PID=13774) to work on /home/oury/airflow/dags/airfow_es.py
[2022-07-31 01:44:51,257] {processor.py:641} INFO - Processing file /home/oury/airflow/dags/airfow_es.py for tasks to queue
[2022-07-31 01:44:51,258] {logging_mixin.py:115} INFO - [2022-07-31 01:44:51,258] {dagbag.py:507} INFO - Filling up the DagBag from /home/oury/airflow/dags/airfow_es.py
[2022-07-31 01:44:51,259] {processor.py:653} WARNING - No viable dags retrieved from /home/oury/airflow/dags/airfow_es.py
[2022-07-31 01:44:51,267] {processor.py:161} INFO - Processing /home/oury/airflow/dags/airfow_es.py took 0.012 seconds
[2022-07-31 01:45:11,145] {processor.py:153} INFO - Started process (PID=13949) to work on /home/oury/airflow/dags/airfow_es.py
[2022-07-31 01:45:11,147] {processor.py:641} INFO - Processing file /home/oury/airflow/dags/airfow_es.py for tasks to queue
[2022-07-31 01:45:11,148] {logging_mixin.py:115} INFO - [2022-07-31 01:45:11,148] {dagbag.py:507} INFO - Filling up the DagBag from /home/oury/airflow/dags/airfow_es.py
[2022-07-31 01:45:11,149] {processor.py:653} WARNING - No viable dags retrieved from /home/oury/airflow/dags/airfow_es.py
[2022-07-31 01:45:11,162] {processor.py:161} INFO - Processing /home/oury/airflow/dags/airfow_es.py took 0.022 seconds
[2022-07-31 01:45:22,297] {processor.py:153} INFO - Started process (PID=14168) to work on /home/oury/airflow/dags/airfow_es.py
[2022-07-31 01:45:22,298] {processor.py:641} INFO - Processing file /home/oury/airflow/dags/airfow_es.py for tasks to queue
[2022-07-31 01:45:22,298] {logging_mixin.py:115} INFO - [2022-07-31 01:45:22,298] {dagbag.py:507} INFO - Filling up the DagBag from /home/oury/airflow/dags/airfow_es.py
[2022-07-31 01:45:22,299] {processor.py:653} WARNING - No viable dags retrieved from /home/oury/airflow/dags/airfow_es.py
[2022-07-31 01:45:22,308] {processor.py:161} INFO - Processing /home/oury/airflow/dags/airfow_es.py took 0.014 seconds
[2022-07-31 01:45:41,287] {processor.py:153} INFO - Started process (PID=14260) to work on /home/oury/airflow/dags/airfow_es.py
[2022-07-31 01:45:41,287] {processor.py:641} INFO - Processing file /home/oury/airflow/dags/airfow_es.py for tasks to queue
[2022-07-31 01:45:41,289] {logging_mixin.py:115} INFO - [2022-07-31 01:45:41,288] {dagbag.py:507} INFO - Filling up the DagBag from /home/oury/airflow/dags/airfow_es.py
[2022-07-31 01:45:41,291] {processor.py:653} WARNING - No viable dags retrieved from /home/oury/airflow/dags/airfow_es.py
[2022-07-31 01:45:41,301] {processor.py:161} INFO - Processing /home/oury/airflow/dags/airfow_es.py took 0.017 seconds
[2022-07-31 01:45:51,796] {processor.py:153} INFO - Started process (PID=14275) to work on /home/oury/airflow/dags/airfow_es.py
[2022-07-31 01:45:51,797] {processor.py:641} INFO - Processing file /home/oury/airflow/dags/airfow_es.py for tasks to queue
[2022-07-31 01:45:51,797] {logging_mixin.py:115} INFO - [2022-07-31 01:45:51,797] {dagbag.py:507} INFO - Filling up the DagBag from /home/oury/airflow/dags/airfow_es.py
[2022-07-31 01:45:51,799] {processor.py:653} WARNING - No viable dags retrieved from /home/oury/airflow/dags/airfow_es.py
[2022-07-31 01:45:51,813] {processor.py:161} INFO - Processing /home/oury/airflow/dags/airfow_es.py took 0.021 seconds
[2022-07-31 01:46:02,388] {processor.py:153} INFO - Started process (PID=14349) to work on /home/oury/airflow/dags/airfow_es.py
[2022-07-31 01:46:02,388] {processor.py:641} INFO - Processing file /home/oury/airflow/dags/airfow_es.py for tasks to queue
[2022-07-31 01:46:02,389] {logging_mixin.py:115} INFO - [2022-07-31 01:46:02,389] {dagbag.py:507} INFO - Filling up the DagBag from /home/oury/airflow/dags/airfow_es.py
[2022-07-31 01:46:02,390] {processor.py:653} WARNING - No viable dags retrieved from /home/oury/airflow/dags/airfow_es.py
[2022-07-31 01:46:02,402] {processor.py:161} INFO - Processing /home/oury/airflow/dags/airfow_es.py took 0.018 seconds
[2022-07-31 01:46:12,734] {processor.py:153} INFO - Started process (PID=14363) to work on /home/oury/airflow/dags/airfow_es.py
[2022-07-31 01:46:12,735] {processor.py:641} INFO - Processing file /home/oury/airflow/dags/airfow_es.py for tasks to queue
[2022-07-31 01:46:12,736] {logging_mixin.py:115} INFO - [2022-07-31 01:46:12,735] {dagbag.py:507} INFO - Filling up the DagBag from /home/oury/airflow/dags/airfow_es.py
[2022-07-31 01:46:12,737] {processor.py:653} WARNING - No viable dags retrieved from /home/oury/airflow/dags/airfow_es.py
[2022-07-31 01:46:12,751] {processor.py:161} INFO - Processing /home/oury/airflow/dags/airfow_es.py took 0.020 seconds
[2022-07-31 01:46:23,073] {processor.py:153} INFO - Started process (PID=14375) to work on /home/oury/airflow/dags/airfow_es.py
[2022-07-31 01:46:23,074] {processor.py:641} INFO - Processing file /home/oury/airflow/dags/airfow_es.py for tasks to queue
[2022-07-31 01:46:23,075] {logging_mixin.py:115} INFO - [2022-07-31 01:46:23,075] {dagbag.py:507} INFO - Filling up the DagBag from /home/oury/airflow/dags/airfow_es.py
[2022-07-31 01:46:23,076] {processor.py:653} WARNING - No viable dags retrieved from /home/oury/airflow/dags/airfow_es.py
[2022-07-31 01:46:23,088] {processor.py:161} INFO - Processing /home/oury/airflow/dags/airfow_es.py took 0.018 seconds
[2022-07-31 01:46:33,401] {processor.py:153} INFO - Started process (PID=14424) to work on /home/oury/airflow/dags/airfow_es.py
[2022-07-31 01:46:33,402] {processor.py:641} INFO - Processing file /home/oury/airflow/dags/airfow_es.py for tasks to queue
[2022-07-31 01:46:33,402] {logging_mixin.py:115} INFO - [2022-07-31 01:46:33,402] {dagbag.py:507} INFO - Filling up the DagBag from /home/oury/airflow/dags/airfow_es.py
[2022-07-31 01:46:33,403] {processor.py:653} WARNING - No viable dags retrieved from /home/oury/airflow/dags/airfow_es.py
[2022-07-31 01:46:33,411] {processor.py:161} INFO - Processing /home/oury/airflow/dags/airfow_es.py took 0.012 seconds
[2022-07-31 01:46:43,677] {processor.py:153} INFO - Started process (PID=14438) to work on /home/oury/airflow/dags/airfow_es.py
[2022-07-31 01:46:43,678] {processor.py:641} INFO - Processing file /home/oury/airflow/dags/airfow_es.py for tasks to queue
[2022-07-31 01:46:43,678] {logging_mixin.py:115} INFO - [2022-07-31 01:46:43,678] {dagbag.py:507} INFO - Filling up the DagBag from /home/oury/airflow/dags/airfow_es.py
[2022-07-31 01:46:43,679] {processor.py:653} WARNING - No viable dags retrieved from /home/oury/airflow/dags/airfow_es.py
[2022-07-31 01:46:43,687] {processor.py:161} INFO - Processing /home/oury/airflow/dags/airfow_es.py took 0.012 seconds
[2022-07-31 01:46:55,174] {processor.py:153} INFO - Started process (PID=14456) to work on /home/oury/airflow/dags/airfow_es.py
[2022-07-31 01:46:55,176] {processor.py:641} INFO - Processing file /home/oury/airflow/dags/airfow_es.py for tasks to queue
[2022-07-31 01:46:55,178] {logging_mixin.py:115} INFO - [2022-07-31 01:46:55,177] {dagbag.py:507} INFO - Filling up the DagBag from /home/oury/airflow/dags/airfow_es.py
[2022-07-31 01:46:55,180] {processor.py:653} WARNING - No viable dags retrieved from /home/oury/airflow/dags/airfow_es.py
[2022-07-31 01:46:55,193] {processor.py:161} INFO - Processing /home/oury/airflow/dags/airfow_es.py took 0.024 seconds
[2022-07-31 01:47:05,330] {processor.py:153} INFO - Started process (PID=14532) to work on /home/oury/airflow/dags/airfow_es.py
[2022-07-31 01:47:05,330] {processor.py:641} INFO - Processing file /home/oury/airflow/dags/airfow_es.py for tasks to queue
[2022-07-31 01:47:05,331] {logging_mixin.py:115} INFO - [2022-07-31 01:47:05,331] {dagbag.py:507} INFO - Filling up the DagBag from /home/oury/airflow/dags/airfow_es.py
[2022-07-31 01:47:05,332] {processor.py:653} WARNING - No viable dags retrieved from /home/oury/airflow/dags/airfow_es.py
[2022-07-31 01:47:05,340] {processor.py:161} INFO - Processing /home/oury/airflow/dags/airfow_es.py took 0.013 seconds
[2022-07-31 01:47:16,709] {processor.py:153} INFO - Started process (PID=14631) to work on /home/oury/airflow/dags/airfow_es.py
[2022-07-31 01:47:16,710] {processor.py:641} INFO - Processing file /home/oury/airflow/dags/airfow_es.py for tasks to queue
[2022-07-31 01:47:16,710] {logging_mixin.py:115} INFO - [2022-07-31 01:47:16,710] {dagbag.py:507} INFO - Filling up the DagBag from /home/oury/airflow/dags/airfow_es.py
[2022-07-31 01:47:16,713] {processor.py:653} WARNING - No viable dags retrieved from /home/oury/airflow/dags/airfow_es.py
[2022-07-31 01:47:16,726] {processor.py:161} INFO - Processing /home/oury/airflow/dags/airfow_es.py took 0.020 seconds
[2022-07-31 01:47:27,022] {processor.py:153} INFO - Started process (PID=14731) to work on /home/oury/airflow/dags/airfow_es.py
[2022-07-31 01:47:27,022] {processor.py:641} INFO - Processing file /home/oury/airflow/dags/airfow_es.py for tasks to queue
[2022-07-31 01:47:27,023] {logging_mixin.py:115} INFO - [2022-07-31 01:47:27,023] {dagbag.py:507} INFO - Filling up the DagBag from /home/oury/airflow/dags/airfow_es.py
[2022-07-31 01:47:27,024] {processor.py:653} WARNING - No viable dags retrieved from /home/oury/airflow/dags/airfow_es.py
[2022-07-31 01:47:27,032] {processor.py:161} INFO - Processing /home/oury/airflow/dags/airfow_es.py took 0.012 seconds
[2022-07-31 01:47:37,490] {processor.py:153} INFO - Started process (PID=14759) to work on /home/oury/airflow/dags/airfow_es.py
[2022-07-31 01:47:37,490] {processor.py:641} INFO - Processing file /home/oury/airflow/dags/airfow_es.py for tasks to queue
[2022-07-31 01:47:37,490] {logging_mixin.py:115} INFO - [2022-07-31 01:47:37,490] {dagbag.py:507} INFO - Filling up the DagBag from /home/oury/airflow/dags/airfow_es.py
[2022-07-31 01:47:37,491] {processor.py:653} WARNING - No viable dags retrieved from /home/oury/airflow/dags/airfow_es.py
[2022-07-31 01:47:37,499] {processor.py:161} INFO - Processing /home/oury/airflow/dags/airfow_es.py took 0.012 seconds
[2022-07-31 01:47:46,770] {processor.py:153} INFO - Started process (PID=14789) to work on /home/oury/airflow/dags/airfow_es.py
[2022-07-31 01:47:46,771] {processor.py:641} INFO - Processing file /home/oury/airflow/dags/airfow_es.py for tasks to queue
[2022-07-31 01:47:46,771] {logging_mixin.py:115} INFO - [2022-07-31 01:47:46,771] {dagbag.py:507} INFO - Filling up the DagBag from /home/oury/airflow/dags/airfow_es.py
[2022-07-31 01:47:46,772] {processor.py:653} WARNING - No viable dags retrieved from /home/oury/airflow/dags/airfow_es.py
[2022-07-31 01:47:46,781] {processor.py:161} INFO - Processing /home/oury/airflow/dags/airfow_es.py took 0.013 seconds
[2022-07-31 01:47:58,225] {processor.py:153} INFO - Started process (PID=14831) to work on /home/oury/airflow/dags/airfow_es.py
[2022-07-31 01:47:58,226] {processor.py:641} INFO - Processing file /home/oury/airflow/dags/airfow_es.py for tasks to queue
[2022-07-31 01:47:58,226] {logging_mixin.py:115} INFO - [2022-07-31 01:47:58,226] {dagbag.py:507} INFO - Filling up the DagBag from /home/oury/airflow/dags/airfow_es.py
[2022-07-31 01:47:58,227] {processor.py:653} WARNING - No viable dags retrieved from /home/oury/airflow/dags/airfow_es.py
[2022-07-31 01:47:58,236] {processor.py:161} INFO - Processing /home/oury/airflow/dags/airfow_es.py took 0.013 seconds
[2022-07-31 01:48:09,726] {processor.py:153} INFO - Started process (PID=14845) to work on /home/oury/airflow/dags/airfow_es.py
[2022-07-31 01:48:09,727] {processor.py:641} INFO - Processing file /home/oury/airflow/dags/airfow_es.py for tasks to queue
[2022-07-31 01:48:09,727] {logging_mixin.py:115} INFO - [2022-07-31 01:48:09,727] {dagbag.py:507} INFO - Filling up the DagBag from /home/oury/airflow/dags/airfow_es.py
[2022-07-31 01:48:09,728] {processor.py:653} WARNING - No viable dags retrieved from /home/oury/airflow/dags/airfow_es.py
[2022-07-31 01:48:09,739] {processor.py:161} INFO - Processing /home/oury/airflow/dags/airfow_es.py took 0.015 seconds
[2022-07-31 01:48:20,118] {processor.py:153} INFO - Started process (PID=14924) to work on /home/oury/airflow/dags/airfow_es.py
[2022-07-31 01:48:20,118] {processor.py:641} INFO - Processing file /home/oury/airflow/dags/airfow_es.py for tasks to queue
[2022-07-31 01:48:20,119] {logging_mixin.py:115} INFO - [2022-07-31 01:48:20,119] {dagbag.py:507} INFO - Filling up the DagBag from /home/oury/airflow/dags/airfow_es.py
[2022-07-31 01:48:20,120] {processor.py:653} WARNING - No viable dags retrieved from /home/oury/airflow/dags/airfow_es.py
[2022-07-31 01:48:20,129] {processor.py:161} INFO - Processing /home/oury/airflow/dags/airfow_es.py took 0.013 seconds
[2022-07-31 01:48:30,806] {processor.py:153} INFO - Started process (PID=14941) to work on /home/oury/airflow/dags/airfow_es.py
[2022-07-31 01:48:30,806] {processor.py:641} INFO - Processing file /home/oury/airflow/dags/airfow_es.py for tasks to queue
[2022-07-31 01:48:30,807] {logging_mixin.py:115} INFO - [2022-07-31 01:48:30,807] {dagbag.py:507} INFO - Filling up the DagBag from /home/oury/airflow/dags/airfow_es.py
[2022-07-31 01:48:30,808] {processor.py:653} WARNING - No viable dags retrieved from /home/oury/airflow/dags/airfow_es.py
[2022-07-31 01:48:30,816] {processor.py:161} INFO - Processing /home/oury/airflow/dags/airfow_es.py took 0.012 seconds
[2022-07-31 01:48:42,369] {processor.py:153} INFO - Started process (PID=14954) to work on /home/oury/airflow/dags/airfow_es.py
[2022-07-31 01:48:42,370] {processor.py:641} INFO - Processing file /home/oury/airflow/dags/airfow_es.py for tasks to queue
[2022-07-31 01:48:42,370] {logging_mixin.py:115} INFO - [2022-07-31 01:48:42,370] {dagbag.py:507} INFO - Filling up the DagBag from /home/oury/airflow/dags/airfow_es.py
[2022-07-31 01:48:42,371] {processor.py:653} WARNING - No viable dags retrieved from /home/oury/airflow/dags/airfow_es.py
[2022-07-31 01:48:42,380] {processor.py:161} INFO - Processing /home/oury/airflow/dags/airfow_es.py took 0.013 seconds
[2022-07-31 01:48:54,971] {processor.py:153} INFO - Started process (PID=14969) to work on /home/oury/airflow/dags/airfow_es.py
[2022-07-31 01:48:54,971] {processor.py:641} INFO - Processing file /home/oury/airflow/dags/airfow_es.py for tasks to queue
[2022-07-31 01:48:54,972] {logging_mixin.py:115} INFO - [2022-07-31 01:48:54,972] {dagbag.py:507} INFO - Filling up the DagBag from /home/oury/airflow/dags/airfow_es.py
[2022-07-31 01:48:54,973] {processor.py:653} WARNING - No viable dags retrieved from /home/oury/airflow/dags/airfow_es.py
[2022-07-31 01:48:54,982] {processor.py:161} INFO - Processing /home/oury/airflow/dags/airfow_es.py took 0.014 seconds
[2022-07-31 01:49:05,314] {processor.py:153} INFO - Started process (PID=14983) to work on /home/oury/airflow/dags/airfow_es.py
[2022-07-31 01:49:05,314] {processor.py:641} INFO - Processing file /home/oury/airflow/dags/airfow_es.py for tasks to queue
[2022-07-31 01:49:05,315] {logging_mixin.py:115} INFO - [2022-07-31 01:49:05,315] {dagbag.py:507} INFO - Filling up the DagBag from /home/oury/airflow/dags/airfow_es.py
[2022-07-31 01:49:05,316] {processor.py:653} WARNING - No viable dags retrieved from /home/oury/airflow/dags/airfow_es.py
[2022-07-31 01:49:05,324] {processor.py:161} INFO - Processing /home/oury/airflow/dags/airfow_es.py took 0.012 seconds
[2022-07-31 01:49:15,106] {processor.py:153} INFO - Started process (PID=14997) to work on /home/oury/airflow/dags/airfow_es.py
[2022-07-31 01:49:15,106] {processor.py:641} INFO - Processing file /home/oury/airflow/dags/airfow_es.py for tasks to queue
[2022-07-31 01:49:15,107] {logging_mixin.py:115} INFO - [2022-07-31 01:49:15,107] {dagbag.py:507} INFO - Filling up the DagBag from /home/oury/airflow/dags/airfow_es.py
[2022-07-31 01:49:15,108] {processor.py:653} WARNING - No viable dags retrieved from /home/oury/airflow/dags/airfow_es.py
[2022-07-31 01:49:15,116] {processor.py:161} INFO - Processing /home/oury/airflow/dags/airfow_es.py took 0.012 seconds
[2022-07-31 01:49:24,821] {processor.py:153} INFO - Started process (PID=15008) to work on /home/oury/airflow/dags/airfow_es.py
[2022-07-31 01:49:24,821] {processor.py:641} INFO - Processing file /home/oury/airflow/dags/airfow_es.py for tasks to queue
[2022-07-31 01:49:24,822] {logging_mixin.py:115} INFO - [2022-07-31 01:49:24,822] {dagbag.py:507} INFO - Filling up the DagBag from /home/oury/airflow/dags/airfow_es.py
[2022-07-31 01:49:24,823] {processor.py:653} WARNING - No viable dags retrieved from /home/oury/airflow/dags/airfow_es.py
[2022-07-31 01:49:24,831] {processor.py:161} INFO - Processing /home/oury/airflow/dags/airfow_es.py took 0.012 seconds
[2022-07-31 01:49:35,157] {processor.py:153} INFO - Started process (PID=15026) to work on /home/oury/airflow/dags/airfow_es.py
[2022-07-31 01:49:35,158] {processor.py:641} INFO - Processing file /home/oury/airflow/dags/airfow_es.py for tasks to queue
[2022-07-31 01:49:35,158] {logging_mixin.py:115} INFO - [2022-07-31 01:49:35,158] {dagbag.py:507} INFO - Filling up the DagBag from /home/oury/airflow/dags/airfow_es.py
[2022-07-31 01:49:35,159] {processor.py:653} WARNING - No viable dags retrieved from /home/oury/airflow/dags/airfow_es.py
[2022-07-31 01:49:35,167] {processor.py:161} INFO - Processing /home/oury/airflow/dags/airfow_es.py took 0.013 seconds
[2022-07-31 01:49:45,982] {processor.py:153} INFO - Started process (PID=15039) to work on /home/oury/airflow/dags/airfow_es.py
[2022-07-31 01:49:45,982] {processor.py:641} INFO - Processing file /home/oury/airflow/dags/airfow_es.py for tasks to queue
[2022-07-31 01:49:45,982] {logging_mixin.py:115} INFO - [2022-07-31 01:49:45,982] {dagbag.py:507} INFO - Filling up the DagBag from /home/oury/airflow/dags/airfow_es.py
[2022-07-31 01:49:45,983] {processor.py:653} WARNING - No viable dags retrieved from /home/oury/airflow/dags/airfow_es.py
[2022-07-31 01:49:45,991] {processor.py:161} INFO - Processing /home/oury/airflow/dags/airfow_es.py took 0.012 seconds
[2022-07-31 01:49:56,150] {processor.py:153} INFO - Started process (PID=15053) to work on /home/oury/airflow/dags/airfow_es.py
[2022-07-31 01:49:56,150] {processor.py:641} INFO - Processing file /home/oury/airflow/dags/airfow_es.py for tasks to queue
[2022-07-31 01:49:56,151] {logging_mixin.py:115} INFO - [2022-07-31 01:49:56,151] {dagbag.py:507} INFO - Filling up the DagBag from /home/oury/airflow/dags/airfow_es.py
[2022-07-31 01:49:56,152] {processor.py:653} WARNING - No viable dags retrieved from /home/oury/airflow/dags/airfow_es.py
[2022-07-31 01:49:56,160] {processor.py:161} INFO - Processing /home/oury/airflow/dags/airfow_es.py took 0.013 seconds
[2022-07-31 01:50:07,474] {processor.py:153} INFO - Started process (PID=15067) to work on /home/oury/airflow/dags/airfow_es.py
[2022-07-31 01:50:07,474] {processor.py:641} INFO - Processing file /home/oury/airflow/dags/airfow_es.py for tasks to queue
[2022-07-31 01:50:07,475] {logging_mixin.py:115} INFO - [2022-07-31 01:50:07,475] {dagbag.py:507} INFO - Filling up the DagBag from /home/oury/airflow/dags/airfow_es.py
[2022-07-31 01:50:07,476] {processor.py:653} WARNING - No viable dags retrieved from /home/oury/airflow/dags/airfow_es.py
[2022-07-31 01:50:07,484] {processor.py:161} INFO - Processing /home/oury/airflow/dags/airfow_es.py took 0.012 seconds
[2022-07-31 01:50:18,746] {processor.py:153} INFO - Started process (PID=15081) to work on /home/oury/airflow/dags/airfow_es.py
[2022-07-31 01:50:18,747] {processor.py:641} INFO - Processing file /home/oury/airflow/dags/airfow_es.py for tasks to queue
[2022-07-31 01:50:18,747] {logging_mixin.py:115} INFO - [2022-07-31 01:50:18,747] {dagbag.py:507} INFO - Filling up the DagBag from /home/oury/airflow/dags/airfow_es.py
[2022-07-31 01:50:18,748] {processor.py:653} WARNING - No viable dags retrieved from /home/oury/airflow/dags/airfow_es.py
[2022-07-31 01:50:18,757] {processor.py:161} INFO - Processing /home/oury/airflow/dags/airfow_es.py took 0.013 seconds
[2022-07-31 01:50:29,753] {processor.py:153} INFO - Started process (PID=15095) to work on /home/oury/airflow/dags/airfow_es.py
[2022-07-31 01:50:29,754] {processor.py:641} INFO - Processing file /home/oury/airflow/dags/airfow_es.py for tasks to queue
[2022-07-31 01:50:29,754] {logging_mixin.py:115} INFO - [2022-07-31 01:50:29,754] {dagbag.py:507} INFO - Filling up the DagBag from /home/oury/airflow/dags/airfow_es.py
[2022-07-31 01:50:29,755] {processor.py:653} WARNING - No viable dags retrieved from /home/oury/airflow/dags/airfow_es.py
[2022-07-31 01:50:29,764] {processor.py:161} INFO - Processing /home/oury/airflow/dags/airfow_es.py took 0.013 seconds
[2022-07-31 01:50:41,201] {processor.py:153} INFO - Started process (PID=15113) to work on /home/oury/airflow/dags/airfow_es.py
[2022-07-31 01:50:41,202] {processor.py:641} INFO - Processing file /home/oury/airflow/dags/airfow_es.py for tasks to queue
[2022-07-31 01:50:41,202] {logging_mixin.py:115} INFO - [2022-07-31 01:50:41,202] {dagbag.py:507} INFO - Filling up the DagBag from /home/oury/airflow/dags/airfow_es.py
[2022-07-31 01:50:41,203] {processor.py:653} WARNING - No viable dags retrieved from /home/oury/airflow/dags/airfow_es.py
[2022-07-31 01:50:41,211] {processor.py:161} INFO - Processing /home/oury/airflow/dags/airfow_es.py took 0.013 seconds
[2022-07-31 01:50:52,701] {processor.py:153} INFO - Started process (PID=15128) to work on /home/oury/airflow/dags/airfow_es.py
[2022-07-31 01:50:52,701] {processor.py:641} INFO - Processing file /home/oury/airflow/dags/airfow_es.py for tasks to queue
[2022-07-31 01:50:52,702] {logging_mixin.py:115} INFO - [2022-07-31 01:50:52,702] {dagbag.py:507} INFO - Filling up the DagBag from /home/oury/airflow/dags/airfow_es.py
[2022-07-31 01:50:52,703] {processor.py:653} WARNING - No viable dags retrieved from /home/oury/airflow/dags/airfow_es.py
[2022-07-31 01:50:52,711] {processor.py:161} INFO - Processing /home/oury/airflow/dags/airfow_es.py took 0.013 seconds
[2022-07-31 01:51:01,874] {processor.py:153} INFO - Started process (PID=15150) to work on /home/oury/airflow/dags/airfow_es.py
[2022-07-31 01:51:01,874] {processor.py:641} INFO - Processing file /home/oury/airflow/dags/airfow_es.py for tasks to queue
[2022-07-31 01:51:01,875] {logging_mixin.py:115} INFO - [2022-07-31 01:51:01,875] {dagbag.py:507} INFO - Filling up the DagBag from /home/oury/airflow/dags/airfow_es.py
[2022-07-31 01:51:01,876] {processor.py:653} WARNING - No viable dags retrieved from /home/oury/airflow/dags/airfow_es.py
[2022-07-31 01:51:01,885] {processor.py:161} INFO - Processing /home/oury/airflow/dags/airfow_es.py took 0.014 seconds
[2022-07-31 01:51:12,060] {processor.py:153} INFO - Started process (PID=15164) to work on /home/oury/airflow/dags/airfow_es.py
[2022-07-31 01:51:12,060] {processor.py:641} INFO - Processing file /home/oury/airflow/dags/airfow_es.py for tasks to queue
[2022-07-31 01:51:12,061] {logging_mixin.py:115} INFO - [2022-07-31 01:51:12,060] {dagbag.py:507} INFO - Filling up the DagBag from /home/oury/airflow/dags/airfow_es.py
[2022-07-31 01:51:12,062] {processor.py:653} WARNING - No viable dags retrieved from /home/oury/airflow/dags/airfow_es.py
[2022-07-31 01:51:12,070] {processor.py:161} INFO - Processing /home/oury/airflow/dags/airfow_es.py took 0.013 seconds
[2022-07-31 01:51:21,214] {processor.py:153} INFO - Started process (PID=15194) to work on /home/oury/airflow/dags/airfow_es.py
[2022-07-31 01:51:21,215] {processor.py:641} INFO - Processing file /home/oury/airflow/dags/airfow_es.py for tasks to queue
[2022-07-31 01:51:21,215] {logging_mixin.py:115} INFO - [2022-07-31 01:51:21,215] {dagbag.py:507} INFO - Filling up the DagBag from /home/oury/airflow/dags/airfow_es.py
[2022-07-31 01:51:21,216] {processor.py:653} WARNING - No viable dags retrieved from /home/oury/airflow/dags/airfow_es.py
[2022-07-31 01:51:21,225] {processor.py:161} INFO - Processing /home/oury/airflow/dags/airfow_es.py took 0.013 seconds
[2022-07-31 01:51:31,590] {processor.py:153} INFO - Started process (PID=15222) to work on /home/oury/airflow/dags/airfow_es.py
[2022-07-31 01:51:31,590] {processor.py:641} INFO - Processing file /home/oury/airflow/dags/airfow_es.py for tasks to queue
[2022-07-31 01:51:31,591] {logging_mixin.py:115} INFO - [2022-07-31 01:51:31,590] {dagbag.py:507} INFO - Filling up the DagBag from /home/oury/airflow/dags/airfow_es.py
[2022-07-31 01:51:31,592] {processor.py:653} WARNING - No viable dags retrieved from /home/oury/airflow/dags/airfow_es.py
[2022-07-31 01:51:31,601] {processor.py:161} INFO - Processing /home/oury/airflow/dags/airfow_es.py took 0.013 seconds
