[2022-07-30 21:29:33,296] {taskinstance.py:1160} INFO - Dependencies all met for <TaskInstance: data_pipeline.tweets_to_es scheduled__2022-07-30T20:24:00+00:00 [queued]>
[2022-07-30 21:29:33,303] {taskinstance.py:1160} INFO - Dependencies all met for <TaskInstance: data_pipeline.tweets_to_es scheduled__2022-07-30T20:24:00+00:00 [queued]>
[2022-07-30 21:29:33,303] {taskinstance.py:1357} INFO - 
--------------------------------------------------------------------------------
[2022-07-30 21:29:33,303] {taskinstance.py:1358} INFO - Starting attempt 1 of 1
[2022-07-30 21:29:33,303] {taskinstance.py:1359} INFO - 
--------------------------------------------------------------------------------
[2022-07-30 21:29:33,316] {taskinstance.py:1378} INFO - Executing <Task(PythonOperator): tweets_to_es> on 2022-07-30 20:24:00+00:00
[2022-07-30 21:29:33,318] {standard_task_runner.py:52} INFO - Started process 15483 to run task
[2022-07-30 21:29:33,321] {standard_task_runner.py:79} INFO - Running: ['airflow', 'tasks', 'run', 'data_pipeline', 'tweets_to_es', 'scheduled__2022-07-30T20:24:00+00:00', '--job-id', '47', '--raw', '--subdir', 'DAGS_FOLDER/airfow_es.py', '--cfg-path', '/tmp/tmpwa1o5xbj', '--error-file', '/tmp/tmp_ywh0kzo']
[2022-07-30 21:29:33,322] {standard_task_runner.py:80} INFO - Job 47: Subtask tweets_to_es
[2022-07-30 21:29:33,365] {task_command.py:370} INFO - Running <TaskInstance: data_pipeline.tweets_to_es scheduled__2022-07-30T20:24:00+00:00 [running]> on host oury-Tp
[2022-07-30 21:29:33,404] {taskinstance.py:1570} INFO - Exporting the following env vars:
AIRFLOW_CTX_DAG_OWNER=airflow
AIRFLOW_CTX_DAG_ID=data_pipeline
AIRFLOW_CTX_TASK_ID=tweets_to_es
AIRFLOW_CTX_EXECUTION_DATE=2022-07-30T20:24:00+00:00
AIRFLOW_CTX_TRY_NUMBER=1
AIRFLOW_CTX_DAG_RUN_ID=scheduled__2022-07-30T20:24:00+00:00
[2022-07-30 21:29:33,405] {twitter.py:696} INFO - Retrieving scroll page None
[2022-07-30 21:29:33,406] {twitter.py:626} INFO - Retrieving guest token
[2022-07-30 21:29:33,407] {base.py:171} INFO - Retrieving https://twitter.com/search?f=live&lang=en&q=near%3AParis+since%3A1659212640+until%3A1659212880&src=spelling_expansion_revert_click
[2022-07-30 21:29:34,109] {base.py:189} INFO - Retrieved https://twitter.com/search?f=live&lang=en&q=near%3AParis+since%3A1659212640+until%3A1659212880&src=spelling_expansion_revert_click: 200
[2022-07-30 21:29:34,113] {base.py:171} INFO - Retrieving https://api.twitter.com/2/search/adaptive.json?include_profile_interstitial_type=1&include_blocking=1&include_blocked_by=1&include_followed_by=1&include_want_retweets=1&include_mute_edge=1&include_can_dm=1&include_can_media_tag=1&skip_status=1&cards_platform=Web-12&include_cards=1&include_ext_alt_text=true&include_quote_count=true&include_reply_count=1&tweet_mode=extended&include_entities=true&include_user_entities=true&include_ext_media_color=true&include_ext_media_availability=true&send_error_codes=true&simple_quoted_tweets=true&q=near%3AParis+since%3A1659212640+until%3A1659212880&tweet_search_mode=live&count=100&query_source=spelling_expansion_revert_click&pc=1&spelling_corrections=1&ext=mediaStats%2ChighlightedLabel
[2022-07-30 21:29:35,047] {base.py:189} INFO - Retrieved https://api.twitter.com/2/search/adaptive.json?include_profile_interstitial_type=1&include_blocking=1&include_blocked_by=1&include_followed_by=1&include_want_retweets=1&include_mute_edge=1&include_can_dm=1&include_can_media_tag=1&skip_status=1&cards_platform=Web-12&include_cards=1&include_ext_alt_text=true&include_quote_count=true&include_reply_count=1&tweet_mode=extended&include_entities=true&include_user_entities=true&include_ext_media_color=true&include_ext_media_availability=true&send_error_codes=true&simple_quoted_tweets=true&q=near%3AParis+since%3A1659212640+until%3A1659212880&tweet_search_mode=live&count=100&query_source=spelling_expansion_revert_click&pc=1&spelling_corrections=1&ext=mediaStats%2ChighlightedLabel: 200
[2022-07-30 21:29:36,311] {base.py:265} INFO - GET http://localhost:9200/ [status:200 request:0.041s]
[2022-07-30 21:29:36,336] {base.py:265} INFO - PUT http://localhost:9200/my_index/_doc/1553477527657668610 [status:201 request:0.024s]
[2022-07-30 21:29:36,363] {base.py:265} INFO - PUT http://localhost:9200/my_index/_doc/1553477526126731264 [status:201 request:0.011s]
[2022-07-30 21:29:36,408] {base.py:265} INFO - PUT http://localhost:9200/my_index/_doc/1553477526080655363 [status:201 request:0.019s]
[2022-07-30 21:29:36,479] {base.py:265} INFO - PUT http://localhost:9200/my_index/_doc/1553477523043917826 [status:201 request:0.027s]
[2022-07-30 21:29:36,547] {base.py:265} INFO - PUT http://localhost:9200/my_index/_doc/1553477519839461376 [status:201 request:0.040s]
[2022-07-30 21:29:36,599] {base.py:265} INFO - PUT http://localhost:9200/my_index/_doc/1553477519071911936 [status:201 request:0.035s]
[2022-07-30 21:29:36,669] {base.py:265} INFO - PUT http://localhost:9200/my_index/_doc/1553477517419454464 [status:201 request:0.035s]
[2022-07-30 21:29:36,720] {base.py:265} INFO - PUT http://localhost:9200/my_index/_doc/1553477516870012930 [status:201 request:0.036s]
[2022-07-30 21:29:36,744] {python.py:173} INFO - Done. Returned value was: None
[2022-07-30 21:29:36,931] {taskinstance.py:1396} INFO - Marking task as SUCCESS. dag_id=data_pipeline, task_id=tweets_to_es, execution_date=20220730T202400, start_date=20220730T202933, end_date=20220730T202936
[2022-07-30 21:29:37,042] {local_task_job.py:156} INFO - Task exited with return code 0
[2022-07-30 21:29:37,080] {local_task_job.py:273} INFO - 0 downstream tasks scheduled from follow-on schedule check
