[2022-07-30 17:24:03,627] {taskinstance.py:1160} INFO - Dependencies all met for <TaskInstance: data_pipeline.tweets_to_es scheduled__2022-07-30T16:20:00+00:00 [queued]>
[2022-07-30 17:24:03,632] {taskinstance.py:1160} INFO - Dependencies all met for <TaskInstance: data_pipeline.tweets_to_es scheduled__2022-07-30T16:20:00+00:00 [queued]>
[2022-07-30 17:24:03,632] {taskinstance.py:1357} INFO - 
--------------------------------------------------------------------------------
[2022-07-30 17:24:03,632] {taskinstance.py:1358} INFO - Starting attempt 1 of 1
[2022-07-30 17:24:03,633] {taskinstance.py:1359} INFO - 
--------------------------------------------------------------------------------
[2022-07-30 17:24:03,645] {taskinstance.py:1378} INFO - Executing <Task(PythonOperator): tweets_to_es> on 2022-07-30 16:20:00+00:00
[2022-07-30 17:24:03,648] {standard_task_runner.py:52} INFO - Started process 9188 to run task
[2022-07-30 17:24:03,651] {standard_task_runner.py:79} INFO - Running: ['airflow', 'tasks', 'run', 'data_pipeline', 'tweets_to_es', 'scheduled__2022-07-30T16:20:00+00:00', '--job-id', '17', '--raw', '--subdir', 'DAGS_FOLDER/airfow_es.py', '--cfg-path', '/tmp/tmp58li1p3j', '--error-file', '/tmp/tmpf91d5jv8']
[2022-07-30 17:24:03,652] {standard_task_runner.py:80} INFO - Job 17: Subtask tweets_to_es
[2022-07-30 17:24:03,683] {task_command.py:370} INFO - Running <TaskInstance: data_pipeline.tweets_to_es scheduled__2022-07-30T16:20:00+00:00 [running]> on host oury-Tp
[2022-07-30 17:24:03,723] {taskinstance.py:1570} INFO - Exporting the following env vars:
AIRFLOW_CTX_DAG_OWNER=airflow
AIRFLOW_CTX_DAG_ID=data_pipeline
AIRFLOW_CTX_TASK_ID=tweets_to_es
AIRFLOW_CTX_EXECUTION_DATE=2022-07-30T16:20:00+00:00
AIRFLOW_CTX_TRY_NUMBER=1
AIRFLOW_CTX_DAG_RUN_ID=scheduled__2022-07-30T16:20:00+00:00
[2022-07-30 17:24:03,725] {twitter.py:696} INFO - Retrieving scroll page None
[2022-07-30 17:24:03,725] {twitter.py:626} INFO - Retrieving guest token
[2022-07-30 17:24:03,726] {base.py:171} INFO - Retrieving https://twitter.com/search?f=live&lang=en&q=near%3AParis+since%3A1659198000+until%3A1659198240&src=spelling_expansion_revert_click
[2022-07-30 17:24:04,544] {base.py:189} INFO - Retrieved https://twitter.com/search?f=live&lang=en&q=near%3AParis+since%3A1659198000+until%3A1659198240&src=spelling_expansion_revert_click: 200
[2022-07-30 17:24:04,551] {base.py:171} INFO - Retrieving https://api.twitter.com/2/search/adaptive.json?include_profile_interstitial_type=1&include_blocking=1&include_blocked_by=1&include_followed_by=1&include_want_retweets=1&include_mute_edge=1&include_can_dm=1&include_can_media_tag=1&skip_status=1&cards_platform=Web-12&include_cards=1&include_ext_alt_text=true&include_quote_count=true&include_reply_count=1&tweet_mode=extended&include_entities=true&include_user_entities=true&include_ext_media_color=true&include_ext_media_availability=true&send_error_codes=true&simple_quoted_tweets=true&q=near%3AParis+since%3A1659198000+until%3A1659198240&tweet_search_mode=live&count=100&query_source=spelling_expansion_revert_click&pc=1&spelling_corrections=1&ext=mediaStats%2ChighlightedLabel
[2022-07-30 17:24:05,727] {base.py:189} INFO - Retrieved https://api.twitter.com/2/search/adaptive.json?include_profile_interstitial_type=1&include_blocking=1&include_blocked_by=1&include_followed_by=1&include_want_retweets=1&include_mute_edge=1&include_can_dm=1&include_can_media_tag=1&skip_status=1&cards_platform=Web-12&include_cards=1&include_ext_alt_text=true&include_quote_count=true&include_reply_count=1&tweet_mode=extended&include_entities=true&include_user_entities=true&include_ext_media_color=true&include_ext_media_availability=true&send_error_codes=true&simple_quoted_tweets=true&q=near%3AParis+since%3A1659198000+until%3A1659198240&tweet_search_mode=live&count=100&query_source=spelling_expansion_revert_click&pc=1&spelling_corrections=1&ext=mediaStats%2ChighlightedLabel: 200
[2022-07-30 17:24:06,198] {base.py:265} INFO - GET http://localhost:9200/ [status:200 request:0.005s]
[2022-07-30 17:24:06,205] {base.py:265} INFO - PUT http://localhost:9200/my_index/_doc/1553416125228138496 [status:201 request:0.007s]
[2022-07-30 17:24:06,219] {base.py:265} INFO - PUT http://localhost:9200/my_index/_doc/1553416122229309444 [status:201 request:0.008s]
[2022-07-30 17:24:06,247] {base.py:265} INFO - PUT http://localhost:9200/my_index/_doc/1553416119997825024 [status:201 request:0.007s]
[2022-07-30 17:24:06,262] {base.py:265} INFO - PUT http://localhost:9200/my_index/_doc/1553416119389769728 [status:201 request:0.008s]
[2022-07-30 17:24:06,276] {base.py:265} INFO - PUT http://localhost:9200/my_index/_doc/1553416118567862272 [status:201 request:0.006s]
[2022-07-30 17:24:06,306] {base.py:265} INFO - PUT http://localhost:9200/my_index/_doc/1553416116554399746 [status:201 request:0.006s]
[2022-07-30 17:24:06,319] {base.py:265} INFO - PUT http://localhost:9200/my_index/_doc/1553416116269203456 [status:201 request:0.006s]
[2022-07-30 17:24:06,420] {base.py:265} INFO - PUT http://localhost:9200/my_index/_doc/1553416114230755334 [status:201 request:0.097s]
[2022-07-30 17:24:06,433] {base.py:265} INFO - PUT http://localhost:9200/my_index/_doc/1553416112532033538 [status:201 request:0.006s]
[2022-07-30 17:24:06,445] {base.py:265} INFO - PUT http://localhost:9200/my_index/_doc/1553416112410345472 [status:201 request:0.007s]
[2022-07-30 17:24:06,461] {base.py:265} INFO - PUT http://localhost:9200/my_index/_doc/1553416111399600129 [status:201 request:0.007s]
[2022-07-30 17:24:06,478] {base.py:265} INFO - PUT http://localhost:9200/my_index/_doc/1553416111294750720 [status:201 request:0.006s]
[2022-07-30 17:24:06,499] {base.py:265} INFO - PUT http://localhost:9200/my_index/_doc/1553416110854356994 [status:201 request:0.006s]
[2022-07-30 17:24:06,553] {base.py:265} INFO - PUT http://localhost:9200/my_index/_doc/1553416106383138822 [status:201 request:0.006s]
[2022-07-30 17:24:06,572] {base.py:265} INFO - PUT http://localhost:9200/my_index/_doc/1553416101857562624 [status:201 request:0.006s]
[2022-07-30 17:24:06,572] {twitter.py:696} INFO - Retrieving scroll page scroll:thGAVUV0VFVBaAwLy52-3rjisWgICyyYnv644rEnEV8IV6FYCJehgHREVGQVVMVDUBFQAVAAA=
[2022-07-30 17:24:06,574] {base.py:171} INFO - Retrieving https://api.twitter.com/2/search/adaptive.json?include_profile_interstitial_type=1&include_blocking=1&include_blocked_by=1&include_followed_by=1&include_want_retweets=1&include_mute_edge=1&include_can_dm=1&include_can_media_tag=1&skip_status=1&cards_platform=Web-12&include_cards=1&include_ext_alt_text=true&include_quote_count=true&include_reply_count=1&tweet_mode=extended&include_entities=true&include_user_entities=true&include_ext_media_color=true&include_ext_media_availability=true&send_error_codes=true&simple_quoted_tweets=true&q=near%3AParis+since%3A1659198000+until%3A1659198240&tweet_search_mode=live&count=100&query_source=spelling_expansion_revert_click&cursor=scroll%3AthGAVUV0VFVBaAwLy52-3rjisWgICyyYnv644rEnEV8IV6FYCJehgHREVGQVVMVDUBFQAVAAA%3D&pc=1&spelling_corrections=1&ext=mediaStats%2ChighlightedLabel
[2022-07-30 17:24:07,365] {base.py:189} INFO - Retrieved https://api.twitter.com/2/search/adaptive.json?include_profile_interstitial_type=1&include_blocking=1&include_blocked_by=1&include_followed_by=1&include_want_retweets=1&include_mute_edge=1&include_can_dm=1&include_can_media_tag=1&skip_status=1&cards_platform=Web-12&include_cards=1&include_ext_alt_text=true&include_quote_count=true&include_reply_count=1&tweet_mode=extended&include_entities=true&include_user_entities=true&include_ext_media_color=true&include_ext_media_availability=true&send_error_codes=true&simple_quoted_tweets=true&q=near%3AParis+since%3A1659198000+until%3A1659198240&tweet_search_mode=live&count=100&query_source=spelling_expansion_revert_click&cursor=scroll%3AthGAVUV0VFVBaAwLy52-3rjisWgICyyYnv644rEnEV8IV6FYCJehgHREVGQVVMVDUBFQAVAAA%3D&pc=1&spelling_corrections=1&ext=mediaStats%2ChighlightedLabel: 200
[2022-07-30 17:24:07,391] {base.py:265} INFO - PUT http://localhost:9200/my_index/_doc/1553416099999498240 [status:201 request:0.009s]
[2022-07-30 17:24:07,426] {base.py:265} INFO - PUT http://localhost:9200/my_index/_doc/1553416099089219585 [status:201 request:0.007s]
[2022-07-30 17:24:07,475] {base.py:265} INFO - PUT http://localhost:9200/my_index/_doc/1553416089106776072 [status:201 request:0.006s]
[2022-07-30 17:24:07,495] {base.py:265} INFO - PUT http://localhost:9200/my_index/_doc/1553416088850931712 [status:201 request:0.006s]
[2022-07-30 17:24:07,582] {base.py:265} INFO - PUT http://localhost:9200/my_index/_doc/1553416086766362624 [status:201 request:0.005s]
[2022-07-30 17:24:07,609] {base.py:265} INFO - PUT http://localhost:9200/my_index/_doc/1553416084002377731 [status:201 request:0.006s]
[2022-07-30 17:24:07,625] {base.py:265} INFO - PUT http://localhost:9200/my_index/_doc/1553416083104796673 [status:201 request:0.008s]
[2022-07-30 17:24:07,652] {base.py:265} INFO - PUT http://localhost:9200/my_index/_doc/1553416082731536384 [status:201 request:0.007s]
[2022-07-30 17:24:07,675] {base.py:265} INFO - PUT http://localhost:9200/my_index/_doc/1553416082731433986 [status:201 request:0.006s]
[2022-07-30 17:24:07,691] {base.py:265} INFO - PUT http://localhost:9200/my_index/_doc/1553416078897954817 [status:201 request:0.006s]
[2022-07-30 17:24:07,705] {base.py:265} INFO - PUT http://localhost:9200/my_index/_doc/1553416076771426304 [status:201 request:0.007s]
[2022-07-30 17:24:07,741] {base.py:265} INFO - PUT http://localhost:9200/my_index/_doc/1553416076289101827 [status:201 request:0.006s]
[2022-07-30 17:24:07,753] {base.py:265} INFO - PUT http://localhost:9200/my_index/_doc/1553416076041637888 [status:201 request:0.005s]
[2022-07-30 17:24:07,765] {twitter.py:696} INFO - Retrieving scroll page scroll:thGAVUV0VFVBaAgLHNmezrjisWgICyyYnv644rEnEV4IJ6FYCJehgHREVGQVVMVDUBFQIVAAA=
[2022-07-30 17:24:07,767] {base.py:171} INFO - Retrieving https://api.twitter.com/2/search/adaptive.json?include_profile_interstitial_type=1&include_blocking=1&include_blocked_by=1&include_followed_by=1&include_want_retweets=1&include_mute_edge=1&include_can_dm=1&include_can_media_tag=1&skip_status=1&cards_platform=Web-12&include_cards=1&include_ext_alt_text=true&include_quote_count=true&include_reply_count=1&tweet_mode=extended&include_entities=true&include_user_entities=true&include_ext_media_color=true&include_ext_media_availability=true&send_error_codes=true&simple_quoted_tweets=true&q=near%3AParis+since%3A1659198000+until%3A1659198240&tweet_search_mode=live&count=100&query_source=spelling_expansion_revert_click&cursor=scroll%3AthGAVUV0VFVBaAgLHNmezrjisWgICyyYnv644rEnEV4IJ6FYCJehgHREVGQVVMVDUBFQIVAAA%3D&pc=1&spelling_corrections=1&ext=mediaStats%2ChighlightedLabel
[2022-07-30 17:24:08,486] {base.py:189} INFO - Retrieved https://api.twitter.com/2/search/adaptive.json?include_profile_interstitial_type=1&include_blocking=1&include_blocked_by=1&include_followed_by=1&include_want_retweets=1&include_mute_edge=1&include_can_dm=1&include_can_media_tag=1&skip_status=1&cards_platform=Web-12&include_cards=1&include_ext_alt_text=true&include_quote_count=true&include_reply_count=1&tweet_mode=extended&include_entities=true&include_user_entities=true&include_ext_media_color=true&include_ext_media_availability=true&send_error_codes=true&simple_quoted_tweets=true&q=near%3AParis+since%3A1659198000+until%3A1659198240&tweet_search_mode=live&count=100&query_source=spelling_expansion_revert_click&cursor=scroll%3AthGAVUV0VFVBaAgLHNmezrjisWgICyyYnv644rEnEV4IJ6FYCJehgHREVGQVVMVDUBFQIVAAA%3D&pc=1&spelling_corrections=1&ext=mediaStats%2ChighlightedLabel: 200
[2022-07-30 17:24:08,574] {base.py:265} INFO - PUT http://localhost:9200/my_index/_doc/1553416072577048576 [status:201 request:0.005s]
[2022-07-30 17:24:08,592] {base.py:265} INFO - PUT http://localhost:9200/my_index/_doc/1553416071876689921 [status:201 request:0.010s]
[2022-07-30 17:24:08,621] {base.py:265} INFO - PUT http://localhost:9200/my_index/_doc/1553416070333095936 [status:201 request:0.006s]
[2022-07-30 17:24:08,641] {base.py:265} INFO - PUT http://localhost:9200/my_index/_doc/1553416070203064320 [status:201 request:0.011s]
[2022-07-30 17:24:08,654] {base.py:265} INFO - PUT http://localhost:9200/my_index/_doc/1553416070127656960 [status:201 request:0.005s]
[2022-07-30 17:24:08,705] {base.py:265} INFO - PUT http://localhost:9200/my_index/_doc/1553416067170680836 [status:201 request:0.007s]
[2022-07-30 17:24:08,719] {base.py:265} INFO - PUT http://localhost:9200/my_index/_doc/1553416067057426441 [status:201 request:0.005s]
[2022-07-30 17:24:08,779] {base.py:265} INFO - PUT http://localhost:9200/my_index/_doc/1553416065190973447 [status:201 request:0.005s]
[2022-07-30 17:24:08,798] {base.py:265} INFO - PUT http://localhost:9200/my_index/_doc/1553416064666673152 [status:201 request:0.007s]
[2022-07-30 17:24:08,829] {base.py:265} INFO - PUT http://localhost:9200/my_index/_doc/1553416064100343808 [status:201 request:0.005s]
[2022-07-30 17:24:08,862] {base.py:265} INFO - PUT http://localhost:9200/my_index/_doc/1553416063261491202 [status:201 request:0.006s]
[2022-07-30 17:24:08,873] {base.py:265} INFO - PUT http://localhost:9200/my_index/_doc/1553416062531674112 [status:201 request:0.007s]
[2022-07-30 17:24:08,887] {base.py:265} INFO - PUT http://localhost:9200/my_index/_doc/1553416061948776448 [status:201 request:0.008s]
[2022-07-30 17:24:08,900] {twitter.py:696} INFO - Retrieving scroll page scroll:thGAVUV0VFVBaAgLGtsOvrjisWgICyyYnv644rEnEV0P95FYCJehgHREVGQVVMVDUBFQQVAAA=
[2022-07-30 17:24:08,903] {base.py:171} INFO - Retrieving https://api.twitter.com/2/search/adaptive.json?include_profile_interstitial_type=1&include_blocking=1&include_blocked_by=1&include_followed_by=1&include_want_retweets=1&include_mute_edge=1&include_can_dm=1&include_can_media_tag=1&skip_status=1&cards_platform=Web-12&include_cards=1&include_ext_alt_text=true&include_quote_count=true&include_reply_count=1&tweet_mode=extended&include_entities=true&include_user_entities=true&include_ext_media_color=true&include_ext_media_availability=true&send_error_codes=true&simple_quoted_tweets=true&q=near%3AParis+since%3A1659198000+until%3A1659198240&tweet_search_mode=live&count=100&query_source=spelling_expansion_revert_click&cursor=scroll%3AthGAVUV0VFVBaAgLGtsOvrjisWgICyyYnv644rEnEV0P95FYCJehgHREVGQVVMVDUBFQQVAAA%3D&pc=1&spelling_corrections=1&ext=mediaStats%2ChighlightedLabel
[2022-07-30 17:24:09,733] {base.py:189} INFO - Retrieved https://api.twitter.com/2/search/adaptive.json?include_profile_interstitial_type=1&include_blocking=1&include_blocked_by=1&include_followed_by=1&include_want_retweets=1&include_mute_edge=1&include_can_dm=1&include_can_media_tag=1&skip_status=1&cards_platform=Web-12&include_cards=1&include_ext_alt_text=true&include_quote_count=true&include_reply_count=1&tweet_mode=extended&include_entities=true&include_user_entities=true&include_ext_media_color=true&include_ext_media_availability=true&send_error_codes=true&simple_quoted_tweets=true&q=near%3AParis+since%3A1659198000+until%3A1659198240&tweet_search_mode=live&count=100&query_source=spelling_expansion_revert_click&cursor=scroll%3AthGAVUV0VFVBaAgLGtsOvrjisWgICyyYnv644rEnEV0P95FYCJehgHREVGQVVMVDUBFQQVAAA%3D&pc=1&spelling_corrections=1&ext=mediaStats%2ChighlightedLabel: 200
[2022-07-30 17:24:09,767] {base.py:265} INFO - PUT http://localhost:9200/my_index/_doc/1553416061265010695 [status:201 request:0.006s]
[2022-07-30 17:24:09,799] {base.py:265} INFO - PUT http://localhost:9200/my_index/_doc/1553416058681364480 [status:201 request:0.005s]
[2022-07-30 17:24:09,831] {base.py:265} INFO - PUT http://localhost:9200/my_index/_doc/1553416057989349376 [status:201 request:0.005s]
[2022-07-30 17:24:09,902] {base.py:265} INFO - PUT http://localhost:9200/my_index/_doc/1553416049881661446 [status:201 request:0.007s]
[2022-07-30 17:24:09,915] {base.py:265} INFO - PUT http://localhost:9200/my_index/_doc/1553416049076436992 [status:201 request:0.005s]
[2022-07-30 17:24:09,952] {base.py:265} INFO - PUT http://localhost:9200/my_index/_doc/1553416047528742912 [status:201 request:0.005s]
[2022-07-30 17:24:10,036] {base.py:265} INFO - PUT http://localhost:9200/my_index/_doc/1553416047402881024 [status:201 request:0.076s]
[2022-07-30 17:24:10,063] {base.py:265} INFO - PUT http://localhost:9200/my_index/_doc/1553416044047486978 [status:201 request:0.008s]
[2022-07-30 17:24:10,098] {base.py:265} INFO - PUT http://localhost:9200/my_index/_doc/1553416043321872386 [status:201 request:0.010s]
[2022-07-30 17:24:10,111] {base.py:265} INFO - PUT http://localhost:9200/my_index/_doc/1553416042491379714 [status:201 request:0.007s]
[2022-07-30 17:24:10,126] {base.py:265} INFO - PUT http://localhost:9200/my_index/_doc/1553416041841180679 [status:201 request:0.006s]
[2022-07-30 17:24:10,139] {base.py:265} INFO - PUT http://localhost:9200/my_index/_doc/1553416040218083328 [status:201 request:0.009s]
[2022-07-30 17:24:10,170] {base.py:265} INFO - PUT http://localhost:9200/my_index/_doc/1553416040058687490 [status:201 request:0.007s]
[2022-07-30 17:24:10,196] {twitter.py:696} INFO - Retrieving scroll page scroll:thGAVUV0VFVBaGgLG1jOrrjisWgICyyYnv644rEnEVwPx5FYCJehgHREVGQVVMVDUBFQYVAAA=
[2022-07-30 17:24:10,199] {base.py:171} INFO - Retrieving https://api.twitter.com/2/search/adaptive.json?include_profile_interstitial_type=1&include_blocking=1&include_blocked_by=1&include_followed_by=1&include_want_retweets=1&include_mute_edge=1&include_can_dm=1&include_can_media_tag=1&skip_status=1&cards_platform=Web-12&include_cards=1&include_ext_alt_text=true&include_quote_count=true&include_reply_count=1&tweet_mode=extended&include_entities=true&include_user_entities=true&include_ext_media_color=true&include_ext_media_availability=true&send_error_codes=true&simple_quoted_tweets=true&q=near%3AParis+since%3A1659198000+until%3A1659198240&tweet_search_mode=live&count=100&query_source=spelling_expansion_revert_click&cursor=scroll%3AthGAVUV0VFVBaGgLG1jOrrjisWgICyyYnv644rEnEVwPx5FYCJehgHREVGQVVMVDUBFQYVAAA%3D&pc=1&spelling_corrections=1&ext=mediaStats%2ChighlightedLabel
[2022-07-30 17:24:10,846] {base.py:189} INFO - Retrieved https://api.twitter.com/2/search/adaptive.json?include_profile_interstitial_type=1&include_blocking=1&include_blocked_by=1&include_followed_by=1&include_want_retweets=1&include_mute_edge=1&include_can_dm=1&include_can_media_tag=1&skip_status=1&cards_platform=Web-12&include_cards=1&include_ext_alt_text=true&include_quote_count=true&include_reply_count=1&tweet_mode=extended&include_entities=true&include_user_entities=true&include_ext_media_color=true&include_ext_media_availability=true&send_error_codes=true&simple_quoted_tweets=true&q=near%3AParis+since%3A1659198000+until%3A1659198240&tweet_search_mode=live&count=100&query_source=spelling_expansion_revert_click&cursor=scroll%3AthGAVUV0VFVBaGgLG1jOrrjisWgICyyYnv644rEnEVwPx5FYCJehgHREVGQVVMVDUBFQYVAAA%3D&pc=1&spelling_corrections=1&ext=mediaStats%2ChighlightedLabel: 200
[2022-07-30 17:24:10,884] {base.py:265} INFO - PUT http://localhost:9200/my_index/_doc/1553416039316307968 [status:201 request:0.010s]
[2022-07-30 17:24:10,919] {base.py:265} INFO - PUT http://localhost:9200/my_index/_doc/1553416038661898240 [status:201 request:0.006s]
[2022-07-30 17:24:10,939] {base.py:265} INFO - PUT http://localhost:9200/my_index/_doc/1553416037684625411 [status:201 request:0.012s]
[2022-07-30 17:24:10,961] {base.py:265} INFO - PUT http://localhost:9200/my_index/_doc/1553416036128591872 [status:201 request:0.006s]
[2022-07-30 17:24:10,999] {base.py:265} INFO - PUT http://localhost:9200/my_index/_doc/1553416035742654465 [status:201 request:0.009s]
[2022-07-30 17:24:11,015] {base.py:265} INFO - PUT http://localhost:9200/my_index/_doc/1553416035558359042 [status:201 request:0.007s]
[2022-07-30 17:24:11,043] {base.py:265} INFO - PUT http://localhost:9200/my_index/_doc/1553416033574215680 [status:201 request:0.005s]
[2022-07-30 17:24:11,069] {base.py:265} INFO - PUT http://localhost:9200/my_index/_doc/1553416026506895362 [status:201 request:0.006s]
[2022-07-30 17:24:11,082] {base.py:265} INFO - PUT http://localhost:9200/my_index/_doc/1553416026162880512 [status:201 request:0.006s]
[2022-07-30 17:24:11,098] {base.py:265} INFO - PUT http://localhost:9200/my_index/_doc/1553416023440769026 [status:201 request:0.006s]
[2022-07-30 17:24:11,110] {base.py:265} INFO - PUT http://localhost:9200/my_index/_doc/1553416023155646465 [status:201 request:0.005s]
[2022-07-30 17:24:11,129] {base.py:265} INFO - PUT http://localhost:9200/my_index/_doc/1553416020517330945 [status:201 request:0.006s]
[2022-07-30 17:24:11,155] {base.py:265} INFO - PUT http://localhost:9200/my_index/_doc/1553416019724607490 [status:201 request:0.005s]
[2022-07-30 17:24:11,175] {base.py:265} INFO - PUT http://localhost:9200/my_index/_doc/1553416018030100481 [status:201 request:0.006s]
[2022-07-30 17:24:11,194] {twitter.py:696} INFO - Retrieving scroll page scroll:thGAVUV0VFVBaQwLiN5ujrjisWgICyyYnv644rEnEVsPl5FYCJehgHREVGQVVMVDUBFQgVAAA=
[2022-07-30 17:24:11,196] {base.py:171} INFO - Retrieving https://api.twitter.com/2/search/adaptive.json?include_profile_interstitial_type=1&include_blocking=1&include_blocked_by=1&include_followed_by=1&include_want_retweets=1&include_mute_edge=1&include_can_dm=1&include_can_media_tag=1&skip_status=1&cards_platform=Web-12&include_cards=1&include_ext_alt_text=true&include_quote_count=true&include_reply_count=1&tweet_mode=extended&include_entities=true&include_user_entities=true&include_ext_media_color=true&include_ext_media_availability=true&send_error_codes=true&simple_quoted_tweets=true&q=near%3AParis+since%3A1659198000+until%3A1659198240&tweet_search_mode=live&count=100&query_source=spelling_expansion_revert_click&cursor=scroll%3AthGAVUV0VFVBaQwLiN5ujrjisWgICyyYnv644rEnEVsPl5FYCJehgHREVGQVVMVDUBFQgVAAA%3D&pc=1&spelling_corrections=1&ext=mediaStats%2ChighlightedLabel
[2022-07-30 17:24:11,866] {base.py:189} INFO - Retrieved https://api.twitter.com/2/search/adaptive.json?include_profile_interstitial_type=1&include_blocking=1&include_blocked_by=1&include_followed_by=1&include_want_retweets=1&include_mute_edge=1&include_can_dm=1&include_can_media_tag=1&skip_status=1&cards_platform=Web-12&include_cards=1&include_ext_alt_text=true&include_quote_count=true&include_reply_count=1&tweet_mode=extended&include_entities=true&include_user_entities=true&include_ext_media_color=true&include_ext_media_availability=true&send_error_codes=true&simple_quoted_tweets=true&q=near%3AParis+since%3A1659198000+until%3A1659198240&tweet_search_mode=live&count=100&query_source=spelling_expansion_revert_click&cursor=scroll%3AthGAVUV0VFVBaQwLiN5ujrjisWgICyyYnv644rEnEVsPl5FYCJehgHREVGQVVMVDUBFQgVAAA%3D&pc=1&spelling_corrections=1&ext=mediaStats%2ChighlightedLabel: 200
[2022-07-30 17:24:11,905] {python.py:173} INFO - Done. Returned value was: None
[2022-07-30 17:24:11,918] {taskinstance.py:1396} INFO - Marking task as SUCCESS. dag_id=data_pipeline, task_id=tweets_to_es, execution_date=20220730T162000, start_date=20220730T162403, end_date=20220730T162411
[2022-07-30 17:24:11,965] {local_task_job.py:156} INFO - Task exited with return code 0
[2022-07-30 17:24:11,978] {local_task_job.py:273} INFO - 0 downstream tasks scheduled from follow-on schedule check
