[2022-06-07 17:49:14,491] {taskinstance.py:1160} INFO - Dependencies all met for <TaskInstance: data_pipeline.tweets_to_es scheduled__2022-06-07T16:36:00+00:00 [queued]>
[2022-06-07 17:49:14,499] {taskinstance.py:1160} INFO - Dependencies all met for <TaskInstance: data_pipeline.tweets_to_es scheduled__2022-06-07T16:36:00+00:00 [queued]>
[2022-06-07 17:49:14,500] {taskinstance.py:1357} INFO - 
--------------------------------------------------------------------------------
[2022-06-07 17:49:14,500] {taskinstance.py:1358} INFO - Starting attempt 1 of 1
[2022-06-07 17:49:14,500] {taskinstance.py:1359} INFO - 
--------------------------------------------------------------------------------
[2022-06-07 17:49:14,997] {taskinstance.py:1378} INFO - Executing <Task(PythonOperator): tweets_to_es> on 2022-06-07 16:36:00+00:00
[2022-06-07 17:49:15,000] {standard_task_runner.py:52} INFO - Started process 10910 to run task
[2022-06-07 17:49:15,005] {standard_task_runner.py:79} INFO - Running: ['airflow', 'tasks', 'run', 'data_pipeline', 'tweets_to_es', 'scheduled__2022-06-07T16:36:00+00:00', '--job-id', '3', '--raw', '--subdir', 'DAGS_FOLDER/airfow_es.py', '--cfg-path', '/tmp/tmpyt5cjppn', '--error-file', '/tmp/tmp0l6ckttv']
[2022-06-07 17:49:15,005] {standard_task_runner.py:80} INFO - Job 3: Subtask tweets_to_es
[2022-06-07 17:49:15,275] {task_command.py:370} INFO - Running <TaskInstance: data_pipeline.tweets_to_es scheduled__2022-06-07T16:36:00+00:00 [running]> on host oury-Tp
[2022-06-07 17:49:15,699] {taskinstance.py:1570} INFO - Exporting the following env vars:
AIRFLOW_CTX_DAG_OWNER=airflow
AIRFLOW_CTX_DAG_ID=data_pipeline
AIRFLOW_CTX_TASK_ID=tweets_to_es
AIRFLOW_CTX_EXECUTION_DATE=2022-06-07T16:36:00+00:00
AIRFLOW_CTX_TRY_NUMBER=1
AIRFLOW_CTX_DAG_RUN_ID=scheduled__2022-06-07T16:36:00+00:00
[2022-06-07 17:49:15,700] {twitter.py:696} INFO - Retrieving scroll page None
[2022-06-07 17:49:15,700] {twitter.py:626} INFO - Retrieving guest token
[2022-06-07 17:49:15,702] {base.py:171} INFO - Retrieving https://twitter.com/search?f=live&lang=en&q=near%3AParis+since%3ANone+until%3A2022-06-07T16%3A36%3A00%2B00%3A00&src=spelling_expansion_revert_click
[2022-06-07 17:49:16,339] {base.py:189} INFO - Retrieved https://twitter.com/search?f=live&lang=en&q=near%3AParis+since%3ANone+until%3A2022-06-07T16%3A36%3A00%2B00%3A00&src=spelling_expansion_revert_click: 200
[2022-06-07 17:49:16,342] {base.py:171} INFO - Retrieving https://api.twitter.com/2/search/adaptive.json?include_profile_interstitial_type=1&include_blocking=1&include_blocked_by=1&include_followed_by=1&include_want_retweets=1&include_mute_edge=1&include_can_dm=1&include_can_media_tag=1&skip_status=1&cards_platform=Web-12&include_cards=1&include_ext_alt_text=true&include_quote_count=true&include_reply_count=1&tweet_mode=extended&include_entities=true&include_user_entities=true&include_ext_media_color=true&include_ext_media_availability=true&send_error_codes=true&simple_quoted_tweets=true&q=near%3AParis+since%3ANone+until%3A2022-06-07T16%3A36%3A00%2B00%3A00&tweet_search_mode=live&count=100&query_source=spelling_expansion_revert_click&pc=1&spelling_corrections=1&ext=mediaStats%2ChighlightedLabel
[2022-06-07 17:49:17,962] {base.py:189} INFO - Retrieved https://api.twitter.com/2/search/adaptive.json?include_profile_interstitial_type=1&include_blocking=1&include_blocked_by=1&include_followed_by=1&include_want_retweets=1&include_mute_edge=1&include_can_dm=1&include_can_media_tag=1&skip_status=1&cards_platform=Web-12&include_cards=1&include_ext_alt_text=true&include_quote_count=true&include_reply_count=1&tweet_mode=extended&include_entities=true&include_user_entities=true&include_ext_media_color=true&include_ext_media_availability=true&send_error_codes=true&simple_quoted_tweets=true&q=near%3AParis+since%3ANone+until%3A2022-06-07T16%3A36%3A00%2B00%3A00&tweet_search_mode=live&count=100&query_source=spelling_expansion_revert_click&pc=1&spelling_corrections=1&ext=mediaStats%2ChighlightedLabel: 200
[2022-06-07 17:49:17,962] {twitter.py:696} INFO - Retrieving scroll page scroll:thGAVUV0VFVBYBFgEScRWAiXoVgIl6GAdERUZBVUxUNQEVABUAAA==
[2022-06-07 17:49:17,963] {base.py:171} INFO - Retrieving https://api.twitter.com/2/search/adaptive.json?include_profile_interstitial_type=1&include_blocking=1&include_blocked_by=1&include_followed_by=1&include_want_retweets=1&include_mute_edge=1&include_can_dm=1&include_can_media_tag=1&skip_status=1&cards_platform=Web-12&include_cards=1&include_ext_alt_text=true&include_quote_count=true&include_reply_count=1&tweet_mode=extended&include_entities=true&include_user_entities=true&include_ext_media_color=true&include_ext_media_availability=true&send_error_codes=true&simple_quoted_tweets=true&q=near%3AParis+since%3ANone+until%3A2022-06-07T16%3A36%3A00%2B00%3A00&tweet_search_mode=live&count=100&query_source=spelling_expansion_revert_click&cursor=scroll%3AthGAVUV0VFVBYBFgEScRWAiXoVgIl6GAdERUZBVUxUNQEVABUAAA%3D%3D&pc=1&spelling_corrections=1&ext=mediaStats%2ChighlightedLabel
[2022-06-07 17:49:19,189] {base.py:189} INFO - Retrieved https://api.twitter.com/2/search/adaptive.json?include_profile_interstitial_type=1&include_blocking=1&include_blocked_by=1&include_followed_by=1&include_want_retweets=1&include_mute_edge=1&include_can_dm=1&include_can_media_tag=1&skip_status=1&cards_platform=Web-12&include_cards=1&include_ext_alt_text=true&include_quote_count=true&include_reply_count=1&tweet_mode=extended&include_entities=true&include_user_entities=true&include_ext_media_color=true&include_ext_media_availability=true&send_error_codes=true&simple_quoted_tweets=true&q=near%3AParis+since%3ANone+until%3A2022-06-07T16%3A36%3A00%2B00%3A00&tweet_search_mode=live&count=100&query_source=spelling_expansion_revert_click&cursor=scroll%3AthGAVUV0VFVBYBFgEScRWAiXoVgIl6GAdERUZBVUxUNQEVABUAAA%3D%3D&pc=1&spelling_corrections=1&ext=mediaStats%2ChighlightedLabel: 200
[2022-06-07 17:49:19,190] {twitter.py:696} INFO - Retrieving scroll page scroll:thGAVUV0VFVBYBFgEScRWAiXoVgIl6GAdERUZBVUxUNQEVABUAAA==
[2022-06-07 17:49:19,191] {base.py:171} INFO - Retrieving https://api.twitter.com/2/search/adaptive.json?include_profile_interstitial_type=1&include_blocking=1&include_blocked_by=1&include_followed_by=1&include_want_retweets=1&include_mute_edge=1&include_can_dm=1&include_can_media_tag=1&skip_status=1&cards_platform=Web-12&include_cards=1&include_ext_alt_text=true&include_quote_count=true&include_reply_count=1&tweet_mode=extended&include_entities=true&include_user_entities=true&include_ext_media_color=true&include_ext_media_availability=true&send_error_codes=true&simple_quoted_tweets=true&q=near%3AParis+since%3ANone+until%3A2022-06-07T16%3A36%3A00%2B00%3A00&tweet_search_mode=live&count=100&query_source=spelling_expansion_revert_click&cursor=scroll%3AthGAVUV0VFVBYBFgEScRWAiXoVgIl6GAdERUZBVUxUNQEVABUAAA%3D%3D&pc=1&spelling_corrections=1&ext=mediaStats%2ChighlightedLabel
[2022-06-07 17:49:20,419] {base.py:189} INFO - Retrieved https://api.twitter.com/2/search/adaptive.json?include_profile_interstitial_type=1&include_blocking=1&include_blocked_by=1&include_followed_by=1&include_want_retweets=1&include_mute_edge=1&include_can_dm=1&include_can_media_tag=1&skip_status=1&cards_platform=Web-12&include_cards=1&include_ext_alt_text=true&include_quote_count=true&include_reply_count=1&tweet_mode=extended&include_entities=true&include_user_entities=true&include_ext_media_color=true&include_ext_media_availability=true&send_error_codes=true&simple_quoted_tweets=true&q=near%3AParis+since%3ANone+until%3A2022-06-07T16%3A36%3A00%2B00%3A00&tweet_search_mode=live&count=100&query_source=spelling_expansion_revert_click&cursor=scroll%3AthGAVUV0VFVBYBFgEScRWAiXoVgIl6GAdERUZBVUxUNQEVABUAAA%3D%3D&pc=1&spelling_corrections=1&ext=mediaStats%2ChighlightedLabel: 200
[2022-06-07 17:49:20,419] {twitter.py:696} INFO - Retrieving scroll page scroll:thGAVUV0VFVBYBFgEScRWAiXoVgIl6GAdERUZBVUxUNQEVABUAAA==
[2022-06-07 17:49:20,424] {base.py:171} INFO - Retrieving https://api.twitter.com/2/search/adaptive.json?include_profile_interstitial_type=1&include_blocking=1&include_blocked_by=1&include_followed_by=1&include_want_retweets=1&include_mute_edge=1&include_can_dm=1&include_can_media_tag=1&skip_status=1&cards_platform=Web-12&include_cards=1&include_ext_alt_text=true&include_quote_count=true&include_reply_count=1&tweet_mode=extended&include_entities=true&include_user_entities=true&include_ext_media_color=true&include_ext_media_availability=true&send_error_codes=true&simple_quoted_tweets=true&q=near%3AParis+since%3ANone+until%3A2022-06-07T16%3A36%3A00%2B00%3A00&tweet_search_mode=live&count=100&query_source=spelling_expansion_revert_click&cursor=scroll%3AthGAVUV0VFVBYBFgEScRWAiXoVgIl6GAdERUZBVUxUNQEVABUAAA%3D%3D&pc=1&spelling_corrections=1&ext=mediaStats%2ChighlightedLabel
[2022-06-07 17:49:21,651] {base.py:189} INFO - Retrieved https://api.twitter.com/2/search/adaptive.json?include_profile_interstitial_type=1&include_blocking=1&include_blocked_by=1&include_followed_by=1&include_want_retweets=1&include_mute_edge=1&include_can_dm=1&include_can_media_tag=1&skip_status=1&cards_platform=Web-12&include_cards=1&include_ext_alt_text=true&include_quote_count=true&include_reply_count=1&tweet_mode=extended&include_entities=true&include_user_entities=true&include_ext_media_color=true&include_ext_media_availability=true&send_error_codes=true&simple_quoted_tweets=true&q=near%3AParis+since%3ANone+until%3A2022-06-07T16%3A36%3A00%2B00%3A00&tweet_search_mode=live&count=100&query_source=spelling_expansion_revert_click&cursor=scroll%3AthGAVUV0VFVBYBFgEScRWAiXoVgIl6GAdERUZBVUxUNQEVABUAAA%3D%3D&pc=1&spelling_corrections=1&ext=mediaStats%2ChighlightedLabel: 200
[2022-06-07 17:49:21,652] {twitter.py:696} INFO - Retrieving scroll page scroll:thGAVUV0VFVBYBFgEScRWAiXoVgIl6GAdERUZBVUxUNQEVABUAAA==
[2022-06-07 17:49:21,653] {base.py:171} INFO - Retrieving https://api.twitter.com/2/search/adaptive.json?include_profile_interstitial_type=1&include_blocking=1&include_blocked_by=1&include_followed_by=1&include_want_retweets=1&include_mute_edge=1&include_can_dm=1&include_can_media_tag=1&skip_status=1&cards_platform=Web-12&include_cards=1&include_ext_alt_text=true&include_quote_count=true&include_reply_count=1&tweet_mode=extended&include_entities=true&include_user_entities=true&include_ext_media_color=true&include_ext_media_availability=true&send_error_codes=true&simple_quoted_tweets=true&q=near%3AParis+since%3ANone+until%3A2022-06-07T16%3A36%3A00%2B00%3A00&tweet_search_mode=live&count=100&query_source=spelling_expansion_revert_click&cursor=scroll%3AthGAVUV0VFVBYBFgEScRWAiXoVgIl6GAdERUZBVUxUNQEVABUAAA%3D%3D&pc=1&spelling_corrections=1&ext=mediaStats%2ChighlightedLabel
[2022-06-07 17:49:22,875] {base.py:189} INFO - Retrieved https://api.twitter.com/2/search/adaptive.json?include_profile_interstitial_type=1&include_blocking=1&include_blocked_by=1&include_followed_by=1&include_want_retweets=1&include_mute_edge=1&include_can_dm=1&include_can_media_tag=1&skip_status=1&cards_platform=Web-12&include_cards=1&include_ext_alt_text=true&include_quote_count=true&include_reply_count=1&tweet_mode=extended&include_entities=true&include_user_entities=true&include_ext_media_color=true&include_ext_media_availability=true&send_error_codes=true&simple_quoted_tweets=true&q=near%3AParis+since%3ANone+until%3A2022-06-07T16%3A36%3A00%2B00%3A00&tweet_search_mode=live&count=100&query_source=spelling_expansion_revert_click&cursor=scroll%3AthGAVUV0VFVBYBFgEScRWAiXoVgIl6GAdERUZBVUxUNQEVABUAAA%3D%3D&pc=1&spelling_corrections=1&ext=mediaStats%2ChighlightedLabel: 200
[2022-06-07 17:49:22,877] {python.py:173} INFO - Done. Returned value was: None
[2022-06-07 17:49:22,951] {taskinstance.py:1396} INFO - Marking task as SUCCESS. dag_id=data_pipeline, task_id=tweets_to_es, execution_date=20220607T163600, start_date=20220607T164914, end_date=20220607T164922
[2022-06-07 17:49:23,306] {local_task_job.py:156} INFO - Task exited with return code 0
[2022-06-07 17:49:23,331] {local_task_job.py:273} INFO - 0 downstream tasks scheduled from follow-on schedule check
