[2022-06-06 00:07:26,042] {processor.py:153} INFO - Started process (PID=52032) to work on /home/oury/airflow/dags/download_rocket_launches.py
[2022-06-06 00:07:26,043] {processor.py:641} INFO - Processing file /home/oury/airflow/dags/download_rocket_launches.py for tasks to queue
[2022-06-06 00:07:26,044] {logging_mixin.py:115} INFO - [2022-06-06 00:07:26,043] {dagbag.py:507} INFO - Filling up the DagBag from /home/oury/airflow/dags/download_rocket_launches.py
[2022-06-06 00:07:26,053] {processor.py:651} INFO - DAG(s) dict_keys(['download_rocket_launches']) retrieved from /home/oury/airflow/dags/download_rocket_launches.py
[2022-06-06 00:07:26,094] {logging_mixin.py:115} INFO - [2022-06-06 00:07:26,094] {dag.py:2379} INFO - Sync 1 DAGs
[2022-06-06 00:07:26,111] {logging_mixin.py:115} INFO - [2022-06-06 00:07:26,111] {dag.py:2923} INFO - Setting next_dagrun for download_rocket_launches to 2022-06-01T00:00:00+00:00, run_after=2022-06-02T00:00:00+00:00
[2022-06-06 00:07:26,123] {processor.py:161} INFO - Processing /home/oury/airflow/dags/download_rocket_launches.py took 0.083 seconds
[2022-06-06 00:09:29,259] {processor.py:153} INFO - Started process (PID=52931) to work on /home/oury/airflow/dags/download_rocket_launches.py
[2022-06-06 00:09:29,260] {processor.py:641} INFO - Processing file /home/oury/airflow/dags/download_rocket_launches.py for tasks to queue
[2022-06-06 00:09:29,260] {logging_mixin.py:115} INFO - [2022-06-06 00:09:29,260] {dagbag.py:507} INFO - Filling up the DagBag from /home/oury/airflow/dags/download_rocket_launches.py
[2022-06-06 00:09:29,270] {processor.py:651} INFO - DAG(s) dict_keys(['download_rocket_launches']) retrieved from /home/oury/airflow/dags/download_rocket_launches.py
[2022-06-06 00:09:29,283] {logging_mixin.py:115} INFO - [2022-06-06 00:09:29,283] {dag.py:2379} INFO - Sync 1 DAGs
[2022-06-06 00:09:29,304] {logging_mixin.py:115} INFO - [2022-06-06 00:09:29,304] {dag.py:2923} INFO - Setting next_dagrun for download_rocket_launches to 2022-06-05T00:00:00+00:00, run_after=2022-06-06T00:00:00+00:00
[2022-06-06 00:09:29,318] {processor.py:161} INFO - Processing /home/oury/airflow/dags/download_rocket_launches.py took 0.061 seconds
[2022-06-06 00:10:01,809] {processor.py:153} INFO - Started process (PID=53080) to work on /home/oury/airflow/dags/download_rocket_launches.py
[2022-06-06 00:10:01,810] {processor.py:641} INFO - Processing file /home/oury/airflow/dags/download_rocket_launches.py for tasks to queue
[2022-06-06 00:10:01,811] {logging_mixin.py:115} INFO - [2022-06-06 00:10:01,811] {dagbag.py:507} INFO - Filling up the DagBag from /home/oury/airflow/dags/download_rocket_launches.py
[2022-06-06 00:10:01,820] {processor.py:651} INFO - DAG(s) dict_keys(['download_rocket_launches']) retrieved from /home/oury/airflow/dags/download_rocket_launches.py
[2022-06-06 00:10:01,833] {logging_mixin.py:115} INFO - [2022-06-06 00:10:01,833] {dag.py:2379} INFO - Sync 1 DAGs
[2022-06-06 00:10:01,856] {logging_mixin.py:115} INFO - [2022-06-06 00:10:01,856] {dag.py:2923} INFO - Setting next_dagrun for download_rocket_launches to 2022-06-05T00:00:00+00:00, run_after=2022-06-06T00:00:00+00:00
[2022-06-06 00:10:01,869] {processor.py:161} INFO - Processing /home/oury/airflow/dags/download_rocket_launches.py took 0.062 seconds
[2022-06-06 00:10:33,973] {processor.py:153} INFO - Started process (PID=53307) to work on /home/oury/airflow/dags/download_rocket_launches.py
[2022-06-06 00:10:33,974] {processor.py:641} INFO - Processing file /home/oury/airflow/dags/download_rocket_launches.py for tasks to queue
[2022-06-06 00:10:33,975] {logging_mixin.py:115} INFO - [2022-06-06 00:10:33,975] {dagbag.py:507} INFO - Filling up the DagBag from /home/oury/airflow/dags/download_rocket_launches.py
[2022-06-06 00:10:33,990] {processor.py:651} INFO - DAG(s) dict_keys(['download_rocket_launches']) retrieved from /home/oury/airflow/dags/download_rocket_launches.py
[2022-06-06 00:10:34,019] {logging_mixin.py:115} INFO - [2022-06-06 00:10:34,019] {dag.py:2379} INFO - Sync 1 DAGs
[2022-06-06 00:10:34,054] {logging_mixin.py:115} INFO - [2022-06-06 00:10:34,054] {dag.py:2923} INFO - Setting next_dagrun for download_rocket_launches to 2022-06-05T00:00:00+00:00, run_after=2022-06-06T00:00:00+00:00
[2022-06-06 00:10:34,069] {processor.py:161} INFO - Processing /home/oury/airflow/dags/download_rocket_launches.py took 0.099 seconds
[2022-06-06 00:11:08,334] {processor.py:153} INFO - Started process (PID=53418) to work on /home/oury/airflow/dags/download_rocket_launches.py
[2022-06-06 00:11:08,334] {processor.py:641} INFO - Processing file /home/oury/airflow/dags/download_rocket_launches.py for tasks to queue
[2022-06-06 00:11:08,335] {logging_mixin.py:115} INFO - [2022-06-06 00:11:08,335] {dagbag.py:507} INFO - Filling up the DagBag from /home/oury/airflow/dags/download_rocket_launches.py
[2022-06-06 00:11:08,343] {processor.py:651} INFO - DAG(s) dict_keys(['download_rocket_launches']) retrieved from /home/oury/airflow/dags/download_rocket_launches.py
[2022-06-06 00:11:08,357] {logging_mixin.py:115} INFO - [2022-06-06 00:11:08,356] {dag.py:2379} INFO - Sync 1 DAGs
[2022-06-06 00:11:08,377] {logging_mixin.py:115} INFO - [2022-06-06 00:11:08,377] {dag.py:2923} INFO - Setting next_dagrun for download_rocket_launches to 2022-06-05T00:00:00+00:00, run_after=2022-06-06T00:00:00+00:00
[2022-06-06 00:11:08,388] {processor.py:161} INFO - Processing /home/oury/airflow/dags/download_rocket_launches.py took 0.057 seconds
[2022-06-06 00:11:41,099] {processor.py:153} INFO - Started process (PID=53590) to work on /home/oury/airflow/dags/download_rocket_launches.py
[2022-06-06 00:11:41,100] {processor.py:641} INFO - Processing file /home/oury/airflow/dags/download_rocket_launches.py for tasks to queue
[2022-06-06 00:11:41,100] {logging_mixin.py:115} INFO - [2022-06-06 00:11:41,100] {dagbag.py:507} INFO - Filling up the DagBag from /home/oury/airflow/dags/download_rocket_launches.py
[2022-06-06 00:11:41,110] {processor.py:651} INFO - DAG(s) dict_keys(['download_rocket_launches']) retrieved from /home/oury/airflow/dags/download_rocket_launches.py
[2022-06-06 00:11:41,126] {logging_mixin.py:115} INFO - [2022-06-06 00:11:41,125] {dag.py:2379} INFO - Sync 1 DAGs
[2022-06-06 00:11:41,152] {logging_mixin.py:115} INFO - [2022-06-06 00:11:41,152] {dag.py:2923} INFO - Setting next_dagrun for download_rocket_launches to 2022-06-05T00:00:00+00:00, run_after=2022-06-06T00:00:00+00:00
[2022-06-06 00:11:41,164] {processor.py:161} INFO - Processing /home/oury/airflow/dags/download_rocket_launches.py took 0.068 seconds
