[2022-06-01 21:28:57,499] {taskinstance.py:1160} INFO - Dependencies all met for <TaskInstance: download_rocket_launches.download_launches scheduled__2022-05-20T00:00:00+00:00 [queued]>
[2022-06-01 21:28:57,504] {taskinstance.py:1160} INFO - Dependencies all met for <TaskInstance: download_rocket_launches.download_launches scheduled__2022-05-20T00:00:00+00:00 [queued]>
[2022-06-01 21:28:57,504] {taskinstance.py:1357} INFO - 
--------------------------------------------------------------------------------
[2022-06-01 21:28:57,504] {taskinstance.py:1358} INFO - Starting attempt 1 of 1
[2022-06-01 21:28:57,505] {taskinstance.py:1359} INFO - 
--------------------------------------------------------------------------------
[2022-06-01 21:28:57,516] {taskinstance.py:1378} INFO - Executing <Task(BashOperator): download_launches> on 2022-05-20 00:00:00+00:00
[2022-06-01 21:28:57,518] {standard_task_runner.py:52} INFO - Started process 21804 to run task
[2022-06-01 21:28:57,521] {standard_task_runner.py:79} INFO - Running: ['airflow', 'tasks', 'run', 'download_rocket_launches', 'download_launches', 'scheduled__2022-05-20T00:00:00+00:00', '--job-id', '8', '--raw', '--subdir', 'DAGS_FOLDER/download_rocket_launches.py', '--cfg-path', '/tmp/tmplztkawej', '--error-file', '/tmp/tmpsdl4g7y8']
[2022-06-01 21:28:57,522] {standard_task_runner.py:80} INFO - Job 8: Subtask download_launches
[2022-06-01 21:28:57,552] {task_command.py:370} INFO - Running <TaskInstance: download_rocket_launches.download_launches scheduled__2022-05-20T00:00:00+00:00 [running]> on host oury-Tp
[2022-06-01 21:28:57,595] {taskinstance.py:1570} INFO - Exporting the following env vars:
AIRFLOW_CTX_DAG_OWNER=airflow
AIRFLOW_CTX_DAG_ID=download_rocket_launches
AIRFLOW_CTX_TASK_ID=download_launches
AIRFLOW_CTX_EXECUTION_DATE=2022-05-20T00:00:00+00:00
AIRFLOW_CTX_TRY_NUMBER=1
AIRFLOW_CTX_DAG_RUN_ID=scheduled__2022-05-20T00:00:00+00:00
[2022-06-01 21:28:57,595] {subprocess.py:62} INFO - Tmp dir root location: 
 /tmp
[2022-06-01 21:28:57,596] {subprocess.py:74} INFO - Running command: ['bash', '-c', "curl -o /tmp/launches.json -L 'https://ll.thespacedevs.com/2.0.0/launch/upcoming'"]
[2022-06-01 21:28:57,601] {subprocess.py:85} INFO - Output:
[2022-06-01 21:28:57,607] {subprocess.py:92} INFO -   % Total    % Received % Xferd  Average Speed   Time    Time     Time  Current
[2022-06-01 21:28:57,607] {subprocess.py:92} INFO -                                  Dload  Upload   Total   Spent    Left  Speed
[2022-06-01 21:28:58,544] {subprocess.py:92} INFO -   0     0    0     0    0     0      0      0 --:--:-- --:--:-- --:--:--     0  0     0    0     0    0     0      0      0 --:--:-- --:--:-- --:--:--     0  0     0    0     0    0     0      0      0 --:--:-- --:--:-- --:--:--     0
[2022-06-01 21:28:59,029] {subprocess.py:92} INFO -  14 26908   14  3781    0     0   3175      0  0:00:08  0:00:01  0:00:07  3175100 26908  100 26908    0     0  18920      0  0:00:01  0:00:01 --:--:--   97k
[2022-06-01 21:28:59,032] {subprocess.py:96} INFO - Command exited with return code 0
[2022-06-01 21:28:59,049] {taskinstance.py:1396} INFO - Marking task as SUCCESS. dag_id=download_rocket_launches, task_id=download_launches, execution_date=20220520T000000, start_date=20220601T202857, end_date=20220601T202859
[2022-06-01 21:28:59,099] {local_task_job.py:156} INFO - Task exited with return code 0
[2022-06-01 21:28:59,124] {local_task_job.py:273} INFO - 1 downstream tasks scheduled from follow-on schedule check
