[2022-06-01 21:52:43,802] {taskinstance.py:1160} INFO - Dependencies all met for <TaskInstance: download_rocket_launches.download_launches manual__2022-06-01T20:52:41.212249+00:00 [queued]>
[2022-06-01 21:52:43,807] {taskinstance.py:1160} INFO - Dependencies all met for <TaskInstance: download_rocket_launches.download_launches manual__2022-06-01T20:52:41.212249+00:00 [queued]>
[2022-06-01 21:52:43,807] {taskinstance.py:1357} INFO - 
--------------------------------------------------------------------------------
[2022-06-01 21:52:43,808] {taskinstance.py:1358} INFO - Starting attempt 1 of 1
[2022-06-01 21:52:43,808] {taskinstance.py:1359} INFO - 
--------------------------------------------------------------------------------
[2022-06-01 21:52:43,821] {taskinstance.py:1378} INFO - Executing <Task(BashOperator): download_launches> on 2022-06-01 20:52:41.212249+00:00
[2022-06-01 21:52:43,823] {standard_task_runner.py:52} INFO - Started process 24097 to run task
[2022-06-01 21:52:43,828] {standard_task_runner.py:79} INFO - Running: ['airflow', 'tasks', 'run', 'download_rocket_launches', 'download_launches', 'manual__2022-06-01T20:52:41.212249+00:00', '--job-id', '49', '--raw', '--subdir', 'DAGS_FOLDER/download_rocket_launches.py', '--cfg-path', '/tmp/tmpn0or767t', '--error-file', '/tmp/tmpt6oubesl']
[2022-06-01 21:52:43,828] {standard_task_runner.py:80} INFO - Job 49: Subtask download_launches
[2022-06-01 21:52:43,867] {task_command.py:370} INFO - Running <TaskInstance: download_rocket_launches.download_launches manual__2022-06-01T20:52:41.212249+00:00 [running]> on host oury-Tp
[2022-06-01 21:52:43,917] {taskinstance.py:1570} INFO - Exporting the following env vars:
AIRFLOW_CTX_DAG_OWNER=airflow
AIRFLOW_CTX_DAG_ID=download_rocket_launches
AIRFLOW_CTX_TASK_ID=download_launches
AIRFLOW_CTX_EXECUTION_DATE=2022-06-01T20:52:41.212249+00:00
AIRFLOW_CTX_TRY_NUMBER=1
AIRFLOW_CTX_DAG_RUN_ID=manual__2022-06-01T20:52:41.212249+00:00
[2022-06-01 21:52:43,917] {subprocess.py:62} INFO - Tmp dir root location: 
 /tmp
[2022-06-01 21:52:43,918] {subprocess.py:74} INFO - Running command: ['bash', '-c', "curl -o /tmp/launches.json -L 'https://ll.thespacedevs.com/2.0.0/launch/upcoming'"]
[2022-06-01 21:52:43,923] {subprocess.py:85} INFO - Output:
[2022-06-01 21:52:43,932] {subprocess.py:92} INFO -   % Total    % Received % Xferd  Average Speed   Time    Time     Time  Current
[2022-06-01 21:52:43,932] {subprocess.py:92} INFO -                                  Dload  Upload   Total   Spent    Left  Speed
[2022-06-01 21:52:44,742] {subprocess.py:92} INFO -   0     0    0     0    0     0      0      0 --:--:-- --:--:-- --:--:--     0  0     0    0     0    0     0      0      0 --:--:-- --:--:-- --:--:--     0
[2022-06-01 21:52:45,124] {subprocess.py:92} INFO -   3 26908    3  1030    0     0    921      0  0:00:29  0:00:01  0:00:28   921100 26908  100 26908    0     0  22563      0  0:00:01  0:00:01 --:--:--  341k
[2022-06-01 21:52:45,127] {subprocess.py:96} INFO - Command exited with return code 0
[2022-06-01 21:52:45,148] {taskinstance.py:1396} INFO - Marking task as SUCCESS. dag_id=download_rocket_launches, task_id=download_launches, execution_date=20220601T205241, start_date=20220601T205243, end_date=20220601T205245
[2022-06-01 21:52:45,163] {local_task_job.py:156} INFO - Task exited with return code 0
[2022-06-01 21:52:45,187] {local_task_job.py:273} INFO - 1 downstream tasks scheduled from follow-on schedule check
