[2022-07-30 17:16:03,659] {taskinstance.py:1160} INFO - Dependencies all met for <TaskInstance: data_pipeline.tweets_to_es scheduled__2022-07-30T16:12:00+00:00 [queued]>
[2022-07-30 17:16:03,664] {taskinstance.py:1160} INFO - Dependencies all met for <TaskInstance: data_pipeline.tweets_to_es scheduled__2022-07-30T16:12:00+00:00 [queued]>
[2022-07-30 17:16:03,664] {taskinstance.py:1357} INFO - 
--------------------------------------------------------------------------------
[2022-07-30 17:16:03,664] {taskinstance.py:1358} INFO - Starting attempt 1 of 1
[2022-07-30 17:16:03,665] {taskinstance.py:1359} INFO - 
--------------------------------------------------------------------------------
[2022-07-30 17:16:03,677] {taskinstance.py:1378} INFO - Executing <Task(PythonOperator): tweets_to_es> on 2022-07-30 16:12:00+00:00
[2022-07-30 17:16:03,679] {standard_task_runner.py:52} INFO - Started process 7968 to run task
[2022-07-30 17:16:03,682] {standard_task_runner.py:79} INFO - Running: ['airflow', 'tasks', 'run', 'data_pipeline', 'tweets_to_es', 'scheduled__2022-07-30T16:12:00+00:00', '--job-id', '12', '--raw', '--subdir', 'DAGS_FOLDER/airfow_es.py', '--cfg-path', '/tmp/tmpflxbd2d4', '--error-file', '/tmp/tmpau0xmeza']
[2022-07-30 17:16:03,683] {standard_task_runner.py:80} INFO - Job 12: Subtask tweets_to_es
[2022-07-30 17:16:03,715] {task_command.py:370} INFO - Running <TaskInstance: data_pipeline.tweets_to_es scheduled__2022-07-30T16:12:00+00:00 [running]> on host oury-Tp
[2022-07-30 17:16:03,755] {taskinstance.py:1570} INFO - Exporting the following env vars:
AIRFLOW_CTX_DAG_OWNER=airflow
AIRFLOW_CTX_DAG_ID=data_pipeline
AIRFLOW_CTX_TASK_ID=tweets_to_es
AIRFLOW_CTX_EXECUTION_DATE=2022-07-30T16:12:00+00:00
AIRFLOW_CTX_TRY_NUMBER=1
AIRFLOW_CTX_DAG_RUN_ID=scheduled__2022-07-30T16:12:00+00:00
[2022-07-30 17:16:03,756] {twitter.py:696} INFO - Retrieving scroll page None
[2022-07-30 17:16:03,756] {twitter.py:626} INFO - Retrieving guest token
[2022-07-30 17:16:03,758] {base.py:171} INFO - Retrieving https://twitter.com/search?f=live&lang=en&q=near%3AParis+since%3A1659197520+until%3A1659197760&src=spelling_expansion_revert_click
[2022-07-30 17:16:04,713] {base.py:189} INFO - Retrieved https://twitter.com/search?f=live&lang=en&q=near%3AParis+since%3A1659197520+until%3A1659197760&src=spelling_expansion_revert_click: 200
[2022-07-30 17:16:04,721] {base.py:171} INFO - Retrieving https://api.twitter.com/2/search/adaptive.json?include_profile_interstitial_type=1&include_blocking=1&include_blocked_by=1&include_followed_by=1&include_want_retweets=1&include_mute_edge=1&include_can_dm=1&include_can_media_tag=1&skip_status=1&cards_platform=Web-12&include_cards=1&include_ext_alt_text=true&include_quote_count=true&include_reply_count=1&tweet_mode=extended&include_entities=true&include_user_entities=true&include_ext_media_color=true&include_ext_media_availability=true&send_error_codes=true&simple_quoted_tweets=true&q=near%3AParis+since%3A1659197520+until%3A1659197760&tweet_search_mode=live&count=100&query_source=spelling_expansion_revert_click&pc=1&spelling_corrections=1&ext=mediaStats%2ChighlightedLabel
[2022-07-30 17:16:05,988] {base.py:189} INFO - Retrieved https://api.twitter.com/2/search/adaptive.json?include_profile_interstitial_type=1&include_blocking=1&include_blocked_by=1&include_followed_by=1&include_want_retweets=1&include_mute_edge=1&include_can_dm=1&include_can_media_tag=1&skip_status=1&cards_platform=Web-12&include_cards=1&include_ext_alt_text=true&include_quote_count=true&include_reply_count=1&tweet_mode=extended&include_entities=true&include_user_entities=true&include_ext_media_color=true&include_ext_media_availability=true&send_error_codes=true&simple_quoted_tweets=true&q=near%3AParis+since%3A1659197520+until%3A1659197760&tweet_search_mode=live&count=100&query_source=spelling_expansion_revert_click&pc=1&spelling_corrections=1&ext=mediaStats%2ChighlightedLabel: 200
[2022-07-30 17:16:06,465] {base.py:265} INFO - GET http://localhost:9200/ [status:200 request:0.004s]
[2022-07-30 17:16:06,471] {base.py:265} INFO - PUT http://localhost:9200/my_index/_doc/1553414109571563526 [status:201 request:0.006s]
[2022-07-30 17:16:06,490] {base.py:265} INFO - PUT http://localhost:9200/my_index/_doc/1553414109286350848 [status:201 request:0.006s]
[2022-07-30 17:16:06,513] {base.py:265} INFO - PUT http://localhost:9200/my_index/_doc/1553414104420950017 [status:201 request:0.006s]
[2022-07-30 17:16:06,526] {base.py:265} INFO - PUT http://localhost:9200/my_index/_doc/1553414104236412928 [status:201 request:0.006s]
[2022-07-30 17:16:06,541] {base.py:265} INFO - PUT http://localhost:9200/my_index/_doc/1553414104056057863 [status:201 request:0.006s]
[2022-07-30 17:16:06,557] {base.py:265} INFO - PUT http://localhost:9200/my_index/_doc/1553414103514992640 [status:201 request:0.007s]
[2022-07-30 17:16:06,578] {base.py:265} INFO - PUT http://localhost:9200/my_index/_doc/1553414102676111360 [status:201 request:0.006s]
[2022-07-30 17:16:06,642] {base.py:265} INFO - PUT http://localhost:9200/my_index/_doc/1553414098578194433 [status:201 request:0.005s]
[2022-07-30 17:16:06,655] {base.py:265} INFO - PUT http://localhost:9200/my_index/_doc/1553414095143161856 [status:201 request:0.006s]
[2022-07-30 17:16:06,681] {base.py:265} INFO - PUT http://localhost:9200/my_index/_doc/1553414093440225281 [status:201 request:0.006s]
[2022-07-30 17:16:06,695] {base.py:265} INFO - PUT http://localhost:9200/my_index/_doc/1553414093381451777 [status:201 request:0.007s]
[2022-07-30 17:16:06,713] {base.py:265} INFO - PUT http://localhost:9200/my_index/_doc/1553414092861460480 [status:201 request:0.007s]
[2022-07-30 17:16:06,759] {twitter.py:696} INFO - Retrieving scroll page scroll:thGAVUV0VFVBaAwLyt2_jqjisWgsDR7eb56o4rEnEV8IV6FYCJehgHREVGQVVMVDUBFQAVAAA=
[2022-07-30 17:16:06,762] {base.py:171} INFO - Retrieving https://api.twitter.com/2/search/adaptive.json?include_profile_interstitial_type=1&include_blocking=1&include_blocked_by=1&include_followed_by=1&include_want_retweets=1&include_mute_edge=1&include_can_dm=1&include_can_media_tag=1&skip_status=1&cards_platform=Web-12&include_cards=1&include_ext_alt_text=true&include_quote_count=true&include_reply_count=1&tweet_mode=extended&include_entities=true&include_user_entities=true&include_ext_media_color=true&include_ext_media_availability=true&send_error_codes=true&simple_quoted_tweets=true&q=near%3AParis+since%3A1659197520+until%3A1659197760&tweet_search_mode=live&count=100&query_source=spelling_expansion_revert_click&cursor=scroll%3AthGAVUV0VFVBaAwLyt2_jqjisWgsDR7eb56o4rEnEV8IV6FYCJehgHREVGQVVMVDUBFQAVAAA%3D&pc=1&spelling_corrections=1&ext=mediaStats%2ChighlightedLabel
[2022-07-30 17:16:07,503] {base.py:189} INFO - Retrieved https://api.twitter.com/2/search/adaptive.json?include_profile_interstitial_type=1&include_blocking=1&include_blocked_by=1&include_followed_by=1&include_want_retweets=1&include_mute_edge=1&include_can_dm=1&include_can_media_tag=1&skip_status=1&cards_platform=Web-12&include_cards=1&include_ext_alt_text=true&include_quote_count=true&include_reply_count=1&tweet_mode=extended&include_entities=true&include_user_entities=true&include_ext_media_color=true&include_ext_media_availability=true&send_error_codes=true&simple_quoted_tweets=true&q=near%3AParis+since%3A1659197520+until%3A1659197760&tweet_search_mode=live&count=100&query_source=spelling_expansion_revert_click&cursor=scroll%3AthGAVUV0VFVBaAwLyt2_jqjisWgsDR7eb56o4rEnEV8IV6FYCJehgHREVGQVVMVDUBFQAVAAA%3D&pc=1&spelling_corrections=1&ext=mediaStats%2ChighlightedLabel: 200
[2022-07-30 17:16:07,592] {base.py:265} INFO - PUT http://localhost:9200/my_index/_doc/1553414091036921856 [status:201 request:0.005s]
[2022-07-30 17:16:07,650] {base.py:265} INFO - PUT http://localhost:9200/my_index/_doc/1553414085001285636 [status:201 request:0.006s]
[2022-07-30 17:16:07,685] {base.py:265} INFO - PUT http://localhost:9200/my_index/_doc/1553414077166256129 [status:201 request:0.005s]
[2022-07-30 17:16:07,704] {base.py:265} INFO - PUT http://localhost:9200/my_index/_doc/1553414076751134722 [status:201 request:0.005s]
[2022-07-30 17:16:07,716] {base.py:265} INFO - PUT http://localhost:9200/my_index/_doc/1553414067263528961 [status:201 request:0.006s]
[2022-07-30 17:16:07,731] {base.py:265} INFO - PUT http://localhost:9200/my_index/_doc/1553414064797278209 [status:201 request:0.006s]
[2022-07-30 17:16:07,747] {base.py:265} INFO - PUT http://localhost:9200/my_index/_doc/1553414062867898372 [status:201 request:0.006s]
[2022-07-30 17:16:07,782] {base.py:265} INFO - PUT http://localhost:9200/my_index/_doc/1553414061504733184 [status:201 request:0.006s]
[2022-07-30 17:16:07,798] {base.py:265} INFO - PUT http://localhost:9200/my_index/_doc/1553414059067953152 [status:201 request:0.006s]
[2022-07-30 17:16:07,822] {base.py:265} INFO - PUT http://localhost:9200/my_index/_doc/1553414057495072768 [status:201 request:0.006s]
[2022-07-30 17:16:07,866] {twitter.py:696} INFO - Retrieving scroll page scroll:thGAVUV0VFVBaCgLCpz_bqjisWgsDR7eb56o4rEnEV4IJ6FYCJehgHREVGQVVMVDUBFQIVAAA=
[2022-07-30 17:16:07,868] {base.py:171} INFO - Retrieving https://api.twitter.com/2/search/adaptive.json?include_profile_interstitial_type=1&include_blocking=1&include_blocked_by=1&include_followed_by=1&include_want_retweets=1&include_mute_edge=1&include_can_dm=1&include_can_media_tag=1&skip_status=1&cards_platform=Web-12&include_cards=1&include_ext_alt_text=true&include_quote_count=true&include_reply_count=1&tweet_mode=extended&include_entities=true&include_user_entities=true&include_ext_media_color=true&include_ext_media_availability=true&send_error_codes=true&simple_quoted_tweets=true&q=near%3AParis+since%3A1659197520+until%3A1659197760&tweet_search_mode=live&count=100&query_source=spelling_expansion_revert_click&cursor=scroll%3AthGAVUV0VFVBaCgLCpz_bqjisWgsDR7eb56o4rEnEV4IJ6FYCJehgHREVGQVVMVDUBFQIVAAA%3D&pc=1&spelling_corrections=1&ext=mediaStats%2ChighlightedLabel
[2022-07-30 17:16:08,610] {base.py:189} INFO - Retrieved https://api.twitter.com/2/search/adaptive.json?include_profile_interstitial_type=1&include_blocking=1&include_blocked_by=1&include_followed_by=1&include_want_retweets=1&include_mute_edge=1&include_can_dm=1&include_can_media_tag=1&skip_status=1&cards_platform=Web-12&include_cards=1&include_ext_alt_text=true&include_quote_count=true&include_reply_count=1&tweet_mode=extended&include_entities=true&include_user_entities=true&include_ext_media_color=true&include_ext_media_availability=true&send_error_codes=true&simple_quoted_tweets=true&q=near%3AParis+since%3A1659197520+until%3A1659197760&tweet_search_mode=live&count=100&query_source=spelling_expansion_revert_click&cursor=scroll%3AthGAVUV0VFVBaCgLCpz_bqjisWgsDR7eb56o4rEnEV4IJ6FYCJehgHREVGQVVMVDUBFQIVAAA%3D&pc=1&spelling_corrections=1&ext=mediaStats%2ChighlightedLabel: 200
[2022-07-30 17:16:08,668] {base.py:265} INFO - PUT http://localhost:9200/my_index/_doc/1553414045876854784 [status:201 request:0.007s]
[2022-07-30 17:16:08,685] {base.py:265} INFO - PUT http://localhost:9200/my_index/_doc/1553414043779665920 [status:201 request:0.007s]
[2022-07-30 17:16:08,698] {base.py:265} INFO - PUT http://localhost:9200/my_index/_doc/1553414043469320193 [status:201 request:0.006s]
[2022-07-30 17:16:08,727] {base.py:265} INFO - PUT http://localhost:9200/my_index/_doc/1553414043309932545 [status:201 request:0.007s]
[2022-07-30 17:16:08,754] {base.py:265} INFO - PUT http://localhost:9200/my_index/_doc/1553414040470298624 [status:201 request:0.007s]
[2022-07-30 17:16:08,775] {base.py:265} INFO - PUT http://localhost:9200/my_index/_doc/1553414039476338688 [status:201 request:0.008s]
[2022-07-30 17:16:08,823] {base.py:265} INFO - PUT http://localhost:9200/my_index/_doc/1553414039413444608 [status:201 request:0.006s]
[2022-07-30 17:16:08,845] {base.py:265} INFO - PUT http://localhost:9200/my_index/_doc/1553414034841604096 [status:201 request:0.007s]
[2022-07-30 17:16:08,878] {base.py:265} INFO - PUT http://localhost:9200/my_index/_doc/1553414033293905920 [status:201 request:0.007s]
[2022-07-30 17:16:08,895] {base.py:265} INFO - PUT http://localhost:9200/my_index/_doc/1553414033113497600 [status:201 request:0.006s]
[2022-07-30 17:16:08,907] {base.py:265} INFO - PUT http://localhost:9200/my_index/_doc/1553414032207626241 [status:201 request:0.006s]
[2022-07-30 17:16:08,937] {base.py:265} INFO - PUT http://localhost:9200/my_index/_doc/1553414032018886657 [status:201 request:0.006s]
[2022-07-30 17:16:08,975] {base.py:265} INFO - PUT http://localhost:9200/my_index/_doc/1553414031066660866 [status:201 request:0.007s]
[2022-07-30 17:16:08,992] {base.py:265} INFO - PUT http://localhost:9200/my_index/_doc/1553414031045791751 [status:201 request:0.006s]
[2022-07-30 17:16:09,007] {base.py:265} INFO - PUT http://localhost:9200/my_index/_doc/1553414029388947456 [status:201 request:0.006s]
[2022-07-30 17:16:09,025] {base.py:265} INFO - PUT http://localhost:9200/my_index/_doc/1553414024230043651 [status:201 request:0.007s]
[2022-07-30 17:16:09,026] {twitter.py:696} INFO - Retrieving scroll page scroll:thGAVUV0VFVBaGgLz14_TqjisWgsDR7eb56o4rEnEV0P95FYCJehgHREVGQVVMVDUBFQQVAAA=
[2022-07-30 17:16:09,029] {base.py:171} INFO - Retrieving https://api.twitter.com/2/search/adaptive.json?include_profile_interstitial_type=1&include_blocking=1&include_blocked_by=1&include_followed_by=1&include_want_retweets=1&include_mute_edge=1&include_can_dm=1&include_can_media_tag=1&skip_status=1&cards_platform=Web-12&include_cards=1&include_ext_alt_text=true&include_quote_count=true&include_reply_count=1&tweet_mode=extended&include_entities=true&include_user_entities=true&include_ext_media_color=true&include_ext_media_availability=true&send_error_codes=true&simple_quoted_tweets=true&q=near%3AParis+since%3A1659197520+until%3A1659197760&tweet_search_mode=live&count=100&query_source=spelling_expansion_revert_click&cursor=scroll%3AthGAVUV0VFVBaGgLz14_TqjisWgsDR7eb56o4rEnEV0P95FYCJehgHREVGQVVMVDUBFQQVAAA%3D&pc=1&spelling_corrections=1&ext=mediaStats%2ChighlightedLabel
[2022-07-30 17:16:09,878] {base.py:189} INFO - Retrieved https://api.twitter.com/2/search/adaptive.json?include_profile_interstitial_type=1&include_blocking=1&include_blocked_by=1&include_followed_by=1&include_want_retweets=1&include_mute_edge=1&include_can_dm=1&include_can_media_tag=1&skip_status=1&cards_platform=Web-12&include_cards=1&include_ext_alt_text=true&include_quote_count=true&include_reply_count=1&tweet_mode=extended&include_entities=true&include_user_entities=true&include_ext_media_color=true&include_ext_media_availability=true&send_error_codes=true&simple_quoted_tweets=true&q=near%3AParis+since%3A1659197520+until%3A1659197760&tweet_search_mode=live&count=100&query_source=spelling_expansion_revert_click&cursor=scroll%3AthGAVUV0VFVBaGgLz14_TqjisWgsDR7eb56o4rEnEV0P95FYCJehgHREVGQVVMVDUBFQQVAAA%3D&pc=1&spelling_corrections=1&ext=mediaStats%2ChighlightedLabel: 200
[2022-07-30 17:16:09,913] {base.py:265} INFO - PUT http://localhost:9200/my_index/_doc/1553414022539743234 [status:201 request:0.012s]
[2022-07-30 17:16:09,942] {base.py:265} INFO - PUT http://localhost:9200/my_index/_doc/1553414021478584321 [status:201 request:0.007s]
[2022-07-30 17:16:09,962] {base.py:265} INFO - PUT http://localhost:9200/my_index/_doc/1553414019637301249 [status:201 request:0.006s]
[2022-07-30 17:16:09,998] {base.py:265} INFO - PUT http://localhost:9200/my_index/_doc/1553414017242349569 [status:201 request:0.008s]
[2022-07-30 17:16:10,017] {base.py:265} INFO - PUT http://localhost:9200/my_index/_doc/1553414017204604929 [status:201 request:0.011s]
[2022-07-30 17:16:10,033] {base.py:265} INFO - PUT http://localhost:9200/my_index/_doc/1553414016344752129 [status:201 request:0.006s]
[2022-07-30 17:16:10,045] {base.py:265} INFO - PUT http://localhost:9200/my_index/_doc/1553414015501623296 [status:201 request:0.006s]
[2022-07-30 17:16:10,102] {base.py:265} INFO - PUT http://localhost:9200/my_index/_doc/1553414007524130819 [status:201 request:0.005s]
[2022-07-30 17:16:10,114] {base.py:265} INFO - PUT http://localhost:9200/my_index/_doc/1553414003489181697 [status:201 request:0.006s]
[2022-07-30 17:16:10,192] {base.py:265} INFO - PUT http://localhost:9200/my_index/_doc/1553414002289647616 [status:201 request:0.007s]
[2022-07-30 17:16:10,211] {base.py:265} INFO - PUT http://localhost:9200/my_index/_doc/1553413997893980162 [status:201 request:0.007s]
[2022-07-30 17:16:10,249] {base.py:265} INFO - PUT http://localhost:9200/my_index/_doc/1553413995255963648 [status:201 request:0.006s]
[2022-07-30 17:16:10,250] {twitter.py:696} INFO - Retrieving scroll page scroll:thGAVUV0VFVBaAgNGFjPPqjisWgsDR7eb56o4rEnEVwPx5FYCJehgHREVGQVVMVDUBFQYVAAA=
[2022-07-30 17:16:10,253] {base.py:171} INFO - Retrieving https://api.twitter.com/2/search/adaptive.json?include_profile_interstitial_type=1&include_blocking=1&include_blocked_by=1&include_followed_by=1&include_want_retweets=1&include_mute_edge=1&include_can_dm=1&include_can_media_tag=1&skip_status=1&cards_platform=Web-12&include_cards=1&include_ext_alt_text=true&include_quote_count=true&include_reply_count=1&tweet_mode=extended&include_entities=true&include_user_entities=true&include_ext_media_color=true&include_ext_media_availability=true&send_error_codes=true&simple_quoted_tweets=true&q=near%3AParis+since%3A1659197520+until%3A1659197760&tweet_search_mode=live&count=100&query_source=spelling_expansion_revert_click&cursor=scroll%3AthGAVUV0VFVBaAgNGFjPPqjisWgsDR7eb56o4rEnEVwPx5FYCJehgHREVGQVVMVDUBFQYVAAA%3D&pc=1&spelling_corrections=1&ext=mediaStats%2ChighlightedLabel
[2022-07-30 17:16:10,961] {base.py:189} INFO - Retrieved https://api.twitter.com/2/search/adaptive.json?include_profile_interstitial_type=1&include_blocking=1&include_blocked_by=1&include_followed_by=1&include_want_retweets=1&include_mute_edge=1&include_can_dm=1&include_can_media_tag=1&skip_status=1&cards_platform=Web-12&include_cards=1&include_ext_alt_text=true&include_quote_count=true&include_reply_count=1&tweet_mode=extended&include_entities=true&include_user_entities=true&include_ext_media_color=true&include_ext_media_availability=true&send_error_codes=true&simple_quoted_tweets=true&q=near%3AParis+since%3A1659197520+until%3A1659197760&tweet_search_mode=live&count=100&query_source=spelling_expansion_revert_click&cursor=scroll%3AthGAVUV0VFVBaAgNGFjPPqjisWgsDR7eb56o4rEnEVwPx5FYCJehgHREVGQVVMVDUBFQYVAAA%3D&pc=1&spelling_corrections=1&ext=mediaStats%2ChighlightedLabel: 200
[2022-07-30 17:16:10,999] {base.py:265} INFO - PUT http://localhost:9200/my_index/_doc/1553413992957284352 [status:201 request:0.011s]
[2022-07-30 17:16:11,016] {base.py:265} INFO - PUT http://localhost:9200/my_index/_doc/1553413989882814464 [status:201 request:0.011s]
[2022-07-30 17:16:11,025] {base.py:265} INFO - PUT http://localhost:9200/my_index/_doc/1553413989572366336 [status:201 request:0.006s]
[2022-07-30 17:16:11,062] {base.py:265} INFO - PUT http://localhost:9200/my_index/_doc/1553413988691623937 [status:201 request:0.006s]
[2022-07-30 17:16:11,095] {base.py:265} INFO - PUT http://localhost:9200/my_index/_doc/1553413980995129344 [status:201 request:0.005s]
[2022-07-30 17:16:11,109] {base.py:265} INFO - PUT http://localhost:9200/my_index/_doc/1553413980886007809 [status:201 request:0.007s]
[2022-07-30 17:16:11,122] {base.py:265} INFO - PUT http://localhost:9200/my_index/_doc/1553413978549886977 [status:201 request:0.006s]
[2022-07-30 17:16:11,149] {base.py:265} INFO - PUT http://localhost:9200/my_index/_doc/1553413975018192898 [status:201 request:0.006s]
[2022-07-30 17:16:11,199] {base.py:265} INFO - PUT http://localhost:9200/my_index/_doc/1553413970463260674 [status:201 request:0.008s]
[2022-07-30 17:16:11,213] {base.py:265} INFO - PUT http://localhost:9200/my_index/_doc/1553413969163030528 [status:201 request:0.007s]
[2022-07-30 17:16:11,251] {base.py:265} INFO - PUT http://localhost:9200/my_index/_doc/1553413966801604609 [status:201 request:0.006s]
[2022-07-30 17:16:11,264] {base.py:265} INFO - PUT http://localhost:9200/my_index/_doc/1553413966080184320 [status:201 request:0.005s]
[2022-07-30 17:16:11,278] {base.py:265} INFO - PUT http://localhost:9200/my_index/_doc/1553413965639987201 [status:201 request:0.006s]
[2022-07-30 17:16:11,315] {base.py:265} INFO - PUT http://localhost:9200/my_index/_doc/1553413964381446147 [status:201 request:0.010s]
[2022-07-30 17:16:11,339] {base.py:265} INFO - PUT http://localhost:9200/my_index/_doc/1553413964251467778 [status:201 request:0.006s]
[2022-07-30 17:16:11,363] {base.py:265} INFO - PUT http://localhost:9200/my_index/_doc/1553413961302872065 [status:201 request:0.006s]
[2022-07-30 17:16:11,363] {twitter.py:696} INFO - Retrieving scroll page scroll:thGAVUV0VFVBaCwLiJj_HqjisWgsDR7eb56o4rEnEVsPl5FYCJehgHREVGQVVMVDUBFQgVAAA=
[2022-07-30 17:16:11,365] {base.py:171} INFO - Retrieving https://api.twitter.com/2/search/adaptive.json?include_profile_interstitial_type=1&include_blocking=1&include_blocked_by=1&include_followed_by=1&include_want_retweets=1&include_mute_edge=1&include_can_dm=1&include_can_media_tag=1&skip_status=1&cards_platform=Web-12&include_cards=1&include_ext_alt_text=true&include_quote_count=true&include_reply_count=1&tweet_mode=extended&include_entities=true&include_user_entities=true&include_ext_media_color=true&include_ext_media_availability=true&send_error_codes=true&simple_quoted_tweets=true&q=near%3AParis+since%3A1659197520+until%3A1659197760&tweet_search_mode=live&count=100&query_source=spelling_expansion_revert_click&cursor=scroll%3AthGAVUV0VFVBaCwLiJj_HqjisWgsDR7eb56o4rEnEVsPl5FYCJehgHREVGQVVMVDUBFQgVAAA%3D&pc=1&spelling_corrections=1&ext=mediaStats%2ChighlightedLabel
[2022-07-30 17:16:12,004] {base.py:189} INFO - Retrieved https://api.twitter.com/2/search/adaptive.json?include_profile_interstitial_type=1&include_blocking=1&include_blocked_by=1&include_followed_by=1&include_want_retweets=1&include_mute_edge=1&include_can_dm=1&include_can_media_tag=1&skip_status=1&cards_platform=Web-12&include_cards=1&include_ext_alt_text=true&include_quote_count=true&include_reply_count=1&tweet_mode=extended&include_entities=true&include_user_entities=true&include_ext_media_color=true&include_ext_media_availability=true&send_error_codes=true&simple_quoted_tweets=true&q=near%3AParis+since%3A1659197520+until%3A1659197760&tweet_search_mode=live&count=100&query_source=spelling_expansion_revert_click&cursor=scroll%3AthGAVUV0VFVBaCwLiJj_HqjisWgsDR7eb56o4rEnEVsPl5FYCJehgHREVGQVVMVDUBFQgVAAA%3D&pc=1&spelling_corrections=1&ext=mediaStats%2ChighlightedLabel: 200
[2022-07-30 17:16:12,031] {python.py:173} INFO - Done. Returned value was: None
[2022-07-30 17:16:12,047] {taskinstance.py:1396} INFO - Marking task as SUCCESS. dag_id=data_pipeline, task_id=tweets_to_es, execution_date=20220730T161200, start_date=20220730T161603, end_date=20220730T161612
[2022-07-30 17:16:12,086] {local_task_job.py:156} INFO - Task exited with return code 0
[2022-07-30 17:16:12,102] {local_task_job.py:273} INFO - 0 downstream tasks scheduled from follow-on schedule check
