[2022-06-01 21:28:38,583] {taskinstance.py:1160} INFO - Dependencies all met for <TaskInstance: download_rocket_launches.download_launches manual__2022-06-01T20:28:26.780538+00:00 [queued]>
[2022-06-01 21:28:38,589] {taskinstance.py:1160} INFO - Dependencies all met for <TaskInstance: download_rocket_launches.download_launches manual__2022-06-01T20:28:26.780538+00:00 [queued]>
[2022-06-01 21:28:38,589] {taskinstance.py:1357} INFO - 
--------------------------------------------------------------------------------
[2022-06-01 21:28:38,589] {taskinstance.py:1358} INFO - Starting attempt 1 of 1
[2022-06-01 21:28:38,589] {taskinstance.py:1359} INFO - 
--------------------------------------------------------------------------------
[2022-06-01 21:28:38,601] {taskinstance.py:1378} INFO - Executing <Task(BashOperator): download_launches> on 2022-06-01 20:28:26.780538+00:00
[2022-06-01 21:28:38,603] {standard_task_runner.py:52} INFO - Started process 21789 to run task
[2022-06-01 21:28:38,606] {standard_task_runner.py:79} INFO - Running: ['airflow', 'tasks', 'run', 'download_rocket_launches', 'download_launches', 'manual__2022-06-01T20:28:26.780538+00:00', '--job-id', '6', '--raw', '--subdir', 'DAGS_FOLDER/download_rocket_launches.py', '--cfg-path', '/tmp/tmpqjm_qnf6', '--error-file', '/tmp/tmpgvd9m6f3']
[2022-06-01 21:28:38,607] {standard_task_runner.py:80} INFO - Job 6: Subtask download_launches
[2022-06-01 21:28:38,640] {task_command.py:370} INFO - Running <TaskInstance: download_rocket_launches.download_launches manual__2022-06-01T20:28:26.780538+00:00 [running]> on host oury-Tp
[2022-06-01 21:28:38,685] {taskinstance.py:1570} INFO - Exporting the following env vars:
AIRFLOW_CTX_DAG_OWNER=airflow
AIRFLOW_CTX_DAG_ID=download_rocket_launches
AIRFLOW_CTX_TASK_ID=download_launches
AIRFLOW_CTX_EXECUTION_DATE=2022-06-01T20:28:26.780538+00:00
AIRFLOW_CTX_TRY_NUMBER=1
AIRFLOW_CTX_DAG_RUN_ID=manual__2022-06-01T20:28:26.780538+00:00
[2022-06-01 21:28:38,685] {subprocess.py:62} INFO - Tmp dir root location: 
 /tmp
[2022-06-01 21:28:38,686] {subprocess.py:74} INFO - Running command: ['bash', '-c', "curl -o /tmp/launches.json -L 'https://ll.thespacedevs.com/2.0.0/launch/upcoming'"]
[2022-06-01 21:28:38,691] {subprocess.py:85} INFO - Output:
[2022-06-01 21:28:38,697] {subprocess.py:92} INFO -   % Total    % Received % Xferd  Average Speed   Time    Time     Time  Current
[2022-06-01 21:28:38,697] {subprocess.py:92} INFO -                                  Dload  Upload   Total   Spent    Left  Speed
[2022-06-01 21:28:39,699] {subprocess.py:92} INFO -   0     0    0     0    0     0      0      0 --:--:-- --:--:-- --:--:--     0  0     0    0     0    0     0      0      0 --:--:-- --:--:-- --:--:--     0  0     0    0     0    0     0      0      0 --:--:--  0:00:01 --:--:--     0
[2022-06-01 21:28:40,186] {subprocess.py:92} INFO -   3 26908    3  1039    0     0    792      0  0:00:33  0:00:01  0:00:32   792100 26908  100 26908    0     0  18075      0  0:00:01  0:00:01 --:--:--  142k
[2022-06-01 21:28:40,189] {subprocess.py:96} INFO - Command exited with return code 0
[2022-06-01 21:28:40,208] {taskinstance.py:1396} INFO - Marking task as SUCCESS. dag_id=download_rocket_launches, task_id=download_launches, execution_date=20220601T202826, start_date=20220601T202838, end_date=20220601T202840
[2022-06-01 21:28:40,223] {local_task_job.py:156} INFO - Task exited with return code 0
[2022-06-01 21:28:40,254] {local_task_job.py:273} INFO - 1 downstream tasks scheduled from follow-on schedule check
