[2022-07-30 23:25:28,663] {taskinstance.py:1160} INFO - Dependencies all met for <TaskInstance: data_pipeline.tweets_to_es manual__2022-07-30T22:25:25.068849+00:00 [queued]>
[2022-07-30 23:25:28,670] {taskinstance.py:1160} INFO - Dependencies all met for <TaskInstance: data_pipeline.tweets_to_es manual__2022-07-30T22:25:25.068849+00:00 [queued]>
[2022-07-30 23:25:28,670] {taskinstance.py:1357} INFO - 
--------------------------------------------------------------------------------
[2022-07-30 23:25:28,670] {taskinstance.py:1358} INFO - Starting attempt 1 of 1
[2022-07-30 23:25:28,670] {taskinstance.py:1359} INFO - 
--------------------------------------------------------------------------------
[2022-07-30 23:25:28,683] {taskinstance.py:1378} INFO - Executing <Task(PythonOperator): tweets_to_es> on 2022-07-30 22:25:25.068849+00:00
[2022-07-30 23:25:28,686] {standard_task_runner.py:52} INFO - Started process 5887 to run task
[2022-07-30 23:25:28,690] {standard_task_runner.py:79} INFO - Running: ['airflow', 'tasks', 'run', 'data_pipeline', 'tweets_to_es', 'manual__2022-07-30T22:25:25.068849+00:00', '--job-id', '13', '--raw', '--subdir', 'DAGS_FOLDER/airfow_es.py', '--cfg-path', '/tmp/tmpz7syqf2x', '--error-file', '/tmp/tmpr6lwhop3']
[2022-07-30 23:25:28,691] {standard_task_runner.py:80} INFO - Job 13: Subtask tweets_to_es
[2022-07-30 23:25:28,736] {task_command.py:370} INFO - Running <TaskInstance: data_pipeline.tweets_to_es manual__2022-07-30T22:25:25.068849+00:00 [running]> on host oury-Tp
[2022-07-30 23:25:28,798] {taskinstance.py:1570} INFO - Exporting the following env vars:
AIRFLOW_CTX_DAG_OWNER=airflow
AIRFLOW_CTX_DAG_ID=data_pipeline
AIRFLOW_CTX_TASK_ID=tweets_to_es
AIRFLOW_CTX_EXECUTION_DATE=2022-07-30T22:25:25.068849+00:00
AIRFLOW_CTX_TRY_NUMBER=1
AIRFLOW_CTX_DAG_RUN_ID=manual__2022-07-30T22:25:25.068849+00:00
[2022-07-30 23:25:28,801] {twitter.py:696} INFO - Retrieving scroll page None
[2022-07-30 23:25:28,801] {twitter.py:626} INFO - Retrieving guest token
[2022-07-30 23:25:28,803] {base.py:171} INFO - Retrieving https://twitter.com/search?f=live&lang=en&q=near%3AParis+since%3A1659219000+until%3A1659219600&src=spelling_expansion_revert_click
[2022-07-30 23:25:29,586] {base.py:189} INFO - Retrieved https://twitter.com/search?f=live&lang=en&q=near%3AParis+since%3A1659219000+until%3A1659219600&src=spelling_expansion_revert_click: 200
[2022-07-30 23:25:29,589] {base.py:171} INFO - Retrieving https://api.twitter.com/2/search/adaptive.json?include_profile_interstitial_type=1&include_blocking=1&include_blocked_by=1&include_followed_by=1&include_want_retweets=1&include_mute_edge=1&include_can_dm=1&include_can_media_tag=1&skip_status=1&cards_platform=Web-12&include_cards=1&include_ext_alt_text=true&include_quote_count=true&include_reply_count=1&tweet_mode=extended&include_entities=true&include_user_entities=true&include_ext_media_color=true&include_ext_media_availability=true&send_error_codes=true&simple_quoted_tweets=true&q=near%3AParis+since%3A1659219000+until%3A1659219600&tweet_search_mode=live&count=100&query_source=spelling_expansion_revert_click&pc=1&spelling_corrections=1&ext=mediaStats%2ChighlightedLabel
[2022-07-30 23:25:30,676] {base.py:189} INFO - Retrieved https://api.twitter.com/2/search/adaptive.json?include_profile_interstitial_type=1&include_blocking=1&include_blocked_by=1&include_followed_by=1&include_want_retweets=1&include_mute_edge=1&include_can_dm=1&include_can_media_tag=1&skip_status=1&cards_platform=Web-12&include_cards=1&include_ext_alt_text=true&include_quote_count=true&include_reply_count=1&tweet_mode=extended&include_entities=true&include_user_entities=true&include_ext_media_color=true&include_ext_media_availability=true&send_error_codes=true&simple_quoted_tweets=true&q=near%3AParis+since%3A1659219000+until%3A1659219600&tweet_search_mode=live&count=100&query_source=spelling_expansion_revert_click&pc=1&spelling_corrections=1&ext=mediaStats%2ChighlightedLabel: 200
[2022-07-30 23:25:31,211] {base.py:265} INFO - GET http://localhost:9200/ [status:200 request:0.005s]
[2022-07-30 23:25:31,221] {base.py:265} INFO - PUT http://localhost:9200/my_index/_doc/1553505713024008192 [status:200 request:0.009s]
[2022-07-30 23:25:31,248] {base.py:265} INFO - PUT http://localhost:9200/my_index/_doc/1553505708263489537 [status:200 request:0.013s]
[2022-07-30 23:25:31,269] {base.py:265} INFO - PUT http://localhost:9200/my_index/_doc/1553505705264562178 [status:200 request:0.008s]
[2022-07-30 23:25:31,286] {base.py:265} INFO - PUT http://localhost:9200/my_index/_doc/1553505703121518592 [status:200 request:0.009s]
[2022-07-30 23:25:31,370] {base.py:265} INFO - PUT http://localhost:9200/my_index/_doc/1553505696787959808 [status:200 request:0.010s]
[2022-07-30 23:25:31,413] {base.py:265} INFO - PUT http://localhost:9200/my_index/_doc/1553505695617748992 [status:200 request:0.009s]
[2022-07-30 23:25:31,433] {base.py:265} INFO - PUT http://localhost:9200/my_index/_doc/1553505693931552769 [status:200 request:0.008s]
[2022-07-30 23:25:31,469] {base.py:265} INFO - PUT http://localhost:9200/my_index/_doc/1553505691645759489 [status:200 request:0.008s]
[2022-07-30 23:25:31,521] {python.py:173} INFO - Done. Returned value was: None
[2022-07-30 23:25:31,531] {taskinstance.py:1396} INFO - Marking task as SUCCESS. dag_id=data_pipeline, task_id=tweets_to_es, execution_date=20220730T222525, start_date=20220730T222528, end_date=20220730T222531
[2022-07-30 23:25:31,593] {local_task_job.py:156} INFO - Task exited with return code 0
[2022-07-30 23:25:31,607] {local_task_job.py:273} INFO - 0 downstream tasks scheduled from follow-on schedule check
