[2022-06-01 21:30:12,586] {taskinstance.py:1160} INFO - Dependencies all met for <TaskInstance: download_rocket_launches.get_pictures scheduled__2022-05-21T00:00:00+00:00 [queued]>
[2022-06-01 21:30:12,591] {taskinstance.py:1160} INFO - Dependencies all met for <TaskInstance: download_rocket_launches.get_pictures scheduled__2022-05-21T00:00:00+00:00 [queued]>
[2022-06-01 21:30:12,591] {taskinstance.py:1357} INFO - 
--------------------------------------------------------------------------------
[2022-06-01 21:30:12,591] {taskinstance.py:1358} INFO - Starting attempt 1 of 1
[2022-06-01 21:30:12,591] {taskinstance.py:1359} INFO - 
--------------------------------------------------------------------------------
[2022-06-01 21:30:12,603] {taskinstance.py:1378} INFO - Executing <Task(PythonOperator): get_pictures> on 2022-05-21 00:00:00+00:00
[2022-06-01 21:30:12,605] {standard_task_runner.py:52} INFO - Started process 21880 to run task
[2022-06-01 21:30:12,608] {standard_task_runner.py:79} INFO - Running: ['airflow', 'tasks', 'run', 'download_rocket_launches', 'get_pictures', 'scheduled__2022-05-21T00:00:00+00:00', '--job-id', '17', '--raw', '--subdir', 'DAGS_FOLDER/download_rocket_launches.py', '--cfg-path', '/tmp/tmpfr5cz4qx', '--error-file', '/tmp/tmpwjc5y99u']
[2022-06-01 21:30:12,609] {standard_task_runner.py:80} INFO - Job 17: Subtask get_pictures
[2022-06-01 21:30:12,640] {task_command.py:370} INFO - Running <TaskInstance: download_rocket_launches.get_pictures scheduled__2022-05-21T00:00:00+00:00 [running]> on host oury-Tp
[2022-06-01 21:30:12,684] {taskinstance.py:1570} INFO - Exporting the following env vars:
AIRFLOW_CTX_DAG_OWNER=airflow
AIRFLOW_CTX_DAG_ID=download_rocket_launches
AIRFLOW_CTX_TASK_ID=get_pictures
AIRFLOW_CTX_EXECUTION_DATE=2022-05-21T00:00:00+00:00
AIRFLOW_CTX_TRY_NUMBER=1
AIRFLOW_CTX_DAG_RUN_ID=scheduled__2022-05-21T00:00:00+00:00
[2022-06-01 21:30:13,646] {logging_mixin.py:115} INFO - Downloaded https://spacelaunchnow-prod-east.nyc3.digitaloceanspaces.com/media/launcher_images/long2520march25202_image_20190222031200.jpeg to /tmp/images/long2520march25202_image_20190222031200.jpeg
[2022-06-01 21:30:14,963] {logging_mixin.py:115} INFO - Downloaded https://spacelaunchnow-prod-east.nyc3.digitaloceanspaces.com/media/launcher_images/soyuz_2.1a_image_20201013143850.jpg to /tmp/images/soyuz_2.1a_image_20201013143850.jpg
[2022-06-01 21:30:16,441] {logging_mixin.py:115} INFO - Downloaded https://spacelaunchnow-prod-east.nyc3.digitaloceanspaces.com/media/launcher_images/new2520shepard_image_20190207032624.jpeg to /tmp/images/new2520shepard_image_20190207032624.jpeg
[2022-06-01 21:30:17,534] {logging_mixin.py:115} INFO - Downloaded https://spacelaunchnow-prod-east.nyc3.digitaloceanspaces.com/media/launcher_images/long_march_2_image_20210908195835.jpeg to /tmp/images/long_march_2_image_20210908195835.jpeg
[2022-06-01 21:30:18,821] {logging_mixin.py:115} INFO - Downloaded https://spacelaunchnow-prod-east.nyc3.digitaloceanspaces.com/media/launcher_images/falcon_9_block__image_20210506060831.jpg to /tmp/images/falcon_9_block__image_20210506060831.jpg
[2022-06-01 21:30:19,956] {logging_mixin.py:115} INFO - Downloaded https://spacelaunchnow-prod-east.nyc3.digitaloceanspaces.com/media/launch_images/falcon2520925_image_20210922155026.jpeg to /tmp/images/falcon2520925_image_20210922155026.jpeg
[2022-06-01 21:30:21,276] {logging_mixin.py:115} INFO - Downloaded https://spacelaunchnow-prod-east.nyc3.digitaloceanspaces.com/media/launcher_images/electron_image_20190705175640.jpeg to /tmp/images/electron_image_20190705175640.jpeg
[2022-06-01 21:30:22,921] {logging_mixin.py:115} INFO - Downloaded https://spacelaunchnow-prod-east.nyc3.digitaloceanspaces.com/media/launcher_images/nuri_image_20211020165148.jpg to /tmp/images/nuri_image_20211020165148.jpg
[2022-06-01 21:30:24,467] {logging_mixin.py:115} INFO - Downloaded https://spacelaunchnow-prod-east.nyc3.digitaloceanspaces.com/media/launcher_images/falcon_9_block__image_20210506060831.jpg to /tmp/images/falcon_9_block__image_20210506060831.jpg
[2022-06-01 21:30:25,657] {logging_mixin.py:115} INFO - Downloaded https://spacelaunchnow-prod-east.nyc3.digitaloceanspaces.com/media/launcher_images/ariane_5_eca25_image_20200220090552.jpeg to /tmp/images/ariane_5_eca25_image_20200220090552.jpeg
[2022-06-01 21:30:25,658] {python.py:173} INFO - Done. Returned value was: None
[2022-06-01 21:30:25,663] {taskinstance.py:1396} INFO - Marking task as SUCCESS. dag_id=download_rocket_launches, task_id=get_pictures, execution_date=20220521T000000, start_date=20220601T203012, end_date=20220601T203025
[2022-06-01 21:30:25,676] {local_task_job.py:156} INFO - Task exited with return code 0
[2022-06-01 21:30:25,694] {local_task_job.py:273} INFO - 1 downstream tasks scheduled from follow-on schedule check
