[2022-06-01 20:02:35,170] {taskinstance.py:1160} INFO - Dependencies all met for <TaskInstance: download_rocket_launches.download_launches scheduled__2022-05-18T00:00:00+00:00 [queued]>
[2022-06-01 20:02:35,177] {taskinstance.py:1160} INFO - Dependencies all met for <TaskInstance: download_rocket_launches.download_launches scheduled__2022-05-18T00:00:00+00:00 [queued]>
[2022-06-01 20:02:35,177] {taskinstance.py:1357} INFO - 
--------------------------------------------------------------------------------
[2022-06-01 20:02:35,177] {taskinstance.py:1358} INFO - Starting attempt 1 of 1
[2022-06-01 20:02:35,177] {taskinstance.py:1359} INFO - 
--------------------------------------------------------------------------------
[2022-06-01 20:02:35,193] {taskinstance.py:1378} INFO - Executing <Task(BashOperator): download_launches> on 2022-05-18 00:00:00+00:00
[2022-06-01 20:02:35,195] {standard_task_runner.py:52} INFO - Started process 11222 to run task
[2022-06-01 20:02:35,199] {standard_task_runner.py:79} INFO - Running: ['airflow', 'tasks', 'run', 'download_rocket_launches', 'download_launches', 'scheduled__2022-05-18T00:00:00+00:00', '--job-id', '4', '--raw', '--subdir', 'DAGS_FOLDER/download_rocket_launches.py', '--cfg-path', '/tmp/tmpg8r7h4gy', '--error-file', '/tmp/tmppv18ne6a']
[2022-06-01 20:02:35,200] {standard_task_runner.py:80} INFO - Job 4: Subtask download_launches
[2022-06-01 20:02:35,240] {task_command.py:370} INFO - Running <TaskInstance: download_rocket_launches.download_launches scheduled__2022-05-18T00:00:00+00:00 [running]> on host oury-Tp
[2022-06-01 20:02:35,292] {taskinstance.py:1570} INFO - Exporting the following env vars:
AIRFLOW_CTX_DAG_OWNER=airflow
AIRFLOW_CTX_DAG_ID=download_rocket_launches
AIRFLOW_CTX_TASK_ID=download_launches
AIRFLOW_CTX_EXECUTION_DATE=2022-05-18T00:00:00+00:00
AIRFLOW_CTX_TRY_NUMBER=1
AIRFLOW_CTX_DAG_RUN_ID=scheduled__2022-05-18T00:00:00+00:00
[2022-06-01 20:02:35,293] {subprocess.py:62} INFO - Tmp dir root location: 
 /tmp
[2022-06-01 20:02:35,293] {subprocess.py:74} INFO - Running command: ['bash', '-c', "curl -o /tmp/launches.json -L 'https://ll.thespacedevs.com/2.0.0/launch/upcoming'"]
[2022-06-01 20:02:35,298] {subprocess.py:85} INFO - Output:
[2022-06-01 20:02:35,312] {subprocess.py:92} INFO -   % Total    % Received % Xferd  Average Speed   Time    Time     Time  Current
[2022-06-01 20:02:35,312] {subprocess.py:92} INFO -                                  Dload  Upload   Total   Spent    Left  Speed
[2022-06-01 20:02:40,885] {subprocess.py:92} INFO -   0     0    0     0    0     0      0      0 --:--:-- --:--:-- --:--:--     0  0     0    0     0    0     0      0      0 --:--:-- --:--:-- --:--:--     0  0     0    0     0    0     0      0      0 --:--:--  0:00:01 --:--:--     0  0     0    0     0    0     0      0      0 --:--:--  0:00:02 --:--:--     0  0     0    0     0    0     0      0      0 --:--:--  0:00:03 --:--:--     0  0     0    0     0    0     0      0      0 --:--:--  0:00:04 --:--:--     0  0     0    0     0    0     0      0      0 --:--:--  0:00:05 --:--:--     0  0     0    0     0    0     0      0      0 --:--:--  0:00:05 --:--:--     0
[2022-06-01 20:02:44,895] {subprocess.py:92} INFO -   0     0    0     0    0     0      0      0 --:--:--  0:00:06 --:--:--     0  0     0    0     0    0     0      0      0 --:--:--  0:00:07 --:--:--     0  0     0    0     0    0     0      0      0 --:--:--  0:00:08 --:--:--     0 40 26908   40 10921    0     0   1153      0  0:00:23  0:00:09  0:00:14  3771100 26908  100 26908    0     0   2807      0  0:00:09  0:00:09 --:--:--  8945
[2022-06-01 20:02:44,899] {subprocess.py:96} INFO - Command exited with return code 0
[2022-06-01 20:02:44,922] {taskinstance.py:1396} INFO - Marking task as SUCCESS. dag_id=download_rocket_launches, task_id=download_launches, execution_date=20220518T000000, start_date=20220601T190235, end_date=20220601T190244
[2022-06-01 20:02:44,956] {local_task_job.py:156} INFO - Task exited with return code 0
[2022-06-01 20:02:44,985] {local_task_job.py:273} INFO - 1 downstream tasks scheduled from follow-on schedule check
