[2022-06-22 11:41:48,920] {processor.py:153} INFO - Started process (PID=11720) to work on /home/oury/.local/lib/python3.10/site-packages/airflow/example_dags/example_external_task_marker_dag.py
[2022-06-22 11:41:48,921] {processor.py:641} INFO - Processing file /home/oury/.local/lib/python3.10/site-packages/airflow/example_dags/example_external_task_marker_dag.py for tasks to queue
[2022-06-22 11:41:48,921] {logging_mixin.py:115} INFO - [2022-06-22 11:41:48,921] {dagbag.py:507} INFO - Filling up the DagBag from /home/oury/.local/lib/python3.10/site-packages/airflow/example_dags/example_external_task_marker_dag.py
[2022-06-22 11:41:48,937] {processor.py:651} INFO - DAG(s) dict_keys(['example_external_task_marker_parent', 'example_external_task_marker_child']) retrieved from /home/oury/.local/lib/python3.10/site-packages/airflow/example_dags/example_external_task_marker_dag.py
[2022-06-22 11:41:49,484] {logging_mixin.py:115} INFO - [2022-06-22 11:41:49,484] {dag.py:2379} INFO - Sync 2 DAGs
[2022-06-22 11:41:49,504] {logging_mixin.py:115} INFO - [2022-06-22 11:41:49,503] {dag.py:2398} INFO - Creating ORM DAG for example_external_task_marker_parent
[2022-06-22 11:41:49,505] {logging_mixin.py:115} INFO - [2022-06-22 11:41:49,504] {dag.py:2398} INFO - Creating ORM DAG for example_external_task_marker_child
[2022-06-22 11:41:49,531] {logging_mixin.py:115} INFO - [2022-06-22 11:41:49,531] {dag.py:2923} INFO - Setting next_dagrun for example_external_task_marker_child to None, run_after=None
[2022-06-22 11:41:49,533] {logging_mixin.py:115} INFO - [2022-06-22 11:41:49,533] {dag.py:2923} INFO - Setting next_dagrun for example_external_task_marker_parent to None, run_after=None
[2022-06-22 11:41:49,760] {processor.py:161} INFO - Processing /home/oury/.local/lib/python3.10/site-packages/airflow/example_dags/example_external_task_marker_dag.py took 0.844 seconds
[2022-06-22 11:42:37,719] {processor.py:153} INFO - Started process (PID=11966) to work on /home/oury/.local/lib/python3.10/site-packages/airflow/example_dags/example_external_task_marker_dag.py
[2022-06-22 11:42:37,720] {processor.py:641} INFO - Processing file /home/oury/.local/lib/python3.10/site-packages/airflow/example_dags/example_external_task_marker_dag.py for tasks to queue
[2022-06-22 11:42:37,723] {logging_mixin.py:115} INFO - [2022-06-22 11:42:37,723] {dagbag.py:507} INFO - Filling up the DagBag from /home/oury/.local/lib/python3.10/site-packages/airflow/example_dags/example_external_task_marker_dag.py
[2022-06-22 11:42:37,731] {processor.py:651} INFO - DAG(s) dict_keys(['example_external_task_marker_parent', 'example_external_task_marker_child']) retrieved from /home/oury/.local/lib/python3.10/site-packages/airflow/example_dags/example_external_task_marker_dag.py
[2022-06-22 11:42:37,816] {logging_mixin.py:115} INFO - [2022-06-22 11:42:37,816] {dag.py:2379} INFO - Sync 2 DAGs
[2022-06-22 11:42:37,850] {logging_mixin.py:115} INFO - [2022-06-22 11:42:37,850] {dag.py:2923} INFO - Setting next_dagrun for example_external_task_marker_child to None, run_after=None
[2022-06-22 11:42:37,850] {logging_mixin.py:115} INFO - [2022-06-22 11:42:37,850] {dag.py:2923} INFO - Setting next_dagrun for example_external_task_marker_parent to None, run_after=None
[2022-06-22 11:42:37,869] {processor.py:161} INFO - Processing /home/oury/.local/lib/python3.10/site-packages/airflow/example_dags/example_external_task_marker_dag.py took 0.155 seconds
[2022-06-22 11:43:40,636] {processor.py:153} INFO - Started process (PID=12375) to work on /home/oury/.local/lib/python3.10/site-packages/airflow/example_dags/example_external_task_marker_dag.py
[2022-06-22 11:43:40,637] {processor.py:641} INFO - Processing file /home/oury/.local/lib/python3.10/site-packages/airflow/example_dags/example_external_task_marker_dag.py for tasks to queue
[2022-06-22 11:43:40,641] {logging_mixin.py:115} INFO - [2022-06-22 11:43:40,638] {dagbag.py:507} INFO - Filling up the DagBag from /home/oury/.local/lib/python3.10/site-packages/airflow/example_dags/example_external_task_marker_dag.py
[2022-06-22 11:43:40,672] {processor.py:651} INFO - DAG(s) dict_keys(['example_external_task_marker_parent', 'example_external_task_marker_child']) retrieved from /home/oury/.local/lib/python3.10/site-packages/airflow/example_dags/example_external_task_marker_dag.py
[2022-06-22 11:43:40,909] {logging_mixin.py:115} INFO - [2022-06-22 11:43:40,909] {dag.py:2379} INFO - Sync 2 DAGs
[2022-06-22 11:43:41,020] {logging_mixin.py:115} INFO - [2022-06-22 11:43:41,020] {dag.py:2923} INFO - Setting next_dagrun for example_external_task_marker_child to None, run_after=None
[2022-06-22 11:43:41,020] {logging_mixin.py:115} INFO - [2022-06-22 11:43:41,020] {dag.py:2923} INFO - Setting next_dagrun for example_external_task_marker_parent to None, run_after=None
[2022-06-22 11:43:41,237] {processor.py:161} INFO - Processing /home/oury/.local/lib/python3.10/site-packages/airflow/example_dags/example_external_task_marker_dag.py took 0.605 seconds
[2022-06-22 11:44:31,244] {processor.py:153} INFO - Started process (PID=12429) to work on /home/oury/.local/lib/python3.10/site-packages/airflow/example_dags/example_external_task_marker_dag.py
[2022-06-22 11:44:31,245] {processor.py:641} INFO - Processing file /home/oury/.local/lib/python3.10/site-packages/airflow/example_dags/example_external_task_marker_dag.py for tasks to queue
[2022-06-22 11:44:31,246] {logging_mixin.py:115} INFO - [2022-06-22 11:44:31,246] {dagbag.py:507} INFO - Filling up the DagBag from /home/oury/.local/lib/python3.10/site-packages/airflow/example_dags/example_external_task_marker_dag.py
[2022-06-22 11:44:31,251] {processor.py:651} INFO - DAG(s) dict_keys(['example_external_task_marker_parent', 'example_external_task_marker_child']) retrieved from /home/oury/.local/lib/python3.10/site-packages/airflow/example_dags/example_external_task_marker_dag.py
[2022-06-22 11:44:31,296] {logging_mixin.py:115} INFO - [2022-06-22 11:44:31,296] {dag.py:2379} INFO - Sync 2 DAGs
[2022-06-22 11:44:31,318] {logging_mixin.py:115} INFO - [2022-06-22 11:44:31,318] {dag.py:2923} INFO - Setting next_dagrun for example_external_task_marker_child to None, run_after=None
[2022-06-22 11:44:31,319] {logging_mixin.py:115} INFO - [2022-06-22 11:44:31,318] {dag.py:2923} INFO - Setting next_dagrun for example_external_task_marker_parent to None, run_after=None
[2022-06-22 11:44:31,488] {processor.py:161} INFO - Processing /home/oury/.local/lib/python3.10/site-packages/airflow/example_dags/example_external_task_marker_dag.py took 0.246 seconds
[2022-06-22 11:45:51,992] {processor.py:153} INFO - Started process (PID=12588) to work on /home/oury/.local/lib/python3.10/site-packages/airflow/example_dags/example_external_task_marker_dag.py
[2022-06-22 11:45:51,993] {processor.py:641} INFO - Processing file /home/oury/.local/lib/python3.10/site-packages/airflow/example_dags/example_external_task_marker_dag.py for tasks to queue
[2022-06-22 11:45:51,993] {logging_mixin.py:115} INFO - [2022-06-22 11:45:51,993] {dagbag.py:507} INFO - Filling up the DagBag from /home/oury/.local/lib/python3.10/site-packages/airflow/example_dags/example_external_task_marker_dag.py
[2022-06-22 11:45:51,998] {processor.py:651} INFO - DAG(s) dict_keys(['example_external_task_marker_parent', 'example_external_task_marker_child']) retrieved from /home/oury/.local/lib/python3.10/site-packages/airflow/example_dags/example_external_task_marker_dag.py
[2022-06-22 11:45:52,045] {logging_mixin.py:115} INFO - [2022-06-22 11:45:52,045] {dag.py:2379} INFO - Sync 2 DAGs
[2022-06-22 11:45:52,073] {logging_mixin.py:115} INFO - [2022-06-22 11:45:52,073] {dag.py:2923} INFO - Setting next_dagrun for example_external_task_marker_child to None, run_after=None
[2022-06-22 11:45:52,074] {logging_mixin.py:115} INFO - [2022-06-22 11:45:52,074] {dag.py:2923} INFO - Setting next_dagrun for example_external_task_marker_parent to None, run_after=None
[2022-06-22 11:45:52,088] {processor.py:161} INFO - Processing /home/oury/.local/lib/python3.10/site-packages/airflow/example_dags/example_external_task_marker_dag.py took 0.099 seconds
[2022-06-22 11:46:32,080] {processor.py:153} INFO - Started process (PID=12702) to work on /home/oury/.local/lib/python3.10/site-packages/airflow/example_dags/example_external_task_marker_dag.py
[2022-06-22 11:46:32,081] {processor.py:641} INFO - Processing file /home/oury/.local/lib/python3.10/site-packages/airflow/example_dags/example_external_task_marker_dag.py for tasks to queue
[2022-06-22 11:46:32,082] {logging_mixin.py:115} INFO - [2022-06-22 11:46:32,082] {dagbag.py:507} INFO - Filling up the DagBag from /home/oury/.local/lib/python3.10/site-packages/airflow/example_dags/example_external_task_marker_dag.py
[2022-06-22 11:46:32,090] {processor.py:651} INFO - DAG(s) dict_keys(['example_external_task_marker_parent', 'example_external_task_marker_child']) retrieved from /home/oury/.local/lib/python3.10/site-packages/airflow/example_dags/example_external_task_marker_dag.py
[2022-06-22 11:46:32,142] {logging_mixin.py:115} INFO - [2022-06-22 11:46:32,142] {dag.py:2379} INFO - Sync 2 DAGs
[2022-06-22 11:46:32,169] {logging_mixin.py:115} INFO - [2022-06-22 11:46:32,169] {dag.py:2923} INFO - Setting next_dagrun for example_external_task_marker_child to None, run_after=None
[2022-06-22 11:46:32,169] {logging_mixin.py:115} INFO - [2022-06-22 11:46:32,169] {dag.py:2923} INFO - Setting next_dagrun for example_external_task_marker_parent to None, run_after=None
[2022-06-22 11:46:32,183] {processor.py:161} INFO - Processing /home/oury/.local/lib/python3.10/site-packages/airflow/example_dags/example_external_task_marker_dag.py took 0.107 seconds
[2022-06-22 11:47:27,617] {processor.py:153} INFO - Started process (PID=12765) to work on /home/oury/.local/lib/python3.10/site-packages/airflow/example_dags/example_external_task_marker_dag.py
[2022-06-22 11:47:27,618] {processor.py:641} INFO - Processing file /home/oury/.local/lib/python3.10/site-packages/airflow/example_dags/example_external_task_marker_dag.py for tasks to queue
[2022-06-22 11:47:27,619] {logging_mixin.py:115} INFO - [2022-06-22 11:47:27,619] {dagbag.py:507} INFO - Filling up the DagBag from /home/oury/.local/lib/python3.10/site-packages/airflow/example_dags/example_external_task_marker_dag.py
[2022-06-22 11:47:27,623] {processor.py:651} INFO - DAG(s) dict_keys(['example_external_task_marker_parent', 'example_external_task_marker_child']) retrieved from /home/oury/.local/lib/python3.10/site-packages/airflow/example_dags/example_external_task_marker_dag.py
[2022-06-22 11:47:27,675] {logging_mixin.py:115} INFO - [2022-06-22 11:47:27,675] {dag.py:2379} INFO - Sync 2 DAGs
[2022-06-22 11:47:27,700] {logging_mixin.py:115} INFO - [2022-06-22 11:47:27,700] {dag.py:2923} INFO - Setting next_dagrun for example_external_task_marker_child to None, run_after=None
[2022-06-22 11:47:27,700] {logging_mixin.py:115} INFO - [2022-06-22 11:47:27,700] {dag.py:2923} INFO - Setting next_dagrun for example_external_task_marker_parent to None, run_after=None
[2022-06-22 11:47:27,714] {processor.py:161} INFO - Processing /home/oury/.local/lib/python3.10/site-packages/airflow/example_dags/example_external_task_marker_dag.py took 0.104 seconds
[2022-06-22 11:48:13,684] {processor.py:153} INFO - Started process (PID=12821) to work on /home/oury/.local/lib/python3.10/site-packages/airflow/example_dags/example_external_task_marker_dag.py
[2022-06-22 11:48:13,685] {processor.py:641} INFO - Processing file /home/oury/.local/lib/python3.10/site-packages/airflow/example_dags/example_external_task_marker_dag.py for tasks to queue
[2022-06-22 11:48:13,685] {logging_mixin.py:115} INFO - [2022-06-22 11:48:13,685] {dagbag.py:507} INFO - Filling up the DagBag from /home/oury/.local/lib/python3.10/site-packages/airflow/example_dags/example_external_task_marker_dag.py
[2022-06-22 11:48:13,690] {processor.py:651} INFO - DAG(s) dict_keys(['example_external_task_marker_parent', 'example_external_task_marker_child']) retrieved from /home/oury/.local/lib/python3.10/site-packages/airflow/example_dags/example_external_task_marker_dag.py
[2022-06-22 11:48:13,759] {logging_mixin.py:115} INFO - [2022-06-22 11:48:13,758] {dag.py:2379} INFO - Sync 2 DAGs
[2022-06-22 11:48:13,796] {logging_mixin.py:115} INFO - [2022-06-22 11:48:13,796] {dag.py:2923} INFO - Setting next_dagrun for example_external_task_marker_child to None, run_after=None
[2022-06-22 11:48:13,797] {logging_mixin.py:115} INFO - [2022-06-22 11:48:13,797] {dag.py:2923} INFO - Setting next_dagrun for example_external_task_marker_parent to None, run_after=None
[2022-06-22 11:48:13,844] {processor.py:161} INFO - Processing /home/oury/.local/lib/python3.10/site-packages/airflow/example_dags/example_external_task_marker_dag.py took 0.165 seconds
[2022-06-22 11:48:56,009] {processor.py:153} INFO - Started process (PID=12884) to work on /home/oury/.local/lib/python3.10/site-packages/airflow/example_dags/example_external_task_marker_dag.py
[2022-06-22 11:48:56,010] {processor.py:641} INFO - Processing file /home/oury/.local/lib/python3.10/site-packages/airflow/example_dags/example_external_task_marker_dag.py for tasks to queue
[2022-06-22 11:48:56,010] {logging_mixin.py:115} INFO - [2022-06-22 11:48:56,010] {dagbag.py:507} INFO - Filling up the DagBag from /home/oury/.local/lib/python3.10/site-packages/airflow/example_dags/example_external_task_marker_dag.py
[2022-06-22 11:48:56,016] {processor.py:651} INFO - DAG(s) dict_keys(['example_external_task_marker_parent', 'example_external_task_marker_child']) retrieved from /home/oury/.local/lib/python3.10/site-packages/airflow/example_dags/example_external_task_marker_dag.py
[2022-06-22 11:48:56,058] {logging_mixin.py:115} INFO - [2022-06-22 11:48:56,058] {dag.py:2379} INFO - Sync 2 DAGs
[2022-06-22 11:48:56,081] {logging_mixin.py:115} INFO - [2022-06-22 11:48:56,081] {dag.py:2923} INFO - Setting next_dagrun for example_external_task_marker_child to None, run_after=None
[2022-06-22 11:48:56,082] {logging_mixin.py:115} INFO - [2022-06-22 11:48:56,082] {dag.py:2923} INFO - Setting next_dagrun for example_external_task_marker_parent to None, run_after=None
[2022-06-22 11:48:56,095] {processor.py:161} INFO - Processing /home/oury/.local/lib/python3.10/site-packages/airflow/example_dags/example_external_task_marker_dag.py took 0.089 seconds
[2022-06-22 11:49:35,828] {processor.py:153} INFO - Started process (PID=12936) to work on /home/oury/.local/lib/python3.10/site-packages/airflow/example_dags/example_external_task_marker_dag.py
[2022-06-22 11:49:35,830] {processor.py:641} INFO - Processing file /home/oury/.local/lib/python3.10/site-packages/airflow/example_dags/example_external_task_marker_dag.py for tasks to queue
[2022-06-22 11:49:35,832] {logging_mixin.py:115} INFO - [2022-06-22 11:49:35,831] {dagbag.py:507} INFO - Filling up the DagBag from /home/oury/.local/lib/python3.10/site-packages/airflow/example_dags/example_external_task_marker_dag.py
[2022-06-22 11:49:35,837] {processor.py:651} INFO - DAG(s) dict_keys(['example_external_task_marker_parent', 'example_external_task_marker_child']) retrieved from /home/oury/.local/lib/python3.10/site-packages/airflow/example_dags/example_external_task_marker_dag.py
[2022-06-22 11:49:35,902] {logging_mixin.py:115} INFO - [2022-06-22 11:49:35,902] {dag.py:2379} INFO - Sync 2 DAGs
[2022-06-22 11:49:35,928] {logging_mixin.py:115} INFO - [2022-06-22 11:49:35,927] {dag.py:2923} INFO - Setting next_dagrun for example_external_task_marker_child to None, run_after=None
[2022-06-22 11:49:35,928] {logging_mixin.py:115} INFO - [2022-06-22 11:49:35,928] {dag.py:2923} INFO - Setting next_dagrun for example_external_task_marker_parent to None, run_after=None
[2022-06-22 11:49:35,947] {processor.py:161} INFO - Processing /home/oury/.local/lib/python3.10/site-packages/airflow/example_dags/example_external_task_marker_dag.py took 0.132 seconds
[2022-06-22 11:50:20,514] {processor.py:153} INFO - Started process (PID=13070) to work on /home/oury/.local/lib/python3.10/site-packages/airflow/example_dags/example_external_task_marker_dag.py
[2022-06-22 11:50:20,514] {processor.py:641} INFO - Processing file /home/oury/.local/lib/python3.10/site-packages/airflow/example_dags/example_external_task_marker_dag.py for tasks to queue
[2022-06-22 11:50:20,515] {logging_mixin.py:115} INFO - [2022-06-22 11:50:20,515] {dagbag.py:507} INFO - Filling up the DagBag from /home/oury/.local/lib/python3.10/site-packages/airflow/example_dags/example_external_task_marker_dag.py
[2022-06-22 11:50:20,526] {processor.py:651} INFO - DAG(s) dict_keys(['example_external_task_marker_parent', 'example_external_task_marker_child']) retrieved from /home/oury/.local/lib/python3.10/site-packages/airflow/example_dags/example_external_task_marker_dag.py
[2022-06-22 11:50:20,605] {logging_mixin.py:115} INFO - [2022-06-22 11:50:20,605] {dag.py:2379} INFO - Sync 2 DAGs
[2022-06-22 11:50:20,638] {logging_mixin.py:115} INFO - [2022-06-22 11:50:20,638] {dag.py:2923} INFO - Setting next_dagrun for example_external_task_marker_child to None, run_after=None
[2022-06-22 11:50:20,639] {logging_mixin.py:115} INFO - [2022-06-22 11:50:20,638] {dag.py:2923} INFO - Setting next_dagrun for example_external_task_marker_parent to None, run_after=None
[2022-06-22 11:50:20,683] {processor.py:161} INFO - Processing /home/oury/.local/lib/python3.10/site-packages/airflow/example_dags/example_external_task_marker_dag.py took 0.177 seconds
[2022-06-22 11:52:27,398] {processor.py:153} INFO - Started process (PID=13520) to work on /home/oury/.local/lib/python3.10/site-packages/airflow/example_dags/example_external_task_marker_dag.py
[2022-06-22 11:52:27,399] {processor.py:641} INFO - Processing file /home/oury/.local/lib/python3.10/site-packages/airflow/example_dags/example_external_task_marker_dag.py for tasks to queue
[2022-06-22 11:52:27,400] {logging_mixin.py:115} INFO - [2022-06-22 11:52:27,399] {dagbag.py:507} INFO - Filling up the DagBag from /home/oury/.local/lib/python3.10/site-packages/airflow/example_dags/example_external_task_marker_dag.py
[2022-06-22 11:52:27,406] {processor.py:651} INFO - DAG(s) dict_keys(['example_external_task_marker_parent', 'example_external_task_marker_child']) retrieved from /home/oury/.local/lib/python3.10/site-packages/airflow/example_dags/example_external_task_marker_dag.py
[2022-06-22 11:52:28,132] {logging_mixin.py:115} INFO - [2022-06-22 11:52:28,132] {dag.py:2379} INFO - Sync 2 DAGs
[2022-06-22 11:52:28,167] {logging_mixin.py:115} INFO - [2022-06-22 11:52:28,166] {dag.py:2923} INFO - Setting next_dagrun for example_external_task_marker_child to None, run_after=None
[2022-06-22 11:52:28,167] {logging_mixin.py:115} INFO - [2022-06-22 11:52:28,167] {dag.py:2923} INFO - Setting next_dagrun for example_external_task_marker_parent to None, run_after=None
[2022-06-22 11:52:28,375] {processor.py:161} INFO - Processing /home/oury/.local/lib/python3.10/site-packages/airflow/example_dags/example_external_task_marker_dag.py took 0.980 seconds
[2022-06-22 11:53:25,786] {processor.py:153} INFO - Started process (PID=13581) to work on /home/oury/.local/lib/python3.10/site-packages/airflow/example_dags/example_external_task_marker_dag.py
[2022-06-22 11:53:25,787] {processor.py:641} INFO - Processing file /home/oury/.local/lib/python3.10/site-packages/airflow/example_dags/example_external_task_marker_dag.py for tasks to queue
[2022-06-22 11:53:25,788] {logging_mixin.py:115} INFO - [2022-06-22 11:53:25,788] {dagbag.py:507} INFO - Filling up the DagBag from /home/oury/.local/lib/python3.10/site-packages/airflow/example_dags/example_external_task_marker_dag.py
[2022-06-22 11:53:25,797] {processor.py:651} INFO - DAG(s) dict_keys(['example_external_task_marker_parent', 'example_external_task_marker_child']) retrieved from /home/oury/.local/lib/python3.10/site-packages/airflow/example_dags/example_external_task_marker_dag.py
[2022-06-22 11:53:25,881] {logging_mixin.py:115} INFO - [2022-06-22 11:53:25,880] {dag.py:2379} INFO - Sync 2 DAGs
[2022-06-22 11:53:25,910] {logging_mixin.py:115} INFO - [2022-06-22 11:53:25,909] {dag.py:2923} INFO - Setting next_dagrun for example_external_task_marker_child to None, run_after=None
[2022-06-22 11:53:25,910] {logging_mixin.py:115} INFO - [2022-06-22 11:53:25,910] {dag.py:2923} INFO - Setting next_dagrun for example_external_task_marker_parent to None, run_after=None
[2022-06-22 11:53:25,929] {processor.py:161} INFO - Processing /home/oury/.local/lib/python3.10/site-packages/airflow/example_dags/example_external_task_marker_dag.py took 0.149 seconds
[2022-06-22 11:54:14,344] {processor.py:153} INFO - Started process (PID=13628) to work on /home/oury/.local/lib/python3.10/site-packages/airflow/example_dags/example_external_task_marker_dag.py
[2022-06-22 11:54:14,346] {processor.py:641} INFO - Processing file /home/oury/.local/lib/python3.10/site-packages/airflow/example_dags/example_external_task_marker_dag.py for tasks to queue
[2022-06-22 11:54:14,346] {logging_mixin.py:115} INFO - [2022-06-22 11:54:14,346] {dagbag.py:507} INFO - Filling up the DagBag from /home/oury/.local/lib/python3.10/site-packages/airflow/example_dags/example_external_task_marker_dag.py
[2022-06-22 11:54:14,353] {processor.py:651} INFO - DAG(s) dict_keys(['example_external_task_marker_parent', 'example_external_task_marker_child']) retrieved from /home/oury/.local/lib/python3.10/site-packages/airflow/example_dags/example_external_task_marker_dag.py
[2022-06-22 11:54:14,425] {logging_mixin.py:115} INFO - [2022-06-22 11:54:14,425] {dag.py:2379} INFO - Sync 2 DAGs
[2022-06-22 11:54:14,450] {logging_mixin.py:115} INFO - [2022-06-22 11:54:14,449] {dag.py:2923} INFO - Setting next_dagrun for example_external_task_marker_child to None, run_after=None
[2022-06-22 11:54:14,450] {logging_mixin.py:115} INFO - [2022-06-22 11:54:14,450] {dag.py:2923} INFO - Setting next_dagrun for example_external_task_marker_parent to None, run_after=None
[2022-06-22 11:54:14,465] {processor.py:161} INFO - Processing /home/oury/.local/lib/python3.10/site-packages/airflow/example_dags/example_external_task_marker_dag.py took 0.125 seconds
[2022-06-22 11:54:57,368] {processor.py:153} INFO - Started process (PID=13795) to work on /home/oury/.local/lib/python3.10/site-packages/airflow/example_dags/example_external_task_marker_dag.py
[2022-06-22 11:54:57,369] {processor.py:641} INFO - Processing file /home/oury/.local/lib/python3.10/site-packages/airflow/example_dags/example_external_task_marker_dag.py for tasks to queue
[2022-06-22 11:54:57,370] {logging_mixin.py:115} INFO - [2022-06-22 11:54:57,370] {dagbag.py:507} INFO - Filling up the DagBag from /home/oury/.local/lib/python3.10/site-packages/airflow/example_dags/example_external_task_marker_dag.py
[2022-06-22 11:54:57,375] {processor.py:651} INFO - DAG(s) dict_keys(['example_external_task_marker_parent', 'example_external_task_marker_child']) retrieved from /home/oury/.local/lib/python3.10/site-packages/airflow/example_dags/example_external_task_marker_dag.py
[2022-06-22 11:54:57,423] {logging_mixin.py:115} INFO - [2022-06-22 11:54:57,423] {dag.py:2379} INFO - Sync 2 DAGs
[2022-06-22 11:54:57,445] {logging_mixin.py:115} INFO - [2022-06-22 11:54:57,444] {dag.py:2923} INFO - Setting next_dagrun for example_external_task_marker_child to None, run_after=None
[2022-06-22 11:54:57,445] {logging_mixin.py:115} INFO - [2022-06-22 11:54:57,445] {dag.py:2923} INFO - Setting next_dagrun for example_external_task_marker_parent to None, run_after=None
[2022-06-22 11:54:57,463] {processor.py:161} INFO - Processing /home/oury/.local/lib/python3.10/site-packages/airflow/example_dags/example_external_task_marker_dag.py took 0.099 seconds
[2022-06-22 11:55:40,289] {processor.py:153} INFO - Started process (PID=13843) to work on /home/oury/.local/lib/python3.10/site-packages/airflow/example_dags/example_external_task_marker_dag.py
[2022-06-22 11:55:40,290] {processor.py:641} INFO - Processing file /home/oury/.local/lib/python3.10/site-packages/airflow/example_dags/example_external_task_marker_dag.py for tasks to queue
[2022-06-22 11:55:40,290] {logging_mixin.py:115} INFO - [2022-06-22 11:55:40,290] {dagbag.py:507} INFO - Filling up the DagBag from /home/oury/.local/lib/python3.10/site-packages/airflow/example_dags/example_external_task_marker_dag.py
[2022-06-22 11:55:40,296] {processor.py:651} INFO - DAG(s) dict_keys(['example_external_task_marker_parent', 'example_external_task_marker_child']) retrieved from /home/oury/.local/lib/python3.10/site-packages/airflow/example_dags/example_external_task_marker_dag.py
[2022-06-22 11:55:40,370] {logging_mixin.py:115} INFO - [2022-06-22 11:55:40,369] {dag.py:2379} INFO - Sync 2 DAGs
[2022-06-22 11:55:40,407] {logging_mixin.py:115} INFO - [2022-06-22 11:55:40,407] {dag.py:2923} INFO - Setting next_dagrun for example_external_task_marker_child to None, run_after=None
[2022-06-22 11:55:40,407] {logging_mixin.py:115} INFO - [2022-06-22 11:55:40,407] {dag.py:2923} INFO - Setting next_dagrun for example_external_task_marker_parent to None, run_after=None
[2022-06-22 11:55:40,426] {processor.py:161} INFO - Processing /home/oury/.local/lib/python3.10/site-packages/airflow/example_dags/example_external_task_marker_dag.py took 0.142 seconds
[2022-06-22 11:56:22,343] {processor.py:153} INFO - Started process (PID=13882) to work on /home/oury/.local/lib/python3.10/site-packages/airflow/example_dags/example_external_task_marker_dag.py
[2022-06-22 11:56:22,344] {processor.py:641} INFO - Processing file /home/oury/.local/lib/python3.10/site-packages/airflow/example_dags/example_external_task_marker_dag.py for tasks to queue
[2022-06-22 11:56:22,345] {logging_mixin.py:115} INFO - [2022-06-22 11:56:22,345] {dagbag.py:507} INFO - Filling up the DagBag from /home/oury/.local/lib/python3.10/site-packages/airflow/example_dags/example_external_task_marker_dag.py
[2022-06-22 11:56:22,357] {processor.py:651} INFO - DAG(s) dict_keys(['example_external_task_marker_parent', 'example_external_task_marker_child']) retrieved from /home/oury/.local/lib/python3.10/site-packages/airflow/example_dags/example_external_task_marker_dag.py
[2022-06-22 11:56:22,429] {logging_mixin.py:115} INFO - [2022-06-22 11:56:22,429] {dag.py:2379} INFO - Sync 2 DAGs
[2022-06-22 11:56:22,466] {logging_mixin.py:115} INFO - [2022-06-22 11:56:22,466] {dag.py:2923} INFO - Setting next_dagrun for example_external_task_marker_child to None, run_after=None
[2022-06-22 11:56:22,467] {logging_mixin.py:115} INFO - [2022-06-22 11:56:22,467] {dag.py:2923} INFO - Setting next_dagrun for example_external_task_marker_parent to None, run_after=None
[2022-06-22 11:56:22,489] {processor.py:161} INFO - Processing /home/oury/.local/lib/python3.10/site-packages/airflow/example_dags/example_external_task_marker_dag.py took 0.150 seconds
[2022-06-22 11:57:30,957] {processor.py:153} INFO - Started process (PID=14002) to work on /home/oury/.local/lib/python3.10/site-packages/airflow/example_dags/example_external_task_marker_dag.py
[2022-06-22 11:57:30,958] {processor.py:641} INFO - Processing file /home/oury/.local/lib/python3.10/site-packages/airflow/example_dags/example_external_task_marker_dag.py for tasks to queue
[2022-06-22 11:57:30,959] {logging_mixin.py:115} INFO - [2022-06-22 11:57:30,959] {dagbag.py:507} INFO - Filling up the DagBag from /home/oury/.local/lib/python3.10/site-packages/airflow/example_dags/example_external_task_marker_dag.py
[2022-06-22 11:57:30,969] {processor.py:651} INFO - DAG(s) dict_keys(['example_external_task_marker_parent', 'example_external_task_marker_child']) retrieved from /home/oury/.local/lib/python3.10/site-packages/airflow/example_dags/example_external_task_marker_dag.py
[2022-06-22 11:57:31,036] {logging_mixin.py:115} INFO - [2022-06-22 11:57:31,036] {dag.py:2379} INFO - Sync 2 DAGs
[2022-06-22 11:57:31,063] {logging_mixin.py:115} INFO - [2022-06-22 11:57:31,063] {dag.py:2923} INFO - Setting next_dagrun for example_external_task_marker_child to None, run_after=None
[2022-06-22 11:57:31,064] {logging_mixin.py:115} INFO - [2022-06-22 11:57:31,064] {dag.py:2923} INFO - Setting next_dagrun for example_external_task_marker_parent to None, run_after=None
[2022-06-22 11:57:31,094] {processor.py:161} INFO - Processing /home/oury/.local/lib/python3.10/site-packages/airflow/example_dags/example_external_task_marker_dag.py took 0.141 seconds
[2022-06-22 11:58:14,533] {processor.py:153} INFO - Started process (PID=14042) to work on /home/oury/.local/lib/python3.10/site-packages/airflow/example_dags/example_external_task_marker_dag.py
[2022-06-22 11:58:14,533] {processor.py:641} INFO - Processing file /home/oury/.local/lib/python3.10/site-packages/airflow/example_dags/example_external_task_marker_dag.py for tasks to queue
[2022-06-22 11:58:14,534] {logging_mixin.py:115} INFO - [2022-06-22 11:58:14,534] {dagbag.py:507} INFO - Filling up the DagBag from /home/oury/.local/lib/python3.10/site-packages/airflow/example_dags/example_external_task_marker_dag.py
[2022-06-22 11:58:14,543] {processor.py:651} INFO - DAG(s) dict_keys(['example_external_task_marker_parent', 'example_external_task_marker_child']) retrieved from /home/oury/.local/lib/python3.10/site-packages/airflow/example_dags/example_external_task_marker_dag.py
[2022-06-22 11:58:14,648] {logging_mixin.py:115} INFO - [2022-06-22 11:58:14,648] {dag.py:2379} INFO - Sync 2 DAGs
[2022-06-22 11:58:14,690] {logging_mixin.py:115} INFO - [2022-06-22 11:58:14,690] {dag.py:2923} INFO - Setting next_dagrun for example_external_task_marker_child to None, run_after=None
[2022-06-22 11:58:14,690] {logging_mixin.py:115} INFO - [2022-06-22 11:58:14,690] {dag.py:2923} INFO - Setting next_dagrun for example_external_task_marker_parent to None, run_after=None
[2022-06-22 11:58:14,715] {processor.py:161} INFO - Processing /home/oury/.local/lib/python3.10/site-packages/airflow/example_dags/example_external_task_marker_dag.py took 0.186 seconds
[2022-06-22 11:58:55,977] {processor.py:153} INFO - Started process (PID=14083) to work on /home/oury/.local/lib/python3.10/site-packages/airflow/example_dags/example_external_task_marker_dag.py
[2022-06-22 11:58:55,978] {processor.py:641} INFO - Processing file /home/oury/.local/lib/python3.10/site-packages/airflow/example_dags/example_external_task_marker_dag.py for tasks to queue
[2022-06-22 11:58:55,979] {logging_mixin.py:115} INFO - [2022-06-22 11:58:55,979] {dagbag.py:507} INFO - Filling up the DagBag from /home/oury/.local/lib/python3.10/site-packages/airflow/example_dags/example_external_task_marker_dag.py
[2022-06-22 11:58:55,988] {processor.py:651} INFO - DAG(s) dict_keys(['example_external_task_marker_parent', 'example_external_task_marker_child']) retrieved from /home/oury/.local/lib/python3.10/site-packages/airflow/example_dags/example_external_task_marker_dag.py
[2022-06-22 11:58:56,076] {logging_mixin.py:115} INFO - [2022-06-22 11:58:56,076] {dag.py:2379} INFO - Sync 2 DAGs
[2022-06-22 11:58:56,111] {logging_mixin.py:115} INFO - [2022-06-22 11:58:56,111] {dag.py:2923} INFO - Setting next_dagrun for example_external_task_marker_child to None, run_after=None
[2022-06-22 11:58:56,112] {logging_mixin.py:115} INFO - [2022-06-22 11:58:56,112] {dag.py:2923} INFO - Setting next_dagrun for example_external_task_marker_parent to None, run_after=None
[2022-06-22 11:58:56,135] {processor.py:161} INFO - Processing /home/oury/.local/lib/python3.10/site-packages/airflow/example_dags/example_external_task_marker_dag.py took 0.163 seconds
[2022-06-22 11:59:46,297] {processor.py:153} INFO - Started process (PID=14136) to work on /home/oury/.local/lib/python3.10/site-packages/airflow/example_dags/example_external_task_marker_dag.py
[2022-06-22 11:59:46,298] {processor.py:641} INFO - Processing file /home/oury/.local/lib/python3.10/site-packages/airflow/example_dags/example_external_task_marker_dag.py for tasks to queue
[2022-06-22 11:59:46,299] {logging_mixin.py:115} INFO - [2022-06-22 11:59:46,299] {dagbag.py:507} INFO - Filling up the DagBag from /home/oury/.local/lib/python3.10/site-packages/airflow/example_dags/example_external_task_marker_dag.py
[2022-06-22 11:59:46,307] {processor.py:651} INFO - DAG(s) dict_keys(['example_external_task_marker_parent', 'example_external_task_marker_child']) retrieved from /home/oury/.local/lib/python3.10/site-packages/airflow/example_dags/example_external_task_marker_dag.py
[2022-06-22 11:59:46,386] {logging_mixin.py:115} INFO - [2022-06-22 11:59:46,385] {dag.py:2379} INFO - Sync 2 DAGs
[2022-06-22 11:59:46,420] {logging_mixin.py:115} INFO - [2022-06-22 11:59:46,420] {dag.py:2923} INFO - Setting next_dagrun for example_external_task_marker_child to None, run_after=None
[2022-06-22 11:59:46,420] {logging_mixin.py:115} INFO - [2022-06-22 11:59:46,420] {dag.py:2923} INFO - Setting next_dagrun for example_external_task_marker_parent to None, run_after=None
[2022-06-22 11:59:46,465] {processor.py:161} INFO - Processing /home/oury/.local/lib/python3.10/site-packages/airflow/example_dags/example_external_task_marker_dag.py took 0.179 seconds
[2022-06-22 12:00:44,232] {processor.py:153} INFO - Started process (PID=14182) to work on /home/oury/.local/lib/python3.10/site-packages/airflow/example_dags/example_external_task_marker_dag.py
[2022-06-22 12:00:44,233] {processor.py:641} INFO - Processing file /home/oury/.local/lib/python3.10/site-packages/airflow/example_dags/example_external_task_marker_dag.py for tasks to queue
[2022-06-22 12:00:44,233] {logging_mixin.py:115} INFO - [2022-06-22 12:00:44,233] {dagbag.py:507} INFO - Filling up the DagBag from /home/oury/.local/lib/python3.10/site-packages/airflow/example_dags/example_external_task_marker_dag.py
[2022-06-22 12:00:44,237] {processor.py:651} INFO - DAG(s) dict_keys(['example_external_task_marker_parent', 'example_external_task_marker_child']) retrieved from /home/oury/.local/lib/python3.10/site-packages/airflow/example_dags/example_external_task_marker_dag.py
[2022-06-22 12:00:44,329] {logging_mixin.py:115} INFO - [2022-06-22 12:00:44,329] {dag.py:2379} INFO - Sync 2 DAGs
[2022-06-22 12:00:44,368] {logging_mixin.py:115} INFO - [2022-06-22 12:00:44,368] {dag.py:2923} INFO - Setting next_dagrun for example_external_task_marker_child to None, run_after=None
[2022-06-22 12:00:44,368] {logging_mixin.py:115} INFO - [2022-06-22 12:00:44,368] {dag.py:2923} INFO - Setting next_dagrun for example_external_task_marker_parent to None, run_after=None
[2022-06-22 12:00:44,390] {processor.py:161} INFO - Processing /home/oury/.local/lib/python3.10/site-packages/airflow/example_dags/example_external_task_marker_dag.py took 0.161 seconds
[2022-06-22 12:01:27,395] {processor.py:153} INFO - Started process (PID=14220) to work on /home/oury/.local/lib/python3.10/site-packages/airflow/example_dags/example_external_task_marker_dag.py
[2022-06-22 12:01:27,396] {processor.py:641} INFO - Processing file /home/oury/.local/lib/python3.10/site-packages/airflow/example_dags/example_external_task_marker_dag.py for tasks to queue
[2022-06-22 12:01:27,397] {logging_mixin.py:115} INFO - [2022-06-22 12:01:27,397] {dagbag.py:507} INFO - Filling up the DagBag from /home/oury/.local/lib/python3.10/site-packages/airflow/example_dags/example_external_task_marker_dag.py
[2022-06-22 12:01:27,405] {processor.py:651} INFO - DAG(s) dict_keys(['example_external_task_marker_parent', 'example_external_task_marker_child']) retrieved from /home/oury/.local/lib/python3.10/site-packages/airflow/example_dags/example_external_task_marker_dag.py
[2022-06-22 12:01:27,465] {logging_mixin.py:115} INFO - [2022-06-22 12:01:27,465] {dag.py:2379} INFO - Sync 2 DAGs
[2022-06-22 12:01:27,491] {logging_mixin.py:115} INFO - [2022-06-22 12:01:27,491] {dag.py:2923} INFO - Setting next_dagrun for example_external_task_marker_child to None, run_after=None
[2022-06-22 12:01:27,491] {logging_mixin.py:115} INFO - [2022-06-22 12:01:27,491] {dag.py:2923} INFO - Setting next_dagrun for example_external_task_marker_parent to None, run_after=None
[2022-06-22 12:01:27,512] {processor.py:161} INFO - Processing /home/oury/.local/lib/python3.10/site-packages/airflow/example_dags/example_external_task_marker_dag.py took 0.120 seconds
[2022-06-22 12:02:07,773] {processor.py:153} INFO - Started process (PID=14257) to work on /home/oury/.local/lib/python3.10/site-packages/airflow/example_dags/example_external_task_marker_dag.py
[2022-06-22 12:02:07,774] {processor.py:641} INFO - Processing file /home/oury/.local/lib/python3.10/site-packages/airflow/example_dags/example_external_task_marker_dag.py for tasks to queue
[2022-06-22 12:02:07,775] {logging_mixin.py:115} INFO - [2022-06-22 12:02:07,775] {dagbag.py:507} INFO - Filling up the DagBag from /home/oury/.local/lib/python3.10/site-packages/airflow/example_dags/example_external_task_marker_dag.py
[2022-06-22 12:02:07,783] {processor.py:651} INFO - DAG(s) dict_keys(['example_external_task_marker_parent', 'example_external_task_marker_child']) retrieved from /home/oury/.local/lib/python3.10/site-packages/airflow/example_dags/example_external_task_marker_dag.py
[2022-06-22 12:02:07,866] {logging_mixin.py:115} INFO - [2022-06-22 12:02:07,866] {dag.py:2379} INFO - Sync 2 DAGs
[2022-06-22 12:02:07,907] {logging_mixin.py:115} INFO - [2022-06-22 12:02:07,907] {dag.py:2923} INFO - Setting next_dagrun for example_external_task_marker_child to None, run_after=None
[2022-06-22 12:02:07,907] {logging_mixin.py:115} INFO - [2022-06-22 12:02:07,907] {dag.py:2923} INFO - Setting next_dagrun for example_external_task_marker_parent to None, run_after=None
[2022-06-22 12:02:07,935] {processor.py:161} INFO - Processing /home/oury/.local/lib/python3.10/site-packages/airflow/example_dags/example_external_task_marker_dag.py took 0.167 seconds
[2022-06-22 12:02:48,772] {processor.py:153} INFO - Started process (PID=14292) to work on /home/oury/.local/lib/python3.10/site-packages/airflow/example_dags/example_external_task_marker_dag.py
[2022-06-22 12:02:48,773] {processor.py:641} INFO - Processing file /home/oury/.local/lib/python3.10/site-packages/airflow/example_dags/example_external_task_marker_dag.py for tasks to queue
[2022-06-22 12:02:48,773] {logging_mixin.py:115} INFO - [2022-06-22 12:02:48,773] {dagbag.py:507} INFO - Filling up the DagBag from /home/oury/.local/lib/python3.10/site-packages/airflow/example_dags/example_external_task_marker_dag.py
[2022-06-22 12:02:48,783] {processor.py:651} INFO - DAG(s) dict_keys(['example_external_task_marker_parent', 'example_external_task_marker_child']) retrieved from /home/oury/.local/lib/python3.10/site-packages/airflow/example_dags/example_external_task_marker_dag.py
[2022-06-22 12:02:48,854] {logging_mixin.py:115} INFO - [2022-06-22 12:02:48,854] {dag.py:2379} INFO - Sync 2 DAGs
[2022-06-22 12:02:48,886] {logging_mixin.py:115} INFO - [2022-06-22 12:02:48,885] {dag.py:2923} INFO - Setting next_dagrun for example_external_task_marker_child to None, run_after=None
[2022-06-22 12:02:48,886] {logging_mixin.py:115} INFO - [2022-06-22 12:02:48,886] {dag.py:2923} INFO - Setting next_dagrun for example_external_task_marker_parent to None, run_after=None
[2022-06-22 12:02:48,900] {processor.py:161} INFO - Processing /home/oury/.local/lib/python3.10/site-packages/airflow/example_dags/example_external_task_marker_dag.py took 0.131 seconds
[2022-06-22 12:03:35,179] {processor.py:153} INFO - Started process (PID=14328) to work on /home/oury/.local/lib/python3.10/site-packages/airflow/example_dags/example_external_task_marker_dag.py
[2022-06-22 12:03:35,180] {processor.py:641} INFO - Processing file /home/oury/.local/lib/python3.10/site-packages/airflow/example_dags/example_external_task_marker_dag.py for tasks to queue
[2022-06-22 12:03:35,181] {logging_mixin.py:115} INFO - [2022-06-22 12:03:35,181] {dagbag.py:507} INFO - Filling up the DagBag from /home/oury/.local/lib/python3.10/site-packages/airflow/example_dags/example_external_task_marker_dag.py
[2022-06-22 12:03:35,186] {processor.py:651} INFO - DAG(s) dict_keys(['example_external_task_marker_parent', 'example_external_task_marker_child']) retrieved from /home/oury/.local/lib/python3.10/site-packages/airflow/example_dags/example_external_task_marker_dag.py
[2022-06-22 12:03:35,242] {logging_mixin.py:115} INFO - [2022-06-22 12:03:35,242] {dag.py:2379} INFO - Sync 2 DAGs
[2022-06-22 12:03:35,283] {logging_mixin.py:115} INFO - [2022-06-22 12:03:35,282] {dag.py:2923} INFO - Setting next_dagrun for example_external_task_marker_child to None, run_after=None
[2022-06-22 12:03:35,283] {logging_mixin.py:115} INFO - [2022-06-22 12:03:35,283] {dag.py:2923} INFO - Setting next_dagrun for example_external_task_marker_parent to None, run_after=None
[2022-06-22 12:03:35,322] {processor.py:161} INFO - Processing /home/oury/.local/lib/python3.10/site-packages/airflow/example_dags/example_external_task_marker_dag.py took 0.147 seconds
[2022-06-22 12:04:21,183] {processor.py:153} INFO - Started process (PID=14371) to work on /home/oury/.local/lib/python3.10/site-packages/airflow/example_dags/example_external_task_marker_dag.py
[2022-06-22 12:04:21,184] {processor.py:641} INFO - Processing file /home/oury/.local/lib/python3.10/site-packages/airflow/example_dags/example_external_task_marker_dag.py for tasks to queue
[2022-06-22 12:04:21,185] {logging_mixin.py:115} INFO - [2022-06-22 12:04:21,185] {dagbag.py:507} INFO - Filling up the DagBag from /home/oury/.local/lib/python3.10/site-packages/airflow/example_dags/example_external_task_marker_dag.py
[2022-06-22 12:04:21,195] {processor.py:651} INFO - DAG(s) dict_keys(['example_external_task_marker_parent', 'example_external_task_marker_child']) retrieved from /home/oury/.local/lib/python3.10/site-packages/airflow/example_dags/example_external_task_marker_dag.py
[2022-06-22 12:04:21,277] {logging_mixin.py:115} INFO - [2022-06-22 12:04:21,277] {dag.py:2379} INFO - Sync 2 DAGs
[2022-06-22 12:04:21,308] {logging_mixin.py:115} INFO - [2022-06-22 12:04:21,308] {dag.py:2923} INFO - Setting next_dagrun for example_external_task_marker_child to None, run_after=None
[2022-06-22 12:04:21,308] {logging_mixin.py:115} INFO - [2022-06-22 12:04:21,308] {dag.py:2923} INFO - Setting next_dagrun for example_external_task_marker_parent to None, run_after=None
[2022-06-22 12:04:21,328] {processor.py:161} INFO - Processing /home/oury/.local/lib/python3.10/site-packages/airflow/example_dags/example_external_task_marker_dag.py took 0.149 seconds
[2022-06-22 12:05:10,253] {processor.py:153} INFO - Started process (PID=14413) to work on /home/oury/.local/lib/python3.10/site-packages/airflow/example_dags/example_external_task_marker_dag.py
[2022-06-22 12:05:10,263] {processor.py:641} INFO - Processing file /home/oury/.local/lib/python3.10/site-packages/airflow/example_dags/example_external_task_marker_dag.py for tasks to queue
[2022-06-22 12:05:10,265] {logging_mixin.py:115} INFO - [2022-06-22 12:05:10,265] {dagbag.py:507} INFO - Filling up the DagBag from /home/oury/.local/lib/python3.10/site-packages/airflow/example_dags/example_external_task_marker_dag.py
[2022-06-22 12:05:10,273] {processor.py:651} INFO - DAG(s) dict_keys(['example_external_task_marker_parent', 'example_external_task_marker_child']) retrieved from /home/oury/.local/lib/python3.10/site-packages/airflow/example_dags/example_external_task_marker_dag.py
[2022-06-22 12:05:10,358] {logging_mixin.py:115} INFO - [2022-06-22 12:05:10,358] {dag.py:2379} INFO - Sync 2 DAGs
[2022-06-22 12:05:10,420] {logging_mixin.py:115} INFO - [2022-06-22 12:05:10,420] {dag.py:2923} INFO - Setting next_dagrun for example_external_task_marker_child to None, run_after=None
[2022-06-22 12:05:10,420] {logging_mixin.py:115} INFO - [2022-06-22 12:05:10,420] {dag.py:2923} INFO - Setting next_dagrun for example_external_task_marker_parent to None, run_after=None
[2022-06-22 12:05:10,611] {processor.py:161} INFO - Processing /home/oury/.local/lib/python3.10/site-packages/airflow/example_dags/example_external_task_marker_dag.py took 0.368 seconds
