[2022-06-22 11:41:14,032] {processor.py:153} INFO - Started process (PID=11685) to work on /home/oury/.local/lib/python3.10/site-packages/airflow/example_dags/example_xcom.py
[2022-06-22 11:41:14,033] {processor.py:641} INFO - Processing file /home/oury/.local/lib/python3.10/site-packages/airflow/example_dags/example_xcom.py for tasks to queue
[2022-06-22 11:41:14,034] {logging_mixin.py:115} INFO - [2022-06-22 11:41:14,034] {dagbag.py:507} INFO - Filling up the DagBag from /home/oury/.local/lib/python3.10/site-packages/airflow/example_dags/example_xcom.py
[2022-06-22 11:41:14,080] {processor.py:651} INFO - DAG(s) dict_keys(['example_xcom']) retrieved from /home/oury/.local/lib/python3.10/site-packages/airflow/example_dags/example_xcom.py
[2022-06-22 11:41:14,158] {logging_mixin.py:115} INFO - [2022-06-22 11:41:14,158] {dag.py:2379} INFO - Sync 1 DAGs
[2022-06-22 11:41:14,171] {logging_mixin.py:115} INFO - [2022-06-22 11:41:14,171] {dag.py:2398} INFO - Creating ORM DAG for example_xcom
[2022-06-22 11:41:14,187] {logging_mixin.py:115} INFO - [2022-06-22 11:41:14,187] {dag.py:2923} INFO - Setting next_dagrun for example_xcom to 2021-01-01T00:00:00+00:00, run_after=2021-01-01T00:00:00+00:00
[2022-06-22 11:41:14,219] {processor.py:161} INFO - Processing /home/oury/.local/lib/python3.10/site-packages/airflow/example_dags/example_xcom.py took 0.193 seconds
[2022-06-22 11:42:27,195] {processor.py:153} INFO - Started process (PID=11954) to work on /home/oury/.local/lib/python3.10/site-packages/airflow/example_dags/example_xcom.py
[2022-06-22 11:42:27,196] {processor.py:641} INFO - Processing file /home/oury/.local/lib/python3.10/site-packages/airflow/example_dags/example_xcom.py for tasks to queue
[2022-06-22 11:42:27,197] {logging_mixin.py:115} INFO - [2022-06-22 11:42:27,196] {dagbag.py:507} INFO - Filling up the DagBag from /home/oury/.local/lib/python3.10/site-packages/airflow/example_dags/example_xcom.py
[2022-06-22 11:42:27,232] {processor.py:651} INFO - DAG(s) dict_keys(['example_xcom']) retrieved from /home/oury/.local/lib/python3.10/site-packages/airflow/example_dags/example_xcom.py
[2022-06-22 11:42:27,253] {logging_mixin.py:115} INFO - [2022-06-22 11:42:27,253] {dag.py:2379} INFO - Sync 1 DAGs
[2022-06-22 11:42:27,289] {logging_mixin.py:115} INFO - [2022-06-22 11:42:27,288] {dag.py:2923} INFO - Setting next_dagrun for example_xcom to 2021-01-01T00:00:00+00:00, run_after=2021-01-01T00:00:00+00:00
[2022-06-22 11:42:27,310] {processor.py:161} INFO - Processing /home/oury/.local/lib/python3.10/site-packages/airflow/example_dags/example_xcom.py took 0.124 seconds
[2022-06-22 11:43:26,230] {processor.py:153} INFO - Started process (PID=12342) to work on /home/oury/.local/lib/python3.10/site-packages/airflow/example_dags/example_xcom.py
[2022-06-22 11:43:26,230] {processor.py:641} INFO - Processing file /home/oury/.local/lib/python3.10/site-packages/airflow/example_dags/example_xcom.py for tasks to queue
[2022-06-22 11:43:26,231] {logging_mixin.py:115} INFO - [2022-06-22 11:43:26,231] {dagbag.py:507} INFO - Filling up the DagBag from /home/oury/.local/lib/python3.10/site-packages/airflow/example_dags/example_xcom.py
[2022-06-22 11:43:26,269] {processor.py:651} INFO - DAG(s) dict_keys(['example_xcom']) retrieved from /home/oury/.local/lib/python3.10/site-packages/airflow/example_dags/example_xcom.py
[2022-06-22 11:43:26,293] {logging_mixin.py:115} INFO - [2022-06-22 11:43:26,293] {dag.py:2379} INFO - Sync 1 DAGs
[2022-06-22 11:43:26,327] {logging_mixin.py:115} INFO - [2022-06-22 11:43:26,327] {dag.py:2923} INFO - Setting next_dagrun for example_xcom to 2021-01-01T00:00:00+00:00, run_after=2021-01-01T00:00:00+00:00
[2022-06-22 11:43:26,360] {processor.py:161} INFO - Processing /home/oury/.local/lib/python3.10/site-packages/airflow/example_dags/example_xcom.py took 0.135 seconds
[2022-06-22 11:44:13,586] {processor.py:153} INFO - Started process (PID=12410) to work on /home/oury/.local/lib/python3.10/site-packages/airflow/example_dags/example_xcom.py
[2022-06-22 11:44:13,587] {processor.py:641} INFO - Processing file /home/oury/.local/lib/python3.10/site-packages/airflow/example_dags/example_xcom.py for tasks to queue
[2022-06-22 11:44:13,588] {logging_mixin.py:115} INFO - [2022-06-22 11:44:13,588] {dagbag.py:507} INFO - Filling up the DagBag from /home/oury/.local/lib/python3.10/site-packages/airflow/example_dags/example_xcom.py
[2022-06-22 11:44:13,617] {processor.py:651} INFO - DAG(s) dict_keys(['example_xcom']) retrieved from /home/oury/.local/lib/python3.10/site-packages/airflow/example_dags/example_xcom.py
[2022-06-22 11:44:13,635] {logging_mixin.py:115} INFO - [2022-06-22 11:44:13,635] {dag.py:2379} INFO - Sync 1 DAGs
[2022-06-22 11:44:13,657] {logging_mixin.py:115} INFO - [2022-06-22 11:44:13,657] {dag.py:2923} INFO - Setting next_dagrun for example_xcom to 2021-01-01T00:00:00+00:00, run_after=2021-01-01T00:00:00+00:00
[2022-06-22 11:44:13,671] {processor.py:161} INFO - Processing /home/oury/.local/lib/python3.10/site-packages/airflow/example_dags/example_xcom.py took 0.089 seconds
[2022-06-22 11:45:31,496] {processor.py:153} INFO - Started process (PID=12566) to work on /home/oury/.local/lib/python3.10/site-packages/airflow/example_dags/example_xcom.py
[2022-06-22 11:45:31,497] {processor.py:641} INFO - Processing file /home/oury/.local/lib/python3.10/site-packages/airflow/example_dags/example_xcom.py for tasks to queue
[2022-06-22 11:45:31,498] {logging_mixin.py:115} INFO - [2022-06-22 11:45:31,498] {dagbag.py:507} INFO - Filling up the DagBag from /home/oury/.local/lib/python3.10/site-packages/airflow/example_dags/example_xcom.py
[2022-06-22 11:45:31,567] {processor.py:651} INFO - DAG(s) dict_keys(['example_xcom']) retrieved from /home/oury/.local/lib/python3.10/site-packages/airflow/example_dags/example_xcom.py
[2022-06-22 11:45:31,641] {logging_mixin.py:115} INFO - [2022-06-22 11:45:31,641] {dag.py:2379} INFO - Sync 1 DAGs
[2022-06-22 11:45:31,670] {logging_mixin.py:115} INFO - [2022-06-22 11:45:31,670] {dag.py:2923} INFO - Setting next_dagrun for example_xcom to 2021-01-01T00:00:00+00:00, run_after=2021-01-01T00:00:00+00:00
[2022-06-22 11:45:31,713] {processor.py:161} INFO - Processing /home/oury/.local/lib/python3.10/site-packages/airflow/example_dags/example_xcom.py took 0.222 seconds
[2022-06-22 11:46:19,779] {processor.py:153} INFO - Started process (PID=12624) to work on /home/oury/.local/lib/python3.10/site-packages/airflow/example_dags/example_xcom.py
[2022-06-22 11:46:19,780] {processor.py:641} INFO - Processing file /home/oury/.local/lib/python3.10/site-packages/airflow/example_dags/example_xcom.py for tasks to queue
[2022-06-22 11:46:19,780] {logging_mixin.py:115} INFO - [2022-06-22 11:46:19,780] {dagbag.py:507} INFO - Filling up the DagBag from /home/oury/.local/lib/python3.10/site-packages/airflow/example_dags/example_xcom.py
[2022-06-22 11:46:19,814] {processor.py:651} INFO - DAG(s) dict_keys(['example_xcom']) retrieved from /home/oury/.local/lib/python3.10/site-packages/airflow/example_dags/example_xcom.py
[2022-06-22 11:46:19,835] {logging_mixin.py:115} INFO - [2022-06-22 11:46:19,834] {dag.py:2379} INFO - Sync 1 DAGs
[2022-06-22 11:46:19,866] {logging_mixin.py:115} INFO - [2022-06-22 11:46:19,865] {dag.py:2923} INFO - Setting next_dagrun for example_xcom to 2021-01-01T00:00:00+00:00, run_after=2021-01-01T00:00:00+00:00
[2022-06-22 11:46:19,884] {processor.py:161} INFO - Processing /home/oury/.local/lib/python3.10/site-packages/airflow/example_dags/example_xcom.py took 0.109 seconds
[2022-06-22 11:47:04,268] {processor.py:153} INFO - Started process (PID=12746) to work on /home/oury/.local/lib/python3.10/site-packages/airflow/example_dags/example_xcom.py
[2022-06-22 11:47:04,275] {processor.py:641} INFO - Processing file /home/oury/.local/lib/python3.10/site-packages/airflow/example_dags/example_xcom.py for tasks to queue
[2022-06-22 11:47:04,277] {logging_mixin.py:115} INFO - [2022-06-22 11:47:04,277] {dagbag.py:507} INFO - Filling up the DagBag from /home/oury/.local/lib/python3.10/site-packages/airflow/example_dags/example_xcom.py
[2022-06-22 11:47:04,342] {processor.py:651} INFO - DAG(s) dict_keys(['example_xcom']) retrieved from /home/oury/.local/lib/python3.10/site-packages/airflow/example_dags/example_xcom.py
[2022-06-22 11:47:04,371] {logging_mixin.py:115} INFO - [2022-06-22 11:47:04,371] {dag.py:2379} INFO - Sync 1 DAGs
[2022-06-22 11:47:04,422] {logging_mixin.py:115} INFO - [2022-06-22 11:47:04,422] {dag.py:2923} INFO - Setting next_dagrun for example_xcom to 2021-01-01T00:00:00+00:00, run_after=2021-01-01T00:00:00+00:00
[2022-06-22 11:47:04,459] {processor.py:161} INFO - Processing /home/oury/.local/lib/python3.10/site-packages/airflow/example_dags/example_xcom.py took 0.198 seconds
[2022-06-22 11:47:50,065] {processor.py:153} INFO - Started process (PID=12793) to work on /home/oury/.local/lib/python3.10/site-packages/airflow/example_dags/example_xcom.py
[2022-06-22 11:47:50,066] {processor.py:641} INFO - Processing file /home/oury/.local/lib/python3.10/site-packages/airflow/example_dags/example_xcom.py for tasks to queue
[2022-06-22 11:47:50,066] {logging_mixin.py:115} INFO - [2022-06-22 11:47:50,066] {dagbag.py:507} INFO - Filling up the DagBag from /home/oury/.local/lib/python3.10/site-packages/airflow/example_dags/example_xcom.py
[2022-06-22 11:47:50,094] {processor.py:651} INFO - DAG(s) dict_keys(['example_xcom']) retrieved from /home/oury/.local/lib/python3.10/site-packages/airflow/example_dags/example_xcom.py
[2022-06-22 11:47:50,109] {logging_mixin.py:115} INFO - [2022-06-22 11:47:50,109] {dag.py:2379} INFO - Sync 1 DAGs
[2022-06-22 11:47:50,128] {logging_mixin.py:115} INFO - [2022-06-22 11:47:50,128] {dag.py:2923} INFO - Setting next_dagrun for example_xcom to 2021-01-01T00:00:00+00:00, run_after=2021-01-01T00:00:00+00:00
[2022-06-22 11:47:50,143] {processor.py:161} INFO - Processing /home/oury/.local/lib/python3.10/site-packages/airflow/example_dags/example_xcom.py took 0.080 seconds
[2022-06-22 11:48:37,617] {processor.py:153} INFO - Started process (PID=12851) to work on /home/oury/.local/lib/python3.10/site-packages/airflow/example_dags/example_xcom.py
[2022-06-22 11:48:37,620] {processor.py:641} INFO - Processing file /home/oury/.local/lib/python3.10/site-packages/airflow/example_dags/example_xcom.py for tasks to queue
[2022-06-22 11:48:37,621] {logging_mixin.py:115} INFO - [2022-06-22 11:48:37,621] {dagbag.py:507} INFO - Filling up the DagBag from /home/oury/.local/lib/python3.10/site-packages/airflow/example_dags/example_xcom.py
[2022-06-22 11:48:37,671] {processor.py:651} INFO - DAG(s) dict_keys(['example_xcom']) retrieved from /home/oury/.local/lib/python3.10/site-packages/airflow/example_dags/example_xcom.py
[2022-06-22 11:48:37,726] {logging_mixin.py:115} INFO - [2022-06-22 11:48:37,726] {dag.py:2379} INFO - Sync 1 DAGs
[2022-06-22 11:48:37,772] {logging_mixin.py:115} INFO - [2022-06-22 11:48:37,772] {dag.py:2923} INFO - Setting next_dagrun for example_xcom to 2021-01-01T00:00:00+00:00, run_after=2021-01-01T00:00:00+00:00
[2022-06-22 11:48:37,808] {processor.py:161} INFO - Processing /home/oury/.local/lib/python3.10/site-packages/airflow/example_dags/example_xcom.py took 0.196 seconds
[2022-06-22 11:49:20,065] {processor.py:153} INFO - Started process (PID=12919) to work on /home/oury/.local/lib/python3.10/site-packages/airflow/example_dags/example_xcom.py
[2022-06-22 11:49:20,066] {processor.py:641} INFO - Processing file /home/oury/.local/lib/python3.10/site-packages/airflow/example_dags/example_xcom.py for tasks to queue
[2022-06-22 11:49:20,066] {logging_mixin.py:115} INFO - [2022-06-22 11:49:20,066] {dagbag.py:507} INFO - Filling up the DagBag from /home/oury/.local/lib/python3.10/site-packages/airflow/example_dags/example_xcom.py
[2022-06-22 11:49:20,105] {processor.py:651} INFO - DAG(s) dict_keys(['example_xcom']) retrieved from /home/oury/.local/lib/python3.10/site-packages/airflow/example_dags/example_xcom.py
[2022-06-22 11:49:20,131] {logging_mixin.py:115} INFO - [2022-06-22 11:49:20,131] {dag.py:2379} INFO - Sync 1 DAGs
[2022-06-22 11:49:20,155] {logging_mixin.py:115} INFO - [2022-06-22 11:49:20,154] {dag.py:2923} INFO - Setting next_dagrun for example_xcom to 2021-01-01T00:00:00+00:00, run_after=2021-01-01T00:00:00+00:00
[2022-06-22 11:49:20,170] {processor.py:161} INFO - Processing /home/oury/.local/lib/python3.10/site-packages/airflow/example_dags/example_xcom.py took 0.109 seconds
[2022-06-22 11:50:00,979] {processor.py:153} INFO - Started process (PID=12983) to work on /home/oury/.local/lib/python3.10/site-packages/airflow/example_dags/example_xcom.py
[2022-06-22 11:50:00,979] {processor.py:641} INFO - Processing file /home/oury/.local/lib/python3.10/site-packages/airflow/example_dags/example_xcom.py for tasks to queue
[2022-06-22 11:50:00,980] {logging_mixin.py:115} INFO - [2022-06-22 11:50:00,980] {dagbag.py:507} INFO - Filling up the DagBag from /home/oury/.local/lib/python3.10/site-packages/airflow/example_dags/example_xcom.py
[2022-06-22 11:50:01,028] {processor.py:651} INFO - DAG(s) dict_keys(['example_xcom']) retrieved from /home/oury/.local/lib/python3.10/site-packages/airflow/example_dags/example_xcom.py
[2022-06-22 11:50:01,056] {logging_mixin.py:115} INFO - [2022-06-22 11:50:01,056] {dag.py:2379} INFO - Sync 1 DAGs
[2022-06-22 11:50:01,096] {logging_mixin.py:115} INFO - [2022-06-22 11:50:01,096] {dag.py:2923} INFO - Setting next_dagrun for example_xcom to 2021-01-01T00:00:00+00:00, run_after=2021-01-01T00:00:00+00:00
[2022-06-22 11:50:01,119] {processor.py:161} INFO - Processing /home/oury/.local/lib/python3.10/site-packages/airflow/example_dags/example_xcom.py took 0.144 seconds
[2022-06-22 11:50:56,138] {processor.py:153} INFO - Started process (PID=13398) to work on /home/oury/.local/lib/python3.10/site-packages/airflow/example_dags/example_xcom.py
[2022-06-22 11:50:56,140] {processor.py:641} INFO - Processing file /home/oury/.local/lib/python3.10/site-packages/airflow/example_dags/example_xcom.py for tasks to queue
[2022-06-22 11:50:56,141] {logging_mixin.py:115} INFO - [2022-06-22 11:50:56,141] {dagbag.py:507} INFO - Filling up the DagBag from /home/oury/.local/lib/python3.10/site-packages/airflow/example_dags/example_xcom.py
[2022-06-22 11:50:56,509] {processor.py:651} INFO - DAG(s) dict_keys(['example_xcom']) retrieved from /home/oury/.local/lib/python3.10/site-packages/airflow/example_dags/example_xcom.py
[2022-06-22 11:50:56,702] {logging_mixin.py:115} INFO - [2022-06-22 11:50:56,702] {dag.py:2379} INFO - Sync 1 DAGs
[2022-06-22 11:50:56,801] {logging_mixin.py:115} INFO - [2022-06-22 11:50:56,801] {dag.py:2923} INFO - Setting next_dagrun for example_xcom to 2021-01-01T00:00:00+00:00, run_after=2021-01-01T00:00:00+00:00
[2022-06-22 11:50:56,866] {processor.py:161} INFO - Processing /home/oury/.local/lib/python3.10/site-packages/airflow/example_dags/example_xcom.py took 0.754 seconds
[2022-06-22 11:52:05,599] {processor.py:153} INFO - Started process (PID=13492) to work on /home/oury/.local/lib/python3.10/site-packages/airflow/example_dags/example_xcom.py
[2022-06-22 11:52:05,606] {processor.py:641} INFO - Processing file /home/oury/.local/lib/python3.10/site-packages/airflow/example_dags/example_xcom.py for tasks to queue
[2022-06-22 11:52:05,607] {logging_mixin.py:115} INFO - [2022-06-22 11:52:05,607] {dagbag.py:507} INFO - Filling up the DagBag from /home/oury/.local/lib/python3.10/site-packages/airflow/example_dags/example_xcom.py
[2022-06-22 11:52:05,900] {processor.py:651} INFO - DAG(s) dict_keys(['example_xcom']) retrieved from /home/oury/.local/lib/python3.10/site-packages/airflow/example_dags/example_xcom.py
[2022-06-22 11:52:05,937] {logging_mixin.py:115} INFO - [2022-06-22 11:52:05,924] {dag.py:2379} INFO - Sync 1 DAGs
[2022-06-22 11:52:06,142] {logging_mixin.py:115} INFO - [2022-06-22 11:52:06,142] {dag.py:2923} INFO - Setting next_dagrun for example_xcom to 2021-01-01T00:00:00+00:00, run_after=2021-01-01T00:00:00+00:00
[2022-06-22 11:52:06,215] {processor.py:161} INFO - Processing /home/oury/.local/lib/python3.10/site-packages/airflow/example_dags/example_xcom.py took 0.631 seconds
[2022-06-22 11:52:58,763] {processor.py:153} INFO - Started process (PID=13559) to work on /home/oury/.local/lib/python3.10/site-packages/airflow/example_dags/example_xcom.py
[2022-06-22 11:52:58,764] {processor.py:641} INFO - Processing file /home/oury/.local/lib/python3.10/site-packages/airflow/example_dags/example_xcom.py for tasks to queue
[2022-06-22 11:52:58,765] {logging_mixin.py:115} INFO - [2022-06-22 11:52:58,764] {dagbag.py:507} INFO - Filling up the DagBag from /home/oury/.local/lib/python3.10/site-packages/airflow/example_dags/example_xcom.py
[2022-06-22 11:52:58,793] {processor.py:651} INFO - DAG(s) dict_keys(['example_xcom']) retrieved from /home/oury/.local/lib/python3.10/site-packages/airflow/example_dags/example_xcom.py
[2022-06-22 11:52:58,814] {logging_mixin.py:115} INFO - [2022-06-22 11:52:58,813] {dag.py:2379} INFO - Sync 1 DAGs
[2022-06-22 11:52:58,844] {logging_mixin.py:115} INFO - [2022-06-22 11:52:58,844] {dag.py:2923} INFO - Setting next_dagrun for example_xcom to 2021-01-01T00:00:00+00:00, run_after=2021-01-01T00:00:00+00:00
[2022-06-22 11:52:58,867] {processor.py:161} INFO - Processing /home/oury/.local/lib/python3.10/site-packages/airflow/example_dags/example_xcom.py took 0.107 seconds
[2022-06-22 11:53:45,116] {processor.py:153} INFO - Started process (PID=13600) to work on /home/oury/.local/lib/python3.10/site-packages/airflow/example_dags/example_xcom.py
[2022-06-22 11:53:45,117] {processor.py:641} INFO - Processing file /home/oury/.local/lib/python3.10/site-packages/airflow/example_dags/example_xcom.py for tasks to queue
[2022-06-22 11:53:45,118] {logging_mixin.py:115} INFO - [2022-06-22 11:53:45,118] {dagbag.py:507} INFO - Filling up the DagBag from /home/oury/.local/lib/python3.10/site-packages/airflow/example_dags/example_xcom.py
[2022-06-22 11:53:45,150] {processor.py:651} INFO - DAG(s) dict_keys(['example_xcom']) retrieved from /home/oury/.local/lib/python3.10/site-packages/airflow/example_dags/example_xcom.py
[2022-06-22 11:53:45,165] {logging_mixin.py:115} INFO - [2022-06-22 11:53:45,165] {dag.py:2379} INFO - Sync 1 DAGs
[2022-06-22 11:53:45,184] {logging_mixin.py:115} INFO - [2022-06-22 11:53:45,184] {dag.py:2923} INFO - Setting next_dagrun for example_xcom to 2021-01-01T00:00:00+00:00, run_after=2021-01-01T00:00:00+00:00
[2022-06-22 11:53:45,199] {processor.py:161} INFO - Processing /home/oury/.local/lib/python3.10/site-packages/airflow/example_dags/example_xcom.py took 0.086 seconds
[2022-06-22 11:54:35,029] {processor.py:153} INFO - Started process (PID=13650) to work on /home/oury/.local/lib/python3.10/site-packages/airflow/example_dags/example_xcom.py
[2022-06-22 11:54:35,030] {processor.py:641} INFO - Processing file /home/oury/.local/lib/python3.10/site-packages/airflow/example_dags/example_xcom.py for tasks to queue
[2022-06-22 11:54:35,031] {logging_mixin.py:115} INFO - [2022-06-22 11:54:35,031] {dagbag.py:507} INFO - Filling up the DagBag from /home/oury/.local/lib/python3.10/site-packages/airflow/example_dags/example_xcom.py
[2022-06-22 11:54:35,059] {processor.py:651} INFO - DAG(s) dict_keys(['example_xcom']) retrieved from /home/oury/.local/lib/python3.10/site-packages/airflow/example_dags/example_xcom.py
[2022-06-22 11:54:35,074] {logging_mixin.py:115} INFO - [2022-06-22 11:54:35,074] {dag.py:2379} INFO - Sync 1 DAGs
[2022-06-22 11:54:35,095] {logging_mixin.py:115} INFO - [2022-06-22 11:54:35,095] {dag.py:2923} INFO - Setting next_dagrun for example_xcom to 2021-01-01T00:00:00+00:00, run_after=2021-01-01T00:00:00+00:00
[2022-06-22 11:54:35,108] {processor.py:161} INFO - Processing /home/oury/.local/lib/python3.10/site-packages/airflow/example_dags/example_xcom.py took 0.084 seconds
[2022-06-22 11:55:16,794] {processor.py:153} INFO - Started process (PID=13820) to work on /home/oury/.local/lib/python3.10/site-packages/airflow/example_dags/example_xcom.py
[2022-06-22 11:55:16,795] {processor.py:641} INFO - Processing file /home/oury/.local/lib/python3.10/site-packages/airflow/example_dags/example_xcom.py for tasks to queue
[2022-06-22 11:55:16,795] {logging_mixin.py:115} INFO - [2022-06-22 11:55:16,795] {dagbag.py:507} INFO - Filling up the DagBag from /home/oury/.local/lib/python3.10/site-packages/airflow/example_dags/example_xcom.py
[2022-06-22 11:55:16,823] {processor.py:651} INFO - DAG(s) dict_keys(['example_xcom']) retrieved from /home/oury/.local/lib/python3.10/site-packages/airflow/example_dags/example_xcom.py
[2022-06-22 11:55:16,875] {logging_mixin.py:115} INFO - [2022-06-22 11:55:16,875] {dag.py:2379} INFO - Sync 1 DAGs
[2022-06-22 11:55:16,893] {logging_mixin.py:115} INFO - [2022-06-22 11:55:16,893] {dag.py:2923} INFO - Setting next_dagrun for example_xcom to 2021-01-01T00:00:00+00:00, run_after=2021-01-01T00:00:00+00:00
[2022-06-22 11:55:16,910] {processor.py:161} INFO - Processing /home/oury/.local/lib/python3.10/site-packages/airflow/example_dags/example_xcom.py took 0.120 seconds
[2022-06-22 11:55:56,811] {processor.py:153} INFO - Started process (PID=13859) to work on /home/oury/.local/lib/python3.10/site-packages/airflow/example_dags/example_xcom.py
[2022-06-22 11:55:56,812] {processor.py:641} INFO - Processing file /home/oury/.local/lib/python3.10/site-packages/airflow/example_dags/example_xcom.py for tasks to queue
[2022-06-22 11:55:56,813] {logging_mixin.py:115} INFO - [2022-06-22 11:55:56,812] {dagbag.py:507} INFO - Filling up the DagBag from /home/oury/.local/lib/python3.10/site-packages/airflow/example_dags/example_xcom.py
[2022-06-22 11:55:56,858] {processor.py:651} INFO - DAG(s) dict_keys(['example_xcom']) retrieved from /home/oury/.local/lib/python3.10/site-packages/airflow/example_dags/example_xcom.py
[2022-06-22 11:55:56,877] {logging_mixin.py:115} INFO - [2022-06-22 11:55:56,877] {dag.py:2379} INFO - Sync 1 DAGs
[2022-06-22 11:55:56,900] {logging_mixin.py:115} INFO - [2022-06-22 11:55:56,900] {dag.py:2923} INFO - Setting next_dagrun for example_xcom to 2021-01-01T00:00:00+00:00, run_after=2021-01-01T00:00:00+00:00
[2022-06-22 11:55:56,919] {processor.py:161} INFO - Processing /home/oury/.local/lib/python3.10/site-packages/airflow/example_dags/example_xcom.py took 0.112 seconds
[2022-06-22 11:56:41,830] {processor.py:153} INFO - Started process (PID=13962) to work on /home/oury/.local/lib/python3.10/site-packages/airflow/example_dags/example_xcom.py
[2022-06-22 11:56:41,831] {processor.py:641} INFO - Processing file /home/oury/.local/lib/python3.10/site-packages/airflow/example_dags/example_xcom.py for tasks to queue
[2022-06-22 11:56:41,833] {logging_mixin.py:115} INFO - [2022-06-22 11:56:41,832] {dagbag.py:507} INFO - Filling up the DagBag from /home/oury/.local/lib/python3.10/site-packages/airflow/example_dags/example_xcom.py
[2022-06-22 11:56:41,905] {processor.py:651} INFO - DAG(s) dict_keys(['example_xcom']) retrieved from /home/oury/.local/lib/python3.10/site-packages/airflow/example_dags/example_xcom.py
[2022-06-22 11:56:41,948] {logging_mixin.py:115} INFO - [2022-06-22 11:56:41,948] {dag.py:2379} INFO - Sync 1 DAGs
[2022-06-22 11:56:42,014] {logging_mixin.py:115} INFO - [2022-06-22 11:56:42,013] {dag.py:2923} INFO - Setting next_dagrun for example_xcom to 2021-01-01T00:00:00+00:00, run_after=2021-01-01T00:00:00+00:00
[2022-06-22 11:56:42,063] {processor.py:161} INFO - Processing /home/oury/.local/lib/python3.10/site-packages/airflow/example_dags/example_xcom.py took 0.250 seconds
[2022-06-22 11:57:28,971] {processor.py:153} INFO - Started process (PID=14000) to work on /home/oury/.local/lib/python3.10/site-packages/airflow/example_dags/example_xcom.py
[2022-06-22 11:57:28,972] {processor.py:641} INFO - Processing file /home/oury/.local/lib/python3.10/site-packages/airflow/example_dags/example_xcom.py for tasks to queue
[2022-06-22 11:57:28,972] {logging_mixin.py:115} INFO - [2022-06-22 11:57:28,972] {dagbag.py:507} INFO - Filling up the DagBag from /home/oury/.local/lib/python3.10/site-packages/airflow/example_dags/example_xcom.py
[2022-06-22 11:57:29,014] {processor.py:651} INFO - DAG(s) dict_keys(['example_xcom']) retrieved from /home/oury/.local/lib/python3.10/site-packages/airflow/example_dags/example_xcom.py
[2022-06-22 11:57:29,056] {logging_mixin.py:115} INFO - [2022-06-22 11:57:29,055] {dag.py:2379} INFO - Sync 1 DAGs
[2022-06-22 11:57:29,096] {logging_mixin.py:115} INFO - [2022-06-22 11:57:29,096] {dag.py:2923} INFO - Setting next_dagrun for example_xcom to 2021-01-01T00:00:00+00:00, run_after=2021-01-01T00:00:00+00:00
[2022-06-22 11:57:29,113] {processor.py:161} INFO - Processing /home/oury/.local/lib/python3.10/site-packages/airflow/example_dags/example_xcom.py took 0.150 seconds
[2022-06-22 11:58:12,028] {processor.py:153} INFO - Started process (PID=14040) to work on /home/oury/.local/lib/python3.10/site-packages/airflow/example_dags/example_xcom.py
[2022-06-22 11:58:12,029] {processor.py:641} INFO - Processing file /home/oury/.local/lib/python3.10/site-packages/airflow/example_dags/example_xcom.py for tasks to queue
[2022-06-22 11:58:12,030] {logging_mixin.py:115} INFO - [2022-06-22 11:58:12,030] {dagbag.py:507} INFO - Filling up the DagBag from /home/oury/.local/lib/python3.10/site-packages/airflow/example_dags/example_xcom.py
[2022-06-22 11:58:12,084] {processor.py:651} INFO - DAG(s) dict_keys(['example_xcom']) retrieved from /home/oury/.local/lib/python3.10/site-packages/airflow/example_dags/example_xcom.py
[2022-06-22 11:58:12,125] {logging_mixin.py:115} INFO - [2022-06-22 11:58:12,125] {dag.py:2379} INFO - Sync 1 DAGs
[2022-06-22 11:58:12,172] {logging_mixin.py:115} INFO - [2022-06-22 11:58:12,172] {dag.py:2923} INFO - Setting next_dagrun for example_xcom to 2021-01-01T00:00:00+00:00, run_after=2021-01-01T00:00:00+00:00
[2022-06-22 11:58:12,197] {processor.py:161} INFO - Processing /home/oury/.local/lib/python3.10/site-packages/airflow/example_dags/example_xcom.py took 0.180 seconds
[2022-06-22 11:58:53,339] {processor.py:153} INFO - Started process (PID=14081) to work on /home/oury/.local/lib/python3.10/site-packages/airflow/example_dags/example_xcom.py
[2022-06-22 11:58:53,342] {processor.py:641} INFO - Processing file /home/oury/.local/lib/python3.10/site-packages/airflow/example_dags/example_xcom.py for tasks to queue
[2022-06-22 11:58:53,345] {logging_mixin.py:115} INFO - [2022-06-22 11:58:53,342] {dagbag.py:507} INFO - Filling up the DagBag from /home/oury/.local/lib/python3.10/site-packages/airflow/example_dags/example_xcom.py
[2022-06-22 11:58:53,442] {processor.py:651} INFO - DAG(s) dict_keys(['example_xcom']) retrieved from /home/oury/.local/lib/python3.10/site-packages/airflow/example_dags/example_xcom.py
[2022-06-22 11:58:53,480] {logging_mixin.py:115} INFO - [2022-06-22 11:58:53,480] {dag.py:2379} INFO - Sync 1 DAGs
[2022-06-22 11:58:53,576] {logging_mixin.py:115} INFO - [2022-06-22 11:58:53,576] {dag.py:2923} INFO - Setting next_dagrun for example_xcom to 2021-01-01T00:00:00+00:00, run_after=2021-01-01T00:00:00+00:00
[2022-06-22 11:58:53,611] {processor.py:161} INFO - Processing /home/oury/.local/lib/python3.10/site-packages/airflow/example_dags/example_xcom.py took 0.297 seconds
[2022-06-22 11:59:32,313] {processor.py:153} INFO - Started process (PID=14118) to work on /home/oury/.local/lib/python3.10/site-packages/airflow/example_dags/example_xcom.py
[2022-06-22 11:59:32,314] {processor.py:641} INFO - Processing file /home/oury/.local/lib/python3.10/site-packages/airflow/example_dags/example_xcom.py for tasks to queue
[2022-06-22 11:59:32,317] {logging_mixin.py:115} INFO - [2022-06-22 11:59:32,317] {dagbag.py:507} INFO - Filling up the DagBag from /home/oury/.local/lib/python3.10/site-packages/airflow/example_dags/example_xcom.py
[2022-06-22 11:59:32,372] {processor.py:651} INFO - DAG(s) dict_keys(['example_xcom']) retrieved from /home/oury/.local/lib/python3.10/site-packages/airflow/example_dags/example_xcom.py
[2022-06-22 11:59:32,393] {logging_mixin.py:115} INFO - [2022-06-22 11:59:32,393] {dag.py:2379} INFO - Sync 1 DAGs
[2022-06-22 11:59:32,424] {logging_mixin.py:115} INFO - [2022-06-22 11:59:32,424] {dag.py:2923} INFO - Setting next_dagrun for example_xcom to 2021-01-01T00:00:00+00:00, run_after=2021-01-01T00:00:00+00:00
[2022-06-22 11:59:32,444] {processor.py:161} INFO - Processing /home/oury/.local/lib/python3.10/site-packages/airflow/example_dags/example_xcom.py took 0.149 seconds
[2022-06-22 12:00:19,582] {processor.py:153} INFO - Started process (PID=14159) to work on /home/oury/.local/lib/python3.10/site-packages/airflow/example_dags/example_xcom.py
[2022-06-22 12:00:19,584] {processor.py:641} INFO - Processing file /home/oury/.local/lib/python3.10/site-packages/airflow/example_dags/example_xcom.py for tasks to queue
[2022-06-22 12:00:19,585] {logging_mixin.py:115} INFO - [2022-06-22 12:00:19,585] {dagbag.py:507} INFO - Filling up the DagBag from /home/oury/.local/lib/python3.10/site-packages/airflow/example_dags/example_xcom.py
[2022-06-22 12:00:19,624] {processor.py:651} INFO - DAG(s) dict_keys(['example_xcom']) retrieved from /home/oury/.local/lib/python3.10/site-packages/airflow/example_dags/example_xcom.py
[2022-06-22 12:00:19,703] {logging_mixin.py:115} INFO - [2022-06-22 12:00:19,703] {dag.py:2379} INFO - Sync 1 DAGs
[2022-06-22 12:00:19,726] {logging_mixin.py:115} INFO - [2022-06-22 12:00:19,726] {dag.py:2923} INFO - Setting next_dagrun for example_xcom to 2021-01-01T00:00:00+00:00, run_after=2021-01-01T00:00:00+00:00
[2022-06-22 12:00:19,754] {processor.py:161} INFO - Processing /home/oury/.local/lib/python3.10/site-packages/airflow/example_dags/example_xcom.py took 0.176 seconds
[2022-06-22 12:00:58,135] {processor.py:153} INFO - Started process (PID=14195) to work on /home/oury/.local/lib/python3.10/site-packages/airflow/example_dags/example_xcom.py
[2022-06-22 12:00:58,136] {processor.py:641} INFO - Processing file /home/oury/.local/lib/python3.10/site-packages/airflow/example_dags/example_xcom.py for tasks to queue
[2022-06-22 12:00:58,137] {logging_mixin.py:115} INFO - [2022-06-22 12:00:58,137] {dagbag.py:507} INFO - Filling up the DagBag from /home/oury/.local/lib/python3.10/site-packages/airflow/example_dags/example_xcom.py
[2022-06-22 12:00:58,170] {processor.py:651} INFO - DAG(s) dict_keys(['example_xcom']) retrieved from /home/oury/.local/lib/python3.10/site-packages/airflow/example_dags/example_xcom.py
[2022-06-22 12:00:58,195] {logging_mixin.py:115} INFO - [2022-06-22 12:00:58,195] {dag.py:2379} INFO - Sync 1 DAGs
[2022-06-22 12:00:58,230] {logging_mixin.py:115} INFO - [2022-06-22 12:00:58,230] {dag.py:2923} INFO - Setting next_dagrun for example_xcom to 2021-01-01T00:00:00+00:00, run_after=2021-01-01T00:00:00+00:00
[2022-06-22 12:00:58,258] {processor.py:161} INFO - Processing /home/oury/.local/lib/python3.10/site-packages/airflow/example_dags/example_xcom.py took 0.126 seconds
[2022-06-22 12:01:42,386] {processor.py:153} INFO - Started process (PID=14233) to work on /home/oury/.local/lib/python3.10/site-packages/airflow/example_dags/example_xcom.py
[2022-06-22 12:01:42,387] {processor.py:641} INFO - Processing file /home/oury/.local/lib/python3.10/site-packages/airflow/example_dags/example_xcom.py for tasks to queue
[2022-06-22 12:01:42,388] {logging_mixin.py:115} INFO - [2022-06-22 12:01:42,388] {dagbag.py:507} INFO - Filling up the DagBag from /home/oury/.local/lib/python3.10/site-packages/airflow/example_dags/example_xcom.py
[2022-06-22 12:01:42,433] {processor.py:651} INFO - DAG(s) dict_keys(['example_xcom']) retrieved from /home/oury/.local/lib/python3.10/site-packages/airflow/example_dags/example_xcom.py
[2022-06-22 12:01:42,456] {logging_mixin.py:115} INFO - [2022-06-22 12:01:42,456] {dag.py:2379} INFO - Sync 1 DAGs
[2022-06-22 12:01:42,484] {logging_mixin.py:115} INFO - [2022-06-22 12:01:42,484] {dag.py:2923} INFO - Setting next_dagrun for example_xcom to 2021-01-01T00:00:00+00:00, run_after=2021-01-01T00:00:00+00:00
[2022-06-22 12:01:42,499] {processor.py:161} INFO - Processing /home/oury/.local/lib/python3.10/site-packages/airflow/example_dags/example_xcom.py took 0.119 seconds
[2022-06-22 12:02:22,293] {processor.py:153} INFO - Started process (PID=14270) to work on /home/oury/.local/lib/python3.10/site-packages/airflow/example_dags/example_xcom.py
[2022-06-22 12:02:22,298] {processor.py:641} INFO - Processing file /home/oury/.local/lib/python3.10/site-packages/airflow/example_dags/example_xcom.py for tasks to queue
[2022-06-22 12:02:22,299] {logging_mixin.py:115} INFO - [2022-06-22 12:02:22,299] {dagbag.py:507} INFO - Filling up the DagBag from /home/oury/.local/lib/python3.10/site-packages/airflow/example_dags/example_xcom.py
[2022-06-22 12:02:22,339] {processor.py:651} INFO - DAG(s) dict_keys(['example_xcom']) retrieved from /home/oury/.local/lib/python3.10/site-packages/airflow/example_dags/example_xcom.py
[2022-06-22 12:02:22,367] {logging_mixin.py:115} INFO - [2022-06-22 12:02:22,367] {dag.py:2379} INFO - Sync 1 DAGs
[2022-06-22 12:02:22,415] {logging_mixin.py:115} INFO - [2022-06-22 12:02:22,414] {dag.py:2923} INFO - Setting next_dagrun for example_xcom to 2021-01-01T00:00:00+00:00, run_after=2021-01-01T00:00:00+00:00
[2022-06-22 12:02:22,438] {processor.py:161} INFO - Processing /home/oury/.local/lib/python3.10/site-packages/airflow/example_dags/example_xcom.py took 0.151 seconds
[2022-06-22 12:03:13,477] {processor.py:153} INFO - Started process (PID=14308) to work on /home/oury/.local/lib/python3.10/site-packages/airflow/example_dags/example_xcom.py
[2022-06-22 12:03:13,477] {processor.py:641} INFO - Processing file /home/oury/.local/lib/python3.10/site-packages/airflow/example_dags/example_xcom.py for tasks to queue
[2022-06-22 12:03:13,478] {logging_mixin.py:115} INFO - [2022-06-22 12:03:13,478] {dagbag.py:507} INFO - Filling up the DagBag from /home/oury/.local/lib/python3.10/site-packages/airflow/example_dags/example_xcom.py
[2022-06-22 12:03:13,513] {processor.py:651} INFO - DAG(s) dict_keys(['example_xcom']) retrieved from /home/oury/.local/lib/python3.10/site-packages/airflow/example_dags/example_xcom.py
[2022-06-22 12:03:13,538] {logging_mixin.py:115} INFO - [2022-06-22 12:03:13,538] {dag.py:2379} INFO - Sync 1 DAGs
[2022-06-22 12:03:13,574] {logging_mixin.py:115} INFO - [2022-06-22 12:03:13,573] {dag.py:2923} INFO - Setting next_dagrun for example_xcom to 2021-01-01T00:00:00+00:00, run_after=2021-01-01T00:00:00+00:00
[2022-06-22 12:03:13,620] {processor.py:161} INFO - Processing /home/oury/.local/lib/python3.10/site-packages/airflow/example_dags/example_xcom.py took 0.146 seconds
[2022-06-22 12:03:55,496] {processor.py:153} INFO - Started process (PID=14346) to work on /home/oury/.local/lib/python3.10/site-packages/airflow/example_dags/example_xcom.py
[2022-06-22 12:03:55,497] {processor.py:641} INFO - Processing file /home/oury/.local/lib/python3.10/site-packages/airflow/example_dags/example_xcom.py for tasks to queue
[2022-06-22 12:03:55,499] {logging_mixin.py:115} INFO - [2022-06-22 12:03:55,498] {dagbag.py:507} INFO - Filling up the DagBag from /home/oury/.local/lib/python3.10/site-packages/airflow/example_dags/example_xcom.py
[2022-06-22 12:03:55,557] {processor.py:651} INFO - DAG(s) dict_keys(['example_xcom']) retrieved from /home/oury/.local/lib/python3.10/site-packages/airflow/example_dags/example_xcom.py
[2022-06-22 12:03:55,582] {logging_mixin.py:115} INFO - [2022-06-22 12:03:55,582] {dag.py:2379} INFO - Sync 1 DAGs
[2022-06-22 12:03:55,608] {logging_mixin.py:115} INFO - [2022-06-22 12:03:55,608] {dag.py:2923} INFO - Setting next_dagrun for example_xcom to 2021-01-01T00:00:00+00:00, run_after=2021-01-01T00:00:00+00:00
[2022-06-22 12:03:55,638] {processor.py:161} INFO - Processing /home/oury/.local/lib/python3.10/site-packages/airflow/example_dags/example_xcom.py took 0.147 seconds
[2022-06-22 12:04:47,380] {processor.py:153} INFO - Started process (PID=14395) to work on /home/oury/.local/lib/python3.10/site-packages/airflow/example_dags/example_xcom.py
[2022-06-22 12:04:47,382] {processor.py:641} INFO - Processing file /home/oury/.local/lib/python3.10/site-packages/airflow/example_dags/example_xcom.py for tasks to queue
[2022-06-22 12:04:47,383] {logging_mixin.py:115} INFO - [2022-06-22 12:04:47,383] {dagbag.py:507} INFO - Filling up the DagBag from /home/oury/.local/lib/python3.10/site-packages/airflow/example_dags/example_xcom.py
[2022-06-22 12:04:47,453] {processor.py:651} INFO - DAG(s) dict_keys(['example_xcom']) retrieved from /home/oury/.local/lib/python3.10/site-packages/airflow/example_dags/example_xcom.py
[2022-06-22 12:04:47,480] {logging_mixin.py:115} INFO - [2022-06-22 12:04:47,480] {dag.py:2379} INFO - Sync 1 DAGs
[2022-06-22 12:04:47,510] {logging_mixin.py:115} INFO - [2022-06-22 12:04:47,510] {dag.py:2923} INFO - Setting next_dagrun for example_xcom to 2021-01-01T00:00:00+00:00, run_after=2021-01-01T00:00:00+00:00
[2022-06-22 12:04:47,718] {processor.py:161} INFO - Processing /home/oury/.local/lib/python3.10/site-packages/airflow/example_dags/example_xcom.py took 0.342 seconds
