[2022-06-22 11:41:03,198] {processor.py:153} INFO - Started process (PID=11664) to work on /home/oury/.local/lib/python3.10/site-packages/airflow/example_dags/example_trigger_target_dag.py
[2022-06-22 11:41:03,198] {processor.py:641} INFO - Processing file /home/oury/.local/lib/python3.10/site-packages/airflow/example_dags/example_trigger_target_dag.py for tasks to queue
[2022-06-22 11:41:03,199] {logging_mixin.py:115} INFO - [2022-06-22 11:41:03,199] {dagbag.py:507} INFO - Filling up the DagBag from /home/oury/.local/lib/python3.10/site-packages/airflow/example_dags/example_trigger_target_dag.py
[2022-06-22 11:41:03,231] {processor.py:651} INFO - DAG(s) dict_keys(['example_trigger_target_dag']) retrieved from /home/oury/.local/lib/python3.10/site-packages/airflow/example_dags/example_trigger_target_dag.py
[2022-06-22 11:41:03,296] {logging_mixin.py:115} INFO - [2022-06-22 11:41:03,295] {dag.py:2379} INFO - Sync 1 DAGs
[2022-06-22 11:41:03,314] {logging_mixin.py:115} INFO - [2022-06-22 11:41:03,313] {dag.py:2398} INFO - Creating ORM DAG for example_trigger_target_dag
[2022-06-22 11:41:03,330] {logging_mixin.py:115} INFO - [2022-06-22 11:41:03,330] {dag.py:2923} INFO - Setting next_dagrun for example_trigger_target_dag to None, run_after=None
[2022-06-22 11:41:03,378] {processor.py:161} INFO - Processing /home/oury/.local/lib/python3.10/site-packages/airflow/example_dags/example_trigger_target_dag.py took 0.187 seconds
[2022-06-22 11:42:16,652] {processor.py:153} INFO - Started process (PID=11945) to work on /home/oury/.local/lib/python3.10/site-packages/airflow/example_dags/example_trigger_target_dag.py
[2022-06-22 11:42:16,660] {processor.py:641} INFO - Processing file /home/oury/.local/lib/python3.10/site-packages/airflow/example_dags/example_trigger_target_dag.py for tasks to queue
[2022-06-22 11:42:16,665] {logging_mixin.py:115} INFO - [2022-06-22 11:42:16,663] {dagbag.py:507} INFO - Filling up the DagBag from /home/oury/.local/lib/python3.10/site-packages/airflow/example_dags/example_trigger_target_dag.py
[2022-06-22 11:42:16,767] {processor.py:651} INFO - DAG(s) dict_keys(['example_trigger_target_dag']) retrieved from /home/oury/.local/lib/python3.10/site-packages/airflow/example_dags/example_trigger_target_dag.py
[2022-06-22 11:42:16,815] {logging_mixin.py:115} INFO - [2022-06-22 11:42:16,815] {dag.py:2379} INFO - Sync 1 DAGs
[2022-06-22 11:42:16,930] {logging_mixin.py:115} INFO - [2022-06-22 11:42:16,930] {dag.py:2923} INFO - Setting next_dagrun for example_trigger_target_dag to None, run_after=None
[2022-06-22 11:42:16,989] {processor.py:161} INFO - Processing /home/oury/.local/lib/python3.10/site-packages/airflow/example_dags/example_trigger_target_dag.py took 0.357 seconds
[2022-06-22 11:43:08,174] {processor.py:153} INFO - Started process (PID=12219) to work on /home/oury/.local/lib/python3.10/site-packages/airflow/example_dags/example_trigger_target_dag.py
[2022-06-22 11:43:08,182] {processor.py:641} INFO - Processing file /home/oury/.local/lib/python3.10/site-packages/airflow/example_dags/example_trigger_target_dag.py for tasks to queue
[2022-06-22 11:43:08,188] {logging_mixin.py:115} INFO - [2022-06-22 11:43:08,185] {dagbag.py:507} INFO - Filling up the DagBag from /home/oury/.local/lib/python3.10/site-packages/airflow/example_dags/example_trigger_target_dag.py
[2022-06-22 11:43:08,403] {processor.py:651} INFO - DAG(s) dict_keys(['example_trigger_target_dag']) retrieved from /home/oury/.local/lib/python3.10/site-packages/airflow/example_dags/example_trigger_target_dag.py
[2022-06-22 11:43:08,476] {logging_mixin.py:115} INFO - [2022-06-22 11:43:08,475] {dag.py:2379} INFO - Sync 1 DAGs
[2022-06-22 11:43:08,529] {logging_mixin.py:115} INFO - [2022-06-22 11:43:08,529] {dag.py:2923} INFO - Setting next_dagrun for example_trigger_target_dag to None, run_after=None
[2022-06-22 11:43:08,577] {processor.py:161} INFO - Processing /home/oury/.local/lib/python3.10/site-packages/airflow/example_dags/example_trigger_target_dag.py took 0.426 seconds
[2022-06-22 11:43:54,606] {processor.py:153} INFO - Started process (PID=12390) to work on /home/oury/.local/lib/python3.10/site-packages/airflow/example_dags/example_trigger_target_dag.py
[2022-06-22 11:43:54,607] {processor.py:641} INFO - Processing file /home/oury/.local/lib/python3.10/site-packages/airflow/example_dags/example_trigger_target_dag.py for tasks to queue
[2022-06-22 11:43:54,608] {logging_mixin.py:115} INFO - [2022-06-22 11:43:54,608] {dagbag.py:507} INFO - Filling up the DagBag from /home/oury/.local/lib/python3.10/site-packages/airflow/example_dags/example_trigger_target_dag.py
[2022-06-22 11:43:54,638] {processor.py:651} INFO - DAG(s) dict_keys(['example_trigger_target_dag']) retrieved from /home/oury/.local/lib/python3.10/site-packages/airflow/example_dags/example_trigger_target_dag.py
[2022-06-22 11:43:54,661] {logging_mixin.py:115} INFO - [2022-06-22 11:43:54,661] {dag.py:2379} INFO - Sync 1 DAGs
[2022-06-22 11:43:54,690] {logging_mixin.py:115} INFO - [2022-06-22 11:43:54,690] {dag.py:2923} INFO - Setting next_dagrun for example_trigger_target_dag to None, run_after=None
[2022-06-22 11:43:54,863] {processor.py:161} INFO - Processing /home/oury/.local/lib/python3.10/site-packages/airflow/example_dags/example_trigger_target_dag.py took 0.260 seconds
[2022-06-22 11:44:29,073] {processor.py:153} INFO - Started process (PID=12427) to work on /home/oury/.local/lib/python3.10/site-packages/airflow/example_dags/example_trigger_target_dag.py
[2022-06-22 11:44:29,074] {processor.py:641} INFO - Processing file /home/oury/.local/lib/python3.10/site-packages/airflow/example_dags/example_trigger_target_dag.py for tasks to queue
[2022-06-22 11:44:29,074] {logging_mixin.py:115} INFO - [2022-06-22 11:44:29,074] {dagbag.py:507} INFO - Filling up the DagBag from /home/oury/.local/lib/python3.10/site-packages/airflow/example_dags/example_trigger_target_dag.py
[2022-06-22 11:44:29,102] {processor.py:651} INFO - DAG(s) dict_keys(['example_trigger_target_dag']) retrieved from /home/oury/.local/lib/python3.10/site-packages/airflow/example_dags/example_trigger_target_dag.py
[2022-06-22 11:44:29,121] {logging_mixin.py:115} INFO - [2022-06-22 11:44:29,121] {dag.py:2379} INFO - Sync 1 DAGs
[2022-06-22 11:44:29,141] {logging_mixin.py:115} INFO - [2022-06-22 11:44:29,141] {dag.py:2923} INFO - Setting next_dagrun for example_trigger_target_dag to None, run_after=None
[2022-06-22 11:44:29,335] {processor.py:161} INFO - Processing /home/oury/.local/lib/python3.10/site-packages/airflow/example_dags/example_trigger_target_dag.py took 0.265 seconds
[2022-06-22 11:45:20,689] {processor.py:153} INFO - Started process (PID=12552) to work on /home/oury/.local/lib/python3.10/site-packages/airflow/example_dags/example_trigger_target_dag.py
[2022-06-22 11:45:20,690] {processor.py:641} INFO - Processing file /home/oury/.local/lib/python3.10/site-packages/airflow/example_dags/example_trigger_target_dag.py for tasks to queue
[2022-06-22 11:45:20,691] {logging_mixin.py:115} INFO - [2022-06-22 11:45:20,691] {dagbag.py:507} INFO - Filling up the DagBag from /home/oury/.local/lib/python3.10/site-packages/airflow/example_dags/example_trigger_target_dag.py
[2022-06-22 11:45:20,714] {processor.py:651} INFO - DAG(s) dict_keys(['example_trigger_target_dag']) retrieved from /home/oury/.local/lib/python3.10/site-packages/airflow/example_dags/example_trigger_target_dag.py
[2022-06-22 11:45:20,732] {logging_mixin.py:115} INFO - [2022-06-22 11:45:20,732] {dag.py:2379} INFO - Sync 1 DAGs
[2022-06-22 11:45:20,753] {logging_mixin.py:115} INFO - [2022-06-22 11:45:20,753] {dag.py:2923} INFO - Setting next_dagrun for example_trigger_target_dag to None, run_after=None
[2022-06-22 11:45:20,767] {processor.py:161} INFO - Processing /home/oury/.local/lib/python3.10/site-packages/airflow/example_dags/example_trigger_target_dag.py took 0.081 seconds
[2022-06-22 11:46:10,611] {processor.py:153} INFO - Started process (PID=12613) to work on /home/oury/.local/lib/python3.10/site-packages/airflow/example_dags/example_trigger_target_dag.py
[2022-06-22 11:46:10,612] {processor.py:641} INFO - Processing file /home/oury/.local/lib/python3.10/site-packages/airflow/example_dags/example_trigger_target_dag.py for tasks to queue
[2022-06-22 11:46:10,613] {logging_mixin.py:115} INFO - [2022-06-22 11:46:10,613] {dagbag.py:507} INFO - Filling up the DagBag from /home/oury/.local/lib/python3.10/site-packages/airflow/example_dags/example_trigger_target_dag.py
[2022-06-22 11:46:10,651] {processor.py:651} INFO - DAG(s) dict_keys(['example_trigger_target_dag']) retrieved from /home/oury/.local/lib/python3.10/site-packages/airflow/example_dags/example_trigger_target_dag.py
[2022-06-22 11:46:10,672] {logging_mixin.py:115} INFO - [2022-06-22 11:46:10,672] {dag.py:2379} INFO - Sync 1 DAGs
[2022-06-22 11:46:10,705] {logging_mixin.py:115} INFO - [2022-06-22 11:46:10,705] {dag.py:2923} INFO - Setting next_dagrun for example_trigger_target_dag to None, run_after=None
[2022-06-22 11:46:10,722] {processor.py:161} INFO - Processing /home/oury/.local/lib/python3.10/site-packages/airflow/example_dags/example_trigger_target_dag.py took 0.113 seconds
[2022-06-22 11:46:52,316] {processor.py:153} INFO - Started process (PID=12732) to work on /home/oury/.local/lib/python3.10/site-packages/airflow/example_dags/example_trigger_target_dag.py
[2022-06-22 11:46:52,316] {processor.py:641} INFO - Processing file /home/oury/.local/lib/python3.10/site-packages/airflow/example_dags/example_trigger_target_dag.py for tasks to queue
[2022-06-22 11:46:52,317] {logging_mixin.py:115} INFO - [2022-06-22 11:46:52,317] {dagbag.py:507} INFO - Filling up the DagBag from /home/oury/.local/lib/python3.10/site-packages/airflow/example_dags/example_trigger_target_dag.py
[2022-06-22 11:46:52,345] {processor.py:651} INFO - DAG(s) dict_keys(['example_trigger_target_dag']) retrieved from /home/oury/.local/lib/python3.10/site-packages/airflow/example_dags/example_trigger_target_dag.py
[2022-06-22 11:46:52,360] {logging_mixin.py:115} INFO - [2022-06-22 11:46:52,360] {dag.py:2379} INFO - Sync 1 DAGs
[2022-06-22 11:46:52,385] {logging_mixin.py:115} INFO - [2022-06-22 11:46:52,385] {dag.py:2923} INFO - Setting next_dagrun for example_trigger_target_dag to None, run_after=None
[2022-06-22 11:46:52,413] {processor.py:161} INFO - Processing /home/oury/.local/lib/python3.10/site-packages/airflow/example_dags/example_trigger_target_dag.py took 0.100 seconds
[2022-06-22 11:47:40,321] {processor.py:153} INFO - Started process (PID=12781) to work on /home/oury/.local/lib/python3.10/site-packages/airflow/example_dags/example_trigger_target_dag.py
[2022-06-22 11:47:40,322] {processor.py:641} INFO - Processing file /home/oury/.local/lib/python3.10/site-packages/airflow/example_dags/example_trigger_target_dag.py for tasks to queue
[2022-06-22 11:47:40,323] {logging_mixin.py:115} INFO - [2022-06-22 11:47:40,322] {dagbag.py:507} INFO - Filling up the DagBag from /home/oury/.local/lib/python3.10/site-packages/airflow/example_dags/example_trigger_target_dag.py
[2022-06-22 11:47:40,347] {processor.py:651} INFO - DAG(s) dict_keys(['example_trigger_target_dag']) retrieved from /home/oury/.local/lib/python3.10/site-packages/airflow/example_dags/example_trigger_target_dag.py
[2022-06-22 11:47:40,365] {logging_mixin.py:115} INFO - [2022-06-22 11:47:40,365] {dag.py:2379} INFO - Sync 1 DAGs
[2022-06-22 11:47:40,395] {logging_mixin.py:115} INFO - [2022-06-22 11:47:40,394] {dag.py:2923} INFO - Setting next_dagrun for example_trigger_target_dag to None, run_after=None
[2022-06-22 11:47:40,429] {processor.py:161} INFO - Processing /home/oury/.local/lib/python3.10/site-packages/airflow/example_dags/example_trigger_target_dag.py took 0.110 seconds
[2022-06-22 11:48:28,112] {processor.py:153} INFO - Started process (PID=12841) to work on /home/oury/.local/lib/python3.10/site-packages/airflow/example_dags/example_trigger_target_dag.py
[2022-06-22 11:48:28,113] {processor.py:641} INFO - Processing file /home/oury/.local/lib/python3.10/site-packages/airflow/example_dags/example_trigger_target_dag.py for tasks to queue
[2022-06-22 11:48:28,113] {logging_mixin.py:115} INFO - [2022-06-22 11:48:28,113] {dagbag.py:507} INFO - Filling up the DagBag from /home/oury/.local/lib/python3.10/site-packages/airflow/example_dags/example_trigger_target_dag.py
[2022-06-22 11:48:28,138] {processor.py:651} INFO - DAG(s) dict_keys(['example_trigger_target_dag']) retrieved from /home/oury/.local/lib/python3.10/site-packages/airflow/example_dags/example_trigger_target_dag.py
[2022-06-22 11:48:28,153] {logging_mixin.py:115} INFO - [2022-06-22 11:48:28,153] {dag.py:2379} INFO - Sync 1 DAGs
[2022-06-22 11:48:28,172] {logging_mixin.py:115} INFO - [2022-06-22 11:48:28,172] {dag.py:2923} INFO - Setting next_dagrun for example_trigger_target_dag to None, run_after=None
[2022-06-22 11:48:28,186] {processor.py:161} INFO - Processing /home/oury/.local/lib/python3.10/site-packages/airflow/example_dags/example_trigger_target_dag.py took 0.076 seconds
[2022-06-22 11:49:06,859] {processor.py:153} INFO - Started process (PID=12902) to work on /home/oury/.local/lib/python3.10/site-packages/airflow/example_dags/example_trigger_target_dag.py
[2022-06-22 11:49:06,860] {processor.py:641} INFO - Processing file /home/oury/.local/lib/python3.10/site-packages/airflow/example_dags/example_trigger_target_dag.py for tasks to queue
[2022-06-22 11:49:06,861] {logging_mixin.py:115} INFO - [2022-06-22 11:49:06,860] {dagbag.py:507} INFO - Filling up the DagBag from /home/oury/.local/lib/python3.10/site-packages/airflow/example_dags/example_trigger_target_dag.py
[2022-06-22 11:49:06,888] {processor.py:651} INFO - DAG(s) dict_keys(['example_trigger_target_dag']) retrieved from /home/oury/.local/lib/python3.10/site-packages/airflow/example_dags/example_trigger_target_dag.py
[2022-06-22 11:49:06,909] {logging_mixin.py:115} INFO - [2022-06-22 11:49:06,909] {dag.py:2379} INFO - Sync 1 DAGs
[2022-06-22 11:49:06,932] {logging_mixin.py:115} INFO - [2022-06-22 11:49:06,931] {dag.py:2923} INFO - Setting next_dagrun for example_trigger_target_dag to None, run_after=None
[2022-06-22 11:49:06,948] {processor.py:161} INFO - Processing /home/oury/.local/lib/python3.10/site-packages/airflow/example_dags/example_trigger_target_dag.py took 0.092 seconds
[2022-06-22 11:49:46,634] {processor.py:153} INFO - Started process (PID=12958) to work on /home/oury/.local/lib/python3.10/site-packages/airflow/example_dags/example_trigger_target_dag.py
[2022-06-22 11:49:46,635] {processor.py:641} INFO - Processing file /home/oury/.local/lib/python3.10/site-packages/airflow/example_dags/example_trigger_target_dag.py for tasks to queue
[2022-06-22 11:49:46,637] {logging_mixin.py:115} INFO - [2022-06-22 11:49:46,637] {dagbag.py:507} INFO - Filling up the DagBag from /home/oury/.local/lib/python3.10/site-packages/airflow/example_dags/example_trigger_target_dag.py
[2022-06-22 11:49:46,705] {processor.py:651} INFO - DAG(s) dict_keys(['example_trigger_target_dag']) retrieved from /home/oury/.local/lib/python3.10/site-packages/airflow/example_dags/example_trigger_target_dag.py
[2022-06-22 11:49:46,732] {logging_mixin.py:115} INFO - [2022-06-22 11:49:46,732] {dag.py:2379} INFO - Sync 1 DAGs
[2022-06-22 11:49:46,763] {logging_mixin.py:115} INFO - [2022-06-22 11:49:46,763] {dag.py:2923} INFO - Setting next_dagrun for example_trigger_target_dag to None, run_after=None
[2022-06-22 11:49:46,781] {processor.py:161} INFO - Processing /home/oury/.local/lib/python3.10/site-packages/airflow/example_dags/example_trigger_target_dag.py took 0.151 seconds
[2022-06-22 11:50:25,555] {processor.py:153} INFO - Started process (PID=13077) to work on /home/oury/.local/lib/python3.10/site-packages/airflow/example_dags/example_trigger_target_dag.py
[2022-06-22 11:50:25,556] {processor.py:641} INFO - Processing file /home/oury/.local/lib/python3.10/site-packages/airflow/example_dags/example_trigger_target_dag.py for tasks to queue
[2022-06-22 11:50:25,556] {logging_mixin.py:115} INFO - [2022-06-22 11:50:25,556] {dagbag.py:507} INFO - Filling up the DagBag from /home/oury/.local/lib/python3.10/site-packages/airflow/example_dags/example_trigger_target_dag.py
[2022-06-22 11:50:25,602] {processor.py:651} INFO - DAG(s) dict_keys(['example_trigger_target_dag']) retrieved from /home/oury/.local/lib/python3.10/site-packages/airflow/example_dags/example_trigger_target_dag.py
[2022-06-22 11:50:25,626] {logging_mixin.py:115} INFO - [2022-06-22 11:50:25,626] {dag.py:2379} INFO - Sync 1 DAGs
[2022-06-22 11:50:25,663] {logging_mixin.py:115} INFO - [2022-06-22 11:50:25,663] {dag.py:2923} INFO - Setting next_dagrun for example_trigger_target_dag to None, run_after=None
[2022-06-22 11:50:25,713] {processor.py:161} INFO - Processing /home/oury/.local/lib/python3.10/site-packages/airflow/example_dags/example_trigger_target_dag.py took 0.163 seconds
[2022-06-22 11:51:49,455] {processor.py:153} INFO - Started process (PID=13446) to work on /home/oury/.local/lib/python3.10/site-packages/airflow/example_dags/example_trigger_target_dag.py
[2022-06-22 11:51:49,465] {processor.py:641} INFO - Processing file /home/oury/.local/lib/python3.10/site-packages/airflow/example_dags/example_trigger_target_dag.py for tasks to queue
[2022-06-22 11:51:49,467] {logging_mixin.py:115} INFO - [2022-06-22 11:51:49,466] {dagbag.py:507} INFO - Filling up the DagBag from /home/oury/.local/lib/python3.10/site-packages/airflow/example_dags/example_trigger_target_dag.py
[2022-06-22 11:51:49,519] {processor.py:651} INFO - DAG(s) dict_keys(['example_trigger_target_dag']) retrieved from /home/oury/.local/lib/python3.10/site-packages/airflow/example_dags/example_trigger_target_dag.py
[2022-06-22 11:51:49,553] {logging_mixin.py:115} INFO - [2022-06-22 11:51:49,553] {dag.py:2379} INFO - Sync 1 DAGs
[2022-06-22 11:51:49,615] {logging_mixin.py:115} INFO - [2022-06-22 11:51:49,614] {dag.py:2923} INFO - Setting next_dagrun for example_trigger_target_dag to None, run_after=None
[2022-06-22 11:51:49,800] {processor.py:161} INFO - Processing /home/oury/.local/lib/python3.10/site-packages/airflow/example_dags/example_trigger_target_dag.py took 0.354 seconds
[2022-06-22 11:52:47,963] {processor.py:153} INFO - Started process (PID=13549) to work on /home/oury/.local/lib/python3.10/site-packages/airflow/example_dags/example_trigger_target_dag.py
[2022-06-22 11:52:48,027] {processor.py:641} INFO - Processing file /home/oury/.local/lib/python3.10/site-packages/airflow/example_dags/example_trigger_target_dag.py for tasks to queue
[2022-06-22 11:52:48,028] {logging_mixin.py:115} INFO - [2022-06-22 11:52:48,027] {dagbag.py:507} INFO - Filling up the DagBag from /home/oury/.local/lib/python3.10/site-packages/airflow/example_dags/example_trigger_target_dag.py
[2022-06-22 11:52:48,206] {processor.py:651} INFO - DAG(s) dict_keys(['example_trigger_target_dag']) retrieved from /home/oury/.local/lib/python3.10/site-packages/airflow/example_dags/example_trigger_target_dag.py
[2022-06-22 11:52:48,239] {logging_mixin.py:115} INFO - [2022-06-22 11:52:48,239] {dag.py:2379} INFO - Sync 1 DAGs
[2022-06-22 11:52:48,295] {logging_mixin.py:115} INFO - [2022-06-22 11:52:48,295] {dag.py:2923} INFO - Setting next_dagrun for example_trigger_target_dag to None, run_after=None
[2022-06-22 11:52:48,444] {processor.py:161} INFO - Processing /home/oury/.local/lib/python3.10/site-packages/airflow/example_dags/example_trigger_target_dag.py took 0.487 seconds
[2022-06-22 11:53:35,116] {processor.py:153} INFO - Started process (PID=13590) to work on /home/oury/.local/lib/python3.10/site-packages/airflow/example_dags/example_trigger_target_dag.py
[2022-06-22 11:53:35,117] {processor.py:641} INFO - Processing file /home/oury/.local/lib/python3.10/site-packages/airflow/example_dags/example_trigger_target_dag.py for tasks to queue
[2022-06-22 11:53:35,118] {logging_mixin.py:115} INFO - [2022-06-22 11:53:35,118] {dagbag.py:507} INFO - Filling up the DagBag from /home/oury/.local/lib/python3.10/site-packages/airflow/example_dags/example_trigger_target_dag.py
[2022-06-22 11:53:35,154] {processor.py:651} INFO - DAG(s) dict_keys(['example_trigger_target_dag']) retrieved from /home/oury/.local/lib/python3.10/site-packages/airflow/example_dags/example_trigger_target_dag.py
[2022-06-22 11:53:35,170] {logging_mixin.py:115} INFO - [2022-06-22 11:53:35,170] {dag.py:2379} INFO - Sync 1 DAGs
[2022-06-22 11:53:35,188] {logging_mixin.py:115} INFO - [2022-06-22 11:53:35,188] {dag.py:2923} INFO - Setting next_dagrun for example_trigger_target_dag to None, run_after=None
[2022-06-22 11:53:35,206] {processor.py:161} INFO - Processing /home/oury/.local/lib/python3.10/site-packages/airflow/example_dags/example_trigger_target_dag.py took 0.093 seconds
[2022-06-22 11:54:26,014] {processor.py:153} INFO - Started process (PID=13639) to work on /home/oury/.local/lib/python3.10/site-packages/airflow/example_dags/example_trigger_target_dag.py
[2022-06-22 11:54:26,015] {processor.py:641} INFO - Processing file /home/oury/.local/lib/python3.10/site-packages/airflow/example_dags/example_trigger_target_dag.py for tasks to queue
[2022-06-22 11:54:26,016] {logging_mixin.py:115} INFO - [2022-06-22 11:54:26,016] {dagbag.py:507} INFO - Filling up the DagBag from /home/oury/.local/lib/python3.10/site-packages/airflow/example_dags/example_trigger_target_dag.py
[2022-06-22 11:54:26,056] {processor.py:651} INFO - DAG(s) dict_keys(['example_trigger_target_dag']) retrieved from /home/oury/.local/lib/python3.10/site-packages/airflow/example_dags/example_trigger_target_dag.py
[2022-06-22 11:54:26,081] {logging_mixin.py:115} INFO - [2022-06-22 11:54:26,080] {dag.py:2379} INFO - Sync 1 DAGs
[2022-06-22 11:54:26,124] {logging_mixin.py:115} INFO - [2022-06-22 11:54:26,124] {dag.py:2923} INFO - Setting next_dagrun for example_trigger_target_dag to None, run_after=None
[2022-06-22 11:54:26,165] {processor.py:161} INFO - Processing /home/oury/.local/lib/python3.10/site-packages/airflow/example_dags/example_trigger_target_dag.py took 0.154 seconds
[2022-06-22 11:55:05,388] {processor.py:153} INFO - Started process (PID=13810) to work on /home/oury/.local/lib/python3.10/site-packages/airflow/example_dags/example_trigger_target_dag.py
[2022-06-22 11:55:05,389] {processor.py:641} INFO - Processing file /home/oury/.local/lib/python3.10/site-packages/airflow/example_dags/example_trigger_target_dag.py for tasks to queue
[2022-06-22 11:55:05,389] {logging_mixin.py:115} INFO - [2022-06-22 11:55:05,389] {dagbag.py:507} INFO - Filling up the DagBag from /home/oury/.local/lib/python3.10/site-packages/airflow/example_dags/example_trigger_target_dag.py
[2022-06-22 11:55:05,413] {processor.py:651} INFO - DAG(s) dict_keys(['example_trigger_target_dag']) retrieved from /home/oury/.local/lib/python3.10/site-packages/airflow/example_dags/example_trigger_target_dag.py
[2022-06-22 11:55:05,428] {logging_mixin.py:115} INFO - [2022-06-22 11:55:05,428] {dag.py:2379} INFO - Sync 1 DAGs
[2022-06-22 11:55:05,448] {logging_mixin.py:115} INFO - [2022-06-22 11:55:05,448] {dag.py:2923} INFO - Setting next_dagrun for example_trigger_target_dag to None, run_after=None
[2022-06-22 11:55:05,461] {processor.py:161} INFO - Processing /home/oury/.local/lib/python3.10/site-packages/airflow/example_dags/example_trigger_target_dag.py took 0.076 seconds
[2022-06-22 11:55:39,141] {processor.py:153} INFO - Started process (PID=13841) to work on /home/oury/.local/lib/python3.10/site-packages/airflow/example_dags/example_trigger_target_dag.py
[2022-06-22 11:55:39,142] {processor.py:641} INFO - Processing file /home/oury/.local/lib/python3.10/site-packages/airflow/example_dags/example_trigger_target_dag.py for tasks to queue
[2022-06-22 11:55:39,143] {logging_mixin.py:115} INFO - [2022-06-22 11:55:39,142] {dagbag.py:507} INFO - Filling up the DagBag from /home/oury/.local/lib/python3.10/site-packages/airflow/example_dags/example_trigger_target_dag.py
[2022-06-22 11:55:39,169] {processor.py:651} INFO - DAG(s) dict_keys(['example_trigger_target_dag']) retrieved from /home/oury/.local/lib/python3.10/site-packages/airflow/example_dags/example_trigger_target_dag.py
[2022-06-22 11:55:39,186] {logging_mixin.py:115} INFO - [2022-06-22 11:55:39,186] {dag.py:2379} INFO - Sync 1 DAGs
[2022-06-22 11:55:39,209] {logging_mixin.py:115} INFO - [2022-06-22 11:55:39,209] {dag.py:2923} INFO - Setting next_dagrun for example_trigger_target_dag to None, run_after=None
[2022-06-22 11:55:39,226] {processor.py:161} INFO - Processing /home/oury/.local/lib/python3.10/site-packages/airflow/example_dags/example_trigger_target_dag.py took 0.089 seconds
[2022-06-22 11:56:21,085] {processor.py:153} INFO - Started process (PID=13881) to work on /home/oury/.local/lib/python3.10/site-packages/airflow/example_dags/example_trigger_target_dag.py
[2022-06-22 11:56:21,086] {processor.py:641} INFO - Processing file /home/oury/.local/lib/python3.10/site-packages/airflow/example_dags/example_trigger_target_dag.py for tasks to queue
[2022-06-22 11:56:21,086] {logging_mixin.py:115} INFO - [2022-06-22 11:56:21,086] {dagbag.py:507} INFO - Filling up the DagBag from /home/oury/.local/lib/python3.10/site-packages/airflow/example_dags/example_trigger_target_dag.py
[2022-06-22 11:56:21,110] {processor.py:651} INFO - DAG(s) dict_keys(['example_trigger_target_dag']) retrieved from /home/oury/.local/lib/python3.10/site-packages/airflow/example_dags/example_trigger_target_dag.py
[2022-06-22 11:56:21,132] {logging_mixin.py:115} INFO - [2022-06-22 11:56:21,132] {dag.py:2379} INFO - Sync 1 DAGs
[2022-06-22 11:56:21,164] {logging_mixin.py:115} INFO - [2022-06-22 11:56:21,164] {dag.py:2923} INFO - Setting next_dagrun for example_trigger_target_dag to None, run_after=None
[2022-06-22 11:56:21,180] {processor.py:161} INFO - Processing /home/oury/.local/lib/python3.10/site-packages/airflow/example_dags/example_trigger_target_dag.py took 0.098 seconds
[2022-06-22 11:57:18,989] {processor.py:153} INFO - Started process (PID=13991) to work on /home/oury/.local/lib/python3.10/site-packages/airflow/example_dags/example_trigger_target_dag.py
[2022-06-22 11:57:18,992] {processor.py:641} INFO - Processing file /home/oury/.local/lib/python3.10/site-packages/airflow/example_dags/example_trigger_target_dag.py for tasks to queue
[2022-06-22 11:57:19,010] {logging_mixin.py:115} INFO - [2022-06-22 11:57:19,009] {dagbag.py:507} INFO - Filling up the DagBag from /home/oury/.local/lib/python3.10/site-packages/airflow/example_dags/example_trigger_target_dag.py
[2022-06-22 11:57:19,083] {processor.py:651} INFO - DAG(s) dict_keys(['example_trigger_target_dag']) retrieved from /home/oury/.local/lib/python3.10/site-packages/airflow/example_dags/example_trigger_target_dag.py
[2022-06-22 11:57:19,130] {logging_mixin.py:115} INFO - [2022-06-22 11:57:19,130] {dag.py:2379} INFO - Sync 1 DAGs
[2022-06-22 11:57:19,186] {logging_mixin.py:115} INFO - [2022-06-22 11:57:19,185] {dag.py:2923} INFO - Setting next_dagrun for example_trigger_target_dag to None, run_after=None
[2022-06-22 11:57:19,237] {processor.py:161} INFO - Processing /home/oury/.local/lib/python3.10/site-packages/airflow/example_dags/example_trigger_target_dag.py took 0.261 seconds
[2022-06-22 11:57:59,660] {processor.py:153} INFO - Started process (PID=14030) to work on /home/oury/.local/lib/python3.10/site-packages/airflow/example_dags/example_trigger_target_dag.py
[2022-06-22 11:57:59,660] {processor.py:641} INFO - Processing file /home/oury/.local/lib/python3.10/site-packages/airflow/example_dags/example_trigger_target_dag.py for tasks to queue
[2022-06-22 11:57:59,661] {logging_mixin.py:115} INFO - [2022-06-22 11:57:59,661] {dagbag.py:507} INFO - Filling up the DagBag from /home/oury/.local/lib/python3.10/site-packages/airflow/example_dags/example_trigger_target_dag.py
[2022-06-22 11:57:59,690] {processor.py:651} INFO - DAG(s) dict_keys(['example_trigger_target_dag']) retrieved from /home/oury/.local/lib/python3.10/site-packages/airflow/example_dags/example_trigger_target_dag.py
[2022-06-22 11:57:59,706] {logging_mixin.py:115} INFO - [2022-06-22 11:57:59,706] {dag.py:2379} INFO - Sync 1 DAGs
[2022-06-22 11:57:59,744] {logging_mixin.py:115} INFO - [2022-06-22 11:57:59,744] {dag.py:2923} INFO - Setting next_dagrun for example_trigger_target_dag to None, run_after=None
[2022-06-22 11:57:59,772] {processor.py:161} INFO - Processing /home/oury/.local/lib/python3.10/site-packages/airflow/example_dags/example_trigger_target_dag.py took 0.115 seconds
[2022-06-22 11:58:36,853] {processor.py:153} INFO - Started process (PID=14064) to work on /home/oury/.local/lib/python3.10/site-packages/airflow/example_dags/example_trigger_target_dag.py
[2022-06-22 11:58:36,854] {processor.py:641} INFO - Processing file /home/oury/.local/lib/python3.10/site-packages/airflow/example_dags/example_trigger_target_dag.py for tasks to queue
[2022-06-22 11:58:36,855] {logging_mixin.py:115} INFO - [2022-06-22 11:58:36,854] {dagbag.py:507} INFO - Filling up the DagBag from /home/oury/.local/lib/python3.10/site-packages/airflow/example_dags/example_trigger_target_dag.py
[2022-06-22 11:58:36,884] {processor.py:651} INFO - DAG(s) dict_keys(['example_trigger_target_dag']) retrieved from /home/oury/.local/lib/python3.10/site-packages/airflow/example_dags/example_trigger_target_dag.py
[2022-06-22 11:58:36,904] {logging_mixin.py:115} INFO - [2022-06-22 11:58:36,904] {dag.py:2379} INFO - Sync 1 DAGs
[2022-06-22 11:58:36,928] {logging_mixin.py:115} INFO - [2022-06-22 11:58:36,928] {dag.py:2923} INFO - Setting next_dagrun for example_trigger_target_dag to None, run_after=None
[2022-06-22 11:58:36,946] {processor.py:161} INFO - Processing /home/oury/.local/lib/python3.10/site-packages/airflow/example_dags/example_trigger_target_dag.py took 0.096 seconds
[2022-06-22 11:59:15,647] {processor.py:153} INFO - Started process (PID=14102) to work on /home/oury/.local/lib/python3.10/site-packages/airflow/example_dags/example_trigger_target_dag.py
[2022-06-22 11:59:15,648] {processor.py:641} INFO - Processing file /home/oury/.local/lib/python3.10/site-packages/airflow/example_dags/example_trigger_target_dag.py for tasks to queue
[2022-06-22 11:59:15,649] {logging_mixin.py:115} INFO - [2022-06-22 11:59:15,649] {dagbag.py:507} INFO - Filling up the DagBag from /home/oury/.local/lib/python3.10/site-packages/airflow/example_dags/example_trigger_target_dag.py
[2022-06-22 11:59:15,685] {processor.py:651} INFO - DAG(s) dict_keys(['example_trigger_target_dag']) retrieved from /home/oury/.local/lib/python3.10/site-packages/airflow/example_dags/example_trigger_target_dag.py
[2022-06-22 11:59:15,711] {logging_mixin.py:115} INFO - [2022-06-22 11:59:15,711] {dag.py:2379} INFO - Sync 1 DAGs
[2022-06-22 11:59:15,755] {logging_mixin.py:115} INFO - [2022-06-22 11:59:15,754] {dag.py:2923} INFO - Setting next_dagrun for example_trigger_target_dag to None, run_after=None
[2022-06-22 11:59:15,795] {processor.py:161} INFO - Processing /home/oury/.local/lib/python3.10/site-packages/airflow/example_dags/example_trigger_target_dag.py took 0.154 seconds
[2022-06-22 11:59:53,714] {processor.py:153} INFO - Started process (PID=14142) to work on /home/oury/.local/lib/python3.10/site-packages/airflow/example_dags/example_trigger_target_dag.py
[2022-06-22 11:59:53,715] {processor.py:641} INFO - Processing file /home/oury/.local/lib/python3.10/site-packages/airflow/example_dags/example_trigger_target_dag.py for tasks to queue
[2022-06-22 11:59:53,715] {logging_mixin.py:115} INFO - [2022-06-22 11:59:53,715] {dagbag.py:507} INFO - Filling up the DagBag from /home/oury/.local/lib/python3.10/site-packages/airflow/example_dags/example_trigger_target_dag.py
[2022-06-22 11:59:53,754] {processor.py:651} INFO - DAG(s) dict_keys(['example_trigger_target_dag']) retrieved from /home/oury/.local/lib/python3.10/site-packages/airflow/example_dags/example_trigger_target_dag.py
[2022-06-22 11:59:53,799] {logging_mixin.py:115} INFO - [2022-06-22 11:59:53,798] {dag.py:2379} INFO - Sync 1 DAGs
[2022-06-22 11:59:53,828] {logging_mixin.py:115} INFO - [2022-06-22 11:59:53,828] {dag.py:2923} INFO - Setting next_dagrun for example_trigger_target_dag to None, run_after=None
[2022-06-22 11:59:53,852] {processor.py:161} INFO - Processing /home/oury/.local/lib/python3.10/site-packages/airflow/example_dags/example_trigger_target_dag.py took 0.144 seconds
[2022-06-22 12:00:36,075] {processor.py:153} INFO - Started process (PID=14173) to work on /home/oury/.local/lib/python3.10/site-packages/airflow/example_dags/example_trigger_target_dag.py
[2022-06-22 12:00:36,076] {processor.py:641} INFO - Processing file /home/oury/.local/lib/python3.10/site-packages/airflow/example_dags/example_trigger_target_dag.py for tasks to queue
[2022-06-22 12:00:36,077] {logging_mixin.py:115} INFO - [2022-06-22 12:00:36,077] {dagbag.py:507} INFO - Filling up the DagBag from /home/oury/.local/lib/python3.10/site-packages/airflow/example_dags/example_trigger_target_dag.py
[2022-06-22 12:00:36,118] {processor.py:651} INFO - DAG(s) dict_keys(['example_trigger_target_dag']) retrieved from /home/oury/.local/lib/python3.10/site-packages/airflow/example_dags/example_trigger_target_dag.py
[2022-06-22 12:00:36,137] {logging_mixin.py:115} INFO - [2022-06-22 12:00:36,137] {dag.py:2379} INFO - Sync 1 DAGs
[2022-06-22 12:00:36,190] {logging_mixin.py:115} INFO - [2022-06-22 12:00:36,190] {dag.py:2923} INFO - Setting next_dagrun for example_trigger_target_dag to None, run_after=None
[2022-06-22 12:00:36,216] {processor.py:161} INFO - Processing /home/oury/.local/lib/python3.10/site-packages/airflow/example_dags/example_trigger_target_dag.py took 0.144 seconds
[2022-06-22 12:01:13,363] {processor.py:153} INFO - Started process (PID=14208) to work on /home/oury/.local/lib/python3.10/site-packages/airflow/example_dags/example_trigger_target_dag.py
[2022-06-22 12:01:13,364] {processor.py:641} INFO - Processing file /home/oury/.local/lib/python3.10/site-packages/airflow/example_dags/example_trigger_target_dag.py for tasks to queue
[2022-06-22 12:01:13,365] {logging_mixin.py:115} INFO - [2022-06-22 12:01:13,365] {dagbag.py:507} INFO - Filling up the DagBag from /home/oury/.local/lib/python3.10/site-packages/airflow/example_dags/example_trigger_target_dag.py
[2022-06-22 12:01:13,406] {processor.py:651} INFO - DAG(s) dict_keys(['example_trigger_target_dag']) retrieved from /home/oury/.local/lib/python3.10/site-packages/airflow/example_dags/example_trigger_target_dag.py
[2022-06-22 12:01:13,433] {logging_mixin.py:115} INFO - [2022-06-22 12:01:13,433] {dag.py:2379} INFO - Sync 1 DAGs
[2022-06-22 12:01:13,475] {logging_mixin.py:115} INFO - [2022-06-22 12:01:13,475] {dag.py:2923} INFO - Setting next_dagrun for example_trigger_target_dag to None, run_after=None
[2022-06-22 12:01:13,504] {processor.py:161} INFO - Processing /home/oury/.local/lib/python3.10/site-packages/airflow/example_dags/example_trigger_target_dag.py took 0.146 seconds
[2022-06-22 12:01:51,702] {processor.py:153} INFO - Started process (PID=14240) to work on /home/oury/.local/lib/python3.10/site-packages/airflow/example_dags/example_trigger_target_dag.py
[2022-06-22 12:01:51,704] {processor.py:641} INFO - Processing file /home/oury/.local/lib/python3.10/site-packages/airflow/example_dags/example_trigger_target_dag.py for tasks to queue
[2022-06-22 12:01:51,705] {logging_mixin.py:115} INFO - [2022-06-22 12:01:51,705] {dagbag.py:507} INFO - Filling up the DagBag from /home/oury/.local/lib/python3.10/site-packages/airflow/example_dags/example_trigger_target_dag.py
[2022-06-22 12:01:51,735] {processor.py:651} INFO - DAG(s) dict_keys(['example_trigger_target_dag']) retrieved from /home/oury/.local/lib/python3.10/site-packages/airflow/example_dags/example_trigger_target_dag.py
[2022-06-22 12:01:51,782] {logging_mixin.py:115} INFO - [2022-06-22 12:01:51,782] {dag.py:2379} INFO - Sync 1 DAGs
[2022-06-22 12:01:51,824] {logging_mixin.py:115} INFO - [2022-06-22 12:01:51,823] {dag.py:2923} INFO - Setting next_dagrun for example_trigger_target_dag to None, run_after=None
[2022-06-22 12:01:51,849] {processor.py:161} INFO - Processing /home/oury/.local/lib/python3.10/site-packages/airflow/example_dags/example_trigger_target_dag.py took 0.150 seconds
[2022-06-22 12:02:31,333] {processor.py:153} INFO - Started process (PID=14277) to work on /home/oury/.local/lib/python3.10/site-packages/airflow/example_dags/example_trigger_target_dag.py
[2022-06-22 12:02:31,333] {processor.py:641} INFO - Processing file /home/oury/.local/lib/python3.10/site-packages/airflow/example_dags/example_trigger_target_dag.py for tasks to queue
[2022-06-22 12:02:31,336] {logging_mixin.py:115} INFO - [2022-06-22 12:02:31,335] {dagbag.py:507} INFO - Filling up the DagBag from /home/oury/.local/lib/python3.10/site-packages/airflow/example_dags/example_trigger_target_dag.py
[2022-06-22 12:02:31,369] {processor.py:651} INFO - DAG(s) dict_keys(['example_trigger_target_dag']) retrieved from /home/oury/.local/lib/python3.10/site-packages/airflow/example_dags/example_trigger_target_dag.py
[2022-06-22 12:02:31,392] {logging_mixin.py:115} INFO - [2022-06-22 12:02:31,392] {dag.py:2379} INFO - Sync 1 DAGs
[2022-06-22 12:02:31,422] {logging_mixin.py:115} INFO - [2022-06-22 12:02:31,422] {dag.py:2923} INFO - Setting next_dagrun for example_trigger_target_dag to None, run_after=None
[2022-06-22 12:02:31,452] {processor.py:161} INFO - Processing /home/oury/.local/lib/python3.10/site-packages/airflow/example_dags/example_trigger_target_dag.py took 0.123 seconds
[2022-06-22 12:03:23,146] {processor.py:153} INFO - Started process (PID=14316) to work on /home/oury/.local/lib/python3.10/site-packages/airflow/example_dags/example_trigger_target_dag.py
[2022-06-22 12:03:23,147] {processor.py:641} INFO - Processing file /home/oury/.local/lib/python3.10/site-packages/airflow/example_dags/example_trigger_target_dag.py for tasks to queue
[2022-06-22 12:03:23,147] {logging_mixin.py:115} INFO - [2022-06-22 12:03:23,147] {dagbag.py:507} INFO - Filling up the DagBag from /home/oury/.local/lib/python3.10/site-packages/airflow/example_dags/example_trigger_target_dag.py
[2022-06-22 12:03:23,185] {processor.py:651} INFO - DAG(s) dict_keys(['example_trigger_target_dag']) retrieved from /home/oury/.local/lib/python3.10/site-packages/airflow/example_dags/example_trigger_target_dag.py
[2022-06-22 12:03:23,213] {logging_mixin.py:115} INFO - [2022-06-22 12:03:23,212] {dag.py:2379} INFO - Sync 1 DAGs
[2022-06-22 12:03:23,263] {logging_mixin.py:115} INFO - [2022-06-22 12:03:23,263] {dag.py:2923} INFO - Setting next_dagrun for example_trigger_target_dag to None, run_after=None
[2022-06-22 12:03:23,289] {processor.py:161} INFO - Processing /home/oury/.local/lib/python3.10/site-packages/airflow/example_dags/example_trigger_target_dag.py took 0.146 seconds
[2022-06-22 12:04:03,945] {processor.py:153} INFO - Started process (PID=14354) to work on /home/oury/.local/lib/python3.10/site-packages/airflow/example_dags/example_trigger_target_dag.py
[2022-06-22 12:04:03,946] {processor.py:641} INFO - Processing file /home/oury/.local/lib/python3.10/site-packages/airflow/example_dags/example_trigger_target_dag.py for tasks to queue
[2022-06-22 12:04:03,948] {logging_mixin.py:115} INFO - [2022-06-22 12:04:03,947] {dagbag.py:507} INFO - Filling up the DagBag from /home/oury/.local/lib/python3.10/site-packages/airflow/example_dags/example_trigger_target_dag.py
[2022-06-22 12:04:03,988] {processor.py:651} INFO - DAG(s) dict_keys(['example_trigger_target_dag']) retrieved from /home/oury/.local/lib/python3.10/site-packages/airflow/example_dags/example_trigger_target_dag.py
[2022-06-22 12:04:04,029] {logging_mixin.py:115} INFO - [2022-06-22 12:04:04,029] {dag.py:2379} INFO - Sync 1 DAGs
[2022-06-22 12:04:04,074] {logging_mixin.py:115} INFO - [2022-06-22 12:04:04,073] {dag.py:2923} INFO - Setting next_dagrun for example_trigger_target_dag to None, run_after=None
[2022-06-22 12:04:04,105] {processor.py:161} INFO - Processing /home/oury/.local/lib/python3.10/site-packages/airflow/example_dags/example_trigger_target_dag.py took 0.164 seconds
[2022-06-22 12:04:43,036] {processor.py:153} INFO - Started process (PID=14388) to work on /home/oury/.local/lib/python3.10/site-packages/airflow/example_dags/example_trigger_target_dag.py
[2022-06-22 12:04:43,037] {processor.py:641} INFO - Processing file /home/oury/.local/lib/python3.10/site-packages/airflow/example_dags/example_trigger_target_dag.py for tasks to queue
[2022-06-22 12:04:43,038] {logging_mixin.py:115} INFO - [2022-06-22 12:04:43,038] {dagbag.py:507} INFO - Filling up the DagBag from /home/oury/.local/lib/python3.10/site-packages/airflow/example_dags/example_trigger_target_dag.py
[2022-06-22 12:04:43,087] {processor.py:651} INFO - DAG(s) dict_keys(['example_trigger_target_dag']) retrieved from /home/oury/.local/lib/python3.10/site-packages/airflow/example_dags/example_trigger_target_dag.py
[2022-06-22 12:04:43,110] {logging_mixin.py:115} INFO - [2022-06-22 12:04:43,110] {dag.py:2379} INFO - Sync 1 DAGs
[2022-06-22 12:04:43,137] {logging_mixin.py:115} INFO - [2022-06-22 12:04:43,137] {dag.py:2923} INFO - Setting next_dagrun for example_trigger_target_dag to None, run_after=None
[2022-06-22 12:04:43,344] {processor.py:161} INFO - Processing /home/oury/.local/lib/python3.10/site-packages/airflow/example_dags/example_trigger_target_dag.py took 0.311 seconds
