[2022-06-22 11:41:24,501] {processor.py:153} INFO - Started process (PID=11709) to work on /home/oury/.local/lib/python3.10/site-packages/airflow/example_dags/example_branch_day_of_week_operator.py
[2022-06-22 11:41:24,502] {processor.py:641} INFO - Processing file /home/oury/.local/lib/python3.10/site-packages/airflow/example_dags/example_branch_day_of_week_operator.py for tasks to queue
[2022-06-22 11:41:24,502] {logging_mixin.py:115} INFO - [2022-06-22 11:41:24,502] {dagbag.py:507} INFO - Filling up the DagBag from /home/oury/.local/lib/python3.10/site-packages/airflow/example_dags/example_branch_day_of_week_operator.py
[2022-06-22 11:41:25,137] {processor.py:651} INFO - DAG(s) dict_keys(['example_weekday_branch_operator']) retrieved from /home/oury/.local/lib/python3.10/site-packages/airflow/example_dags/example_branch_day_of_week_operator.py
[2022-06-22 11:41:38,344] {logging_mixin.py:115} INFO - [2022-06-22 11:41:38,344] {dag.py:2379} INFO - Sync 1 DAGs
[2022-06-22 11:41:38,365] {logging_mixin.py:115} INFO - [2022-06-22 11:41:38,364] {dag.py:2398} INFO - Creating ORM DAG for example_weekday_branch_operator
[2022-06-22 11:41:38,413] {logging_mixin.py:115} INFO - [2022-06-22 11:41:38,412] {dag.py:2923} INFO - Setting next_dagrun for example_weekday_branch_operator to 2022-06-21T00:00:00+00:00, run_after=2022-06-22T00:00:00+00:00
[2022-06-22 11:41:38,469] {processor.py:161} INFO - Processing /home/oury/.local/lib/python3.10/site-packages/airflow/example_dags/example_branch_day_of_week_operator.py took 13.970 seconds
[2022-06-22 11:42:32,981] {processor.py:153} INFO - Started process (PID=11960) to work on /home/oury/.local/lib/python3.10/site-packages/airflow/example_dags/example_branch_day_of_week_operator.py
[2022-06-22 11:42:32,982] {processor.py:641} INFO - Processing file /home/oury/.local/lib/python3.10/site-packages/airflow/example_dags/example_branch_day_of_week_operator.py for tasks to queue
[2022-06-22 11:42:32,983] {logging_mixin.py:115} INFO - [2022-06-22 11:42:32,983] {dagbag.py:507} INFO - Filling up the DagBag from /home/oury/.local/lib/python3.10/site-packages/airflow/example_dags/example_branch_day_of_week_operator.py
[2022-06-22 11:42:33,001] {processor.py:651} INFO - DAG(s) dict_keys(['example_weekday_branch_operator']) retrieved from /home/oury/.local/lib/python3.10/site-packages/airflow/example_dags/example_branch_day_of_week_operator.py
[2022-06-22 11:42:33,028] {logging_mixin.py:115} INFO - [2022-06-22 11:42:33,027] {dag.py:2379} INFO - Sync 1 DAGs
[2022-06-22 11:42:33,068] {logging_mixin.py:115} INFO - [2022-06-22 11:42:33,068] {dag.py:2923} INFO - Setting next_dagrun for example_weekday_branch_operator to 2022-06-21T00:00:00+00:00, run_after=2022-06-22T00:00:00+00:00
[2022-06-22 11:42:33,086] {processor.py:161} INFO - Processing /home/oury/.local/lib/python3.10/site-packages/airflow/example_dags/example_branch_day_of_week_operator.py took 0.114 seconds
[2022-06-22 11:43:34,819] {processor.py:153} INFO - Started process (PID=12358) to work on /home/oury/.local/lib/python3.10/site-packages/airflow/example_dags/example_branch_day_of_week_operator.py
[2022-06-22 11:43:34,822] {processor.py:641} INFO - Processing file /home/oury/.local/lib/python3.10/site-packages/airflow/example_dags/example_branch_day_of_week_operator.py for tasks to queue
[2022-06-22 11:43:34,826] {logging_mixin.py:115} INFO - [2022-06-22 11:43:34,826] {dagbag.py:507} INFO - Filling up the DagBag from /home/oury/.local/lib/python3.10/site-packages/airflow/example_dags/example_branch_day_of_week_operator.py
[2022-06-22 11:43:34,938] {processor.py:651} INFO - DAG(s) dict_keys(['example_weekday_branch_operator']) retrieved from /home/oury/.local/lib/python3.10/site-packages/airflow/example_dags/example_branch_day_of_week_operator.py
[2022-06-22 11:43:35,032] {logging_mixin.py:115} INFO - [2022-06-22 11:43:35,032] {dag.py:2379} INFO - Sync 1 DAGs
[2022-06-22 11:43:35,091] {logging_mixin.py:115} INFO - [2022-06-22 11:43:35,091] {dag.py:2923} INFO - Setting next_dagrun for example_weekday_branch_operator to 2022-06-21T00:00:00+00:00, run_after=2022-06-22T00:00:00+00:00
[2022-06-22 11:43:35,264] {processor.py:161} INFO - Processing /home/oury/.local/lib/python3.10/site-packages/airflow/example_dags/example_branch_day_of_week_operator.py took 0.475 seconds
[2022-06-22 11:44:21,211] {processor.py:153} INFO - Started process (PID=12419) to work on /home/oury/.local/lib/python3.10/site-packages/airflow/example_dags/example_branch_day_of_week_operator.py
[2022-06-22 11:44:21,220] {processor.py:641} INFO - Processing file /home/oury/.local/lib/python3.10/site-packages/airflow/example_dags/example_branch_day_of_week_operator.py for tasks to queue
[2022-06-22 11:44:21,221] {logging_mixin.py:115} INFO - [2022-06-22 11:44:21,221] {dagbag.py:507} INFO - Filling up the DagBag from /home/oury/.local/lib/python3.10/site-packages/airflow/example_dags/example_branch_day_of_week_operator.py
[2022-06-22 11:44:21,233] {processor.py:651} INFO - DAG(s) dict_keys(['example_weekday_branch_operator']) retrieved from /home/oury/.local/lib/python3.10/site-packages/airflow/example_dags/example_branch_day_of_week_operator.py
[2022-06-22 11:44:21,258] {logging_mixin.py:115} INFO - [2022-06-22 11:44:21,258] {dag.py:2379} INFO - Sync 1 DAGs
[2022-06-22 11:44:21,289] {logging_mixin.py:115} INFO - [2022-06-22 11:44:21,289] {dag.py:2923} INFO - Setting next_dagrun for example_weekday_branch_operator to 2022-06-21T00:00:00+00:00, run_after=2022-06-22T00:00:00+00:00
[2022-06-22 11:44:21,481] {processor.py:161} INFO - Processing /home/oury/.local/lib/python3.10/site-packages/airflow/example_dags/example_branch_day_of_week_operator.py took 0.273 seconds
[2022-06-22 11:45:39,126] {processor.py:153} INFO - Started process (PID=12577) to work on /home/oury/.local/lib/python3.10/site-packages/airflow/example_dags/example_branch_day_of_week_operator.py
[2022-06-22 11:45:39,127] {processor.py:641} INFO - Processing file /home/oury/.local/lib/python3.10/site-packages/airflow/example_dags/example_branch_day_of_week_operator.py for tasks to queue
[2022-06-22 11:45:39,129] {logging_mixin.py:115} INFO - [2022-06-22 11:45:39,129] {dagbag.py:507} INFO - Filling up the DagBag from /home/oury/.local/lib/python3.10/site-packages/airflow/example_dags/example_branch_day_of_week_operator.py
[2022-06-22 11:45:39,143] {processor.py:651} INFO - DAG(s) dict_keys(['example_weekday_branch_operator']) retrieved from /home/oury/.local/lib/python3.10/site-packages/airflow/example_dags/example_branch_day_of_week_operator.py
[2022-06-22 11:45:39,171] {logging_mixin.py:115} INFO - [2022-06-22 11:45:39,170] {dag.py:2379} INFO - Sync 1 DAGs
[2022-06-22 11:45:39,276] {logging_mixin.py:115} INFO - [2022-06-22 11:45:39,276] {dag.py:2923} INFO - Setting next_dagrun for example_weekday_branch_operator to 2022-06-21T00:00:00+00:00, run_after=2022-06-22T00:00:00+00:00
[2022-06-22 11:45:39,360] {processor.py:161} INFO - Processing /home/oury/.local/lib/python3.10/site-packages/airflow/example_dags/example_branch_day_of_week_operator.py took 0.258 seconds
[2022-06-22 11:46:28,043] {processor.py:153} INFO - Started process (PID=12698) to work on /home/oury/.local/lib/python3.10/site-packages/airflow/example_dags/example_branch_day_of_week_operator.py
[2022-06-22 11:46:28,044] {processor.py:641} INFO - Processing file /home/oury/.local/lib/python3.10/site-packages/airflow/example_dags/example_branch_day_of_week_operator.py for tasks to queue
[2022-06-22 11:46:28,045] {logging_mixin.py:115} INFO - [2022-06-22 11:46:28,045] {dagbag.py:507} INFO - Filling up the DagBag from /home/oury/.local/lib/python3.10/site-packages/airflow/example_dags/example_branch_day_of_week_operator.py
[2022-06-22 11:46:28,070] {processor.py:651} INFO - DAG(s) dict_keys(['example_weekday_branch_operator']) retrieved from /home/oury/.local/lib/python3.10/site-packages/airflow/example_dags/example_branch_day_of_week_operator.py
[2022-06-22 11:46:28,098] {logging_mixin.py:115} INFO - [2022-06-22 11:46:28,098] {dag.py:2379} INFO - Sync 1 DAGs
[2022-06-22 11:46:28,143] {logging_mixin.py:115} INFO - [2022-06-22 11:46:28,143] {dag.py:2923} INFO - Setting next_dagrun for example_weekday_branch_operator to 2022-06-21T00:00:00+00:00, run_after=2022-06-22T00:00:00+00:00
[2022-06-22 11:46:28,170] {processor.py:161} INFO - Processing /home/oury/.local/lib/python3.10/site-packages/airflow/example_dags/example_branch_day_of_week_operator.py took 0.132 seconds
[2022-06-22 11:47:18,810] {processor.py:153} INFO - Started process (PID=12757) to work on /home/oury/.local/lib/python3.10/site-packages/airflow/example_dags/example_branch_day_of_week_operator.py
[2022-06-22 11:47:18,814] {processor.py:641} INFO - Processing file /home/oury/.local/lib/python3.10/site-packages/airflow/example_dags/example_branch_day_of_week_operator.py for tasks to queue
[2022-06-22 11:47:18,816] {logging_mixin.py:115} INFO - [2022-06-22 11:47:18,815] {dagbag.py:507} INFO - Filling up the DagBag from /home/oury/.local/lib/python3.10/site-packages/airflow/example_dags/example_branch_day_of_week_operator.py
[2022-06-22 11:47:18,835] {processor.py:651} INFO - DAG(s) dict_keys(['example_weekday_branch_operator']) retrieved from /home/oury/.local/lib/python3.10/site-packages/airflow/example_dags/example_branch_day_of_week_operator.py
[2022-06-22 11:47:18,858] {logging_mixin.py:115} INFO - [2022-06-22 11:47:18,858] {dag.py:2379} INFO - Sync 1 DAGs
[2022-06-22 11:47:18,889] {logging_mixin.py:115} INFO - [2022-06-22 11:47:18,888] {dag.py:2923} INFO - Setting next_dagrun for example_weekday_branch_operator to 2022-06-21T00:00:00+00:00, run_after=2022-06-22T00:00:00+00:00
[2022-06-22 11:47:18,916] {processor.py:161} INFO - Processing /home/oury/.local/lib/python3.10/site-packages/airflow/example_dags/example_branch_day_of_week_operator.py took 0.112 seconds
[2022-06-22 11:48:01,003] {processor.py:153} INFO - Started process (PID=12806) to work on /home/oury/.local/lib/python3.10/site-packages/airflow/example_dags/example_branch_day_of_week_operator.py
[2022-06-22 11:48:01,004] {processor.py:641} INFO - Processing file /home/oury/.local/lib/python3.10/site-packages/airflow/example_dags/example_branch_day_of_week_operator.py for tasks to queue
[2022-06-22 11:48:01,004] {logging_mixin.py:115} INFO - [2022-06-22 11:48:01,004] {dagbag.py:507} INFO - Filling up the DagBag from /home/oury/.local/lib/python3.10/site-packages/airflow/example_dags/example_branch_day_of_week_operator.py
[2022-06-22 11:48:01,014] {processor.py:651} INFO - DAG(s) dict_keys(['example_weekday_branch_operator']) retrieved from /home/oury/.local/lib/python3.10/site-packages/airflow/example_dags/example_branch_day_of_week_operator.py
[2022-06-22 11:48:01,045] {logging_mixin.py:115} INFO - [2022-06-22 11:48:01,045] {dag.py:2379} INFO - Sync 1 DAGs
[2022-06-22 11:48:01,120] {logging_mixin.py:115} INFO - [2022-06-22 11:48:01,120] {dag.py:2923} INFO - Setting next_dagrun for example_weekday_branch_operator to 2022-06-21T00:00:00+00:00, run_after=2022-06-22T00:00:00+00:00
[2022-06-22 11:48:01,135] {processor.py:161} INFO - Processing /home/oury/.local/lib/python3.10/site-packages/airflow/example_dags/example_branch_day_of_week_operator.py took 0.139 seconds
[2022-06-22 11:48:49,397] {processor.py:153} INFO - Started process (PID=12869) to work on /home/oury/.local/lib/python3.10/site-packages/airflow/example_dags/example_branch_day_of_week_operator.py
[2022-06-22 11:48:49,397] {processor.py:641} INFO - Processing file /home/oury/.local/lib/python3.10/site-packages/airflow/example_dags/example_branch_day_of_week_operator.py for tasks to queue
[2022-06-22 11:48:49,399] {logging_mixin.py:115} INFO - [2022-06-22 11:48:49,398] {dagbag.py:507} INFO - Filling up the DagBag from /home/oury/.local/lib/python3.10/site-packages/airflow/example_dags/example_branch_day_of_week_operator.py
[2022-06-22 11:48:49,423] {processor.py:651} INFO - DAG(s) dict_keys(['example_weekday_branch_operator']) retrieved from /home/oury/.local/lib/python3.10/site-packages/airflow/example_dags/example_branch_day_of_week_operator.py
[2022-06-22 11:48:49,458] {logging_mixin.py:115} INFO - [2022-06-22 11:48:49,457] {dag.py:2379} INFO - Sync 1 DAGs
[2022-06-22 11:48:49,574] {logging_mixin.py:115} INFO - [2022-06-22 11:48:49,573] {dag.py:2923} INFO - Setting next_dagrun for example_weekday_branch_operator to 2022-06-21T00:00:00+00:00, run_after=2022-06-22T00:00:00+00:00
[2022-06-22 11:48:49,615] {processor.py:161} INFO - Processing /home/oury/.local/lib/python3.10/site-packages/airflow/example_dags/example_branch_day_of_week_operator.py took 0.224 seconds
[2022-06-22 11:49:29,995] {processor.py:153} INFO - Started process (PID=12930) to work on /home/oury/.local/lib/python3.10/site-packages/airflow/example_dags/example_branch_day_of_week_operator.py
[2022-06-22 11:49:29,998] {processor.py:641} INFO - Processing file /home/oury/.local/lib/python3.10/site-packages/airflow/example_dags/example_branch_day_of_week_operator.py for tasks to queue
[2022-06-22 11:49:30,001] {logging_mixin.py:115} INFO - [2022-06-22 11:49:30,001] {dagbag.py:507} INFO - Filling up the DagBag from /home/oury/.local/lib/python3.10/site-packages/airflow/example_dags/example_branch_day_of_week_operator.py
[2022-06-22 11:49:30,019] {processor.py:651} INFO - DAG(s) dict_keys(['example_weekday_branch_operator']) retrieved from /home/oury/.local/lib/python3.10/site-packages/airflow/example_dags/example_branch_day_of_week_operator.py
[2022-06-22 11:49:30,043] {logging_mixin.py:115} INFO - [2022-06-22 11:49:30,043] {dag.py:2379} INFO - Sync 1 DAGs
[2022-06-22 11:49:30,084] {logging_mixin.py:115} INFO - [2022-06-22 11:49:30,083] {dag.py:2923} INFO - Setting next_dagrun for example_weekday_branch_operator to 2022-06-21T00:00:00+00:00, run_after=2022-06-22T00:00:00+00:00
[2022-06-22 11:49:30,111] {processor.py:161} INFO - Processing /home/oury/.local/lib/python3.10/site-packages/airflow/example_dags/example_branch_day_of_week_operator.py took 0.120 seconds
[2022-06-22 11:50:15,428] {processor.py:153} INFO - Started process (PID=13065) to work on /home/oury/.local/lib/python3.10/site-packages/airflow/example_dags/example_branch_day_of_week_operator.py
[2022-06-22 11:50:15,429] {processor.py:641} INFO - Processing file /home/oury/.local/lib/python3.10/site-packages/airflow/example_dags/example_branch_day_of_week_operator.py for tasks to queue
[2022-06-22 11:50:15,430] {logging_mixin.py:115} INFO - [2022-06-22 11:50:15,430] {dagbag.py:507} INFO - Filling up the DagBag from /home/oury/.local/lib/python3.10/site-packages/airflow/example_dags/example_branch_day_of_week_operator.py
[2022-06-22 11:50:15,458] {processor.py:651} INFO - DAG(s) dict_keys(['example_weekday_branch_operator']) retrieved from /home/oury/.local/lib/python3.10/site-packages/airflow/example_dags/example_branch_day_of_week_operator.py
[2022-06-22 11:50:15,487] {logging_mixin.py:115} INFO - [2022-06-22 11:50:15,487] {dag.py:2379} INFO - Sync 1 DAGs
[2022-06-22 11:50:15,539] {logging_mixin.py:115} INFO - [2022-06-22 11:50:15,539] {dag.py:2923} INFO - Setting next_dagrun for example_weekday_branch_operator to 2022-06-21T00:00:00+00:00, run_after=2022-06-22T00:00:00+00:00
[2022-06-22 11:50:15,563] {processor.py:161} INFO - Processing /home/oury/.local/lib/python3.10/site-packages/airflow/example_dags/example_branch_day_of_week_operator.py took 0.139 seconds
[2022-06-22 11:52:16,558] {processor.py:153} INFO - Started process (PID=13508) to work on /home/oury/.local/lib/python3.10/site-packages/airflow/example_dags/example_branch_day_of_week_operator.py
[2022-06-22 11:52:16,624] {processor.py:641} INFO - Processing file /home/oury/.local/lib/python3.10/site-packages/airflow/example_dags/example_branch_day_of_week_operator.py for tasks to queue
[2022-06-22 11:52:16,624] {logging_mixin.py:115} INFO - [2022-06-22 11:52:16,624] {dagbag.py:507} INFO - Filling up the DagBag from /home/oury/.local/lib/python3.10/site-packages/airflow/example_dags/example_branch_day_of_week_operator.py
[2022-06-22 11:52:16,756] {processor.py:651} INFO - DAG(s) dict_keys(['example_weekday_branch_operator']) retrieved from /home/oury/.local/lib/python3.10/site-packages/airflow/example_dags/example_branch_day_of_week_operator.py
[2022-06-22 11:52:16,781] {logging_mixin.py:115} INFO - [2022-06-22 11:52:16,780] {dag.py:2379} INFO - Sync 1 DAGs
[2022-06-22 11:52:16,811] {logging_mixin.py:115} INFO - [2022-06-22 11:52:16,811] {dag.py:2923} INFO - Setting next_dagrun for example_weekday_branch_operator to 2022-06-21T00:00:00+00:00, run_after=2022-06-22T00:00:00+00:00
[2022-06-22 11:52:17,340] {processor.py:161} INFO - Processing /home/oury/.local/lib/python3.10/site-packages/airflow/example_dags/example_branch_day_of_week_operator.py took 0.785 seconds
[2022-06-22 11:53:09,657] {processor.py:153} INFO - Started process (PID=13571) to work on /home/oury/.local/lib/python3.10/site-packages/airflow/example_dags/example_branch_day_of_week_operator.py
[2022-06-22 11:53:09,659] {processor.py:641} INFO - Processing file /home/oury/.local/lib/python3.10/site-packages/airflow/example_dags/example_branch_day_of_week_operator.py for tasks to queue
[2022-06-22 11:53:09,661] {logging_mixin.py:115} INFO - [2022-06-22 11:53:09,660] {dagbag.py:507} INFO - Filling up the DagBag from /home/oury/.local/lib/python3.10/site-packages/airflow/example_dags/example_branch_day_of_week_operator.py
[2022-06-22 11:53:09,673] {processor.py:651} INFO - DAG(s) dict_keys(['example_weekday_branch_operator']) retrieved from /home/oury/.local/lib/python3.10/site-packages/airflow/example_dags/example_branch_day_of_week_operator.py
[2022-06-22 11:53:09,699] {logging_mixin.py:115} INFO - [2022-06-22 11:53:09,699] {dag.py:2379} INFO - Sync 1 DAGs
[2022-06-22 11:53:09,744] {logging_mixin.py:115} INFO - [2022-06-22 11:53:09,744] {dag.py:2923} INFO - Setting next_dagrun for example_weekday_branch_operator to 2022-06-21T00:00:00+00:00, run_after=2022-06-22T00:00:00+00:00
[2022-06-22 11:53:09,766] {processor.py:161} INFO - Processing /home/oury/.local/lib/python3.10/site-packages/airflow/example_dags/example_branch_day_of_week_operator.py took 0.116 seconds
[2022-06-22 11:53:55,635] {processor.py:153} INFO - Started process (PID=13613) to work on /home/oury/.local/lib/python3.10/site-packages/airflow/example_dags/example_branch_day_of_week_operator.py
[2022-06-22 11:53:55,635] {processor.py:641} INFO - Processing file /home/oury/.local/lib/python3.10/site-packages/airflow/example_dags/example_branch_day_of_week_operator.py for tasks to queue
[2022-06-22 11:53:55,636] {logging_mixin.py:115} INFO - [2022-06-22 11:53:55,636] {dagbag.py:507} INFO - Filling up the DagBag from /home/oury/.local/lib/python3.10/site-packages/airflow/example_dags/example_branch_day_of_week_operator.py
[2022-06-22 11:53:55,644] {processor.py:651} INFO - DAG(s) dict_keys(['example_weekday_branch_operator']) retrieved from /home/oury/.local/lib/python3.10/site-packages/airflow/example_dags/example_branch_day_of_week_operator.py
[2022-06-22 11:53:55,669] {logging_mixin.py:115} INFO - [2022-06-22 11:53:55,669] {dag.py:2379} INFO - Sync 1 DAGs
[2022-06-22 11:53:55,696] {logging_mixin.py:115} INFO - [2022-06-22 11:53:55,696] {dag.py:2923} INFO - Setting next_dagrun for example_weekday_branch_operator to 2022-06-21T00:00:00+00:00, run_after=2022-06-22T00:00:00+00:00
[2022-06-22 11:53:55,710] {processor.py:161} INFO - Processing /home/oury/.local/lib/python3.10/site-packages/airflow/example_dags/example_branch_day_of_week_operator.py took 0.077 seconds
[2022-06-22 11:54:46,645] {processor.py:153} INFO - Started process (PID=13667) to work on /home/oury/.local/lib/python3.10/site-packages/airflow/example_dags/example_branch_day_of_week_operator.py
[2022-06-22 11:54:46,646] {processor.py:641} INFO - Processing file /home/oury/.local/lib/python3.10/site-packages/airflow/example_dags/example_branch_day_of_week_operator.py for tasks to queue
[2022-06-22 11:54:46,647] {logging_mixin.py:115} INFO - [2022-06-22 11:54:46,647] {dagbag.py:507} INFO - Filling up the DagBag from /home/oury/.local/lib/python3.10/site-packages/airflow/example_dags/example_branch_day_of_week_operator.py
[2022-06-22 11:54:46,658] {processor.py:651} INFO - DAG(s) dict_keys(['example_weekday_branch_operator']) retrieved from /home/oury/.local/lib/python3.10/site-packages/airflow/example_dags/example_branch_day_of_week_operator.py
[2022-06-22 11:54:46,682] {logging_mixin.py:115} INFO - [2022-06-22 11:54:46,682] {dag.py:2379} INFO - Sync 1 DAGs
[2022-06-22 11:54:46,702] {logging_mixin.py:115} INFO - [2022-06-22 11:54:46,702] {dag.py:2923} INFO - Setting next_dagrun for example_weekday_branch_operator to 2022-06-21T00:00:00+00:00, run_after=2022-06-22T00:00:00+00:00
[2022-06-22 11:54:46,717] {processor.py:161} INFO - Processing /home/oury/.local/lib/python3.10/site-packages/airflow/example_dags/example_branch_day_of_week_operator.py took 0.077 seconds
[2022-06-22 11:55:28,621] {processor.py:153} INFO - Started process (PID=13831) to work on /home/oury/.local/lib/python3.10/site-packages/airflow/example_dags/example_branch_day_of_week_operator.py
[2022-06-22 11:55:28,621] {processor.py:641} INFO - Processing file /home/oury/.local/lib/python3.10/site-packages/airflow/example_dags/example_branch_day_of_week_operator.py for tasks to queue
[2022-06-22 11:55:28,622] {logging_mixin.py:115} INFO - [2022-06-22 11:55:28,622] {dagbag.py:507} INFO - Filling up the DagBag from /home/oury/.local/lib/python3.10/site-packages/airflow/example_dags/example_branch_day_of_week_operator.py
[2022-06-22 11:55:28,630] {processor.py:651} INFO - DAG(s) dict_keys(['example_weekday_branch_operator']) retrieved from /home/oury/.local/lib/python3.10/site-packages/airflow/example_dags/example_branch_day_of_week_operator.py
[2022-06-22 11:55:28,652] {logging_mixin.py:115} INFO - [2022-06-22 11:55:28,652] {dag.py:2379} INFO - Sync 1 DAGs
[2022-06-22 11:55:28,673] {logging_mixin.py:115} INFO - [2022-06-22 11:55:28,673] {dag.py:2923} INFO - Setting next_dagrun for example_weekday_branch_operator to 2022-06-21T00:00:00+00:00, run_after=2022-06-22T00:00:00+00:00
[2022-06-22 11:55:28,690] {processor.py:161} INFO - Processing /home/oury/.local/lib/python3.10/site-packages/airflow/example_dags/example_branch_day_of_week_operator.py took 0.073 seconds
[2022-06-22 11:56:08,012] {processor.py:153} INFO - Started process (PID=13871) to work on /home/oury/.local/lib/python3.10/site-packages/airflow/example_dags/example_branch_day_of_week_operator.py
[2022-06-22 11:56:08,015] {processor.py:641} INFO - Processing file /home/oury/.local/lib/python3.10/site-packages/airflow/example_dags/example_branch_day_of_week_operator.py for tasks to queue
[2022-06-22 11:56:08,016] {logging_mixin.py:115} INFO - [2022-06-22 11:56:08,016] {dagbag.py:507} INFO - Filling up the DagBag from /home/oury/.local/lib/python3.10/site-packages/airflow/example_dags/example_branch_day_of_week_operator.py
[2022-06-22 11:56:08,052] {processor.py:651} INFO - DAG(s) dict_keys(['example_weekday_branch_operator']) retrieved from /home/oury/.local/lib/python3.10/site-packages/airflow/example_dags/example_branch_day_of_week_operator.py
[2022-06-22 11:56:08,130] {logging_mixin.py:115} INFO - [2022-06-22 11:56:08,130] {dag.py:2379} INFO - Sync 1 DAGs
[2022-06-22 11:56:08,180] {logging_mixin.py:115} INFO - [2022-06-22 11:56:08,179] {dag.py:2923} INFO - Setting next_dagrun for example_weekday_branch_operator to 2022-06-21T00:00:00+00:00, run_after=2022-06-22T00:00:00+00:00
[2022-06-22 11:56:08,208] {processor.py:161} INFO - Processing /home/oury/.local/lib/python3.10/site-packages/airflow/example_dags/example_branch_day_of_week_operator.py took 0.200 seconds
[2022-06-22 11:56:49,737] {processor.py:153} INFO - Started process (PID=13969) to work on /home/oury/.local/lib/python3.10/site-packages/airflow/example_dags/example_branch_day_of_week_operator.py
[2022-06-22 11:56:49,738] {processor.py:641} INFO - Processing file /home/oury/.local/lib/python3.10/site-packages/airflow/example_dags/example_branch_day_of_week_operator.py for tasks to queue
[2022-06-22 11:56:49,739] {logging_mixin.py:115} INFO - [2022-06-22 11:56:49,739] {dagbag.py:507} INFO - Filling up the DagBag from /home/oury/.local/lib/python3.10/site-packages/airflow/example_dags/example_branch_day_of_week_operator.py
[2022-06-22 11:56:49,755] {processor.py:651} INFO - DAG(s) dict_keys(['example_weekday_branch_operator']) retrieved from /home/oury/.local/lib/python3.10/site-packages/airflow/example_dags/example_branch_day_of_week_operator.py
[2022-06-22 11:56:49,787] {logging_mixin.py:115} INFO - [2022-06-22 11:56:49,787] {dag.py:2379} INFO - Sync 1 DAGs
[2022-06-22 11:56:49,824] {logging_mixin.py:115} INFO - [2022-06-22 11:56:49,823] {dag.py:2923} INFO - Setting next_dagrun for example_weekday_branch_operator to 2022-06-21T00:00:00+00:00, run_after=2022-06-22T00:00:00+00:00
[2022-06-22 11:56:49,848] {processor.py:161} INFO - Processing /home/oury/.local/lib/python3.10/site-packages/airflow/example_dags/example_branch_day_of_week_operator.py took 0.115 seconds
[2022-06-22 11:57:43,788] {processor.py:153} INFO - Started process (PID=14014) to work on /home/oury/.local/lib/python3.10/site-packages/airflow/example_dags/example_branch_day_of_week_operator.py
[2022-06-22 11:57:43,788] {processor.py:641} INFO - Processing file /home/oury/.local/lib/python3.10/site-packages/airflow/example_dags/example_branch_day_of_week_operator.py for tasks to queue
[2022-06-22 11:57:43,789] {logging_mixin.py:115} INFO - [2022-06-22 11:57:43,789] {dagbag.py:507} INFO - Filling up the DagBag from /home/oury/.local/lib/python3.10/site-packages/airflow/example_dags/example_branch_day_of_week_operator.py
[2022-06-22 11:57:43,802] {processor.py:651} INFO - DAG(s) dict_keys(['example_weekday_branch_operator']) retrieved from /home/oury/.local/lib/python3.10/site-packages/airflow/example_dags/example_branch_day_of_week_operator.py
[2022-06-22 11:57:43,831] {logging_mixin.py:115} INFO - [2022-06-22 11:57:43,831] {dag.py:2379} INFO - Sync 1 DAGs
[2022-06-22 11:57:43,889] {logging_mixin.py:115} INFO - [2022-06-22 11:57:43,888] {dag.py:2923} INFO - Setting next_dagrun for example_weekday_branch_operator to 2022-06-21T00:00:00+00:00, run_after=2022-06-22T00:00:00+00:00
[2022-06-22 11:57:43,977] {processor.py:161} INFO - Processing /home/oury/.local/lib/python3.10/site-packages/airflow/example_dags/example_branch_day_of_week_operator.py took 0.195 seconds
[2022-06-22 11:58:25,347] {processor.py:153} INFO - Started process (PID=14053) to work on /home/oury/.local/lib/python3.10/site-packages/airflow/example_dags/example_branch_day_of_week_operator.py
[2022-06-22 11:58:25,349] {processor.py:641} INFO - Processing file /home/oury/.local/lib/python3.10/site-packages/airflow/example_dags/example_branch_day_of_week_operator.py for tasks to queue
[2022-06-22 11:58:25,351] {logging_mixin.py:115} INFO - [2022-06-22 11:58:25,350] {dagbag.py:507} INFO - Filling up the DagBag from /home/oury/.local/lib/python3.10/site-packages/airflow/example_dags/example_branch_day_of_week_operator.py
[2022-06-22 11:58:25,365] {processor.py:651} INFO - DAG(s) dict_keys(['example_weekday_branch_operator']) retrieved from /home/oury/.local/lib/python3.10/site-packages/airflow/example_dags/example_branch_day_of_week_operator.py
[2022-06-22 11:58:25,393] {logging_mixin.py:115} INFO - [2022-06-22 11:58:25,393] {dag.py:2379} INFO - Sync 1 DAGs
[2022-06-22 11:58:25,423] {logging_mixin.py:115} INFO - [2022-06-22 11:58:25,423] {dag.py:2923} INFO - Setting next_dagrun for example_weekday_branch_operator to 2022-06-21T00:00:00+00:00, run_after=2022-06-22T00:00:00+00:00
[2022-06-22 11:58:25,447] {processor.py:161} INFO - Processing /home/oury/.local/lib/python3.10/site-packages/airflow/example_dags/example_branch_day_of_week_operator.py took 0.107 seconds
[2022-06-22 11:59:03,564] {processor.py:153} INFO - Started process (PID=14092) to work on /home/oury/.local/lib/python3.10/site-packages/airflow/example_dags/example_branch_day_of_week_operator.py
[2022-06-22 11:59:03,565] {processor.py:641} INFO - Processing file /home/oury/.local/lib/python3.10/site-packages/airflow/example_dags/example_branch_day_of_week_operator.py for tasks to queue
[2022-06-22 11:59:03,565] {logging_mixin.py:115} INFO - [2022-06-22 11:59:03,565] {dagbag.py:507} INFO - Filling up the DagBag from /home/oury/.local/lib/python3.10/site-packages/airflow/example_dags/example_branch_day_of_week_operator.py
[2022-06-22 11:59:03,581] {processor.py:651} INFO - DAG(s) dict_keys(['example_weekday_branch_operator']) retrieved from /home/oury/.local/lib/python3.10/site-packages/airflow/example_dags/example_branch_day_of_week_operator.py
[2022-06-22 11:59:03,621] {logging_mixin.py:115} INFO - [2022-06-22 11:59:03,621] {dag.py:2379} INFO - Sync 1 DAGs
[2022-06-22 11:59:03,684] {logging_mixin.py:115} INFO - [2022-06-22 11:59:03,684] {dag.py:2923} INFO - Setting next_dagrun for example_weekday_branch_operator to 2022-06-21T00:00:00+00:00, run_after=2022-06-22T00:00:00+00:00
[2022-06-22 11:59:03,718] {processor.py:161} INFO - Processing /home/oury/.local/lib/python3.10/site-packages/airflow/example_dags/example_branch_day_of_week_operator.py took 0.158 seconds
[2022-06-22 11:59:43,610] {processor.py:153} INFO - Started process (PID=14129) to work on /home/oury/.local/lib/python3.10/site-packages/airflow/example_dags/example_branch_day_of_week_operator.py
[2022-06-22 11:59:43,611] {processor.py:641} INFO - Processing file /home/oury/.local/lib/python3.10/site-packages/airflow/example_dags/example_branch_day_of_week_operator.py for tasks to queue
[2022-06-22 11:59:43,611] {logging_mixin.py:115} INFO - [2022-06-22 11:59:43,611] {dagbag.py:507} INFO - Filling up the DagBag from /home/oury/.local/lib/python3.10/site-packages/airflow/example_dags/example_branch_day_of_week_operator.py
[2022-06-22 11:59:43,635] {processor.py:651} INFO - DAG(s) dict_keys(['example_weekday_branch_operator']) retrieved from /home/oury/.local/lib/python3.10/site-packages/airflow/example_dags/example_branch_day_of_week_operator.py
[2022-06-22 11:59:43,691] {logging_mixin.py:115} INFO - [2022-06-22 11:59:43,689] {dag.py:2379} INFO - Sync 1 DAGs
[2022-06-22 11:59:43,793] {logging_mixin.py:115} INFO - [2022-06-22 11:59:43,792] {dag.py:2923} INFO - Setting next_dagrun for example_weekday_branch_operator to 2022-06-21T00:00:00+00:00, run_after=2022-06-22T00:00:00+00:00
[2022-06-22 11:59:43,832] {processor.py:161} INFO - Processing /home/oury/.local/lib/python3.10/site-packages/airflow/example_dags/example_branch_day_of_week_operator.py took 0.225 seconds
[2022-06-22 12:00:41,174] {processor.py:153} INFO - Started process (PID=14178) to work on /home/oury/.local/lib/python3.10/site-packages/airflow/example_dags/example_branch_day_of_week_operator.py
[2022-06-22 12:00:41,175] {processor.py:641} INFO - Processing file /home/oury/.local/lib/python3.10/site-packages/airflow/example_dags/example_branch_day_of_week_operator.py for tasks to queue
[2022-06-22 12:00:41,176] {logging_mixin.py:115} INFO - [2022-06-22 12:00:41,176] {dagbag.py:507} INFO - Filling up the DagBag from /home/oury/.local/lib/python3.10/site-packages/airflow/example_dags/example_branch_day_of_week_operator.py
[2022-06-22 12:00:41,194] {processor.py:651} INFO - DAG(s) dict_keys(['example_weekday_branch_operator']) retrieved from /home/oury/.local/lib/python3.10/site-packages/airflow/example_dags/example_branch_day_of_week_operator.py
[2022-06-22 12:00:41,231] {logging_mixin.py:115} INFO - [2022-06-22 12:00:41,231] {dag.py:2379} INFO - Sync 1 DAGs
[2022-06-22 12:00:41,260] {logging_mixin.py:115} INFO - [2022-06-22 12:00:41,260] {dag.py:2923} INFO - Setting next_dagrun for example_weekday_branch_operator to 2022-06-21T00:00:00+00:00, run_after=2022-06-22T00:00:00+00:00
[2022-06-22 12:00:41,279] {processor.py:161} INFO - Processing /home/oury/.local/lib/python3.10/site-packages/airflow/example_dags/example_branch_day_of_week_operator.py took 0.115 seconds
[2022-06-22 12:01:23,646] {processor.py:153} INFO - Started process (PID=14216) to work on /home/oury/.local/lib/python3.10/site-packages/airflow/example_dags/example_branch_day_of_week_operator.py
[2022-06-22 12:01:23,647] {processor.py:641} INFO - Processing file /home/oury/.local/lib/python3.10/site-packages/airflow/example_dags/example_branch_day_of_week_operator.py for tasks to queue
[2022-06-22 12:01:23,648] {logging_mixin.py:115} INFO - [2022-06-22 12:01:23,648] {dagbag.py:507} INFO - Filling up the DagBag from /home/oury/.local/lib/python3.10/site-packages/airflow/example_dags/example_branch_day_of_week_operator.py
[2022-06-22 12:01:23,659] {processor.py:651} INFO - DAG(s) dict_keys(['example_weekday_branch_operator']) retrieved from /home/oury/.local/lib/python3.10/site-packages/airflow/example_dags/example_branch_day_of_week_operator.py
[2022-06-22 12:01:23,702] {logging_mixin.py:115} INFO - [2022-06-22 12:01:23,702] {dag.py:2379} INFO - Sync 1 DAGs
[2022-06-22 12:01:23,735] {logging_mixin.py:115} INFO - [2022-06-22 12:01:23,734] {dag.py:2923} INFO - Setting next_dagrun for example_weekday_branch_operator to 2022-06-21T00:00:00+00:00, run_after=2022-06-22T00:00:00+00:00
[2022-06-22 12:01:23,754] {processor.py:161} INFO - Processing /home/oury/.local/lib/python3.10/site-packages/airflow/example_dags/example_branch_day_of_week_operator.py took 0.116 seconds
[2022-06-22 12:02:03,714] {processor.py:153} INFO - Started process (PID=14253) to work on /home/oury/.local/lib/python3.10/site-packages/airflow/example_dags/example_branch_day_of_week_operator.py
[2022-06-22 12:02:03,715] {processor.py:641} INFO - Processing file /home/oury/.local/lib/python3.10/site-packages/airflow/example_dags/example_branch_day_of_week_operator.py for tasks to queue
[2022-06-22 12:02:03,716] {logging_mixin.py:115} INFO - [2022-06-22 12:02:03,715] {dagbag.py:507} INFO - Filling up the DagBag from /home/oury/.local/lib/python3.10/site-packages/airflow/example_dags/example_branch_day_of_week_operator.py
[2022-06-22 12:02:03,731] {processor.py:651} INFO - DAG(s) dict_keys(['example_weekday_branch_operator']) retrieved from /home/oury/.local/lib/python3.10/site-packages/airflow/example_dags/example_branch_day_of_week_operator.py
[2022-06-22 12:02:03,754] {logging_mixin.py:115} INFO - [2022-06-22 12:02:03,754] {dag.py:2379} INFO - Sync 1 DAGs
[2022-06-22 12:02:03,782] {logging_mixin.py:115} INFO - [2022-06-22 12:02:03,782] {dag.py:2923} INFO - Setting next_dagrun for example_weekday_branch_operator to 2022-06-21T00:00:00+00:00, run_after=2022-06-22T00:00:00+00:00
[2022-06-22 12:02:03,800] {processor.py:161} INFO - Processing /home/oury/.local/lib/python3.10/site-packages/airflow/example_dags/example_branch_day_of_week_operator.py took 0.089 seconds
[2022-06-22 12:02:44,234] {processor.py:153} INFO - Started process (PID=14288) to work on /home/oury/.local/lib/python3.10/site-packages/airflow/example_dags/example_branch_day_of_week_operator.py
[2022-06-22 12:02:44,235] {processor.py:641} INFO - Processing file /home/oury/.local/lib/python3.10/site-packages/airflow/example_dags/example_branch_day_of_week_operator.py for tasks to queue
[2022-06-22 12:02:44,236] {logging_mixin.py:115} INFO - [2022-06-22 12:02:44,236] {dagbag.py:507} INFO - Filling up the DagBag from /home/oury/.local/lib/python3.10/site-packages/airflow/example_dags/example_branch_day_of_week_operator.py
[2022-06-22 12:02:44,252] {processor.py:651} INFO - DAG(s) dict_keys(['example_weekday_branch_operator']) retrieved from /home/oury/.local/lib/python3.10/site-packages/airflow/example_dags/example_branch_day_of_week_operator.py
[2022-06-22 12:02:44,274] {logging_mixin.py:115} INFO - [2022-06-22 12:02:44,274] {dag.py:2379} INFO - Sync 1 DAGs
[2022-06-22 12:02:44,308] {logging_mixin.py:115} INFO - [2022-06-22 12:02:44,308] {dag.py:2923} INFO - Setting next_dagrun for example_weekday_branch_operator to 2022-06-21T00:00:00+00:00, run_after=2022-06-22T00:00:00+00:00
[2022-06-22 12:02:44,327] {processor.py:161} INFO - Processing /home/oury/.local/lib/python3.10/site-packages/airflow/example_dags/example_branch_day_of_week_operator.py took 0.098 seconds
[2022-06-22 12:03:31,070] {processor.py:153} INFO - Started process (PID=14324) to work on /home/oury/.local/lib/python3.10/site-packages/airflow/example_dags/example_branch_day_of_week_operator.py
[2022-06-22 12:03:31,071] {processor.py:641} INFO - Processing file /home/oury/.local/lib/python3.10/site-packages/airflow/example_dags/example_branch_day_of_week_operator.py for tasks to queue
[2022-06-22 12:03:31,071] {logging_mixin.py:115} INFO - [2022-06-22 12:03:31,071] {dagbag.py:507} INFO - Filling up the DagBag from /home/oury/.local/lib/python3.10/site-packages/airflow/example_dags/example_branch_day_of_week_operator.py
[2022-06-22 12:03:31,088] {processor.py:651} INFO - DAG(s) dict_keys(['example_weekday_branch_operator']) retrieved from /home/oury/.local/lib/python3.10/site-packages/airflow/example_dags/example_branch_day_of_week_operator.py
[2022-06-22 12:03:31,128] {logging_mixin.py:115} INFO - [2022-06-22 12:03:31,128] {dag.py:2379} INFO - Sync 1 DAGs
[2022-06-22 12:03:31,176] {logging_mixin.py:115} INFO - [2022-06-22 12:03:31,175] {dag.py:2923} INFO - Setting next_dagrun for example_weekday_branch_operator to 2022-06-21T00:00:00+00:00, run_after=2022-06-22T00:00:00+00:00
[2022-06-22 12:03:31,205] {processor.py:161} INFO - Processing /home/oury/.local/lib/python3.10/site-packages/airflow/example_dags/example_branch_day_of_week_operator.py took 0.140 seconds
[2022-06-22 12:04:16,705] {processor.py:153} INFO - Started process (PID=14365) to work on /home/oury/.local/lib/python3.10/site-packages/airflow/example_dags/example_branch_day_of_week_operator.py
[2022-06-22 12:04:16,706] {processor.py:641} INFO - Processing file /home/oury/.local/lib/python3.10/site-packages/airflow/example_dags/example_branch_day_of_week_operator.py for tasks to queue
[2022-06-22 12:04:16,709] {logging_mixin.py:115} INFO - [2022-06-22 12:04:16,708] {dagbag.py:507} INFO - Filling up the DagBag from /home/oury/.local/lib/python3.10/site-packages/airflow/example_dags/example_branch_day_of_week_operator.py
[2022-06-22 12:04:16,724] {processor.py:651} INFO - DAG(s) dict_keys(['example_weekday_branch_operator']) retrieved from /home/oury/.local/lib/python3.10/site-packages/airflow/example_dags/example_branch_day_of_week_operator.py
[2022-06-22 12:04:16,744] {logging_mixin.py:115} INFO - [2022-06-22 12:04:16,743] {dag.py:2379} INFO - Sync 1 DAGs
[2022-06-22 12:04:16,772] {logging_mixin.py:115} INFO - [2022-06-22 12:04:16,772] {dag.py:2923} INFO - Setting next_dagrun for example_weekday_branch_operator to 2022-06-21T00:00:00+00:00, run_after=2022-06-22T00:00:00+00:00
[2022-06-22 12:04:16,791] {processor.py:161} INFO - Processing /home/oury/.local/lib/python3.10/site-packages/airflow/example_dags/example_branch_day_of_week_operator.py took 0.090 seconds
[2022-06-22 12:05:04,482] {processor.py:153} INFO - Started process (PID=14409) to work on /home/oury/.local/lib/python3.10/site-packages/airflow/example_dags/example_branch_day_of_week_operator.py
[2022-06-22 12:05:04,487] {processor.py:641} INFO - Processing file /home/oury/.local/lib/python3.10/site-packages/airflow/example_dags/example_branch_day_of_week_operator.py for tasks to queue
[2022-06-22 12:05:04,489] {logging_mixin.py:115} INFO - [2022-06-22 12:05:04,488] {dagbag.py:507} INFO - Filling up the DagBag from /home/oury/.local/lib/python3.10/site-packages/airflow/example_dags/example_branch_day_of_week_operator.py
[2022-06-22 12:05:04,502] {processor.py:651} INFO - DAG(s) dict_keys(['example_weekday_branch_operator']) retrieved from /home/oury/.local/lib/python3.10/site-packages/airflow/example_dags/example_branch_day_of_week_operator.py
[2022-06-22 12:05:04,539] {logging_mixin.py:115} INFO - [2022-06-22 12:05:04,539] {dag.py:2379} INFO - Sync 1 DAGs
[2022-06-22 12:05:04,573] {logging_mixin.py:115} INFO - [2022-06-22 12:05:04,573] {dag.py:2923} INFO - Setting next_dagrun for example_weekday_branch_operator to 2022-06-21T00:00:00+00:00, run_after=2022-06-22T00:00:00+00:00
[2022-06-22 12:05:04,747] {processor.py:161} INFO - Processing /home/oury/.local/lib/python3.10/site-packages/airflow/example_dags/example_branch_day_of_week_operator.py took 0.269 seconds
