[2022-06-22 11:41:07,909] {processor.py:153} INFO - Started process (PID=11677) to work on /home/oury/.local/lib/python3.10/site-packages/airflow/example_dags/tutorial_taskflow_api_etl_virtualenv.py
[2022-06-22 11:41:07,910] {processor.py:641} INFO - Processing file /home/oury/.local/lib/python3.10/site-packages/airflow/example_dags/tutorial_taskflow_api_etl_virtualenv.py for tasks to queue
[2022-06-22 11:41:07,912] {logging_mixin.py:115} INFO - [2022-06-22 11:41:07,912] {dagbag.py:507} INFO - Filling up the DagBag from /home/oury/.local/lib/python3.10/site-packages/airflow/example_dags/tutorial_taskflow_api_etl_virtualenv.py
[2022-06-22 11:41:07,941] {processor.py:651} INFO - DAG(s) dict_keys(['tutorial_taskflow_api_etl_virtualenv']) retrieved from /home/oury/.local/lib/python3.10/site-packages/airflow/example_dags/tutorial_taskflow_api_etl_virtualenv.py
[2022-06-22 11:41:08,034] {logging_mixin.py:115} INFO - [2022-06-22 11:41:08,033] {dag.py:2379} INFO - Sync 1 DAGs
[2022-06-22 11:41:08,048] {logging_mixin.py:115} INFO - [2022-06-22 11:41:08,048] {dag.py:2398} INFO - Creating ORM DAG for tutorial_taskflow_api_etl_virtualenv
[2022-06-22 11:41:08,063] {logging_mixin.py:115} INFO - [2022-06-22 11:41:08,063] {dag.py:2923} INFO - Setting next_dagrun for tutorial_taskflow_api_etl_virtualenv to None, run_after=None
[2022-06-22 11:41:08,085] {processor.py:161} INFO - Processing /home/oury/.local/lib/python3.10/site-packages/airflow/example_dags/tutorial_taskflow_api_etl_virtualenv.py took 0.179 seconds
[2022-06-22 11:42:21,204] {processor.py:153} INFO - Started process (PID=11949) to work on /home/oury/.local/lib/python3.10/site-packages/airflow/example_dags/tutorial_taskflow_api_etl_virtualenv.py
[2022-06-22 11:42:21,205] {processor.py:641} INFO - Processing file /home/oury/.local/lib/python3.10/site-packages/airflow/example_dags/tutorial_taskflow_api_etl_virtualenv.py for tasks to queue
[2022-06-22 11:42:21,225] {logging_mixin.py:115} INFO - [2022-06-22 11:42:21,225] {dagbag.py:507} INFO - Filling up the DagBag from /home/oury/.local/lib/python3.10/site-packages/airflow/example_dags/tutorial_taskflow_api_etl_virtualenv.py
[2022-06-22 11:42:21,356] {processor.py:651} INFO - DAG(s) dict_keys(['tutorial_taskflow_api_etl_virtualenv']) retrieved from /home/oury/.local/lib/python3.10/site-packages/airflow/example_dags/tutorial_taskflow_api_etl_virtualenv.py
[2022-06-22 11:42:21,522] {logging_mixin.py:115} INFO - [2022-06-22 11:42:21,522] {dag.py:2379} INFO - Sync 1 DAGs
[2022-06-22 11:42:21,606] {logging_mixin.py:115} INFO - [2022-06-22 11:42:21,606] {dag.py:2923} INFO - Setting next_dagrun for tutorial_taskflow_api_etl_virtualenv to None, run_after=None
[2022-06-22 11:42:21,667] {processor.py:161} INFO - Processing /home/oury/.local/lib/python3.10/site-packages/airflow/example_dags/tutorial_taskflow_api_etl_virtualenv.py took 0.471 seconds
[2022-06-22 11:43:18,928] {processor.py:153} INFO - Started process (PID=12322) to work on /home/oury/.local/lib/python3.10/site-packages/airflow/example_dags/tutorial_taskflow_api_etl_virtualenv.py
[2022-06-22 11:43:18,946] {processor.py:641} INFO - Processing file /home/oury/.local/lib/python3.10/site-packages/airflow/example_dags/tutorial_taskflow_api_etl_virtualenv.py for tasks to queue
[2022-06-22 11:43:18,946] {logging_mixin.py:115} INFO - [2022-06-22 11:43:18,946] {dagbag.py:507} INFO - Filling up the DagBag from /home/oury/.local/lib/python3.10/site-packages/airflow/example_dags/tutorial_taskflow_api_etl_virtualenv.py
[2022-06-22 11:43:19,130] {processor.py:651} INFO - DAG(s) dict_keys(['tutorial_taskflow_api_etl_virtualenv']) retrieved from /home/oury/.local/lib/python3.10/site-packages/airflow/example_dags/tutorial_taskflow_api_etl_virtualenv.py
[2022-06-22 11:43:19,275] {logging_mixin.py:115} INFO - [2022-06-22 11:43:19,275] {dag.py:2379} INFO - Sync 1 DAGs
[2022-06-22 11:43:19,393] {logging_mixin.py:115} INFO - [2022-06-22 11:43:19,393] {dag.py:2923} INFO - Setting next_dagrun for tutorial_taskflow_api_etl_virtualenv to None, run_after=None
[2022-06-22 11:43:19,440] {processor.py:161} INFO - Processing /home/oury/.local/lib/python3.10/site-packages/airflow/example_dags/tutorial_taskflow_api_etl_virtualenv.py took 0.539 seconds
[2022-06-22 11:43:59,886] {processor.py:153} INFO - Started process (PID=12396) to work on /home/oury/.local/lib/python3.10/site-packages/airflow/example_dags/tutorial_taskflow_api_etl_virtualenv.py
[2022-06-22 11:43:59,891] {processor.py:641} INFO - Processing file /home/oury/.local/lib/python3.10/site-packages/airflow/example_dags/tutorial_taskflow_api_etl_virtualenv.py for tasks to queue
[2022-06-22 11:43:59,893] {logging_mixin.py:115} INFO - [2022-06-22 11:43:59,892] {dagbag.py:507} INFO - Filling up the DagBag from /home/oury/.local/lib/python3.10/site-packages/airflow/example_dags/tutorial_taskflow_api_etl_virtualenv.py
[2022-06-22 11:43:59,927] {processor.py:651} INFO - DAG(s) dict_keys(['tutorial_taskflow_api_etl_virtualenv']) retrieved from /home/oury/.local/lib/python3.10/site-packages/airflow/example_dags/tutorial_taskflow_api_etl_virtualenv.py
[2022-06-22 11:43:59,946] {logging_mixin.py:115} INFO - [2022-06-22 11:43:59,946] {dag.py:2379} INFO - Sync 1 DAGs
[2022-06-22 11:43:59,967] {logging_mixin.py:115} INFO - [2022-06-22 11:43:59,967] {dag.py:2923} INFO - Setting next_dagrun for tutorial_taskflow_api_etl_virtualenv to None, run_after=None
[2022-06-22 11:44:00,140] {processor.py:161} INFO - Processing /home/oury/.local/lib/python3.10/site-packages/airflow/example_dags/tutorial_taskflow_api_etl_virtualenv.py took 0.260 seconds
[2022-06-22 11:44:45,019] {processor.py:153} INFO - Started process (PID=12450) to work on /home/oury/.local/lib/python3.10/site-packages/airflow/example_dags/tutorial_taskflow_api_etl_virtualenv.py
[2022-06-22 11:44:45,020] {processor.py:641} INFO - Processing file /home/oury/.local/lib/python3.10/site-packages/airflow/example_dags/tutorial_taskflow_api_etl_virtualenv.py for tasks to queue
[2022-06-22 11:44:45,021] {logging_mixin.py:115} INFO - [2022-06-22 11:44:45,021] {dagbag.py:507} INFO - Filling up the DagBag from /home/oury/.local/lib/python3.10/site-packages/airflow/example_dags/tutorial_taskflow_api_etl_virtualenv.py
[2022-06-22 11:44:45,107] {processor.py:651} INFO - DAG(s) dict_keys(['tutorial_taskflow_api_etl_virtualenv']) retrieved from /home/oury/.local/lib/python3.10/site-packages/airflow/example_dags/tutorial_taskflow_api_etl_virtualenv.py
[2022-06-22 11:44:45,332] {logging_mixin.py:115} INFO - [2022-06-22 11:44:45,332] {dag.py:2379} INFO - Sync 1 DAGs
[2022-06-22 11:44:46,806] {logging_mixin.py:115} INFO - [2022-06-22 11:44:46,806] {dag.py:2923} INFO - Setting next_dagrun for tutorial_taskflow_api_etl_virtualenv to None, run_after=None
[2022-06-22 11:44:49,541] {processor.py:161} INFO - Processing /home/oury/.local/lib/python3.10/site-packages/airflow/example_dags/tutorial_taskflow_api_etl_virtualenv.py took 4.530 seconds
[2022-06-22 11:45:25,407] {processor.py:153} INFO - Started process (PID=12560) to work on /home/oury/.local/lib/python3.10/site-packages/airflow/example_dags/tutorial_taskflow_api_etl_virtualenv.py
[2022-06-22 11:45:25,411] {processor.py:641} INFO - Processing file /home/oury/.local/lib/python3.10/site-packages/airflow/example_dags/tutorial_taskflow_api_etl_virtualenv.py for tasks to queue
[2022-06-22 11:45:25,411] {logging_mixin.py:115} INFO - [2022-06-22 11:45:25,411] {dagbag.py:507} INFO - Filling up the DagBag from /home/oury/.local/lib/python3.10/site-packages/airflow/example_dags/tutorial_taskflow_api_etl_virtualenv.py
[2022-06-22 11:45:25,448] {processor.py:651} INFO - DAG(s) dict_keys(['tutorial_taskflow_api_etl_virtualenv']) retrieved from /home/oury/.local/lib/python3.10/site-packages/airflow/example_dags/tutorial_taskflow_api_etl_virtualenv.py
[2022-06-22 11:45:25,540] {logging_mixin.py:115} INFO - [2022-06-22 11:45:25,540] {dag.py:2379} INFO - Sync 1 DAGs
[2022-06-22 11:45:25,564] {logging_mixin.py:115} INFO - [2022-06-22 11:45:25,564] {dag.py:2923} INFO - Setting next_dagrun for tutorial_taskflow_api_etl_virtualenv to None, run_after=None
[2022-06-22 11:45:25,584] {processor.py:161} INFO - Processing /home/oury/.local/lib/python3.10/site-packages/airflow/example_dags/tutorial_taskflow_api_etl_virtualenv.py took 0.185 seconds
[2022-06-22 11:46:14,625] {processor.py:153} INFO - Started process (PID=12618) to work on /home/oury/.local/lib/python3.10/site-packages/airflow/example_dags/tutorial_taskflow_api_etl_virtualenv.py
[2022-06-22 11:46:14,626] {processor.py:641} INFO - Processing file /home/oury/.local/lib/python3.10/site-packages/airflow/example_dags/tutorial_taskflow_api_etl_virtualenv.py for tasks to queue
[2022-06-22 11:46:14,626] {logging_mixin.py:115} INFO - [2022-06-22 11:46:14,626] {dagbag.py:507} INFO - Filling up the DagBag from /home/oury/.local/lib/python3.10/site-packages/airflow/example_dags/tutorial_taskflow_api_etl_virtualenv.py
[2022-06-22 11:46:14,650] {processor.py:651} INFO - DAG(s) dict_keys(['tutorial_taskflow_api_etl_virtualenv']) retrieved from /home/oury/.local/lib/python3.10/site-packages/airflow/example_dags/tutorial_taskflow_api_etl_virtualenv.py
[2022-06-22 11:46:14,702] {logging_mixin.py:115} INFO - [2022-06-22 11:46:14,701] {dag.py:2379} INFO - Sync 1 DAGs
[2022-06-22 11:46:14,726] {logging_mixin.py:115} INFO - [2022-06-22 11:46:14,726] {dag.py:2923} INFO - Setting next_dagrun for tutorial_taskflow_api_etl_virtualenv to None, run_after=None
[2022-06-22 11:46:14,741] {processor.py:161} INFO - Processing /home/oury/.local/lib/python3.10/site-packages/airflow/example_dags/tutorial_taskflow_api_etl_virtualenv.py took 0.119 seconds
[2022-06-22 11:46:56,313] {processor.py:153} INFO - Started process (PID=12737) to work on /home/oury/.local/lib/python3.10/site-packages/airflow/example_dags/tutorial_taskflow_api_etl_virtualenv.py
[2022-06-22 11:46:56,313] {processor.py:641} INFO - Processing file /home/oury/.local/lib/python3.10/site-packages/airflow/example_dags/tutorial_taskflow_api_etl_virtualenv.py for tasks to queue
[2022-06-22 11:46:56,314] {logging_mixin.py:115} INFO - [2022-06-22 11:46:56,314] {dagbag.py:507} INFO - Filling up the DagBag from /home/oury/.local/lib/python3.10/site-packages/airflow/example_dags/tutorial_taskflow_api_etl_virtualenv.py
[2022-06-22 11:46:56,336] {processor.py:651} INFO - DAG(s) dict_keys(['tutorial_taskflow_api_etl_virtualenv']) retrieved from /home/oury/.local/lib/python3.10/site-packages/airflow/example_dags/tutorial_taskflow_api_etl_virtualenv.py
[2022-06-22 11:46:56,386] {logging_mixin.py:115} INFO - [2022-06-22 11:46:56,386] {dag.py:2379} INFO - Sync 1 DAGs
[2022-06-22 11:46:56,404] {logging_mixin.py:115} INFO - [2022-06-22 11:46:56,404] {dag.py:2923} INFO - Setting next_dagrun for tutorial_taskflow_api_etl_virtualenv to None, run_after=None
[2022-06-22 11:46:56,419] {processor.py:161} INFO - Processing /home/oury/.local/lib/python3.10/site-packages/airflow/example_dags/tutorial_taskflow_api_etl_virtualenv.py took 0.109 seconds
[2022-06-22 11:47:44,326] {processor.py:153} INFO - Started process (PID=12786) to work on /home/oury/.local/lib/python3.10/site-packages/airflow/example_dags/tutorial_taskflow_api_etl_virtualenv.py
[2022-06-22 11:47:44,327] {processor.py:641} INFO - Processing file /home/oury/.local/lib/python3.10/site-packages/airflow/example_dags/tutorial_taskflow_api_etl_virtualenv.py for tasks to queue
[2022-06-22 11:47:44,328] {logging_mixin.py:115} INFO - [2022-06-22 11:47:44,328] {dagbag.py:507} INFO - Filling up the DagBag from /home/oury/.local/lib/python3.10/site-packages/airflow/example_dags/tutorial_taskflow_api_etl_virtualenv.py
[2022-06-22 11:47:44,361] {processor.py:651} INFO - DAG(s) dict_keys(['tutorial_taskflow_api_etl_virtualenv']) retrieved from /home/oury/.local/lib/python3.10/site-packages/airflow/example_dags/tutorial_taskflow_api_etl_virtualenv.py
[2022-06-22 11:47:44,414] {logging_mixin.py:115} INFO - [2022-06-22 11:47:44,414] {dag.py:2379} INFO - Sync 1 DAGs
[2022-06-22 11:47:44,432] {logging_mixin.py:115} INFO - [2022-06-22 11:47:44,432] {dag.py:2923} INFO - Setting next_dagrun for tutorial_taskflow_api_etl_virtualenv to None, run_after=None
[2022-06-22 11:47:44,448] {processor.py:161} INFO - Processing /home/oury/.local/lib/python3.10/site-packages/airflow/example_dags/tutorial_taskflow_api_etl_virtualenv.py took 0.125 seconds
[2022-06-22 11:48:32,800] {processor.py:153} INFO - Started process (PID=12845) to work on /home/oury/.local/lib/python3.10/site-packages/airflow/example_dags/tutorial_taskflow_api_etl_virtualenv.py
[2022-06-22 11:48:32,807] {processor.py:641} INFO - Processing file /home/oury/.local/lib/python3.10/site-packages/airflow/example_dags/tutorial_taskflow_api_etl_virtualenv.py for tasks to queue
[2022-06-22 11:48:32,811] {logging_mixin.py:115} INFO - [2022-06-22 11:48:32,810] {dagbag.py:507} INFO - Filling up the DagBag from /home/oury/.local/lib/python3.10/site-packages/airflow/example_dags/tutorial_taskflow_api_etl_virtualenv.py
[2022-06-22 11:48:32,881] {processor.py:651} INFO - DAG(s) dict_keys(['tutorial_taskflow_api_etl_virtualenv']) retrieved from /home/oury/.local/lib/python3.10/site-packages/airflow/example_dags/tutorial_taskflow_api_etl_virtualenv.py
[2022-06-22 11:48:32,935] {logging_mixin.py:115} INFO - [2022-06-22 11:48:32,935] {dag.py:2379} INFO - Sync 1 DAGs
[2022-06-22 11:48:32,997] {logging_mixin.py:115} INFO - [2022-06-22 11:48:32,996] {dag.py:2923} INFO - Setting next_dagrun for tutorial_taskflow_api_etl_virtualenv to None, run_after=None
[2022-06-22 11:48:33,022] {processor.py:161} INFO - Processing /home/oury/.local/lib/python3.10/site-packages/airflow/example_dags/tutorial_taskflow_api_etl_virtualenv.py took 0.226 seconds
[2022-06-22 11:49:09,926] {processor.py:153} INFO - Started process (PID=12908) to work on /home/oury/.local/lib/python3.10/site-packages/airflow/example_dags/tutorial_taskflow_api_etl_virtualenv.py
[2022-06-22 11:49:09,927] {processor.py:641} INFO - Processing file /home/oury/.local/lib/python3.10/site-packages/airflow/example_dags/tutorial_taskflow_api_etl_virtualenv.py for tasks to queue
[2022-06-22 11:49:09,927] {logging_mixin.py:115} INFO - [2022-06-22 11:49:09,927] {dagbag.py:507} INFO - Filling up the DagBag from /home/oury/.local/lib/python3.10/site-packages/airflow/example_dags/tutorial_taskflow_api_etl_virtualenv.py
[2022-06-22 11:49:09,956] {processor.py:651} INFO - DAG(s) dict_keys(['tutorial_taskflow_api_etl_virtualenv']) retrieved from /home/oury/.local/lib/python3.10/site-packages/airflow/example_dags/tutorial_taskflow_api_etl_virtualenv.py
[2022-06-22 11:49:09,971] {logging_mixin.py:115} INFO - [2022-06-22 11:49:09,971] {dag.py:2379} INFO - Sync 1 DAGs
[2022-06-22 11:49:09,991] {logging_mixin.py:115} INFO - [2022-06-22 11:49:09,991] {dag.py:2923} INFO - Setting next_dagrun for tutorial_taskflow_api_etl_virtualenv to None, run_after=None
[2022-06-22 11:49:10,007] {processor.py:161} INFO - Processing /home/oury/.local/lib/python3.10/site-packages/airflow/example_dags/tutorial_taskflow_api_etl_virtualenv.py took 0.083 seconds
[2022-06-22 11:49:50,709] {processor.py:153} INFO - Started process (PID=12967) to work on /home/oury/.local/lib/python3.10/site-packages/airflow/example_dags/tutorial_taskflow_api_etl_virtualenv.py
[2022-06-22 11:49:50,710] {processor.py:641} INFO - Processing file /home/oury/.local/lib/python3.10/site-packages/airflow/example_dags/tutorial_taskflow_api_etl_virtualenv.py for tasks to queue
[2022-06-22 11:49:50,710] {logging_mixin.py:115} INFO - [2022-06-22 11:49:50,710] {dagbag.py:507} INFO - Filling up the DagBag from /home/oury/.local/lib/python3.10/site-packages/airflow/example_dags/tutorial_taskflow_api_etl_virtualenv.py
[2022-06-22 11:49:50,752] {processor.py:651} INFO - DAG(s) dict_keys(['tutorial_taskflow_api_etl_virtualenv']) retrieved from /home/oury/.local/lib/python3.10/site-packages/airflow/example_dags/tutorial_taskflow_api_etl_virtualenv.py
[2022-06-22 11:49:50,770] {logging_mixin.py:115} INFO - [2022-06-22 11:49:50,770] {dag.py:2379} INFO - Sync 1 DAGs
[2022-06-22 11:49:50,791] {logging_mixin.py:115} INFO - [2022-06-22 11:49:50,790] {dag.py:2923} INFO - Setting next_dagrun for tutorial_taskflow_api_etl_virtualenv to None, run_after=None
[2022-06-22 11:49:50,808] {processor.py:161} INFO - Processing /home/oury/.local/lib/python3.10/site-packages/airflow/example_dags/tutorial_taskflow_api_etl_virtualenv.py took 0.102 seconds
[2022-06-22 11:50:30,841] {processor.py:153} INFO - Started process (PID=13087) to work on /home/oury/.local/lib/python3.10/site-packages/airflow/example_dags/tutorial_taskflow_api_etl_virtualenv.py
[2022-06-22 11:50:30,841] {processor.py:641} INFO - Processing file /home/oury/.local/lib/python3.10/site-packages/airflow/example_dags/tutorial_taskflow_api_etl_virtualenv.py for tasks to queue
[2022-06-22 11:50:30,842] {logging_mixin.py:115} INFO - [2022-06-22 11:50:30,842] {dagbag.py:507} INFO - Filling up the DagBag from /home/oury/.local/lib/python3.10/site-packages/airflow/example_dags/tutorial_taskflow_api_etl_virtualenv.py
[2022-06-22 11:50:30,908] {processor.py:651} INFO - DAG(s) dict_keys(['tutorial_taskflow_api_etl_virtualenv']) retrieved from /home/oury/.local/lib/python3.10/site-packages/airflow/example_dags/tutorial_taskflow_api_etl_virtualenv.py
[2022-06-22 11:50:31,053] {logging_mixin.py:115} INFO - [2022-06-22 11:50:31,053] {dag.py:2379} INFO - Sync 1 DAGs
[2022-06-22 11:50:31,082] {logging_mixin.py:115} INFO - [2022-06-22 11:50:31,082] {dag.py:2923} INFO - Setting next_dagrun for tutorial_taskflow_api_etl_virtualenv to None, run_after=None
[2022-06-22 11:50:31,099] {processor.py:161} INFO - Processing /home/oury/.local/lib/python3.10/site-packages/airflow/example_dags/tutorial_taskflow_api_etl_virtualenv.py took 0.263 seconds
[2022-06-22 11:51:55,367] {processor.py:153} INFO - Started process (PID=13483) to work on /home/oury/.local/lib/python3.10/site-packages/airflow/example_dags/tutorial_taskflow_api_etl_virtualenv.py
[2022-06-22 11:51:55,382] {processor.py:641} INFO - Processing file /home/oury/.local/lib/python3.10/site-packages/airflow/example_dags/tutorial_taskflow_api_etl_virtualenv.py for tasks to queue
[2022-06-22 11:51:55,382] {logging_mixin.py:115} INFO - [2022-06-22 11:51:55,382] {dagbag.py:507} INFO - Filling up the DagBag from /home/oury/.local/lib/python3.10/site-packages/airflow/example_dags/tutorial_taskflow_api_etl_virtualenv.py
[2022-06-22 11:51:55,436] {processor.py:651} INFO - DAG(s) dict_keys(['tutorial_taskflow_api_etl_virtualenv']) retrieved from /home/oury/.local/lib/python3.10/site-packages/airflow/example_dags/tutorial_taskflow_api_etl_virtualenv.py
[2022-06-22 11:51:55,478] {logging_mixin.py:115} INFO - [2022-06-22 11:51:55,478] {dag.py:2379} INFO - Sync 1 DAGs
[2022-06-22 11:51:55,522] {logging_mixin.py:115} INFO - [2022-06-22 11:51:55,522] {dag.py:2923} INFO - Setting next_dagrun for tutorial_taskflow_api_etl_virtualenv to None, run_after=None
[2022-06-22 11:51:55,769] {processor.py:161} INFO - Processing /home/oury/.local/lib/python3.10/site-packages/airflow/example_dags/tutorial_taskflow_api_etl_virtualenv.py took 0.436 seconds
[2022-06-22 11:52:53,605] {processor.py:153} INFO - Started process (PID=13554) to work on /home/oury/.local/lib/python3.10/site-packages/airflow/example_dags/tutorial_taskflow_api_etl_virtualenv.py
[2022-06-22 11:52:53,606] {processor.py:641} INFO - Processing file /home/oury/.local/lib/python3.10/site-packages/airflow/example_dags/tutorial_taskflow_api_etl_virtualenv.py for tasks to queue
[2022-06-22 11:52:53,608] {logging_mixin.py:115} INFO - [2022-06-22 11:52:53,607] {dagbag.py:507} INFO - Filling up the DagBag from /home/oury/.local/lib/python3.10/site-packages/airflow/example_dags/tutorial_taskflow_api_etl_virtualenv.py
[2022-06-22 11:52:53,673] {processor.py:651} INFO - DAG(s) dict_keys(['tutorial_taskflow_api_etl_virtualenv']) retrieved from /home/oury/.local/lib/python3.10/site-packages/airflow/example_dags/tutorial_taskflow_api_etl_virtualenv.py
[2022-06-22 11:52:53,713] {logging_mixin.py:115} INFO - [2022-06-22 11:52:53,713] {dag.py:2379} INFO - Sync 1 DAGs
[2022-06-22 11:52:53,795] {logging_mixin.py:115} INFO - [2022-06-22 11:52:53,794] {dag.py:2923} INFO - Setting next_dagrun for tutorial_taskflow_api_etl_virtualenv to None, run_after=None
[2022-06-22 11:52:53,824] {processor.py:161} INFO - Processing /home/oury/.local/lib/python3.10/site-packages/airflow/example_dags/tutorial_taskflow_api_etl_virtualenv.py took 0.222 seconds
[2022-06-22 11:53:40,135] {processor.py:153} INFO - Started process (PID=13595) to work on /home/oury/.local/lib/python3.10/site-packages/airflow/example_dags/tutorial_taskflow_api_etl_virtualenv.py
[2022-06-22 11:53:40,135] {processor.py:641} INFO - Processing file /home/oury/.local/lib/python3.10/site-packages/airflow/example_dags/tutorial_taskflow_api_etl_virtualenv.py for tasks to queue
[2022-06-22 11:53:40,136] {logging_mixin.py:115} INFO - [2022-06-22 11:53:40,136] {dagbag.py:507} INFO - Filling up the DagBag from /home/oury/.local/lib/python3.10/site-packages/airflow/example_dags/tutorial_taskflow_api_etl_virtualenv.py
[2022-06-22 11:53:40,163] {processor.py:651} INFO - DAG(s) dict_keys(['tutorial_taskflow_api_etl_virtualenv']) retrieved from /home/oury/.local/lib/python3.10/site-packages/airflow/example_dags/tutorial_taskflow_api_etl_virtualenv.py
[2022-06-22 11:53:40,185] {logging_mixin.py:115} INFO - [2022-06-22 11:53:40,185] {dag.py:2379} INFO - Sync 1 DAGs
[2022-06-22 11:53:40,211] {logging_mixin.py:115} INFO - [2022-06-22 11:53:40,211] {dag.py:2923} INFO - Setting next_dagrun for tutorial_taskflow_api_etl_virtualenv to None, run_after=None
[2022-06-22 11:53:40,227] {processor.py:161} INFO - Processing /home/oury/.local/lib/python3.10/site-packages/airflow/example_dags/tutorial_taskflow_api_etl_virtualenv.py took 0.096 seconds
[2022-06-22 11:54:29,865] {processor.py:153} INFO - Started process (PID=13645) to work on /home/oury/.local/lib/python3.10/site-packages/airflow/example_dags/tutorial_taskflow_api_etl_virtualenv.py
[2022-06-22 11:54:29,866] {processor.py:641} INFO - Processing file /home/oury/.local/lib/python3.10/site-packages/airflow/example_dags/tutorial_taskflow_api_etl_virtualenv.py for tasks to queue
[2022-06-22 11:54:29,867] {logging_mixin.py:115} INFO - [2022-06-22 11:54:29,866] {dagbag.py:507} INFO - Filling up the DagBag from /home/oury/.local/lib/python3.10/site-packages/airflow/example_dags/tutorial_taskflow_api_etl_virtualenv.py
[2022-06-22 11:54:29,906] {processor.py:651} INFO - DAG(s) dict_keys(['tutorial_taskflow_api_etl_virtualenv']) retrieved from /home/oury/.local/lib/python3.10/site-packages/airflow/example_dags/tutorial_taskflow_api_etl_virtualenv.py
[2022-06-22 11:54:29,933] {logging_mixin.py:115} INFO - [2022-06-22 11:54:29,932] {dag.py:2379} INFO - Sync 1 DAGs
[2022-06-22 11:54:29,971] {logging_mixin.py:115} INFO - [2022-06-22 11:54:29,971] {dag.py:2923} INFO - Setting next_dagrun for tutorial_taskflow_api_etl_virtualenv to None, run_after=None
[2022-06-22 11:54:29,994] {processor.py:161} INFO - Processing /home/oury/.local/lib/python3.10/site-packages/airflow/example_dags/tutorial_taskflow_api_etl_virtualenv.py took 0.133 seconds
[2022-06-22 11:55:10,337] {processor.py:153} INFO - Started process (PID=13814) to work on /home/oury/.local/lib/python3.10/site-packages/airflow/example_dags/tutorial_taskflow_api_etl_virtualenv.py
[2022-06-22 11:55:10,338] {processor.py:641} INFO - Processing file /home/oury/.local/lib/python3.10/site-packages/airflow/example_dags/tutorial_taskflow_api_etl_virtualenv.py for tasks to queue
[2022-06-22 11:55:10,339] {logging_mixin.py:115} INFO - [2022-06-22 11:55:10,339] {dagbag.py:507} INFO - Filling up the DagBag from /home/oury/.local/lib/python3.10/site-packages/airflow/example_dags/tutorial_taskflow_api_etl_virtualenv.py
[2022-06-22 11:55:10,373] {processor.py:651} INFO - DAG(s) dict_keys(['tutorial_taskflow_api_etl_virtualenv']) retrieved from /home/oury/.local/lib/python3.10/site-packages/airflow/example_dags/tutorial_taskflow_api_etl_virtualenv.py
[2022-06-22 11:55:10,405] {logging_mixin.py:115} INFO - [2022-06-22 11:55:10,405] {dag.py:2379} INFO - Sync 1 DAGs
[2022-06-22 11:55:10,439] {logging_mixin.py:115} INFO - [2022-06-22 11:55:10,439] {dag.py:2923} INFO - Setting next_dagrun for tutorial_taskflow_api_etl_virtualenv to None, run_after=None
[2022-06-22 11:55:10,467] {processor.py:161} INFO - Processing /home/oury/.local/lib/python3.10/site-packages/airflow/example_dags/tutorial_taskflow_api_etl_virtualenv.py took 0.133 seconds
[2022-06-22 11:55:50,614] {processor.py:153} INFO - Started process (PID=13853) to work on /home/oury/.local/lib/python3.10/site-packages/airflow/example_dags/tutorial_taskflow_api_etl_virtualenv.py
[2022-06-22 11:55:50,615] {processor.py:641} INFO - Processing file /home/oury/.local/lib/python3.10/site-packages/airflow/example_dags/tutorial_taskflow_api_etl_virtualenv.py for tasks to queue
[2022-06-22 11:55:50,617] {logging_mixin.py:115} INFO - [2022-06-22 11:55:50,616] {dagbag.py:507} INFO - Filling up the DagBag from /home/oury/.local/lib/python3.10/site-packages/airflow/example_dags/tutorial_taskflow_api_etl_virtualenv.py
[2022-06-22 11:55:50,658] {processor.py:651} INFO - DAG(s) dict_keys(['tutorial_taskflow_api_etl_virtualenv']) retrieved from /home/oury/.local/lib/python3.10/site-packages/airflow/example_dags/tutorial_taskflow_api_etl_virtualenv.py
[2022-06-22 11:55:50,722] {logging_mixin.py:115} INFO - [2022-06-22 11:55:50,721] {dag.py:2379} INFO - Sync 1 DAGs
[2022-06-22 11:55:50,748] {logging_mixin.py:115} INFO - [2022-06-22 11:55:50,748] {dag.py:2923} INFO - Setting next_dagrun for tutorial_taskflow_api_etl_virtualenv to None, run_after=None
[2022-06-22 11:55:50,776] {processor.py:161} INFO - Processing /home/oury/.local/lib/python3.10/site-packages/airflow/example_dags/tutorial_taskflow_api_etl_virtualenv.py took 0.165 seconds
[2022-06-22 11:56:35,447] {processor.py:153} INFO - Started process (PID=13957) to work on /home/oury/.local/lib/python3.10/site-packages/airflow/example_dags/tutorial_taskflow_api_etl_virtualenv.py
[2022-06-22 11:56:35,448] {processor.py:641} INFO - Processing file /home/oury/.local/lib/python3.10/site-packages/airflow/example_dags/tutorial_taskflow_api_etl_virtualenv.py for tasks to queue
[2022-06-22 11:56:35,449] {logging_mixin.py:115} INFO - [2022-06-22 11:56:35,449] {dagbag.py:507} INFO - Filling up the DagBag from /home/oury/.local/lib/python3.10/site-packages/airflow/example_dags/tutorial_taskflow_api_etl_virtualenv.py
[2022-06-22 11:56:35,524] {processor.py:651} INFO - DAG(s) dict_keys(['tutorial_taskflow_api_etl_virtualenv']) retrieved from /home/oury/.local/lib/python3.10/site-packages/airflow/example_dags/tutorial_taskflow_api_etl_virtualenv.py
[2022-06-22 11:56:35,549] {logging_mixin.py:115} INFO - [2022-06-22 11:56:35,549] {dag.py:2379} INFO - Sync 1 DAGs
[2022-06-22 11:56:35,582] {logging_mixin.py:115} INFO - [2022-06-22 11:56:35,582] {dag.py:2923} INFO - Setting next_dagrun for tutorial_taskflow_api_etl_virtualenv to None, run_after=None
[2022-06-22 11:56:35,601] {processor.py:161} INFO - Processing /home/oury/.local/lib/python3.10/site-packages/airflow/example_dags/tutorial_taskflow_api_etl_virtualenv.py took 0.167 seconds
[2022-06-22 11:57:23,975] {processor.py:153} INFO - Started process (PID=13995) to work on /home/oury/.local/lib/python3.10/site-packages/airflow/example_dags/tutorial_taskflow_api_etl_virtualenv.py
[2022-06-22 11:57:23,976] {processor.py:641} INFO - Processing file /home/oury/.local/lib/python3.10/site-packages/airflow/example_dags/tutorial_taskflow_api_etl_virtualenv.py for tasks to queue
[2022-06-22 11:57:23,977] {logging_mixin.py:115} INFO - [2022-06-22 11:57:23,977] {dagbag.py:507} INFO - Filling up the DagBag from /home/oury/.local/lib/python3.10/site-packages/airflow/example_dags/tutorial_taskflow_api_etl_virtualenv.py
[2022-06-22 11:57:24,026] {processor.py:651} INFO - DAG(s) dict_keys(['tutorial_taskflow_api_etl_virtualenv']) retrieved from /home/oury/.local/lib/python3.10/site-packages/airflow/example_dags/tutorial_taskflow_api_etl_virtualenv.py
[2022-06-22 11:57:24,055] {logging_mixin.py:115} INFO - [2022-06-22 11:57:24,055] {dag.py:2379} INFO - Sync 1 DAGs
[2022-06-22 11:57:24,089] {logging_mixin.py:115} INFO - [2022-06-22 11:57:24,089] {dag.py:2923} INFO - Setting next_dagrun for tutorial_taskflow_api_etl_virtualenv to None, run_after=None
[2022-06-22 11:57:24,110] {processor.py:161} INFO - Processing /home/oury/.local/lib/python3.10/site-packages/airflow/example_dags/tutorial_taskflow_api_etl_virtualenv.py took 0.138 seconds
[2022-06-22 11:58:04,579] {processor.py:153} INFO - Started process (PID=14034) to work on /home/oury/.local/lib/python3.10/site-packages/airflow/example_dags/tutorial_taskflow_api_etl_virtualenv.py
[2022-06-22 11:58:04,580] {processor.py:641} INFO - Processing file /home/oury/.local/lib/python3.10/site-packages/airflow/example_dags/tutorial_taskflow_api_etl_virtualenv.py for tasks to queue
[2022-06-22 11:58:04,581] {logging_mixin.py:115} INFO - [2022-06-22 11:58:04,581] {dagbag.py:507} INFO - Filling up the DagBag from /home/oury/.local/lib/python3.10/site-packages/airflow/example_dags/tutorial_taskflow_api_etl_virtualenv.py
[2022-06-22 11:58:04,633] {processor.py:651} INFO - DAG(s) dict_keys(['tutorial_taskflow_api_etl_virtualenv']) retrieved from /home/oury/.local/lib/python3.10/site-packages/airflow/example_dags/tutorial_taskflow_api_etl_virtualenv.py
[2022-06-22 11:58:04,661] {logging_mixin.py:115} INFO - [2022-06-22 11:58:04,661] {dag.py:2379} INFO - Sync 1 DAGs
[2022-06-22 11:58:04,682] {logging_mixin.py:115} INFO - [2022-06-22 11:58:04,682] {dag.py:2923} INFO - Setting next_dagrun for tutorial_taskflow_api_etl_virtualenv to None, run_after=None
[2022-06-22 11:58:04,706] {processor.py:161} INFO - Processing /home/oury/.local/lib/python3.10/site-packages/airflow/example_dags/tutorial_taskflow_api_etl_virtualenv.py took 0.134 seconds
[2022-06-22 11:58:47,102] {processor.py:153} INFO - Started process (PID=14075) to work on /home/oury/.local/lib/python3.10/site-packages/airflow/example_dags/tutorial_taskflow_api_etl_virtualenv.py
[2022-06-22 11:58:47,103] {processor.py:641} INFO - Processing file /home/oury/.local/lib/python3.10/site-packages/airflow/example_dags/tutorial_taskflow_api_etl_virtualenv.py for tasks to queue
[2022-06-22 11:58:47,103] {logging_mixin.py:115} INFO - [2022-06-22 11:58:47,103] {dagbag.py:507} INFO - Filling up the DagBag from /home/oury/.local/lib/python3.10/site-packages/airflow/example_dags/tutorial_taskflow_api_etl_virtualenv.py
[2022-06-22 11:58:47,145] {processor.py:651} INFO - DAG(s) dict_keys(['tutorial_taskflow_api_etl_virtualenv']) retrieved from /home/oury/.local/lib/python3.10/site-packages/airflow/example_dags/tutorial_taskflow_api_etl_virtualenv.py
[2022-06-22 11:58:47,169] {logging_mixin.py:115} INFO - [2022-06-22 11:58:47,169] {dag.py:2379} INFO - Sync 1 DAGs
[2022-06-22 11:58:47,203] {logging_mixin.py:115} INFO - [2022-06-22 11:58:47,200] {dag.py:2923} INFO - Setting next_dagrun for tutorial_taskflow_api_etl_virtualenv to None, run_after=None
[2022-06-22 11:58:47,222] {processor.py:161} INFO - Processing /home/oury/.local/lib/python3.10/site-packages/airflow/example_dags/tutorial_taskflow_api_etl_virtualenv.py took 0.123 seconds
[2022-06-22 11:59:26,564] {processor.py:153} INFO - Started process (PID=14113) to work on /home/oury/.local/lib/python3.10/site-packages/airflow/example_dags/tutorial_taskflow_api_etl_virtualenv.py
[2022-06-22 11:59:26,565] {processor.py:641} INFO - Processing file /home/oury/.local/lib/python3.10/site-packages/airflow/example_dags/tutorial_taskflow_api_etl_virtualenv.py for tasks to queue
[2022-06-22 11:59:26,566] {logging_mixin.py:115} INFO - [2022-06-22 11:59:26,566] {dagbag.py:507} INFO - Filling up the DagBag from /home/oury/.local/lib/python3.10/site-packages/airflow/example_dags/tutorial_taskflow_api_etl_virtualenv.py
[2022-06-22 11:59:26,616] {processor.py:651} INFO - DAG(s) dict_keys(['tutorial_taskflow_api_etl_virtualenv']) retrieved from /home/oury/.local/lib/python3.10/site-packages/airflow/example_dags/tutorial_taskflow_api_etl_virtualenv.py
[2022-06-22 11:59:26,658] {logging_mixin.py:115} INFO - [2022-06-22 11:59:26,658] {dag.py:2379} INFO - Sync 1 DAGs
[2022-06-22 11:59:26,694] {logging_mixin.py:115} INFO - [2022-06-22 11:59:26,694] {dag.py:2923} INFO - Setting next_dagrun for tutorial_taskflow_api_etl_virtualenv to None, run_after=None
[2022-06-22 11:59:26,715] {processor.py:161} INFO - Processing /home/oury/.local/lib/python3.10/site-packages/airflow/example_dags/tutorial_taskflow_api_etl_virtualenv.py took 0.158 seconds
[2022-06-22 12:00:14,792] {processor.py:153} INFO - Started process (PID=14154) to work on /home/oury/.local/lib/python3.10/site-packages/airflow/example_dags/tutorial_taskflow_api_etl_virtualenv.py
[2022-06-22 12:00:14,793] {processor.py:641} INFO - Processing file /home/oury/.local/lib/python3.10/site-packages/airflow/example_dags/tutorial_taskflow_api_etl_virtualenv.py for tasks to queue
[2022-06-22 12:00:14,794] {logging_mixin.py:115} INFO - [2022-06-22 12:00:14,794] {dagbag.py:507} INFO - Filling up the DagBag from /home/oury/.local/lib/python3.10/site-packages/airflow/example_dags/tutorial_taskflow_api_etl_virtualenv.py
[2022-06-22 12:00:14,828] {processor.py:651} INFO - DAG(s) dict_keys(['tutorial_taskflow_api_etl_virtualenv']) retrieved from /home/oury/.local/lib/python3.10/site-packages/airflow/example_dags/tutorial_taskflow_api_etl_virtualenv.py
[2022-06-22 12:00:14,844] {logging_mixin.py:115} INFO - [2022-06-22 12:00:14,844] {dag.py:2379} INFO - Sync 1 DAGs
[2022-06-22 12:00:14,868] {logging_mixin.py:115} INFO - [2022-06-22 12:00:14,868] {dag.py:2923} INFO - Setting next_dagrun for tutorial_taskflow_api_etl_virtualenv to None, run_after=None
[2022-06-22 12:00:14,902] {processor.py:161} INFO - Processing /home/oury/.local/lib/python3.10/site-packages/airflow/example_dags/tutorial_taskflow_api_etl_virtualenv.py took 0.113 seconds
[2022-06-22 12:00:52,862] {processor.py:153} INFO - Started process (PID=14190) to work on /home/oury/.local/lib/python3.10/site-packages/airflow/example_dags/tutorial_taskflow_api_etl_virtualenv.py
[2022-06-22 12:00:52,862] {processor.py:641} INFO - Processing file /home/oury/.local/lib/python3.10/site-packages/airflow/example_dags/tutorial_taskflow_api_etl_virtualenv.py for tasks to queue
[2022-06-22 12:00:52,863] {logging_mixin.py:115} INFO - [2022-06-22 12:00:52,863] {dagbag.py:507} INFO - Filling up the DagBag from /home/oury/.local/lib/python3.10/site-packages/airflow/example_dags/tutorial_taskflow_api_etl_virtualenv.py
[2022-06-22 12:00:52,897] {processor.py:651} INFO - DAG(s) dict_keys(['tutorial_taskflow_api_etl_virtualenv']) retrieved from /home/oury/.local/lib/python3.10/site-packages/airflow/example_dags/tutorial_taskflow_api_etl_virtualenv.py
[2022-06-22 12:00:52,952] {logging_mixin.py:115} INFO - [2022-06-22 12:00:52,952] {dag.py:2379} INFO - Sync 1 DAGs
[2022-06-22 12:00:52,974] {logging_mixin.py:115} INFO - [2022-06-22 12:00:52,974] {dag.py:2923} INFO - Setting next_dagrun for tutorial_taskflow_api_etl_virtualenv to None, run_after=None
[2022-06-22 12:00:52,991] {processor.py:161} INFO - Processing /home/oury/.local/lib/python3.10/site-packages/airflow/example_dags/tutorial_taskflow_api_etl_virtualenv.py took 0.133 seconds
[2022-06-22 12:01:37,123] {processor.py:153} INFO - Started process (PID=14228) to work on /home/oury/.local/lib/python3.10/site-packages/airflow/example_dags/tutorial_taskflow_api_etl_virtualenv.py
[2022-06-22 12:01:37,123] {processor.py:641} INFO - Processing file /home/oury/.local/lib/python3.10/site-packages/airflow/example_dags/tutorial_taskflow_api_etl_virtualenv.py for tasks to queue
[2022-06-22 12:01:37,124] {logging_mixin.py:115} INFO - [2022-06-22 12:01:37,124] {dagbag.py:507} INFO - Filling up the DagBag from /home/oury/.local/lib/python3.10/site-packages/airflow/example_dags/tutorial_taskflow_api_etl_virtualenv.py
[2022-06-22 12:01:37,161] {processor.py:651} INFO - DAG(s) dict_keys(['tutorial_taskflow_api_etl_virtualenv']) retrieved from /home/oury/.local/lib/python3.10/site-packages/airflow/example_dags/tutorial_taskflow_api_etl_virtualenv.py
[2022-06-22 12:01:37,198] {logging_mixin.py:115} INFO - [2022-06-22 12:01:37,197] {dag.py:2379} INFO - Sync 1 DAGs
[2022-06-22 12:01:37,231] {logging_mixin.py:115} INFO - [2022-06-22 12:01:37,231] {dag.py:2923} INFO - Setting next_dagrun for tutorial_taskflow_api_etl_virtualenv to None, run_after=None
[2022-06-22 12:01:37,252] {processor.py:161} INFO - Processing /home/oury/.local/lib/python3.10/site-packages/airflow/example_dags/tutorial_taskflow_api_etl_virtualenv.py took 0.135 seconds
[2022-06-22 12:02:16,800] {processor.py:153} INFO - Started process (PID=14265) to work on /home/oury/.local/lib/python3.10/site-packages/airflow/example_dags/tutorial_taskflow_api_etl_virtualenv.py
[2022-06-22 12:02:16,802] {processor.py:641} INFO - Processing file /home/oury/.local/lib/python3.10/site-packages/airflow/example_dags/tutorial_taskflow_api_etl_virtualenv.py for tasks to queue
[2022-06-22 12:02:16,803] {logging_mixin.py:115} INFO - [2022-06-22 12:02:16,803] {dagbag.py:507} INFO - Filling up the DagBag from /home/oury/.local/lib/python3.10/site-packages/airflow/example_dags/tutorial_taskflow_api_etl_virtualenv.py
[2022-06-22 12:02:16,835] {processor.py:651} INFO - DAG(s) dict_keys(['tutorial_taskflow_api_etl_virtualenv']) retrieved from /home/oury/.local/lib/python3.10/site-packages/airflow/example_dags/tutorial_taskflow_api_etl_virtualenv.py
[2022-06-22 12:02:16,856] {logging_mixin.py:115} INFO - [2022-06-22 12:02:16,855] {dag.py:2379} INFO - Sync 1 DAGs
[2022-06-22 12:02:16,883] {logging_mixin.py:115} INFO - [2022-06-22 12:02:16,883] {dag.py:2923} INFO - Setting next_dagrun for tutorial_taskflow_api_etl_virtualenv to None, run_after=None
[2022-06-22 12:02:16,898] {processor.py:161} INFO - Processing /home/oury/.local/lib/python3.10/site-packages/airflow/example_dags/tutorial_taskflow_api_etl_virtualenv.py took 0.101 seconds
[2022-06-22 12:02:58,231] {processor.py:153} INFO - Started process (PID=14301) to work on /home/oury/.local/lib/python3.10/site-packages/airflow/example_dags/tutorial_taskflow_api_etl_virtualenv.py
[2022-06-22 12:02:58,231] {processor.py:641} INFO - Processing file /home/oury/.local/lib/python3.10/site-packages/airflow/example_dags/tutorial_taskflow_api_etl_virtualenv.py for tasks to queue
[2022-06-22 12:02:58,232] {logging_mixin.py:115} INFO - [2022-06-22 12:02:58,232] {dagbag.py:507} INFO - Filling up the DagBag from /home/oury/.local/lib/python3.10/site-packages/airflow/example_dags/tutorial_taskflow_api_etl_virtualenv.py
[2022-06-22 12:02:58,266] {processor.py:651} INFO - DAG(s) dict_keys(['tutorial_taskflow_api_etl_virtualenv']) retrieved from /home/oury/.local/lib/python3.10/site-packages/airflow/example_dags/tutorial_taskflow_api_etl_virtualenv.py
[2022-06-22 12:02:58,290] {logging_mixin.py:115} INFO - [2022-06-22 12:02:58,290] {dag.py:2379} INFO - Sync 1 DAGs
[2022-06-22 12:02:58,348] {logging_mixin.py:115} INFO - [2022-06-22 12:02:58,348] {dag.py:2923} INFO - Setting next_dagrun for tutorial_taskflow_api_etl_virtualenv to None, run_after=None
[2022-06-22 12:02:58,370] {processor.py:161} INFO - Processing /home/oury/.local/lib/python3.10/site-packages/airflow/example_dags/tutorial_taskflow_api_etl_virtualenv.py took 0.142 seconds
[2022-06-22 12:03:42,217] {processor.py:153} INFO - Started process (PID=14333) to work on /home/oury/.local/lib/python3.10/site-packages/airflow/example_dags/tutorial_taskflow_api_etl_virtualenv.py
[2022-06-22 12:03:42,218] {processor.py:641} INFO - Processing file /home/oury/.local/lib/python3.10/site-packages/airflow/example_dags/tutorial_taskflow_api_etl_virtualenv.py for tasks to queue
[2022-06-22 12:03:42,219] {logging_mixin.py:115} INFO - [2022-06-22 12:03:42,219] {dagbag.py:507} INFO - Filling up the DagBag from /home/oury/.local/lib/python3.10/site-packages/airflow/example_dags/tutorial_taskflow_api_etl_virtualenv.py
[2022-06-22 12:03:42,251] {processor.py:651} INFO - DAG(s) dict_keys(['tutorial_taskflow_api_etl_virtualenv']) retrieved from /home/oury/.local/lib/python3.10/site-packages/airflow/example_dags/tutorial_taskflow_api_etl_virtualenv.py
[2022-06-22 12:03:42,272] {logging_mixin.py:115} INFO - [2022-06-22 12:03:42,272] {dag.py:2379} INFO - Sync 1 DAGs
[2022-06-22 12:03:42,302] {logging_mixin.py:115} INFO - [2022-06-22 12:03:42,302] {dag.py:2923} INFO - Setting next_dagrun for tutorial_taskflow_api_etl_virtualenv to None, run_after=None
[2022-06-22 12:03:42,322] {processor.py:161} INFO - Processing /home/oury/.local/lib/python3.10/site-packages/airflow/example_dags/tutorial_taskflow_api_etl_virtualenv.py took 0.107 seconds
[2022-06-22 12:04:15,459] {processor.py:153} INFO - Started process (PID=14364) to work on /home/oury/.local/lib/python3.10/site-packages/airflow/example_dags/tutorial_taskflow_api_etl_virtualenv.py
[2022-06-22 12:04:15,459] {processor.py:641} INFO - Processing file /home/oury/.local/lib/python3.10/site-packages/airflow/example_dags/tutorial_taskflow_api_etl_virtualenv.py for tasks to queue
[2022-06-22 12:04:15,460] {logging_mixin.py:115} INFO - [2022-06-22 12:04:15,460] {dagbag.py:507} INFO - Filling up the DagBag from /home/oury/.local/lib/python3.10/site-packages/airflow/example_dags/tutorial_taskflow_api_etl_virtualenv.py
[2022-06-22 12:04:15,512] {processor.py:651} INFO - DAG(s) dict_keys(['tutorial_taskflow_api_etl_virtualenv']) retrieved from /home/oury/.local/lib/python3.10/site-packages/airflow/example_dags/tutorial_taskflow_api_etl_virtualenv.py
[2022-06-22 12:04:15,540] {logging_mixin.py:115} INFO - [2022-06-22 12:04:15,540] {dag.py:2379} INFO - Sync 1 DAGs
[2022-06-22 12:04:15,570] {logging_mixin.py:115} INFO - [2022-06-22 12:04:15,570] {dag.py:2923} INFO - Setting next_dagrun for tutorial_taskflow_api_etl_virtualenv to None, run_after=None
[2022-06-22 12:04:15,610] {processor.py:161} INFO - Processing /home/oury/.local/lib/python3.10/site-packages/airflow/example_dags/tutorial_taskflow_api_etl_virtualenv.py took 0.154 seconds
[2022-06-22 12:05:00,032] {processor.py:153} INFO - Started process (PID=14405) to work on /home/oury/.local/lib/python3.10/site-packages/airflow/example_dags/tutorial_taskflow_api_etl_virtualenv.py
[2022-06-22 12:05:00,040] {processor.py:641} INFO - Processing file /home/oury/.local/lib/python3.10/site-packages/airflow/example_dags/tutorial_taskflow_api_etl_virtualenv.py for tasks to queue
[2022-06-22 12:05:00,041] {logging_mixin.py:115} INFO - [2022-06-22 12:05:00,041] {dagbag.py:507} INFO - Filling up the DagBag from /home/oury/.local/lib/python3.10/site-packages/airflow/example_dags/tutorial_taskflow_api_etl_virtualenv.py
[2022-06-22 12:05:00,091] {processor.py:651} INFO - DAG(s) dict_keys(['tutorial_taskflow_api_etl_virtualenv']) retrieved from /home/oury/.local/lib/python3.10/site-packages/airflow/example_dags/tutorial_taskflow_api_etl_virtualenv.py
[2022-06-22 12:05:00,121] {logging_mixin.py:115} INFO - [2022-06-22 12:05:00,121] {dag.py:2379} INFO - Sync 1 DAGs
[2022-06-22 12:05:00,151] {logging_mixin.py:115} INFO - [2022-06-22 12:05:00,151] {dag.py:2923} INFO - Setting next_dagrun for tutorial_taskflow_api_etl_virtualenv to None, run_after=None
[2022-06-22 12:05:00,322] {processor.py:161} INFO - Processing /home/oury/.local/lib/python3.10/site-packages/airflow/example_dags/tutorial_taskflow_api_etl_virtualenv.py took 0.295 seconds
