[2022-06-22 11:41:10,347] {processor.py:153} INFO - Started process (PID=11681) to work on /home/oury/.local/lib/python3.10/site-packages/airflow/example_dags/tutorial_taskflow_api_etl.py
[2022-06-22 11:41:10,348] {processor.py:641} INFO - Processing file /home/oury/.local/lib/python3.10/site-packages/airflow/example_dags/tutorial_taskflow_api_etl.py for tasks to queue
[2022-06-22 11:41:10,349] {logging_mixin.py:115} INFO - [2022-06-22 11:41:10,349] {dagbag.py:507} INFO - Filling up the DagBag from /home/oury/.local/lib/python3.10/site-packages/airflow/example_dags/tutorial_taskflow_api_etl.py
[2022-06-22 11:41:10,389] {processor.py:651} INFO - DAG(s) dict_keys(['tutorial_taskflow_api_etl']) retrieved from /home/oury/.local/lib/python3.10/site-packages/airflow/example_dags/tutorial_taskflow_api_etl.py
[2022-06-22 11:41:10,487] {logging_mixin.py:115} INFO - [2022-06-22 11:41:10,486] {dag.py:2379} INFO - Sync 1 DAGs
[2022-06-22 11:41:10,511] {logging_mixin.py:115} INFO - [2022-06-22 11:41:10,511] {dag.py:2398} INFO - Creating ORM DAG for tutorial_taskflow_api_etl
[2022-06-22 11:41:10,534] {logging_mixin.py:115} INFO - [2022-06-22 11:41:10,533] {dag.py:2923} INFO - Setting next_dagrun for tutorial_taskflow_api_etl to None, run_after=None
[2022-06-22 11:41:10,576] {processor.py:161} INFO - Processing /home/oury/.local/lib/python3.10/site-packages/airflow/example_dags/tutorial_taskflow_api_etl.py took 0.233 seconds
[2022-06-22 11:42:24,087] {processor.py:153} INFO - Started process (PID=11951) to work on /home/oury/.local/lib/python3.10/site-packages/airflow/example_dags/tutorial_taskflow_api_etl.py
[2022-06-22 11:42:24,088] {processor.py:641} INFO - Processing file /home/oury/.local/lib/python3.10/site-packages/airflow/example_dags/tutorial_taskflow_api_etl.py for tasks to queue
[2022-06-22 11:42:24,090] {logging_mixin.py:115} INFO - [2022-06-22 11:42:24,089] {dagbag.py:507} INFO - Filling up the DagBag from /home/oury/.local/lib/python3.10/site-packages/airflow/example_dags/tutorial_taskflow_api_etl.py
[2022-06-22 11:42:24,135] {processor.py:651} INFO - DAG(s) dict_keys(['tutorial_taskflow_api_etl']) retrieved from /home/oury/.local/lib/python3.10/site-packages/airflow/example_dags/tutorial_taskflow_api_etl.py
[2022-06-22 11:42:24,255] {logging_mixin.py:115} INFO - [2022-06-22 11:42:24,255] {dag.py:2379} INFO - Sync 1 DAGs
[2022-06-22 11:42:24,287] {logging_mixin.py:115} INFO - [2022-06-22 11:42:24,287] {dag.py:2923} INFO - Setting next_dagrun for tutorial_taskflow_api_etl to None, run_after=None
[2022-06-22 11:42:24,306] {processor.py:161} INFO - Processing /home/oury/.local/lib/python3.10/site-packages/airflow/example_dags/tutorial_taskflow_api_etl.py took 0.223 seconds
[2022-06-22 11:43:22,180] {processor.py:153} INFO - Started process (PID=12332) to work on /home/oury/.local/lib/python3.10/site-packages/airflow/example_dags/tutorial_taskflow_api_etl.py
[2022-06-22 11:43:22,190] {processor.py:641} INFO - Processing file /home/oury/.local/lib/python3.10/site-packages/airflow/example_dags/tutorial_taskflow_api_etl.py for tasks to queue
[2022-06-22 11:43:22,196] {logging_mixin.py:115} INFO - [2022-06-22 11:43:22,196] {dagbag.py:507} INFO - Filling up the DagBag from /home/oury/.local/lib/python3.10/site-packages/airflow/example_dags/tutorial_taskflow_api_etl.py
[2022-06-22 11:43:22,307] {processor.py:651} INFO - DAG(s) dict_keys(['tutorial_taskflow_api_etl']) retrieved from /home/oury/.local/lib/python3.10/site-packages/airflow/example_dags/tutorial_taskflow_api_etl.py
[2022-06-22 11:43:22,332] {logging_mixin.py:115} INFO - [2022-06-22 11:43:22,332] {dag.py:2379} INFO - Sync 1 DAGs
[2022-06-22 11:43:22,367] {logging_mixin.py:115} INFO - [2022-06-22 11:43:22,367] {dag.py:2923} INFO - Setting next_dagrun for tutorial_taskflow_api_etl to None, run_after=None
[2022-06-22 11:43:22,423] {processor.py:161} INFO - Processing /home/oury/.local/lib/python3.10/site-packages/airflow/example_dags/tutorial_taskflow_api_etl.py took 0.277 seconds
[2022-06-22 11:44:09,951] {processor.py:153} INFO - Started process (PID=12406) to work on /home/oury/.local/lib/python3.10/site-packages/airflow/example_dags/tutorial_taskflow_api_etl.py
[2022-06-22 11:44:09,952] {processor.py:641} INFO - Processing file /home/oury/.local/lib/python3.10/site-packages/airflow/example_dags/tutorial_taskflow_api_etl.py for tasks to queue
[2022-06-22 11:44:09,952] {logging_mixin.py:115} INFO - [2022-06-22 11:44:09,952] {dagbag.py:507} INFO - Filling up the DagBag from /home/oury/.local/lib/python3.10/site-packages/airflow/example_dags/tutorial_taskflow_api_etl.py
[2022-06-22 11:44:09,976] {processor.py:651} INFO - DAG(s) dict_keys(['tutorial_taskflow_api_etl']) retrieved from /home/oury/.local/lib/python3.10/site-packages/airflow/example_dags/tutorial_taskflow_api_etl.py
[2022-06-22 11:44:09,990] {logging_mixin.py:115} INFO - [2022-06-22 11:44:09,990] {dag.py:2379} INFO - Sync 1 DAGs
[2022-06-22 11:44:10,010] {logging_mixin.py:115} INFO - [2022-06-22 11:44:10,009] {dag.py:2923} INFO - Setting next_dagrun for tutorial_taskflow_api_etl to None, run_after=None
[2022-06-22 11:44:10,150] {processor.py:161} INFO - Processing /home/oury/.local/lib/python3.10/site-packages/airflow/example_dags/tutorial_taskflow_api_etl.py took 0.202 seconds
[2022-06-22 11:44:53,412] {processor.py:153} INFO - Started process (PID=12501) to work on /home/oury/.local/lib/python3.10/site-packages/airflow/example_dags/tutorial_taskflow_api_etl.py
[2022-06-22 11:44:53,419] {processor.py:641} INFO - Processing file /home/oury/.local/lib/python3.10/site-packages/airflow/example_dags/tutorial_taskflow_api_etl.py for tasks to queue
[2022-06-22 11:44:53,420] {logging_mixin.py:115} INFO - [2022-06-22 11:44:53,420] {dagbag.py:507} INFO - Filling up the DagBag from /home/oury/.local/lib/python3.10/site-packages/airflow/example_dags/tutorial_taskflow_api_etl.py
[2022-06-22 11:44:53,524] {processor.py:651} INFO - DAG(s) dict_keys(['tutorial_taskflow_api_etl']) retrieved from /home/oury/.local/lib/python3.10/site-packages/airflow/example_dags/tutorial_taskflow_api_etl.py
[2022-06-22 11:44:53,590] {logging_mixin.py:115} INFO - [2022-06-22 11:44:53,590] {dag.py:2379} INFO - Sync 1 DAGs
[2022-06-22 11:44:53,671] {logging_mixin.py:115} INFO - [2022-06-22 11:44:53,671] {dag.py:2923} INFO - Setting next_dagrun for tutorial_taskflow_api_etl to None, run_after=None
[2022-06-22 11:44:53,920] {processor.py:161} INFO - Processing /home/oury/.local/lib/python3.10/site-packages/airflow/example_dags/tutorial_taskflow_api_etl.py took 0.526 seconds
[2022-06-22 11:45:27,901] {processor.py:153} INFO - Started process (PID=12563) to work on /home/oury/.local/lib/python3.10/site-packages/airflow/example_dags/tutorial_taskflow_api_etl.py
[2022-06-22 11:45:27,901] {processor.py:641} INFO - Processing file /home/oury/.local/lib/python3.10/site-packages/airflow/example_dags/tutorial_taskflow_api_etl.py for tasks to queue
[2022-06-22 11:45:27,902] {logging_mixin.py:115} INFO - [2022-06-22 11:45:27,902] {dagbag.py:507} INFO - Filling up the DagBag from /home/oury/.local/lib/python3.10/site-packages/airflow/example_dags/tutorial_taskflow_api_etl.py
[2022-06-22 11:45:27,942] {processor.py:651} INFO - DAG(s) dict_keys(['tutorial_taskflow_api_etl']) retrieved from /home/oury/.local/lib/python3.10/site-packages/airflow/example_dags/tutorial_taskflow_api_etl.py
[2022-06-22 11:45:28,051] {logging_mixin.py:115} INFO - [2022-06-22 11:45:28,051] {dag.py:2379} INFO - Sync 1 DAGs
[2022-06-22 11:45:28,164] {logging_mixin.py:115} INFO - [2022-06-22 11:45:28,164] {dag.py:2923} INFO - Setting next_dagrun for tutorial_taskflow_api_etl to None, run_after=None
[2022-06-22 11:45:28,255] {processor.py:161} INFO - Processing /home/oury/.local/lib/python3.10/site-packages/airflow/example_dags/tutorial_taskflow_api_etl.py took 0.359 seconds
[2022-06-22 11:46:17,007] {processor.py:153} INFO - Started process (PID=12620) to work on /home/oury/.local/lib/python3.10/site-packages/airflow/example_dags/tutorial_taskflow_api_etl.py
[2022-06-22 11:46:17,007] {processor.py:641} INFO - Processing file /home/oury/.local/lib/python3.10/site-packages/airflow/example_dags/tutorial_taskflow_api_etl.py for tasks to queue
[2022-06-22 11:46:17,008] {logging_mixin.py:115} INFO - [2022-06-22 11:46:17,008] {dagbag.py:507} INFO - Filling up the DagBag from /home/oury/.local/lib/python3.10/site-packages/airflow/example_dags/tutorial_taskflow_api_etl.py
[2022-06-22 11:46:17,031] {processor.py:651} INFO - DAG(s) dict_keys(['tutorial_taskflow_api_etl']) retrieved from /home/oury/.local/lib/python3.10/site-packages/airflow/example_dags/tutorial_taskflow_api_etl.py
[2022-06-22 11:46:17,080] {logging_mixin.py:115} INFO - [2022-06-22 11:46:17,080] {dag.py:2379} INFO - Sync 1 DAGs
[2022-06-22 11:46:17,098] {logging_mixin.py:115} INFO - [2022-06-22 11:46:17,098] {dag.py:2923} INFO - Setting next_dagrun for tutorial_taskflow_api_etl to None, run_after=None
[2022-06-22 11:46:17,113] {processor.py:161} INFO - Processing /home/oury/.local/lib/python3.10/site-packages/airflow/example_dags/tutorial_taskflow_api_etl.py took 0.110 seconds
[2022-06-22 11:46:58,861] {processor.py:153} INFO - Started process (PID=12740) to work on /home/oury/.local/lib/python3.10/site-packages/airflow/example_dags/tutorial_taskflow_api_etl.py
[2022-06-22 11:46:58,862] {processor.py:641} INFO - Processing file /home/oury/.local/lib/python3.10/site-packages/airflow/example_dags/tutorial_taskflow_api_etl.py for tasks to queue
[2022-06-22 11:46:58,863] {logging_mixin.py:115} INFO - [2022-06-22 11:46:58,863] {dagbag.py:507} INFO - Filling up the DagBag from /home/oury/.local/lib/python3.10/site-packages/airflow/example_dags/tutorial_taskflow_api_etl.py
[2022-06-22 11:46:58,900] {processor.py:651} INFO - DAG(s) dict_keys(['tutorial_taskflow_api_etl']) retrieved from /home/oury/.local/lib/python3.10/site-packages/airflow/example_dags/tutorial_taskflow_api_etl.py
[2022-06-22 11:46:58,919] {logging_mixin.py:115} INFO - [2022-06-22 11:46:58,919] {dag.py:2379} INFO - Sync 1 DAGs
[2022-06-22 11:46:58,942] {logging_mixin.py:115} INFO - [2022-06-22 11:46:58,942] {dag.py:2923} INFO - Setting next_dagrun for tutorial_taskflow_api_etl to None, run_after=None
[2022-06-22 11:46:58,962] {processor.py:161} INFO - Processing /home/oury/.local/lib/python3.10/site-packages/airflow/example_dags/tutorial_taskflow_api_etl.py took 0.110 seconds
[2022-06-22 11:47:46,903] {processor.py:153} INFO - Started process (PID=12788) to work on /home/oury/.local/lib/python3.10/site-packages/airflow/example_dags/tutorial_taskflow_api_etl.py
[2022-06-22 11:47:46,904] {processor.py:641} INFO - Processing file /home/oury/.local/lib/python3.10/site-packages/airflow/example_dags/tutorial_taskflow_api_etl.py for tasks to queue
[2022-06-22 11:47:46,905] {logging_mixin.py:115} INFO - [2022-06-22 11:47:46,904] {dagbag.py:507} INFO - Filling up the DagBag from /home/oury/.local/lib/python3.10/site-packages/airflow/example_dags/tutorial_taskflow_api_etl.py
[2022-06-22 11:47:46,930] {processor.py:651} INFO - DAG(s) dict_keys(['tutorial_taskflow_api_etl']) retrieved from /home/oury/.local/lib/python3.10/site-packages/airflow/example_dags/tutorial_taskflow_api_etl.py
[2022-06-22 11:47:46,947] {logging_mixin.py:115} INFO - [2022-06-22 11:47:46,947] {dag.py:2379} INFO - Sync 1 DAGs
[2022-06-22 11:47:46,970] {logging_mixin.py:115} INFO - [2022-06-22 11:47:46,969] {dag.py:2923} INFO - Setting next_dagrun for tutorial_taskflow_api_etl to None, run_after=None
[2022-06-22 11:47:46,988] {processor.py:161} INFO - Processing /home/oury/.local/lib/python3.10/site-packages/airflow/example_dags/tutorial_taskflow_api_etl.py took 0.089 seconds
[2022-06-22 11:48:34,638] {processor.py:153} INFO - Started process (PID=12848) to work on /home/oury/.local/lib/python3.10/site-packages/airflow/example_dags/tutorial_taskflow_api_etl.py
[2022-06-22 11:48:34,639] {processor.py:641} INFO - Processing file /home/oury/.local/lib/python3.10/site-packages/airflow/example_dags/tutorial_taskflow_api_etl.py for tasks to queue
[2022-06-22 11:48:34,641] {logging_mixin.py:115} INFO - [2022-06-22 11:48:34,640] {dagbag.py:507} INFO - Filling up the DagBag from /home/oury/.local/lib/python3.10/site-packages/airflow/example_dags/tutorial_taskflow_api_etl.py
[2022-06-22 11:48:34,680] {processor.py:651} INFO - DAG(s) dict_keys(['tutorial_taskflow_api_etl']) retrieved from /home/oury/.local/lib/python3.10/site-packages/airflow/example_dags/tutorial_taskflow_api_etl.py
[2022-06-22 11:48:34,711] {logging_mixin.py:115} INFO - [2022-06-22 11:48:34,710] {dag.py:2379} INFO - Sync 1 DAGs
[2022-06-22 11:48:34,737] {logging_mixin.py:115} INFO - [2022-06-22 11:48:34,737] {dag.py:2923} INFO - Setting next_dagrun for tutorial_taskflow_api_etl to None, run_after=None
[2022-06-22 11:48:34,768] {processor.py:161} INFO - Processing /home/oury/.local/lib/python3.10/site-packages/airflow/example_dags/tutorial_taskflow_api_etl.py took 0.135 seconds
[2022-06-22 11:49:12,024] {processor.py:153} INFO - Started process (PID=12910) to work on /home/oury/.local/lib/python3.10/site-packages/airflow/example_dags/tutorial_taskflow_api_etl.py
[2022-06-22 11:49:12,025] {processor.py:641} INFO - Processing file /home/oury/.local/lib/python3.10/site-packages/airflow/example_dags/tutorial_taskflow_api_etl.py for tasks to queue
[2022-06-22 11:49:12,025] {logging_mixin.py:115} INFO - [2022-06-22 11:49:12,025] {dagbag.py:507} INFO - Filling up the DagBag from /home/oury/.local/lib/python3.10/site-packages/airflow/example_dags/tutorial_taskflow_api_etl.py
[2022-06-22 11:49:12,059] {processor.py:651} INFO - DAG(s) dict_keys(['tutorial_taskflow_api_etl']) retrieved from /home/oury/.local/lib/python3.10/site-packages/airflow/example_dags/tutorial_taskflow_api_etl.py
[2022-06-22 11:49:12,077] {logging_mixin.py:115} INFO - [2022-06-22 11:49:12,077] {dag.py:2379} INFO - Sync 1 DAGs
[2022-06-22 11:49:12,108] {logging_mixin.py:115} INFO - [2022-06-22 11:49:12,108] {dag.py:2923} INFO - Setting next_dagrun for tutorial_taskflow_api_etl to None, run_after=None
[2022-06-22 11:49:12,127] {processor.py:161} INFO - Processing /home/oury/.local/lib/python3.10/site-packages/airflow/example_dags/tutorial_taskflow_api_etl.py took 0.106 seconds
[2022-06-22 11:49:52,499] {processor.py:153} INFO - Started process (PID=12970) to work on /home/oury/.local/lib/python3.10/site-packages/airflow/example_dags/tutorial_taskflow_api_etl.py
[2022-06-22 11:49:52,500] {processor.py:641} INFO - Processing file /home/oury/.local/lib/python3.10/site-packages/airflow/example_dags/tutorial_taskflow_api_etl.py for tasks to queue
[2022-06-22 11:49:52,503] {logging_mixin.py:115} INFO - [2022-06-22 11:49:52,503] {dagbag.py:507} INFO - Filling up the DagBag from /home/oury/.local/lib/python3.10/site-packages/airflow/example_dags/tutorial_taskflow_api_etl.py
[2022-06-22 11:49:52,548] {processor.py:651} INFO - DAG(s) dict_keys(['tutorial_taskflow_api_etl']) retrieved from /home/oury/.local/lib/python3.10/site-packages/airflow/example_dags/tutorial_taskflow_api_etl.py
[2022-06-22 11:49:52,581] {logging_mixin.py:115} INFO - [2022-06-22 11:49:52,581] {dag.py:2379} INFO - Sync 1 DAGs
[2022-06-22 11:49:52,611] {logging_mixin.py:115} INFO - [2022-06-22 11:49:52,611] {dag.py:2923} INFO - Setting next_dagrun for tutorial_taskflow_api_etl to None, run_after=None
[2022-06-22 11:49:52,630] {processor.py:161} INFO - Processing /home/oury/.local/lib/python3.10/site-packages/airflow/example_dags/tutorial_taskflow_api_etl.py took 0.136 seconds
[2022-06-22 11:50:33,337] {processor.py:153} INFO - Started process (PID=13089) to work on /home/oury/.local/lib/python3.10/site-packages/airflow/example_dags/tutorial_taskflow_api_etl.py
[2022-06-22 11:50:33,338] {processor.py:641} INFO - Processing file /home/oury/.local/lib/python3.10/site-packages/airflow/example_dags/tutorial_taskflow_api_etl.py for tasks to queue
[2022-06-22 11:50:33,338] {logging_mixin.py:115} INFO - [2022-06-22 11:50:33,338] {dagbag.py:507} INFO - Filling up the DagBag from /home/oury/.local/lib/python3.10/site-packages/airflow/example_dags/tutorial_taskflow_api_etl.py
[2022-06-22 11:50:33,384] {processor.py:651} INFO - DAG(s) dict_keys(['tutorial_taskflow_api_etl']) retrieved from /home/oury/.local/lib/python3.10/site-packages/airflow/example_dags/tutorial_taskflow_api_etl.py
[2022-06-22 11:50:33,519] {logging_mixin.py:115} INFO - [2022-06-22 11:50:33,519] {dag.py:2379} INFO - Sync 1 DAGs
[2022-06-22 11:50:33,604] {logging_mixin.py:115} INFO - [2022-06-22 11:50:33,604] {dag.py:2923} INFO - Setting next_dagrun for tutorial_taskflow_api_etl to None, run_after=None
[2022-06-22 11:50:33,671] {processor.py:161} INFO - Processing /home/oury/.local/lib/python3.10/site-packages/airflow/example_dags/tutorial_taskflow_api_etl.py took 0.327 seconds
[2022-06-22 11:51:59,127] {processor.py:153} INFO - Started process (PID=13488) to work on /home/oury/.local/lib/python3.10/site-packages/airflow/example_dags/tutorial_taskflow_api_etl.py
[2022-06-22 11:51:59,128] {processor.py:641} INFO - Processing file /home/oury/.local/lib/python3.10/site-packages/airflow/example_dags/tutorial_taskflow_api_etl.py for tasks to queue
[2022-06-22 11:51:59,129] {logging_mixin.py:115} INFO - [2022-06-22 11:51:59,129] {dagbag.py:507} INFO - Filling up the DagBag from /home/oury/.local/lib/python3.10/site-packages/airflow/example_dags/tutorial_taskflow_api_etl.py
[2022-06-22 11:51:59,250] {processor.py:651} INFO - DAG(s) dict_keys(['tutorial_taskflow_api_etl']) retrieved from /home/oury/.local/lib/python3.10/site-packages/airflow/example_dags/tutorial_taskflow_api_etl.py
[2022-06-22 11:51:59,343] {logging_mixin.py:115} INFO - [2022-06-22 11:51:59,343] {dag.py:2379} INFO - Sync 1 DAGs
[2022-06-22 11:51:59,396] {logging_mixin.py:115} INFO - [2022-06-22 11:51:59,396] {dag.py:2923} INFO - Setting next_dagrun for tutorial_taskflow_api_etl to None, run_after=None
[2022-06-22 11:51:59,812] {processor.py:161} INFO - Processing /home/oury/.local/lib/python3.10/site-packages/airflow/example_dags/tutorial_taskflow_api_etl.py took 0.715 seconds
[2022-06-22 11:52:55,393] {processor.py:153} INFO - Started process (PID=13556) to work on /home/oury/.local/lib/python3.10/site-packages/airflow/example_dags/tutorial_taskflow_api_etl.py
[2022-06-22 11:52:55,394] {processor.py:641} INFO - Processing file /home/oury/.local/lib/python3.10/site-packages/airflow/example_dags/tutorial_taskflow_api_etl.py for tasks to queue
[2022-06-22 11:52:55,395] {logging_mixin.py:115} INFO - [2022-06-22 11:52:55,394] {dagbag.py:507} INFO - Filling up the DagBag from /home/oury/.local/lib/python3.10/site-packages/airflow/example_dags/tutorial_taskflow_api_etl.py
[2022-06-22 11:52:55,431] {processor.py:651} INFO - DAG(s) dict_keys(['tutorial_taskflow_api_etl']) retrieved from /home/oury/.local/lib/python3.10/site-packages/airflow/example_dags/tutorial_taskflow_api_etl.py
[2022-06-22 11:52:55,453] {logging_mixin.py:115} INFO - [2022-06-22 11:52:55,452] {dag.py:2379} INFO - Sync 1 DAGs
[2022-06-22 11:52:55,482] {logging_mixin.py:115} INFO - [2022-06-22 11:52:55,482] {dag.py:2923} INFO - Setting next_dagrun for tutorial_taskflow_api_etl to None, run_after=None
[2022-06-22 11:52:55,502] {processor.py:161} INFO - Processing /home/oury/.local/lib/python3.10/site-packages/airflow/example_dags/tutorial_taskflow_api_etl.py took 0.113 seconds
[2022-06-22 11:53:42,264] {processor.py:153} INFO - Started process (PID=13597) to work on /home/oury/.local/lib/python3.10/site-packages/airflow/example_dags/tutorial_taskflow_api_etl.py
[2022-06-22 11:53:42,265] {processor.py:641} INFO - Processing file /home/oury/.local/lib/python3.10/site-packages/airflow/example_dags/tutorial_taskflow_api_etl.py for tasks to queue
[2022-06-22 11:53:42,266] {logging_mixin.py:115} INFO - [2022-06-22 11:53:42,266] {dagbag.py:507} INFO - Filling up the DagBag from /home/oury/.local/lib/python3.10/site-packages/airflow/example_dags/tutorial_taskflow_api_etl.py
[2022-06-22 11:53:42,308] {processor.py:651} INFO - DAG(s) dict_keys(['tutorial_taskflow_api_etl']) retrieved from /home/oury/.local/lib/python3.10/site-packages/airflow/example_dags/tutorial_taskflow_api_etl.py
[2022-06-22 11:53:42,351] {logging_mixin.py:115} INFO - [2022-06-22 11:53:42,350] {dag.py:2379} INFO - Sync 1 DAGs
[2022-06-22 11:53:42,404] {logging_mixin.py:115} INFO - [2022-06-22 11:53:42,404] {dag.py:2923} INFO - Setting next_dagrun for tutorial_taskflow_api_etl to None, run_after=None
[2022-06-22 11:53:42,434] {processor.py:161} INFO - Processing /home/oury/.local/lib/python3.10/site-packages/airflow/example_dags/tutorial_taskflow_api_etl.py took 0.174 seconds
[2022-06-22 11:54:32,524] {processor.py:153} INFO - Started process (PID=13647) to work on /home/oury/.local/lib/python3.10/site-packages/airflow/example_dags/tutorial_taskflow_api_etl.py
[2022-06-22 11:54:32,525] {processor.py:641} INFO - Processing file /home/oury/.local/lib/python3.10/site-packages/airflow/example_dags/tutorial_taskflow_api_etl.py for tasks to queue
[2022-06-22 11:54:32,526] {logging_mixin.py:115} INFO - [2022-06-22 11:54:32,525] {dagbag.py:507} INFO - Filling up the DagBag from /home/oury/.local/lib/python3.10/site-packages/airflow/example_dags/tutorial_taskflow_api_etl.py
[2022-06-22 11:54:32,567] {processor.py:651} INFO - DAG(s) dict_keys(['tutorial_taskflow_api_etl']) retrieved from /home/oury/.local/lib/python3.10/site-packages/airflow/example_dags/tutorial_taskflow_api_etl.py
[2022-06-22 11:54:32,614] {logging_mixin.py:115} INFO - [2022-06-22 11:54:32,614] {dag.py:2379} INFO - Sync 1 DAGs
[2022-06-22 11:54:32,665] {logging_mixin.py:115} INFO - [2022-06-22 11:54:32,665] {dag.py:2923} INFO - Setting next_dagrun for tutorial_taskflow_api_etl to None, run_after=None
[2022-06-22 11:54:32,734] {processor.py:161} INFO - Processing /home/oury/.local/lib/python3.10/site-packages/airflow/example_dags/tutorial_taskflow_api_etl.py took 0.214 seconds
[2022-06-22 11:55:12,767] {processor.py:153} INFO - Started process (PID=13816) to work on /home/oury/.local/lib/python3.10/site-packages/airflow/example_dags/tutorial_taskflow_api_etl.py
[2022-06-22 11:55:12,768] {processor.py:641} INFO - Processing file /home/oury/.local/lib/python3.10/site-packages/airflow/example_dags/tutorial_taskflow_api_etl.py for tasks to queue
[2022-06-22 11:55:12,768] {logging_mixin.py:115} INFO - [2022-06-22 11:55:12,768] {dagbag.py:507} INFO - Filling up the DagBag from /home/oury/.local/lib/python3.10/site-packages/airflow/example_dags/tutorial_taskflow_api_etl.py
[2022-06-22 11:55:12,801] {processor.py:651} INFO - DAG(s) dict_keys(['tutorial_taskflow_api_etl']) retrieved from /home/oury/.local/lib/python3.10/site-packages/airflow/example_dags/tutorial_taskflow_api_etl.py
[2022-06-22 11:55:12,816] {logging_mixin.py:115} INFO - [2022-06-22 11:55:12,816] {dag.py:2379} INFO - Sync 1 DAGs
[2022-06-22 11:55:12,835] {logging_mixin.py:115} INFO - [2022-06-22 11:55:12,835] {dag.py:2923} INFO - Setting next_dagrun for tutorial_taskflow_api_etl to None, run_after=None
[2022-06-22 11:55:12,850] {processor.py:161} INFO - Processing /home/oury/.local/lib/python3.10/site-packages/airflow/example_dags/tutorial_taskflow_api_etl.py took 0.085 seconds
[2022-06-22 11:55:52,218] {processor.py:153} INFO - Started process (PID=13855) to work on /home/oury/.local/lib/python3.10/site-packages/airflow/example_dags/tutorial_taskflow_api_etl.py
[2022-06-22 11:55:52,218] {processor.py:641} INFO - Processing file /home/oury/.local/lib/python3.10/site-packages/airflow/example_dags/tutorial_taskflow_api_etl.py for tasks to queue
[2022-06-22 11:55:52,219] {logging_mixin.py:115} INFO - [2022-06-22 11:55:52,219] {dagbag.py:507} INFO - Filling up the DagBag from /home/oury/.local/lib/python3.10/site-packages/airflow/example_dags/tutorial_taskflow_api_etl.py
[2022-06-22 11:55:52,251] {processor.py:651} INFO - DAG(s) dict_keys(['tutorial_taskflow_api_etl']) retrieved from /home/oury/.local/lib/python3.10/site-packages/airflow/example_dags/tutorial_taskflow_api_etl.py
[2022-06-22 11:55:52,313] {logging_mixin.py:115} INFO - [2022-06-22 11:55:52,313] {dag.py:2379} INFO - Sync 1 DAGs
[2022-06-22 11:55:52,343] {logging_mixin.py:115} INFO - [2022-06-22 11:55:52,343] {dag.py:2923} INFO - Setting next_dagrun for tutorial_taskflow_api_etl to None, run_after=None
[2022-06-22 11:55:52,362] {processor.py:161} INFO - Processing /home/oury/.local/lib/python3.10/site-packages/airflow/example_dags/tutorial_taskflow_api_etl.py took 0.150 seconds
[2022-06-22 11:56:37,985] {processor.py:153} INFO - Started process (PID=13959) to work on /home/oury/.local/lib/python3.10/site-packages/airflow/example_dags/tutorial_taskflow_api_etl.py
[2022-06-22 11:56:37,986] {processor.py:641} INFO - Processing file /home/oury/.local/lib/python3.10/site-packages/airflow/example_dags/tutorial_taskflow_api_etl.py for tasks to queue
[2022-06-22 11:56:37,987] {logging_mixin.py:115} INFO - [2022-06-22 11:56:37,987] {dagbag.py:507} INFO - Filling up the DagBag from /home/oury/.local/lib/python3.10/site-packages/airflow/example_dags/tutorial_taskflow_api_etl.py
[2022-06-22 11:56:38,039] {processor.py:651} INFO - DAG(s) dict_keys(['tutorial_taskflow_api_etl']) retrieved from /home/oury/.local/lib/python3.10/site-packages/airflow/example_dags/tutorial_taskflow_api_etl.py
[2022-06-22 11:56:38,062] {logging_mixin.py:115} INFO - [2022-06-22 11:56:38,062] {dag.py:2379} INFO - Sync 1 DAGs
[2022-06-22 11:56:38,111] {logging_mixin.py:115} INFO - [2022-06-22 11:56:38,111] {dag.py:2923} INFO - Setting next_dagrun for tutorial_taskflow_api_etl to None, run_after=None
[2022-06-22 11:56:38,145] {processor.py:161} INFO - Processing /home/oury/.local/lib/python3.10/site-packages/airflow/example_dags/tutorial_taskflow_api_etl.py took 0.168 seconds
[2022-06-22 11:57:25,686] {processor.py:153} INFO - Started process (PID=13997) to work on /home/oury/.local/lib/python3.10/site-packages/airflow/example_dags/tutorial_taskflow_api_etl.py
[2022-06-22 11:57:25,689] {processor.py:641} INFO - Processing file /home/oury/.local/lib/python3.10/site-packages/airflow/example_dags/tutorial_taskflow_api_etl.py for tasks to queue
[2022-06-22 11:57:25,691] {logging_mixin.py:115} INFO - [2022-06-22 11:57:25,690] {dagbag.py:507} INFO - Filling up the DagBag from /home/oury/.local/lib/python3.10/site-packages/airflow/example_dags/tutorial_taskflow_api_etl.py
[2022-06-22 11:57:25,735] {processor.py:651} INFO - DAG(s) dict_keys(['tutorial_taskflow_api_etl']) retrieved from /home/oury/.local/lib/python3.10/site-packages/airflow/example_dags/tutorial_taskflow_api_etl.py
[2022-06-22 11:57:25,760] {logging_mixin.py:115} INFO - [2022-06-22 11:57:25,760] {dag.py:2379} INFO - Sync 1 DAGs
[2022-06-22 11:57:25,787] {logging_mixin.py:115} INFO - [2022-06-22 11:57:25,787] {dag.py:2923} INFO - Setting next_dagrun for tutorial_taskflow_api_etl to None, run_after=None
[2022-06-22 11:57:25,806] {processor.py:161} INFO - Processing /home/oury/.local/lib/python3.10/site-packages/airflow/example_dags/tutorial_taskflow_api_etl.py took 0.127 seconds
[2022-06-22 11:58:06,199] {processor.py:153} INFO - Started process (PID=14036) to work on /home/oury/.local/lib/python3.10/site-packages/airflow/example_dags/tutorial_taskflow_api_etl.py
[2022-06-22 11:58:06,200] {processor.py:641} INFO - Processing file /home/oury/.local/lib/python3.10/site-packages/airflow/example_dags/tutorial_taskflow_api_etl.py for tasks to queue
[2022-06-22 11:58:06,208] {logging_mixin.py:115} INFO - [2022-06-22 11:58:06,207] {dagbag.py:507} INFO - Filling up the DagBag from /home/oury/.local/lib/python3.10/site-packages/airflow/example_dags/tutorial_taskflow_api_etl.py
[2022-06-22 11:58:06,251] {processor.py:651} INFO - DAG(s) dict_keys(['tutorial_taskflow_api_etl']) retrieved from /home/oury/.local/lib/python3.10/site-packages/airflow/example_dags/tutorial_taskflow_api_etl.py
[2022-06-22 11:58:06,283] {logging_mixin.py:115} INFO - [2022-06-22 11:58:06,283] {dag.py:2379} INFO - Sync 1 DAGs
[2022-06-22 11:58:06,353] {logging_mixin.py:115} INFO - [2022-06-22 11:58:06,353] {dag.py:2923} INFO - Setting next_dagrun for tutorial_taskflow_api_etl to None, run_after=None
[2022-06-22 11:58:06,380] {processor.py:161} INFO - Processing /home/oury/.local/lib/python3.10/site-packages/airflow/example_dags/tutorial_taskflow_api_etl.py took 0.202 seconds
[2022-06-22 11:58:49,607] {processor.py:153} INFO - Started process (PID=14077) to work on /home/oury/.local/lib/python3.10/site-packages/airflow/example_dags/tutorial_taskflow_api_etl.py
[2022-06-22 11:58:49,608] {processor.py:641} INFO - Processing file /home/oury/.local/lib/python3.10/site-packages/airflow/example_dags/tutorial_taskflow_api_etl.py for tasks to queue
[2022-06-22 11:58:49,608] {logging_mixin.py:115} INFO - [2022-06-22 11:58:49,608] {dagbag.py:507} INFO - Filling up the DagBag from /home/oury/.local/lib/python3.10/site-packages/airflow/example_dags/tutorial_taskflow_api_etl.py
[2022-06-22 11:58:49,642] {processor.py:651} INFO - DAG(s) dict_keys(['tutorial_taskflow_api_etl']) retrieved from /home/oury/.local/lib/python3.10/site-packages/airflow/example_dags/tutorial_taskflow_api_etl.py
[2022-06-22 11:58:49,660] {logging_mixin.py:115} INFO - [2022-06-22 11:58:49,659] {dag.py:2379} INFO - Sync 1 DAGs
[2022-06-22 11:58:49,697] {logging_mixin.py:115} INFO - [2022-06-22 11:58:49,697] {dag.py:2923} INFO - Setting next_dagrun for tutorial_taskflow_api_etl to None, run_after=None
[2022-06-22 11:58:49,728] {processor.py:161} INFO - Processing /home/oury/.local/lib/python3.10/site-packages/airflow/example_dags/tutorial_taskflow_api_etl.py took 0.123 seconds
[2022-06-22 11:59:29,043] {processor.py:153} INFO - Started process (PID=14115) to work on /home/oury/.local/lib/python3.10/site-packages/airflow/example_dags/tutorial_taskflow_api_etl.py
[2022-06-22 11:59:29,043] {processor.py:641} INFO - Processing file /home/oury/.local/lib/python3.10/site-packages/airflow/example_dags/tutorial_taskflow_api_etl.py for tasks to queue
[2022-06-22 11:59:29,044] {logging_mixin.py:115} INFO - [2022-06-22 11:59:29,044] {dagbag.py:507} INFO - Filling up the DagBag from /home/oury/.local/lib/python3.10/site-packages/airflow/example_dags/tutorial_taskflow_api_etl.py
[2022-06-22 11:59:29,071] {processor.py:651} INFO - DAG(s) dict_keys(['tutorial_taskflow_api_etl']) retrieved from /home/oury/.local/lib/python3.10/site-packages/airflow/example_dags/tutorial_taskflow_api_etl.py
[2022-06-22 11:59:29,086] {logging_mixin.py:115} INFO - [2022-06-22 11:59:29,086] {dag.py:2379} INFO - Sync 1 DAGs
[2022-06-22 11:59:29,135] {logging_mixin.py:115} INFO - [2022-06-22 11:59:29,135] {dag.py:2923} INFO - Setting next_dagrun for tutorial_taskflow_api_etl to None, run_after=None
[2022-06-22 11:59:29,324] {processor.py:161} INFO - Processing /home/oury/.local/lib/python3.10/site-packages/airflow/example_dags/tutorial_taskflow_api_etl.py took 0.284 seconds
[2022-06-22 12:00:16,524] {processor.py:153} INFO - Started process (PID=14156) to work on /home/oury/.local/lib/python3.10/site-packages/airflow/example_dags/tutorial_taskflow_api_etl.py
[2022-06-22 12:00:16,525] {processor.py:641} INFO - Processing file /home/oury/.local/lib/python3.10/site-packages/airflow/example_dags/tutorial_taskflow_api_etl.py for tasks to queue
[2022-06-22 12:00:16,525] {logging_mixin.py:115} INFO - [2022-06-22 12:00:16,525] {dagbag.py:507} INFO - Filling up the DagBag from /home/oury/.local/lib/python3.10/site-packages/airflow/example_dags/tutorial_taskflow_api_etl.py
[2022-06-22 12:00:16,560] {processor.py:651} INFO - DAG(s) dict_keys(['tutorial_taskflow_api_etl']) retrieved from /home/oury/.local/lib/python3.10/site-packages/airflow/example_dags/tutorial_taskflow_api_etl.py
[2022-06-22 12:00:16,584] {logging_mixin.py:115} INFO - [2022-06-22 12:00:16,584] {dag.py:2379} INFO - Sync 1 DAGs
[2022-06-22 12:00:16,621] {logging_mixin.py:115} INFO - [2022-06-22 12:00:16,621] {dag.py:2923} INFO - Setting next_dagrun for tutorial_taskflow_api_etl to None, run_after=None
[2022-06-22 12:00:16,637] {processor.py:161} INFO - Processing /home/oury/.local/lib/python3.10/site-packages/airflow/example_dags/tutorial_taskflow_api_etl.py took 0.115 seconds
[2022-06-22 12:00:54,775] {processor.py:153} INFO - Started process (PID=14192) to work on /home/oury/.local/lib/python3.10/site-packages/airflow/example_dags/tutorial_taskflow_api_etl.py
[2022-06-22 12:00:54,777] {processor.py:641} INFO - Processing file /home/oury/.local/lib/python3.10/site-packages/airflow/example_dags/tutorial_taskflow_api_etl.py for tasks to queue
[2022-06-22 12:00:54,778] {logging_mixin.py:115} INFO - [2022-06-22 12:00:54,778] {dagbag.py:507} INFO - Filling up the DagBag from /home/oury/.local/lib/python3.10/site-packages/airflow/example_dags/tutorial_taskflow_api_etl.py
[2022-06-22 12:00:54,809] {processor.py:651} INFO - DAG(s) dict_keys(['tutorial_taskflow_api_etl']) retrieved from /home/oury/.local/lib/python3.10/site-packages/airflow/example_dags/tutorial_taskflow_api_etl.py
[2022-06-22 12:00:54,874] {logging_mixin.py:115} INFO - [2022-06-22 12:00:54,874] {dag.py:2379} INFO - Sync 1 DAGs
[2022-06-22 12:00:54,915] {logging_mixin.py:115} INFO - [2022-06-22 12:00:54,915] {dag.py:2923} INFO - Setting next_dagrun for tutorial_taskflow_api_etl to None, run_after=None
[2022-06-22 12:00:54,934] {processor.py:161} INFO - Processing /home/oury/.local/lib/python3.10/site-packages/airflow/example_dags/tutorial_taskflow_api_etl.py took 0.163 seconds
[2022-06-22 12:01:39,635] {processor.py:153} INFO - Started process (PID=14230) to work on /home/oury/.local/lib/python3.10/site-packages/airflow/example_dags/tutorial_taskflow_api_etl.py
[2022-06-22 12:01:39,636] {processor.py:641} INFO - Processing file /home/oury/.local/lib/python3.10/site-packages/airflow/example_dags/tutorial_taskflow_api_etl.py for tasks to queue
[2022-06-22 12:01:39,637] {logging_mixin.py:115} INFO - [2022-06-22 12:01:39,637] {dagbag.py:507} INFO - Filling up the DagBag from /home/oury/.local/lib/python3.10/site-packages/airflow/example_dags/tutorial_taskflow_api_etl.py
[2022-06-22 12:01:39,671] {processor.py:651} INFO - DAG(s) dict_keys(['tutorial_taskflow_api_etl']) retrieved from /home/oury/.local/lib/python3.10/site-packages/airflow/example_dags/tutorial_taskflow_api_etl.py
[2022-06-22 12:01:39,695] {logging_mixin.py:115} INFO - [2022-06-22 12:01:39,695] {dag.py:2379} INFO - Sync 1 DAGs
[2022-06-22 12:01:39,742] {logging_mixin.py:115} INFO - [2022-06-22 12:01:39,741] {dag.py:2923} INFO - Setting next_dagrun for tutorial_taskflow_api_etl to None, run_after=None
[2022-06-22 12:01:39,763] {processor.py:161} INFO - Processing /home/oury/.local/lib/python3.10/site-packages/airflow/example_dags/tutorial_taskflow_api_etl.py took 0.132 seconds
[2022-06-22 12:02:19,312] {processor.py:153} INFO - Started process (PID=14267) to work on /home/oury/.local/lib/python3.10/site-packages/airflow/example_dags/tutorial_taskflow_api_etl.py
[2022-06-22 12:02:19,314] {processor.py:641} INFO - Processing file /home/oury/.local/lib/python3.10/site-packages/airflow/example_dags/tutorial_taskflow_api_etl.py for tasks to queue
[2022-06-22 12:02:19,315] {logging_mixin.py:115} INFO - [2022-06-22 12:02:19,315] {dagbag.py:507} INFO - Filling up the DagBag from /home/oury/.local/lib/python3.10/site-packages/airflow/example_dags/tutorial_taskflow_api_etl.py
[2022-06-22 12:02:19,360] {processor.py:651} INFO - DAG(s) dict_keys(['tutorial_taskflow_api_etl']) retrieved from /home/oury/.local/lib/python3.10/site-packages/airflow/example_dags/tutorial_taskflow_api_etl.py
[2022-06-22 12:02:19,386] {logging_mixin.py:115} INFO - [2022-06-22 12:02:19,386] {dag.py:2379} INFO - Sync 1 DAGs
[2022-06-22 12:02:19,419] {logging_mixin.py:115} INFO - [2022-06-22 12:02:19,419] {dag.py:2923} INFO - Setting next_dagrun for tutorial_taskflow_api_etl to None, run_after=None
[2022-06-22 12:02:19,438] {processor.py:161} INFO - Processing /home/oury/.local/lib/python3.10/site-packages/airflow/example_dags/tutorial_taskflow_api_etl.py took 0.133 seconds
[2022-06-22 12:03:00,718] {processor.py:153} INFO - Started process (PID=14303) to work on /home/oury/.local/lib/python3.10/site-packages/airflow/example_dags/tutorial_taskflow_api_etl.py
[2022-06-22 12:03:00,719] {processor.py:641} INFO - Processing file /home/oury/.local/lib/python3.10/site-packages/airflow/example_dags/tutorial_taskflow_api_etl.py for tasks to queue
[2022-06-22 12:03:00,722] {logging_mixin.py:115} INFO - [2022-06-22 12:03:00,721] {dagbag.py:507} INFO - Filling up the DagBag from /home/oury/.local/lib/python3.10/site-packages/airflow/example_dags/tutorial_taskflow_api_etl.py
[2022-06-22 12:03:00,761] {processor.py:651} INFO - DAG(s) dict_keys(['tutorial_taskflow_api_etl']) retrieved from /home/oury/.local/lib/python3.10/site-packages/airflow/example_dags/tutorial_taskflow_api_etl.py
[2022-06-22 12:03:00,781] {logging_mixin.py:115} INFO - [2022-06-22 12:03:00,781] {dag.py:2379} INFO - Sync 1 DAGs
[2022-06-22 12:03:00,831] {logging_mixin.py:115} INFO - [2022-06-22 12:03:00,831] {dag.py:2923} INFO - Setting next_dagrun for tutorial_taskflow_api_etl to None, run_after=None
[2022-06-22 12:03:00,861] {processor.py:161} INFO - Processing /home/oury/.local/lib/python3.10/site-packages/airflow/example_dags/tutorial_taskflow_api_etl.py took 0.147 seconds
[2022-06-22 12:03:43,926] {processor.py:153} INFO - Started process (PID=14335) to work on /home/oury/.local/lib/python3.10/site-packages/airflow/example_dags/tutorial_taskflow_api_etl.py
[2022-06-22 12:03:43,927] {processor.py:641} INFO - Processing file /home/oury/.local/lib/python3.10/site-packages/airflow/example_dags/tutorial_taskflow_api_etl.py for tasks to queue
[2022-06-22 12:03:43,929] {logging_mixin.py:115} INFO - [2022-06-22 12:03:43,929] {dagbag.py:507} INFO - Filling up the DagBag from /home/oury/.local/lib/python3.10/site-packages/airflow/example_dags/tutorial_taskflow_api_etl.py
[2022-06-22 12:03:43,973] {processor.py:651} INFO - DAG(s) dict_keys(['tutorial_taskflow_api_etl']) retrieved from /home/oury/.local/lib/python3.10/site-packages/airflow/example_dags/tutorial_taskflow_api_etl.py
[2022-06-22 12:03:43,997] {logging_mixin.py:115} INFO - [2022-06-22 12:03:43,997] {dag.py:2379} INFO - Sync 1 DAGs
[2022-06-22 12:03:44,032] {logging_mixin.py:115} INFO - [2022-06-22 12:03:44,032] {dag.py:2923} INFO - Setting next_dagrun for tutorial_taskflow_api_etl to None, run_after=None
[2022-06-22 12:03:44,051] {processor.py:161} INFO - Processing /home/oury/.local/lib/python3.10/site-packages/airflow/example_dags/tutorial_taskflow_api_etl.py took 0.130 seconds
[2022-06-22 12:04:28,761] {processor.py:153} INFO - Started process (PID=14377) to work on /home/oury/.local/lib/python3.10/site-packages/airflow/example_dags/tutorial_taskflow_api_etl.py
[2022-06-22 12:04:28,762] {processor.py:641} INFO - Processing file /home/oury/.local/lib/python3.10/site-packages/airflow/example_dags/tutorial_taskflow_api_etl.py for tasks to queue
[2022-06-22 12:04:28,764] {logging_mixin.py:115} INFO - [2022-06-22 12:04:28,763] {dagbag.py:507} INFO - Filling up the DagBag from /home/oury/.local/lib/python3.10/site-packages/airflow/example_dags/tutorial_taskflow_api_etl.py
[2022-06-22 12:04:28,802] {processor.py:651} INFO - DAG(s) dict_keys(['tutorial_taskflow_api_etl']) retrieved from /home/oury/.local/lib/python3.10/site-packages/airflow/example_dags/tutorial_taskflow_api_etl.py
[2022-06-22 12:04:28,827] {logging_mixin.py:115} INFO - [2022-06-22 12:04:28,827] {dag.py:2379} INFO - Sync 1 DAGs
[2022-06-22 12:04:28,880] {logging_mixin.py:115} INFO - [2022-06-22 12:04:28,880] {dag.py:2923} INFO - Setting next_dagrun for tutorial_taskflow_api_etl to None, run_after=None
[2022-06-22 12:04:28,910] {processor.py:161} INFO - Processing /home/oury/.local/lib/python3.10/site-packages/airflow/example_dags/tutorial_taskflow_api_etl.py took 0.153 seconds
