[2022-08-10 11:04:12,084] {processor.py:153} INFO - Started process (PID=8840) to work on /home/oury/.local/lib/python3.10/site-packages/airflow/example_dags/plugins/workday.py
[2022-08-10 11:04:12,085] {processor.py:641} INFO - Processing file /home/oury/.local/lib/python3.10/site-packages/airflow/example_dags/plugins/workday.py for tasks to queue
[2022-08-10 11:04:12,085] {logging_mixin.py:115} INFO - [2022-08-10 11:04:12,085] {dagbag.py:507} INFO - Filling up the DagBag from /home/oury/.local/lib/python3.10/site-packages/airflow/example_dags/plugins/workday.py
[2022-08-10 11:04:12,087] {processor.py:653} WARNING - No viable dags retrieved from /home/oury/.local/lib/python3.10/site-packages/airflow/example_dags/plugins/workday.py
[2022-08-10 11:04:12,095] {processor.py:161} INFO - Processing /home/oury/.local/lib/python3.10/site-packages/airflow/example_dags/plugins/workday.py took 0.013 seconds
[2022-08-10 11:04:48,787] {processor.py:153} INFO - Started process (PID=8912) to work on /home/oury/.local/lib/python3.10/site-packages/airflow/example_dags/plugins/workday.py
[2022-08-10 11:04:48,788] {processor.py:641} INFO - Processing file /home/oury/.local/lib/python3.10/site-packages/airflow/example_dags/plugins/workday.py for tasks to queue
[2022-08-10 11:04:48,788] {logging_mixin.py:115} INFO - [2022-08-10 11:04:48,788] {dagbag.py:507} INFO - Filling up the DagBag from /home/oury/.local/lib/python3.10/site-packages/airflow/example_dags/plugins/workday.py
[2022-08-10 11:04:48,790] {processor.py:653} WARNING - No viable dags retrieved from /home/oury/.local/lib/python3.10/site-packages/airflow/example_dags/plugins/workday.py
[2022-08-10 11:04:48,798] {processor.py:161} INFO - Processing /home/oury/.local/lib/python3.10/site-packages/airflow/example_dags/plugins/workday.py took 0.013 seconds
[2022-08-10 11:05:24,290] {processor.py:153} INFO - Started process (PID=8979) to work on /home/oury/.local/lib/python3.10/site-packages/airflow/example_dags/plugins/workday.py
[2022-08-10 11:05:24,291] {processor.py:641} INFO - Processing file /home/oury/.local/lib/python3.10/site-packages/airflow/example_dags/plugins/workday.py for tasks to queue
[2022-08-10 11:05:24,291] {logging_mixin.py:115} INFO - [2022-08-10 11:05:24,291] {dagbag.py:507} INFO - Filling up the DagBag from /home/oury/.local/lib/python3.10/site-packages/airflow/example_dags/plugins/workday.py
[2022-08-10 11:05:24,293] {processor.py:653} WARNING - No viable dags retrieved from /home/oury/.local/lib/python3.10/site-packages/airflow/example_dags/plugins/workday.py
[2022-08-10 11:05:24,301] {processor.py:161} INFO - Processing /home/oury/.local/lib/python3.10/site-packages/airflow/example_dags/plugins/workday.py took 0.014 seconds
[2022-08-10 11:06:10,030] {processor.py:153} INFO - Started process (PID=9550) to work on /home/oury/.local/lib/python3.10/site-packages/airflow/example_dags/plugins/workday.py
[2022-08-10 11:06:10,031] {processor.py:641} INFO - Processing file /home/oury/.local/lib/python3.10/site-packages/airflow/example_dags/plugins/workday.py for tasks to queue
[2022-08-10 11:06:10,032] {logging_mixin.py:115} INFO - [2022-08-10 11:06:10,032] {dagbag.py:507} INFO - Filling up the DagBag from /home/oury/.local/lib/python3.10/site-packages/airflow/example_dags/plugins/workday.py
[2022-08-10 11:06:10,037] {processor.py:653} WARNING - No viable dags retrieved from /home/oury/.local/lib/python3.10/site-packages/airflow/example_dags/plugins/workday.py
[2022-08-10 11:06:10,049] {processor.py:161} INFO - Processing /home/oury/.local/lib/python3.10/site-packages/airflow/example_dags/plugins/workday.py took 0.022 seconds
[2022-08-10 11:06:49,626] {processor.py:153} INFO - Started process (PID=9618) to work on /home/oury/.local/lib/python3.10/site-packages/airflow/example_dags/plugins/workday.py
[2022-08-10 11:06:49,627] {processor.py:641} INFO - Processing file /home/oury/.local/lib/python3.10/site-packages/airflow/example_dags/plugins/workday.py for tasks to queue
[2022-08-10 11:06:49,627] {logging_mixin.py:115} INFO - [2022-08-10 11:06:49,627] {dagbag.py:507} INFO - Filling up the DagBag from /home/oury/.local/lib/python3.10/site-packages/airflow/example_dags/plugins/workday.py
[2022-08-10 11:06:49,629] {processor.py:653} WARNING - No viable dags retrieved from /home/oury/.local/lib/python3.10/site-packages/airflow/example_dags/plugins/workday.py
[2022-08-10 11:06:49,637] {processor.py:161} INFO - Processing /home/oury/.local/lib/python3.10/site-packages/airflow/example_dags/plugins/workday.py took 0.013 seconds
[2022-08-10 11:07:29,267] {processor.py:153} INFO - Started process (PID=9686) to work on /home/oury/.local/lib/python3.10/site-packages/airflow/example_dags/plugins/workday.py
[2022-08-10 11:07:29,268] {processor.py:641} INFO - Processing file /home/oury/.local/lib/python3.10/site-packages/airflow/example_dags/plugins/workday.py for tasks to queue
[2022-08-10 11:07:29,268] {logging_mixin.py:115} INFO - [2022-08-10 11:07:29,268] {dagbag.py:507} INFO - Filling up the DagBag from /home/oury/.local/lib/python3.10/site-packages/airflow/example_dags/plugins/workday.py
[2022-08-10 11:07:29,270] {processor.py:653} WARNING - No viable dags retrieved from /home/oury/.local/lib/python3.10/site-packages/airflow/example_dags/plugins/workday.py
[2022-08-10 11:07:29,278] {processor.py:161} INFO - Processing /home/oury/.local/lib/python3.10/site-packages/airflow/example_dags/plugins/workday.py took 0.013 seconds
[2022-08-10 11:08:12,196] {processor.py:153} INFO - Started process (PID=9757) to work on /home/oury/.local/lib/python3.10/site-packages/airflow/example_dags/plugins/workday.py
[2022-08-10 11:08:12,197] {processor.py:641} INFO - Processing file /home/oury/.local/lib/python3.10/site-packages/airflow/example_dags/plugins/workday.py for tasks to queue
[2022-08-10 11:08:12,197] {logging_mixin.py:115} INFO - [2022-08-10 11:08:12,197] {dagbag.py:507} INFO - Filling up the DagBag from /home/oury/.local/lib/python3.10/site-packages/airflow/example_dags/plugins/workday.py
[2022-08-10 11:08:12,199] {processor.py:653} WARNING - No viable dags retrieved from /home/oury/.local/lib/python3.10/site-packages/airflow/example_dags/plugins/workday.py
[2022-08-10 11:08:12,208] {processor.py:161} INFO - Processing /home/oury/.local/lib/python3.10/site-packages/airflow/example_dags/plugins/workday.py took 0.015 seconds
[2022-08-10 11:08:54,947] {processor.py:153} INFO - Started process (PID=9888) to work on /home/oury/.local/lib/python3.10/site-packages/airflow/example_dags/plugins/workday.py
[2022-08-10 11:08:54,948] {processor.py:641} INFO - Processing file /home/oury/.local/lib/python3.10/site-packages/airflow/example_dags/plugins/workday.py for tasks to queue
[2022-08-10 11:08:54,948] {logging_mixin.py:115} INFO - [2022-08-10 11:08:54,948] {dagbag.py:507} INFO - Filling up the DagBag from /home/oury/.local/lib/python3.10/site-packages/airflow/example_dags/plugins/workday.py
[2022-08-10 11:08:54,950] {processor.py:653} WARNING - No viable dags retrieved from /home/oury/.local/lib/python3.10/site-packages/airflow/example_dags/plugins/workday.py
[2022-08-10 11:08:54,958] {processor.py:161} INFO - Processing /home/oury/.local/lib/python3.10/site-packages/airflow/example_dags/plugins/workday.py took 0.013 seconds
[2022-08-10 11:09:40,857] {processor.py:153} INFO - Started process (PID=9962) to work on /home/oury/.local/lib/python3.10/site-packages/airflow/example_dags/plugins/workday.py
[2022-08-10 11:09:40,857] {processor.py:641} INFO - Processing file /home/oury/.local/lib/python3.10/site-packages/airflow/example_dags/plugins/workday.py for tasks to queue
[2022-08-10 11:09:40,858] {logging_mixin.py:115} INFO - [2022-08-10 11:09:40,858] {dagbag.py:507} INFO - Filling up the DagBag from /home/oury/.local/lib/python3.10/site-packages/airflow/example_dags/plugins/workday.py
[2022-08-10 11:09:40,859] {processor.py:653} WARNING - No viable dags retrieved from /home/oury/.local/lib/python3.10/site-packages/airflow/example_dags/plugins/workday.py
[2022-08-10 11:09:40,868] {processor.py:161} INFO - Processing /home/oury/.local/lib/python3.10/site-packages/airflow/example_dags/plugins/workday.py took 0.013 seconds
[2022-08-10 11:10:24,262] {processor.py:153} INFO - Started process (PID=10028) to work on /home/oury/.local/lib/python3.10/site-packages/airflow/example_dags/plugins/workday.py
[2022-08-10 11:10:24,262] {processor.py:641} INFO - Processing file /home/oury/.local/lib/python3.10/site-packages/airflow/example_dags/plugins/workday.py for tasks to queue
[2022-08-10 11:10:24,263] {logging_mixin.py:115} INFO - [2022-08-10 11:10:24,263] {dagbag.py:507} INFO - Filling up the DagBag from /home/oury/.local/lib/python3.10/site-packages/airflow/example_dags/plugins/workday.py
[2022-08-10 11:10:24,264] {processor.py:653} WARNING - No viable dags retrieved from /home/oury/.local/lib/python3.10/site-packages/airflow/example_dags/plugins/workday.py
[2022-08-10 11:10:24,273] {processor.py:161} INFO - Processing /home/oury/.local/lib/python3.10/site-packages/airflow/example_dags/plugins/workday.py took 0.013 seconds
[2022-08-10 11:11:31,870] {processor.py:153} INFO - Started process (PID=10117) to work on /home/oury/.local/lib/python3.10/site-packages/airflow/example_dags/plugins/workday.py
[2022-08-10 11:11:31,870] {processor.py:641} INFO - Processing file /home/oury/.local/lib/python3.10/site-packages/airflow/example_dags/plugins/workday.py for tasks to queue
[2022-08-10 11:11:31,871] {logging_mixin.py:115} INFO - [2022-08-10 11:11:31,871] {dagbag.py:507} INFO - Filling up the DagBag from /home/oury/.local/lib/python3.10/site-packages/airflow/example_dags/plugins/workday.py
[2022-08-10 11:11:31,872] {processor.py:653} WARNING - No viable dags retrieved from /home/oury/.local/lib/python3.10/site-packages/airflow/example_dags/plugins/workday.py
[2022-08-10 11:11:31,880] {processor.py:161} INFO - Processing /home/oury/.local/lib/python3.10/site-packages/airflow/example_dags/plugins/workday.py took 0.013 seconds
[2022-08-10 11:12:24,304] {processor.py:153} INFO - Started process (PID=10203) to work on /home/oury/.local/lib/python3.10/site-packages/airflow/example_dags/plugins/workday.py
[2022-08-10 11:12:24,305] {processor.py:641} INFO - Processing file /home/oury/.local/lib/python3.10/site-packages/airflow/example_dags/plugins/workday.py for tasks to queue
[2022-08-10 11:12:24,305] {logging_mixin.py:115} INFO - [2022-08-10 11:12:24,305] {dagbag.py:507} INFO - Filling up the DagBag from /home/oury/.local/lib/python3.10/site-packages/airflow/example_dags/plugins/workday.py
[2022-08-10 11:12:24,308] {processor.py:653} WARNING - No viable dags retrieved from /home/oury/.local/lib/python3.10/site-packages/airflow/example_dags/plugins/workday.py
[2022-08-10 11:12:24,315] {processor.py:161} INFO - Processing /home/oury/.local/lib/python3.10/site-packages/airflow/example_dags/plugins/workday.py took 0.014 seconds
[2022-08-10 11:13:04,357] {processor.py:153} INFO - Started process (PID=10254) to work on /home/oury/.local/lib/python3.10/site-packages/airflow/example_dags/plugins/workday.py
[2022-08-10 11:13:04,358] {processor.py:641} INFO - Processing file /home/oury/.local/lib/python3.10/site-packages/airflow/example_dags/plugins/workday.py for tasks to queue
[2022-08-10 11:13:04,358] {logging_mixin.py:115} INFO - [2022-08-10 11:13:04,358] {dagbag.py:507} INFO - Filling up the DagBag from /home/oury/.local/lib/python3.10/site-packages/airflow/example_dags/plugins/workday.py
[2022-08-10 11:13:04,360] {processor.py:653} WARNING - No viable dags retrieved from /home/oury/.local/lib/python3.10/site-packages/airflow/example_dags/plugins/workday.py
[2022-08-10 11:13:04,368] {processor.py:161} INFO - Processing /home/oury/.local/lib/python3.10/site-packages/airflow/example_dags/plugins/workday.py took 0.013 seconds
[2022-08-10 11:13:48,409] {processor.py:153} INFO - Started process (PID=10320) to work on /home/oury/.local/lib/python3.10/site-packages/airflow/example_dags/plugins/workday.py
[2022-08-10 11:13:48,409] {processor.py:641} INFO - Processing file /home/oury/.local/lib/python3.10/site-packages/airflow/example_dags/plugins/workday.py for tasks to queue
[2022-08-10 11:13:48,410] {logging_mixin.py:115} INFO - [2022-08-10 11:13:48,410] {dagbag.py:507} INFO - Filling up the DagBag from /home/oury/.local/lib/python3.10/site-packages/airflow/example_dags/plugins/workday.py
[2022-08-10 11:13:48,411] {processor.py:653} WARNING - No viable dags retrieved from /home/oury/.local/lib/python3.10/site-packages/airflow/example_dags/plugins/workday.py
[2022-08-10 11:13:48,420] {processor.py:161} INFO - Processing /home/oury/.local/lib/python3.10/site-packages/airflow/example_dags/plugins/workday.py took 0.013 seconds
[2022-08-10 11:14:32,440] {processor.py:153} INFO - Started process (PID=10379) to work on /home/oury/.local/lib/python3.10/site-packages/airflow/example_dags/plugins/workday.py
[2022-08-10 11:14:32,441] {processor.py:641} INFO - Processing file /home/oury/.local/lib/python3.10/site-packages/airflow/example_dags/plugins/workday.py for tasks to queue
[2022-08-10 11:14:32,441] {logging_mixin.py:115} INFO - [2022-08-10 11:14:32,441] {dagbag.py:507} INFO - Filling up the DagBag from /home/oury/.local/lib/python3.10/site-packages/airflow/example_dags/plugins/workday.py
[2022-08-10 11:14:32,443] {processor.py:653} WARNING - No viable dags retrieved from /home/oury/.local/lib/python3.10/site-packages/airflow/example_dags/plugins/workday.py
[2022-08-10 11:14:32,451] {processor.py:161} INFO - Processing /home/oury/.local/lib/python3.10/site-packages/airflow/example_dags/plugins/workday.py took 0.013 seconds
[2022-08-10 11:15:31,620] {processor.py:153} INFO - Started process (PID=10455) to work on /home/oury/.local/lib/python3.10/site-packages/airflow/example_dags/plugins/workday.py
[2022-08-10 11:15:31,620] {processor.py:641} INFO - Processing file /home/oury/.local/lib/python3.10/site-packages/airflow/example_dags/plugins/workday.py for tasks to queue
[2022-08-10 11:15:31,621] {logging_mixin.py:115} INFO - [2022-08-10 11:15:31,621] {dagbag.py:507} INFO - Filling up the DagBag from /home/oury/.local/lib/python3.10/site-packages/airflow/example_dags/plugins/workday.py
[2022-08-10 11:15:31,623] {processor.py:653} WARNING - No viable dags retrieved from /home/oury/.local/lib/python3.10/site-packages/airflow/example_dags/plugins/workday.py
[2022-08-10 11:15:31,631] {processor.py:161} INFO - Processing /home/oury/.local/lib/python3.10/site-packages/airflow/example_dags/plugins/workday.py took 0.014 seconds
