[2022-06-01 21:32:10,997] {taskinstance.py:1160} INFO - Dependencies all met for <TaskInstance: download_rocket_launches.get_pictures scheduled__2022-05-27T00:00:00+00:00 [queued]>
[2022-06-01 21:32:11,002] {taskinstance.py:1160} INFO - Dependencies all met for <TaskInstance: download_rocket_launches.get_pictures scheduled__2022-05-27T00:00:00+00:00 [queued]>
[2022-06-01 21:32:11,002] {taskinstance.py:1357} INFO - 
--------------------------------------------------------------------------------
[2022-06-01 21:32:11,003] {taskinstance.py:1358} INFO - Starting attempt 1 of 1
[2022-06-01 21:32:11,003] {taskinstance.py:1359} INFO - 
--------------------------------------------------------------------------------
[2022-06-01 21:32:11,014] {taskinstance.py:1378} INFO - Executing <Task(PythonOperator): get_pictures> on 2022-05-27 00:00:00+00:00
[2022-06-01 21:32:11,016] {standard_task_runner.py:52} INFO - Started process 22045 to run task
[2022-06-01 21:32:11,019] {standard_task_runner.py:79} INFO - Running: ['airflow', 'tasks', 'run', 'download_rocket_launches', 'get_pictures', 'scheduled__2022-05-27T00:00:00+00:00', '--job-id', '36', '--raw', '--subdir', 'DAGS_FOLDER/download_rocket_launches.py', '--cfg-path', '/tmp/tmpjwu5s2e2', '--error-file', '/tmp/tmpm9l770xv']
[2022-06-01 21:32:11,019] {standard_task_runner.py:80} INFO - Job 36: Subtask get_pictures
[2022-06-01 21:32:11,051] {task_command.py:370} INFO - Running <TaskInstance: download_rocket_launches.get_pictures scheduled__2022-05-27T00:00:00+00:00 [running]> on host oury-Tp
[2022-06-01 21:32:11,093] {taskinstance.py:1570} INFO - Exporting the following env vars:
AIRFLOW_CTX_DAG_OWNER=airflow
AIRFLOW_CTX_DAG_ID=download_rocket_launches
AIRFLOW_CTX_TASK_ID=get_pictures
AIRFLOW_CTX_EXECUTION_DATE=2022-05-27T00:00:00+00:00
AIRFLOW_CTX_TRY_NUMBER=1
AIRFLOW_CTX_DAG_RUN_ID=scheduled__2022-05-27T00:00:00+00:00
[2022-06-01 21:32:12,057] {logging_mixin.py:115} INFO - Downloaded https://spacelaunchnow-prod-east.nyc3.digitaloceanspaces.com/media/launcher_images/long2520march25202_image_20190222031200.jpeg to /tmp/images/long2520march25202_image_20190222031200.jpeg
[2022-06-01 21:32:13,452] {logging_mixin.py:115} INFO - Downloaded https://spacelaunchnow-prod-east.nyc3.digitaloceanspaces.com/media/launcher_images/soyuz_2.1a_image_20201013143850.jpg to /tmp/images/soyuz_2.1a_image_20201013143850.jpg
[2022-06-01 21:32:14,555] {logging_mixin.py:115} INFO - Downloaded https://spacelaunchnow-prod-east.nyc3.digitaloceanspaces.com/media/launcher_images/new2520shepard_image_20190207032624.jpeg to /tmp/images/new2520shepard_image_20190207032624.jpeg
[2022-06-01 21:32:15,638] {logging_mixin.py:115} INFO - Downloaded https://spacelaunchnow-prod-east.nyc3.digitaloceanspaces.com/media/launcher_images/long_march_2_image_20210908195835.jpeg to /tmp/images/long_march_2_image_20210908195835.jpeg
[2022-06-01 21:32:17,607] {logging_mixin.py:115} INFO - Downloaded https://spacelaunchnow-prod-east.nyc3.digitaloceanspaces.com/media/launcher_images/falcon_9_block__image_20210506060831.jpg to /tmp/images/falcon_9_block__image_20210506060831.jpg
[2022-06-01 21:32:18,733] {logging_mixin.py:115} INFO - Downloaded https://spacelaunchnow-prod-east.nyc3.digitaloceanspaces.com/media/launch_images/falcon2520925_image_20210922155026.jpeg to /tmp/images/falcon2520925_image_20210922155026.jpeg
[2022-06-01 21:32:21,124] {logging_mixin.py:115} INFO - Downloaded https://spacelaunchnow-prod-east.nyc3.digitaloceanspaces.com/media/launcher_images/electron_image_20190705175640.jpeg to /tmp/images/electron_image_20190705175640.jpeg
[2022-06-01 21:32:23,702] {logging_mixin.py:115} INFO - Downloaded https://spacelaunchnow-prod-east.nyc3.digitaloceanspaces.com/media/launcher_images/nuri_image_20211020165148.jpg to /tmp/images/nuri_image_20211020165148.jpg
[2022-06-01 21:32:24,916] {logging_mixin.py:115} INFO - Downloaded https://spacelaunchnow-prod-east.nyc3.digitaloceanspaces.com/media/launcher_images/falcon_9_block__image_20210506060831.jpg to /tmp/images/falcon_9_block__image_20210506060831.jpg
[2022-06-01 21:32:26,078] {logging_mixin.py:115} INFO - Downloaded https://spacelaunchnow-prod-east.nyc3.digitaloceanspaces.com/media/launcher_images/ariane_5_eca25_image_20200220090552.jpeg to /tmp/images/ariane_5_eca25_image_20200220090552.jpeg
[2022-06-01 21:32:26,078] {python.py:173} INFO - Done. Returned value was: None
[2022-06-01 21:32:26,083] {taskinstance.py:1396} INFO - Marking task as SUCCESS. dag_id=download_rocket_launches, task_id=get_pictures, execution_date=20220527T000000, start_date=20220601T203210, end_date=20220601T203226
[2022-06-01 21:32:26,136] {local_task_job.py:156} INFO - Task exited with return code 0
[2022-06-01 21:32:26,152] {local_task_job.py:273} INFO - 1 downstream tasks scheduled from follow-on schedule check
