[2022-07-30 01:32:06,186] {taskinstance.py:1160} INFO - Dependencies all met for <TaskInstance: data_pipeline.tweets_to_es scheduled__2022-07-30T00:28:00+00:00 [queued]>
[2022-07-30 01:32:06,204] {taskinstance.py:1160} INFO - Dependencies all met for <TaskInstance: data_pipeline.tweets_to_es scheduled__2022-07-30T00:28:00+00:00 [queued]>
[2022-07-30 01:32:06,205] {taskinstance.py:1357} INFO - 
--------------------------------------------------------------------------------
[2022-07-30 01:32:06,205] {taskinstance.py:1358} INFO - Starting attempt 1 of 1
[2022-07-30 01:32:06,205] {taskinstance.py:1359} INFO - 
--------------------------------------------------------------------------------
[2022-07-30 01:32:06,257] {taskinstance.py:1378} INFO - Executing <Task(PythonOperator): tweets_to_es> on 2022-07-30 00:28:00+00:00
[2022-07-30 01:32:06,260] {standard_task_runner.py:52} INFO - Started process 8511 to run task
[2022-07-30 01:32:06,272] {standard_task_runner.py:79} INFO - Running: ['airflow', 'tasks', 'run', 'data_pipeline', 'tweets_to_es', 'scheduled__2022-07-30T00:28:00+00:00', '--job-id', '6', '--raw', '--subdir', 'DAGS_FOLDER/airfow_es.py', '--cfg-path', '/tmp/tmpscfpq0nz', '--error-file', '/tmp/tmptvccts2r']
[2022-07-30 01:32:06,273] {standard_task_runner.py:80} INFO - Job 6: Subtask tweets_to_es
[2022-07-30 01:32:06,381] {task_command.py:370} INFO - Running <TaskInstance: data_pipeline.tweets_to_es scheduled__2022-07-30T00:28:00+00:00 [running]> on host oury-Tp
[2022-07-30 01:32:06,492] {taskinstance.py:1570} INFO - Exporting the following env vars:
AIRFLOW_CTX_DAG_OWNER=airflow
AIRFLOW_CTX_DAG_ID=data_pipeline
AIRFLOW_CTX_TASK_ID=tweets_to_es
AIRFLOW_CTX_EXECUTION_DATE=2022-07-30T00:28:00+00:00
AIRFLOW_CTX_TRY_NUMBER=1
AIRFLOW_CTX_DAG_RUN_ID=scheduled__2022-07-30T00:28:00+00:00
[2022-07-30 01:32:06,495] {twitter.py:696} INFO - Retrieving scroll page None
[2022-07-30 01:32:06,495] {twitter.py:626} INFO - Retrieving guest token
[2022-07-30 01:32:06,497] {base.py:171} INFO - Retrieving https://twitter.com/search?f=live&lang=en&q=near%3AParis+since%3A1659140880+until%3A1659141120&src=spelling_expansion_revert_click
[2022-07-30 01:32:07,289] {base.py:189} INFO - Retrieved https://twitter.com/search?f=live&lang=en&q=near%3AParis+since%3A1659140880+until%3A1659141120&src=spelling_expansion_revert_click: 200
[2022-07-30 01:32:07,296] {base.py:171} INFO - Retrieving https://api.twitter.com/2/search/adaptive.json?include_profile_interstitial_type=1&include_blocking=1&include_blocked_by=1&include_followed_by=1&include_want_retweets=1&include_mute_edge=1&include_can_dm=1&include_can_media_tag=1&skip_status=1&cards_platform=Web-12&include_cards=1&include_ext_alt_text=true&include_quote_count=true&include_reply_count=1&tweet_mode=extended&include_entities=true&include_user_entities=true&include_ext_media_color=true&include_ext_media_availability=true&send_error_codes=true&simple_quoted_tweets=true&q=near%3AParis+since%3A1659140880+until%3A1659141120&tweet_search_mode=live&count=100&query_source=spelling_expansion_revert_click&pc=1&spelling_corrections=1&ext=mediaStats%2ChighlightedLabel
[2022-07-30 01:32:08,199] {base.py:189} INFO - Retrieved https://api.twitter.com/2/search/adaptive.json?include_profile_interstitial_type=1&include_blocking=1&include_blocked_by=1&include_followed_by=1&include_want_retweets=1&include_mute_edge=1&include_can_dm=1&include_can_media_tag=1&skip_status=1&cards_platform=Web-12&include_cards=1&include_ext_alt_text=true&include_quote_count=true&include_reply_count=1&tweet_mode=extended&include_entities=true&include_user_entities=true&include_ext_media_color=true&include_ext_media_availability=true&send_error_codes=true&simple_quoted_tweets=true&q=near%3AParis+since%3A1659140880+until%3A1659141120&tweet_search_mode=live&count=100&query_source=spelling_expansion_revert_click&pc=1&spelling_corrections=1&ext=mediaStats%2ChighlightedLabel: 200
[2022-07-30 01:32:08,713] {base.py:265} INFO - GET http://localhost:9200/ [status:200 request:0.004s]
[2022-07-30 01:32:08,720] {base.py:265} INFO - PUT http://localhost:9200/my_index/_doc/1553176541177253889 [status:201 request:0.007s]
[2022-07-30 01:32:08,739] {base.py:265} INFO - PUT http://localhost:9200/my_index/_doc/1553176534483193857 [status:201 request:0.007s]
[2022-07-30 01:32:08,756] {base.py:265} INFO - PUT http://localhost:9200/my_index/_doc/1553176525788172290 [status:201 request:0.008s]
[2022-07-30 01:32:08,770] {base.py:265} INFO - PUT http://localhost:9200/my_index/_doc/1553176524500750336 [status:201 request:0.009s]
[2022-07-30 01:32:08,810] {base.py:265} INFO - PUT http://localhost:9200/my_index/_doc/1553176519555526658 [status:201 request:0.027s]
[2022-07-30 01:32:08,831] {base.py:265} INFO - PUT http://localhost:9200/my_index/_doc/1553176513415188482 [status:201 request:0.006s]
[2022-07-30 01:32:08,851] {base.py:265} INFO - PUT http://localhost:9200/my_index/_doc/1553176511846518784 [status:201 request:0.006s]
[2022-07-30 01:32:08,894] {base.py:265} INFO - PUT http://localhost:9200/my_index/_doc/1553176507614482434 [status:201 request:0.006s]
[2022-07-30 01:32:08,934] {base.py:265} INFO - PUT http://localhost:9200/my_index/_doc/1553176497024045056 [status:201 request:0.006s]
[2022-07-30 01:32:08,949] {base.py:265} INFO - PUT http://localhost:9200/my_index/_doc/1553176483367092224 [status:201 request:0.006s]
[2022-07-30 01:32:08,963] {base.py:265} INFO - PUT http://localhost:9200/my_index/_doc/1553176482918326273 [status:201 request:0.007s]
[2022-07-30 01:32:08,982] {base.py:265} INFO - PUT http://localhost:9200/my_index/_doc/1553176480452120576 [status:201 request:0.006s]
[2022-07-30 01:32:09,003] {base.py:265} INFO - PUT http://localhost:9200/my_index/_doc/1553176480301162498 [status:201 request:0.006s]
[2022-07-30 01:32:09,004] {twitter.py:696} INFO - Retrieving scroll page scroll:thGAVUV0VFVBaEgL3d8_H-jSsWgsC-ucb1_o0rEnEV8IV6FYCJehgHREVGQVVMVDUBFQAVAAA=
[2022-07-30 01:32:09,007] {base.py:171} INFO - Retrieving https://api.twitter.com/2/search/adaptive.json?include_profile_interstitial_type=1&include_blocking=1&include_blocked_by=1&include_followed_by=1&include_want_retweets=1&include_mute_edge=1&include_can_dm=1&include_can_media_tag=1&skip_status=1&cards_platform=Web-12&include_cards=1&include_ext_alt_text=true&include_quote_count=true&include_reply_count=1&tweet_mode=extended&include_entities=true&include_user_entities=true&include_ext_media_color=true&include_ext_media_availability=true&send_error_codes=true&simple_quoted_tweets=true&q=near%3AParis+since%3A1659140880+until%3A1659141120&tweet_search_mode=live&count=100&query_source=spelling_expansion_revert_click&cursor=scroll%3AthGAVUV0VFVBaEgL3d8_H-jSsWgsC-ucb1_o0rEnEV8IV6FYCJehgHREVGQVVMVDUBFQAVAAA%3D&pc=1&spelling_corrections=1&ext=mediaStats%2ChighlightedLabel
[2022-07-30 01:32:09,519] {base.py:189} INFO - Retrieved https://api.twitter.com/2/search/adaptive.json?include_profile_interstitial_type=1&include_blocking=1&include_blocked_by=1&include_followed_by=1&include_want_retweets=1&include_mute_edge=1&include_can_dm=1&include_can_media_tag=1&skip_status=1&cards_platform=Web-12&include_cards=1&include_ext_alt_text=true&include_quote_count=true&include_reply_count=1&tweet_mode=extended&include_entities=true&include_user_entities=true&include_ext_media_color=true&include_ext_media_availability=true&send_error_codes=true&simple_quoted_tweets=true&q=near%3AParis+since%3A1659140880+until%3A1659141120&tweet_search_mode=live&count=100&query_source=spelling_expansion_revert_click&cursor=scroll%3AthGAVUV0VFVBaEgL3d8_H-jSsWgsC-ucb1_o0rEnEV8IV6FYCJehgHREVGQVVMVDUBFQAVAAA%3D&pc=1&spelling_corrections=1&ext=mediaStats%2ChighlightedLabel: 200
[2022-07-30 01:32:09,542] {base.py:265} INFO - PUT http://localhost:9200/my_index/_doc/1553176477339877376 [status:201 request:0.006s]
[2022-07-30 01:32:09,564] {base.py:265} INFO - PUT http://localhost:9200/my_index/_doc/1553176473540100096 [status:201 request:0.006s]
[2022-07-30 01:32:09,611] {base.py:265} INFO - PUT http://localhost:9200/my_index/_doc/1553176459652599808 [status:201 request:0.008s]
[2022-07-30 01:32:09,645] {base.py:265} INFO - PUT http://localhost:9200/my_index/_doc/1553176458482401280 [status:201 request:0.006s]
[2022-07-30 01:32:09,663] {base.py:265} INFO - PUT http://localhost:9200/my_index/_doc/1553176451029032965 [status:201 request:0.006s]
[2022-07-30 01:32:09,690] {base.py:265} INFO - PUT http://localhost:9200/my_index/_doc/1553176446511812608 [status:201 request:0.005s]
[2022-07-30 01:32:09,704] {base.py:265} INFO - PUT http://localhost:9200/my_index/_doc/1553176440765648901 [status:201 request:0.006s]
[2022-07-30 01:32:09,718] {base.py:265} INFO - PUT http://localhost:9200/my_index/_doc/1553176436378411010 [status:201 request:0.006s]
[2022-07-30 01:32:09,739] {base.py:265} INFO - PUT http://localhost:9200/my_index/_doc/1553176434633572354 [status:201 request:0.007s]
[2022-07-30 01:32:09,778] {base.py:265} INFO - PUT http://localhost:9200/my_index/_doc/1553176427318706176 [status:201 request:0.006s]
[2022-07-30 01:32:09,803] {base.py:265} INFO - PUT http://localhost:9200/my_index/_doc/1553176427180310528 [status:201 request:0.006s]
[2022-07-30 01:32:09,826] {twitter.py:696} INFO - Retrieving scroll page scroll:thGAVUV0VFVBaCgNDt1e7-jSsWgsC-ucb1_o0rEnEV4IJ6FYCJehgHREVGQVVMVDUBFQIVAAA=
[2022-07-30 01:32:09,828] {base.py:171} INFO - Retrieving https://api.twitter.com/2/search/adaptive.json?include_profile_interstitial_type=1&include_blocking=1&include_blocked_by=1&include_followed_by=1&include_want_retweets=1&include_mute_edge=1&include_can_dm=1&include_can_media_tag=1&skip_status=1&cards_platform=Web-12&include_cards=1&include_ext_alt_text=true&include_quote_count=true&include_reply_count=1&tweet_mode=extended&include_entities=true&include_user_entities=true&include_ext_media_color=true&include_ext_media_availability=true&send_error_codes=true&simple_quoted_tweets=true&q=near%3AParis+since%3A1659140880+until%3A1659141120&tweet_search_mode=live&count=100&query_source=spelling_expansion_revert_click&cursor=scroll%3AthGAVUV0VFVBaCgNDt1e7-jSsWgsC-ucb1_o0rEnEV4IJ6FYCJehgHREVGQVVMVDUBFQIVAAA%3D&pc=1&spelling_corrections=1&ext=mediaStats%2ChighlightedLabel
[2022-07-30 01:32:10,960] {base.py:189} INFO - Retrieved https://api.twitter.com/2/search/adaptive.json?include_profile_interstitial_type=1&include_blocking=1&include_blocked_by=1&include_followed_by=1&include_want_retweets=1&include_mute_edge=1&include_can_dm=1&include_can_media_tag=1&skip_status=1&cards_platform=Web-12&include_cards=1&include_ext_alt_text=true&include_quote_count=true&include_reply_count=1&tweet_mode=extended&include_entities=true&include_user_entities=true&include_ext_media_color=true&include_ext_media_availability=true&send_error_codes=true&simple_quoted_tweets=true&q=near%3AParis+since%3A1659140880+until%3A1659141120&tweet_search_mode=live&count=100&query_source=spelling_expansion_revert_click&cursor=scroll%3AthGAVUV0VFVBaCgNDt1e7-jSsWgsC-ucb1_o0rEnEV4IJ6FYCJehgHREVGQVVMVDUBFQIVAAA%3D&pc=1&spelling_corrections=1&ext=mediaStats%2ChighlightedLabel: 200
[2022-07-30 01:32:11,013] {base.py:265} INFO - PUT http://localhost:9200/my_index/_doc/1553176418556731393 [status:201 request:0.006s]
[2022-07-30 01:32:11,049] {base.py:265} INFO - PUT http://localhost:9200/my_index/_doc/1553176416954597376 [status:201 request:0.006s]
[2022-07-30 01:32:11,085] {base.py:265} INFO - PUT http://localhost:9200/my_index/_doc/1553176410096865281 [status:201 request:0.006s]
[2022-07-30 01:32:11,108] {base.py:265} INFO - PUT http://localhost:9200/my_index/_doc/1553176406187593728 [status:201 request:0.006s]
[2022-07-30 01:32:11,120] {base.py:265} INFO - PUT http://localhost:9200/my_index/_doc/1553176405625765888 [status:201 request:0.006s]
[2022-07-30 01:32:11,134] {base.py:265} INFO - PUT http://localhost:9200/my_index/_doc/1553176403532734464 [status:201 request:0.006s]
[2022-07-30 01:32:11,154] {base.py:265} INFO - PUT http://localhost:9200/my_index/_doc/1553176398222835712 [status:201 request:0.007s]
[2022-07-30 01:32:11,168] {base.py:265} INFO - PUT http://localhost:9200/my_index/_doc/1553176391419662337 [status:201 request:0.005s]
[2022-07-30 01:32:11,224] {base.py:265} INFO - PUT http://localhost:9200/my_index/_doc/1553176378702536706 [status:201 request:0.005s]
[2022-07-30 01:32:11,236] {base.py:265} INFO - PUT http://localhost:9200/my_index/_doc/1553176376861044736 [status:201 request:0.005s]
[2022-07-30 01:32:11,237] {twitter.py:696} INFO - Retrieving scroll page scroll:thGAVUV0VFVBaAwKWF8ev-jSsWgsC-ucb1_o0rEnEV0P95FYCJehgHREVGQVVMVDUBFQQVAAA=
[2022-07-30 01:32:11,239] {base.py:171} INFO - Retrieving https://api.twitter.com/2/search/adaptive.json?include_profile_interstitial_type=1&include_blocking=1&include_blocked_by=1&include_followed_by=1&include_want_retweets=1&include_mute_edge=1&include_can_dm=1&include_can_media_tag=1&skip_status=1&cards_platform=Web-12&include_cards=1&include_ext_alt_text=true&include_quote_count=true&include_reply_count=1&tweet_mode=extended&include_entities=true&include_user_entities=true&include_ext_media_color=true&include_ext_media_availability=true&send_error_codes=true&simple_quoted_tweets=true&q=near%3AParis+since%3A1659140880+until%3A1659141120&tweet_search_mode=live&count=100&query_source=spelling_expansion_revert_click&cursor=scroll%3AthGAVUV0VFVBaAwKWF8ev-jSsWgsC-ucb1_o0rEnEV0P95FYCJehgHREVGQVVMVDUBFQQVAAA%3D&pc=1&spelling_corrections=1&ext=mediaStats%2ChighlightedLabel
[2022-07-30 01:32:12,061] {base.py:189} INFO - Retrieved https://api.twitter.com/2/search/adaptive.json?include_profile_interstitial_type=1&include_blocking=1&include_blocked_by=1&include_followed_by=1&include_want_retweets=1&include_mute_edge=1&include_can_dm=1&include_can_media_tag=1&skip_status=1&cards_platform=Web-12&include_cards=1&include_ext_alt_text=true&include_quote_count=true&include_reply_count=1&tweet_mode=extended&include_entities=true&include_user_entities=true&include_ext_media_color=true&include_ext_media_availability=true&send_error_codes=true&simple_quoted_tweets=true&q=near%3AParis+since%3A1659140880+until%3A1659141120&tweet_search_mode=live&count=100&query_source=spelling_expansion_revert_click&cursor=scroll%3AthGAVUV0VFVBaAwKWF8ev-jSsWgsC-ucb1_o0rEnEV0P95FYCJehgHREVGQVVMVDUBFQQVAAA%3D&pc=1&spelling_corrections=1&ext=mediaStats%2ChighlightedLabel: 200
[2022-07-30 01:32:12,098] {base.py:265} INFO - PUT http://localhost:9200/my_index/_doc/1553176372708888577 [status:201 request:0.011s]
[2022-07-30 01:32:12,125] {base.py:265} INFO - PUT http://localhost:9200/my_index/_doc/1553176366727700481 [status:201 request:0.007s]
[2022-07-30 01:32:12,141] {base.py:265} INFO - PUT http://localhost:9200/my_index/_doc/1553176365888856064 [status:201 request:0.006s]
[2022-07-30 01:32:12,158] {base.py:265} INFO - PUT http://localhost:9200/my_index/_doc/1553176363766632449 [status:201 request:0.006s]
[2022-07-30 01:32:12,172] {base.py:265} INFO - PUT http://localhost:9200/my_index/_doc/1553176358158843904 [status:201 request:0.006s]
[2022-07-30 01:32:12,191] {base.py:265} INFO - PUT http://localhost:9200/my_index/_doc/1553176354719502336 [status:201 request:0.006s]
[2022-07-30 01:32:12,214] {base.py:265} INFO - PUT http://localhost:9200/my_index/_doc/1553176349048815618 [status:201 request:0.006s]
[2022-07-30 01:32:12,227] {base.py:265} INFO - PUT http://localhost:9200/my_index/_doc/1553176343625535489 [status:201 request:0.007s]
[2022-07-30 01:32:12,243] {base.py:265} INFO - PUT http://localhost:9200/my_index/_doc/1553176340802723841 [status:201 request:0.006s]
[2022-07-30 01:32:12,258] {base.py:265} INFO - PUT http://localhost:9200/my_index/_doc/1553176338282029056 [status:201 request:0.007s]
[2022-07-30 01:32:12,271] {base.py:265} INFO - PUT http://localhost:9200/my_index/_doc/1553176333202739201 [status:201 request:0.006s]
[2022-07-30 01:32:12,307] {base.py:265} INFO - PUT http://localhost:9200/my_index/_doc/1553176329654308869 [status:201 request:0.008s]
[2022-07-30 01:32:12,322] {base.py:265} INFO - PUT http://localhost:9200/my_index/_doc/1553176327028883456 [status:201 request:0.006s]
[2022-07-30 01:32:12,342] {base.py:265} INFO - PUT http://localhost:9200/my_index/_doc/1553176325841641473 [status:201 request:0.007s]
[2022-07-30 01:32:12,354] {base.py:265} INFO - PUT http://localhost:9200/my_index/_doc/1553176321584513025 [status:201 request:0.005s]
[2022-07-30 01:32:12,372] {base.py:265} INFO - PUT http://localhost:9200/my_index/_doc/1553176319659315212 [status:201 request:0.007s]
[2022-07-30 01:32:12,386] {base.py:265} INFO - PUT http://localhost:9200/my_index/_doc/1553176319290216448 [status:201 request:0.005s]
[2022-07-30 01:32:12,397] {base.py:265} INFO - PUT http://localhost:9200/my_index/_doc/1553176314554744832 [status:201 request:0.005s]
[2022-07-30 01:32:12,398] {twitter.py:696} INFO - Retrieving scroll page scroll:thGAVUV0VFVBaAgLDpoOj-jSsWgsC-ucb1_o0rEnEVwPx5FYCJehgHREVGQVVMVDUBFQYVAAA=
[2022-07-30 01:32:12,400] {base.py:171} INFO - Retrieving https://api.twitter.com/2/search/adaptive.json?include_profile_interstitial_type=1&include_blocking=1&include_blocked_by=1&include_followed_by=1&include_want_retweets=1&include_mute_edge=1&include_can_dm=1&include_can_media_tag=1&skip_status=1&cards_platform=Web-12&include_cards=1&include_ext_alt_text=true&include_quote_count=true&include_reply_count=1&tweet_mode=extended&include_entities=true&include_user_entities=true&include_ext_media_color=true&include_ext_media_availability=true&send_error_codes=true&simple_quoted_tweets=true&q=near%3AParis+since%3A1659140880+until%3A1659141120&tweet_search_mode=live&count=100&query_source=spelling_expansion_revert_click&cursor=scroll%3AthGAVUV0VFVBaAgLDpoOj-jSsWgsC-ucb1_o0rEnEVwPx5FYCJehgHREVGQVVMVDUBFQYVAAA%3D&pc=1&spelling_corrections=1&ext=mediaStats%2ChighlightedLabel
[2022-07-30 01:32:13,121] {base.py:189} INFO - Retrieved https://api.twitter.com/2/search/adaptive.json?include_profile_interstitial_type=1&include_blocking=1&include_blocked_by=1&include_followed_by=1&include_want_retweets=1&include_mute_edge=1&include_can_dm=1&include_can_media_tag=1&skip_status=1&cards_platform=Web-12&include_cards=1&include_ext_alt_text=true&include_quote_count=true&include_reply_count=1&tweet_mode=extended&include_entities=true&include_user_entities=true&include_ext_media_color=true&include_ext_media_availability=true&send_error_codes=true&simple_quoted_tweets=true&q=near%3AParis+since%3A1659140880+until%3A1659141120&tweet_search_mode=live&count=100&query_source=spelling_expansion_revert_click&cursor=scroll%3AthGAVUV0VFVBaAgLDpoOj-jSsWgsC-ucb1_o0rEnEVwPx5FYCJehgHREVGQVVMVDUBFQYVAAA%3D&pc=1&spelling_corrections=1&ext=mediaStats%2ChighlightedLabel: 200
[2022-07-30 01:32:13,158] {base.py:265} INFO - PUT http://localhost:9200/my_index/_doc/1553176311778234369 [status:201 request:0.010s]
[2022-07-30 01:32:13,177] {base.py:265} INFO - PUT http://localhost:9200/my_index/_doc/1553176310205366272 [status:201 request:0.006s]
[2022-07-30 01:32:13,207] {base.py:265} INFO - PUT http://localhost:9200/my_index/_doc/1553176309270028291 [status:201 request:0.005s]
[2022-07-30 01:32:13,238] {base.py:265} INFO - PUT http://localhost:9200/my_index/_doc/1553176305746776070 [status:201 request:0.005s]
[2022-07-30 01:32:13,254] {base.py:265} INFO - PUT http://localhost:9200/my_index/_doc/1553176305159528448 [status:201 request:0.006s]
[2022-07-30 01:32:13,265] {base.py:265} INFO - PUT http://localhost:9200/my_index/_doc/1553176299639898114 [status:201 request:0.007s]
[2022-07-30 01:32:13,279] {base.py:265} INFO - PUT http://localhost:9200/my_index/_doc/1553176296703901696 [status:201 request:0.006s]
[2022-07-30 01:32:13,295] {base.py:265} INFO - PUT http://localhost:9200/my_index/_doc/1553176296003362817 [status:201 request:0.006s]
[2022-07-30 01:32:13,341] {base.py:265} INFO - PUT http://localhost:9200/my_index/_doc/1553176293277040640 [status:201 request:0.024s]
[2022-07-30 01:32:13,387] {base.py:265} INFO - PUT http://localhost:9200/my_index/_doc/1553176277149949953 [status:201 request:0.005s]
[2022-07-30 01:32:13,402] {base.py:265} INFO - PUT http://localhost:9200/my_index/_doc/1553176273844854785 [status:201 request:0.005s]
[2022-07-30 01:32:13,419] {base.py:265} INFO - PUT http://localhost:9200/my_index/_doc/1553176270774669313 [status:201 request:0.006s]
[2022-07-30 01:32:13,420] {twitter.py:696} INFO - Retrieving scroll page scroll:thGAVUV0VFVBaCwLjR2uX-jSsWgsC-ucb1_o0rEnEVsPl5FYCJehgHREVGQVVMVDUBFQgVAAA=
[2022-07-30 01:32:13,423] {base.py:171} INFO - Retrieving https://api.twitter.com/2/search/adaptive.json?include_profile_interstitial_type=1&include_blocking=1&include_blocked_by=1&include_followed_by=1&include_want_retweets=1&include_mute_edge=1&include_can_dm=1&include_can_media_tag=1&skip_status=1&cards_platform=Web-12&include_cards=1&include_ext_alt_text=true&include_quote_count=true&include_reply_count=1&tweet_mode=extended&include_entities=true&include_user_entities=true&include_ext_media_color=true&include_ext_media_availability=true&send_error_codes=true&simple_quoted_tweets=true&q=near%3AParis+since%3A1659140880+until%3A1659141120&tweet_search_mode=live&count=100&query_source=spelling_expansion_revert_click&cursor=scroll%3AthGAVUV0VFVBaCwLjR2uX-jSsWgsC-ucb1_o0rEnEVsPl5FYCJehgHREVGQVVMVDUBFQgVAAA%3D&pc=1&spelling_corrections=1&ext=mediaStats%2ChighlightedLabel
[2022-07-30 01:32:14,041] {base.py:189} INFO - Retrieved https://api.twitter.com/2/search/adaptive.json?include_profile_interstitial_type=1&include_blocking=1&include_blocked_by=1&include_followed_by=1&include_want_retweets=1&include_mute_edge=1&include_can_dm=1&include_can_media_tag=1&skip_status=1&cards_platform=Web-12&include_cards=1&include_ext_alt_text=true&include_quote_count=true&include_reply_count=1&tweet_mode=extended&include_entities=true&include_user_entities=true&include_ext_media_color=true&include_ext_media_availability=true&send_error_codes=true&simple_quoted_tweets=true&q=near%3AParis+since%3A1659140880+until%3A1659141120&tweet_search_mode=live&count=100&query_source=spelling_expansion_revert_click&cursor=scroll%3AthGAVUV0VFVBaCwLjR2uX-jSsWgsC-ucb1_o0rEnEVsPl5FYCJehgHREVGQVVMVDUBFQgVAAA%3D&pc=1&spelling_corrections=1&ext=mediaStats%2ChighlightedLabel: 200
[2022-07-30 01:32:14,086] {python.py:173} INFO - Done. Returned value was: None
[2022-07-30 01:32:14,099] {taskinstance.py:1396} INFO - Marking task as SUCCESS. dag_id=data_pipeline, task_id=tweets_to_es, execution_date=20220730T002800, start_date=20220730T003206, end_date=20220730T003214
[2022-07-30 01:32:14,149] {local_task_job.py:156} INFO - Task exited with return code 0
[2022-07-30 01:32:14,159] {local_task_job.py:273} INFO - 0 downstream tasks scheduled from follow-on schedule check
