[2022-06-22 11:57:06,142] {taskinstance.py:1160} INFO - Dependencies all met for <TaskInstance: data_pipeline.tweets_to_es scheduled__2022-06-22T10:54:00+00:00 [queued]>
[2022-06-22 11:57:06,165] {taskinstance.py:1160} INFO - Dependencies all met for <TaskInstance: data_pipeline.tweets_to_es scheduled__2022-06-22T10:54:00+00:00 [queued]>
[2022-06-22 11:57:06,166] {taskinstance.py:1357} INFO - 
--------------------------------------------------------------------------------
[2022-06-22 11:57:06,166] {taskinstance.py:1358} INFO - Starting attempt 1 of 1
[2022-06-22 11:57:06,167] {taskinstance.py:1359} INFO - 
--------------------------------------------------------------------------------
[2022-06-22 11:57:06,198] {taskinstance.py:1378} INFO - Executing <Task(PythonOperator): tweets_to_es> on 2022-06-22 10:54:00+00:00
[2022-06-22 11:57:06,205] {standard_task_runner.py:52} INFO - Started process 13987 to run task
[2022-06-22 11:57:06,208] {standard_task_runner.py:79} INFO - Running: ['airflow', 'tasks', 'run', 'data_pipeline', 'tweets_to_es', 'scheduled__2022-06-22T10:54:00+00:00', '--job-id', '9', '--raw', '--subdir', 'DAGS_FOLDER/airfow_es.py', '--cfg-path', '/tmp/tmpnjczz4yw', '--error-file', '/tmp/tmp_1qx4i0d']
[2022-06-22 11:57:06,209] {standard_task_runner.py:80} INFO - Job 9: Subtask tweets_to_es
[2022-06-22 11:57:06,281] {task_command.py:370} INFO - Running <TaskInstance: data_pipeline.tweets_to_es scheduled__2022-06-22T10:54:00+00:00 [running]> on host oury-Tp
[2022-06-22 11:57:06,434] {taskinstance.py:1570} INFO - Exporting the following env vars:
AIRFLOW_CTX_DAG_OWNER=airflow
AIRFLOW_CTX_DAG_ID=data_pipeline
AIRFLOW_CTX_TASK_ID=tweets_to_es
AIRFLOW_CTX_EXECUTION_DATE=2022-06-22T10:54:00+00:00
AIRFLOW_CTX_TRY_NUMBER=1
AIRFLOW_CTX_DAG_RUN_ID=scheduled__2022-06-22T10:54:00+00:00
[2022-06-22 11:57:06,438] {twitter.py:696} INFO - Retrieving scroll page None
[2022-06-22 11:57:06,438] {twitter.py:626} INFO - Retrieving guest token
[2022-06-22 11:57:06,441] {base.py:171} INFO - Retrieving https://twitter.com/search?f=live&lang=en&q=near%3AParis+since%3A1655895240+until%3A1655895420&src=spelling_expansion_revert_click
[2022-06-22 11:57:07,176] {base.py:189} INFO - Retrieved https://twitter.com/search?f=live&lang=en&q=near%3AParis+since%3A1655895240+until%3A1655895420&src=spelling_expansion_revert_click: 200
[2022-06-22 11:57:07,184] {base.py:171} INFO - Retrieving https://api.twitter.com/2/search/adaptive.json?include_profile_interstitial_type=1&include_blocking=1&include_blocked_by=1&include_followed_by=1&include_want_retweets=1&include_mute_edge=1&include_can_dm=1&include_can_media_tag=1&skip_status=1&cards_platform=Web-12&include_cards=1&include_ext_alt_text=true&include_quote_count=true&include_reply_count=1&tweet_mode=extended&include_entities=true&include_user_entities=true&include_ext_media_color=true&include_ext_media_availability=true&send_error_codes=true&simple_quoted_tweets=true&q=near%3AParis+since%3A1655895240+until%3A1655895420&tweet_search_mode=live&count=100&query_source=spelling_expansion_revert_click&pc=1&spelling_corrections=1&ext=mediaStats%2ChighlightedLabel
[2022-06-22 11:57:08,187] {base.py:189} INFO - Retrieved https://api.twitter.com/2/search/adaptive.json?include_profile_interstitial_type=1&include_blocking=1&include_blocked_by=1&include_followed_by=1&include_want_retweets=1&include_mute_edge=1&include_can_dm=1&include_can_media_tag=1&skip_status=1&cards_platform=Web-12&include_cards=1&include_ext_alt_text=true&include_quote_count=true&include_reply_count=1&tweet_mode=extended&include_entities=true&include_user_entities=true&include_ext_media_color=true&include_ext_media_availability=true&send_error_codes=true&simple_quoted_tweets=true&q=near%3AParis+since%3A1655895240+until%3A1655895420&tweet_search_mode=live&count=100&query_source=spelling_expansion_revert_click&pc=1&spelling_corrections=1&ext=mediaStats%2ChighlightedLabel: 200
[2022-06-22 11:57:09,233] {_transport.py:336} INFO - PUT http://localhost:9200/my_index/_doc/1539563090085388289 [status:201 duration:0.016s]
[2022-06-22 11:57:09,246] {_transport.py:336} INFO - PUT http://localhost:9200/my_index/_doc/1539563089951358976 [status:201 duration:0.009s]
[2022-06-22 11:57:09,289] {_transport.py:336} INFO - PUT http://localhost:9200/my_index/_doc/1539563089393229826 [status:201 duration:0.014s]
[2022-06-22 11:57:09,325] {_transport.py:336} INFO - PUT http://localhost:9200/my_index/_doc/1539563088357335042 [status:201 duration:0.012s]
[2022-06-22 11:57:09,383] {_transport.py:336} INFO - PUT http://localhost:9200/my_index/_doc/1539563086398586881 [status:201 duration:0.012s]
[2022-06-22 11:57:09,433] {_transport.py:336} INFO - PUT http://localhost:9200/my_index/_doc/1539563086205825024 [status:201 duration:0.015s]
[2022-06-22 11:57:09,472] {_transport.py:336} INFO - PUT http://localhost:9200/my_index/_doc/1539563083089199106 [status:201 duration:0.013s]
[2022-06-22 11:57:09,534] {_transport.py:336} INFO - PUT http://localhost:9200/my_index/_doc/1539563080757174280 [status:201 duration:0.028s]
[2022-06-22 11:57:09,603] {_transport.py:336} INFO - PUT http://localhost:9200/my_index/_doc/1539563076483260420 [status:201 duration:0.013s]
[2022-06-22 11:57:09,657] {_transport.py:336} INFO - PUT http://localhost:9200/my_index/_doc/1539563075703119873 [status:201 duration:0.019s]
[2022-06-22 11:57:09,765] {_transport.py:336} INFO - PUT http://localhost:9200/my_index/_doc/1539563074272763904 [status:201 duration:0.036s]
[2022-06-22 11:57:09,851] {_transport.py:336} INFO - PUT http://localhost:9200/my_index/_doc/1539563074264391681 [status:201 duration:0.027s]
[2022-06-22 11:57:09,911] {_transport.py:336} INFO - PUT http://localhost:9200/my_index/_doc/1539563074134462468 [status:201 duration:0.024s]
[2022-06-22 11:57:09,965] {_transport.py:336} INFO - PUT http://localhost:9200/my_index/_doc/1539563073647828992 [status:201 duration:0.038s]
[2022-06-22 11:57:10,041] {_transport.py:336} INFO - PUT http://localhost:9200/my_index/_doc/1539563073501073410 [status:201 duration:0.030s]
[2022-06-22 11:57:10,127] {_transport.py:336} INFO - PUT http://localhost:9200/my_index/_doc/1539563070380466177 [status:201 duration:0.014s]
[2022-06-22 11:57:10,128] {twitter.py:696} INFO - Retrieving scroll page scroll:thGAVUV0VFVBaCwLjhhJ3Q3SoWgoC93aae0N0qEnEV8IV6FYCJehgHREVGQVVMVDUBFQAVAAA=
[2022-06-22 11:57:10,134] {base.py:171} INFO - Retrieving https://api.twitter.com/2/search/adaptive.json?include_profile_interstitial_type=1&include_blocking=1&include_blocked_by=1&include_followed_by=1&include_want_retweets=1&include_mute_edge=1&include_can_dm=1&include_can_media_tag=1&skip_status=1&cards_platform=Web-12&include_cards=1&include_ext_alt_text=true&include_quote_count=true&include_reply_count=1&tweet_mode=extended&include_entities=true&include_user_entities=true&include_ext_media_color=true&include_ext_media_availability=true&send_error_codes=true&simple_quoted_tweets=true&q=near%3AParis+since%3A1655895240+until%3A1655895420&tweet_search_mode=live&count=100&query_source=spelling_expansion_revert_click&cursor=scroll%3AthGAVUV0VFVBaCwLjhhJ3Q3SoWgoC93aae0N0qEnEV8IV6FYCJehgHREVGQVVMVDUBFQAVAAA%3D&pc=1&spelling_corrections=1&ext=mediaStats%2ChighlightedLabel
[2022-06-22 11:57:10,785] {base.py:189} INFO - Retrieved https://api.twitter.com/2/search/adaptive.json?include_profile_interstitial_type=1&include_blocking=1&include_blocked_by=1&include_followed_by=1&include_want_retweets=1&include_mute_edge=1&include_can_dm=1&include_can_media_tag=1&skip_status=1&cards_platform=Web-12&include_cards=1&include_ext_alt_text=true&include_quote_count=true&include_reply_count=1&tweet_mode=extended&include_entities=true&include_user_entities=true&include_ext_media_color=true&include_ext_media_availability=true&send_error_codes=true&simple_quoted_tweets=true&q=near%3AParis+since%3A1655895240+until%3A1655895420&tweet_search_mode=live&count=100&query_source=spelling_expansion_revert_click&cursor=scroll%3AthGAVUV0VFVBaCwLjhhJ3Q3SoWgoC93aae0N0qEnEV8IV6FYCJehgHREVGQVVMVDUBFQAVAAA%3D&pc=1&spelling_corrections=1&ext=mediaStats%2ChighlightedLabel: 200
[2022-06-22 11:57:10,871] {_transport.py:336} INFO - PUT http://localhost:9200/my_index/_doc/1539563065804562432 [status:201 duration:0.013s]
[2022-06-22 11:57:10,896] {_transport.py:336} INFO - PUT http://localhost:9200/my_index/_doc/1539563065506668547 [status:201 duration:0.013s]
[2022-06-22 11:57:10,985] {_transport.py:336} INFO - PUT http://localhost:9200/my_index/_doc/1539563065422782466 [status:201 duration:0.042s]
[2022-06-22 11:57:11,031] {_transport.py:336} INFO - PUT http://localhost:9200/my_index/_doc/1539563064911069185 [status:201 duration:0.023s]
[2022-06-22 11:57:11,070] {_transport.py:336} INFO - PUT http://localhost:9200/my_index/_doc/1539563063136993280 [status:201 duration:0.029s]
[2022-06-22 11:57:11,147] {_transport.py:336} INFO - PUT http://localhost:9200/my_index/_doc/1539563062574911490 [status:201 duration:0.013s]
[2022-06-22 11:57:11,213] {_transport.py:336} INFO - PUT http://localhost:9200/my_index/_doc/1539563057596317696 [status:201 duration:0.036s]
[2022-06-22 11:57:11,313] {_transport.py:336} INFO - PUT http://localhost:9200/my_index/_doc/1539563057449472000 [status:201 duration:0.040s]
[2022-06-22 11:57:11,345] {_transport.py:336} INFO - PUT http://localhost:9200/my_index/_doc/1539563057319378945 [status:201 duration:0.011s]
[2022-06-22 11:57:11,392] {_transport.py:336} INFO - PUT http://localhost:9200/my_index/_doc/1539563056455376897 [status:201 duration:0.018s]
[2022-06-22 11:57:11,525] {_transport.py:336} INFO - PUT http://localhost:9200/my_index/_doc/1539563054291161090 [status:201 duration:0.066s]
[2022-06-22 11:57:11,622] {_transport.py:336} INFO - PUT http://localhost:9200/my_index/_doc/1539563050596007936 [status:201 duration:0.041s]
[2022-06-22 11:57:11,727] {_transport.py:336} INFO - PUT http://localhost:9200/my_index/_doc/1539563050222723073 [status:201 duration:0.016s]
[2022-06-22 11:57:11,804] {_transport.py:336} INFO - PUT http://localhost:9200/my_index/_doc/1539563049920696322 [status:201 duration:0.012s]
[2022-06-22 11:57:11,851] {_transport.py:336} INFO - PUT http://localhost:9200/my_index/_doc/1539563049794805760 [status:201 duration:0.011s]
[2022-06-22 11:57:11,930] {_transport.py:336} INFO - PUT http://localhost:9200/my_index/_doc/1539563048561786882 [status:201 duration:0.013s]
[2022-06-22 11:57:11,931] {twitter.py:696} INFO - Retrieving scroll page scroll:thGAVUV0VFVBaEgL6t8ZvQ3SoWgoC93aae0N0qEnEV4IJ6FYCJehgHREVGQVVMVDUBFQIVAAA=
[2022-06-22 11:57:11,942] {base.py:171} INFO - Retrieving https://api.twitter.com/2/search/adaptive.json?include_profile_interstitial_type=1&include_blocking=1&include_blocked_by=1&include_followed_by=1&include_want_retweets=1&include_mute_edge=1&include_can_dm=1&include_can_media_tag=1&skip_status=1&cards_platform=Web-12&include_cards=1&include_ext_alt_text=true&include_quote_count=true&include_reply_count=1&tweet_mode=extended&include_entities=true&include_user_entities=true&include_ext_media_color=true&include_ext_media_availability=true&send_error_codes=true&simple_quoted_tweets=true&q=near%3AParis+since%3A1655895240+until%3A1655895420&tweet_search_mode=live&count=100&query_source=spelling_expansion_revert_click&cursor=scroll%3AthGAVUV0VFVBaEgL6t8ZvQ3SoWgoC93aae0N0qEnEV4IJ6FYCJehgHREVGQVVMVDUBFQIVAAA%3D&pc=1&spelling_corrections=1&ext=mediaStats%2ChighlightedLabel
[2022-06-22 11:57:12,575] {base.py:189} INFO - Retrieved https://api.twitter.com/2/search/adaptive.json?include_profile_interstitial_type=1&include_blocking=1&include_blocked_by=1&include_followed_by=1&include_want_retweets=1&include_mute_edge=1&include_can_dm=1&include_can_media_tag=1&skip_status=1&cards_platform=Web-12&include_cards=1&include_ext_alt_text=true&include_quote_count=true&include_reply_count=1&tweet_mode=extended&include_entities=true&include_user_entities=true&include_ext_media_color=true&include_ext_media_availability=true&send_error_codes=true&simple_quoted_tweets=true&q=near%3AParis+since%3A1655895240+until%3A1655895420&tweet_search_mode=live&count=100&query_source=spelling_expansion_revert_click&cursor=scroll%3AthGAVUV0VFVBaEgL6t8ZvQ3SoWgoC93aae0N0qEnEV4IJ6FYCJehgHREVGQVVMVDUBFQIVAAA%3D&pc=1&spelling_corrections=1&ext=mediaStats%2ChighlightedLabel: 200
[2022-06-22 11:57:12,779] {_transport.py:336} INFO - PUT http://localhost:9200/my_index/_doc/1539563046028337153 [status:201 duration:0.017s]
[2022-06-22 11:57:12,826] {_transport.py:336} INFO - PUT http://localhost:9200/my_index/_doc/1539563044501594114 [status:201 duration:0.020s]
[2022-06-22 11:57:12,857] {_transport.py:336} INFO - PUT http://localhost:9200/my_index/_doc/1539563042597490688 [status:201 duration:0.012s]
[2022-06-22 11:57:12,900] {_transport.py:336} INFO - PUT http://localhost:9200/my_index/_doc/1539563038772174848 [status:201 duration:0.010s]
[2022-06-22 11:57:12,926] {_transport.py:336} INFO - PUT http://localhost:9200/my_index/_doc/1539563037669134336 [status:201 duration:0.011s]
[2022-06-22 11:57:12,989] {python.py:173} INFO - Done. Returned value was: None
[2022-06-22 11:57:13,006] {taskinstance.py:1396} INFO - Marking task as SUCCESS. dag_id=data_pipeline, task_id=tweets_to_es, execution_date=20220622T105400, start_date=20220622T105706, end_date=20220622T105713
[2022-06-22 11:57:13,067] {local_task_job.py:156} INFO - Task exited with return code 0
[2022-06-22 11:57:13,089] {local_task_job.py:273} INFO - 0 downstream tasks scheduled from follow-on schedule check
