[2022-06-08 10:36:02,979] {taskinstance.py:1160} INFO - Dependencies all met for <TaskInstance: data_pipeline.tweets_to_es scheduled__2022-06-08T09:33:00+00:00 [queued]>
[2022-06-08 10:36:02,987] {taskinstance.py:1160} INFO - Dependencies all met for <TaskInstance: data_pipeline.tweets_to_es scheduled__2022-06-08T09:33:00+00:00 [queued]>
[2022-06-08 10:36:02,987] {taskinstance.py:1357} INFO - 
--------------------------------------------------------------------------------
[2022-06-08 10:36:02,987] {taskinstance.py:1358} INFO - Starting attempt 1 of 1
[2022-06-08 10:36:02,987] {taskinstance.py:1359} INFO - 
--------------------------------------------------------------------------------
[2022-06-08 10:36:03,005] {taskinstance.py:1378} INFO - Executing <Task(PythonOperator): tweets_to_es> on 2022-06-08 09:33:00+00:00
[2022-06-08 10:36:03,007] {standard_task_runner.py:52} INFO - Started process 6743 to run task
[2022-06-08 10:36:03,012] {standard_task_runner.py:79} INFO - Running: ['airflow', 'tasks', 'run', 'data_pipeline', 'tweets_to_es', 'scheduled__2022-06-08T09:33:00+00:00', '--job-id', '4', '--raw', '--subdir', 'DAGS_FOLDER/airfow_es.py', '--cfg-path', '/tmp/tmp9dhkox1u', '--error-file', '/tmp/tmpwseiqkum']
[2022-06-08 10:36:03,013] {standard_task_runner.py:80} INFO - Job 4: Subtask tweets_to_es
[2022-06-08 10:36:03,053] {task_command.py:370} INFO - Running <TaskInstance: data_pipeline.tweets_to_es scheduled__2022-06-08T09:33:00+00:00 [running]> on host oury-Tp
[2022-06-08 10:36:03,095] {taskinstance.py:1570} INFO - Exporting the following env vars:
AIRFLOW_CTX_DAG_OWNER=airflow
AIRFLOW_CTX_DAG_ID=data_pipeline
AIRFLOW_CTX_TASK_ID=tweets_to_es
AIRFLOW_CTX_EXECUTION_DATE=2022-06-08T09:33:00+00:00
AIRFLOW_CTX_TRY_NUMBER=1
AIRFLOW_CTX_DAG_RUN_ID=scheduled__2022-06-08T09:33:00+00:00
[2022-06-08 10:36:03,096] {twitter.py:696} INFO - Retrieving scroll page None
[2022-06-08 10:36:03,096] {twitter.py:626} INFO - Retrieving guest token
[2022-06-08 10:36:03,098] {base.py:171} INFO - Retrieving https://twitter.com/search?f=live&lang=en&q=near%3AParis+since%3A1654680780+until%3A1654680960&src=spelling_expansion_revert_click
[2022-06-08 10:36:03,670] {base.py:189} INFO - Retrieved https://twitter.com/search?f=live&lang=en&q=near%3AParis+since%3A1654680780+until%3A1654680960&src=spelling_expansion_revert_click: 200
[2022-06-08 10:36:03,673] {base.py:171} INFO - Retrieving https://api.twitter.com/2/search/adaptive.json?include_profile_interstitial_type=1&include_blocking=1&include_blocked_by=1&include_followed_by=1&include_want_retweets=1&include_mute_edge=1&include_can_dm=1&include_can_media_tag=1&skip_status=1&cards_platform=Web-12&include_cards=1&include_ext_alt_text=true&include_quote_count=true&include_reply_count=1&tweet_mode=extended&include_entities=true&include_user_entities=true&include_ext_media_color=true&include_ext_media_availability=true&send_error_codes=true&simple_quoted_tweets=true&q=near%3AParis+since%3A1654680780+until%3A1654680960&tweet_search_mode=live&count=100&query_source=spelling_expansion_revert_click&pc=1&spelling_corrections=1&ext=mediaStats%2ChighlightedLabel
[2022-06-08 10:36:04,563] {base.py:189} INFO - Retrieved https://api.twitter.com/2/search/adaptive.json?include_profile_interstitial_type=1&include_blocking=1&include_blocked_by=1&include_followed_by=1&include_want_retweets=1&include_mute_edge=1&include_can_dm=1&include_can_media_tag=1&skip_status=1&cards_platform=Web-12&include_cards=1&include_ext_alt_text=true&include_quote_count=true&include_reply_count=1&tweet_mode=extended&include_entities=true&include_user_entities=true&include_ext_media_color=true&include_ext_media_availability=true&send_error_codes=true&simple_quoted_tweets=true&q=near%3AParis+since%3A1654680780+until%3A1654680960&tweet_search_mode=live&count=100&query_source=spelling_expansion_revert_click&pc=1&spelling_corrections=1&ext=mediaStats%2ChighlightedLabel: 200
[2022-06-08 10:36:04,951] {logging_mixin.py:115} INFO - {'id': 1534469274860937218, 'username': 'EliseFrank', 'tweet_date': datetime.datetime(2022, 6, 8, 9, 35, 58, tzinfo=datetime.timezone.utc), 'tweet_content': "@ReQuiEM_Evil @lesperlesdu15 T'as eu raison de rentrer. Ca va mieux aujourd'hui ?", 'likes_count': 0, 'tweet_url': 'https://twitter.com/EliseFrank/status/1534469274860937218', 'tweet_lang': 'fr'}
[2022-06-08 10:36:04,987] {_transport.py:336} INFO - PUT http://localhost:9200/my_index/_doc/1534469274860937218 [status:201 duration:0.035s]
[2022-06-08 10:36:05,035] {logging_mixin.py:115} INFO - {'id': 1534469271958560768, 'username': 'AgatheLambret', 'tweet_date': datetime.datetime(2022, 6, 8, 9, 35, 58, tzinfo=datetime.timezone.utc), 'tweet_content': 'La Nouvelle République parle aussi de L’Etrange victoire avec @LouisHausalter aux @EdLObservatoire, cc @christreporter : https://t.co/7GzBQqilpG', 'likes_count': 0, 'tweet_url': 'https://twitter.com/AgatheLambret/status/1534469271958560768', 'tweet_lang': 'fr'}
[2022-06-08 10:36:05,042] {_transport.py:336} INFO - PUT http://localhost:9200/my_index/_doc/1534469271958560768 [status:201 duration:0.007s]
[2022-06-08 10:36:05,047] {logging_mixin.py:115} INFO - {'id': 1534469269840347136, 'username': 'lemotel', 'tweet_date': datetime.datetime(2022, 6, 8, 9, 35, 57, tzinfo=datetime.timezone.utc), 'tweet_content': '@SeriousCharly @Guy__Moux Bonjour, ce compte est géré à 4 mains par Raphaël Enthoven et Didier Tholot, cordialement', 'likes_count': 0, 'tweet_url': 'https://twitter.com/lemotel/status/1534469269840347136', 'tweet_lang': 'fr'}
[2022-06-08 10:36:05,055] {_transport.py:336} INFO - PUT http://localhost:9200/my_index/_doc/1534469269840347136 [status:201 duration:0.008s]
[2022-06-08 10:36:05,061] {logging_mixin.py:115} INFO - {'id': 1534469269265817600, 'username': 'virtualgie', 'tweet_date': datetime.datetime(2022, 6, 8, 9, 35, 57, tzinfo=datetime.timezone.utc), 'tweet_content': 'On appelle les gens à 7:30 du matin????', 'likes_count': 0, 'tweet_url': 'https://twitter.com/virtualgie/status/1534469269265817600', 'tweet_lang': 'fr'}
[2022-06-08 10:36:05,069] {_transport.py:336} INFO - PUT http://localhost:9200/my_index/_doc/1534469269265817600 [status:201 duration:0.007s]
[2022-06-08 10:36:05,098] {logging_mixin.py:115} INFO - {'id': 1534469264979148800, 'username': 'Emilie__PELTIER', 'tweet_date': datetime.datetime(2022, 6, 8, 9, 35, 56, tzinfo=datetime.timezone.utc), 'tweet_content': '@conileetmax @JonFromParis @virinparis @Patrick__Olson @CocoMondor @citoyen_auteuil @SaccageParisOff @al_jiaan @parissansenfant @JusquMer @LariboisiereGDN @gloupsback @GDarmanin @benjaminhaddad @LaREM_AN @fszpiner @75020_fluctuat @TibaldoOfficial @SoleilN55311504 Oui et on sait très bien de qui vous parlez.', 'likes_count': 0, 'tweet_url': 'https://twitter.com/Emilie__PELTIER/status/1534469264979148800', 'tweet_lang': 'fr'}
[2022-06-08 10:36:05,106] {_transport.py:336} INFO - PUT http://localhost:9200/my_index/_doc/1534469264979148800 [status:201 duration:0.007s]
[2022-06-08 10:36:05,111] {logging_mixin.py:115} INFO - {'id': 1534469264622731265, 'username': 'canarite1', 'tweet_date': datetime.datetime(2022, 6, 8, 9, 35, 56, tzinfo=datetime.timezone.utc), 'tweet_content': 'Hérouville Saint-Clair\xa0(14): un clandestin marocain aux multiples identités, jette son dévolu sur une femme, la harcèle et menace «\xa0Je vais t’égorger contre un arbre devant l’école de tes enfants\xa0» https://t.co/z2b4Pa3OHi', 'likes_count': 0, 'tweet_url': 'https://twitter.com/canarite1/status/1534469264622731265', 'tweet_lang': 'fr'}
[2022-06-08 10:36:05,119] {_transport.py:336} INFO - PUT http://localhost:9200/my_index/_doc/1534469264622731265 [status:201 duration:0.008s]
[2022-06-08 10:36:05,189] {logging_mixin.py:115} INFO - {'id': 1534469260109660160, 'username': 'MALIKA30_11', 'tweet_date': datetime.datetime(2022, 6, 8, 9, 35, 55, tzinfo=datetime.timezone.utc), 'tweet_content': '@Namiiris Le 10 je voulais dire', 'likes_count': 0, 'tweet_url': 'https://twitter.com/MALIKA30_11/status/1534469260109660160', 'tweet_lang': 'fr'}
[2022-06-08 10:36:05,196] {_transport.py:336} INFO - PUT http://localhost:9200/my_index/_doc/1534469260109660160 [status:201 duration:0.006s]
[2022-06-08 10:36:05,221] {logging_mixin.py:115} INFO - {'id': 1534469258364829698, 'username': 'talkspirit', 'tweet_date': datetime.datetime(2022, 6, 8, 9, 35, 54, tzinfo=datetime.timezone.utc), 'tweet_content': 'Nous sommes TRÈS fiers : pour la 2ème année consécutive, nous recevons le Prix des Cas d\'Or du Service Public du Numérique, dans la catégorie "Digital Workplace" 🏆, pour notre projet avec l\'@Armlidf (Association Régionale des Missions Locales d\'Ile-de-France).\n\nMERCI 🙏 https://t.co/Mq41tbFUEb', 'likes_count': 0, 'tweet_url': 'https://twitter.com/talkspirit/status/1534469258364829698', 'tweet_lang': 'fr'}
[2022-06-08 10:36:05,229] {_transport.py:336} INFO - PUT http://localhost:9200/my_index/_doc/1534469258364829698 [status:201 duration:0.008s]
[2022-06-08 10:36:05,234] {twitter.py:696} INFO - Retrieving scroll page scroll:thGAVUV0VFVBaCgLGNmOrDyyoWgICxwbPrw8sqEnEV8IV6FYCJehgHREVGQVVMVDUBFQAVAAA=
[2022-06-08 10:36:05,236] {base.py:171} INFO - Retrieving https://api.twitter.com/2/search/adaptive.json?include_profile_interstitial_type=1&include_blocking=1&include_blocked_by=1&include_followed_by=1&include_want_retweets=1&include_mute_edge=1&include_can_dm=1&include_can_media_tag=1&skip_status=1&cards_platform=Web-12&include_cards=1&include_ext_alt_text=true&include_quote_count=true&include_reply_count=1&tweet_mode=extended&include_entities=true&include_user_entities=true&include_ext_media_color=true&include_ext_media_availability=true&send_error_codes=true&simple_quoted_tweets=true&q=near%3AParis+since%3A1654680780+until%3A1654680960&tweet_search_mode=live&count=100&query_source=spelling_expansion_revert_click&cursor=scroll%3AthGAVUV0VFVBaCgLGNmOrDyyoWgICxwbPrw8sqEnEV8IV6FYCJehgHREVGQVVMVDUBFQAVAAA%3D&pc=1&spelling_corrections=1&ext=mediaStats%2ChighlightedLabel
[2022-06-08 10:36:05,857] {base.py:189} INFO - Retrieved https://api.twitter.com/2/search/adaptive.json?include_profile_interstitial_type=1&include_blocking=1&include_blocked_by=1&include_followed_by=1&include_want_retweets=1&include_mute_edge=1&include_can_dm=1&include_can_media_tag=1&skip_status=1&cards_platform=Web-12&include_cards=1&include_ext_alt_text=true&include_quote_count=true&include_reply_count=1&tweet_mode=extended&include_entities=true&include_user_entities=true&include_ext_media_color=true&include_ext_media_availability=true&send_error_codes=true&simple_quoted_tweets=true&q=near%3AParis+since%3A1654680780+until%3A1654680960&tweet_search_mode=live&count=100&query_source=spelling_expansion_revert_click&cursor=scroll%3AthGAVUV0VFVBaCgLGNmOrDyyoWgICxwbPrw8sqEnEV8IV6FYCJehgHREVGQVVMVDUBFQAVAAA%3D&pc=1&spelling_corrections=1&ext=mediaStats%2ChighlightedLabel: 200
[2022-06-08 10:36:05,948] {logging_mixin.py:115} INFO - {'id': 1534469254958940160, 'username': 'JohnJohnPointFR', 'tweet_date': datetime.datetime(2022, 6, 8, 9, 35, 54, tzinfo=datetime.timezone.utc), 'tweet_content': '@acupoftim Tu vas rire, ya UN mec qui dit "ok t\'as raison" (se trompant, donc) et c\'est le SEUL tweet auquel il répond etc hahaha\n\nAUCUNE réponse ne montrant tous les exemples de marketing religieux dans Marvel ne semblent lui arriver devant les yeux hahaha c\'est trop trop bizarre', 'likes_count': 0, 'tweet_url': 'https://twitter.com/JohnJohnPointFR/status/1534469254958940160', 'tweet_lang': 'fr'}
[2022-06-08 10:36:05,962] {_transport.py:336} INFO - PUT http://localhost:9200/my_index/_doc/1534469254958940160 [status:201 duration:0.014s]
[2022-06-08 10:36:06,006] {logging_mixin.py:115} INFO - {'id': 1534469253713301505, 'username': 'MarieCPalot', 'tweet_date': datetime.datetime(2022, 6, 8, 9, 35, 53, tzinfo=datetime.timezone.utc), 'tweet_content': "C'ÉTAIT UN KYSTE GG ! on essaie de le percer régulièrement depuis 3 ans, de fabuleux souvenirs. Il nous manquera c'était un peu comme un ami de la famille \n\nBon appétit btw", 'likes_count': 0, 'tweet_url': 'https://twitter.com/MarieCPalot/status/1534469253713301505', 'tweet_lang': 'fr'}
[2022-06-08 10:36:06,017] {_transport.py:336} INFO - PUT http://localhost:9200/my_index/_doc/1534469253713301505 [status:201 duration:0.011s]
[2022-06-08 10:36:06,063] {logging_mixin.py:115} INFO - {'id': 1534469253390295040, 'username': 'necrolimbe', 'tweet_date': datetime.datetime(2022, 6, 8, 9, 35, 53, tzinfo=datetime.timezone.utc), 'tweet_content': 'Nan c’est bon je veux trop un lecteur de vinyles let me get on amazon réellement rapidement', 'likes_count': 0, 'tweet_url': 'https://twitter.com/necrolimbe/status/1534469253390295040', 'tweet_lang': 'fr'}
[2022-06-08 10:36:06,072] {_transport.py:336} INFO - PUT http://localhost:9200/my_index/_doc/1534469253390295040 [status:201 duration:0.009s]
[2022-06-08 10:36:06,086] {logging_mixin.py:115} INFO - {'id': 1534469253029584896, 'username': 'Stef_Burlot', 'tweet_date': datetime.datetime(2022, 6, 8, 9, 35, 53, tzinfo=datetime.timezone.utc), 'tweet_content': 'Déconjugaison de l’Allocation adulte handicapé du salaire du conjoint, «\xa0Macron a évoqué le sujet pendant la campagne présidentielle\xa0» selon E. Borne.\nMais en décembre 2021, LREM votait contre. Le foutage de gueule intersidéral. \nhttps://t.co/apJcsgALzl https://t.co/uTh2hpLbZ1', 'likes_count': 0, 'tweet_url': 'https://twitter.com/Stef_Burlot/status/1534469253029584896', 'tweet_lang': 'fr'}
[2022-06-08 10:36:06,097] {_transport.py:336} INFO - PUT http://localhost:9200/my_index/_doc/1534469253029584896 [status:201 duration:0.010s]
[2022-06-08 10:36:06,113] {logging_mixin.py:115} INFO - {'id': 1534469251372830721, 'username': 'moussa7837', 'tweet_date': datetime.datetime(2022, 6, 8, 9, 35, 53, tzinfo=datetime.timezone.utc), 'tweet_content': '@SatoruuSzn Floque Ansu ou araujo  vieux fou', 'likes_count': 0, 'tweet_url': 'https://twitter.com/moussa7837/status/1534469251372830721', 'tweet_lang': 'fr'}
[2022-06-08 10:36:06,122] {_transport.py:336} INFO - PUT http://localhost:9200/my_index/_doc/1534469251372830721 [status:201 duration:0.008s]
[2022-06-08 10:36:06,201] {logging_mixin.py:115} INFO - {'id': 1534469248222957569, 'username': 'bxlmetaverse', 'tweet_date': datetime.datetime(2022, 6, 8, 9, 35, 52, tzinfo=datetime.timezone.utc), 'tweet_content': '@GeorgesDuroyJr Tu ne gagneras jamais au loto aussi en passant mais oui je te laisse rêver en paix cher ami', 'likes_count': 0, 'tweet_url': 'https://twitter.com/bxlmetaverse/status/1534469248222957569', 'tweet_lang': 'fr'}
[2022-06-08 10:36:06,209] {_transport.py:336} INFO - PUT http://localhost:9200/my_index/_doc/1534469248222957569 [status:201 duration:0.008s]
[2022-06-08 10:36:06,226] {logging_mixin.py:115} INFO - {'id': 1534469243626037248, 'username': 'cburnierzink', 'tweet_date': datetime.datetime(2022, 6, 8, 9, 35, 51, tzinfo=datetime.timezone.utc), 'tweet_content': "Le #StudioCMIMedia fait son show(reel) ! \nVidéos, podcasts, backstages, reportages : des contenus variés et audacieux, à l'image de chaque annonceur. Découvrez notre showreel : https://t.co/dhpcdtxU4i https://t.co/SkKB39nh8Z", 'likes_count': 0, 'tweet_url': 'https://twitter.com/cburnierzink/status/1534469243626037248', 'tweet_lang': 'fr'}
[2022-06-08 10:36:06,233] {_transport.py:336} INFO - PUT http://localhost:9200/my_index/_doc/1534469243626037248 [status:201 duration:0.006s]
[2022-06-08 10:36:06,276] {logging_mixin.py:115} INFO - {'id': 1534469241457496065, 'username': 'CarcenacPaul1', 'tweet_date': datetime.datetime(2022, 6, 8, 9, 35, 50, tzinfo=datetime.timezone.utc), 'tweet_content': "Notre palmarès 2022 des pays où partir vivre à l'heure de la retraite par @MartiBlancho  https://t.co/etIwYpcZ92", 'likes_count': 0, 'tweet_url': 'https://twitter.com/CarcenacPaul1/status/1534469241457496065', 'tweet_lang': 'fr'}
[2022-06-08 10:36:06,285] {_transport.py:336} INFO - PUT http://localhost:9200/my_index/_doc/1534469241457496065 [status:201 duration:0.008s]
[2022-06-08 10:36:06,285] {twitter.py:696} INFO - Retrieving scroll page scroll:thGAVUV0VFVBaCwLL9pOnDyyoWgICxwbPrw8sqEnEV4IJ6FYCJehgHREVGQVVMVDUBFQIVAAA=
[2022-06-08 10:36:06,288] {base.py:171} INFO - Retrieving https://api.twitter.com/2/search/adaptive.json?include_profile_interstitial_type=1&include_blocking=1&include_blocked_by=1&include_followed_by=1&include_want_retweets=1&include_mute_edge=1&include_can_dm=1&include_can_media_tag=1&skip_status=1&cards_platform=Web-12&include_cards=1&include_ext_alt_text=true&include_quote_count=true&include_reply_count=1&tweet_mode=extended&include_entities=true&include_user_entities=true&include_ext_media_color=true&include_ext_media_availability=true&send_error_codes=true&simple_quoted_tweets=true&q=near%3AParis+since%3A1654680780+until%3A1654680960&tweet_search_mode=live&count=100&query_source=spelling_expansion_revert_click&cursor=scroll%3AthGAVUV0VFVBaCwLL9pOnDyyoWgICxwbPrw8sqEnEV4IJ6FYCJehgHREVGQVVMVDUBFQIVAAA%3D&pc=1&spelling_corrections=1&ext=mediaStats%2ChighlightedLabel
[2022-06-08 10:36:06,879] {base.py:189} INFO - Retrieved https://api.twitter.com/2/search/adaptive.json?include_profile_interstitial_type=1&include_blocking=1&include_blocked_by=1&include_followed_by=1&include_want_retweets=1&include_mute_edge=1&include_can_dm=1&include_can_media_tag=1&skip_status=1&cards_platform=Web-12&include_cards=1&include_ext_alt_text=true&include_quote_count=true&include_reply_count=1&tweet_mode=extended&include_entities=true&include_user_entities=true&include_ext_media_color=true&include_ext_media_availability=true&send_error_codes=true&simple_quoted_tweets=true&q=near%3AParis+since%3A1654680780+until%3A1654680960&tweet_search_mode=live&count=100&query_source=spelling_expansion_revert_click&cursor=scroll%3AthGAVUV0VFVBaCwLL9pOnDyyoWgICxwbPrw8sqEnEV4IJ6FYCJehgHREVGQVVMVDUBFQIVAAA%3D&pc=1&spelling_corrections=1&ext=mediaStats%2ChighlightedLabel: 200
[2022-06-08 10:36:06,905] {logging_mixin.py:115} INFO - {'id': 1534469235728125953, 'username': 'NetinobyWebhelp', 'tweet_date': datetime.datetime(2022, 6, 8, 9, 35, 49, tzinfo=datetime.timezone.utc), 'tweet_content': '[ACTU] 🌐📱Le secteur des jeux mobile est une pleine explosion ces dernières années. En effet les gens utilisent quotidiennement et en volume d’heures importante leur téléphone. \nPlus d’infos ici ⬇️\n\n&gt;&gt; https://t.co/gHtzQU9QHy &lt;&lt;', 'likes_count': 0, 'tweet_url': 'https://twitter.com/NetinobyWebhelp/status/1534469235728125953', 'tweet_lang': 'fr'}
[2022-06-08 10:36:06,911] {_transport.py:336} INFO - PUT http://localhost:9200/my_index/_doc/1534469235728125953 [status:201 duration:0.006s]
[2022-06-08 10:36:06,917] {logging_mixin.py:115} INFO - {'id': 1534469234813804544, 'username': 'Ivision_info', 'tweet_date': datetime.datetime(2022, 6, 8, 9, 35, 49, tzinfo=datetime.timezone.utc), 'tweet_content': 'Phishing : LinkedIn concentre plus de la moitié des tentatives dans le monde https://t.co/4jB2Ceacwj', 'likes_count': 0, 'tweet_url': 'https://twitter.com/Ivision_info/status/1534469234813804544', 'tweet_lang': 'fr'}
[2022-06-08 10:36:06,924] {_transport.py:336} INFO - PUT http://localhost:9200/my_index/_doc/1534469234813804544 [status:201 duration:0.006s]
[2022-06-08 10:36:06,939] {logging_mixin.py:115} INFO - {'id': 1534469228518162433, 'username': 'PSGBOG', 'tweet_date': datetime.datetime(2022, 6, 8, 9, 35, 47, tzinfo=datetime.timezone.utc), 'tweet_content': '@Antoineptt5 @lunette2skiiii @Abrahamsichel1 @Qatari Tu n’a pas compris le mot «\xa0jeune\xa0» je pense frero', 'likes_count': 0, 'tweet_url': 'https://twitter.com/PSGBOG/status/1534469228518162433', 'tweet_lang': 'fr'}
[2022-06-08 10:36:06,946] {_transport.py:336} INFO - PUT http://localhost:9200/my_index/_doc/1534469228518162433 [status:201 duration:0.006s]
[2022-06-08 10:36:06,954] {logging_mixin.py:115} INFO - {'id': 1534469228513972224, 'username': 'LeClarence_', 'tweet_date': datetime.datetime(2022, 6, 8, 9, 35, 47, tzinfo=datetime.timezone.utc), 'tweet_content': 'Coucou R9 Moments \U0001fae1🇧🇷\n\nhttps://t.co/5lZp9v0whI', 'likes_count': 1, 'tweet_url': 'https://twitter.com/LeClarence_/status/1534469228513972224', 'tweet_lang': 'en'}
[2022-06-08 10:36:06,961] {_transport.py:336} INFO - PUT http://localhost:9200/my_index/_doc/1534469228513972224 [status:201 duration:0.007s]
[2022-06-08 10:36:06,981] {logging_mixin.py:115} INFO - {'id': 1534469225124876289, 'username': 'Salamandredu94', 'tweet_date': datetime.datetime(2022, 6, 8, 9, 35, 46, tzinfo=datetime.timezone.utc), 'tweet_content': '@massil_d On va juste prendre l’exemple du sponsoring maillot siemens qui valaient 14M/an aujourd’hui avec fly emirates le real prend 70-75M/an', 'likes_count': 0, 'tweet_url': 'https://twitter.com/Salamandredu94/status/1534469225124876289', 'tweet_lang': 'fr'}
[2022-06-08 10:36:06,987] {_transport.py:336} INFO - PUT http://localhost:9200/my_index/_doc/1534469225124876289 [status:201 duration:0.006s]
[2022-06-08 10:36:06,998] {logging_mixin.py:115} INFO - {'id': 1534469224659402753, 'username': 'LNaufrages', 'tweet_date': datetime.datetime(2022, 6, 8, 9, 35, 46, tzinfo=datetime.timezone.utc), 'tweet_content': '@maxy_ytb Hbb à ce bg de mamy notre futur twitch partenaire numéro 1 🥳', 'likes_count': 0, 'tweet_url': 'https://twitter.com/LNaufrages/status/1534469224659402753', 'tweet_lang': 'fr'}
[2022-06-08 10:36:07,004] {_transport.py:336} INFO - PUT http://localhost:9200/my_index/_doc/1534469224659402753 [status:201 duration:0.006s]
[2022-06-08 10:36:07,009] {logging_mixin.py:115} INFO - {'id': 1534469223577227264, 'username': 'sibyllete', 'tweet_date': datetime.datetime(2022, 6, 8, 9, 35, 46, tzinfo=datetime.timezone.utc), 'tweet_content': 'J’espère ne pas rater le 666,66k 😈 https://t.co/TIM5HSTBSW', 'likes_count': 0, 'tweet_url': 'https://twitter.com/sibyllete/status/1534469223577227264', 'tweet_lang': 'fr'}
[2022-06-08 10:36:07,014] {_transport.py:336} INFO - PUT http://localhost:9200/my_index/_doc/1534469223577227264 [status:201 duration:0.006s]
[2022-06-08 10:36:07,019] {python.py:173} INFO - Done. Returned value was: None
[2022-06-08 10:36:07,122] {taskinstance.py:1396} INFO - Marking task as SUCCESS. dag_id=data_pipeline, task_id=tweets_to_es, execution_date=20220608T093300, start_date=20220608T093602, end_date=20220608T093607
[2022-06-08 10:36:07,160] {local_task_job.py:156} INFO - Task exited with return code 0
[2022-06-08 10:36:07,177] {local_task_job.py:273} INFO - 0 downstream tasks scheduled from follow-on schedule check
