[2022-06-08 12:18:03,126] {taskinstance.py:1160} INFO - Dependencies all met for <TaskInstance: data_pipeline.tweets_to_es scheduled__2022-06-08T11:15:00+00:00 [queued]>
[2022-06-08 12:18:03,131] {taskinstance.py:1160} INFO - Dependencies all met for <TaskInstance: data_pipeline.tweets_to_es scheduled__2022-06-08T11:15:00+00:00 [queued]>
[2022-06-08 12:18:03,132] {taskinstance.py:1357} INFO - 
--------------------------------------------------------------------------------
[2022-06-08 12:18:03,132] {taskinstance.py:1358} INFO - Starting attempt 1 of 1
[2022-06-08 12:18:03,132] {taskinstance.py:1359} INFO - 
--------------------------------------------------------------------------------
[2022-06-08 12:18:03,143] {taskinstance.py:1378} INFO - Executing <Task(PythonOperator): tweets_to_es> on 2022-06-08 11:15:00+00:00
[2022-06-08 12:18:03,145] {standard_task_runner.py:52} INFO - Started process 18594 to run task
[2022-06-08 12:18:03,148] {standard_task_runner.py:79} INFO - Running: ['airflow', 'tasks', 'run', 'data_pipeline', 'tweets_to_es', 'scheduled__2022-06-08T11:15:00+00:00', '--job-id', '12', '--raw', '--subdir', 'DAGS_FOLDER/airfow_es.py', '--cfg-path', '/tmp/tmpm7e_d6dw', '--error-file', '/tmp/tmpaqq0s6ac']
[2022-06-08 12:18:03,149] {standard_task_runner.py:80} INFO - Job 12: Subtask tweets_to_es
[2022-06-08 12:18:03,181] {task_command.py:370} INFO - Running <TaskInstance: data_pipeline.tweets_to_es scheduled__2022-06-08T11:15:00+00:00 [running]> on host oury-Tp
[2022-06-08 12:18:03,223] {taskinstance.py:1570} INFO - Exporting the following env vars:
AIRFLOW_CTX_DAG_OWNER=airflow
AIRFLOW_CTX_DAG_ID=data_pipeline
AIRFLOW_CTX_TASK_ID=tweets_to_es
AIRFLOW_CTX_EXECUTION_DATE=2022-06-08T11:15:00+00:00
AIRFLOW_CTX_TRY_NUMBER=1
AIRFLOW_CTX_DAG_RUN_ID=scheduled__2022-06-08T11:15:00+00:00
[2022-06-08 12:18:03,225] {twitter.py:696} INFO - Retrieving scroll page None
[2022-06-08 12:18:03,225] {twitter.py:626} INFO - Retrieving guest token
[2022-06-08 12:18:03,226] {base.py:171} INFO - Retrieving https://twitter.com/search?f=live&lang=en&q=near%3AParis+since%3A1654686900+until%3A1654687080&src=spelling_expansion_revert_click
[2022-06-08 12:18:03,898] {base.py:189} INFO - Retrieved https://twitter.com/search?f=live&lang=en&q=near%3AParis+since%3A1654686900+until%3A1654687080&src=spelling_expansion_revert_click: 200
[2022-06-08 12:18:03,901] {base.py:171} INFO - Retrieving https://api.twitter.com/2/search/adaptive.json?include_profile_interstitial_type=1&include_blocking=1&include_blocked_by=1&include_followed_by=1&include_want_retweets=1&include_mute_edge=1&include_can_dm=1&include_can_media_tag=1&skip_status=1&cards_platform=Web-12&include_cards=1&include_ext_alt_text=true&include_quote_count=true&include_reply_count=1&tweet_mode=extended&include_entities=true&include_user_entities=true&include_ext_media_color=true&include_ext_media_availability=true&send_error_codes=true&simple_quoted_tweets=true&q=near%3AParis+since%3A1654686900+until%3A1654687080&tweet_search_mode=live&count=100&query_source=spelling_expansion_revert_click&pc=1&spelling_corrections=1&ext=mediaStats%2ChighlightedLabel
[2022-06-08 12:18:04,798] {base.py:189} INFO - Retrieved https://api.twitter.com/2/search/adaptive.json?include_profile_interstitial_type=1&include_blocking=1&include_blocked_by=1&include_followed_by=1&include_want_retweets=1&include_mute_edge=1&include_can_dm=1&include_can_media_tag=1&skip_status=1&cards_platform=Web-12&include_cards=1&include_ext_alt_text=true&include_quote_count=true&include_reply_count=1&tweet_mode=extended&include_entities=true&include_user_entities=true&include_ext_media_color=true&include_ext_media_availability=true&send_error_codes=true&simple_quoted_tweets=true&q=near%3AParis+since%3A1654686900+until%3A1654687080&tweet_search_mode=live&count=100&query_source=spelling_expansion_revert_click&pc=1&spelling_corrections=1&ext=mediaStats%2ChighlightedLabel: 200
[2022-06-08 12:18:05,173] {logging_mixin.py:115} INFO - {'id': 1534494948086714368, 'username': 'Jannnanas', 'tweet_date': datetime.datetime(2022, 6, 8, 11, 17, 59, tzinfo=datetime.timezone.utc), 'tweet_content': "@DenisPayre @JLMelenchon Vous devez être proche des 1% les plus riches pour avoir ainsi peur des hausses d'impôts de la #NUPES car pour l'écrasante majorité des français les impôts baisseront !", 'likes_count': 0, 'tweet_url': 'https://twitter.com/Jannnanas/status/1534494948086714368', 'tweet_lang': 'fr'}
[2022-06-08 12:18:05,174] {_transport.py:359} INFO - PUT http://localhost:9200/my_index/_doc/1534494948086714368 [status:N/A duration:0.001s]
[2022-06-08 12:18:05,174] {_node_pool.py:246} WARNING - Node <Urllib3HttpNode(http://localhost:9200)> has failed for 1 times in a row, putting on 1 second timeout
[2022-06-08 12:18:05,174] {_transport.py:396} WARNING - Retrying request after failure (attempt 0 of 3)
Traceback (most recent call last):
  File "/home/oury/.local/lib/python3.10/site-packages/elastic_transport/_transport.py", line 329, in perform_request
    meta, raw_data = node.perform_request(
  File "/home/oury/.local/lib/python3.10/site-packages/elastic_transport/_node/_http_urllib3.py", line 199, in perform_request
    raise err from None
elastic_transport.ConnectionError: Connection error caused by: NewConnectionError(<urllib3.connection.HTTPConnection object at 0x7fd00219f760>: Failed to establish a new connection: [Errno 111] Connection refused)
[2022-06-08 12:18:05,175] {_transport.py:359} INFO - PUT http://localhost:9200/my_index/_doc/1534494948086714368 [status:N/A duration:0.000s]
[2022-06-08 12:18:05,175] {_node_pool.py:246} WARNING - Node <Urllib3HttpNode(http://localhost:9200)> has failed for 2 times in a row, putting on 2 second timeout
[2022-06-08 12:18:05,175] {_transport.py:396} WARNING - Retrying request after failure (attempt 1 of 3)
Traceback (most recent call last):
  File "/home/oury/.local/lib/python3.10/site-packages/elastic_transport/_transport.py", line 329, in perform_request
    meta, raw_data = node.perform_request(
  File "/home/oury/.local/lib/python3.10/site-packages/elastic_transport/_node/_http_urllib3.py", line 199, in perform_request
    raise err from None
elastic_transport.ConnectionError: Connection error caused by: NewConnectionError(<urllib3.connection.HTTPConnection object at 0x7fcffcddd090>: Failed to establish a new connection: [Errno 111] Connection refused)
[2022-06-08 12:18:05,175] {_transport.py:359} INFO - PUT http://localhost:9200/my_index/_doc/1534494948086714368 [status:N/A duration:0.001s]
[2022-06-08 12:18:05,175] {_node_pool.py:246} WARNING - Node <Urllib3HttpNode(http://localhost:9200)> has failed for 3 times in a row, putting on 4 second timeout
[2022-06-08 12:18:05,175] {_transport.py:396} WARNING - Retrying request after failure (attempt 2 of 3)
Traceback (most recent call last):
  File "/home/oury/.local/lib/python3.10/site-packages/elastic_transport/_transport.py", line 329, in perform_request
    meta, raw_data = node.perform_request(
  File "/home/oury/.local/lib/python3.10/site-packages/elastic_transport/_node/_http_urllib3.py", line 199, in perform_request
    raise err from None
elastic_transport.ConnectionError: Connection error caused by: NewConnectionError(<urllib3.connection.HTTPConnection object at 0x7fcffcddd2a0>: Failed to establish a new connection: [Errno 111] Connection refused)
[2022-06-08 12:18:05,176] {_transport.py:359} INFO - PUT http://localhost:9200/my_index/_doc/1534494948086714368 [status:N/A duration:0.000s]
[2022-06-08 12:18:05,176] {_node_pool.py:246} WARNING - Node <Urllib3HttpNode(http://localhost:9200)> has failed for 4 times in a row, putting on 8 second timeout
[2022-06-08 12:18:05,178] {taskinstance.py:1890} ERROR - Task failed with exception
Traceback (most recent call last):
  File "/home/oury/.local/lib/python3.10/site-packages/airflow/operators/python.py", line 171, in execute
    return_value = self.execute_callable()
  File "/home/oury/.local/lib/python3.10/site-packages/airflow/operators/python.py", line 189, in execute_callable
    return self.python_callable(*self.op_args, **self.op_kwargs)
  File "/home/oury/airflow/dags/airfow_es.py", line 85, in tweet_to_es_func
    es.index(index=tweets_index, id=f'{tweet["id"]}', document=tweet)
  File "/home/oury/.local/lib/python3.10/site-packages/elasticsearch/_sync/client/utils.py", line 404, in wrapped
    return api(*args, **kwargs)
  File "/home/oury/.local/lib/python3.10/site-packages/elasticsearch/_sync/client/__init__.py", line 2217, in index
    return self.perform_request(  # type: ignore[return-value]
  File "/home/oury/.local/lib/python3.10/site-packages/elasticsearch/_sync/client/_base.py", line 286, in perform_request
    meta, resp_body = self.transport.perform_request(
  File "/home/oury/.local/lib/python3.10/site-packages/elastic_transport/_transport.py", line 329, in perform_request
    meta, raw_data = node.perform_request(
  File "/home/oury/.local/lib/python3.10/site-packages/elastic_transport/_node/_http_urllib3.py", line 199, in perform_request
    raise err from None
elastic_transport.ConnectionError: Connection error caused by: ConnectionError(Connection error caused by: NewConnectionError(<urllib3.connection.HTTPConnection object at 0x7fd00219f760>: Failed to establish a new connection: [Errno 111] Connection refused))
[2022-06-08 12:18:05,182] {taskinstance.py:1396} INFO - Marking task as FAILED. dag_id=data_pipeline, task_id=tweets_to_es, execution_date=20220608T111500, start_date=20220608T111803, end_date=20220608T111805
[2022-06-08 12:18:05,192] {standard_task_runner.py:92} ERROR - Failed to execute job 12 for task tweets_to_es (Connection error caused by: ConnectionError(Connection error caused by: NewConnectionError(<urllib3.connection.HTTPConnection object at 0x7fd00219f760>: Failed to establish a new connection: [Errno 111] Connection refused)); 18594)
[2022-06-08 12:18:05,206] {local_task_job.py:156} INFO - Task exited with return code 1
[2022-06-08 12:18:05,221] {local_task_job.py:273} INFO - 0 downstream tasks scheduled from follow-on schedule check
