[2022-07-30 19:37:54,196] {taskinstance.py:1160} INFO - Dependencies all met for <TaskInstance: data_pipeline.tweets_to_es scheduled__2022-07-30T16:52:00+00:00 [queued]>
[2022-07-30 19:37:54,201] {taskinstance.py:1160} INFO - Dependencies all met for <TaskInstance: data_pipeline.tweets_to_es scheduled__2022-07-30T16:52:00+00:00 [queued]>
[2022-07-30 19:37:54,201] {taskinstance.py:1357} INFO - 
--------------------------------------------------------------------------------
[2022-07-30 19:37:54,201] {taskinstance.py:1358} INFO - Starting attempt 1 of 1
[2022-07-30 19:37:54,201] {taskinstance.py:1359} INFO - 
--------------------------------------------------------------------------------
[2022-07-30 19:37:54,215] {taskinstance.py:1378} INFO - Executing <Task(PythonOperator): tweets_to_es> on 2022-07-30 16:52:00+00:00
[2022-07-30 19:37:54,217] {standard_task_runner.py:52} INFO - Started process 24925 to run task
[2022-07-30 19:37:54,220] {standard_task_runner.py:79} INFO - Running: ['airflow', 'tasks', 'run', 'data_pipeline', 'tweets_to_es', 'scheduled__2022-07-30T16:52:00+00:00', '--job-id', '32', '--raw', '--subdir', 'DAGS_FOLDER/airfow_es.py', '--cfg-path', '/tmp/tmpq1t3ninm', '--error-file', '/tmp/tmp06gsmy05']
[2022-07-30 19:37:54,221] {standard_task_runner.py:80} INFO - Job 32: Subtask tweets_to_es
[2022-07-30 19:37:54,253] {task_command.py:370} INFO - Running <TaskInstance: data_pipeline.tweets_to_es scheduled__2022-07-30T16:52:00+00:00 [running]> on host oury-Tp
[2022-07-30 19:37:54,296] {taskinstance.py:1570} INFO - Exporting the following env vars:
AIRFLOW_CTX_DAG_OWNER=airflow
AIRFLOW_CTX_DAG_ID=data_pipeline
AIRFLOW_CTX_TASK_ID=tweets_to_es
AIRFLOW_CTX_EXECUTION_DATE=2022-07-30T16:52:00+00:00
AIRFLOW_CTX_TRY_NUMBER=1
AIRFLOW_CTX_DAG_RUN_ID=scheduled__2022-07-30T16:52:00+00:00
[2022-07-30 19:37:54,298] {twitter.py:696} INFO - Retrieving scroll page None
[2022-07-30 19:37:54,298] {twitter.py:626} INFO - Retrieving guest token
[2022-07-30 19:37:54,299] {base.py:171} INFO - Retrieving https://twitter.com/search?f=live&lang=en&q=near%3AParis+since%3A1659199920+until%3A1659200160&src=spelling_expansion_revert_click
[2022-07-30 19:37:59,983] {base.py:189} INFO - Retrieved https://twitter.com/search?f=live&lang=en&q=near%3AParis+since%3A1659199920+until%3A1659200160&src=spelling_expansion_revert_click: 200
[2022-07-30 19:37:59,991] {base.py:171} INFO - Retrieving https://api.twitter.com/2/search/adaptive.json?include_profile_interstitial_type=1&include_blocking=1&include_blocked_by=1&include_followed_by=1&include_want_retweets=1&include_mute_edge=1&include_can_dm=1&include_can_media_tag=1&skip_status=1&cards_platform=Web-12&include_cards=1&include_ext_alt_text=true&include_quote_count=true&include_reply_count=1&tweet_mode=extended&include_entities=true&include_user_entities=true&include_ext_media_color=true&include_ext_media_availability=true&send_error_codes=true&simple_quoted_tweets=true&q=near%3AParis+since%3A1659199920+until%3A1659200160&tweet_search_mode=live&count=100&query_source=spelling_expansion_revert_click&pc=1&spelling_corrections=1&ext=mediaStats%2ChighlightedLabel
[2022-07-30 19:38:00,962] {base.py:189} INFO - Retrieved https://api.twitter.com/2/search/adaptive.json?include_profile_interstitial_type=1&include_blocking=1&include_blocked_by=1&include_followed_by=1&include_want_retweets=1&include_mute_edge=1&include_can_dm=1&include_can_media_tag=1&skip_status=1&cards_platform=Web-12&include_cards=1&include_ext_alt_text=true&include_quote_count=true&include_reply_count=1&tweet_mode=extended&include_entities=true&include_user_entities=true&include_ext_media_color=true&include_ext_media_availability=true&send_error_codes=true&simple_quoted_tweets=true&q=near%3AParis+since%3A1659199920+until%3A1659200160&tweet_search_mode=live&count=100&query_source=spelling_expansion_revert_click&pc=1&spelling_corrections=1&ext=mediaStats%2ChighlightedLabel: 200
[2022-07-30 19:38:01,660] {base.py:265} INFO - GET http://localhost:9200/ [status:200 request:0.102s]
[2022-07-30 19:38:01,715] {base.py:265} INFO - PUT http://localhost:9200/my_index/_doc/1553424175813066752 [status:201 request:0.054s]
[2022-07-30 19:38:01,743] {base.py:265} INFO - PUT http://localhost:9200/my_index/_doc/1553424173913055233 [status:201 request:0.017s]
[2022-07-30 19:38:01,775] {base.py:265} INFO - PUT http://localhost:9200/my_index/_doc/1553424172688236546 [status:201 request:0.012s]
[2022-07-30 19:38:01,799] {base.py:265} INFO - PUT http://localhost:9200/my_index/_doc/1553424171505524741 [status:201 request:0.014s]
[2022-07-30 19:38:01,826] {base.py:265} INFO - PUT http://localhost:9200/my_index/_doc/1553424170809266177 [status:201 request:0.012s]
[2022-07-30 19:38:01,851] {base.py:265} INFO - PUT http://localhost:9200/my_index/_doc/1553424170201059329 [status:201 request:0.011s]
[2022-07-30 19:38:01,886] {base.py:265} INFO - PUT http://localhost:9200/my_index/_doc/1553424170070990851 [status:201 request:0.020s]
[2022-07-30 19:38:01,907] {base.py:265} INFO - PUT http://localhost:9200/my_index/_doc/1553424168988934145 [status:201 request:0.014s]
[2022-07-30 19:38:01,934] {base.py:265} INFO - PUT http://localhost:9200/my_index/_doc/1553424168426868737 [status:201 request:0.018s]
[2022-07-30 19:38:01,961] {base.py:265} INFO - PUT http://localhost:9200/my_index/_doc/1553424166115745794 [status:201 request:0.022s]
[2022-07-30 19:38:02,008] {base.py:265} INFO - PUT http://localhost:9200/my_index/_doc/1553424165734064129 [status:201 request:0.033s]
[2022-07-30 19:38:02,101] {base.py:265} INFO - PUT http://localhost:9200/my_index/_doc/1553424165222359041 [status:201 request:0.048s]
[2022-07-30 19:38:02,207] {base.py:265} INFO - PUT http://localhost:9200/my_index/_doc/1553424160180822018 [status:201 request:0.011s]
[2022-07-30 19:38:02,227] {base.py:265} INFO - PUT http://localhost:9200/my_index/_doc/1553424158960353280 [status:201 request:0.006s]
[2022-07-30 19:38:02,247] {base.py:265} INFO - PUT http://localhost:9200/my_index/_doc/1553424158717083649 [status:201 request:0.006s]
[2022-07-30 19:38:02,248] {twitter.py:696} INFO - Retrieving scroll page scroll:thGAVUV0VFVBaCgLzd18LvjisWmoCw0eTD744rEnEV8IV6FYCJehgHREVGQVVMVDUBFQAVAAA=
[2022-07-30 19:38:02,263] {base.py:171} INFO - Retrieving https://api.twitter.com/2/search/adaptive.json?include_profile_interstitial_type=1&include_blocking=1&include_blocked_by=1&include_followed_by=1&include_want_retweets=1&include_mute_edge=1&include_can_dm=1&include_can_media_tag=1&skip_status=1&cards_platform=Web-12&include_cards=1&include_ext_alt_text=true&include_quote_count=true&include_reply_count=1&tweet_mode=extended&include_entities=true&include_user_entities=true&include_ext_media_color=true&include_ext_media_availability=true&send_error_codes=true&simple_quoted_tweets=true&q=near%3AParis+since%3A1659199920+until%3A1659200160&tweet_search_mode=live&count=100&query_source=spelling_expansion_revert_click&cursor=scroll%3AthGAVUV0VFVBaCgLzd18LvjisWmoCw0eTD744rEnEV8IV6FYCJehgHREVGQVVMVDUBFQAVAAA%3D&pc=1&spelling_corrections=1&ext=mediaStats%2ChighlightedLabel
[2022-07-30 19:38:03,026] {base.py:189} INFO - Retrieved https://api.twitter.com/2/search/adaptive.json?include_profile_interstitial_type=1&include_blocking=1&include_blocked_by=1&include_followed_by=1&include_want_retweets=1&include_mute_edge=1&include_can_dm=1&include_can_media_tag=1&skip_status=1&cards_platform=Web-12&include_cards=1&include_ext_alt_text=true&include_quote_count=true&include_reply_count=1&tweet_mode=extended&include_entities=true&include_user_entities=true&include_ext_media_color=true&include_ext_media_availability=true&send_error_codes=true&simple_quoted_tweets=true&q=near%3AParis+since%3A1659199920+until%3A1659200160&tweet_search_mode=live&count=100&query_source=spelling_expansion_revert_click&cursor=scroll%3AthGAVUV0VFVBaCgLzd18LvjisWmoCw0eTD744rEnEV8IV6FYCJehgHREVGQVVMVDUBFQAVAAA%3D&pc=1&spelling_corrections=1&ext=mediaStats%2ChighlightedLabel: 200
[2022-07-30 19:38:03,173] {base.py:265} INFO - PUT http://localhost:9200/my_index/_doc/1553424156338814979 [status:201 request:0.105s]
[2022-07-30 19:38:03,221] {base.py:265} INFO - PUT http://localhost:9200/my_index/_doc/1553424155424571392 [status:201 request:0.012s]
[2022-07-30 19:38:03,275] {base.py:265} INFO - PUT http://localhost:9200/my_index/_doc/1553424155210616832 [status:201 request:0.043s]
[2022-07-30 19:38:03,309] {base.py:265} INFO - PUT http://localhost:9200/my_index/_doc/1553424155051180033 [status:201 request:0.019s]
[2022-07-30 19:38:03,362] {base.py:265} INFO - PUT http://localhost:9200/my_index/_doc/1553424154145202177 [status:201 request:0.022s]
[2022-07-30 19:38:03,433] {base.py:265} INFO - PUT http://localhost:9200/my_index/_doc/1553424154044637184 [status:201 request:0.065s]
[2022-07-30 19:38:03,470] {base.py:265} INFO - PUT http://localhost:9200/my_index/_doc/1553424153373458432 [status:201 request:0.030s]
[2022-07-30 19:38:03,505] {base.py:265} INFO - PUT http://localhost:9200/my_index/_doc/1553424153151242240 [status:201 request:0.028s]
[2022-07-30 19:38:03,554] {base.py:265} INFO - PUT http://localhost:9200/my_index/_doc/1553424146452791298 [status:201 request:0.043s]
[2022-07-30 19:38:03,592] {base.py:265} INFO - PUT http://localhost:9200/my_index/_doc/1553424146276687872 [status:201 request:0.023s]
[2022-07-30 19:38:03,622] {base.py:265} INFO - PUT http://localhost:9200/my_index/_doc/1553424145509220352 [status:201 request:0.022s]
[2022-07-30 19:38:03,667] {base.py:265} INFO - PUT http://localhost:9200/my_index/_doc/1553424143403606016 [status:201 request:0.022s]
[2022-07-30 19:38:03,699] {base.py:265} INFO - PUT http://localhost:9200/my_index/_doc/1553424141981782017 [status:201 request:0.014s]
[2022-07-30 19:38:03,712] {base.py:265} INFO - PUT http://localhost:9200/my_index/_doc/1553424141717569539 [status:201 request:0.007s]
[2022-07-30 19:38:03,740] {base.py:265} INFO - PUT http://localhost:9200/my_index/_doc/1553424138873741315 [status:201 request:0.012s]
[2022-07-30 19:38:03,807] {base.py:265} INFO - PUT http://localhost:9200/my_index/_doc/1553424138034786305 [status:201 request:0.019s]
[2022-07-30 19:38:03,808] {twitter.py:696} INFO - Retrieving scroll page scroll:thGAVUV0VFVBaCwKXRvcHvjisWmoCw0eTD744rEnEV4IJ6FYCJehgHREVGQVVMVDUBFQIVAAA=
[2022-07-30 19:38:03,817] {base.py:171} INFO - Retrieving https://api.twitter.com/2/search/adaptive.json?include_profile_interstitial_type=1&include_blocking=1&include_blocked_by=1&include_followed_by=1&include_want_retweets=1&include_mute_edge=1&include_can_dm=1&include_can_media_tag=1&skip_status=1&cards_platform=Web-12&include_cards=1&include_ext_alt_text=true&include_quote_count=true&include_reply_count=1&tweet_mode=extended&include_entities=true&include_user_entities=true&include_ext_media_color=true&include_ext_media_availability=true&send_error_codes=true&simple_quoted_tweets=true&q=near%3AParis+since%3A1659199920+until%3A1659200160&tweet_search_mode=live&count=100&query_source=spelling_expansion_revert_click&cursor=scroll%3AthGAVUV0VFVBaCwKXRvcHvjisWmoCw0eTD744rEnEV4IJ6FYCJehgHREVGQVVMVDUBFQIVAAA%3D&pc=1&spelling_corrections=1&ext=mediaStats%2ChighlightedLabel
[2022-07-30 19:38:04,711] {base.py:189} INFO - Retrieved https://api.twitter.com/2/search/adaptive.json?include_profile_interstitial_type=1&include_blocking=1&include_blocked_by=1&include_followed_by=1&include_want_retweets=1&include_mute_edge=1&include_can_dm=1&include_can_media_tag=1&skip_status=1&cards_platform=Web-12&include_cards=1&include_ext_alt_text=true&include_quote_count=true&include_reply_count=1&tweet_mode=extended&include_entities=true&include_user_entities=true&include_ext_media_color=true&include_ext_media_availability=true&send_error_codes=true&simple_quoted_tweets=true&q=near%3AParis+since%3A1659199920+until%3A1659200160&tweet_search_mode=live&count=100&query_source=spelling_expansion_revert_click&cursor=scroll%3AthGAVUV0VFVBaCwKXRvcHvjisWmoCw0eTD744rEnEV4IJ6FYCJehgHREVGQVVMVDUBFQIVAAA%3D&pc=1&spelling_corrections=1&ext=mediaStats%2ChighlightedLabel: 200
[2022-07-30 19:38:04,791] {base.py:265} INFO - PUT http://localhost:9200/my_index/_doc/1553424135363055617 [status:201 request:0.042s]
[2022-07-30 19:38:04,817] {base.py:265} INFO - PUT http://localhost:9200/my_index/_doc/1553424134092324866 [status:201 request:0.018s]
[2022-07-30 19:38:04,915] {base.py:265} INFO - PUT http://localhost:9200/my_index/_doc/1553424117638074368 [status:201 request:0.024s]
[2022-07-30 19:38:04,940] {base.py:265} INFO - PUT http://localhost:9200/my_index/_doc/1553424116484636672 [status:201 request:0.017s]
[2022-07-30 19:38:04,967] {base.py:265} INFO - PUT http://localhost:9200/my_index/_doc/1553424115628900352 [status:201 request:0.013s]
[2022-07-30 19:38:05,035] {base.py:265} INFO - PUT http://localhost:9200/my_index/_doc/1553424109329154050 [status:201 request:0.023s]
[2022-07-30 19:38:05,058] {base.py:265} INFO - PUT http://localhost:9200/my_index/_doc/1553424108666474497 [status:201 request:0.012s]
[2022-07-30 19:38:05,177] {base.py:265} INFO - PUT http://localhost:9200/my_index/_doc/1553424107148025857 [status:201 request:0.010s]
[2022-07-30 19:38:05,206] {base.py:265} INFO - PUT http://localhost:9200/my_index/_doc/1553424106669965315 [status:201 request:0.017s]
[2022-07-30 19:38:05,259] {base.py:265} INFO - PUT http://localhost:9200/my_index/_doc/1553424106162356224 [status:201 request:0.011s]
[2022-07-30 19:38:05,287] {base.py:265} INFO - PUT http://localhost:9200/my_index/_doc/1553424105902333952 [status:201 request:0.020s]
[2022-07-30 19:38:05,307] {base.py:265} INFO - PUT http://localhost:9200/my_index/_doc/1553424104728006656 [status:201 request:0.013s]
[2022-07-30 19:38:05,307] {twitter.py:696} INFO - Retrieving scroll page scroll:thGAVUV0VFVBaAwLy9xb_vjisWmoCw0eTD744rEnEV0P95FYCJehgHREVGQVVMVDUBFQQVAAA=
[2022-07-30 19:38:05,319] {base.py:171} INFO - Retrieving https://api.twitter.com/2/search/adaptive.json?include_profile_interstitial_type=1&include_blocking=1&include_blocked_by=1&include_followed_by=1&include_want_retweets=1&include_mute_edge=1&include_can_dm=1&include_can_media_tag=1&skip_status=1&cards_platform=Web-12&include_cards=1&include_ext_alt_text=true&include_quote_count=true&include_reply_count=1&tweet_mode=extended&include_entities=true&include_user_entities=true&include_ext_media_color=true&include_ext_media_availability=true&send_error_codes=true&simple_quoted_tweets=true&q=near%3AParis+since%3A1659199920+until%3A1659200160&tweet_search_mode=live&count=100&query_source=spelling_expansion_revert_click&cursor=scroll%3AthGAVUV0VFVBaAwLy9xb_vjisWmoCw0eTD744rEnEV0P95FYCJehgHREVGQVVMVDUBFQQVAAA%3D&pc=1&spelling_corrections=1&ext=mediaStats%2ChighlightedLabel
[2022-07-30 19:38:05,963] {base.py:189} INFO - Retrieved https://api.twitter.com/2/search/adaptive.json?include_profile_interstitial_type=1&include_blocking=1&include_blocked_by=1&include_followed_by=1&include_want_retweets=1&include_mute_edge=1&include_can_dm=1&include_can_media_tag=1&skip_status=1&cards_platform=Web-12&include_cards=1&include_ext_alt_text=true&include_quote_count=true&include_reply_count=1&tweet_mode=extended&include_entities=true&include_user_entities=true&include_ext_media_color=true&include_ext_media_availability=true&send_error_codes=true&simple_quoted_tweets=true&q=near%3AParis+since%3A1659199920+until%3A1659200160&tweet_search_mode=live&count=100&query_source=spelling_expansion_revert_click&cursor=scroll%3AthGAVUV0VFVBaAwLy9xb_vjisWmoCw0eTD744rEnEV0P95FYCJehgHREVGQVVMVDUBFQQVAAA%3D&pc=1&spelling_corrections=1&ext=mediaStats%2ChighlightedLabel: 200
[2022-07-30 19:38:05,998] {base.py:265} INFO - PUT http://localhost:9200/my_index/_doc/1553424103943639042 [status:201 request:0.017s]
[2022-07-30 19:38:06,015] {base.py:265} INFO - PUT http://localhost:9200/my_index/_doc/1553424102215618563 [status:201 request:0.009s]
[2022-07-30 19:38:06,028] {base.py:265} INFO - PUT http://localhost:9200/my_index/_doc/1553424101728993281 [status:201 request:0.006s]
[2022-07-30 19:38:06,059] {base.py:265} INFO - PUT http://localhost:9200/my_index/_doc/1553424101259317248 [status:201 request:0.014s]
[2022-07-30 19:38:06,141] {base.py:265} INFO - PUT http://localhost:9200/my_index/_doc/1553424094858821634 [status:201 request:0.015s]
[2022-07-30 19:38:06,167] {base.py:265} INFO - PUT http://localhost:9200/my_index/_doc/1553424093256376321 [status:201 request:0.005s]
[2022-07-30 19:38:06,178] {base.py:265} INFO - PUT http://localhost:9200/my_index/_doc/1553424092581314560 [status:201 request:0.005s]
[2022-07-30 19:38:06,198] {base.py:265} INFO - PUT http://localhost:9200/my_index/_doc/1553424089704009728 [status:201 request:0.012s]
[2022-07-30 19:38:06,218] {base.py:265} INFO - PUT http://localhost:9200/my_index/_doc/1553424088915447814 [status:201 request:0.012s]
[2022-07-30 19:38:06,234] {base.py:265} INFO - PUT http://localhost:9200/my_index/_doc/1553424088617689088 [status:201 request:0.009s]
[2022-07-30 19:38:06,250] {base.py:265} INFO - PUT http://localhost:9200/my_index/_doc/1553424088068136960 [status:201 request:0.007s]
[2022-07-30 19:38:06,272] {base.py:265} INFO - PUT http://localhost:9200/my_index/_doc/1553424087631921152 [status:201 request:0.005s]
[2022-07-30 19:38:06,295] {base.py:265} INFO - PUT http://localhost:9200/my_index/_doc/1553424086814031875 [status:201 request:0.015s]
[2022-07-30 19:38:06,339] {base.py:265} INFO - PUT http://localhost:9200/my_index/_doc/1553424086101102594 [status:201 request:0.009s]
[2022-07-30 19:38:06,351] {base.py:265} INFO - PUT http://localhost:9200/my_index/_doc/1553424083806732288 [status:201 request:0.006s]
[2022-07-30 19:38:06,447] {base.py:265} INFO - PUT http://localhost:9200/my_index/_doc/1553424080547848192 [status:201 request:0.009s]
[2022-07-30 19:38:06,448] {twitter.py:696} INFO - Retrieving scroll page scroll:thGAVUV0VFVBaAgL2pkb7vjisWmoCw0eTD744rEnEVwPx5FYCJehgHREVGQVVMVDUBFQYVAAA=
[2022-07-30 19:38:06,458] {base.py:171} INFO - Retrieving https://api.twitter.com/2/search/adaptive.json?include_profile_interstitial_type=1&include_blocking=1&include_blocked_by=1&include_followed_by=1&include_want_retweets=1&include_mute_edge=1&include_can_dm=1&include_can_media_tag=1&skip_status=1&cards_platform=Web-12&include_cards=1&include_ext_alt_text=true&include_quote_count=true&include_reply_count=1&tweet_mode=extended&include_entities=true&include_user_entities=true&include_ext_media_color=true&include_ext_media_availability=true&send_error_codes=true&simple_quoted_tweets=true&q=near%3AParis+since%3A1659199920+until%3A1659200160&tweet_search_mode=live&count=100&query_source=spelling_expansion_revert_click&cursor=scroll%3AthGAVUV0VFVBaAgL2pkb7vjisWmoCw0eTD744rEnEVwPx5FYCJehgHREVGQVVMVDUBFQYVAAA%3D&pc=1&spelling_corrections=1&ext=mediaStats%2ChighlightedLabel
[2022-07-30 19:38:07,238] {base.py:189} INFO - Retrieved https://api.twitter.com/2/search/adaptive.json?include_profile_interstitial_type=1&include_blocking=1&include_blocked_by=1&include_followed_by=1&include_want_retweets=1&include_mute_edge=1&include_can_dm=1&include_can_media_tag=1&skip_status=1&cards_platform=Web-12&include_cards=1&include_ext_alt_text=true&include_quote_count=true&include_reply_count=1&tweet_mode=extended&include_entities=true&include_user_entities=true&include_ext_media_color=true&include_ext_media_availability=true&send_error_codes=true&simple_quoted_tweets=true&q=near%3AParis+since%3A1659199920+until%3A1659200160&tweet_search_mode=live&count=100&query_source=spelling_expansion_revert_click&cursor=scroll%3AthGAVUV0VFVBaAgL2pkb7vjisWmoCw0eTD744rEnEVwPx5FYCJehgHREVGQVVMVDUBFQYVAAA%3D&pc=1&spelling_corrections=1&ext=mediaStats%2ChighlightedLabel: 200
[2022-07-30 19:38:07,299] {base.py:265} INFO - PUT http://localhost:9200/my_index/_doc/1553424080367493121 [status:201 request:0.032s]
[2022-07-30 19:38:07,324] {base.py:265} INFO - PUT http://localhost:9200/my_index/_doc/1553424077997711361 [status:201 request:0.006s]
[2022-07-30 19:38:07,358] {base.py:265} INFO - PUT http://localhost:9200/my_index/_doc/1553424075468447750 [status:201 request:0.006s]
[2022-07-30 19:38:07,376] {base.py:265} INFO - PUT http://localhost:9200/my_index/_doc/1553424074436648961 [status:201 request:0.011s]
[2022-07-30 19:38:07,402] {base.py:265} INFO - PUT http://localhost:9200/my_index/_doc/1553424073182552064 [status:201 request:0.018s]
[2022-07-30 19:38:07,433] {base.py:265} INFO - PUT http://localhost:9200/my_index/_doc/1553424072138162179 [status:201 request:0.008s]
[2022-07-30 19:38:07,512] {base.py:265} INFO - PUT http://localhost:9200/my_index/_doc/1553424069512544261 [status:201 request:0.036s]
[2022-07-30 19:38:07,552] {base.py:265} INFO - PUT http://localhost:9200/my_index/_doc/1553424068312936450 [status:201 request:0.013s]
[2022-07-30 19:38:07,701] {base.py:265} INFO - PUT http://localhost:9200/my_index/_doc/1553424063594389504 [status:201 request:0.047s]
[2022-07-30 19:38:07,716] {base.py:265} INFO - PUT http://localhost:9200/my_index/_doc/1553424063175041025 [status:201 request:0.008s]
[2022-07-30 19:38:07,783] {base.py:265} INFO - PUT http://localhost:9200/my_index/_doc/1553424058779402242 [status:201 request:0.013s]
[2022-07-30 19:38:07,810] {base.py:265} INFO - PUT http://localhost:9200/my_index/_doc/1553424058460651529 [status:201 request:0.019s]
[2022-07-30 19:38:07,955] {base.py:265} INFO - PUT http://localhost:9200/my_index/_doc/1553424055910514688 [status:201 request:0.110s]
[2022-07-30 19:38:07,956] {twitter.py:696} INFO - Retrieving scroll page scroll:thGAVUV0VFVBaAgL7h2bzvjisWmoCw0eTD744rEnEVsPl5FYCJehgHREVGQVVMVDUBFQgVAAA=
[2022-07-30 19:38:08,007] {base.py:171} INFO - Retrieving https://api.twitter.com/2/search/adaptive.json?include_profile_interstitial_type=1&include_blocking=1&include_blocked_by=1&include_followed_by=1&include_want_retweets=1&include_mute_edge=1&include_can_dm=1&include_can_media_tag=1&skip_status=1&cards_platform=Web-12&include_cards=1&include_ext_alt_text=true&include_quote_count=true&include_reply_count=1&tweet_mode=extended&include_entities=true&include_user_entities=true&include_ext_media_color=true&include_ext_media_availability=true&send_error_codes=true&simple_quoted_tweets=true&q=near%3AParis+since%3A1659199920+until%3A1659200160&tweet_search_mode=live&count=100&query_source=spelling_expansion_revert_click&cursor=scroll%3AthGAVUV0VFVBaAgL7h2bzvjisWmoCw0eTD744rEnEVsPl5FYCJehgHREVGQVVMVDUBFQgVAAA%3D&pc=1&spelling_corrections=1&ext=mediaStats%2ChighlightedLabel
[2022-07-30 19:38:08,921] {base.py:189} INFO - Retrieved https://api.twitter.com/2/search/adaptive.json?include_profile_interstitial_type=1&include_blocking=1&include_blocked_by=1&include_followed_by=1&include_want_retweets=1&include_mute_edge=1&include_can_dm=1&include_can_media_tag=1&skip_status=1&cards_platform=Web-12&include_cards=1&include_ext_alt_text=true&include_quote_count=true&include_reply_count=1&tweet_mode=extended&include_entities=true&include_user_entities=true&include_ext_media_color=true&include_ext_media_availability=true&send_error_codes=true&simple_quoted_tweets=true&q=near%3AParis+since%3A1659199920+until%3A1659200160&tweet_search_mode=live&count=100&query_source=spelling_expansion_revert_click&cursor=scroll%3AthGAVUV0VFVBaAgL7h2bzvjisWmoCw0eTD744rEnEVsPl5FYCJehgHREVGQVVMVDUBFQgVAAA%3D&pc=1&spelling_corrections=1&ext=mediaStats%2ChighlightedLabel: 200
[2022-07-30 19:38:08,942] {python.py:173} INFO - Done. Returned value was: None
[2022-07-30 19:38:08,969] {taskinstance.py:1396} INFO - Marking task as SUCCESS. dag_id=data_pipeline, task_id=tweets_to_es, execution_date=20220730T165200, start_date=20220730T183754, end_date=20220730T183808
[2022-07-30 19:38:09,012] {local_task_job.py:156} INFO - Task exited with return code 0
[2022-07-30 19:38:09,026] {local_task_job.py:273} INFO - 0 downstream tasks scheduled from follow-on schedule check
