[2022-06-01 00:08:31,892] {processor.py:153} INFO - Started process (PID=10016) to work on /home/oury/.local/lib/python3.10/site-packages/airflow/example_dags/plugins/workday.py
[2022-06-01 00:08:31,892] {processor.py:641} INFO - Processing file /home/oury/.local/lib/python3.10/site-packages/airflow/example_dags/plugins/workday.py for tasks to queue
[2022-06-01 00:08:31,893] {logging_mixin.py:115} INFO - [2022-06-01 00:08:31,893] {dagbag.py:507} INFO - Filling up the DagBag from /home/oury/.local/lib/python3.10/site-packages/airflow/example_dags/plugins/workday.py
[2022-06-01 00:08:31,894] {processor.py:653} WARNING - No viable dags retrieved from /home/oury/.local/lib/python3.10/site-packages/airflow/example_dags/plugins/workday.py
[2022-06-01 00:08:31,902] {processor.py:161} INFO - Processing /home/oury/.local/lib/python3.10/site-packages/airflow/example_dags/plugins/workday.py took 0.012 seconds
[2022-06-01 00:09:07,852] {processor.py:153} INFO - Started process (PID=10057) to work on /home/oury/.local/lib/python3.10/site-packages/airflow/example_dags/plugins/workday.py
[2022-06-01 00:09:07,853] {processor.py:641} INFO - Processing file /home/oury/.local/lib/python3.10/site-packages/airflow/example_dags/plugins/workday.py for tasks to queue
[2022-06-01 00:09:07,853] {logging_mixin.py:115} INFO - [2022-06-01 00:09:07,853] {dagbag.py:507} INFO - Filling up the DagBag from /home/oury/.local/lib/python3.10/site-packages/airflow/example_dags/plugins/workday.py
[2022-06-01 00:09:07,855] {processor.py:653} WARNING - No viable dags retrieved from /home/oury/.local/lib/python3.10/site-packages/airflow/example_dags/plugins/workday.py
[2022-06-01 00:09:07,862] {processor.py:161} INFO - Processing /home/oury/.local/lib/python3.10/site-packages/airflow/example_dags/plugins/workday.py took 0.013 seconds
[2022-06-01 00:09:40,959] {processor.py:153} INFO - Started process (PID=10095) to work on /home/oury/.local/lib/python3.10/site-packages/airflow/example_dags/plugins/workday.py
[2022-06-01 00:09:40,960] {processor.py:641} INFO - Processing file /home/oury/.local/lib/python3.10/site-packages/airflow/example_dags/plugins/workday.py for tasks to queue
[2022-06-01 00:09:40,960] {logging_mixin.py:115} INFO - [2022-06-01 00:09:40,960] {dagbag.py:507} INFO - Filling up the DagBag from /home/oury/.local/lib/python3.10/site-packages/airflow/example_dags/plugins/workday.py
[2022-06-01 00:09:40,962] {processor.py:653} WARNING - No viable dags retrieved from /home/oury/.local/lib/python3.10/site-packages/airflow/example_dags/plugins/workday.py
[2022-06-01 00:09:40,971] {processor.py:161} INFO - Processing /home/oury/.local/lib/python3.10/site-packages/airflow/example_dags/plugins/workday.py took 0.014 seconds
[2022-06-01 00:10:14,735] {processor.py:153} INFO - Started process (PID=10218) to work on /home/oury/.local/lib/python3.10/site-packages/airflow/example_dags/plugins/workday.py
[2022-06-01 00:10:14,736] {processor.py:641} INFO - Processing file /home/oury/.local/lib/python3.10/site-packages/airflow/example_dags/plugins/workday.py for tasks to queue
[2022-06-01 00:10:14,736] {logging_mixin.py:115} INFO - [2022-06-01 00:10:14,736] {dagbag.py:507} INFO - Filling up the DagBag from /home/oury/.local/lib/python3.10/site-packages/airflow/example_dags/plugins/workday.py
[2022-06-01 00:10:14,737] {processor.py:653} WARNING - No viable dags retrieved from /home/oury/.local/lib/python3.10/site-packages/airflow/example_dags/plugins/workday.py
[2022-06-01 00:10:14,744] {processor.py:161} INFO - Processing /home/oury/.local/lib/python3.10/site-packages/airflow/example_dags/plugins/workday.py took 0.012 seconds
[2022-06-01 00:10:47,202] {processor.py:153} INFO - Started process (PID=10287) to work on /home/oury/.local/lib/python3.10/site-packages/airflow/example_dags/plugins/workday.py
[2022-06-01 00:10:47,203] {processor.py:641} INFO - Processing file /home/oury/.local/lib/python3.10/site-packages/airflow/example_dags/plugins/workday.py for tasks to queue
[2022-06-01 00:10:47,203] {logging_mixin.py:115} INFO - [2022-06-01 00:10:47,203] {dagbag.py:507} INFO - Filling up the DagBag from /home/oury/.local/lib/python3.10/site-packages/airflow/example_dags/plugins/workday.py
[2022-06-01 00:10:47,205] {processor.py:653} WARNING - No viable dags retrieved from /home/oury/.local/lib/python3.10/site-packages/airflow/example_dags/plugins/workday.py
[2022-06-01 00:10:47,216] {processor.py:161} INFO - Processing /home/oury/.local/lib/python3.10/site-packages/airflow/example_dags/plugins/workday.py took 0.018 seconds
[2022-06-01 00:11:19,222] {processor.py:153} INFO - Started process (PID=10350) to work on /home/oury/.local/lib/python3.10/site-packages/airflow/example_dags/plugins/workday.py
[2022-06-01 00:11:19,223] {processor.py:641} INFO - Processing file /home/oury/.local/lib/python3.10/site-packages/airflow/example_dags/plugins/workday.py for tasks to queue
[2022-06-01 00:11:19,223] {logging_mixin.py:115} INFO - [2022-06-01 00:11:19,223] {dagbag.py:507} INFO - Filling up the DagBag from /home/oury/.local/lib/python3.10/site-packages/airflow/example_dags/plugins/workday.py
[2022-06-01 00:11:19,225] {processor.py:653} WARNING - No viable dags retrieved from /home/oury/.local/lib/python3.10/site-packages/airflow/example_dags/plugins/workday.py
[2022-06-01 00:11:19,236] {processor.py:161} INFO - Processing /home/oury/.local/lib/python3.10/site-packages/airflow/example_dags/plugins/workday.py took 0.018 seconds
[2022-06-01 00:11:53,667] {processor.py:153} INFO - Started process (PID=10390) to work on /home/oury/.local/lib/python3.10/site-packages/airflow/example_dags/plugins/workday.py
[2022-06-01 00:11:53,668] {processor.py:641} INFO - Processing file /home/oury/.local/lib/python3.10/site-packages/airflow/example_dags/plugins/workday.py for tasks to queue
[2022-06-01 00:11:53,668] {logging_mixin.py:115} INFO - [2022-06-01 00:11:53,668] {dagbag.py:507} INFO - Filling up the DagBag from /home/oury/.local/lib/python3.10/site-packages/airflow/example_dags/plugins/workday.py
[2022-06-01 00:11:53,670] {processor.py:653} WARNING - No viable dags retrieved from /home/oury/.local/lib/python3.10/site-packages/airflow/example_dags/plugins/workday.py
[2022-06-01 00:11:53,677] {processor.py:161} INFO - Processing /home/oury/.local/lib/python3.10/site-packages/airflow/example_dags/plugins/workday.py took 0.012 seconds
[2022-06-01 00:12:27,345] {processor.py:153} INFO - Started process (PID=10452) to work on /home/oury/.local/lib/python3.10/site-packages/airflow/example_dags/plugins/workday.py
[2022-06-01 00:12:27,346] {processor.py:641} INFO - Processing file /home/oury/.local/lib/python3.10/site-packages/airflow/example_dags/plugins/workday.py for tasks to queue
[2022-06-01 00:12:27,346] {logging_mixin.py:115} INFO - [2022-06-01 00:12:27,346] {dagbag.py:507} INFO - Filling up the DagBag from /home/oury/.local/lib/python3.10/site-packages/airflow/example_dags/plugins/workday.py
[2022-06-01 00:12:27,348] {processor.py:653} WARNING - No viable dags retrieved from /home/oury/.local/lib/python3.10/site-packages/airflow/example_dags/plugins/workday.py
[2022-06-01 00:12:27,357] {processor.py:161} INFO - Processing /home/oury/.local/lib/python3.10/site-packages/airflow/example_dags/plugins/workday.py took 0.014 seconds
[2022-06-01 00:13:00,209] {processor.py:153} INFO - Started process (PID=10490) to work on /home/oury/.local/lib/python3.10/site-packages/airflow/example_dags/plugins/workday.py
[2022-06-01 00:13:00,210] {processor.py:641} INFO - Processing file /home/oury/.local/lib/python3.10/site-packages/airflow/example_dags/plugins/workday.py for tasks to queue
[2022-06-01 00:13:00,210] {logging_mixin.py:115} INFO - [2022-06-01 00:13:00,210] {dagbag.py:507} INFO - Filling up the DagBag from /home/oury/.local/lib/python3.10/site-packages/airflow/example_dags/plugins/workday.py
[2022-06-01 00:13:00,211] {processor.py:653} WARNING - No viable dags retrieved from /home/oury/.local/lib/python3.10/site-packages/airflow/example_dags/plugins/workday.py
[2022-06-01 00:13:00,220] {processor.py:161} INFO - Processing /home/oury/.local/lib/python3.10/site-packages/airflow/example_dags/plugins/workday.py took 0.013 seconds
[2022-06-01 00:13:32,257] {processor.py:153} INFO - Started process (PID=10528) to work on /home/oury/.local/lib/python3.10/site-packages/airflow/example_dags/plugins/workday.py
[2022-06-01 00:13:32,257] {processor.py:641} INFO - Processing file /home/oury/.local/lib/python3.10/site-packages/airflow/example_dags/plugins/workday.py for tasks to queue
[2022-06-01 00:13:32,258] {logging_mixin.py:115} INFO - [2022-06-01 00:13:32,258] {dagbag.py:507} INFO - Filling up the DagBag from /home/oury/.local/lib/python3.10/site-packages/airflow/example_dags/plugins/workday.py
[2022-06-01 00:13:32,260] {processor.py:653} WARNING - No viable dags retrieved from /home/oury/.local/lib/python3.10/site-packages/airflow/example_dags/plugins/workday.py
[2022-06-01 00:13:32,269] {processor.py:161} INFO - Processing /home/oury/.local/lib/python3.10/site-packages/airflow/example_dags/plugins/workday.py took 0.016 seconds
[2022-06-01 00:14:04,013] {processor.py:153} INFO - Started process (PID=10563) to work on /home/oury/.local/lib/python3.10/site-packages/airflow/example_dags/plugins/workday.py
[2022-06-01 00:14:04,014] {processor.py:641} INFO - Processing file /home/oury/.local/lib/python3.10/site-packages/airflow/example_dags/plugins/workday.py for tasks to queue
[2022-06-01 00:14:04,014] {logging_mixin.py:115} INFO - [2022-06-01 00:14:04,014] {dagbag.py:507} INFO - Filling up the DagBag from /home/oury/.local/lib/python3.10/site-packages/airflow/example_dags/plugins/workday.py
[2022-06-01 00:14:04,016] {processor.py:653} WARNING - No viable dags retrieved from /home/oury/.local/lib/python3.10/site-packages/airflow/example_dags/plugins/workday.py
[2022-06-01 00:14:04,026] {processor.py:161} INFO - Processing /home/oury/.local/lib/python3.10/site-packages/airflow/example_dags/plugins/workday.py took 0.016 seconds
[2022-06-01 00:14:38,428] {processor.py:153} INFO - Started process (PID=10666) to work on /home/oury/.local/lib/python3.10/site-packages/airflow/example_dags/plugins/workday.py
[2022-06-01 00:14:38,429] {processor.py:641} INFO - Processing file /home/oury/.local/lib/python3.10/site-packages/airflow/example_dags/plugins/workday.py for tasks to queue
[2022-06-01 00:14:38,429] {logging_mixin.py:115} INFO - [2022-06-01 00:14:38,429] {dagbag.py:507} INFO - Filling up the DagBag from /home/oury/.local/lib/python3.10/site-packages/airflow/example_dags/plugins/workday.py
[2022-06-01 00:14:38,431] {processor.py:653} WARNING - No viable dags retrieved from /home/oury/.local/lib/python3.10/site-packages/airflow/example_dags/plugins/workday.py
[2022-06-01 00:14:38,440] {processor.py:161} INFO - Processing /home/oury/.local/lib/python3.10/site-packages/airflow/example_dags/plugins/workday.py took 0.014 seconds
[2022-06-01 00:15:10,812] {processor.py:153} INFO - Started process (PID=10700) to work on /home/oury/.local/lib/python3.10/site-packages/airflow/example_dags/plugins/workday.py
[2022-06-01 00:15:10,813] {processor.py:641} INFO - Processing file /home/oury/.local/lib/python3.10/site-packages/airflow/example_dags/plugins/workday.py for tasks to queue
[2022-06-01 00:15:10,813] {logging_mixin.py:115} INFO - [2022-06-01 00:15:10,813] {dagbag.py:507} INFO - Filling up the DagBag from /home/oury/.local/lib/python3.10/site-packages/airflow/example_dags/plugins/workday.py
[2022-06-01 00:15:10,815] {processor.py:653} WARNING - No viable dags retrieved from /home/oury/.local/lib/python3.10/site-packages/airflow/example_dags/plugins/workday.py
[2022-06-01 00:15:10,823] {processor.py:161} INFO - Processing /home/oury/.local/lib/python3.10/site-packages/airflow/example_dags/plugins/workday.py took 0.014 seconds
[2022-06-01 00:15:44,101] {processor.py:153} INFO - Started process (PID=10734) to work on /home/oury/.local/lib/python3.10/site-packages/airflow/example_dags/plugins/workday.py
[2022-06-01 00:15:44,102] {processor.py:641} INFO - Processing file /home/oury/.local/lib/python3.10/site-packages/airflow/example_dags/plugins/workday.py for tasks to queue
[2022-06-01 00:15:44,102] {logging_mixin.py:115} INFO - [2022-06-01 00:15:44,102] {dagbag.py:507} INFO - Filling up the DagBag from /home/oury/.local/lib/python3.10/site-packages/airflow/example_dags/plugins/workday.py
[2022-06-01 00:15:44,104] {processor.py:653} WARNING - No viable dags retrieved from /home/oury/.local/lib/python3.10/site-packages/airflow/example_dags/plugins/workday.py
[2022-06-01 00:15:44,112] {processor.py:161} INFO - Processing /home/oury/.local/lib/python3.10/site-packages/airflow/example_dags/plugins/workday.py took 0.014 seconds
[2022-06-01 00:16:17,354] {processor.py:153} INFO - Started process (PID=10769) to work on /home/oury/.local/lib/python3.10/site-packages/airflow/example_dags/plugins/workday.py
[2022-06-01 00:16:17,355] {processor.py:641} INFO - Processing file /home/oury/.local/lib/python3.10/site-packages/airflow/example_dags/plugins/workday.py for tasks to queue
[2022-06-01 00:16:17,355] {logging_mixin.py:115} INFO - [2022-06-01 00:16:17,355] {dagbag.py:507} INFO - Filling up the DagBag from /home/oury/.local/lib/python3.10/site-packages/airflow/example_dags/plugins/workday.py
[2022-06-01 00:16:17,356] {processor.py:653} WARNING - No viable dags retrieved from /home/oury/.local/lib/python3.10/site-packages/airflow/example_dags/plugins/workday.py
[2022-06-01 00:16:17,364] {processor.py:161} INFO - Processing /home/oury/.local/lib/python3.10/site-packages/airflow/example_dags/plugins/workday.py took 0.012 seconds
[2022-06-01 00:16:49,216] {processor.py:153} INFO - Started process (PID=10803) to work on /home/oury/.local/lib/python3.10/site-packages/airflow/example_dags/plugins/workday.py
[2022-06-01 00:16:49,217] {processor.py:641} INFO - Processing file /home/oury/.local/lib/python3.10/site-packages/airflow/example_dags/plugins/workday.py for tasks to queue
[2022-06-01 00:16:49,217] {logging_mixin.py:115} INFO - [2022-06-01 00:16:49,217] {dagbag.py:507} INFO - Filling up the DagBag from /home/oury/.local/lib/python3.10/site-packages/airflow/example_dags/plugins/workday.py
[2022-06-01 00:16:49,219] {processor.py:653} WARNING - No viable dags retrieved from /home/oury/.local/lib/python3.10/site-packages/airflow/example_dags/plugins/workday.py
[2022-06-01 00:16:49,228] {processor.py:161} INFO - Processing /home/oury/.local/lib/python3.10/site-packages/airflow/example_dags/plugins/workday.py took 0.014 seconds
[2022-06-01 00:17:22,752] {processor.py:153} INFO - Started process (PID=10841) to work on /home/oury/.local/lib/python3.10/site-packages/airflow/example_dags/plugins/workday.py
[2022-06-01 00:17:22,752] {processor.py:641} INFO - Processing file /home/oury/.local/lib/python3.10/site-packages/airflow/example_dags/plugins/workday.py for tasks to queue
[2022-06-01 00:17:22,753] {logging_mixin.py:115} INFO - [2022-06-01 00:17:22,753] {dagbag.py:507} INFO - Filling up the DagBag from /home/oury/.local/lib/python3.10/site-packages/airflow/example_dags/plugins/workday.py
[2022-06-01 00:17:22,755] {processor.py:653} WARNING - No viable dags retrieved from /home/oury/.local/lib/python3.10/site-packages/airflow/example_dags/plugins/workday.py
[2022-06-01 00:17:22,763] {processor.py:161} INFO - Processing /home/oury/.local/lib/python3.10/site-packages/airflow/example_dags/plugins/workday.py took 0.014 seconds
[2022-06-01 00:17:55,521] {processor.py:153} INFO - Started process (PID=10876) to work on /home/oury/.local/lib/python3.10/site-packages/airflow/example_dags/plugins/workday.py
[2022-06-01 00:17:55,521] {processor.py:641} INFO - Processing file /home/oury/.local/lib/python3.10/site-packages/airflow/example_dags/plugins/workday.py for tasks to queue
[2022-06-01 00:17:55,522] {logging_mixin.py:115} INFO - [2022-06-01 00:17:55,522] {dagbag.py:507} INFO - Filling up the DagBag from /home/oury/.local/lib/python3.10/site-packages/airflow/example_dags/plugins/workday.py
[2022-06-01 00:17:55,523] {processor.py:653} WARNING - No viable dags retrieved from /home/oury/.local/lib/python3.10/site-packages/airflow/example_dags/plugins/workday.py
[2022-06-01 00:17:55,532] {processor.py:161} INFO - Processing /home/oury/.local/lib/python3.10/site-packages/airflow/example_dags/plugins/workday.py took 0.013 seconds
[2022-06-01 00:18:29,036] {processor.py:153} INFO - Started process (PID=10923) to work on /home/oury/.local/lib/python3.10/site-packages/airflow/example_dags/plugins/workday.py
[2022-06-01 00:18:29,037] {processor.py:641} INFO - Processing file /home/oury/.local/lib/python3.10/site-packages/airflow/example_dags/plugins/workday.py for tasks to queue
[2022-06-01 00:18:29,037] {logging_mixin.py:115} INFO - [2022-06-01 00:18:29,037] {dagbag.py:507} INFO - Filling up the DagBag from /home/oury/.local/lib/python3.10/site-packages/airflow/example_dags/plugins/workday.py
[2022-06-01 00:18:29,038] {processor.py:653} WARNING - No viable dags retrieved from /home/oury/.local/lib/python3.10/site-packages/airflow/example_dags/plugins/workday.py
[2022-06-01 00:18:29,047] {processor.py:161} INFO - Processing /home/oury/.local/lib/python3.10/site-packages/airflow/example_dags/plugins/workday.py took 0.014 seconds
[2022-06-01 00:19:02,157] {processor.py:153} INFO - Started process (PID=10957) to work on /home/oury/.local/lib/python3.10/site-packages/airflow/example_dags/plugins/workday.py
[2022-06-01 00:19:02,157] {processor.py:641} INFO - Processing file /home/oury/.local/lib/python3.10/site-packages/airflow/example_dags/plugins/workday.py for tasks to queue
[2022-06-01 00:19:02,158] {logging_mixin.py:115} INFO - [2022-06-01 00:19:02,157] {dagbag.py:507} INFO - Filling up the DagBag from /home/oury/.local/lib/python3.10/site-packages/airflow/example_dags/plugins/workday.py
[2022-06-01 00:19:02,159] {processor.py:653} WARNING - No viable dags retrieved from /home/oury/.local/lib/python3.10/site-packages/airflow/example_dags/plugins/workday.py
[2022-06-01 00:19:02,167] {processor.py:161} INFO - Processing /home/oury/.local/lib/python3.10/site-packages/airflow/example_dags/plugins/workday.py took 0.013 seconds
[2022-06-01 00:19:33,448] {processor.py:153} INFO - Started process (PID=10995) to work on /home/oury/.local/lib/python3.10/site-packages/airflow/example_dags/plugins/workday.py
[2022-06-01 00:19:33,448] {processor.py:641} INFO - Processing file /home/oury/.local/lib/python3.10/site-packages/airflow/example_dags/plugins/workday.py for tasks to queue
[2022-06-01 00:19:33,449] {logging_mixin.py:115} INFO - [2022-06-01 00:19:33,448] {dagbag.py:507} INFO - Filling up the DagBag from /home/oury/.local/lib/python3.10/site-packages/airflow/example_dags/plugins/workday.py
[2022-06-01 00:19:33,450] {processor.py:653} WARNING - No viable dags retrieved from /home/oury/.local/lib/python3.10/site-packages/airflow/example_dags/plugins/workday.py
[2022-06-01 00:19:33,460] {processor.py:161} INFO - Processing /home/oury/.local/lib/python3.10/site-packages/airflow/example_dags/plugins/workday.py took 0.014 seconds
[2022-06-01 00:20:06,164] {processor.py:153} INFO - Started process (PID=11029) to work on /home/oury/.local/lib/python3.10/site-packages/airflow/example_dags/plugins/workday.py
[2022-06-01 00:20:06,164] {processor.py:641} INFO - Processing file /home/oury/.local/lib/python3.10/site-packages/airflow/example_dags/plugins/workday.py for tasks to queue
[2022-06-01 00:20:06,165] {logging_mixin.py:115} INFO - [2022-06-01 00:20:06,165] {dagbag.py:507} INFO - Filling up the DagBag from /home/oury/.local/lib/python3.10/site-packages/airflow/example_dags/plugins/workday.py
[2022-06-01 00:20:06,167] {processor.py:653} WARNING - No viable dags retrieved from /home/oury/.local/lib/python3.10/site-packages/airflow/example_dags/plugins/workday.py
[2022-06-01 00:20:06,175] {processor.py:161} INFO - Processing /home/oury/.local/lib/python3.10/site-packages/airflow/example_dags/plugins/workday.py took 0.014 seconds
[2022-06-01 00:20:40,604] {processor.py:153} INFO - Started process (PID=11064) to work on /home/oury/.local/lib/python3.10/site-packages/airflow/example_dags/plugins/workday.py
[2022-06-01 00:20:40,605] {processor.py:641} INFO - Processing file /home/oury/.local/lib/python3.10/site-packages/airflow/example_dags/plugins/workday.py for tasks to queue
[2022-06-01 00:20:40,605] {logging_mixin.py:115} INFO - [2022-06-01 00:20:40,605] {dagbag.py:507} INFO - Filling up the DagBag from /home/oury/.local/lib/python3.10/site-packages/airflow/example_dags/plugins/workday.py
[2022-06-01 00:20:40,607] {processor.py:653} WARNING - No viable dags retrieved from /home/oury/.local/lib/python3.10/site-packages/airflow/example_dags/plugins/workday.py
[2022-06-01 00:20:40,618] {processor.py:161} INFO - Processing /home/oury/.local/lib/python3.10/site-packages/airflow/example_dags/plugins/workday.py took 0.016 seconds
[2022-06-01 00:21:12,683] {processor.py:153} INFO - Started process (PID=11103) to work on /home/oury/.local/lib/python3.10/site-packages/airflow/example_dags/plugins/workday.py
[2022-06-01 00:21:12,684] {processor.py:641} INFO - Processing file /home/oury/.local/lib/python3.10/site-packages/airflow/example_dags/plugins/workday.py for tasks to queue
[2022-06-01 00:21:12,684] {logging_mixin.py:115} INFO - [2022-06-01 00:21:12,684] {dagbag.py:507} INFO - Filling up the DagBag from /home/oury/.local/lib/python3.10/site-packages/airflow/example_dags/plugins/workday.py
[2022-06-01 00:21:12,686] {processor.py:653} WARNING - No viable dags retrieved from /home/oury/.local/lib/python3.10/site-packages/airflow/example_dags/plugins/workday.py
[2022-06-01 00:21:12,695] {processor.py:161} INFO - Processing /home/oury/.local/lib/python3.10/site-packages/airflow/example_dags/plugins/workday.py took 0.014 seconds
[2022-06-01 00:21:46,512] {processor.py:153} INFO - Started process (PID=11296) to work on /home/oury/.local/lib/python3.10/site-packages/airflow/example_dags/plugins/workday.py
[2022-06-01 00:21:46,512] {processor.py:641} INFO - Processing file /home/oury/.local/lib/python3.10/site-packages/airflow/example_dags/plugins/workday.py for tasks to queue
[2022-06-01 00:21:46,513] {logging_mixin.py:115} INFO - [2022-06-01 00:21:46,513] {dagbag.py:507} INFO - Filling up the DagBag from /home/oury/.local/lib/python3.10/site-packages/airflow/example_dags/plugins/workday.py
[2022-06-01 00:21:46,515] {processor.py:653} WARNING - No viable dags retrieved from /home/oury/.local/lib/python3.10/site-packages/airflow/example_dags/plugins/workday.py
[2022-06-01 00:21:46,524] {processor.py:161} INFO - Processing /home/oury/.local/lib/python3.10/site-packages/airflow/example_dags/plugins/workday.py took 0.015 seconds
[2022-06-01 00:22:19,576] {processor.py:153} INFO - Started process (PID=11337) to work on /home/oury/.local/lib/python3.10/site-packages/airflow/example_dags/plugins/workday.py
[2022-06-01 00:22:19,576] {processor.py:641} INFO - Processing file /home/oury/.local/lib/python3.10/site-packages/airflow/example_dags/plugins/workday.py for tasks to queue
[2022-06-01 00:22:19,577] {logging_mixin.py:115} INFO - [2022-06-01 00:22:19,576] {dagbag.py:507} INFO - Filling up the DagBag from /home/oury/.local/lib/python3.10/site-packages/airflow/example_dags/plugins/workday.py
[2022-06-01 00:22:19,578] {processor.py:653} WARNING - No viable dags retrieved from /home/oury/.local/lib/python3.10/site-packages/airflow/example_dags/plugins/workday.py
[2022-06-01 00:22:19,587] {processor.py:161} INFO - Processing /home/oury/.local/lib/python3.10/site-packages/airflow/example_dags/plugins/workday.py took 0.014 seconds
[2022-06-01 00:22:53,912] {processor.py:153} INFO - Started process (PID=11372) to work on /home/oury/.local/lib/python3.10/site-packages/airflow/example_dags/plugins/workday.py
[2022-06-01 00:22:53,913] {processor.py:641} INFO - Processing file /home/oury/.local/lib/python3.10/site-packages/airflow/example_dags/plugins/workday.py for tasks to queue
[2022-06-01 00:22:53,913] {logging_mixin.py:115} INFO - [2022-06-01 00:22:53,913] {dagbag.py:507} INFO - Filling up the DagBag from /home/oury/.local/lib/python3.10/site-packages/airflow/example_dags/plugins/workday.py
[2022-06-01 00:22:53,915] {processor.py:653} WARNING - No viable dags retrieved from /home/oury/.local/lib/python3.10/site-packages/airflow/example_dags/plugins/workday.py
[2022-06-01 00:22:53,923] {processor.py:161} INFO - Processing /home/oury/.local/lib/python3.10/site-packages/airflow/example_dags/plugins/workday.py took 0.014 seconds
[2022-06-01 00:23:26,508] {processor.py:153} INFO - Started process (PID=11406) to work on /home/oury/.local/lib/python3.10/site-packages/airflow/example_dags/plugins/workday.py
[2022-06-01 00:23:26,509] {processor.py:641} INFO - Processing file /home/oury/.local/lib/python3.10/site-packages/airflow/example_dags/plugins/workday.py for tasks to queue
[2022-06-01 00:23:26,509] {logging_mixin.py:115} INFO - [2022-06-01 00:23:26,509] {dagbag.py:507} INFO - Filling up the DagBag from /home/oury/.local/lib/python3.10/site-packages/airflow/example_dags/plugins/workday.py
[2022-06-01 00:23:26,510] {processor.py:653} WARNING - No viable dags retrieved from /home/oury/.local/lib/python3.10/site-packages/airflow/example_dags/plugins/workday.py
[2022-06-01 00:23:26,520] {processor.py:161} INFO - Processing /home/oury/.local/lib/python3.10/site-packages/airflow/example_dags/plugins/workday.py took 0.014 seconds
[2022-06-01 00:23:59,421] {processor.py:153} INFO - Started process (PID=11441) to work on /home/oury/.local/lib/python3.10/site-packages/airflow/example_dags/plugins/workday.py
[2022-06-01 00:23:59,422] {processor.py:641} INFO - Processing file /home/oury/.local/lib/python3.10/site-packages/airflow/example_dags/plugins/workday.py for tasks to queue
[2022-06-01 00:23:59,422] {logging_mixin.py:115} INFO - [2022-06-01 00:23:59,422] {dagbag.py:507} INFO - Filling up the DagBag from /home/oury/.local/lib/python3.10/site-packages/airflow/example_dags/plugins/workday.py
[2022-06-01 00:23:59,424] {processor.py:653} WARNING - No viable dags retrieved from /home/oury/.local/lib/python3.10/site-packages/airflow/example_dags/plugins/workday.py
[2022-06-01 00:23:59,433] {processor.py:161} INFO - Processing /home/oury/.local/lib/python3.10/site-packages/airflow/example_dags/plugins/workday.py took 0.014 seconds
[2022-06-01 00:24:32,328] {processor.py:153} INFO - Started process (PID=11542) to work on /home/oury/.local/lib/python3.10/site-packages/airflow/example_dags/plugins/workday.py
[2022-06-01 00:24:32,329] {processor.py:641} INFO - Processing file /home/oury/.local/lib/python3.10/site-packages/airflow/example_dags/plugins/workday.py for tasks to queue
[2022-06-01 00:24:32,329] {logging_mixin.py:115} INFO - [2022-06-01 00:24:32,329] {dagbag.py:507} INFO - Filling up the DagBag from /home/oury/.local/lib/python3.10/site-packages/airflow/example_dags/plugins/workday.py
[2022-06-01 00:24:32,331] {processor.py:653} WARNING - No viable dags retrieved from /home/oury/.local/lib/python3.10/site-packages/airflow/example_dags/plugins/workday.py
[2022-06-01 00:24:32,340] {processor.py:161} INFO - Processing /home/oury/.local/lib/python3.10/site-packages/airflow/example_dags/plugins/workday.py took 0.015 seconds
[2022-06-01 00:25:05,571] {processor.py:153} INFO - Started process (PID=11576) to work on /home/oury/.local/lib/python3.10/site-packages/airflow/example_dags/plugins/workday.py
[2022-06-01 00:25:05,572] {processor.py:641} INFO - Processing file /home/oury/.local/lib/python3.10/site-packages/airflow/example_dags/plugins/workday.py for tasks to queue
[2022-06-01 00:25:05,572] {logging_mixin.py:115} INFO - [2022-06-01 00:25:05,572] {dagbag.py:507} INFO - Filling up the DagBag from /home/oury/.local/lib/python3.10/site-packages/airflow/example_dags/plugins/workday.py
[2022-06-01 00:25:05,574] {processor.py:653} WARNING - No viable dags retrieved from /home/oury/.local/lib/python3.10/site-packages/airflow/example_dags/plugins/workday.py
[2022-06-01 00:25:05,582] {processor.py:161} INFO - Processing /home/oury/.local/lib/python3.10/site-packages/airflow/example_dags/plugins/workday.py took 0.014 seconds
[2022-06-01 00:25:38,518] {processor.py:153} INFO - Started process (PID=11610) to work on /home/oury/.local/lib/python3.10/site-packages/airflow/example_dags/plugins/workday.py
[2022-06-01 00:25:38,519] {processor.py:641} INFO - Processing file /home/oury/.local/lib/python3.10/site-packages/airflow/example_dags/plugins/workday.py for tasks to queue
[2022-06-01 00:25:38,519] {logging_mixin.py:115} INFO - [2022-06-01 00:25:38,519] {dagbag.py:507} INFO - Filling up the DagBag from /home/oury/.local/lib/python3.10/site-packages/airflow/example_dags/plugins/workday.py
[2022-06-01 00:25:38,521] {processor.py:653} WARNING - No viable dags retrieved from /home/oury/.local/lib/python3.10/site-packages/airflow/example_dags/plugins/workday.py
[2022-06-01 00:25:38,530] {processor.py:161} INFO - Processing /home/oury/.local/lib/python3.10/site-packages/airflow/example_dags/plugins/workday.py took 0.015 seconds
[2022-06-01 00:26:11,380] {processor.py:153} INFO - Started process (PID=11645) to work on /home/oury/.local/lib/python3.10/site-packages/airflow/example_dags/plugins/workday.py
[2022-06-01 00:26:11,381] {processor.py:641} INFO - Processing file /home/oury/.local/lib/python3.10/site-packages/airflow/example_dags/plugins/workday.py for tasks to queue
[2022-06-01 00:26:11,381] {logging_mixin.py:115} INFO - [2022-06-01 00:26:11,381] {dagbag.py:507} INFO - Filling up the DagBag from /home/oury/.local/lib/python3.10/site-packages/airflow/example_dags/plugins/workday.py
[2022-06-01 00:26:11,383] {processor.py:653} WARNING - No viable dags retrieved from /home/oury/.local/lib/python3.10/site-packages/airflow/example_dags/plugins/workday.py
[2022-06-01 00:26:11,394] {processor.py:161} INFO - Processing /home/oury/.local/lib/python3.10/site-packages/airflow/example_dags/plugins/workday.py took 0.016 seconds
[2022-06-01 00:26:45,648] {processor.py:153} INFO - Started process (PID=11682) to work on /home/oury/.local/lib/python3.10/site-packages/airflow/example_dags/plugins/workday.py
[2022-06-01 00:26:45,648] {processor.py:641} INFO - Processing file /home/oury/.local/lib/python3.10/site-packages/airflow/example_dags/plugins/workday.py for tasks to queue
[2022-06-01 00:26:45,649] {logging_mixin.py:115} INFO - [2022-06-01 00:26:45,649] {dagbag.py:507} INFO - Filling up the DagBag from /home/oury/.local/lib/python3.10/site-packages/airflow/example_dags/plugins/workday.py
[2022-06-01 00:26:45,650] {processor.py:653} WARNING - No viable dags retrieved from /home/oury/.local/lib/python3.10/site-packages/airflow/example_dags/plugins/workday.py
[2022-06-01 00:26:45,660] {processor.py:161} INFO - Processing /home/oury/.local/lib/python3.10/site-packages/airflow/example_dags/plugins/workday.py took 0.015 seconds
[2022-06-01 00:27:18,329] {processor.py:153} INFO - Started process (PID=11751) to work on /home/oury/.local/lib/python3.10/site-packages/airflow/example_dags/plugins/workday.py
[2022-06-01 00:27:18,330] {processor.py:641} INFO - Processing file /home/oury/.local/lib/python3.10/site-packages/airflow/example_dags/plugins/workday.py for tasks to queue
[2022-06-01 00:27:18,330] {logging_mixin.py:115} INFO - [2022-06-01 00:27:18,330] {dagbag.py:507} INFO - Filling up the DagBag from /home/oury/.local/lib/python3.10/site-packages/airflow/example_dags/plugins/workday.py
[2022-06-01 00:27:18,332] {processor.py:653} WARNING - No viable dags retrieved from /home/oury/.local/lib/python3.10/site-packages/airflow/example_dags/plugins/workday.py
[2022-06-01 00:27:18,342] {processor.py:161} INFO - Processing /home/oury/.local/lib/python3.10/site-packages/airflow/example_dags/plugins/workday.py took 0.015 seconds
[2022-06-01 00:27:50,521] {processor.py:153} INFO - Started process (PID=11790) to work on /home/oury/.local/lib/python3.10/site-packages/airflow/example_dags/plugins/workday.py
[2022-06-01 00:27:50,521] {processor.py:641} INFO - Processing file /home/oury/.local/lib/python3.10/site-packages/airflow/example_dags/plugins/workday.py for tasks to queue
[2022-06-01 00:27:50,522] {logging_mixin.py:115} INFO - [2022-06-01 00:27:50,521] {dagbag.py:507} INFO - Filling up the DagBag from /home/oury/.local/lib/python3.10/site-packages/airflow/example_dags/plugins/workday.py
[2022-06-01 00:27:50,523] {processor.py:653} WARNING - No viable dags retrieved from /home/oury/.local/lib/python3.10/site-packages/airflow/example_dags/plugins/workday.py
[2022-06-01 00:27:50,533] {processor.py:161} INFO - Processing /home/oury/.local/lib/python3.10/site-packages/airflow/example_dags/plugins/workday.py took 0.015 seconds
[2022-06-01 00:28:23,296] {processor.py:153} INFO - Started process (PID=11858) to work on /home/oury/.local/lib/python3.10/site-packages/airflow/example_dags/plugins/workday.py
[2022-06-01 00:28:23,297] {processor.py:641} INFO - Processing file /home/oury/.local/lib/python3.10/site-packages/airflow/example_dags/plugins/workday.py for tasks to queue
[2022-06-01 00:28:23,297] {logging_mixin.py:115} INFO - [2022-06-01 00:28:23,297] {dagbag.py:507} INFO - Filling up the DagBag from /home/oury/.local/lib/python3.10/site-packages/airflow/example_dags/plugins/workday.py
[2022-06-01 00:28:23,299] {processor.py:653} WARNING - No viable dags retrieved from /home/oury/.local/lib/python3.10/site-packages/airflow/example_dags/plugins/workday.py
[2022-06-01 00:28:23,307] {processor.py:161} INFO - Processing /home/oury/.local/lib/python3.10/site-packages/airflow/example_dags/plugins/workday.py took 0.013 seconds
[2022-06-01 00:28:57,566] {processor.py:153} INFO - Started process (PID=11892) to work on /home/oury/.local/lib/python3.10/site-packages/airflow/example_dags/plugins/workday.py
[2022-06-01 00:28:57,567] {processor.py:641} INFO - Processing file /home/oury/.local/lib/python3.10/site-packages/airflow/example_dags/plugins/workday.py for tasks to queue
[2022-06-01 00:28:57,568] {logging_mixin.py:115} INFO - [2022-06-01 00:28:57,567] {dagbag.py:507} INFO - Filling up the DagBag from /home/oury/.local/lib/python3.10/site-packages/airflow/example_dags/plugins/workday.py
[2022-06-01 00:28:57,570] {processor.py:653} WARNING - No viable dags retrieved from /home/oury/.local/lib/python3.10/site-packages/airflow/example_dags/plugins/workday.py
[2022-06-01 00:28:57,580] {processor.py:161} INFO - Processing /home/oury/.local/lib/python3.10/site-packages/airflow/example_dags/plugins/workday.py took 0.016 seconds
[2022-06-01 00:29:30,278] {processor.py:153} INFO - Started process (PID=12007) to work on /home/oury/.local/lib/python3.10/site-packages/airflow/example_dags/plugins/workday.py
[2022-06-01 00:29:30,279] {processor.py:641} INFO - Processing file /home/oury/.local/lib/python3.10/site-packages/airflow/example_dags/plugins/workday.py for tasks to queue
[2022-06-01 00:29:30,279] {logging_mixin.py:115} INFO - [2022-06-01 00:29:30,279] {dagbag.py:507} INFO - Filling up the DagBag from /home/oury/.local/lib/python3.10/site-packages/airflow/example_dags/plugins/workday.py
[2022-06-01 00:29:30,281] {processor.py:653} WARNING - No viable dags retrieved from /home/oury/.local/lib/python3.10/site-packages/airflow/example_dags/plugins/workday.py
[2022-06-01 00:29:30,290] {processor.py:161} INFO - Processing /home/oury/.local/lib/python3.10/site-packages/airflow/example_dags/plugins/workday.py took 0.016 seconds
[2022-06-01 00:30:03,802] {processor.py:153} INFO - Started process (PID=12041) to work on /home/oury/.local/lib/python3.10/site-packages/airflow/example_dags/plugins/workday.py
[2022-06-01 00:30:03,802] {processor.py:641} INFO - Processing file /home/oury/.local/lib/python3.10/site-packages/airflow/example_dags/plugins/workday.py for tasks to queue
[2022-06-01 00:30:03,803] {logging_mixin.py:115} INFO - [2022-06-01 00:30:03,803] {dagbag.py:507} INFO - Filling up the DagBag from /home/oury/.local/lib/python3.10/site-packages/airflow/example_dags/plugins/workday.py
[2022-06-01 00:30:03,804] {processor.py:653} WARNING - No viable dags retrieved from /home/oury/.local/lib/python3.10/site-packages/airflow/example_dags/plugins/workday.py
[2022-06-01 00:30:03,814] {processor.py:161} INFO - Processing /home/oury/.local/lib/python3.10/site-packages/airflow/example_dags/plugins/workday.py took 0.015 seconds
[2022-06-01 00:30:36,564] {processor.py:153} INFO - Started process (PID=12107) to work on /home/oury/.local/lib/python3.10/site-packages/airflow/example_dags/plugins/workday.py
[2022-06-01 00:30:36,565] {processor.py:641} INFO - Processing file /home/oury/.local/lib/python3.10/site-packages/airflow/example_dags/plugins/workday.py for tasks to queue
[2022-06-01 00:30:36,565] {logging_mixin.py:115} INFO - [2022-06-01 00:30:36,565] {dagbag.py:507} INFO - Filling up the DagBag from /home/oury/.local/lib/python3.10/site-packages/airflow/example_dags/plugins/workday.py
[2022-06-01 00:30:36,567] {processor.py:653} WARNING - No viable dags retrieved from /home/oury/.local/lib/python3.10/site-packages/airflow/example_dags/plugins/workday.py
[2022-06-01 00:30:36,576] {processor.py:161} INFO - Processing /home/oury/.local/lib/python3.10/site-packages/airflow/example_dags/plugins/workday.py took 0.014 seconds
[2022-06-01 00:31:10,204] {processor.py:153} INFO - Started process (PID=12144) to work on /home/oury/.local/lib/python3.10/site-packages/airflow/example_dags/plugins/workday.py
[2022-06-01 00:31:10,205] {processor.py:641} INFO - Processing file /home/oury/.local/lib/python3.10/site-packages/airflow/example_dags/plugins/workday.py for tasks to queue
[2022-06-01 00:31:10,205] {logging_mixin.py:115} INFO - [2022-06-01 00:31:10,205] {dagbag.py:507} INFO - Filling up the DagBag from /home/oury/.local/lib/python3.10/site-packages/airflow/example_dags/plugins/workday.py
[2022-06-01 00:31:10,207] {processor.py:653} WARNING - No viable dags retrieved from /home/oury/.local/lib/python3.10/site-packages/airflow/example_dags/plugins/workday.py
[2022-06-01 00:31:10,216] {processor.py:161} INFO - Processing /home/oury/.local/lib/python3.10/site-packages/airflow/example_dags/plugins/workday.py took 0.015 seconds
[2022-06-01 00:31:43,896] {processor.py:153} INFO - Started process (PID=12180) to work on /home/oury/.local/lib/python3.10/site-packages/airflow/example_dags/plugins/workday.py
[2022-06-01 00:31:43,897] {processor.py:641} INFO - Processing file /home/oury/.local/lib/python3.10/site-packages/airflow/example_dags/plugins/workday.py for tasks to queue
[2022-06-01 00:31:43,898] {logging_mixin.py:115} INFO - [2022-06-01 00:31:43,898] {dagbag.py:507} INFO - Filling up the DagBag from /home/oury/.local/lib/python3.10/site-packages/airflow/example_dags/plugins/workday.py
[2022-06-01 00:31:43,900] {processor.py:653} WARNING - No viable dags retrieved from /home/oury/.local/lib/python3.10/site-packages/airflow/example_dags/plugins/workday.py
[2022-06-01 00:31:43,910] {processor.py:161} INFO - Processing /home/oury/.local/lib/python3.10/site-packages/airflow/example_dags/plugins/workday.py took 0.017 seconds
[2022-06-01 00:32:15,885] {processor.py:153} INFO - Started process (PID=12318) to work on /home/oury/.local/lib/python3.10/site-packages/airflow/example_dags/plugins/workday.py
[2022-06-01 00:32:15,886] {processor.py:641} INFO - Processing file /home/oury/.local/lib/python3.10/site-packages/airflow/example_dags/plugins/workday.py for tasks to queue
[2022-06-01 00:32:15,886] {logging_mixin.py:115} INFO - [2022-06-01 00:32:15,886] {dagbag.py:507} INFO - Filling up the DagBag from /home/oury/.local/lib/python3.10/site-packages/airflow/example_dags/plugins/workday.py
[2022-06-01 00:32:15,888] {processor.py:653} WARNING - No viable dags retrieved from /home/oury/.local/lib/python3.10/site-packages/airflow/example_dags/plugins/workday.py
[2022-06-01 00:32:15,899] {processor.py:161} INFO - Processing /home/oury/.local/lib/python3.10/site-packages/airflow/example_dags/plugins/workday.py took 0.016 seconds
[2022-06-01 00:32:51,818] {processor.py:153} INFO - Started process (PID=12529) to work on /home/oury/.local/lib/python3.10/site-packages/airflow/example_dags/plugins/workday.py
[2022-06-01 00:32:51,818] {processor.py:641} INFO - Processing file /home/oury/.local/lib/python3.10/site-packages/airflow/example_dags/plugins/workday.py for tasks to queue
[2022-06-01 00:32:51,819] {logging_mixin.py:115} INFO - [2022-06-01 00:32:51,819] {dagbag.py:507} INFO - Filling up the DagBag from /home/oury/.local/lib/python3.10/site-packages/airflow/example_dags/plugins/workday.py
[2022-06-01 00:32:51,820] {processor.py:653} WARNING - No viable dags retrieved from /home/oury/.local/lib/python3.10/site-packages/airflow/example_dags/plugins/workday.py
[2022-06-01 00:32:51,829] {processor.py:161} INFO - Processing /home/oury/.local/lib/python3.10/site-packages/airflow/example_dags/plugins/workday.py took 0.014 seconds
[2022-06-01 00:33:24,257] {processor.py:153} INFO - Started process (PID=12666) to work on /home/oury/.local/lib/python3.10/site-packages/airflow/example_dags/plugins/workday.py
[2022-06-01 00:33:24,258] {processor.py:641} INFO - Processing file /home/oury/.local/lib/python3.10/site-packages/airflow/example_dags/plugins/workday.py for tasks to queue
[2022-06-01 00:33:24,259] {logging_mixin.py:115} INFO - [2022-06-01 00:33:24,258] {dagbag.py:507} INFO - Filling up the DagBag from /home/oury/.local/lib/python3.10/site-packages/airflow/example_dags/plugins/workday.py
[2022-06-01 00:33:24,260] {processor.py:653} WARNING - No viable dags retrieved from /home/oury/.local/lib/python3.10/site-packages/airflow/example_dags/plugins/workday.py
[2022-06-01 00:33:24,271] {processor.py:161} INFO - Processing /home/oury/.local/lib/python3.10/site-packages/airflow/example_dags/plugins/workday.py took 0.017 seconds
[2022-06-01 00:34:02,786] {processor.py:153} INFO - Started process (PID=12717) to work on /home/oury/.local/lib/python3.10/site-packages/airflow/example_dags/plugins/workday.py
[2022-06-01 00:34:02,787] {processor.py:641} INFO - Processing file /home/oury/.local/lib/python3.10/site-packages/airflow/example_dags/plugins/workday.py for tasks to queue
[2022-06-01 00:34:02,788] {logging_mixin.py:115} INFO - [2022-06-01 00:34:02,788] {dagbag.py:507} INFO - Filling up the DagBag from /home/oury/.local/lib/python3.10/site-packages/airflow/example_dags/plugins/workday.py
[2022-06-01 00:34:02,791] {processor.py:653} WARNING - No viable dags retrieved from /home/oury/.local/lib/python3.10/site-packages/airflow/example_dags/plugins/workday.py
[2022-06-01 00:34:02,801] {processor.py:161} INFO - Processing /home/oury/.local/lib/python3.10/site-packages/airflow/example_dags/plugins/workday.py took 0.019 seconds
[2022-06-01 00:34:40,819] {processor.py:153} INFO - Started process (PID=12825) to work on /home/oury/.local/lib/python3.10/site-packages/airflow/example_dags/plugins/workday.py
[2022-06-01 00:34:40,820] {processor.py:641} INFO - Processing file /home/oury/.local/lib/python3.10/site-packages/airflow/example_dags/plugins/workday.py for tasks to queue
[2022-06-01 00:34:40,820] {logging_mixin.py:115} INFO - [2022-06-01 00:34:40,820] {dagbag.py:507} INFO - Filling up the DagBag from /home/oury/.local/lib/python3.10/site-packages/airflow/example_dags/plugins/workday.py
[2022-06-01 00:34:40,822] {processor.py:653} WARNING - No viable dags retrieved from /home/oury/.local/lib/python3.10/site-packages/airflow/example_dags/plugins/workday.py
[2022-06-01 00:34:40,831] {processor.py:161} INFO - Processing /home/oury/.local/lib/python3.10/site-packages/airflow/example_dags/plugins/workday.py took 0.015 seconds
[2022-06-01 00:35:12,521] {processor.py:153} INFO - Started process (PID=12859) to work on /home/oury/.local/lib/python3.10/site-packages/airflow/example_dags/plugins/workday.py
[2022-06-01 00:35:12,522] {processor.py:641} INFO - Processing file /home/oury/.local/lib/python3.10/site-packages/airflow/example_dags/plugins/workday.py for tasks to queue
[2022-06-01 00:35:12,522] {logging_mixin.py:115} INFO - [2022-06-01 00:35:12,522] {dagbag.py:507} INFO - Filling up the DagBag from /home/oury/.local/lib/python3.10/site-packages/airflow/example_dags/plugins/workday.py
[2022-06-01 00:35:12,525] {processor.py:653} WARNING - No viable dags retrieved from /home/oury/.local/lib/python3.10/site-packages/airflow/example_dags/plugins/workday.py
[2022-06-01 00:35:12,534] {processor.py:161} INFO - Processing /home/oury/.local/lib/python3.10/site-packages/airflow/example_dags/plugins/workday.py took 0.016 seconds
[2022-06-01 00:35:46,256] {processor.py:153} INFO - Started process (PID=12895) to work on /home/oury/.local/lib/python3.10/site-packages/airflow/example_dags/plugins/workday.py
[2022-06-01 00:35:46,256] {processor.py:641} INFO - Processing file /home/oury/.local/lib/python3.10/site-packages/airflow/example_dags/plugins/workday.py for tasks to queue
[2022-06-01 00:35:46,257] {logging_mixin.py:115} INFO - [2022-06-01 00:35:46,257] {dagbag.py:507} INFO - Filling up the DagBag from /home/oury/.local/lib/python3.10/site-packages/airflow/example_dags/plugins/workday.py
[2022-06-01 00:35:46,259] {processor.py:653} WARNING - No viable dags retrieved from /home/oury/.local/lib/python3.10/site-packages/airflow/example_dags/plugins/workday.py
[2022-06-01 00:35:46,269] {processor.py:161} INFO - Processing /home/oury/.local/lib/python3.10/site-packages/airflow/example_dags/plugins/workday.py took 0.016 seconds
[2022-06-01 00:36:19,888] {processor.py:153} INFO - Started process (PID=12936) to work on /home/oury/.local/lib/python3.10/site-packages/airflow/example_dags/plugins/workday.py
[2022-06-01 00:36:19,889] {processor.py:641} INFO - Processing file /home/oury/.local/lib/python3.10/site-packages/airflow/example_dags/plugins/workday.py for tasks to queue
[2022-06-01 00:36:19,889] {logging_mixin.py:115} INFO - [2022-06-01 00:36:19,889] {dagbag.py:507} INFO - Filling up the DagBag from /home/oury/.local/lib/python3.10/site-packages/airflow/example_dags/plugins/workday.py
[2022-06-01 00:36:19,891] {processor.py:653} WARNING - No viable dags retrieved from /home/oury/.local/lib/python3.10/site-packages/airflow/example_dags/plugins/workday.py
[2022-06-01 00:36:19,901] {processor.py:161} INFO - Processing /home/oury/.local/lib/python3.10/site-packages/airflow/example_dags/plugins/workday.py took 0.015 seconds
[2022-06-01 00:36:52,053] {processor.py:153} INFO - Started process (PID=12979) to work on /home/oury/.local/lib/python3.10/site-packages/airflow/example_dags/plugins/workday.py
[2022-06-01 00:36:52,054] {processor.py:641} INFO - Processing file /home/oury/.local/lib/python3.10/site-packages/airflow/example_dags/plugins/workday.py for tasks to queue
[2022-06-01 00:36:52,054] {logging_mixin.py:115} INFO - [2022-06-01 00:36:52,054] {dagbag.py:507} INFO - Filling up the DagBag from /home/oury/.local/lib/python3.10/site-packages/airflow/example_dags/plugins/workday.py
[2022-06-01 00:36:52,055] {processor.py:653} WARNING - No viable dags retrieved from /home/oury/.local/lib/python3.10/site-packages/airflow/example_dags/plugins/workday.py
[2022-06-01 00:36:52,064] {processor.py:161} INFO - Processing /home/oury/.local/lib/python3.10/site-packages/airflow/example_dags/plugins/workday.py took 0.013 seconds
[2022-06-01 00:37:26,977] {processor.py:153} INFO - Started process (PID=13095) to work on /home/oury/.local/lib/python3.10/site-packages/airflow/example_dags/plugins/workday.py
[2022-06-01 00:37:26,978] {processor.py:641} INFO - Processing file /home/oury/.local/lib/python3.10/site-packages/airflow/example_dags/plugins/workday.py for tasks to queue
[2022-06-01 00:37:26,979] {logging_mixin.py:115} INFO - [2022-06-01 00:37:26,978] {dagbag.py:507} INFO - Filling up the DagBag from /home/oury/.local/lib/python3.10/site-packages/airflow/example_dags/plugins/workday.py
[2022-06-01 00:37:26,980] {processor.py:653} WARNING - No viable dags retrieved from /home/oury/.local/lib/python3.10/site-packages/airflow/example_dags/plugins/workday.py
[2022-06-01 00:37:26,991] {processor.py:161} INFO - Processing /home/oury/.local/lib/python3.10/site-packages/airflow/example_dags/plugins/workday.py took 0.015 seconds
[2022-06-01 00:38:00,110] {processor.py:153} INFO - Started process (PID=13130) to work on /home/oury/.local/lib/python3.10/site-packages/airflow/example_dags/plugins/workday.py
[2022-06-01 00:38:00,111] {processor.py:641} INFO - Processing file /home/oury/.local/lib/python3.10/site-packages/airflow/example_dags/plugins/workday.py for tasks to queue
[2022-06-01 00:38:00,112] {logging_mixin.py:115} INFO - [2022-06-01 00:38:00,111] {dagbag.py:507} INFO - Filling up the DagBag from /home/oury/.local/lib/python3.10/site-packages/airflow/example_dags/plugins/workday.py
[2022-06-01 00:38:00,114] {processor.py:653} WARNING - No viable dags retrieved from /home/oury/.local/lib/python3.10/site-packages/airflow/example_dags/plugins/workday.py
[2022-06-01 00:38:00,124] {processor.py:161} INFO - Processing /home/oury/.local/lib/python3.10/site-packages/airflow/example_dags/plugins/workday.py took 0.019 seconds
[2022-06-01 00:38:33,188] {processor.py:153} INFO - Started process (PID=13171) to work on /home/oury/.local/lib/python3.10/site-packages/airflow/example_dags/plugins/workday.py
[2022-06-01 00:38:33,188] {processor.py:641} INFO - Processing file /home/oury/.local/lib/python3.10/site-packages/airflow/example_dags/plugins/workday.py for tasks to queue
[2022-06-01 00:38:33,188] {logging_mixin.py:115} INFO - [2022-06-01 00:38:33,188] {dagbag.py:507} INFO - Filling up the DagBag from /home/oury/.local/lib/python3.10/site-packages/airflow/example_dags/plugins/workday.py
[2022-06-01 00:38:33,190] {processor.py:653} WARNING - No viable dags retrieved from /home/oury/.local/lib/python3.10/site-packages/airflow/example_dags/plugins/workday.py
[2022-06-01 00:38:33,199] {processor.py:161} INFO - Processing /home/oury/.local/lib/python3.10/site-packages/airflow/example_dags/plugins/workday.py took 0.015 seconds
[2022-06-01 00:39:06,836] {processor.py:153} INFO - Started process (PID=13206) to work on /home/oury/.local/lib/python3.10/site-packages/airflow/example_dags/plugins/workday.py
[2022-06-01 00:39:06,836] {processor.py:641} INFO - Processing file /home/oury/.local/lib/python3.10/site-packages/airflow/example_dags/plugins/workday.py for tasks to queue
[2022-06-01 00:39:06,837] {logging_mixin.py:115} INFO - [2022-06-01 00:39:06,837] {dagbag.py:507} INFO - Filling up the DagBag from /home/oury/.local/lib/python3.10/site-packages/airflow/example_dags/plugins/workday.py
[2022-06-01 00:39:06,838] {processor.py:653} WARNING - No viable dags retrieved from /home/oury/.local/lib/python3.10/site-packages/airflow/example_dags/plugins/workday.py
[2022-06-01 00:39:06,847] {processor.py:161} INFO - Processing /home/oury/.local/lib/python3.10/site-packages/airflow/example_dags/plugins/workday.py took 0.014 seconds
[2022-06-01 00:39:40,013] {processor.py:153} INFO - Started process (PID=13376) to work on /home/oury/.local/lib/python3.10/site-packages/airflow/example_dags/plugins/workday.py
[2022-06-01 00:39:40,014] {processor.py:641} INFO - Processing file /home/oury/.local/lib/python3.10/site-packages/airflow/example_dags/plugins/workday.py for tasks to queue
[2022-06-01 00:39:40,014] {logging_mixin.py:115} INFO - [2022-06-01 00:39:40,014] {dagbag.py:507} INFO - Filling up the DagBag from /home/oury/.local/lib/python3.10/site-packages/airflow/example_dags/plugins/workday.py
[2022-06-01 00:39:40,016] {processor.py:653} WARNING - No viable dags retrieved from /home/oury/.local/lib/python3.10/site-packages/airflow/example_dags/plugins/workday.py
[2022-06-01 00:39:40,025] {processor.py:161} INFO - Processing /home/oury/.local/lib/python3.10/site-packages/airflow/example_dags/plugins/workday.py took 0.014 seconds
[2022-06-01 00:40:14,166] {processor.py:153} INFO - Started process (PID=13447) to work on /home/oury/.local/lib/python3.10/site-packages/airflow/example_dags/plugins/workday.py
[2022-06-01 00:40:14,167] {processor.py:641} INFO - Processing file /home/oury/.local/lib/python3.10/site-packages/airflow/example_dags/plugins/workday.py for tasks to queue
[2022-06-01 00:40:14,168] {logging_mixin.py:115} INFO - [2022-06-01 00:40:14,168] {dagbag.py:507} INFO - Filling up the DagBag from /home/oury/.local/lib/python3.10/site-packages/airflow/example_dags/plugins/workday.py
[2022-06-01 00:40:14,169] {processor.py:653} WARNING - No viable dags retrieved from /home/oury/.local/lib/python3.10/site-packages/airflow/example_dags/plugins/workday.py
[2022-06-01 00:40:14,180] {processor.py:161} INFO - Processing /home/oury/.local/lib/python3.10/site-packages/airflow/example_dags/plugins/workday.py took 0.016 seconds
[2022-06-01 00:40:46,761] {processor.py:153} INFO - Started process (PID=13486) to work on /home/oury/.local/lib/python3.10/site-packages/airflow/example_dags/plugins/workday.py
[2022-06-01 00:40:46,761] {processor.py:641} INFO - Processing file /home/oury/.local/lib/python3.10/site-packages/airflow/example_dags/plugins/workday.py for tasks to queue
[2022-06-01 00:40:46,762] {logging_mixin.py:115} INFO - [2022-06-01 00:40:46,762] {dagbag.py:507} INFO - Filling up the DagBag from /home/oury/.local/lib/python3.10/site-packages/airflow/example_dags/plugins/workday.py
[2022-06-01 00:40:46,764] {processor.py:653} WARNING - No viable dags retrieved from /home/oury/.local/lib/python3.10/site-packages/airflow/example_dags/plugins/workday.py
[2022-06-01 00:40:46,775] {processor.py:161} INFO - Processing /home/oury/.local/lib/python3.10/site-packages/airflow/example_dags/plugins/workday.py took 0.017 seconds
[2022-06-01 00:41:18,360] {processor.py:153} INFO - Started process (PID=13528) to work on /home/oury/.local/lib/python3.10/site-packages/airflow/example_dags/plugins/workday.py
[2022-06-01 00:41:18,361] {processor.py:641} INFO - Processing file /home/oury/.local/lib/python3.10/site-packages/airflow/example_dags/plugins/workday.py for tasks to queue
[2022-06-01 00:41:18,362] {logging_mixin.py:115} INFO - [2022-06-01 00:41:18,361] {dagbag.py:507} INFO - Filling up the DagBag from /home/oury/.local/lib/python3.10/site-packages/airflow/example_dags/plugins/workday.py
[2022-06-01 00:41:18,364] {processor.py:653} WARNING - No viable dags retrieved from /home/oury/.local/lib/python3.10/site-packages/airflow/example_dags/plugins/workday.py
[2022-06-01 00:41:18,374] {processor.py:161} INFO - Processing /home/oury/.local/lib/python3.10/site-packages/airflow/example_dags/plugins/workday.py took 0.017 seconds
[2022-06-01 00:41:52,398] {processor.py:153} INFO - Started process (PID=13681) to work on /home/oury/.local/lib/python3.10/site-packages/airflow/example_dags/plugins/workday.py
[2022-06-01 00:41:52,399] {processor.py:641} INFO - Processing file /home/oury/.local/lib/python3.10/site-packages/airflow/example_dags/plugins/workday.py for tasks to queue
[2022-06-01 00:41:52,399] {logging_mixin.py:115} INFO - [2022-06-01 00:41:52,399] {dagbag.py:507} INFO - Filling up the DagBag from /home/oury/.local/lib/python3.10/site-packages/airflow/example_dags/plugins/workday.py
[2022-06-01 00:41:52,401] {processor.py:653} WARNING - No viable dags retrieved from /home/oury/.local/lib/python3.10/site-packages/airflow/example_dags/plugins/workday.py
[2022-06-01 00:41:52,411] {processor.py:161} INFO - Processing /home/oury/.local/lib/python3.10/site-packages/airflow/example_dags/plugins/workday.py took 0.015 seconds
[2022-06-01 00:42:24,875] {processor.py:153} INFO - Started process (PID=13771) to work on /home/oury/.local/lib/python3.10/site-packages/airflow/example_dags/plugins/workday.py
[2022-06-01 00:42:24,875] {processor.py:641} INFO - Processing file /home/oury/.local/lib/python3.10/site-packages/airflow/example_dags/plugins/workday.py for tasks to queue
[2022-06-01 00:42:24,876] {logging_mixin.py:115} INFO - [2022-06-01 00:42:24,876] {dagbag.py:507} INFO - Filling up the DagBag from /home/oury/.local/lib/python3.10/site-packages/airflow/example_dags/plugins/workday.py
[2022-06-01 00:42:24,880] {processor.py:653} WARNING - No viable dags retrieved from /home/oury/.local/lib/python3.10/site-packages/airflow/example_dags/plugins/workday.py
[2022-06-01 00:42:24,899] {processor.py:161} INFO - Processing /home/oury/.local/lib/python3.10/site-packages/airflow/example_dags/plugins/workday.py took 0.028 seconds
[2022-06-01 00:42:58,497] {processor.py:153} INFO - Started process (PID=13832) to work on /home/oury/.local/lib/python3.10/site-packages/airflow/example_dags/plugins/workday.py
[2022-06-01 00:42:58,498] {processor.py:641} INFO - Processing file /home/oury/.local/lib/python3.10/site-packages/airflow/example_dags/plugins/workday.py for tasks to queue
[2022-06-01 00:42:58,498] {logging_mixin.py:115} INFO - [2022-06-01 00:42:58,498] {dagbag.py:507} INFO - Filling up the DagBag from /home/oury/.local/lib/python3.10/site-packages/airflow/example_dags/plugins/workday.py
[2022-06-01 00:42:58,500] {processor.py:653} WARNING - No viable dags retrieved from /home/oury/.local/lib/python3.10/site-packages/airflow/example_dags/plugins/workday.py
[2022-06-01 00:42:58,510] {processor.py:161} INFO - Processing /home/oury/.local/lib/python3.10/site-packages/airflow/example_dags/plugins/workday.py took 0.015 seconds
[2022-06-01 00:43:31,905] {processor.py:153} INFO - Started process (PID=13871) to work on /home/oury/.local/lib/python3.10/site-packages/airflow/example_dags/plugins/workday.py
[2022-06-01 00:43:31,906] {processor.py:641} INFO - Processing file /home/oury/.local/lib/python3.10/site-packages/airflow/example_dags/plugins/workday.py for tasks to queue
[2022-06-01 00:43:31,906] {logging_mixin.py:115} INFO - [2022-06-01 00:43:31,906] {dagbag.py:507} INFO - Filling up the DagBag from /home/oury/.local/lib/python3.10/site-packages/airflow/example_dags/plugins/workday.py
[2022-06-01 00:43:31,908] {processor.py:653} WARNING - No viable dags retrieved from /home/oury/.local/lib/python3.10/site-packages/airflow/example_dags/plugins/workday.py
[2022-06-01 00:43:31,916] {processor.py:161} INFO - Processing /home/oury/.local/lib/python3.10/site-packages/airflow/example_dags/plugins/workday.py took 0.014 seconds
[2022-06-01 00:44:05,041] {processor.py:153} INFO - Started process (PID=13956) to work on /home/oury/.local/lib/python3.10/site-packages/airflow/example_dags/plugins/workday.py
[2022-06-01 00:44:05,041] {processor.py:641} INFO - Processing file /home/oury/.local/lib/python3.10/site-packages/airflow/example_dags/plugins/workday.py for tasks to queue
[2022-06-01 00:44:05,042] {logging_mixin.py:115} INFO - [2022-06-01 00:44:05,042] {dagbag.py:507} INFO - Filling up the DagBag from /home/oury/.local/lib/python3.10/site-packages/airflow/example_dags/plugins/workday.py
[2022-06-01 00:44:05,044] {processor.py:653} WARNING - No viable dags retrieved from /home/oury/.local/lib/python3.10/site-packages/airflow/example_dags/plugins/workday.py
[2022-06-01 00:44:05,058] {processor.py:161} INFO - Processing /home/oury/.local/lib/python3.10/site-packages/airflow/example_dags/plugins/workday.py took 0.019 seconds
[2022-06-01 00:44:36,806] {processor.py:153} INFO - Started process (PID=14044) to work on /home/oury/.local/lib/python3.10/site-packages/airflow/example_dags/plugins/workday.py
[2022-06-01 00:44:36,807] {processor.py:641} INFO - Processing file /home/oury/.local/lib/python3.10/site-packages/airflow/example_dags/plugins/workday.py for tasks to queue
[2022-06-01 00:44:36,807] {logging_mixin.py:115} INFO - [2022-06-01 00:44:36,807] {dagbag.py:507} INFO - Filling up the DagBag from /home/oury/.local/lib/python3.10/site-packages/airflow/example_dags/plugins/workday.py
[2022-06-01 00:44:36,809] {processor.py:653} WARNING - No viable dags retrieved from /home/oury/.local/lib/python3.10/site-packages/airflow/example_dags/plugins/workday.py
[2022-06-01 00:44:36,819] {processor.py:161} INFO - Processing /home/oury/.local/lib/python3.10/site-packages/airflow/example_dags/plugins/workday.py took 0.016 seconds
[2022-06-01 00:45:11,575] {processor.py:153} INFO - Started process (PID=14208) to work on /home/oury/.local/lib/python3.10/site-packages/airflow/example_dags/plugins/workday.py
[2022-06-01 00:45:11,576] {processor.py:641} INFO - Processing file /home/oury/.local/lib/python3.10/site-packages/airflow/example_dags/plugins/workday.py for tasks to queue
[2022-06-01 00:45:11,584] {logging_mixin.py:115} INFO - [2022-06-01 00:45:11,583] {dagbag.py:507} INFO - Filling up the DagBag from /home/oury/.local/lib/python3.10/site-packages/airflow/example_dags/plugins/workday.py
[2022-06-01 00:45:11,589] {processor.py:653} WARNING - No viable dags retrieved from /home/oury/.local/lib/python3.10/site-packages/airflow/example_dags/plugins/workday.py
[2022-06-01 00:45:11,625] {processor.py:161} INFO - Processing /home/oury/.local/lib/python3.10/site-packages/airflow/example_dags/plugins/workday.py took 0.056 seconds
[2022-06-01 00:45:44,605] {processor.py:153} INFO - Started process (PID=14349) to work on /home/oury/.local/lib/python3.10/site-packages/airflow/example_dags/plugins/workday.py
[2022-06-01 00:45:44,606] {processor.py:641} INFO - Processing file /home/oury/.local/lib/python3.10/site-packages/airflow/example_dags/plugins/workday.py for tasks to queue
[2022-06-01 00:45:44,607] {logging_mixin.py:115} INFO - [2022-06-01 00:45:44,606] {dagbag.py:507} INFO - Filling up the DagBag from /home/oury/.local/lib/python3.10/site-packages/airflow/example_dags/plugins/workday.py
[2022-06-01 00:45:44,609] {processor.py:653} WARNING - No viable dags retrieved from /home/oury/.local/lib/python3.10/site-packages/airflow/example_dags/plugins/workday.py
[2022-06-01 00:45:44,619] {processor.py:161} INFO - Processing /home/oury/.local/lib/python3.10/site-packages/airflow/example_dags/plugins/workday.py took 0.016 seconds
[2022-06-01 00:46:17,142] {processor.py:153} INFO - Started process (PID=14388) to work on /home/oury/.local/lib/python3.10/site-packages/airflow/example_dags/plugins/workday.py
[2022-06-01 00:46:17,142] {processor.py:641} INFO - Processing file /home/oury/.local/lib/python3.10/site-packages/airflow/example_dags/plugins/workday.py for tasks to queue
[2022-06-01 00:46:17,143] {logging_mixin.py:115} INFO - [2022-06-01 00:46:17,143] {dagbag.py:507} INFO - Filling up the DagBag from /home/oury/.local/lib/python3.10/site-packages/airflow/example_dags/plugins/workday.py
[2022-06-01 00:46:17,144] {processor.py:653} WARNING - No viable dags retrieved from /home/oury/.local/lib/python3.10/site-packages/airflow/example_dags/plugins/workday.py
[2022-06-01 00:46:17,156] {processor.py:161} INFO - Processing /home/oury/.local/lib/python3.10/site-packages/airflow/example_dags/plugins/workday.py took 0.016 seconds
[2022-06-01 00:46:50,354] {processor.py:153} INFO - Started process (PID=14424) to work on /home/oury/.local/lib/python3.10/site-packages/airflow/example_dags/plugins/workday.py
[2022-06-01 00:46:50,354] {processor.py:641} INFO - Processing file /home/oury/.local/lib/python3.10/site-packages/airflow/example_dags/plugins/workday.py for tasks to queue
[2022-06-01 00:46:50,355] {logging_mixin.py:115} INFO - [2022-06-01 00:46:50,355] {dagbag.py:507} INFO - Filling up the DagBag from /home/oury/.local/lib/python3.10/site-packages/airflow/example_dags/plugins/workday.py
[2022-06-01 00:46:50,356] {processor.py:653} WARNING - No viable dags retrieved from /home/oury/.local/lib/python3.10/site-packages/airflow/example_dags/plugins/workday.py
[2022-06-01 00:46:50,367] {processor.py:161} INFO - Processing /home/oury/.local/lib/python3.10/site-packages/airflow/example_dags/plugins/workday.py took 0.016 seconds
[2022-06-01 00:47:23,981] {processor.py:153} INFO - Started process (PID=14459) to work on /home/oury/.local/lib/python3.10/site-packages/airflow/example_dags/plugins/workday.py
[2022-06-01 00:47:23,982] {processor.py:641} INFO - Processing file /home/oury/.local/lib/python3.10/site-packages/airflow/example_dags/plugins/workday.py for tasks to queue
[2022-06-01 00:47:23,982] {logging_mixin.py:115} INFO - [2022-06-01 00:47:23,982] {dagbag.py:507} INFO - Filling up the DagBag from /home/oury/.local/lib/python3.10/site-packages/airflow/example_dags/plugins/workday.py
[2022-06-01 00:47:23,984] {processor.py:653} WARNING - No viable dags retrieved from /home/oury/.local/lib/python3.10/site-packages/airflow/example_dags/plugins/workday.py
[2022-06-01 00:47:23,995] {processor.py:161} INFO - Processing /home/oury/.local/lib/python3.10/site-packages/airflow/example_dags/plugins/workday.py took 0.016 seconds
[2022-06-01 00:47:57,089] {processor.py:153} INFO - Started process (PID=14495) to work on /home/oury/.local/lib/python3.10/site-packages/airflow/example_dags/plugins/workday.py
[2022-06-01 00:47:57,089] {processor.py:641} INFO - Processing file /home/oury/.local/lib/python3.10/site-packages/airflow/example_dags/plugins/workday.py for tasks to queue
[2022-06-01 00:47:57,090] {logging_mixin.py:115} INFO - [2022-06-01 00:47:57,090] {dagbag.py:507} INFO - Filling up the DagBag from /home/oury/.local/lib/python3.10/site-packages/airflow/example_dags/plugins/workday.py
[2022-06-01 00:47:57,092] {processor.py:653} WARNING - No viable dags retrieved from /home/oury/.local/lib/python3.10/site-packages/airflow/example_dags/plugins/workday.py
[2022-06-01 00:47:57,102] {processor.py:161} INFO - Processing /home/oury/.local/lib/python3.10/site-packages/airflow/example_dags/plugins/workday.py took 0.016 seconds
[2022-06-01 00:48:30,857] {processor.py:153} INFO - Started process (PID=14529) to work on /home/oury/.local/lib/python3.10/site-packages/airflow/example_dags/plugins/workday.py
[2022-06-01 00:48:30,858] {processor.py:641} INFO - Processing file /home/oury/.local/lib/python3.10/site-packages/airflow/example_dags/plugins/workday.py for tasks to queue
[2022-06-01 00:48:30,858] {logging_mixin.py:115} INFO - [2022-06-01 00:48:30,858] {dagbag.py:507} INFO - Filling up the DagBag from /home/oury/.local/lib/python3.10/site-packages/airflow/example_dags/plugins/workday.py
[2022-06-01 00:48:30,860] {processor.py:653} WARNING - No viable dags retrieved from /home/oury/.local/lib/python3.10/site-packages/airflow/example_dags/plugins/workday.py
[2022-06-01 00:48:30,871] {processor.py:161} INFO - Processing /home/oury/.local/lib/python3.10/site-packages/airflow/example_dags/plugins/workday.py took 0.017 seconds
[2022-06-01 00:49:03,018] {processor.py:153} INFO - Started process (PID=14563) to work on /home/oury/.local/lib/python3.10/site-packages/airflow/example_dags/plugins/workday.py
[2022-06-01 00:49:03,018] {processor.py:641} INFO - Processing file /home/oury/.local/lib/python3.10/site-packages/airflow/example_dags/plugins/workday.py for tasks to queue
[2022-06-01 00:49:03,019] {logging_mixin.py:115} INFO - [2022-06-01 00:49:03,019] {dagbag.py:507} INFO - Filling up the DagBag from /home/oury/.local/lib/python3.10/site-packages/airflow/example_dags/plugins/workday.py
[2022-06-01 00:49:03,022] {processor.py:653} WARNING - No viable dags retrieved from /home/oury/.local/lib/python3.10/site-packages/airflow/example_dags/plugins/workday.py
[2022-06-01 00:49:03,036] {processor.py:161} INFO - Processing /home/oury/.local/lib/python3.10/site-packages/airflow/example_dags/plugins/workday.py took 0.022 seconds
[2022-06-01 00:49:37,459] {processor.py:153} INFO - Started process (PID=14678) to work on /home/oury/.local/lib/python3.10/site-packages/airflow/example_dags/plugins/workday.py
[2022-06-01 00:49:37,460] {processor.py:641} INFO - Processing file /home/oury/.local/lib/python3.10/site-packages/airflow/example_dags/plugins/workday.py for tasks to queue
[2022-06-01 00:49:37,461] {logging_mixin.py:115} INFO - [2022-06-01 00:49:37,460] {dagbag.py:507} INFO - Filling up the DagBag from /home/oury/.local/lib/python3.10/site-packages/airflow/example_dags/plugins/workday.py
[2022-06-01 00:49:37,462] {processor.py:653} WARNING - No viable dags retrieved from /home/oury/.local/lib/python3.10/site-packages/airflow/example_dags/plugins/workday.py
[2022-06-01 00:49:37,470] {processor.py:161} INFO - Processing /home/oury/.local/lib/python3.10/site-packages/airflow/example_dags/plugins/workday.py took 0.016 seconds
[2022-06-01 00:50:09,749] {processor.py:153} INFO - Started process (PID=14802) to work on /home/oury/.local/lib/python3.10/site-packages/airflow/example_dags/plugins/workday.py
[2022-06-01 00:50:09,749] {processor.py:641} INFO - Processing file /home/oury/.local/lib/python3.10/site-packages/airflow/example_dags/plugins/workday.py for tasks to queue
[2022-06-01 00:50:09,749] {logging_mixin.py:115} INFO - [2022-06-01 00:50:09,749] {dagbag.py:507} INFO - Filling up the DagBag from /home/oury/.local/lib/python3.10/site-packages/airflow/example_dags/plugins/workday.py
[2022-06-01 00:50:09,751] {processor.py:653} WARNING - No viable dags retrieved from /home/oury/.local/lib/python3.10/site-packages/airflow/example_dags/plugins/workday.py
[2022-06-01 00:50:09,760] {processor.py:161} INFO - Processing /home/oury/.local/lib/python3.10/site-packages/airflow/example_dags/plugins/workday.py took 0.014 seconds
[2022-06-01 00:50:42,574] {processor.py:153} INFO - Started process (PID=14914) to work on /home/oury/.local/lib/python3.10/site-packages/airflow/example_dags/plugins/workday.py
[2022-06-01 00:50:42,574] {processor.py:641} INFO - Processing file /home/oury/.local/lib/python3.10/site-packages/airflow/example_dags/plugins/workday.py for tasks to queue
[2022-06-01 00:50:42,575] {logging_mixin.py:115} INFO - [2022-06-01 00:50:42,575] {dagbag.py:507} INFO - Filling up the DagBag from /home/oury/.local/lib/python3.10/site-packages/airflow/example_dags/plugins/workday.py
[2022-06-01 00:50:42,576] {processor.py:653} WARNING - No viable dags retrieved from /home/oury/.local/lib/python3.10/site-packages/airflow/example_dags/plugins/workday.py
[2022-06-01 00:50:42,584] {processor.py:161} INFO - Processing /home/oury/.local/lib/python3.10/site-packages/airflow/example_dags/plugins/workday.py took 0.013 seconds
[2022-06-01 00:51:15,744] {processor.py:153} INFO - Started process (PID=15005) to work on /home/oury/.local/lib/python3.10/site-packages/airflow/example_dags/plugins/workday.py
[2022-06-01 00:51:15,745] {processor.py:641} INFO - Processing file /home/oury/.local/lib/python3.10/site-packages/airflow/example_dags/plugins/workday.py for tasks to queue
[2022-06-01 00:51:15,745] {logging_mixin.py:115} INFO - [2022-06-01 00:51:15,745] {dagbag.py:507} INFO - Filling up the DagBag from /home/oury/.local/lib/python3.10/site-packages/airflow/example_dags/plugins/workday.py
[2022-06-01 00:51:15,747] {processor.py:653} WARNING - No viable dags retrieved from /home/oury/.local/lib/python3.10/site-packages/airflow/example_dags/plugins/workday.py
[2022-06-01 00:51:15,755] {processor.py:161} INFO - Processing /home/oury/.local/lib/python3.10/site-packages/airflow/example_dags/plugins/workday.py took 0.013 seconds
[2022-06-01 00:51:47,849] {processor.py:153} INFO - Started process (PID=15067) to work on /home/oury/.local/lib/python3.10/site-packages/airflow/example_dags/plugins/workday.py
[2022-06-01 00:51:47,850] {processor.py:641} INFO - Processing file /home/oury/.local/lib/python3.10/site-packages/airflow/example_dags/plugins/workday.py for tasks to queue
[2022-06-01 00:51:47,850] {logging_mixin.py:115} INFO - [2022-06-01 00:51:47,850] {dagbag.py:507} INFO - Filling up the DagBag from /home/oury/.local/lib/python3.10/site-packages/airflow/example_dags/plugins/workday.py
[2022-06-01 00:51:47,852] {processor.py:653} WARNING - No viable dags retrieved from /home/oury/.local/lib/python3.10/site-packages/airflow/example_dags/plugins/workday.py
[2022-06-01 00:51:47,862] {processor.py:161} INFO - Processing /home/oury/.local/lib/python3.10/site-packages/airflow/example_dags/plugins/workday.py took 0.015 seconds
[2022-06-01 00:52:21,064] {processor.py:153} INFO - Started process (PID=15108) to work on /home/oury/.local/lib/python3.10/site-packages/airflow/example_dags/plugins/workday.py
[2022-06-01 00:52:21,064] {processor.py:641} INFO - Processing file /home/oury/.local/lib/python3.10/site-packages/airflow/example_dags/plugins/workday.py for tasks to queue
[2022-06-01 00:52:21,065] {logging_mixin.py:115} INFO - [2022-06-01 00:52:21,065] {dagbag.py:507} INFO - Filling up the DagBag from /home/oury/.local/lib/python3.10/site-packages/airflow/example_dags/plugins/workday.py
[2022-06-01 00:52:21,066] {processor.py:653} WARNING - No viable dags retrieved from /home/oury/.local/lib/python3.10/site-packages/airflow/example_dags/plugins/workday.py
[2022-06-01 00:52:21,074] {processor.py:161} INFO - Processing /home/oury/.local/lib/python3.10/site-packages/airflow/example_dags/plugins/workday.py took 0.013 seconds
[2022-06-01 00:52:54,746] {processor.py:153} INFO - Started process (PID=15191) to work on /home/oury/.local/lib/python3.10/site-packages/airflow/example_dags/plugins/workday.py
[2022-06-01 00:52:54,747] {processor.py:641} INFO - Processing file /home/oury/.local/lib/python3.10/site-packages/airflow/example_dags/plugins/workday.py for tasks to queue
[2022-06-01 00:52:54,747] {logging_mixin.py:115} INFO - [2022-06-01 00:52:54,747] {dagbag.py:507} INFO - Filling up the DagBag from /home/oury/.local/lib/python3.10/site-packages/airflow/example_dags/plugins/workday.py
[2022-06-01 00:52:54,750] {processor.py:653} WARNING - No viable dags retrieved from /home/oury/.local/lib/python3.10/site-packages/airflow/example_dags/plugins/workday.py
[2022-06-01 00:52:54,760] {processor.py:161} INFO - Processing /home/oury/.local/lib/python3.10/site-packages/airflow/example_dags/plugins/workday.py took 0.017 seconds
[2022-06-01 00:53:29,741] {processor.py:153} INFO - Started process (PID=15440) to work on /home/oury/.local/lib/python3.10/site-packages/airflow/example_dags/plugins/workday.py
[2022-06-01 00:53:29,741] {processor.py:641} INFO - Processing file /home/oury/.local/lib/python3.10/site-packages/airflow/example_dags/plugins/workday.py for tasks to queue
[2022-06-01 00:53:29,742] {logging_mixin.py:115} INFO - [2022-06-01 00:53:29,742] {dagbag.py:507} INFO - Filling up the DagBag from /home/oury/.local/lib/python3.10/site-packages/airflow/example_dags/plugins/workday.py
[2022-06-01 00:53:29,743] {processor.py:653} WARNING - No viable dags retrieved from /home/oury/.local/lib/python3.10/site-packages/airflow/example_dags/plugins/workday.py
[2022-06-01 00:53:29,752] {processor.py:161} INFO - Processing /home/oury/.local/lib/python3.10/site-packages/airflow/example_dags/plugins/workday.py took 0.014 seconds
[2022-06-01 00:54:02,860] {processor.py:153} INFO - Started process (PID=15506) to work on /home/oury/.local/lib/python3.10/site-packages/airflow/example_dags/plugins/workday.py
[2022-06-01 00:54:02,860] {processor.py:641} INFO - Processing file /home/oury/.local/lib/python3.10/site-packages/airflow/example_dags/plugins/workday.py for tasks to queue
[2022-06-01 00:54:02,861] {logging_mixin.py:115} INFO - [2022-06-01 00:54:02,861] {dagbag.py:507} INFO - Filling up the DagBag from /home/oury/.local/lib/python3.10/site-packages/airflow/example_dags/plugins/workday.py
[2022-06-01 00:54:02,862] {processor.py:653} WARNING - No viable dags retrieved from /home/oury/.local/lib/python3.10/site-packages/airflow/example_dags/plugins/workday.py
[2022-06-01 00:54:02,870] {processor.py:161} INFO - Processing /home/oury/.local/lib/python3.10/site-packages/airflow/example_dags/plugins/workday.py took 0.013 seconds
[2022-06-01 00:54:35,851] {processor.py:153} INFO - Started process (PID=15613) to work on /home/oury/.local/lib/python3.10/site-packages/airflow/example_dags/plugins/workday.py
[2022-06-01 00:54:35,852] {processor.py:641} INFO - Processing file /home/oury/.local/lib/python3.10/site-packages/airflow/example_dags/plugins/workday.py for tasks to queue
[2022-06-01 00:54:35,852] {logging_mixin.py:115} INFO - [2022-06-01 00:54:35,852] {dagbag.py:507} INFO - Filling up the DagBag from /home/oury/.local/lib/python3.10/site-packages/airflow/example_dags/plugins/workday.py
[2022-06-01 00:54:35,854] {processor.py:653} WARNING - No viable dags retrieved from /home/oury/.local/lib/python3.10/site-packages/airflow/example_dags/plugins/workday.py
[2022-06-01 00:54:35,863] {processor.py:161} INFO - Processing /home/oury/.local/lib/python3.10/site-packages/airflow/example_dags/plugins/workday.py took 0.015 seconds
[2022-06-01 00:55:08,718] {processor.py:153} INFO - Started process (PID=15651) to work on /home/oury/.local/lib/python3.10/site-packages/airflow/example_dags/plugins/workday.py
[2022-06-01 00:55:08,719] {processor.py:641} INFO - Processing file /home/oury/.local/lib/python3.10/site-packages/airflow/example_dags/plugins/workday.py for tasks to queue
[2022-06-01 00:55:08,719] {logging_mixin.py:115} INFO - [2022-06-01 00:55:08,719] {dagbag.py:507} INFO - Filling up the DagBag from /home/oury/.local/lib/python3.10/site-packages/airflow/example_dags/plugins/workday.py
[2022-06-01 00:55:08,721] {processor.py:653} WARNING - No viable dags retrieved from /home/oury/.local/lib/python3.10/site-packages/airflow/example_dags/plugins/workday.py
[2022-06-01 00:55:08,730] {processor.py:161} INFO - Processing /home/oury/.local/lib/python3.10/site-packages/airflow/example_dags/plugins/workday.py took 0.014 seconds
[2022-06-01 00:55:42,049] {processor.py:153} INFO - Started process (PID=15840) to work on /home/oury/.local/lib/python3.10/site-packages/airflow/example_dags/plugins/workday.py
[2022-06-01 00:55:42,049] {processor.py:641} INFO - Processing file /home/oury/.local/lib/python3.10/site-packages/airflow/example_dags/plugins/workday.py for tasks to queue
[2022-06-01 00:55:42,050] {logging_mixin.py:115} INFO - [2022-06-01 00:55:42,050] {dagbag.py:507} INFO - Filling up the DagBag from /home/oury/.local/lib/python3.10/site-packages/airflow/example_dags/plugins/workday.py
[2022-06-01 00:55:42,053] {processor.py:653} WARNING - No viable dags retrieved from /home/oury/.local/lib/python3.10/site-packages/airflow/example_dags/plugins/workday.py
[2022-06-01 00:55:42,064] {processor.py:161} INFO - Processing /home/oury/.local/lib/python3.10/site-packages/airflow/example_dags/plugins/workday.py took 0.018 seconds
[2022-06-01 00:56:14,621] {processor.py:153} INFO - Started process (PID=15875) to work on /home/oury/.local/lib/python3.10/site-packages/airflow/example_dags/plugins/workday.py
[2022-06-01 00:56:14,622] {processor.py:641} INFO - Processing file /home/oury/.local/lib/python3.10/site-packages/airflow/example_dags/plugins/workday.py for tasks to queue
[2022-06-01 00:56:14,622] {logging_mixin.py:115} INFO - [2022-06-01 00:56:14,622] {dagbag.py:507} INFO - Filling up the DagBag from /home/oury/.local/lib/python3.10/site-packages/airflow/example_dags/plugins/workday.py
[2022-06-01 00:56:14,624] {processor.py:653} WARNING - No viable dags retrieved from /home/oury/.local/lib/python3.10/site-packages/airflow/example_dags/plugins/workday.py
[2022-06-01 00:56:14,633] {processor.py:161} INFO - Processing /home/oury/.local/lib/python3.10/site-packages/airflow/example_dags/plugins/workday.py took 0.015 seconds
[2022-06-01 00:56:47,696] {processor.py:153} INFO - Started process (PID=15910) to work on /home/oury/.local/lib/python3.10/site-packages/airflow/example_dags/plugins/workday.py
[2022-06-01 00:56:47,696] {processor.py:641} INFO - Processing file /home/oury/.local/lib/python3.10/site-packages/airflow/example_dags/plugins/workday.py for tasks to queue
[2022-06-01 00:56:47,697] {logging_mixin.py:115} INFO - [2022-06-01 00:56:47,697] {dagbag.py:507} INFO - Filling up the DagBag from /home/oury/.local/lib/python3.10/site-packages/airflow/example_dags/plugins/workday.py
[2022-06-01 00:56:47,698] {processor.py:653} WARNING - No viable dags retrieved from /home/oury/.local/lib/python3.10/site-packages/airflow/example_dags/plugins/workday.py
[2022-06-01 00:56:47,706] {processor.py:161} INFO - Processing /home/oury/.local/lib/python3.10/site-packages/airflow/example_dags/plugins/workday.py took 0.013 seconds
[2022-06-01 00:57:18,612] {processor.py:153} INFO - Started process (PID=15945) to work on /home/oury/.local/lib/python3.10/site-packages/airflow/example_dags/plugins/workday.py
[2022-06-01 00:57:18,612] {processor.py:641} INFO - Processing file /home/oury/.local/lib/python3.10/site-packages/airflow/example_dags/plugins/workday.py for tasks to queue
[2022-06-01 00:57:18,613] {logging_mixin.py:115} INFO - [2022-06-01 00:57:18,613] {dagbag.py:507} INFO - Filling up the DagBag from /home/oury/.local/lib/python3.10/site-packages/airflow/example_dags/plugins/workday.py
[2022-06-01 00:57:18,614] {processor.py:653} WARNING - No viable dags retrieved from /home/oury/.local/lib/python3.10/site-packages/airflow/example_dags/plugins/workday.py
[2022-06-01 00:57:18,622] {processor.py:161} INFO - Processing /home/oury/.local/lib/python3.10/site-packages/airflow/example_dags/plugins/workday.py took 0.013 seconds
[2022-06-01 00:57:53,633] {processor.py:153} INFO - Started process (PID=16011) to work on /home/oury/.local/lib/python3.10/site-packages/airflow/example_dags/plugins/workday.py
[2022-06-01 00:57:53,634] {processor.py:641} INFO - Processing file /home/oury/.local/lib/python3.10/site-packages/airflow/example_dags/plugins/workday.py for tasks to queue
[2022-06-01 00:57:53,635] {logging_mixin.py:115} INFO - [2022-06-01 00:57:53,635] {dagbag.py:507} INFO - Filling up the DagBag from /home/oury/.local/lib/python3.10/site-packages/airflow/example_dags/plugins/workday.py
[2022-06-01 00:57:53,638] {processor.py:653} WARNING - No viable dags retrieved from /home/oury/.local/lib/python3.10/site-packages/airflow/example_dags/plugins/workday.py
[2022-06-01 00:57:53,650] {processor.py:161} INFO - Processing /home/oury/.local/lib/python3.10/site-packages/airflow/example_dags/plugins/workday.py took 0.021 seconds
[2022-06-01 00:58:26,828] {processor.py:153} INFO - Started process (PID=16142) to work on /home/oury/.local/lib/python3.10/site-packages/airflow/example_dags/plugins/workday.py
[2022-06-01 00:58:26,829] {processor.py:641} INFO - Processing file /home/oury/.local/lib/python3.10/site-packages/airflow/example_dags/plugins/workday.py for tasks to queue
[2022-06-01 00:58:26,829] {logging_mixin.py:115} INFO - [2022-06-01 00:58:26,829] {dagbag.py:507} INFO - Filling up the DagBag from /home/oury/.local/lib/python3.10/site-packages/airflow/example_dags/plugins/workday.py
[2022-06-01 00:58:26,831] {processor.py:653} WARNING - No viable dags retrieved from /home/oury/.local/lib/python3.10/site-packages/airflow/example_dags/plugins/workday.py
[2022-06-01 00:58:26,839] {processor.py:161} INFO - Processing /home/oury/.local/lib/python3.10/site-packages/airflow/example_dags/plugins/workday.py took 0.013 seconds
[2022-06-01 00:58:59,537] {processor.py:153} INFO - Started process (PID=16177) to work on /home/oury/.local/lib/python3.10/site-packages/airflow/example_dags/plugins/workday.py
[2022-06-01 00:58:59,537] {processor.py:641} INFO - Processing file /home/oury/.local/lib/python3.10/site-packages/airflow/example_dags/plugins/workday.py for tasks to queue
[2022-06-01 00:58:59,538] {logging_mixin.py:115} INFO - [2022-06-01 00:58:59,538] {dagbag.py:507} INFO - Filling up the DagBag from /home/oury/.local/lib/python3.10/site-packages/airflow/example_dags/plugins/workday.py
[2022-06-01 00:58:59,539] {processor.py:653} WARNING - No viable dags retrieved from /home/oury/.local/lib/python3.10/site-packages/airflow/example_dags/plugins/workday.py
[2022-06-01 00:58:59,548] {processor.py:161} INFO - Processing /home/oury/.local/lib/python3.10/site-packages/airflow/example_dags/plugins/workday.py took 0.013 seconds
[2022-06-01 00:59:31,615] {processor.py:153} INFO - Started process (PID=16215) to work on /home/oury/.local/lib/python3.10/site-packages/airflow/example_dags/plugins/workday.py
[2022-06-01 00:59:31,616] {processor.py:641} INFO - Processing file /home/oury/.local/lib/python3.10/site-packages/airflow/example_dags/plugins/workday.py for tasks to queue
[2022-06-01 00:59:31,617] {logging_mixin.py:115} INFO - [2022-06-01 00:59:31,617] {dagbag.py:507} INFO - Filling up the DagBag from /home/oury/.local/lib/python3.10/site-packages/airflow/example_dags/plugins/workday.py
[2022-06-01 00:59:31,621] {processor.py:653} WARNING - No viable dags retrieved from /home/oury/.local/lib/python3.10/site-packages/airflow/example_dags/plugins/workday.py
[2022-06-01 00:59:31,637] {processor.py:161} INFO - Processing /home/oury/.local/lib/python3.10/site-packages/airflow/example_dags/plugins/workday.py took 0.027 seconds
