[2022-06-06 10:01:30,388] {taskinstance.py:1160} INFO - Dependencies all met for <TaskInstance: data_pipeline.tweets_to_es scheduled__2022-06-06T05:35:00+00:00 [queued]>
[2022-06-06 10:01:30,395] {taskinstance.py:1160} INFO - Dependencies all met for <TaskInstance: data_pipeline.tweets_to_es scheduled__2022-06-06T05:35:00+00:00 [queued]>
[2022-06-06 10:01:30,395] {taskinstance.py:1357} INFO - 
--------------------------------------------------------------------------------
[2022-06-06 10:01:30,395] {taskinstance.py:1358} INFO - Starting attempt 1 of 1
[2022-06-06 10:01:30,395] {taskinstance.py:1359} INFO - 
--------------------------------------------------------------------------------
[2022-06-06 10:01:30,408] {taskinstance.py:1378} INFO - Executing <Task(PythonOperator): tweets_to_es> on 2022-06-06 05:35:00+00:00
[2022-06-06 10:01:30,412] {standard_task_runner.py:52} INFO - Started process 8385 to run task
[2022-06-06 10:01:30,415] {standard_task_runner.py:79} INFO - Running: ['airflow', 'tasks', 'run', 'data_pipeline', 'tweets_to_es', 'scheduled__2022-06-06T05:35:00+00:00', '--job-id', '69', '--raw', '--subdir', 'DAGS_FOLDER/airfow_es.py', '--cfg-path', '/tmp/tmplcup5_8f', '--error-file', '/tmp/tmpov12_hf2']
[2022-06-06 10:01:30,415] {standard_task_runner.py:80} INFO - Job 69: Subtask tweets_to_es
[2022-06-06 10:01:30,446] {task_command.py:370} INFO - Running <TaskInstance: data_pipeline.tweets_to_es scheduled__2022-06-06T05:35:00+00:00 [running]> on host oury-Tp
[2022-06-06 10:01:30,488] {taskinstance.py:1570} INFO - Exporting the following env vars:
AIRFLOW_CTX_DAG_OWNER=airflow
AIRFLOW_CTX_DAG_ID=data_pipeline
AIRFLOW_CTX_TASK_ID=tweets_to_es
AIRFLOW_CTX_EXECUTION_DATE=2022-06-06T05:35:00+00:00
AIRFLOW_CTX_TRY_NUMBER=1
AIRFLOW_CTX_DAG_RUN_ID=scheduled__2022-06-06T05:35:00+00:00
[2022-06-06 10:01:30,489] {twitter.py:696} INFO - Retrieving scroll page None
[2022-06-06 10:01:30,489] {twitter.py:626} INFO - Retrieving guest token
[2022-06-06 10:01:30,491] {base.py:171} INFO - Retrieving https://twitter.com/search?f=live&lang=en&q=near%3ATunis+since%3A1654505790+until%3A1654506090&src=spelling_expansion_revert_click
[2022-06-06 10:01:31,276] {base.py:189} INFO - Retrieved https://twitter.com/search?f=live&lang=en&q=near%3ATunis+since%3A1654505790+until%3A1654506090&src=spelling_expansion_revert_click: 200
[2022-06-06 10:01:31,279] {base.py:171} INFO - Retrieving https://api.twitter.com/2/search/adaptive.json?include_profile_interstitial_type=1&include_blocking=1&include_blocked_by=1&include_followed_by=1&include_want_retweets=1&include_mute_edge=1&include_can_dm=1&include_can_media_tag=1&skip_status=1&cards_platform=Web-12&include_cards=1&include_ext_alt_text=true&include_quote_count=true&include_reply_count=1&tweet_mode=extended&include_entities=true&include_user_entities=true&include_ext_media_color=true&include_ext_media_availability=true&send_error_codes=true&simple_quoted_tweets=true&q=near%3ATunis+since%3A1654505790+until%3A1654506090&tweet_search_mode=live&count=100&query_source=spelling_expansion_revert_click&pc=1&spelling_corrections=1&ext=mediaStats%2ChighlightedLabel
[2022-06-06 10:01:31,919] {base.py:189} INFO - Retrieved https://api.twitter.com/2/search/adaptive.json?include_profile_interstitial_type=1&include_blocking=1&include_blocked_by=1&include_followed_by=1&include_want_retweets=1&include_mute_edge=1&include_can_dm=1&include_can_media_tag=1&skip_status=1&cards_platform=Web-12&include_cards=1&include_ext_alt_text=true&include_quote_count=true&include_reply_count=1&tweet_mode=extended&include_entities=true&include_user_entities=true&include_ext_media_color=true&include_ext_media_availability=true&send_error_codes=true&simple_quoted_tweets=true&q=near%3ATunis+since%3A1654505790+until%3A1654506090&tweet_search_mode=live&count=100&query_source=spelling_expansion_revert_click&pc=1&spelling_corrections=1&ext=mediaStats%2ChighlightedLabel: 200
[2022-06-06 10:01:32,293] {logging_mixin.py:115} INFO - {'id': 1533735707126243329, 'username': 'KapitalisInfo', 'tweet_date': datetime.datetime(2022, 6, 6, 9, 1, 2, tzinfo=datetime.timezone.utc), 'tweet_content': "Check out '#Tunisie : les magistrats grévistes vont-ils être payés pour les jours non-travaillés?' on Kapitalis website https://t.co/OnimNPBlmu https://t.co/kvLyYV8Pf3", 'likes_count': 0, 'tweet_url': 'https://twitter.com/KapitalisInfo/status/1533735707126243329', 'tweet_lang': 'fr'}
[2022-06-06 10:01:32,295] {taskinstance.py:1890} ERROR - Task failed with exception
Traceback (most recent call last):
  File "/home/oury/.local/lib/python3.10/site-packages/airflow/operators/python.py", line 171, in execute
    return_value = self.execute_callable()
  File "/home/oury/.local/lib/python3.10/site-packages/airflow/operators/python.py", line 189, in execute_callable
    return self.python_callable(*self.op_args, **self.op_kwargs)
  File "/home/oury/airflow/dags/airfow_es.py", line 49, in tweet_to_es_func
    index_es_func(tweets_index, tweet)
TypeError: index_es_func() missing 1 required positional argument: 'tweet'
[2022-06-06 10:01:32,298] {taskinstance.py:1396} INFO - Marking task as FAILED. dag_id=data_pipeline, task_id=tweets_to_es, execution_date=20220606T053500, start_date=20220606T090130, end_date=20220606T090132
[2022-06-06 10:01:32,306] {standard_task_runner.py:92} ERROR - Failed to execute job 69 for task tweets_to_es (index_es_func() missing 1 required positional argument: 'tweet'; 8385)
[2022-06-06 10:01:32,352] {local_task_job.py:156} INFO - Task exited with return code 1
[2022-06-06 10:01:32,394] {local_task_job.py:273} INFO - 0 downstream tasks scheduled from follow-on schedule check
[2022-06-06 10:41:24,796] {taskinstance.py:1160} INFO - Dependencies all met for <TaskInstance: data_pipeline.tweets_to_es scheduled__2022-06-06T05:35:00+00:00 [queued]>
[2022-06-06 10:41:24,802] {taskinstance.py:1160} INFO - Dependencies all met for <TaskInstance: data_pipeline.tweets_to_es scheduled__2022-06-06T05:35:00+00:00 [queued]>
[2022-06-06 10:41:24,803] {taskinstance.py:1357} INFO - 
--------------------------------------------------------------------------------
[2022-06-06 10:41:24,803] {taskinstance.py:1358} INFO - Starting attempt 1 of 1
[2022-06-06 10:41:24,803] {taskinstance.py:1359} INFO - 
--------------------------------------------------------------------------------
[2022-06-06 10:41:24,814] {taskinstance.py:1378} INFO - Executing <Task(PythonOperator): tweets_to_es> on 2022-06-06 05:35:00+00:00
[2022-06-06 10:41:24,817] {standard_task_runner.py:52} INFO - Started process 16323 to run task
[2022-06-06 10:41:24,820] {standard_task_runner.py:79} INFO - Running: ['airflow', 'tasks', 'run', 'data_pipeline', 'tweets_to_es', 'scheduled__2022-06-06T05:35:00+00:00', '--job-id', '69', '--raw', '--subdir', 'DAGS_FOLDER/airfow_es.py', '--cfg-path', '/tmp/tmpcxrbgdkd', '--error-file', '/tmp/tmptxg2tg5o']
[2022-06-06 10:41:24,821] {standard_task_runner.py:80} INFO - Job 69: Subtask tweets_to_es
[2022-06-06 10:41:24,852] {task_command.py:370} INFO - Running <TaskInstance: data_pipeline.tweets_to_es scheduled__2022-06-06T05:35:00+00:00 [running]> on host oury-Tp
[2022-06-06 10:41:24,897] {taskinstance.py:1570} INFO - Exporting the following env vars:
AIRFLOW_CTX_DAG_OWNER=airflow
AIRFLOW_CTX_DAG_ID=data_pipeline
AIRFLOW_CTX_TASK_ID=tweets_to_es
AIRFLOW_CTX_EXECUTION_DATE=2022-06-06T05:35:00+00:00
AIRFLOW_CTX_TRY_NUMBER=1
AIRFLOW_CTX_DAG_RUN_ID=scheduled__2022-06-06T05:35:00+00:00
[2022-06-06 10:41:24,898] {taskinstance.py:1890} ERROR - Task failed with exception
Traceback (most recent call last):
  File "/home/oury/.local/lib/python3.10/site-packages/airflow/operators/python.py", line 171, in execute
    return_value = self.execute_callable()
  File "/home/oury/.local/lib/python3.10/site-packages/airflow/operators/python.py", line 189, in execute_callable
    return self.python_callable(*self.op_args, **self.op_kwargs)
TypeError: tweet_to_es_func() missing 5 required positional arguments: 'es', 'start', 'end', 'location', and 'languages'
[2022-06-06 10:41:24,901] {taskinstance.py:1396} INFO - Marking task as FAILED. dag_id=data_pipeline, task_id=tweets_to_es, execution_date=20220606T053500, start_date=20220606T094124, end_date=20220606T094124
[2022-06-06 10:41:24,911] {standard_task_runner.py:92} ERROR - Failed to execute job 69 for task tweets_to_es (tweet_to_es_func() missing 5 required positional arguments: 'es', 'start', 'end', 'location', and 'languages'; 16323)
[2022-06-06 10:41:24,952] {local_task_job.py:156} INFO - Task exited with return code 1
[2022-06-06 10:41:24,968] {local_task_job.py:273} INFO - 0 downstream tasks scheduled from follow-on schedule check
