[2022-07-30 17:49:30,377] {taskinstance.py:1160} INFO - Dependencies all met for <TaskInstance: data_pipeline.tweets_to_es scheduled__2022-07-30T16:32:00+00:00 [queued]>
[2022-07-30 17:49:30,383] {taskinstance.py:1160} INFO - Dependencies all met for <TaskInstance: data_pipeline.tweets_to_es scheduled__2022-07-30T16:32:00+00:00 [queued]>
[2022-07-30 17:49:30,383] {taskinstance.py:1357} INFO - 
--------------------------------------------------------------------------------
[2022-07-30 17:49:30,383] {taskinstance.py:1358} INFO - Starting attempt 1 of 1
[2022-07-30 17:49:30,383] {taskinstance.py:1359} INFO - 
--------------------------------------------------------------------------------
[2022-07-30 17:49:30,395] {taskinstance.py:1378} INFO - Executing <Task(PythonOperator): tweets_to_es> on 2022-07-30 16:32:00+00:00
[2022-07-30 17:49:30,397] {standard_task_runner.py:52} INFO - Started process 11399 to run task
[2022-07-30 17:49:30,400] {standard_task_runner.py:79} INFO - Running: ['airflow', 'tasks', 'run', 'data_pipeline', 'tweets_to_es', 'scheduled__2022-07-30T16:32:00+00:00', '--job-id', '24', '--raw', '--subdir', 'DAGS_FOLDER/airfow_es.py', '--cfg-path', '/tmp/tmp64bryt_v', '--error-file', '/tmp/tmpnhtzikjd']
[2022-07-30 17:49:30,401] {standard_task_runner.py:80} INFO - Job 24: Subtask tweets_to_es
[2022-07-30 17:49:30,434] {task_command.py:370} INFO - Running <TaskInstance: data_pipeline.tweets_to_es scheduled__2022-07-30T16:32:00+00:00 [running]> on host oury-Tp
[2022-07-30 17:49:30,474] {taskinstance.py:1570} INFO - Exporting the following env vars:
AIRFLOW_CTX_DAG_OWNER=airflow
AIRFLOW_CTX_DAG_ID=data_pipeline
AIRFLOW_CTX_TASK_ID=tweets_to_es
AIRFLOW_CTX_EXECUTION_DATE=2022-07-30T16:32:00+00:00
AIRFLOW_CTX_TRY_NUMBER=1
AIRFLOW_CTX_DAG_RUN_ID=scheduled__2022-07-30T16:32:00+00:00
[2022-07-30 17:49:30,475] {twitter.py:696} INFO - Retrieving scroll page None
[2022-07-30 17:49:30,475] {twitter.py:626} INFO - Retrieving guest token
[2022-07-30 17:49:30,476] {base.py:171} INFO - Retrieving https://twitter.com/search?f=live&lang=en&q=near%3AParis+since%3A1659198720+until%3A1659198960&src=spelling_expansion_revert_click
[2022-07-30 17:49:31,492] {base.py:189} INFO - Retrieved https://twitter.com/search?f=live&lang=en&q=near%3AParis+since%3A1659198720+until%3A1659198960&src=spelling_expansion_revert_click: 200
[2022-07-30 17:49:31,499] {base.py:171} INFO - Retrieving https://api.twitter.com/2/search/adaptive.json?include_profile_interstitial_type=1&include_blocking=1&include_blocked_by=1&include_followed_by=1&include_want_retweets=1&include_mute_edge=1&include_can_dm=1&include_can_media_tag=1&skip_status=1&cards_platform=Web-12&include_cards=1&include_ext_alt_text=true&include_quote_count=true&include_reply_count=1&tweet_mode=extended&include_entities=true&include_user_entities=true&include_ext_media_color=true&include_ext_media_availability=true&send_error_codes=true&simple_quoted_tweets=true&q=near%3AParis+since%3A1659198720+until%3A1659198960&tweet_search_mode=live&count=100&query_source=spelling_expansion_revert_click&pc=1&spelling_corrections=1&ext=mediaStats%2ChighlightedLabel
[2022-07-30 17:49:33,091] {base.py:189} INFO - Retrieved https://api.twitter.com/2/search/adaptive.json?include_profile_interstitial_type=1&include_blocking=1&include_blocked_by=1&include_followed_by=1&include_want_retweets=1&include_mute_edge=1&include_can_dm=1&include_can_media_tag=1&skip_status=1&cards_platform=Web-12&include_cards=1&include_ext_alt_text=true&include_quote_count=true&include_reply_count=1&tweet_mode=extended&include_entities=true&include_user_entities=true&include_ext_media_color=true&include_ext_media_availability=true&send_error_codes=true&simple_quoted_tweets=true&q=near%3AParis+since%3A1659198720+until%3A1659198960&tweet_search_mode=live&count=100&query_source=spelling_expansion_revert_click&pc=1&spelling_corrections=1&ext=mediaStats%2ChighlightedLabel: 200
[2022-07-30 17:49:33,666] {base.py:265} INFO - GET http://localhost:9200/ [status:200 request:0.002s]
[2022-07-30 17:49:33,675] {base.py:265} INFO - PUT http://localhost:9200/my_index/_doc/1553419143159873536 [status:201 request:0.009s]
[2022-07-30 17:49:33,688] {base.py:265} INFO - PUT http://localhost:9200/my_index/_doc/1553419142568484864 [status:201 request:0.005s]
[2022-07-30 17:49:33,710] {base.py:265} INFO - PUT http://localhost:9200/my_index/_doc/1553419141264064512 [status:201 request:0.006s]
[2022-07-30 17:49:33,738] {base.py:265} INFO - PUT http://localhost:9200/my_index/_doc/1553419140869799938 [status:201 request:0.005s]
[2022-07-30 17:49:33,776] {base.py:265} INFO - PUT http://localhost:9200/my_index/_doc/1553419140299460608 [status:201 request:0.005s]
[2022-07-30 17:49:33,809] {base.py:265} INFO - PUT http://localhost:9200/my_index/_doc/1553419139045367808 [status:201 request:0.009s]
[2022-07-30 17:49:33,823] {base.py:265} INFO - PUT http://localhost:9200/my_index/_doc/1553419138680426496 [status:201 request:0.005s]
[2022-07-30 17:49:33,835] {base.py:265} INFO - PUT http://localhost:9200/my_index/_doc/1553419138680373248 [status:201 request:0.005s]
[2022-07-30 17:49:33,882] {base.py:265} INFO - PUT http://localhost:9200/my_index/_doc/1553419135199100928 [status:201 request:0.005s]
[2022-07-30 17:49:33,925] {base.py:265} INFO - PUT http://localhost:9200/my_index/_doc/1553419130912514048 [status:201 request:0.007s]
[2022-07-30 17:49:33,977] {base.py:265} INFO - PUT http://localhost:9200/my_index/_doc/1553419129897586690 [status:201 request:0.005s]
[2022-07-30 17:49:33,978] {twitter.py:696} INFO - Retrieving scroll page scroll:thGAVUV0VFVBaEwLyN_J3tjisWgICw9d6e7Y4rEnEV8IV6FYCJehgHREVGQVVMVDUBFQAVAAA=
[2022-07-30 17:49:33,980] {base.py:171} INFO - Retrieving https://api.twitter.com/2/search/adaptive.json?include_profile_interstitial_type=1&include_blocking=1&include_blocked_by=1&include_followed_by=1&include_want_retweets=1&include_mute_edge=1&include_can_dm=1&include_can_media_tag=1&skip_status=1&cards_platform=Web-12&include_cards=1&include_ext_alt_text=true&include_quote_count=true&include_reply_count=1&tweet_mode=extended&include_entities=true&include_user_entities=true&include_ext_media_color=true&include_ext_media_availability=true&send_error_codes=true&simple_quoted_tweets=true&q=near%3AParis+since%3A1659198720+until%3A1659198960&tweet_search_mode=live&count=100&query_source=spelling_expansion_revert_click&cursor=scroll%3AthGAVUV0VFVBaEwLyN_J3tjisWgICw9d6e7Y4rEnEV8IV6FYCJehgHREVGQVVMVDUBFQAVAAA%3D&pc=1&spelling_corrections=1&ext=mediaStats%2ChighlightedLabel
[2022-07-30 17:49:34,806] {base.py:189} INFO - Retrieved https://api.twitter.com/2/search/adaptive.json?include_profile_interstitial_type=1&include_blocking=1&include_blocked_by=1&include_followed_by=1&include_want_retweets=1&include_mute_edge=1&include_can_dm=1&include_can_media_tag=1&skip_status=1&cards_platform=Web-12&include_cards=1&include_ext_alt_text=true&include_quote_count=true&include_reply_count=1&tweet_mode=extended&include_entities=true&include_user_entities=true&include_ext_media_color=true&include_ext_media_availability=true&send_error_codes=true&simple_quoted_tweets=true&q=near%3AParis+since%3A1659198720+until%3A1659198960&tweet_search_mode=live&count=100&query_source=spelling_expansion_revert_click&cursor=scroll%3AthGAVUV0VFVBaEwLyN_J3tjisWgICw9d6e7Y4rEnEV8IV6FYCJehgHREVGQVVMVDUBFQAVAAA%3D&pc=1&spelling_corrections=1&ext=mediaStats%2ChighlightedLabel: 200
[2022-07-30 17:49:34,847] {base.py:265} INFO - PUT http://localhost:9200/my_index/_doc/1553419128010055680 [status:201 request:0.009s]
[2022-07-30 17:49:34,875] {base.py:265} INFO - PUT http://localhost:9200/my_index/_doc/1553419127175405569 [status:201 request:0.005s]
[2022-07-30 17:49:34,915] {base.py:265} INFO - PUT http://localhost:9200/my_index/_doc/1553419123329273857 [status:201 request:0.005s]
[2022-07-30 17:49:34,926] {base.py:265} INFO - PUT http://localhost:9200/my_index/_doc/1553419119420219392 [status:201 request:0.005s]
[2022-07-30 17:49:34,945] {base.py:265} INFO - PUT http://localhost:9200/my_index/_doc/1553419118639996929 [status:201 request:0.007s]
[2022-07-30 17:49:34,999] {base.py:265} INFO - PUT http://localhost:9200/my_index/_doc/1553419112382140416 [status:201 request:0.005s]
[2022-07-30 17:49:35,033] {base.py:265} INFO - PUT http://localhost:9200/my_index/_doc/1553419105348239362 [status:201 request:0.005s]
[2022-07-30 17:49:35,043] {base.py:265} INFO - PUT http://localhost:9200/my_index/_doc/1553419104727482371 [status:201 request:0.005s]
[2022-07-30 17:49:35,064] {base.py:265} INFO - PUT http://localhost:9200/my_index/_doc/1553419103318196226 [status:201 request:0.005s]
[2022-07-30 17:49:35,078] {base.py:265} INFO - PUT http://localhost:9200/my_index/_doc/1553419103041458176 [status:201 request:0.006s]
[2022-07-30 17:49:35,095] {base.py:265} INFO - PUT http://localhost:9200/my_index/_doc/1553419102940987393 [status:201 request:0.005s]
[2022-07-30 17:49:35,231] {base.py:265} INFO - PUT http://localhost:9200/my_index/_doc/1553419098566049793 [status:201 request:0.108s]
[2022-07-30 17:49:35,232] {twitter.py:696} INFO - Retrieving scroll page scroll:thGAVUV0VFVBaCgLLVkpztjisWgICw9d6e7Y4rEnEV4IJ6FYCJehgHREVGQVVMVDUBFQIVAAA=
[2022-07-30 17:49:35,235] {base.py:171} INFO - Retrieving https://api.twitter.com/2/search/adaptive.json?include_profile_interstitial_type=1&include_blocking=1&include_blocked_by=1&include_followed_by=1&include_want_retweets=1&include_mute_edge=1&include_can_dm=1&include_can_media_tag=1&skip_status=1&cards_platform=Web-12&include_cards=1&include_ext_alt_text=true&include_quote_count=true&include_reply_count=1&tweet_mode=extended&include_entities=true&include_user_entities=true&include_ext_media_color=true&include_ext_media_availability=true&send_error_codes=true&simple_quoted_tweets=true&q=near%3AParis+since%3A1659198720+until%3A1659198960&tweet_search_mode=live&count=100&query_source=spelling_expansion_revert_click&cursor=scroll%3AthGAVUV0VFVBaCgLLVkpztjisWgICw9d6e7Y4rEnEV4IJ6FYCJehgHREVGQVVMVDUBFQIVAAA%3D&pc=1&spelling_corrections=1&ext=mediaStats%2ChighlightedLabel
[2022-07-30 17:49:36,078] {base.py:189} INFO - Retrieved https://api.twitter.com/2/search/adaptive.json?include_profile_interstitial_type=1&include_blocking=1&include_blocked_by=1&include_followed_by=1&include_want_retweets=1&include_mute_edge=1&include_can_dm=1&include_can_media_tag=1&skip_status=1&cards_platform=Web-12&include_cards=1&include_ext_alt_text=true&include_quote_count=true&include_reply_count=1&tweet_mode=extended&include_entities=true&include_user_entities=true&include_ext_media_color=true&include_ext_media_availability=true&send_error_codes=true&simple_quoted_tweets=true&q=near%3AParis+since%3A1659198720+until%3A1659198960&tweet_search_mode=live&count=100&query_source=spelling_expansion_revert_click&cursor=scroll%3AthGAVUV0VFVBaCgLLVkpztjisWgICw9d6e7Y4rEnEV4IJ6FYCJehgHREVGQVVMVDUBFQIVAAA%3D&pc=1&spelling_corrections=1&ext=mediaStats%2ChighlightedLabel: 200
[2022-07-30 17:49:36,091] {base.py:265} INFO - PUT http://localhost:9200/my_index/_doc/1553419097307758592 [status:201 request:0.005s]
[2022-07-30 17:49:36,106] {base.py:265} INFO - PUT http://localhost:9200/my_index/_doc/1553419093021261829 [status:201 request:0.006s]
[2022-07-30 17:49:36,127] {base.py:265} INFO - PUT http://localhost:9200/my_index/_doc/1553419090416619526 [status:201 request:0.005s]
[2022-07-30 17:49:36,180] {base.py:265} INFO - PUT http://localhost:9200/my_index/_doc/1553419086327156736 [status:201 request:0.005s]
[2022-07-30 17:49:36,217] {base.py:265} INFO - PUT http://localhost:9200/my_index/_doc/1553419082082525185 [status:201 request:0.005s]
[2022-07-30 17:49:36,239] {base.py:265} INFO - PUT http://localhost:9200/my_index/_doc/1553419081738600448 [status:201 request:0.017s]
[2022-07-30 17:49:36,250] {base.py:265} INFO - PUT http://localhost:9200/my_index/_doc/1553419080350195712 [status:201 request:0.006s]
[2022-07-30 17:49:36,265] {base.py:265} INFO - PUT http://localhost:9200/my_index/_doc/1553419079570149377 [status:201 request:0.006s]
[2022-07-30 17:49:36,279] {base.py:265} INFO - PUT http://localhost:9200/my_index/_doc/1553419079154802689 [status:201 request:0.006s]
[2022-07-30 17:49:36,362] {base.py:265} INFO - PUT http://localhost:9200/my_index/_doc/1553419076915036160 [status:201 request:0.005s]
[2022-07-30 17:49:36,393] {base.py:265} INFO - PUT http://localhost:9200/my_index/_doc/1553419075904311296 [status:201 request:0.005s]
[2022-07-30 17:49:36,449] {base.py:265} INFO - PUT http://localhost:9200/my_index/_doc/1553419071944884227 [status:201 request:0.005s]
[2022-07-30 17:49:36,460] {base.py:265} INFO - PUT http://localhost:9200/my_index/_doc/1553419066546823168 [status:201 request:0.006s]
[2022-07-30 17:49:36,461] {twitter.py:696} INFO - Retrieving scroll page scroll:thGAVUV0VFVBaAgL2NpJrtjisWgICw9d6e7Y4rEnEV0P95FYCJehgHREVGQVVMVDUBFQQVAAA=
[2022-07-30 17:49:36,463] {base.py:171} INFO - Retrieving https://api.twitter.com/2/search/adaptive.json?include_profile_interstitial_type=1&include_blocking=1&include_blocked_by=1&include_followed_by=1&include_want_retweets=1&include_mute_edge=1&include_can_dm=1&include_can_media_tag=1&skip_status=1&cards_platform=Web-12&include_cards=1&include_ext_alt_text=true&include_quote_count=true&include_reply_count=1&tweet_mode=extended&include_entities=true&include_user_entities=true&include_ext_media_color=true&include_ext_media_availability=true&send_error_codes=true&simple_quoted_tweets=true&q=near%3AParis+since%3A1659198720+until%3A1659198960&tweet_search_mode=live&count=100&query_source=spelling_expansion_revert_click&cursor=scroll%3AthGAVUV0VFVBaAgL2NpJrtjisWgICw9d6e7Y4rEnEV0P95FYCJehgHREVGQVVMVDUBFQQVAAA%3D&pc=1&spelling_corrections=1&ext=mediaStats%2ChighlightedLabel
[2022-07-30 17:49:37,223] {base.py:189} INFO - Retrieved https://api.twitter.com/2/search/adaptive.json?include_profile_interstitial_type=1&include_blocking=1&include_blocked_by=1&include_followed_by=1&include_want_retweets=1&include_mute_edge=1&include_can_dm=1&include_can_media_tag=1&skip_status=1&cards_platform=Web-12&include_cards=1&include_ext_alt_text=true&include_quote_count=true&include_reply_count=1&tweet_mode=extended&include_entities=true&include_user_entities=true&include_ext_media_color=true&include_ext_media_availability=true&send_error_codes=true&simple_quoted_tweets=true&q=near%3AParis+since%3A1659198720+until%3A1659198960&tweet_search_mode=live&count=100&query_source=spelling_expansion_revert_click&cursor=scroll%3AthGAVUV0VFVBaAgL2NpJrtjisWgICw9d6e7Y4rEnEV0P95FYCJehgHREVGQVVMVDUBFQQVAAA%3D&pc=1&spelling_corrections=1&ext=mediaStats%2ChighlightedLabel: 200
[2022-07-30 17:49:37,238] {base.py:265} INFO - PUT http://localhost:9200/my_index/_doc/1553419066366468096 [status:201 request:0.005s]
[2022-07-30 17:49:37,262] {base.py:265} INFO - PUT http://localhost:9200/my_index/_doc/1553419062608379906 [status:201 request:0.006s]
[2022-07-30 17:49:37,277] {base.py:265} INFO - PUT http://localhost:9200/my_index/_doc/1553419062545350658 [status:201 request:0.006s]
[2022-07-30 17:49:37,361] {base.py:265} INFO - PUT http://localhost:9200/my_index/_doc/1553419056794984450 [status:201 request:0.006s]
[2022-07-30 17:49:37,378] {base.py:265} INFO - PUT http://localhost:9200/my_index/_doc/1553419054806876162 [status:201 request:0.007s]
[2022-07-30 17:49:37,398] {base.py:265} INFO - PUT http://localhost:9200/my_index/_doc/1553419054702108672 [status:201 request:0.006s]
[2022-07-30 17:49:37,420] {base.py:265} INFO - PUT http://localhost:9200/my_index/_doc/1553419053372416003 [status:201 request:0.011s]
[2022-07-30 17:49:37,446] {base.py:265} INFO - PUT http://localhost:9200/my_index/_doc/1553419052865003520 [status:201 request:0.014s]
[2022-07-30 17:49:37,473] {base.py:265} INFO - PUT http://localhost:9200/my_index/_doc/1553419051388608512 [status:201 request:0.005s]
[2022-07-30 17:49:37,496] {base.py:265} INFO - PUT http://localhost:9200/my_index/_doc/1553419046359547904 [status:201 request:0.006s]
[2022-07-30 17:49:37,508] {base.py:265} INFO - PUT http://localhost:9200/my_index/_doc/1553419044564488195 [status:201 request:0.006s]
[2022-07-30 17:49:37,527] {base.py:265} INFO - PUT http://localhost:9200/my_index/_doc/1553419037815836674 [status:201 request:0.006s]
[2022-07-30 17:49:37,542] {base.py:265} INFO - PUT http://localhost:9200/my_index/_doc/1553419035081056257 [status:201 request:0.005s]
[2022-07-30 17:49:37,554] {base.py:265} INFO - PUT http://localhost:9200/my_index/_doc/1553419034749722629 [status:201 request:0.005s]
[2022-07-30 17:49:37,572] {base.py:265} INFO - PUT http://localhost:9200/my_index/_doc/1553419033684451332 [status:201 request:0.005s]
[2022-07-30 17:49:37,587] {base.py:265} INFO - PUT http://localhost:9200/my_index/_doc/1553419030777798656 [status:201 request:0.005s]
[2022-07-30 17:49:37,601] {base.py:265} INFO - PUT http://localhost:9200/my_index/_doc/1553419030123380741 [status:201 request:0.005s]
[2022-07-30 17:49:37,601] {twitter.py:696} INFO - Retrieving scroll page scroll:thGAVUV0VFVBaKgLDdlJjtjisWgICw9d6e7Y4rEnEVwPx5FYCJehgHREVGQVVMVDUBFQYVAAA=
[2022-07-30 17:49:37,604] {base.py:171} INFO - Retrieving https://api.twitter.com/2/search/adaptive.json?include_profile_interstitial_type=1&include_blocking=1&include_blocked_by=1&include_followed_by=1&include_want_retweets=1&include_mute_edge=1&include_can_dm=1&include_can_media_tag=1&skip_status=1&cards_platform=Web-12&include_cards=1&include_ext_alt_text=true&include_quote_count=true&include_reply_count=1&tweet_mode=extended&include_entities=true&include_user_entities=true&include_ext_media_color=true&include_ext_media_availability=true&send_error_codes=true&simple_quoted_tweets=true&q=near%3AParis+since%3A1659198720+until%3A1659198960&tweet_search_mode=live&count=100&query_source=spelling_expansion_revert_click&cursor=scroll%3AthGAVUV0VFVBaKgLDdlJjtjisWgICw9d6e7Y4rEnEVwPx5FYCJehgHREVGQVVMVDUBFQYVAAA%3D&pc=1&spelling_corrections=1&ext=mediaStats%2ChighlightedLabel
[2022-07-30 17:49:38,295] {base.py:189} INFO - Retrieved https://api.twitter.com/2/search/adaptive.json?include_profile_interstitial_type=1&include_blocking=1&include_blocked_by=1&include_followed_by=1&include_want_retweets=1&include_mute_edge=1&include_can_dm=1&include_can_media_tag=1&skip_status=1&cards_platform=Web-12&include_cards=1&include_ext_alt_text=true&include_quote_count=true&include_reply_count=1&tweet_mode=extended&include_entities=true&include_user_entities=true&include_ext_media_color=true&include_ext_media_availability=true&send_error_codes=true&simple_quoted_tweets=true&q=near%3AParis+since%3A1659198720+until%3A1659198960&tweet_search_mode=live&count=100&query_source=spelling_expansion_revert_click&cursor=scroll%3AthGAVUV0VFVBaKgLDdlJjtjisWgICw9d6e7Y4rEnEVwPx5FYCJehgHREVGQVVMVDUBFQYVAAA%3D&pc=1&spelling_corrections=1&ext=mediaStats%2ChighlightedLabel: 200
[2022-07-30 17:49:38,307] {base.py:265} INFO - PUT http://localhost:9200/my_index/_doc/1553419028785467394 [status:201 request:0.005s]
[2022-07-30 17:49:38,337] {base.py:265} INFO - PUT http://localhost:9200/my_index/_doc/1553419026323230721 [status:201 request:0.005s]
[2022-07-30 17:49:38,355] {base.py:265} INFO - PUT http://localhost:9200/my_index/_doc/1553419025325215749 [status:201 request:0.005s]
[2022-07-30 17:49:38,387] {base.py:265} INFO - PUT http://localhost:9200/my_index/_doc/1553419025186955264 [status:201 request:0.005s]
[2022-07-30 17:49:38,400] {base.py:265} INFO - PUT http://localhost:9200/my_index/_doc/1553419022523408389 [status:201 request:0.005s]
[2022-07-30 17:49:38,444] {base.py:265} INFO - PUT http://localhost:9200/my_index/_doc/1553419019386068992 [status:201 request:0.005s]
[2022-07-30 17:49:38,455] {base.py:265} INFO - PUT http://localhost:9200/my_index/_doc/1553419017809018880 [status:201 request:0.005s]
[2022-07-30 17:49:38,511] {base.py:265} INFO - PUT http://localhost:9200/my_index/_doc/1553419013702778886 [status:201 request:0.005s]
[2022-07-30 17:49:38,526] {base.py:265} INFO - PUT http://localhost:9200/my_index/_doc/1553419000083877888 [status:201 request:0.006s]
[2022-07-30 17:49:38,545] {base.py:265} INFO - PUT http://localhost:9200/my_index/_doc/1553418997940510722 [status:201 request:0.005s]
[2022-07-30 17:49:38,563] {base.py:265} INFO - PUT http://localhost:9200/my_index/_doc/1553418994585051138 [status:201 request:0.005s]
[2022-07-30 17:49:38,575] {base.py:265} INFO - PUT http://localhost:9200/my_index/_doc/1553418993809199109 [status:201 request:0.005s]
[2022-07-30 17:49:38,576] {twitter.py:696} INFO - Retrieving scroll page scroll:thGAVUV0VFVBaKwLyVhpbtjisWgICw9d6e7Y4rEnEVsPl5FYCJehgHREVGQVVMVDUBFQgVAAA=
[2022-07-30 17:49:38,577] {base.py:171} INFO - Retrieving https://api.twitter.com/2/search/adaptive.json?include_profile_interstitial_type=1&include_blocking=1&include_blocked_by=1&include_followed_by=1&include_want_retweets=1&include_mute_edge=1&include_can_dm=1&include_can_media_tag=1&skip_status=1&cards_platform=Web-12&include_cards=1&include_ext_alt_text=true&include_quote_count=true&include_reply_count=1&tweet_mode=extended&include_entities=true&include_user_entities=true&include_ext_media_color=true&include_ext_media_availability=true&send_error_codes=true&simple_quoted_tweets=true&q=near%3AParis+since%3A1659198720+until%3A1659198960&tweet_search_mode=live&count=100&query_source=spelling_expansion_revert_click&cursor=scroll%3AthGAVUV0VFVBaKwLyVhpbtjisWgICw9d6e7Y4rEnEVsPl5FYCJehgHREVGQVVMVDUBFQgVAAA%3D&pc=1&spelling_corrections=1&ext=mediaStats%2ChighlightedLabel
[2022-07-30 17:49:39,181] {base.py:189} INFO - Retrieved https://api.twitter.com/2/search/adaptive.json?include_profile_interstitial_type=1&include_blocking=1&include_blocked_by=1&include_followed_by=1&include_want_retweets=1&include_mute_edge=1&include_can_dm=1&include_can_media_tag=1&skip_status=1&cards_platform=Web-12&include_cards=1&include_ext_alt_text=true&include_quote_count=true&include_reply_count=1&tweet_mode=extended&include_entities=true&include_user_entities=true&include_ext_media_color=true&include_ext_media_availability=true&send_error_codes=true&simple_quoted_tweets=true&q=near%3AParis+since%3A1659198720+until%3A1659198960&tweet_search_mode=live&count=100&query_source=spelling_expansion_revert_click&cursor=scroll%3AthGAVUV0VFVBaKwLyVhpbtjisWgICw9d6e7Y4rEnEVsPl5FYCJehgHREVGQVVMVDUBFQgVAAA%3D&pc=1&spelling_corrections=1&ext=mediaStats%2ChighlightedLabel: 200
[2022-07-30 17:49:39,202] {python.py:173} INFO - Done. Returned value was: None
[2022-07-30 17:49:39,208] {taskinstance.py:1396} INFO - Marking task as SUCCESS. dag_id=data_pipeline, task_id=tweets_to_es, execution_date=20220730T163200, start_date=20220730T164930, end_date=20220730T164939
[2022-07-30 17:49:39,262] {local_task_job.py:156} INFO - Task exited with return code 0
[2022-07-30 17:49:39,271] {local_task_job.py:273} INFO - 0 downstream tasks scheduled from follow-on schedule check
