[2022-06-07 11:50:33,987] {taskinstance.py:1160} INFO - Dependencies all met for <TaskInstance: data_pipeline.tweets_to_es scheduled__2022-06-07T10:45:00+00:00 [queued]>
[2022-06-07 11:50:33,995] {taskinstance.py:1160} INFO - Dependencies all met for <TaskInstance: data_pipeline.tweets_to_es scheduled__2022-06-07T10:45:00+00:00 [queued]>
[2022-06-07 11:50:33,995] {taskinstance.py:1357} INFO - 
--------------------------------------------------------------------------------
[2022-06-07 11:50:33,995] {taskinstance.py:1358} INFO - Starting attempt 1 of 1
[2022-06-07 11:50:33,995] {taskinstance.py:1359} INFO - 
--------------------------------------------------------------------------------
[2022-06-07 11:50:34,012] {taskinstance.py:1378} INFO - Executing <Task(PythonOperator): tweets_to_es> on 2022-06-07 10:45:00+00:00
[2022-06-07 11:50:34,015] {standard_task_runner.py:52} INFO - Started process 14096 to run task
[2022-06-07 11:50:34,020] {standard_task_runner.py:79} INFO - Running: ['airflow', 'tasks', 'run', 'data_pipeline', 'tweets_to_es', 'scheduled__2022-06-07T10:45:00+00:00', '--job-id', '2', '--raw', '--subdir', 'DAGS_FOLDER/airfow_es.py', '--cfg-path', '/tmp/tmp0yfmycqu', '--error-file', '/tmp/tmpyn_vudtf']
[2022-06-07 11:50:34,021] {standard_task_runner.py:80} INFO - Job 2: Subtask tweets_to_es
[2022-06-07 11:50:34,086] {task_command.py:370} INFO - Running <TaskInstance: data_pipeline.tweets_to_es scheduled__2022-06-07T10:45:00+00:00 [running]> on host oury-Tp
[2022-06-07 11:50:34,164] {taskinstance.py:1570} INFO - Exporting the following env vars:
AIRFLOW_CTX_DAG_OWNER=airflow
AIRFLOW_CTX_DAG_ID=data_pipeline
AIRFLOW_CTX_TASK_ID=tweets_to_es
AIRFLOW_CTX_EXECUTION_DATE=2022-06-07T10:45:00+00:00
AIRFLOW_CTX_TRY_NUMBER=1
AIRFLOW_CTX_DAG_RUN_ID=scheduled__2022-06-07T10:45:00+00:00
[2022-06-07 11:50:34,165] {twitter.py:696} INFO - Retrieving scroll page None
[2022-06-07 11:50:34,165] {twitter.py:626} INFO - Retrieving guest token
[2022-06-07 11:50:34,167] {base.py:171} INFO - Retrieving https://twitter.com/search?f=live&lang=en&q=near%3ATunis+since%3A1654598733+until%3A1654599033&src=spelling_expansion_revert_click
[2022-06-07 11:50:34,861] {base.py:189} INFO - Retrieved https://twitter.com/search?f=live&lang=en&q=near%3ATunis+since%3A1654598733+until%3A1654599033&src=spelling_expansion_revert_click: 200
[2022-06-07 11:50:34,867] {base.py:171} INFO - Retrieving https://api.twitter.com/2/search/adaptive.json?include_profile_interstitial_type=1&include_blocking=1&include_blocked_by=1&include_followed_by=1&include_want_retweets=1&include_mute_edge=1&include_can_dm=1&include_can_media_tag=1&skip_status=1&cards_platform=Web-12&include_cards=1&include_ext_alt_text=true&include_quote_count=true&include_reply_count=1&tweet_mode=extended&include_entities=true&include_user_entities=true&include_ext_media_color=true&include_ext_media_availability=true&send_error_codes=true&simple_quoted_tweets=true&q=near%3ATunis+since%3A1654598733+until%3A1654599033&tweet_search_mode=live&count=100&query_source=spelling_expansion_revert_click&pc=1&spelling_corrections=1&ext=mediaStats%2ChighlightedLabel
[2022-06-07 11:50:35,695] {base.py:189} INFO - Retrieved https://api.twitter.com/2/search/adaptive.json?include_profile_interstitial_type=1&include_blocking=1&include_blocked_by=1&include_followed_by=1&include_want_retweets=1&include_mute_edge=1&include_can_dm=1&include_can_media_tag=1&skip_status=1&cards_platform=Web-12&include_cards=1&include_ext_alt_text=true&include_quote_count=true&include_reply_count=1&tweet_mode=extended&include_entities=true&include_user_entities=true&include_ext_media_color=true&include_ext_media_availability=true&send_error_codes=true&simple_quoted_tweets=true&q=near%3ATunis+since%3A1654598733+until%3A1654599033&tweet_search_mode=live&count=100&query_source=spelling_expansion_revert_click&pc=1&spelling_corrections=1&ext=mediaStats%2ChighlightedLabel: 200
[2022-06-07 11:50:36,829] {_transport.py:336} INFO - PUT http://localhost:9200/gummo_index/_doc/1534125519553368064 [status:201 duration:0.615s]
[2022-06-07 11:50:36,858] {_transport.py:336} INFO - PUT http://localhost:9200/gummo_index/_doc/1534125344088793089 [status:201 duration:0.018s]
[2022-06-07 11:50:36,882] {_transport.py:336} INFO - PUT http://localhost:9200/gummo_index/_doc/1534125324396544001 [status:201 duration:0.009s]
[2022-06-07 11:50:36,906] {_transport.py:336} INFO - PUT http://localhost:9200/gummo_index/_doc/1534125211796267008 [status:201 duration:0.011s]
[2022-06-07 11:50:36,933] {_transport.py:336} INFO - PUT http://localhost:9200/gummo_index/_doc/1534125061560586240 [status:201 duration:0.010s]
[2022-06-07 11:50:37,023] {twitter.py:696} INFO - Retrieving scroll page scroll:thGAVUV0VFVBaCgLDRn4qnyioWgMC4nYXCp8oqEnEV6IZ6FYCJehgHREVGQVVMVDUBFQAVAAA=
[2022-06-07 11:50:37,025] {base.py:171} INFO - Retrieving https://api.twitter.com/2/search/adaptive.json?include_profile_interstitial_type=1&include_blocking=1&include_blocked_by=1&include_followed_by=1&include_want_retweets=1&include_mute_edge=1&include_can_dm=1&include_can_media_tag=1&skip_status=1&cards_platform=Web-12&include_cards=1&include_ext_alt_text=true&include_quote_count=true&include_reply_count=1&tweet_mode=extended&include_entities=true&include_user_entities=true&include_ext_media_color=true&include_ext_media_availability=true&send_error_codes=true&simple_quoted_tweets=true&q=near%3ATunis+since%3A1654598733+until%3A1654599033&tweet_search_mode=live&count=100&query_source=spelling_expansion_revert_click&cursor=scroll%3AthGAVUV0VFVBaCgLDRn4qnyioWgMC4nYXCp8oqEnEV6IZ6FYCJehgHREVGQVVMVDUBFQAVAAA%3D&pc=1&spelling_corrections=1&ext=mediaStats%2ChighlightedLabel
[2022-06-07 11:50:37,291] {base.py:189} INFO - Retrieved https://api.twitter.com/2/search/adaptive.json?include_profile_interstitial_type=1&include_blocking=1&include_blocked_by=1&include_followed_by=1&include_want_retweets=1&include_mute_edge=1&include_can_dm=1&include_can_media_tag=1&skip_status=1&cards_platform=Web-12&include_cards=1&include_ext_alt_text=true&include_quote_count=true&include_reply_count=1&tweet_mode=extended&include_entities=true&include_user_entities=true&include_ext_media_color=true&include_ext_media_availability=true&send_error_codes=true&simple_quoted_tweets=true&q=near%3ATunis+since%3A1654598733+until%3A1654599033&tweet_search_mode=live&count=100&query_source=spelling_expansion_revert_click&cursor=scroll%3AthGAVUV0VFVBaCgLDRn4qnyioWgMC4nYXCp8oqEnEV6IZ6FYCJehgHREVGQVVMVDUBFQAVAAA%3D&pc=1&spelling_corrections=1&ext=mediaStats%2ChighlightedLabel: 200
[2022-06-07 11:50:37,291] {twitter.py:696} INFO - Retrieving scroll page scroll:thGAVUV0VFVBaCgLDRn4qnyioWgMC4nYXCp8oqEnEV6IZ6FYCJehgHREVGQVVMVDUBFQAVAAA=
[2022-06-07 11:50:37,293] {base.py:171} INFO - Retrieving https://api.twitter.com/2/search/adaptive.json?include_profile_interstitial_type=1&include_blocking=1&include_blocked_by=1&include_followed_by=1&include_want_retweets=1&include_mute_edge=1&include_can_dm=1&include_can_media_tag=1&skip_status=1&cards_platform=Web-12&include_cards=1&include_ext_alt_text=true&include_quote_count=true&include_reply_count=1&tweet_mode=extended&include_entities=true&include_user_entities=true&include_ext_media_color=true&include_ext_media_availability=true&send_error_codes=true&simple_quoted_tweets=true&q=near%3ATunis+since%3A1654598733+until%3A1654599033&tweet_search_mode=live&count=100&query_source=spelling_expansion_revert_click&cursor=scroll%3AthGAVUV0VFVBaCgLDRn4qnyioWgMC4nYXCp8oqEnEV6IZ6FYCJehgHREVGQVVMVDUBFQAVAAA%3D&pc=1&spelling_corrections=1&ext=mediaStats%2ChighlightedLabel
[2022-06-07 11:50:37,520] {base.py:189} INFO - Retrieved https://api.twitter.com/2/search/adaptive.json?include_profile_interstitial_type=1&include_blocking=1&include_blocked_by=1&include_followed_by=1&include_want_retweets=1&include_mute_edge=1&include_can_dm=1&include_can_media_tag=1&skip_status=1&cards_platform=Web-12&include_cards=1&include_ext_alt_text=true&include_quote_count=true&include_reply_count=1&tweet_mode=extended&include_entities=true&include_user_entities=true&include_ext_media_color=true&include_ext_media_availability=true&send_error_codes=true&simple_quoted_tweets=true&q=near%3ATunis+since%3A1654598733+until%3A1654599033&tweet_search_mode=live&count=100&query_source=spelling_expansion_revert_click&cursor=scroll%3AthGAVUV0VFVBaCgLDRn4qnyioWgMC4nYXCp8oqEnEV6IZ6FYCJehgHREVGQVVMVDUBFQAVAAA%3D&pc=1&spelling_corrections=1&ext=mediaStats%2ChighlightedLabel: 200
[2022-06-07 11:50:37,520] {twitter.py:696} INFO - Retrieving scroll page scroll:thGAVUV0VFVBaCgLDRn4qnyioWgMC4nYXCp8oqEnEV6IZ6FYCJehgHREVGQVVMVDUBFQAVAAA=
[2022-06-07 11:50:37,521] {base.py:171} INFO - Retrieving https://api.twitter.com/2/search/adaptive.json?include_profile_interstitial_type=1&include_blocking=1&include_blocked_by=1&include_followed_by=1&include_want_retweets=1&include_mute_edge=1&include_can_dm=1&include_can_media_tag=1&skip_status=1&cards_platform=Web-12&include_cards=1&include_ext_alt_text=true&include_quote_count=true&include_reply_count=1&tweet_mode=extended&include_entities=true&include_user_entities=true&include_ext_media_color=true&include_ext_media_availability=true&send_error_codes=true&simple_quoted_tweets=true&q=near%3ATunis+since%3A1654598733+until%3A1654599033&tweet_search_mode=live&count=100&query_source=spelling_expansion_revert_click&cursor=scroll%3AthGAVUV0VFVBaCgLDRn4qnyioWgMC4nYXCp8oqEnEV6IZ6FYCJehgHREVGQVVMVDUBFQAVAAA%3D&pc=1&spelling_corrections=1&ext=mediaStats%2ChighlightedLabel
[2022-06-07 11:50:37,803] {base.py:189} INFO - Retrieved https://api.twitter.com/2/search/adaptive.json?include_profile_interstitial_type=1&include_blocking=1&include_blocked_by=1&include_followed_by=1&include_want_retweets=1&include_mute_edge=1&include_can_dm=1&include_can_media_tag=1&skip_status=1&cards_platform=Web-12&include_cards=1&include_ext_alt_text=true&include_quote_count=true&include_reply_count=1&tweet_mode=extended&include_entities=true&include_user_entities=true&include_ext_media_color=true&include_ext_media_availability=true&send_error_codes=true&simple_quoted_tweets=true&q=near%3ATunis+since%3A1654598733+until%3A1654599033&tweet_search_mode=live&count=100&query_source=spelling_expansion_revert_click&cursor=scroll%3AthGAVUV0VFVBaCgLDRn4qnyioWgMC4nYXCp8oqEnEV6IZ6FYCJehgHREVGQVVMVDUBFQAVAAA%3D&pc=1&spelling_corrections=1&ext=mediaStats%2ChighlightedLabel: 200
[2022-06-07 11:50:37,803] {twitter.py:696} INFO - Retrieving scroll page scroll:thGAVUV0VFVBaCgLDRn4qnyioWgMC4nYXCp8oqEnEV6IZ6FYCJehgHREVGQVVMVDUBFQAVAAA=
[2022-06-07 11:50:37,805] {base.py:171} INFO - Retrieving https://api.twitter.com/2/search/adaptive.json?include_profile_interstitial_type=1&include_blocking=1&include_blocked_by=1&include_followed_by=1&include_want_retweets=1&include_mute_edge=1&include_can_dm=1&include_can_media_tag=1&skip_status=1&cards_platform=Web-12&include_cards=1&include_ext_alt_text=true&include_quote_count=true&include_reply_count=1&tweet_mode=extended&include_entities=true&include_user_entities=true&include_ext_media_color=true&include_ext_media_availability=true&send_error_codes=true&simple_quoted_tweets=true&q=near%3ATunis+since%3A1654598733+until%3A1654599033&tweet_search_mode=live&count=100&query_source=spelling_expansion_revert_click&cursor=scroll%3AthGAVUV0VFVBaCgLDRn4qnyioWgMC4nYXCp8oqEnEV6IZ6FYCJehgHREVGQVVMVDUBFQAVAAA%3D&pc=1&spelling_corrections=1&ext=mediaStats%2ChighlightedLabel
[2022-06-07 11:50:38,213] {base.py:189} INFO - Retrieved https://api.twitter.com/2/search/adaptive.json?include_profile_interstitial_type=1&include_blocking=1&include_blocked_by=1&include_followed_by=1&include_want_retweets=1&include_mute_edge=1&include_can_dm=1&include_can_media_tag=1&skip_status=1&cards_platform=Web-12&include_cards=1&include_ext_alt_text=true&include_quote_count=true&include_reply_count=1&tweet_mode=extended&include_entities=true&include_user_entities=true&include_ext_media_color=true&include_ext_media_availability=true&send_error_codes=true&simple_quoted_tweets=true&q=near%3ATunis+since%3A1654598733+until%3A1654599033&tweet_search_mode=live&count=100&query_source=spelling_expansion_revert_click&cursor=scroll%3AthGAVUV0VFVBaCgLDRn4qnyioWgMC4nYXCp8oqEnEV6IZ6FYCJehgHREVGQVVMVDUBFQAVAAA%3D&pc=1&spelling_corrections=1&ext=mediaStats%2ChighlightedLabel: 200
[2022-06-07 11:50:38,218] {python.py:173} INFO - Done. Returned value was: None
[2022-06-07 11:50:38,231] {taskinstance.py:1396} INFO - Marking task as SUCCESS. dag_id=data_pipeline, task_id=tweets_to_es, execution_date=20220607T104500, start_date=20220607T105033, end_date=20220607T105038
[2022-06-07 11:50:38,292] {local_task_job.py:156} INFO - Task exited with return code 0
[2022-06-07 11:50:38,321] {local_task_job.py:273} INFO - 0 downstream tasks scheduled from follow-on schedule check
