[2022-06-07 23:23:30,503] {taskinstance.py:1160} INFO - Dependencies all met for <TaskInstance: data_pipeline.tweets_to_es manual__2022-06-07T22:23:24.632483+00:00 [queued]>
[2022-06-07 23:23:30,508] {taskinstance.py:1160} INFO - Dependencies all met for <TaskInstance: data_pipeline.tweets_to_es manual__2022-06-07T22:23:24.632483+00:00 [queued]>
[2022-06-07 23:23:30,508] {taskinstance.py:1357} INFO - 
--------------------------------------------------------------------------------
[2022-06-07 23:23:30,508] {taskinstance.py:1358} INFO - Starting attempt 1 of 1
[2022-06-07 23:23:30,508] {taskinstance.py:1359} INFO - 
--------------------------------------------------------------------------------
[2022-06-07 23:23:30,519] {taskinstance.py:1378} INFO - Executing <Task(PythonOperator): tweets_to_es> on 2022-06-07 22:23:24.632483+00:00
[2022-06-07 23:23:30,521] {standard_task_runner.py:52} INFO - Started process 8482 to run task
[2022-06-07 23:23:30,524] {standard_task_runner.py:79} INFO - Running: ['airflow', 'tasks', 'run', 'data_pipeline', 'tweets_to_es', 'manual__2022-06-07T22:23:24.632483+00:00', '--job-id', '3', '--raw', '--subdir', 'DAGS_FOLDER/airfow_es.py', '--cfg-path', '/tmp/tmpkqbkpjvr', '--error-file', '/tmp/tmp7novbyma']
[2022-06-07 23:23:30,525] {standard_task_runner.py:80} INFO - Job 3: Subtask tweets_to_es
[2022-06-07 23:23:30,563] {task_command.py:370} INFO - Running <TaskInstance: data_pipeline.tweets_to_es manual__2022-06-07T22:23:24.632483+00:00 [running]> on host oury-Tp
[2022-06-07 23:23:30,604] {taskinstance.py:1570} INFO - Exporting the following env vars:
AIRFLOW_CTX_DAG_OWNER=airflow
AIRFLOW_CTX_DAG_ID=data_pipeline
AIRFLOW_CTX_TASK_ID=tweets_to_es
AIRFLOW_CTX_EXECUTION_DATE=2022-06-07T22:23:24.632483+00:00
AIRFLOW_CTX_TRY_NUMBER=1
AIRFLOW_CTX_DAG_RUN_ID=manual__2022-06-07T22:23:24.632483+00:00
[2022-06-07 23:23:30,605] {twitter.py:696} INFO - Retrieving scroll page None
[2022-06-07 23:23:30,605] {twitter.py:626} INFO - Retrieving guest token
[2022-06-07 23:23:30,606] {base.py:171} INFO - Retrieving https://twitter.com/search?f=live&lang=en&q=near%3AParis+since%3A1654640430+until%3A1654640610&src=spelling_expansion_revert_click
[2022-06-07 23:23:31,214] {base.py:189} INFO - Retrieved https://twitter.com/search?f=live&lang=en&q=near%3AParis+since%3A1654640430+until%3A1654640610&src=spelling_expansion_revert_click: 200
[2022-06-07 23:23:31,216] {base.py:171} INFO - Retrieving https://api.twitter.com/2/search/adaptive.json?include_profile_interstitial_type=1&include_blocking=1&include_blocked_by=1&include_followed_by=1&include_want_retweets=1&include_mute_edge=1&include_can_dm=1&include_can_media_tag=1&skip_status=1&cards_platform=Web-12&include_cards=1&include_ext_alt_text=true&include_quote_count=true&include_reply_count=1&tweet_mode=extended&include_entities=true&include_user_entities=true&include_ext_media_color=true&include_ext_media_availability=true&send_error_codes=true&simple_quoted_tweets=true&q=near%3AParis+since%3A1654640430+until%3A1654640610&tweet_search_mode=live&count=100&query_source=spelling_expansion_revert_click&pc=1&spelling_corrections=1&ext=mediaStats%2ChighlightedLabel
[2022-06-07 23:23:32,389] {base.py:189} INFO - Retrieved https://api.twitter.com/2/search/adaptive.json?include_profile_interstitial_type=1&include_blocking=1&include_blocked_by=1&include_followed_by=1&include_want_retweets=1&include_mute_edge=1&include_can_dm=1&include_can_media_tag=1&skip_status=1&cards_platform=Web-12&include_cards=1&include_ext_alt_text=true&include_quote_count=true&include_reply_count=1&tweet_mode=extended&include_entities=true&include_user_entities=true&include_ext_media_color=true&include_ext_media_availability=true&send_error_codes=true&simple_quoted_tweets=true&q=near%3AParis+since%3A1654640430+until%3A1654640610&tweet_search_mode=live&count=100&query_source=spelling_expansion_revert_click&pc=1&spelling_corrections=1&ext=mediaStats%2ChighlightedLabel: 200
[2022-06-07 23:23:32,773] {_transport.py:336} INFO - PUT http://localhost:9200/my_index/_doc/1534300038800744449 [status:201 duration:0.011s]
[2022-06-07 23:23:32,787] {_transport.py:336} INFO - PUT http://localhost:9200/my_index/_doc/1534300038016507907 [status:201 duration:0.009s]
[2022-06-07 23:23:32,817] {_transport.py:336} INFO - PUT http://localhost:9200/my_index/_doc/1534300031804743685 [status:201 duration:0.008s]
[2022-06-07 23:23:32,829] {_transport.py:336} INFO - PUT http://localhost:9200/my_index/_doc/1534300030340935681 [status:201 duration:0.007s]
[2022-06-07 23:23:32,841] {_transport.py:336} INFO - PUT http://localhost:9200/my_index/_doc/1534300029237743617 [status:201 duration:0.007s]
[2022-06-07 23:23:32,880] {_transport.py:336} INFO - PUT http://localhost:9200/my_index/_doc/1534300022354980865 [status:201 duration:0.007s]
[2022-06-07 23:23:32,904] {_transport.py:336} INFO - PUT http://localhost:9200/my_index/_doc/1534300021767774208 [status:201 duration:0.007s]
[2022-06-07 23:23:32,952] {_transport.py:336} INFO - PUT http://localhost:9200/my_index/_doc/1534300018890391552 [status:201 duration:0.007s]
[2022-06-07 23:23:32,962] {_transport.py:336} INFO - PUT http://localhost:9200/my_index/_doc/1534300018764664834 [status:201 duration:0.006s]
[2022-06-07 23:23:32,997] {twitter.py:696} INFO - Retrieving scroll page scroll:thGAVUV0VFVBaCgL2tgO_2yioWgoCyxbPw9soqEnEV8IV6FYCJehgHREVGQVVMVDUBFQAVAAA=
[2022-06-07 23:23:32,998] {base.py:171} INFO - Retrieving https://api.twitter.com/2/search/adaptive.json?include_profile_interstitial_type=1&include_blocking=1&include_blocked_by=1&include_followed_by=1&include_want_retweets=1&include_mute_edge=1&include_can_dm=1&include_can_media_tag=1&skip_status=1&cards_platform=Web-12&include_cards=1&include_ext_alt_text=true&include_quote_count=true&include_reply_count=1&tweet_mode=extended&include_entities=true&include_user_entities=true&include_ext_media_color=true&include_ext_media_availability=true&send_error_codes=true&simple_quoted_tweets=true&q=near%3AParis+since%3A1654640430+until%3A1654640610&tweet_search_mode=live&count=100&query_source=spelling_expansion_revert_click&cursor=scroll%3AthGAVUV0VFVBaCgL2tgO_2yioWgoCyxbPw9soqEnEV8IV6FYCJehgHREVGQVVMVDUBFQAVAAA%3D&pc=1&spelling_corrections=1&ext=mediaStats%2ChighlightedLabel
[2022-06-07 23:23:33,942] {base.py:189} INFO - Retrieved https://api.twitter.com/2/search/adaptive.json?include_profile_interstitial_type=1&include_blocking=1&include_blocked_by=1&include_followed_by=1&include_want_retweets=1&include_mute_edge=1&include_can_dm=1&include_can_media_tag=1&skip_status=1&cards_platform=Web-12&include_cards=1&include_ext_alt_text=true&include_quote_count=true&include_reply_count=1&tweet_mode=extended&include_entities=true&include_user_entities=true&include_ext_media_color=true&include_ext_media_availability=true&send_error_codes=true&simple_quoted_tweets=true&q=near%3AParis+since%3A1654640430+until%3A1654640610&tweet_search_mode=live&count=100&query_source=spelling_expansion_revert_click&cursor=scroll%3AthGAVUV0VFVBaCgL2tgO_2yioWgoCyxbPw9soqEnEV8IV6FYCJehgHREVGQVVMVDUBFQAVAAA%3D&pc=1&spelling_corrections=1&ext=mediaStats%2ChighlightedLabel: 200
[2022-06-07 23:23:33,958] {_transport.py:336} INFO - PUT http://localhost:9200/my_index/_doc/1534300014352138242 [status:201 duration:0.008s]
[2022-06-07 23:23:33,983] {_transport.py:336} INFO - PUT http://localhost:9200/my_index/_doc/1534300011508518913 [status:201 duration:0.007s]
[2022-06-07 23:23:33,994] {_transport.py:336} INFO - PUT http://localhost:9200/my_index/_doc/1534300010438922247 [status:201 duration:0.007s]
[2022-06-07 23:23:34,006] {_transport.py:336} INFO - PUT http://localhost:9200/my_index/_doc/1534300009080008704 [status:201 duration:0.006s]
[2022-06-07 23:23:34,036] {_transport.py:336} INFO - PUT http://localhost:9200/my_index/_doc/1534300001421119490 [status:200 duration:0.012s]
[2022-06-07 23:23:34,048] {_transport.py:336} INFO - PUT http://localhost:9200/my_index/_doc/1534300001299578881 [status:200 duration:0.007s]
[2022-06-07 23:23:34,076] {_transport.py:336} INFO - PUT http://localhost:9200/my_index/_doc/1534299997763940352 [status:200 duration:0.008s]
[2022-06-07 23:23:34,126] {_transport.py:336} INFO - PUT http://localhost:9200/my_index/_doc/1534299993925902337 [status:200 duration:0.008s]
[2022-06-07 23:23:34,139] {_transport.py:336} INFO - PUT http://localhost:9200/my_index/_doc/1534299990411169792 [status:200 duration:0.007s]
[2022-06-07 23:23:34,156] {_transport.py:336} INFO - PUT http://localhost:9200/my_index/_doc/1534299985361108994 [status:200 duration:0.007s]
[2022-06-07 23:23:34,157] {twitter.py:696} INFO - Retrieving scroll page scroll:thGAVUV0VFVBaEgLDlpO32yioWgoCyxbPw9soqEnEV4IJ6FYCJehgHREVGQVVMVDUBFQIVAAA=
[2022-06-07 23:23:34,158] {base.py:171} INFO - Retrieving https://api.twitter.com/2/search/adaptive.json?include_profile_interstitial_type=1&include_blocking=1&include_blocked_by=1&include_followed_by=1&include_want_retweets=1&include_mute_edge=1&include_can_dm=1&include_can_media_tag=1&skip_status=1&cards_platform=Web-12&include_cards=1&include_ext_alt_text=true&include_quote_count=true&include_reply_count=1&tweet_mode=extended&include_entities=true&include_user_entities=true&include_ext_media_color=true&include_ext_media_availability=true&send_error_codes=true&simple_quoted_tweets=true&q=near%3AParis+since%3A1654640430+until%3A1654640610&tweet_search_mode=live&count=100&query_source=spelling_expansion_revert_click&cursor=scroll%3AthGAVUV0VFVBaEgLDlpO32yioWgoCyxbPw9soqEnEV4IJ6FYCJehgHREVGQVVMVDUBFQIVAAA%3D&pc=1&spelling_corrections=1&ext=mediaStats%2ChighlightedLabel
[2022-06-07 23:23:34,840] {base.py:189} INFO - Retrieved https://api.twitter.com/2/search/adaptive.json?include_profile_interstitial_type=1&include_blocking=1&include_blocked_by=1&include_followed_by=1&include_want_retweets=1&include_mute_edge=1&include_can_dm=1&include_can_media_tag=1&skip_status=1&cards_platform=Web-12&include_cards=1&include_ext_alt_text=true&include_quote_count=true&include_reply_count=1&tweet_mode=extended&include_entities=true&include_user_entities=true&include_ext_media_color=true&include_ext_media_availability=true&send_error_codes=true&simple_quoted_tweets=true&q=near%3AParis+since%3A1654640430+until%3A1654640610&tweet_search_mode=live&count=100&query_source=spelling_expansion_revert_click&cursor=scroll%3AthGAVUV0VFVBaEgLDlpO32yioWgoCyxbPw9soqEnEV4IJ6FYCJehgHREVGQVVMVDUBFQIVAAA%3D&pc=1&spelling_corrections=1&ext=mediaStats%2ChighlightedLabel: 200
[2022-06-07 23:23:34,858] {_transport.py:336} INFO - PUT http://localhost:9200/my_index/_doc/1534299984845316096 [status:200 duration:0.008s]
[2022-06-07 23:23:34,868] {_transport.py:336} INFO - PUT http://localhost:9200/my_index/_doc/1534299984086147074 [status:200 duration:0.006s]
[2022-06-07 23:23:34,880] {_transport.py:336} INFO - PUT http://localhost:9200/my_index/_doc/1534299983767392256 [status:200 duration:0.007s]
[2022-06-07 23:23:34,890] {_transport.py:336} INFO - PUT http://localhost:9200/my_index/_doc/1534299983155023872 [status:200 duration:0.006s]
[2022-06-07 23:23:34,904] {_transport.py:336} INFO - PUT http://localhost:9200/my_index/_doc/1534299982672560129 [status:200 duration:0.007s]
[2022-06-07 23:23:34,917] {_transport.py:336} INFO - PUT http://localhost:9200/my_index/_doc/1534299980772540417 [status:200 duration:0.007s]
[2022-06-07 23:23:34,931] {_transport.py:336} INFO - PUT http://localhost:9200/my_index/_doc/1534299980390866944 [status:200 duration:0.008s]
[2022-06-07 23:23:34,954] {_transport.py:336} INFO - PUT http://localhost:9200/my_index/_doc/1534299977408708609 [status:200 duration:0.008s]
[2022-06-07 23:23:34,968] {_transport.py:336} INFO - PUT http://localhost:9200/my_index/_doc/1534299977001885696 [status:200 duration:0.008s]
[2022-06-07 23:23:34,976] {python.py:173} INFO - Done. Returned value was: None
[2022-06-07 23:23:35,067] {taskinstance.py:1396} INFO - Marking task as SUCCESS. dag_id=data_pipeline, task_id=tweets_to_es, execution_date=20220607T222324, start_date=20220607T222330, end_date=20220607T222335
[2022-06-07 23:23:35,114] {local_task_job.py:156} INFO - Task exited with return code 0
[2022-06-07 23:23:35,128] {local_task_job.py:273} INFO - 0 downstream tasks scheduled from follow-on schedule check
