[2022-06-01 00:08:33,048] {processor.py:153} INFO - Started process (PID=10017) to work on /home/oury/.local/lib/python3.10/site-packages/airflow/example_dags/subdags/subdag.py
[2022-06-01 00:08:33,048] {processor.py:641} INFO - Processing file /home/oury/.local/lib/python3.10/site-packages/airflow/example_dags/subdags/subdag.py for tasks to queue
[2022-06-01 00:08:33,049] {logging_mixin.py:115} INFO - [2022-06-01 00:08:33,049] {dagbag.py:507} INFO - Filling up the DagBag from /home/oury/.local/lib/python3.10/site-packages/airflow/example_dags/subdags/subdag.py
[2022-06-01 00:08:33,050] {processor.py:653} WARNING - No viable dags retrieved from /home/oury/.local/lib/python3.10/site-packages/airflow/example_dags/subdags/subdag.py
[2022-06-01 00:08:33,058] {processor.py:161} INFO - Processing /home/oury/.local/lib/python3.10/site-packages/airflow/example_dags/subdags/subdag.py took 0.012 seconds
[2022-06-01 00:09:09,000] {processor.py:153} INFO - Started process (PID=10058) to work on /home/oury/.local/lib/python3.10/site-packages/airflow/example_dags/subdags/subdag.py
[2022-06-01 00:09:09,001] {processor.py:641} INFO - Processing file /home/oury/.local/lib/python3.10/site-packages/airflow/example_dags/subdags/subdag.py for tasks to queue
[2022-06-01 00:09:09,001] {logging_mixin.py:115} INFO - [2022-06-01 00:09:09,001] {dagbag.py:507} INFO - Filling up the DagBag from /home/oury/.local/lib/python3.10/site-packages/airflow/example_dags/subdags/subdag.py
[2022-06-01 00:09:09,002] {processor.py:653} WARNING - No viable dags retrieved from /home/oury/.local/lib/python3.10/site-packages/airflow/example_dags/subdags/subdag.py
[2022-06-01 00:09:09,010] {processor.py:161} INFO - Processing /home/oury/.local/lib/python3.10/site-packages/airflow/example_dags/subdags/subdag.py took 0.012 seconds
[2022-06-01 00:09:41,524] {processor.py:153} INFO - Started process (PID=10096) to work on /home/oury/.local/lib/python3.10/site-packages/airflow/example_dags/subdags/subdag.py
[2022-06-01 00:09:41,524] {processor.py:641} INFO - Processing file /home/oury/.local/lib/python3.10/site-packages/airflow/example_dags/subdags/subdag.py for tasks to queue
[2022-06-01 00:09:41,525] {logging_mixin.py:115} INFO - [2022-06-01 00:09:41,525] {dagbag.py:507} INFO - Filling up the DagBag from /home/oury/.local/lib/python3.10/site-packages/airflow/example_dags/subdags/subdag.py
[2022-06-01 00:09:41,526] {processor.py:653} WARNING - No viable dags retrieved from /home/oury/.local/lib/python3.10/site-packages/airflow/example_dags/subdags/subdag.py
[2022-06-01 00:09:41,535] {processor.py:161} INFO - Processing /home/oury/.local/lib/python3.10/site-packages/airflow/example_dags/subdags/subdag.py took 0.014 seconds
[2022-06-01 00:10:15,338] {processor.py:153} INFO - Started process (PID=10219) to work on /home/oury/.local/lib/python3.10/site-packages/airflow/example_dags/subdags/subdag.py
[2022-06-01 00:10:15,339] {processor.py:641} INFO - Processing file /home/oury/.local/lib/python3.10/site-packages/airflow/example_dags/subdags/subdag.py for tasks to queue
[2022-06-01 00:10:15,339] {logging_mixin.py:115} INFO - [2022-06-01 00:10:15,339] {dagbag.py:507} INFO - Filling up the DagBag from /home/oury/.local/lib/python3.10/site-packages/airflow/example_dags/subdags/subdag.py
[2022-06-01 00:10:15,341] {processor.py:653} WARNING - No viable dags retrieved from /home/oury/.local/lib/python3.10/site-packages/airflow/example_dags/subdags/subdag.py
[2022-06-01 00:10:15,350] {processor.py:161} INFO - Processing /home/oury/.local/lib/python3.10/site-packages/airflow/example_dags/subdags/subdag.py took 0.014 seconds
[2022-06-01 00:10:48,362] {processor.py:153} INFO - Started process (PID=10308) to work on /home/oury/.local/lib/python3.10/site-packages/airflow/example_dags/subdags/subdag.py
[2022-06-01 00:10:48,363] {processor.py:641} INFO - Processing file /home/oury/.local/lib/python3.10/site-packages/airflow/example_dags/subdags/subdag.py for tasks to queue
[2022-06-01 00:10:48,363] {logging_mixin.py:115} INFO - [2022-06-01 00:10:48,363] {dagbag.py:507} INFO - Filling up the DagBag from /home/oury/.local/lib/python3.10/site-packages/airflow/example_dags/subdags/subdag.py
[2022-06-01 00:10:48,365] {processor.py:653} WARNING - No viable dags retrieved from /home/oury/.local/lib/python3.10/site-packages/airflow/example_dags/subdags/subdag.py
[2022-06-01 00:10:48,372] {processor.py:161} INFO - Processing /home/oury/.local/lib/python3.10/site-packages/airflow/example_dags/subdags/subdag.py took 0.012 seconds
[2022-06-01 00:11:20,361] {processor.py:153} INFO - Started process (PID=10351) to work on /home/oury/.local/lib/python3.10/site-packages/airflow/example_dags/subdags/subdag.py
[2022-06-01 00:11:20,361] {processor.py:641} INFO - Processing file /home/oury/.local/lib/python3.10/site-packages/airflow/example_dags/subdags/subdag.py for tasks to queue
[2022-06-01 00:11:20,362] {logging_mixin.py:115} INFO - [2022-06-01 00:11:20,362] {dagbag.py:507} INFO - Filling up the DagBag from /home/oury/.local/lib/python3.10/site-packages/airflow/example_dags/subdags/subdag.py
[2022-06-01 00:11:20,363] {processor.py:653} WARNING - No viable dags retrieved from /home/oury/.local/lib/python3.10/site-packages/airflow/example_dags/subdags/subdag.py
[2022-06-01 00:11:20,371] {processor.py:161} INFO - Processing /home/oury/.local/lib/python3.10/site-packages/airflow/example_dags/subdags/subdag.py took 0.013 seconds
[2022-06-01 00:11:54,825] {processor.py:153} INFO - Started process (PID=10391) to work on /home/oury/.local/lib/python3.10/site-packages/airflow/example_dags/subdags/subdag.py
[2022-06-01 00:11:54,825] {processor.py:641} INFO - Processing file /home/oury/.local/lib/python3.10/site-packages/airflow/example_dags/subdags/subdag.py for tasks to queue
[2022-06-01 00:11:54,826] {logging_mixin.py:115} INFO - [2022-06-01 00:11:54,826] {dagbag.py:507} INFO - Filling up the DagBag from /home/oury/.local/lib/python3.10/site-packages/airflow/example_dags/subdags/subdag.py
[2022-06-01 00:11:54,827] {processor.py:653} WARNING - No viable dags retrieved from /home/oury/.local/lib/python3.10/site-packages/airflow/example_dags/subdags/subdag.py
[2022-06-01 00:11:54,836] {processor.py:161} INFO - Processing /home/oury/.local/lib/python3.10/site-packages/airflow/example_dags/subdags/subdag.py took 0.015 seconds
[2022-06-01 00:12:27,506] {processor.py:153} INFO - Started process (PID=10453) to work on /home/oury/.local/lib/python3.10/site-packages/airflow/example_dags/subdags/subdag.py
[2022-06-01 00:12:27,506] {processor.py:641} INFO - Processing file /home/oury/.local/lib/python3.10/site-packages/airflow/example_dags/subdags/subdag.py for tasks to queue
[2022-06-01 00:12:27,506] {logging_mixin.py:115} INFO - [2022-06-01 00:12:27,506] {dagbag.py:507} INFO - Filling up the DagBag from /home/oury/.local/lib/python3.10/site-packages/airflow/example_dags/subdags/subdag.py
[2022-06-01 00:12:27,507] {processor.py:653} WARNING - No viable dags retrieved from /home/oury/.local/lib/python3.10/site-packages/airflow/example_dags/subdags/subdag.py
[2022-06-01 00:12:27,517] {processor.py:161} INFO - Processing /home/oury/.local/lib/python3.10/site-packages/airflow/example_dags/subdags/subdag.py took 0.014 seconds
[2022-06-01 00:13:01,373] {processor.py:153} INFO - Started process (PID=10493) to work on /home/oury/.local/lib/python3.10/site-packages/airflow/example_dags/subdags/subdag.py
[2022-06-01 00:13:01,373] {processor.py:641} INFO - Processing file /home/oury/.local/lib/python3.10/site-packages/airflow/example_dags/subdags/subdag.py for tasks to queue
[2022-06-01 00:13:01,374] {logging_mixin.py:115} INFO - [2022-06-01 00:13:01,373] {dagbag.py:507} INFO - Filling up the DagBag from /home/oury/.local/lib/python3.10/site-packages/airflow/example_dags/subdags/subdag.py
[2022-06-01 00:13:01,375] {processor.py:653} WARNING - No viable dags retrieved from /home/oury/.local/lib/python3.10/site-packages/airflow/example_dags/subdags/subdag.py
[2022-06-01 00:13:01,383] {processor.py:161} INFO - Processing /home/oury/.local/lib/python3.10/site-packages/airflow/example_dags/subdags/subdag.py took 0.013 seconds
[2022-06-01 00:13:33,127] {processor.py:153} INFO - Started process (PID=10529) to work on /home/oury/.local/lib/python3.10/site-packages/airflow/example_dags/subdags/subdag.py
[2022-06-01 00:13:33,128] {processor.py:641} INFO - Processing file /home/oury/.local/lib/python3.10/site-packages/airflow/example_dags/subdags/subdag.py for tasks to queue
[2022-06-01 00:13:33,129] {logging_mixin.py:115} INFO - [2022-06-01 00:13:33,129] {dagbag.py:507} INFO - Filling up the DagBag from /home/oury/.local/lib/python3.10/site-packages/airflow/example_dags/subdags/subdag.py
[2022-06-01 00:13:33,130] {processor.py:653} WARNING - No viable dags retrieved from /home/oury/.local/lib/python3.10/site-packages/airflow/example_dags/subdags/subdag.py
[2022-06-01 00:13:33,138] {processor.py:161} INFO - Processing /home/oury/.local/lib/python3.10/site-packages/airflow/example_dags/subdags/subdag.py took 0.013 seconds
[2022-06-01 00:14:05,161] {processor.py:153} INFO - Started process (PID=10612) to work on /home/oury/.local/lib/python3.10/site-packages/airflow/example_dags/subdags/subdag.py
[2022-06-01 00:14:05,161] {processor.py:641} INFO - Processing file /home/oury/.local/lib/python3.10/site-packages/airflow/example_dags/subdags/subdag.py for tasks to queue
[2022-06-01 00:14:05,162] {logging_mixin.py:115} INFO - [2022-06-01 00:14:05,162] {dagbag.py:507} INFO - Filling up the DagBag from /home/oury/.local/lib/python3.10/site-packages/airflow/example_dags/subdags/subdag.py
[2022-06-01 00:14:05,163] {processor.py:653} WARNING - No viable dags retrieved from /home/oury/.local/lib/python3.10/site-packages/airflow/example_dags/subdags/subdag.py
[2022-06-01 00:14:05,171] {processor.py:161} INFO - Processing /home/oury/.local/lib/python3.10/site-packages/airflow/example_dags/subdags/subdag.py took 0.013 seconds
[2022-06-01 00:14:39,244] {processor.py:153} INFO - Started process (PID=10667) to work on /home/oury/.local/lib/python3.10/site-packages/airflow/example_dags/subdags/subdag.py
[2022-06-01 00:14:39,244] {processor.py:641} INFO - Processing file /home/oury/.local/lib/python3.10/site-packages/airflow/example_dags/subdags/subdag.py for tasks to queue
[2022-06-01 00:14:39,245] {logging_mixin.py:115} INFO - [2022-06-01 00:14:39,245] {dagbag.py:507} INFO - Filling up the DagBag from /home/oury/.local/lib/python3.10/site-packages/airflow/example_dags/subdags/subdag.py
[2022-06-01 00:14:39,246] {processor.py:653} WARNING - No viable dags retrieved from /home/oury/.local/lib/python3.10/site-packages/airflow/example_dags/subdags/subdag.py
[2022-06-01 00:14:39,254] {processor.py:161} INFO - Processing /home/oury/.local/lib/python3.10/site-packages/airflow/example_dags/subdags/subdag.py took 0.013 seconds
[2022-06-01 00:15:11,992] {processor.py:153} INFO - Started process (PID=10701) to work on /home/oury/.local/lib/python3.10/site-packages/airflow/example_dags/subdags/subdag.py
[2022-06-01 00:15:11,993] {processor.py:641} INFO - Processing file /home/oury/.local/lib/python3.10/site-packages/airflow/example_dags/subdags/subdag.py for tasks to queue
[2022-06-01 00:15:11,993] {logging_mixin.py:115} INFO - [2022-06-01 00:15:11,993] {dagbag.py:507} INFO - Filling up the DagBag from /home/oury/.local/lib/python3.10/site-packages/airflow/example_dags/subdags/subdag.py
[2022-06-01 00:15:11,994] {processor.py:653} WARNING - No viable dags retrieved from /home/oury/.local/lib/python3.10/site-packages/airflow/example_dags/subdags/subdag.py
[2022-06-01 00:15:12,006] {processor.py:161} INFO - Processing /home/oury/.local/lib/python3.10/site-packages/airflow/example_dags/subdags/subdag.py took 0.016 seconds
[2022-06-01 00:15:45,268] {processor.py:153} INFO - Started process (PID=10735) to work on /home/oury/.local/lib/python3.10/site-packages/airflow/example_dags/subdags/subdag.py
[2022-06-01 00:15:45,268] {processor.py:641} INFO - Processing file /home/oury/.local/lib/python3.10/site-packages/airflow/example_dags/subdags/subdag.py for tasks to queue
[2022-06-01 00:15:45,268] {logging_mixin.py:115} INFO - [2022-06-01 00:15:45,268] {dagbag.py:507} INFO - Filling up the DagBag from /home/oury/.local/lib/python3.10/site-packages/airflow/example_dags/subdags/subdag.py
[2022-06-01 00:15:45,269] {processor.py:653} WARNING - No viable dags retrieved from /home/oury/.local/lib/python3.10/site-packages/airflow/example_dags/subdags/subdag.py
[2022-06-01 00:15:45,278] {processor.py:161} INFO - Processing /home/oury/.local/lib/python3.10/site-packages/airflow/example_dags/subdags/subdag.py took 0.013 seconds
[2022-06-01 00:16:17,909] {processor.py:153} INFO - Started process (PID=10770) to work on /home/oury/.local/lib/python3.10/site-packages/airflow/example_dags/subdags/subdag.py
[2022-06-01 00:16:17,909] {processor.py:641} INFO - Processing file /home/oury/.local/lib/python3.10/site-packages/airflow/example_dags/subdags/subdag.py for tasks to queue
[2022-06-01 00:16:17,909] {logging_mixin.py:115} INFO - [2022-06-01 00:16:17,909] {dagbag.py:507} INFO - Filling up the DagBag from /home/oury/.local/lib/python3.10/site-packages/airflow/example_dags/subdags/subdag.py
[2022-06-01 00:16:17,911] {processor.py:653} WARNING - No viable dags retrieved from /home/oury/.local/lib/python3.10/site-packages/airflow/example_dags/subdags/subdag.py
[2022-06-01 00:16:17,920] {processor.py:161} INFO - Processing /home/oury/.local/lib/python3.10/site-packages/airflow/example_dags/subdags/subdag.py took 0.014 seconds
[2022-06-01 00:16:50,388] {processor.py:153} INFO - Started process (PID=10804) to work on /home/oury/.local/lib/python3.10/site-packages/airflow/example_dags/subdags/subdag.py
[2022-06-01 00:16:50,389] {processor.py:641} INFO - Processing file /home/oury/.local/lib/python3.10/site-packages/airflow/example_dags/subdags/subdag.py for tasks to queue
[2022-06-01 00:16:50,390] {logging_mixin.py:115} INFO - [2022-06-01 00:16:50,390] {dagbag.py:507} INFO - Filling up the DagBag from /home/oury/.local/lib/python3.10/site-packages/airflow/example_dags/subdags/subdag.py
[2022-06-01 00:16:50,391] {processor.py:653} WARNING - No viable dags retrieved from /home/oury/.local/lib/python3.10/site-packages/airflow/example_dags/subdags/subdag.py
[2022-06-01 00:16:50,400] {processor.py:161} INFO - Processing /home/oury/.local/lib/python3.10/site-packages/airflow/example_dags/subdags/subdag.py took 0.014 seconds
[2022-06-01 00:17:23,915] {processor.py:153} INFO - Started process (PID=10842) to work on /home/oury/.local/lib/python3.10/site-packages/airflow/example_dags/subdags/subdag.py
[2022-06-01 00:17:23,915] {processor.py:641} INFO - Processing file /home/oury/.local/lib/python3.10/site-packages/airflow/example_dags/subdags/subdag.py for tasks to queue
[2022-06-01 00:17:23,916] {logging_mixin.py:115} INFO - [2022-06-01 00:17:23,916] {dagbag.py:507} INFO - Filling up the DagBag from /home/oury/.local/lib/python3.10/site-packages/airflow/example_dags/subdags/subdag.py
[2022-06-01 00:17:23,917] {processor.py:653} WARNING - No viable dags retrieved from /home/oury/.local/lib/python3.10/site-packages/airflow/example_dags/subdags/subdag.py
[2022-06-01 00:17:23,926] {processor.py:161} INFO - Processing /home/oury/.local/lib/python3.10/site-packages/airflow/example_dags/subdags/subdag.py took 0.013 seconds
[2022-06-01 00:17:55,804] {processor.py:153} INFO - Started process (PID=10877) to work on /home/oury/.local/lib/python3.10/site-packages/airflow/example_dags/subdags/subdag.py
[2022-06-01 00:17:55,805] {processor.py:641} INFO - Processing file /home/oury/.local/lib/python3.10/site-packages/airflow/example_dags/subdags/subdag.py for tasks to queue
[2022-06-01 00:17:55,805] {logging_mixin.py:115} INFO - [2022-06-01 00:17:55,805] {dagbag.py:507} INFO - Filling up the DagBag from /home/oury/.local/lib/python3.10/site-packages/airflow/example_dags/subdags/subdag.py
[2022-06-01 00:17:55,806] {processor.py:653} WARNING - No viable dags retrieved from /home/oury/.local/lib/python3.10/site-packages/airflow/example_dags/subdags/subdag.py
[2022-06-01 00:17:55,816] {processor.py:161} INFO - Processing /home/oury/.local/lib/python3.10/site-packages/airflow/example_dags/subdags/subdag.py took 0.014 seconds
[2022-06-01 00:18:30,196] {processor.py:153} INFO - Started process (PID=10924) to work on /home/oury/.local/lib/python3.10/site-packages/airflow/example_dags/subdags/subdag.py
[2022-06-01 00:18:30,197] {processor.py:641} INFO - Processing file /home/oury/.local/lib/python3.10/site-packages/airflow/example_dags/subdags/subdag.py for tasks to queue
[2022-06-01 00:18:30,197] {logging_mixin.py:115} INFO - [2022-06-01 00:18:30,197] {dagbag.py:507} INFO - Filling up the DagBag from /home/oury/.local/lib/python3.10/site-packages/airflow/example_dags/subdags/subdag.py
[2022-06-01 00:18:30,198] {processor.py:653} WARNING - No viable dags retrieved from /home/oury/.local/lib/python3.10/site-packages/airflow/example_dags/subdags/subdag.py
[2022-06-01 00:18:30,207] {processor.py:161} INFO - Processing /home/oury/.local/lib/python3.10/site-packages/airflow/example_dags/subdags/subdag.py took 0.013 seconds
[2022-06-01 00:19:02,706] {processor.py:153} INFO - Started process (PID=10958) to work on /home/oury/.local/lib/python3.10/site-packages/airflow/example_dags/subdags/subdag.py
[2022-06-01 00:19:02,706] {processor.py:641} INFO - Processing file /home/oury/.local/lib/python3.10/site-packages/airflow/example_dags/subdags/subdag.py for tasks to queue
[2022-06-01 00:19:02,707] {logging_mixin.py:115} INFO - [2022-06-01 00:19:02,707] {dagbag.py:507} INFO - Filling up the DagBag from /home/oury/.local/lib/python3.10/site-packages/airflow/example_dags/subdags/subdag.py
[2022-06-01 00:19:02,708] {processor.py:653} WARNING - No viable dags retrieved from /home/oury/.local/lib/python3.10/site-packages/airflow/example_dags/subdags/subdag.py
[2022-06-01 00:19:02,716] {processor.py:161} INFO - Processing /home/oury/.local/lib/python3.10/site-packages/airflow/example_dags/subdags/subdag.py took 0.014 seconds
[2022-06-01 00:19:34,636] {processor.py:153} INFO - Started process (PID=10996) to work on /home/oury/.local/lib/python3.10/site-packages/airflow/example_dags/subdags/subdag.py
[2022-06-01 00:19:34,637] {processor.py:641} INFO - Processing file /home/oury/.local/lib/python3.10/site-packages/airflow/example_dags/subdags/subdag.py for tasks to queue
[2022-06-01 00:19:34,637] {logging_mixin.py:115} INFO - [2022-06-01 00:19:34,637] {dagbag.py:507} INFO - Filling up the DagBag from /home/oury/.local/lib/python3.10/site-packages/airflow/example_dags/subdags/subdag.py
[2022-06-01 00:19:34,638] {processor.py:653} WARNING - No viable dags retrieved from /home/oury/.local/lib/python3.10/site-packages/airflow/example_dags/subdags/subdag.py
[2022-06-01 00:19:34,647] {processor.py:161} INFO - Processing /home/oury/.local/lib/python3.10/site-packages/airflow/example_dags/subdags/subdag.py took 0.013 seconds
[2022-06-01 00:20:07,336] {processor.py:153} INFO - Started process (PID=11030) to work on /home/oury/.local/lib/python3.10/site-packages/airflow/example_dags/subdags/subdag.py
[2022-06-01 00:20:07,336] {processor.py:641} INFO - Processing file /home/oury/.local/lib/python3.10/site-packages/airflow/example_dags/subdags/subdag.py for tasks to queue
[2022-06-01 00:20:07,337] {logging_mixin.py:115} INFO - [2022-06-01 00:20:07,337] {dagbag.py:507} INFO - Filling up the DagBag from /home/oury/.local/lib/python3.10/site-packages/airflow/example_dags/subdags/subdag.py
[2022-06-01 00:20:07,338] {processor.py:653} WARNING - No viable dags retrieved from /home/oury/.local/lib/python3.10/site-packages/airflow/example_dags/subdags/subdag.py
[2022-06-01 00:20:07,346] {processor.py:161} INFO - Processing /home/oury/.local/lib/python3.10/site-packages/airflow/example_dags/subdags/subdag.py took 0.013 seconds
[2022-06-01 00:20:41,784] {processor.py:153} INFO - Started process (PID=11065) to work on /home/oury/.local/lib/python3.10/site-packages/airflow/example_dags/subdags/subdag.py
[2022-06-01 00:20:41,785] {processor.py:641} INFO - Processing file /home/oury/.local/lib/python3.10/site-packages/airflow/example_dags/subdags/subdag.py for tasks to queue
[2022-06-01 00:20:41,786] {logging_mixin.py:115} INFO - [2022-06-01 00:20:41,785] {dagbag.py:507} INFO - Filling up the DagBag from /home/oury/.local/lib/python3.10/site-packages/airflow/example_dags/subdags/subdag.py
[2022-06-01 00:20:41,787] {processor.py:653} WARNING - No viable dags retrieved from /home/oury/.local/lib/python3.10/site-packages/airflow/example_dags/subdags/subdag.py
[2022-06-01 00:20:41,795] {processor.py:161} INFO - Processing /home/oury/.local/lib/python3.10/site-packages/airflow/example_dags/subdags/subdag.py took 0.013 seconds
[2022-06-01 00:21:13,849] {processor.py:153} INFO - Started process (PID=11104) to work on /home/oury/.local/lib/python3.10/site-packages/airflow/example_dags/subdags/subdag.py
[2022-06-01 00:21:13,849] {processor.py:641} INFO - Processing file /home/oury/.local/lib/python3.10/site-packages/airflow/example_dags/subdags/subdag.py for tasks to queue
[2022-06-01 00:21:13,849] {logging_mixin.py:115} INFO - [2022-06-01 00:21:13,849] {dagbag.py:507} INFO - Filling up the DagBag from /home/oury/.local/lib/python3.10/site-packages/airflow/example_dags/subdags/subdag.py
[2022-06-01 00:21:13,850] {processor.py:653} WARNING - No viable dags retrieved from /home/oury/.local/lib/python3.10/site-packages/airflow/example_dags/subdags/subdag.py
[2022-06-01 00:21:13,859] {processor.py:161} INFO - Processing /home/oury/.local/lib/python3.10/site-packages/airflow/example_dags/subdags/subdag.py took 0.013 seconds
[2022-06-01 00:21:47,580] {processor.py:153} INFO - Started process (PID=11297) to work on /home/oury/.local/lib/python3.10/site-packages/airflow/example_dags/subdags/subdag.py
[2022-06-01 00:21:47,581] {processor.py:641} INFO - Processing file /home/oury/.local/lib/python3.10/site-packages/airflow/example_dags/subdags/subdag.py for tasks to queue
[2022-06-01 00:21:47,581] {logging_mixin.py:115} INFO - [2022-06-01 00:21:47,581] {dagbag.py:507} INFO - Filling up the DagBag from /home/oury/.local/lib/python3.10/site-packages/airflow/example_dags/subdags/subdag.py
[2022-06-01 00:21:47,583] {processor.py:653} WARNING - No viable dags retrieved from /home/oury/.local/lib/python3.10/site-packages/airflow/example_dags/subdags/subdag.py
[2022-06-01 00:21:47,593] {processor.py:161} INFO - Processing /home/oury/.local/lib/python3.10/site-packages/airflow/example_dags/subdags/subdag.py took 0.015 seconds
[2022-06-01 00:22:20,738] {processor.py:153} INFO - Started process (PID=11338) to work on /home/oury/.local/lib/python3.10/site-packages/airflow/example_dags/subdags/subdag.py
[2022-06-01 00:22:20,738] {processor.py:641} INFO - Processing file /home/oury/.local/lib/python3.10/site-packages/airflow/example_dags/subdags/subdag.py for tasks to queue
[2022-06-01 00:22:20,739] {logging_mixin.py:115} INFO - [2022-06-01 00:22:20,739] {dagbag.py:507} INFO - Filling up the DagBag from /home/oury/.local/lib/python3.10/site-packages/airflow/example_dags/subdags/subdag.py
[2022-06-01 00:22:20,740] {processor.py:653} WARNING - No viable dags retrieved from /home/oury/.local/lib/python3.10/site-packages/airflow/example_dags/subdags/subdag.py
[2022-06-01 00:22:20,748] {processor.py:161} INFO - Processing /home/oury/.local/lib/python3.10/site-packages/airflow/example_dags/subdags/subdag.py took 0.012 seconds
[2022-06-01 00:22:54,513] {processor.py:153} INFO - Started process (PID=11373) to work on /home/oury/.local/lib/python3.10/site-packages/airflow/example_dags/subdags/subdag.py
[2022-06-01 00:22:54,514] {processor.py:641} INFO - Processing file /home/oury/.local/lib/python3.10/site-packages/airflow/example_dags/subdags/subdag.py for tasks to queue
[2022-06-01 00:22:54,514] {logging_mixin.py:115} INFO - [2022-06-01 00:22:54,514] {dagbag.py:507} INFO - Filling up the DagBag from /home/oury/.local/lib/python3.10/site-packages/airflow/example_dags/subdags/subdag.py
[2022-06-01 00:22:54,516] {processor.py:653} WARNING - No viable dags retrieved from /home/oury/.local/lib/python3.10/site-packages/airflow/example_dags/subdags/subdag.py
[2022-06-01 00:22:54,524] {processor.py:161} INFO - Processing /home/oury/.local/lib/python3.10/site-packages/airflow/example_dags/subdags/subdag.py took 0.014 seconds
[2022-06-01 00:23:26,757] {processor.py:153} INFO - Started process (PID=11407) to work on /home/oury/.local/lib/python3.10/site-packages/airflow/example_dags/subdags/subdag.py
[2022-06-01 00:23:26,758] {processor.py:641} INFO - Processing file /home/oury/.local/lib/python3.10/site-packages/airflow/example_dags/subdags/subdag.py for tasks to queue
[2022-06-01 00:23:26,758] {logging_mixin.py:115} INFO - [2022-06-01 00:23:26,758] {dagbag.py:507} INFO - Filling up the DagBag from /home/oury/.local/lib/python3.10/site-packages/airflow/example_dags/subdags/subdag.py
[2022-06-01 00:23:26,759] {processor.py:653} WARNING - No viable dags retrieved from /home/oury/.local/lib/python3.10/site-packages/airflow/example_dags/subdags/subdag.py
[2022-06-01 00:23:26,768] {processor.py:161} INFO - Processing /home/oury/.local/lib/python3.10/site-packages/airflow/example_dags/subdags/subdag.py took 0.014 seconds
[2022-06-01 00:24:00,584] {processor.py:153} INFO - Started process (PID=11442) to work on /home/oury/.local/lib/python3.10/site-packages/airflow/example_dags/subdags/subdag.py
[2022-06-01 00:24:00,585] {processor.py:641} INFO - Processing file /home/oury/.local/lib/python3.10/site-packages/airflow/example_dags/subdags/subdag.py for tasks to queue
[2022-06-01 00:24:00,586] {logging_mixin.py:115} INFO - [2022-06-01 00:24:00,585] {dagbag.py:507} INFO - Filling up the DagBag from /home/oury/.local/lib/python3.10/site-packages/airflow/example_dags/subdags/subdag.py
[2022-06-01 00:24:00,587] {processor.py:653} WARNING - No viable dags retrieved from /home/oury/.local/lib/python3.10/site-packages/airflow/example_dags/subdags/subdag.py
[2022-06-01 00:24:00,596] {processor.py:161} INFO - Processing /home/oury/.local/lib/python3.10/site-packages/airflow/example_dags/subdags/subdag.py took 0.015 seconds
[2022-06-01 00:24:33,509] {processor.py:153} INFO - Started process (PID=11543) to work on /home/oury/.local/lib/python3.10/site-packages/airflow/example_dags/subdags/subdag.py
[2022-06-01 00:24:33,509] {processor.py:641} INFO - Processing file /home/oury/.local/lib/python3.10/site-packages/airflow/example_dags/subdags/subdag.py for tasks to queue
[2022-06-01 00:24:33,509] {logging_mixin.py:115} INFO - [2022-06-01 00:24:33,509] {dagbag.py:507} INFO - Filling up the DagBag from /home/oury/.local/lib/python3.10/site-packages/airflow/example_dags/subdags/subdag.py
[2022-06-01 00:24:33,510] {processor.py:653} WARNING - No viable dags retrieved from /home/oury/.local/lib/python3.10/site-packages/airflow/example_dags/subdags/subdag.py
[2022-06-01 00:24:33,520] {processor.py:161} INFO - Processing /home/oury/.local/lib/python3.10/site-packages/airflow/example_dags/subdags/subdag.py took 0.014 seconds
[2022-06-01 00:25:06,737] {processor.py:153} INFO - Started process (PID=11577) to work on /home/oury/.local/lib/python3.10/site-packages/airflow/example_dags/subdags/subdag.py
[2022-06-01 00:25:06,737] {processor.py:641} INFO - Processing file /home/oury/.local/lib/python3.10/site-packages/airflow/example_dags/subdags/subdag.py for tasks to queue
[2022-06-01 00:25:06,738] {logging_mixin.py:115} INFO - [2022-06-01 00:25:06,738] {dagbag.py:507} INFO - Filling up the DagBag from /home/oury/.local/lib/python3.10/site-packages/airflow/example_dags/subdags/subdag.py
[2022-06-01 00:25:06,739] {processor.py:653} WARNING - No viable dags retrieved from /home/oury/.local/lib/python3.10/site-packages/airflow/example_dags/subdags/subdag.py
[2022-06-01 00:25:06,748] {processor.py:161} INFO - Processing /home/oury/.local/lib/python3.10/site-packages/airflow/example_dags/subdags/subdag.py took 0.014 seconds
[2022-06-01 00:25:39,304] {processor.py:153} INFO - Started process (PID=11611) to work on /home/oury/.local/lib/python3.10/site-packages/airflow/example_dags/subdags/subdag.py
[2022-06-01 00:25:39,305] {processor.py:641} INFO - Processing file /home/oury/.local/lib/python3.10/site-packages/airflow/example_dags/subdags/subdag.py for tasks to queue
[2022-06-01 00:25:39,305] {logging_mixin.py:115} INFO - [2022-06-01 00:25:39,305] {dagbag.py:507} INFO - Filling up the DagBag from /home/oury/.local/lib/python3.10/site-packages/airflow/example_dags/subdags/subdag.py
[2022-06-01 00:25:39,306] {processor.py:653} WARNING - No viable dags retrieved from /home/oury/.local/lib/python3.10/site-packages/airflow/example_dags/subdags/subdag.py
[2022-06-01 00:25:39,315] {processor.py:161} INFO - Processing /home/oury/.local/lib/python3.10/site-packages/airflow/example_dags/subdags/subdag.py took 0.014 seconds
[2022-06-01 00:26:12,517] {processor.py:153} INFO - Started process (PID=11646) to work on /home/oury/.local/lib/python3.10/site-packages/airflow/example_dags/subdags/subdag.py
[2022-06-01 00:26:12,518] {processor.py:641} INFO - Processing file /home/oury/.local/lib/python3.10/site-packages/airflow/example_dags/subdags/subdag.py for tasks to queue
[2022-06-01 00:26:12,518] {logging_mixin.py:115} INFO - [2022-06-01 00:26:12,518] {dagbag.py:507} INFO - Filling up the DagBag from /home/oury/.local/lib/python3.10/site-packages/airflow/example_dags/subdags/subdag.py
[2022-06-01 00:26:12,519] {processor.py:653} WARNING - No viable dags retrieved from /home/oury/.local/lib/python3.10/site-packages/airflow/example_dags/subdags/subdag.py
[2022-06-01 00:26:12,529] {processor.py:161} INFO - Processing /home/oury/.local/lib/python3.10/site-packages/airflow/example_dags/subdags/subdag.py took 0.015 seconds
[2022-06-01 00:26:46,235] {processor.py:153} INFO - Started process (PID=11683) to work on /home/oury/.local/lib/python3.10/site-packages/airflow/example_dags/subdags/subdag.py
[2022-06-01 00:26:46,236] {processor.py:641} INFO - Processing file /home/oury/.local/lib/python3.10/site-packages/airflow/example_dags/subdags/subdag.py for tasks to queue
[2022-06-01 00:26:46,237] {logging_mixin.py:115} INFO - [2022-06-01 00:26:46,237] {dagbag.py:507} INFO - Filling up the DagBag from /home/oury/.local/lib/python3.10/site-packages/airflow/example_dags/subdags/subdag.py
[2022-06-01 00:26:46,238] {processor.py:653} WARNING - No viable dags retrieved from /home/oury/.local/lib/python3.10/site-packages/airflow/example_dags/subdags/subdag.py
[2022-06-01 00:26:46,248] {processor.py:161} INFO - Processing /home/oury/.local/lib/python3.10/site-packages/airflow/example_dags/subdags/subdag.py took 0.015 seconds
[2022-06-01 00:27:19,478] {processor.py:153} INFO - Started process (PID=11752) to work on /home/oury/.local/lib/python3.10/site-packages/airflow/example_dags/subdags/subdag.py
[2022-06-01 00:27:19,478] {processor.py:641} INFO - Processing file /home/oury/.local/lib/python3.10/site-packages/airflow/example_dags/subdags/subdag.py for tasks to queue
[2022-06-01 00:27:19,479] {logging_mixin.py:115} INFO - [2022-06-01 00:27:19,478] {dagbag.py:507} INFO - Filling up the DagBag from /home/oury/.local/lib/python3.10/site-packages/airflow/example_dags/subdags/subdag.py
[2022-06-01 00:27:19,480] {processor.py:653} WARNING - No viable dags retrieved from /home/oury/.local/lib/python3.10/site-packages/airflow/example_dags/subdags/subdag.py
[2022-06-01 00:27:19,491] {processor.py:161} INFO - Processing /home/oury/.local/lib/python3.10/site-packages/airflow/example_dags/subdags/subdag.py took 0.016 seconds
[2022-06-01 00:27:51,689] {processor.py:153} INFO - Started process (PID=11791) to work on /home/oury/.local/lib/python3.10/site-packages/airflow/example_dags/subdags/subdag.py
[2022-06-01 00:27:51,690] {processor.py:641} INFO - Processing file /home/oury/.local/lib/python3.10/site-packages/airflow/example_dags/subdags/subdag.py for tasks to queue
[2022-06-01 00:27:51,691] {logging_mixin.py:115} INFO - [2022-06-01 00:27:51,690] {dagbag.py:507} INFO - Filling up the DagBag from /home/oury/.local/lib/python3.10/site-packages/airflow/example_dags/subdags/subdag.py
[2022-06-01 00:27:51,692] {processor.py:653} WARNING - No viable dags retrieved from /home/oury/.local/lib/python3.10/site-packages/airflow/example_dags/subdags/subdag.py
[2022-06-01 00:27:51,702] {processor.py:161} INFO - Processing /home/oury/.local/lib/python3.10/site-packages/airflow/example_dags/subdags/subdag.py took 0.015 seconds
[2022-06-01 00:28:24,070] {processor.py:153} INFO - Started process (PID=11859) to work on /home/oury/.local/lib/python3.10/site-packages/airflow/example_dags/subdags/subdag.py
[2022-06-01 00:28:24,071] {processor.py:641} INFO - Processing file /home/oury/.local/lib/python3.10/site-packages/airflow/example_dags/subdags/subdag.py for tasks to queue
[2022-06-01 00:28:24,071] {logging_mixin.py:115} INFO - [2022-06-01 00:28:24,071] {dagbag.py:507} INFO - Filling up the DagBag from /home/oury/.local/lib/python3.10/site-packages/airflow/example_dags/subdags/subdag.py
[2022-06-01 00:28:24,072] {processor.py:653} WARNING - No viable dags retrieved from /home/oury/.local/lib/python3.10/site-packages/airflow/example_dags/subdags/subdag.py
[2022-06-01 00:28:24,080] {processor.py:161} INFO - Processing /home/oury/.local/lib/python3.10/site-packages/airflow/example_dags/subdags/subdag.py took 0.013 seconds
[2022-06-01 00:28:58,707] {processor.py:153} INFO - Started process (PID=11893) to work on /home/oury/.local/lib/python3.10/site-packages/airflow/example_dags/subdags/subdag.py
[2022-06-01 00:28:58,708] {processor.py:641} INFO - Processing file /home/oury/.local/lib/python3.10/site-packages/airflow/example_dags/subdags/subdag.py for tasks to queue
[2022-06-01 00:28:58,709] {logging_mixin.py:115} INFO - [2022-06-01 00:28:58,709] {dagbag.py:507} INFO - Filling up the DagBag from /home/oury/.local/lib/python3.10/site-packages/airflow/example_dags/subdags/subdag.py
[2022-06-01 00:28:58,710] {processor.py:653} WARNING - No viable dags retrieved from /home/oury/.local/lib/python3.10/site-packages/airflow/example_dags/subdags/subdag.py
[2022-06-01 00:28:58,723] {processor.py:161} INFO - Processing /home/oury/.local/lib/python3.10/site-packages/airflow/example_dags/subdags/subdag.py took 0.019 seconds
[2022-06-01 00:29:31,419] {processor.py:153} INFO - Started process (PID=12008) to work on /home/oury/.local/lib/python3.10/site-packages/airflow/example_dags/subdags/subdag.py
[2022-06-01 00:29:31,419] {processor.py:641} INFO - Processing file /home/oury/.local/lib/python3.10/site-packages/airflow/example_dags/subdags/subdag.py for tasks to queue
[2022-06-01 00:29:31,420] {logging_mixin.py:115} INFO - [2022-06-01 00:29:31,420] {dagbag.py:507} INFO - Filling up the DagBag from /home/oury/.local/lib/python3.10/site-packages/airflow/example_dags/subdags/subdag.py
[2022-06-01 00:29:31,421] {processor.py:653} WARNING - No viable dags retrieved from /home/oury/.local/lib/python3.10/site-packages/airflow/example_dags/subdags/subdag.py
[2022-06-01 00:29:31,430] {processor.py:161} INFO - Processing /home/oury/.local/lib/python3.10/site-packages/airflow/example_dags/subdags/subdag.py took 0.014 seconds
[2022-06-01 00:30:04,969] {processor.py:153} INFO - Started process (PID=12042) to work on /home/oury/.local/lib/python3.10/site-packages/airflow/example_dags/subdags/subdag.py
[2022-06-01 00:30:04,969] {processor.py:641} INFO - Processing file /home/oury/.local/lib/python3.10/site-packages/airflow/example_dags/subdags/subdag.py for tasks to queue
[2022-06-01 00:30:04,970] {logging_mixin.py:115} INFO - [2022-06-01 00:30:04,970] {dagbag.py:507} INFO - Filling up the DagBag from /home/oury/.local/lib/python3.10/site-packages/airflow/example_dags/subdags/subdag.py
[2022-06-01 00:30:04,971] {processor.py:653} WARNING - No viable dags retrieved from /home/oury/.local/lib/python3.10/site-packages/airflow/example_dags/subdags/subdag.py
[2022-06-01 00:30:04,980] {processor.py:161} INFO - Processing /home/oury/.local/lib/python3.10/site-packages/airflow/example_dags/subdags/subdag.py took 0.014 seconds
[2022-06-01 00:30:37,726] {processor.py:153} INFO - Started process (PID=12108) to work on /home/oury/.local/lib/python3.10/site-packages/airflow/example_dags/subdags/subdag.py
[2022-06-01 00:30:37,727] {processor.py:641} INFO - Processing file /home/oury/.local/lib/python3.10/site-packages/airflow/example_dags/subdags/subdag.py for tasks to queue
[2022-06-01 00:30:37,728] {logging_mixin.py:115} INFO - [2022-06-01 00:30:37,728] {dagbag.py:507} INFO - Filling up the DagBag from /home/oury/.local/lib/python3.10/site-packages/airflow/example_dags/subdags/subdag.py
[2022-06-01 00:30:37,729] {processor.py:653} WARNING - No viable dags retrieved from /home/oury/.local/lib/python3.10/site-packages/airflow/example_dags/subdags/subdag.py
[2022-06-01 00:30:37,739] {processor.py:161} INFO - Processing /home/oury/.local/lib/python3.10/site-packages/airflow/example_dags/subdags/subdag.py took 0.015 seconds
[2022-06-01 00:31:11,337] {processor.py:153} INFO - Started process (PID=12145) to work on /home/oury/.local/lib/python3.10/site-packages/airflow/example_dags/subdags/subdag.py
[2022-06-01 00:31:11,337] {processor.py:641} INFO - Processing file /home/oury/.local/lib/python3.10/site-packages/airflow/example_dags/subdags/subdag.py for tasks to queue
[2022-06-01 00:31:11,338] {logging_mixin.py:115} INFO - [2022-06-01 00:31:11,338] {dagbag.py:507} INFO - Filling up the DagBag from /home/oury/.local/lib/python3.10/site-packages/airflow/example_dags/subdags/subdag.py
[2022-06-01 00:31:11,339] {processor.py:653} WARNING - No viable dags retrieved from /home/oury/.local/lib/python3.10/site-packages/airflow/example_dags/subdags/subdag.py
[2022-06-01 00:31:11,348] {processor.py:161} INFO - Processing /home/oury/.local/lib/python3.10/site-packages/airflow/example_dags/subdags/subdag.py took 0.014 seconds
[2022-06-01 00:31:45,032] {processor.py:153} INFO - Started process (PID=12181) to work on /home/oury/.local/lib/python3.10/site-packages/airflow/example_dags/subdags/subdag.py
[2022-06-01 00:31:45,033] {processor.py:641} INFO - Processing file /home/oury/.local/lib/python3.10/site-packages/airflow/example_dags/subdags/subdag.py for tasks to queue
[2022-06-01 00:31:45,033] {logging_mixin.py:115} INFO - [2022-06-01 00:31:45,033] {dagbag.py:507} INFO - Filling up the DagBag from /home/oury/.local/lib/python3.10/site-packages/airflow/example_dags/subdags/subdag.py
[2022-06-01 00:31:45,035] {processor.py:653} WARNING - No viable dags retrieved from /home/oury/.local/lib/python3.10/site-packages/airflow/example_dags/subdags/subdag.py
[2022-06-01 00:31:45,044] {processor.py:161} INFO - Processing /home/oury/.local/lib/python3.10/site-packages/airflow/example_dags/subdags/subdag.py took 0.014 seconds
[2022-06-01 00:32:17,036] {processor.py:153} INFO - Started process (PID=12319) to work on /home/oury/.local/lib/python3.10/site-packages/airflow/example_dags/subdags/subdag.py
[2022-06-01 00:32:17,036] {processor.py:641} INFO - Processing file /home/oury/.local/lib/python3.10/site-packages/airflow/example_dags/subdags/subdag.py for tasks to queue
[2022-06-01 00:32:17,037] {logging_mixin.py:115} INFO - [2022-06-01 00:32:17,037] {dagbag.py:507} INFO - Filling up the DagBag from /home/oury/.local/lib/python3.10/site-packages/airflow/example_dags/subdags/subdag.py
[2022-06-01 00:32:17,039] {processor.py:653} WARNING - No viable dags retrieved from /home/oury/.local/lib/python3.10/site-packages/airflow/example_dags/subdags/subdag.py
[2022-06-01 00:32:17,050] {processor.py:161} INFO - Processing /home/oury/.local/lib/python3.10/site-packages/airflow/example_dags/subdags/subdag.py took 0.018 seconds
[2022-06-01 00:32:52,061] {processor.py:153} INFO - Started process (PID=12530) to work on /home/oury/.local/lib/python3.10/site-packages/airflow/example_dags/subdags/subdag.py
[2022-06-01 00:32:52,062] {processor.py:641} INFO - Processing file /home/oury/.local/lib/python3.10/site-packages/airflow/example_dags/subdags/subdag.py for tasks to queue
[2022-06-01 00:32:52,063] {logging_mixin.py:115} INFO - [2022-06-01 00:32:52,063] {dagbag.py:507} INFO - Filling up the DagBag from /home/oury/.local/lib/python3.10/site-packages/airflow/example_dags/subdags/subdag.py
[2022-06-01 00:32:52,064] {processor.py:653} WARNING - No viable dags retrieved from /home/oury/.local/lib/python3.10/site-packages/airflow/example_dags/subdags/subdag.py
[2022-06-01 00:32:52,076] {processor.py:161} INFO - Processing /home/oury/.local/lib/python3.10/site-packages/airflow/example_dags/subdags/subdag.py took 0.017 seconds
[2022-06-01 00:33:25,392] {processor.py:153} INFO - Started process (PID=12667) to work on /home/oury/.local/lib/python3.10/site-packages/airflow/example_dags/subdags/subdag.py
[2022-06-01 00:33:25,393] {processor.py:641} INFO - Processing file /home/oury/.local/lib/python3.10/site-packages/airflow/example_dags/subdags/subdag.py for tasks to queue
[2022-06-01 00:33:25,394] {logging_mixin.py:115} INFO - [2022-06-01 00:33:25,394] {dagbag.py:507} INFO - Filling up the DagBag from /home/oury/.local/lib/python3.10/site-packages/airflow/example_dags/subdags/subdag.py
[2022-06-01 00:33:25,395] {processor.py:653} WARNING - No viable dags retrieved from /home/oury/.local/lib/python3.10/site-packages/airflow/example_dags/subdags/subdag.py
[2022-06-01 00:33:25,404] {processor.py:161} INFO - Processing /home/oury/.local/lib/python3.10/site-packages/airflow/example_dags/subdags/subdag.py took 0.014 seconds
[2022-06-01 00:34:03,950] {processor.py:153} INFO - Started process (PID=12718) to work on /home/oury/.local/lib/python3.10/site-packages/airflow/example_dags/subdags/subdag.py
[2022-06-01 00:34:03,960] {processor.py:641} INFO - Processing file /home/oury/.local/lib/python3.10/site-packages/airflow/example_dags/subdags/subdag.py for tasks to queue
[2022-06-01 00:34:03,960] {logging_mixin.py:115} INFO - [2022-06-01 00:34:03,960] {dagbag.py:507} INFO - Filling up the DagBag from /home/oury/.local/lib/python3.10/site-packages/airflow/example_dags/subdags/subdag.py
[2022-06-01 00:34:03,962] {processor.py:653} WARNING - No viable dags retrieved from /home/oury/.local/lib/python3.10/site-packages/airflow/example_dags/subdags/subdag.py
[2022-06-01 00:34:03,972] {processor.py:161} INFO - Processing /home/oury/.local/lib/python3.10/site-packages/airflow/example_dags/subdags/subdag.py took 0.025 seconds
[2022-06-01 00:34:41,985] {processor.py:153} INFO - Started process (PID=12826) to work on /home/oury/.local/lib/python3.10/site-packages/airflow/example_dags/subdags/subdag.py
[2022-06-01 00:34:41,986] {processor.py:641} INFO - Processing file /home/oury/.local/lib/python3.10/site-packages/airflow/example_dags/subdags/subdag.py for tasks to queue
[2022-06-01 00:34:41,986] {logging_mixin.py:115} INFO - [2022-06-01 00:34:41,986] {dagbag.py:507} INFO - Filling up the DagBag from /home/oury/.local/lib/python3.10/site-packages/airflow/example_dags/subdags/subdag.py
[2022-06-01 00:34:41,987] {processor.py:653} WARNING - No viable dags retrieved from /home/oury/.local/lib/python3.10/site-packages/airflow/example_dags/subdags/subdag.py
[2022-06-01 00:34:41,996] {processor.py:161} INFO - Processing /home/oury/.local/lib/python3.10/site-packages/airflow/example_dags/subdags/subdag.py took 0.014 seconds
[2022-06-01 00:35:13,122] {processor.py:153} INFO - Started process (PID=12860) to work on /home/oury/.local/lib/python3.10/site-packages/airflow/example_dags/subdags/subdag.py
[2022-06-01 00:35:13,122] {processor.py:641} INFO - Processing file /home/oury/.local/lib/python3.10/site-packages/airflow/example_dags/subdags/subdag.py for tasks to queue
[2022-06-01 00:35:13,123] {logging_mixin.py:115} INFO - [2022-06-01 00:35:13,123] {dagbag.py:507} INFO - Filling up the DagBag from /home/oury/.local/lib/python3.10/site-packages/airflow/example_dags/subdags/subdag.py
[2022-06-01 00:35:13,124] {processor.py:653} WARNING - No viable dags retrieved from /home/oury/.local/lib/python3.10/site-packages/airflow/example_dags/subdags/subdag.py
[2022-06-01 00:35:13,133] {processor.py:161} INFO - Processing /home/oury/.local/lib/python3.10/site-packages/airflow/example_dags/subdags/subdag.py took 0.014 seconds
[2022-06-01 00:35:46,519] {processor.py:153} INFO - Started process (PID=12896) to work on /home/oury/.local/lib/python3.10/site-packages/airflow/example_dags/subdags/subdag.py
[2022-06-01 00:35:46,520] {processor.py:641} INFO - Processing file /home/oury/.local/lib/python3.10/site-packages/airflow/example_dags/subdags/subdag.py for tasks to queue
[2022-06-01 00:35:46,521] {logging_mixin.py:115} INFO - [2022-06-01 00:35:46,520] {dagbag.py:507} INFO - Filling up the DagBag from /home/oury/.local/lib/python3.10/site-packages/airflow/example_dags/subdags/subdag.py
[2022-06-01 00:35:46,522] {processor.py:653} WARNING - No viable dags retrieved from /home/oury/.local/lib/python3.10/site-packages/airflow/example_dags/subdags/subdag.py
[2022-06-01 00:35:46,531] {processor.py:161} INFO - Processing /home/oury/.local/lib/python3.10/site-packages/airflow/example_dags/subdags/subdag.py took 0.015 seconds
[2022-06-01 00:36:21,065] {processor.py:153} INFO - Started process (PID=12937) to work on /home/oury/.local/lib/python3.10/site-packages/airflow/example_dags/subdags/subdag.py
[2022-06-01 00:36:21,065] {processor.py:641} INFO - Processing file /home/oury/.local/lib/python3.10/site-packages/airflow/example_dags/subdags/subdag.py for tasks to queue
[2022-06-01 00:36:21,066] {logging_mixin.py:115} INFO - [2022-06-01 00:36:21,066] {dagbag.py:507} INFO - Filling up the DagBag from /home/oury/.local/lib/python3.10/site-packages/airflow/example_dags/subdags/subdag.py
[2022-06-01 00:36:21,067] {processor.py:653} WARNING - No viable dags retrieved from /home/oury/.local/lib/python3.10/site-packages/airflow/example_dags/subdags/subdag.py
[2022-06-01 00:36:21,077] {processor.py:161} INFO - Processing /home/oury/.local/lib/python3.10/site-packages/airflow/example_dags/subdags/subdag.py took 0.015 seconds
[2022-06-01 00:36:53,198] {processor.py:153} INFO - Started process (PID=12980) to work on /home/oury/.local/lib/python3.10/site-packages/airflow/example_dags/subdags/subdag.py
[2022-06-01 00:36:53,199] {processor.py:641} INFO - Processing file /home/oury/.local/lib/python3.10/site-packages/airflow/example_dags/subdags/subdag.py for tasks to queue
[2022-06-01 00:36:53,199] {logging_mixin.py:115} INFO - [2022-06-01 00:36:53,199] {dagbag.py:507} INFO - Filling up the DagBag from /home/oury/.local/lib/python3.10/site-packages/airflow/example_dags/subdags/subdag.py
[2022-06-01 00:36:53,201] {processor.py:653} WARNING - No viable dags retrieved from /home/oury/.local/lib/python3.10/site-packages/airflow/example_dags/subdags/subdag.py
[2022-06-01 00:36:53,210] {processor.py:161} INFO - Processing /home/oury/.local/lib/python3.10/site-packages/airflow/example_dags/subdags/subdag.py took 0.014 seconds
[2022-06-01 00:37:28,137] {processor.py:153} INFO - Started process (PID=13096) to work on /home/oury/.local/lib/python3.10/site-packages/airflow/example_dags/subdags/subdag.py
[2022-06-01 00:37:28,137] {processor.py:641} INFO - Processing file /home/oury/.local/lib/python3.10/site-packages/airflow/example_dags/subdags/subdag.py for tasks to queue
[2022-06-01 00:37:28,138] {logging_mixin.py:115} INFO - [2022-06-01 00:37:28,138] {dagbag.py:507} INFO - Filling up the DagBag from /home/oury/.local/lib/python3.10/site-packages/airflow/example_dags/subdags/subdag.py
[2022-06-01 00:37:28,139] {processor.py:653} WARNING - No viable dags retrieved from /home/oury/.local/lib/python3.10/site-packages/airflow/example_dags/subdags/subdag.py
[2022-06-01 00:37:28,148] {processor.py:161} INFO - Processing /home/oury/.local/lib/python3.10/site-packages/airflow/example_dags/subdags/subdag.py took 0.015 seconds
[2022-06-01 00:38:01,240] {processor.py:153} INFO - Started process (PID=13131) to work on /home/oury/.local/lib/python3.10/site-packages/airflow/example_dags/subdags/subdag.py
[2022-06-01 00:38:01,241] {processor.py:641} INFO - Processing file /home/oury/.local/lib/python3.10/site-packages/airflow/example_dags/subdags/subdag.py for tasks to queue
[2022-06-01 00:38:01,241] {logging_mixin.py:115} INFO - [2022-06-01 00:38:01,241] {dagbag.py:507} INFO - Filling up the DagBag from /home/oury/.local/lib/python3.10/site-packages/airflow/example_dags/subdags/subdag.py
[2022-06-01 00:38:01,243] {processor.py:653} WARNING - No viable dags retrieved from /home/oury/.local/lib/python3.10/site-packages/airflow/example_dags/subdags/subdag.py
[2022-06-01 00:38:01,253] {processor.py:161} INFO - Processing /home/oury/.local/lib/python3.10/site-packages/airflow/example_dags/subdags/subdag.py took 0.015 seconds
[2022-06-01 00:38:33,798] {processor.py:153} INFO - Started process (PID=13172) to work on /home/oury/.local/lib/python3.10/site-packages/airflow/example_dags/subdags/subdag.py
[2022-06-01 00:38:33,798] {processor.py:641} INFO - Processing file /home/oury/.local/lib/python3.10/site-packages/airflow/example_dags/subdags/subdag.py for tasks to queue
[2022-06-01 00:38:33,799] {logging_mixin.py:115} INFO - [2022-06-01 00:38:33,798] {dagbag.py:507} INFO - Filling up the DagBag from /home/oury/.local/lib/python3.10/site-packages/airflow/example_dags/subdags/subdag.py
[2022-06-01 00:38:33,800] {processor.py:653} WARNING - No viable dags retrieved from /home/oury/.local/lib/python3.10/site-packages/airflow/example_dags/subdags/subdag.py
[2022-06-01 00:38:33,809] {processor.py:161} INFO - Processing /home/oury/.local/lib/python3.10/site-packages/airflow/example_dags/subdags/subdag.py took 0.016 seconds
[2022-06-01 00:39:07,968] {processor.py:153} INFO - Started process (PID=13207) to work on /home/oury/.local/lib/python3.10/site-packages/airflow/example_dags/subdags/subdag.py
[2022-06-01 00:39:07,969] {processor.py:641} INFO - Processing file /home/oury/.local/lib/python3.10/site-packages/airflow/example_dags/subdags/subdag.py for tasks to queue
[2022-06-01 00:39:07,969] {logging_mixin.py:115} INFO - [2022-06-01 00:39:07,969] {dagbag.py:507} INFO - Filling up the DagBag from /home/oury/.local/lib/python3.10/site-packages/airflow/example_dags/subdags/subdag.py
[2022-06-01 00:39:07,971] {processor.py:653} WARNING - No viable dags retrieved from /home/oury/.local/lib/python3.10/site-packages/airflow/example_dags/subdags/subdag.py
[2022-06-01 00:39:07,980] {processor.py:161} INFO - Processing /home/oury/.local/lib/python3.10/site-packages/airflow/example_dags/subdags/subdag.py took 0.014 seconds
[2022-06-01 00:39:40,590] {processor.py:153} INFO - Started process (PID=13377) to work on /home/oury/.local/lib/python3.10/site-packages/airflow/example_dags/subdags/subdag.py
[2022-06-01 00:39:40,591] {processor.py:641} INFO - Processing file /home/oury/.local/lib/python3.10/site-packages/airflow/example_dags/subdags/subdag.py for tasks to queue
[2022-06-01 00:39:40,591] {logging_mixin.py:115} INFO - [2022-06-01 00:39:40,591] {dagbag.py:507} INFO - Filling up the DagBag from /home/oury/.local/lib/python3.10/site-packages/airflow/example_dags/subdags/subdag.py
[2022-06-01 00:39:40,592] {processor.py:653} WARNING - No viable dags retrieved from /home/oury/.local/lib/python3.10/site-packages/airflow/example_dags/subdags/subdag.py
[2022-06-01 00:39:40,603] {processor.py:161} INFO - Processing /home/oury/.local/lib/python3.10/site-packages/airflow/example_dags/subdags/subdag.py took 0.016 seconds
[2022-06-01 00:40:15,320] {processor.py:153} INFO - Started process (PID=13448) to work on /home/oury/.local/lib/python3.10/site-packages/airflow/example_dags/subdags/subdag.py
[2022-06-01 00:40:15,321] {processor.py:641} INFO - Processing file /home/oury/.local/lib/python3.10/site-packages/airflow/example_dags/subdags/subdag.py for tasks to queue
[2022-06-01 00:40:15,321] {logging_mixin.py:115} INFO - [2022-06-01 00:40:15,321] {dagbag.py:507} INFO - Filling up the DagBag from /home/oury/.local/lib/python3.10/site-packages/airflow/example_dags/subdags/subdag.py
[2022-06-01 00:40:15,322] {processor.py:653} WARNING - No viable dags retrieved from /home/oury/.local/lib/python3.10/site-packages/airflow/example_dags/subdags/subdag.py
[2022-06-01 00:40:15,332] {processor.py:161} INFO - Processing /home/oury/.local/lib/python3.10/site-packages/airflow/example_dags/subdags/subdag.py took 0.015 seconds
[2022-06-01 00:40:47,361] {processor.py:153} INFO - Started process (PID=13487) to work on /home/oury/.local/lib/python3.10/site-packages/airflow/example_dags/subdags/subdag.py
[2022-06-01 00:40:47,362] {processor.py:641} INFO - Processing file /home/oury/.local/lib/python3.10/site-packages/airflow/example_dags/subdags/subdag.py for tasks to queue
[2022-06-01 00:40:47,362] {logging_mixin.py:115} INFO - [2022-06-01 00:40:47,362] {dagbag.py:507} INFO - Filling up the DagBag from /home/oury/.local/lib/python3.10/site-packages/airflow/example_dags/subdags/subdag.py
[2022-06-01 00:40:47,363] {processor.py:653} WARNING - No viable dags retrieved from /home/oury/.local/lib/python3.10/site-packages/airflow/example_dags/subdags/subdag.py
[2022-06-01 00:40:47,373] {processor.py:161} INFO - Processing /home/oury/.local/lib/python3.10/site-packages/airflow/example_dags/subdags/subdag.py took 0.015 seconds
[2022-06-01 00:41:19,515] {processor.py:153} INFO - Started process (PID=13541) to work on /home/oury/.local/lib/python3.10/site-packages/airflow/example_dags/subdags/subdag.py
[2022-06-01 00:41:19,516] {processor.py:641} INFO - Processing file /home/oury/.local/lib/python3.10/site-packages/airflow/example_dags/subdags/subdag.py for tasks to queue
[2022-06-01 00:41:19,517] {logging_mixin.py:115} INFO - [2022-06-01 00:41:19,517] {dagbag.py:507} INFO - Filling up the DagBag from /home/oury/.local/lib/python3.10/site-packages/airflow/example_dags/subdags/subdag.py
[2022-06-01 00:41:19,520] {processor.py:653} WARNING - No viable dags retrieved from /home/oury/.local/lib/python3.10/site-packages/airflow/example_dags/subdags/subdag.py
[2022-06-01 00:41:19,540] {processor.py:161} INFO - Processing /home/oury/.local/lib/python3.10/site-packages/airflow/example_dags/subdags/subdag.py took 0.030 seconds
[2022-06-01 00:41:53,324] {processor.py:153} INFO - Started process (PID=13682) to work on /home/oury/.local/lib/python3.10/site-packages/airflow/example_dags/subdags/subdag.py
[2022-06-01 00:41:53,325] {processor.py:641} INFO - Processing file /home/oury/.local/lib/python3.10/site-packages/airflow/example_dags/subdags/subdag.py for tasks to queue
[2022-06-01 00:41:53,325] {logging_mixin.py:115} INFO - [2022-06-01 00:41:53,325] {dagbag.py:507} INFO - Filling up the DagBag from /home/oury/.local/lib/python3.10/site-packages/airflow/example_dags/subdags/subdag.py
[2022-06-01 00:41:53,326] {processor.py:653} WARNING - No viable dags retrieved from /home/oury/.local/lib/python3.10/site-packages/airflow/example_dags/subdags/subdag.py
[2022-06-01 00:41:53,336] {processor.py:161} INFO - Processing /home/oury/.local/lib/python3.10/site-packages/airflow/example_dags/subdags/subdag.py took 0.014 seconds
[2022-06-01 00:42:25,328] {processor.py:153} INFO - Started process (PID=13777) to work on /home/oury/.local/lib/python3.10/site-packages/airflow/example_dags/subdags/subdag.py
[2022-06-01 00:42:25,328] {processor.py:641} INFO - Processing file /home/oury/.local/lib/python3.10/site-packages/airflow/example_dags/subdags/subdag.py for tasks to queue
[2022-06-01 00:42:25,329] {logging_mixin.py:115} INFO - [2022-06-01 00:42:25,329] {dagbag.py:507} INFO - Filling up the DagBag from /home/oury/.local/lib/python3.10/site-packages/airflow/example_dags/subdags/subdag.py
[2022-06-01 00:42:25,330] {processor.py:653} WARNING - No viable dags retrieved from /home/oury/.local/lib/python3.10/site-packages/airflow/example_dags/subdags/subdag.py
[2022-06-01 00:42:25,340] {processor.py:161} INFO - Processing /home/oury/.local/lib/python3.10/site-packages/airflow/example_dags/subdags/subdag.py took 0.014 seconds
[2022-06-01 00:42:59,670] {processor.py:153} INFO - Started process (PID=13833) to work on /home/oury/.local/lib/python3.10/site-packages/airflow/example_dags/subdags/subdag.py
[2022-06-01 00:42:59,670] {processor.py:641} INFO - Processing file /home/oury/.local/lib/python3.10/site-packages/airflow/example_dags/subdags/subdag.py for tasks to queue
[2022-06-01 00:42:59,671] {logging_mixin.py:115} INFO - [2022-06-01 00:42:59,671] {dagbag.py:507} INFO - Filling up the DagBag from /home/oury/.local/lib/python3.10/site-packages/airflow/example_dags/subdags/subdag.py
[2022-06-01 00:42:59,672] {processor.py:653} WARNING - No viable dags retrieved from /home/oury/.local/lib/python3.10/site-packages/airflow/example_dags/subdags/subdag.py
[2022-06-01 00:42:59,681] {processor.py:161} INFO - Processing /home/oury/.local/lib/python3.10/site-packages/airflow/example_dags/subdags/subdag.py took 0.015 seconds
[2022-06-01 00:43:32,489] {processor.py:153} INFO - Started process (PID=13872) to work on /home/oury/.local/lib/python3.10/site-packages/airflow/example_dags/subdags/subdag.py
[2022-06-01 00:43:32,489] {processor.py:641} INFO - Processing file /home/oury/.local/lib/python3.10/site-packages/airflow/example_dags/subdags/subdag.py for tasks to queue
[2022-06-01 00:43:32,490] {logging_mixin.py:115} INFO - [2022-06-01 00:43:32,490] {dagbag.py:507} INFO - Filling up the DagBag from /home/oury/.local/lib/python3.10/site-packages/airflow/example_dags/subdags/subdag.py
[2022-06-01 00:43:32,491] {processor.py:653} WARNING - No viable dags retrieved from /home/oury/.local/lib/python3.10/site-packages/airflow/example_dags/subdags/subdag.py
[2022-06-01 00:43:32,500] {processor.py:161} INFO - Processing /home/oury/.local/lib/python3.10/site-packages/airflow/example_dags/subdags/subdag.py took 0.014 seconds
[2022-06-01 00:44:06,180] {processor.py:153} INFO - Started process (PID=13973) to work on /home/oury/.local/lib/python3.10/site-packages/airflow/example_dags/subdags/subdag.py
[2022-06-01 00:44:06,181] {processor.py:641} INFO - Processing file /home/oury/.local/lib/python3.10/site-packages/airflow/example_dags/subdags/subdag.py for tasks to queue
[2022-06-01 00:44:06,182] {logging_mixin.py:115} INFO - [2022-06-01 00:44:06,181] {dagbag.py:507} INFO - Filling up the DagBag from /home/oury/.local/lib/python3.10/site-packages/airflow/example_dags/subdags/subdag.py
[2022-06-01 00:44:06,183] {processor.py:653} WARNING - No viable dags retrieved from /home/oury/.local/lib/python3.10/site-packages/airflow/example_dags/subdags/subdag.py
[2022-06-01 00:44:06,198] {processor.py:161} INFO - Processing /home/oury/.local/lib/python3.10/site-packages/airflow/example_dags/subdags/subdag.py took 0.022 seconds
[2022-06-01 00:44:37,940] {processor.py:153} INFO - Started process (PID=14045) to work on /home/oury/.local/lib/python3.10/site-packages/airflow/example_dags/subdags/subdag.py
[2022-06-01 00:44:37,941] {processor.py:641} INFO - Processing file /home/oury/.local/lib/python3.10/site-packages/airflow/example_dags/subdags/subdag.py for tasks to queue
[2022-06-01 00:44:37,941] {logging_mixin.py:115} INFO - [2022-06-01 00:44:37,941] {dagbag.py:507} INFO - Filling up the DagBag from /home/oury/.local/lib/python3.10/site-packages/airflow/example_dags/subdags/subdag.py
[2022-06-01 00:44:37,943] {processor.py:653} WARNING - No viable dags retrieved from /home/oury/.local/lib/python3.10/site-packages/airflow/example_dags/subdags/subdag.py
[2022-06-01 00:44:37,953] {processor.py:161} INFO - Processing /home/oury/.local/lib/python3.10/site-packages/airflow/example_dags/subdags/subdag.py took 0.015 seconds
[2022-06-01 00:45:12,741] {processor.py:153} INFO - Started process (PID=14250) to work on /home/oury/.local/lib/python3.10/site-packages/airflow/example_dags/subdags/subdag.py
[2022-06-01 00:45:12,742] {processor.py:641} INFO - Processing file /home/oury/.local/lib/python3.10/site-packages/airflow/example_dags/subdags/subdag.py for tasks to queue
[2022-06-01 00:45:12,743] {logging_mixin.py:115} INFO - [2022-06-01 00:45:12,742] {dagbag.py:507} INFO - Filling up the DagBag from /home/oury/.local/lib/python3.10/site-packages/airflow/example_dags/subdags/subdag.py
[2022-06-01 00:45:12,745] {processor.py:653} WARNING - No viable dags retrieved from /home/oury/.local/lib/python3.10/site-packages/airflow/example_dags/subdags/subdag.py
[2022-06-01 00:45:12,756] {processor.py:161} INFO - Processing /home/oury/.local/lib/python3.10/site-packages/airflow/example_dags/subdags/subdag.py took 0.018 seconds
[2022-06-01 00:45:45,742] {processor.py:153} INFO - Started process (PID=14350) to work on /home/oury/.local/lib/python3.10/site-packages/airflow/example_dags/subdags/subdag.py
[2022-06-01 00:45:45,742] {processor.py:641} INFO - Processing file /home/oury/.local/lib/python3.10/site-packages/airflow/example_dags/subdags/subdag.py for tasks to queue
[2022-06-01 00:45:45,742] {logging_mixin.py:115} INFO - [2022-06-01 00:45:45,742] {dagbag.py:507} INFO - Filling up the DagBag from /home/oury/.local/lib/python3.10/site-packages/airflow/example_dags/subdags/subdag.py
[2022-06-01 00:45:45,744] {processor.py:653} WARNING - No viable dags retrieved from /home/oury/.local/lib/python3.10/site-packages/airflow/example_dags/subdags/subdag.py
[2022-06-01 00:45:45,756] {processor.py:161} INFO - Processing /home/oury/.local/lib/python3.10/site-packages/airflow/example_dags/subdags/subdag.py took 0.017 seconds
[2022-06-01 00:46:18,289] {processor.py:153} INFO - Started process (PID=14389) to work on /home/oury/.local/lib/python3.10/site-packages/airflow/example_dags/subdags/subdag.py
[2022-06-01 00:46:18,289] {processor.py:641} INFO - Processing file /home/oury/.local/lib/python3.10/site-packages/airflow/example_dags/subdags/subdag.py for tasks to queue
[2022-06-01 00:46:18,290] {logging_mixin.py:115} INFO - [2022-06-01 00:46:18,290] {dagbag.py:507} INFO - Filling up the DagBag from /home/oury/.local/lib/python3.10/site-packages/airflow/example_dags/subdags/subdag.py
[2022-06-01 00:46:18,291] {processor.py:653} WARNING - No viable dags retrieved from /home/oury/.local/lib/python3.10/site-packages/airflow/example_dags/subdags/subdag.py
[2022-06-01 00:46:18,301] {processor.py:161} INFO - Processing /home/oury/.local/lib/python3.10/site-packages/airflow/example_dags/subdags/subdag.py took 0.015 seconds
[2022-06-01 00:46:51,493] {processor.py:153} INFO - Started process (PID=14425) to work on /home/oury/.local/lib/python3.10/site-packages/airflow/example_dags/subdags/subdag.py
[2022-06-01 00:46:51,493] {processor.py:641} INFO - Processing file /home/oury/.local/lib/python3.10/site-packages/airflow/example_dags/subdags/subdag.py for tasks to queue
[2022-06-01 00:46:51,494] {logging_mixin.py:115} INFO - [2022-06-01 00:46:51,494] {dagbag.py:507} INFO - Filling up the DagBag from /home/oury/.local/lib/python3.10/site-packages/airflow/example_dags/subdags/subdag.py
[2022-06-01 00:46:51,495] {processor.py:653} WARNING - No viable dags retrieved from /home/oury/.local/lib/python3.10/site-packages/airflow/example_dags/subdags/subdag.py
[2022-06-01 00:46:51,505] {processor.py:161} INFO - Processing /home/oury/.local/lib/python3.10/site-packages/airflow/example_dags/subdags/subdag.py took 0.015 seconds
[2022-06-01 00:47:25,125] {processor.py:153} INFO - Started process (PID=14460) to work on /home/oury/.local/lib/python3.10/site-packages/airflow/example_dags/subdags/subdag.py
[2022-06-01 00:47:25,125] {processor.py:641} INFO - Processing file /home/oury/.local/lib/python3.10/site-packages/airflow/example_dags/subdags/subdag.py for tasks to queue
[2022-06-01 00:47:25,126] {logging_mixin.py:115} INFO - [2022-06-01 00:47:25,126] {dagbag.py:507} INFO - Filling up the DagBag from /home/oury/.local/lib/python3.10/site-packages/airflow/example_dags/subdags/subdag.py
[2022-06-01 00:47:25,128] {processor.py:653} WARNING - No viable dags retrieved from /home/oury/.local/lib/python3.10/site-packages/airflow/example_dags/subdags/subdag.py
[2022-06-01 00:47:25,137] {processor.py:161} INFO - Processing /home/oury/.local/lib/python3.10/site-packages/airflow/example_dags/subdags/subdag.py took 0.015 seconds
[2022-06-01 00:47:58,148] {processor.py:153} INFO - Started process (PID=14496) to work on /home/oury/.local/lib/python3.10/site-packages/airflow/example_dags/subdags/subdag.py
[2022-06-01 00:47:58,149] {processor.py:641} INFO - Processing file /home/oury/.local/lib/python3.10/site-packages/airflow/example_dags/subdags/subdag.py for tasks to queue
[2022-06-01 00:47:58,149] {logging_mixin.py:115} INFO - [2022-06-01 00:47:58,149] {dagbag.py:507} INFO - Filling up the DagBag from /home/oury/.local/lib/python3.10/site-packages/airflow/example_dags/subdags/subdag.py
[2022-06-01 00:47:58,150] {processor.py:653} WARNING - No viable dags retrieved from /home/oury/.local/lib/python3.10/site-packages/airflow/example_dags/subdags/subdag.py
[2022-06-01 00:47:58,161] {processor.py:161} INFO - Processing /home/oury/.local/lib/python3.10/site-packages/airflow/example_dags/subdags/subdag.py took 0.015 seconds
[2022-06-01 00:48:32,007] {processor.py:153} INFO - Started process (PID=14530) to work on /home/oury/.local/lib/python3.10/site-packages/airflow/example_dags/subdags/subdag.py
[2022-06-01 00:48:32,008] {processor.py:641} INFO - Processing file /home/oury/.local/lib/python3.10/site-packages/airflow/example_dags/subdags/subdag.py for tasks to queue
[2022-06-01 00:48:32,008] {logging_mixin.py:115} INFO - [2022-06-01 00:48:32,008] {dagbag.py:507} INFO - Filling up the DagBag from /home/oury/.local/lib/python3.10/site-packages/airflow/example_dags/subdags/subdag.py
[2022-06-01 00:48:32,009] {processor.py:653} WARNING - No viable dags retrieved from /home/oury/.local/lib/python3.10/site-packages/airflow/example_dags/subdags/subdag.py
[2022-06-01 00:48:32,018] {processor.py:161} INFO - Processing /home/oury/.local/lib/python3.10/site-packages/airflow/example_dags/subdags/subdag.py took 0.014 seconds
[2022-06-01 00:49:04,146] {processor.py:153} INFO - Started process (PID=14564) to work on /home/oury/.local/lib/python3.10/site-packages/airflow/example_dags/subdags/subdag.py
[2022-06-01 00:49:04,147] {processor.py:641} INFO - Processing file /home/oury/.local/lib/python3.10/site-packages/airflow/example_dags/subdags/subdag.py for tasks to queue
[2022-06-01 00:49:04,147] {logging_mixin.py:115} INFO - [2022-06-01 00:49:04,147] {dagbag.py:507} INFO - Filling up the DagBag from /home/oury/.local/lib/python3.10/site-packages/airflow/example_dags/subdags/subdag.py
[2022-06-01 00:49:04,149] {processor.py:653} WARNING - No viable dags retrieved from /home/oury/.local/lib/python3.10/site-packages/airflow/example_dags/subdags/subdag.py
[2022-06-01 00:49:04,157] {processor.py:161} INFO - Processing /home/oury/.local/lib/python3.10/site-packages/airflow/example_dags/subdags/subdag.py took 0.014 seconds
[2022-06-01 00:49:38,009] {processor.py:153} INFO - Started process (PID=14679) to work on /home/oury/.local/lib/python3.10/site-packages/airflow/example_dags/subdags/subdag.py
[2022-06-01 00:49:38,010] {processor.py:641} INFO - Processing file /home/oury/.local/lib/python3.10/site-packages/airflow/example_dags/subdags/subdag.py for tasks to queue
[2022-06-01 00:49:38,010] {logging_mixin.py:115} INFO - [2022-06-01 00:49:38,010] {dagbag.py:507} INFO - Filling up the DagBag from /home/oury/.local/lib/python3.10/site-packages/airflow/example_dags/subdags/subdag.py
[2022-06-01 00:49:38,012] {processor.py:653} WARNING - No viable dags retrieved from /home/oury/.local/lib/python3.10/site-packages/airflow/example_dags/subdags/subdag.py
[2022-06-01 00:49:38,021] {processor.py:161} INFO - Processing /home/oury/.local/lib/python3.10/site-packages/airflow/example_dags/subdags/subdag.py took 0.014 seconds
[2022-06-01 00:50:09,883] {processor.py:153} INFO - Started process (PID=14803) to work on /home/oury/.local/lib/python3.10/site-packages/airflow/example_dags/subdags/subdag.py
[2022-06-01 00:50:09,884] {processor.py:641} INFO - Processing file /home/oury/.local/lib/python3.10/site-packages/airflow/example_dags/subdags/subdag.py for tasks to queue
[2022-06-01 00:50:09,884] {logging_mixin.py:115} INFO - [2022-06-01 00:50:09,884] {dagbag.py:507} INFO - Filling up the DagBag from /home/oury/.local/lib/python3.10/site-packages/airflow/example_dags/subdags/subdag.py
[2022-06-01 00:50:09,885] {processor.py:653} WARNING - No viable dags retrieved from /home/oury/.local/lib/python3.10/site-packages/airflow/example_dags/subdags/subdag.py
[2022-06-01 00:50:09,893] {processor.py:161} INFO - Processing /home/oury/.local/lib/python3.10/site-packages/airflow/example_dags/subdags/subdag.py took 0.013 seconds
[2022-06-01 00:50:43,736] {processor.py:153} INFO - Started process (PID=14915) to work on /home/oury/.local/lib/python3.10/site-packages/airflow/example_dags/subdags/subdag.py
[2022-06-01 00:50:43,737] {processor.py:641} INFO - Processing file /home/oury/.local/lib/python3.10/site-packages/airflow/example_dags/subdags/subdag.py for tasks to queue
[2022-06-01 00:50:43,737] {logging_mixin.py:115} INFO - [2022-06-01 00:50:43,737] {dagbag.py:507} INFO - Filling up the DagBag from /home/oury/.local/lib/python3.10/site-packages/airflow/example_dags/subdags/subdag.py
[2022-06-01 00:50:43,738] {processor.py:653} WARNING - No viable dags retrieved from /home/oury/.local/lib/python3.10/site-packages/airflow/example_dags/subdags/subdag.py
[2022-06-01 00:50:43,747] {processor.py:161} INFO - Processing /home/oury/.local/lib/python3.10/site-packages/airflow/example_dags/subdags/subdag.py took 0.013 seconds
[2022-06-01 00:51:16,939] {processor.py:153} INFO - Started process (PID=15006) to work on /home/oury/.local/lib/python3.10/site-packages/airflow/example_dags/subdags/subdag.py
[2022-06-01 00:51:16,940] {processor.py:641} INFO - Processing file /home/oury/.local/lib/python3.10/site-packages/airflow/example_dags/subdags/subdag.py for tasks to queue
[2022-06-01 00:51:16,941] {logging_mixin.py:115} INFO - [2022-06-01 00:51:16,940] {dagbag.py:507} INFO - Filling up the DagBag from /home/oury/.local/lib/python3.10/site-packages/airflow/example_dags/subdags/subdag.py
[2022-06-01 00:51:16,942] {processor.py:653} WARNING - No viable dags retrieved from /home/oury/.local/lib/python3.10/site-packages/airflow/example_dags/subdags/subdag.py
[2022-06-01 00:51:16,952] {processor.py:161} INFO - Processing /home/oury/.local/lib/python3.10/site-packages/airflow/example_dags/subdags/subdag.py took 0.019 seconds
[2022-06-01 00:51:48,978] {processor.py:153} INFO - Started process (PID=15068) to work on /home/oury/.local/lib/python3.10/site-packages/airflow/example_dags/subdags/subdag.py
[2022-06-01 00:51:48,978] {processor.py:641} INFO - Processing file /home/oury/.local/lib/python3.10/site-packages/airflow/example_dags/subdags/subdag.py for tasks to queue
[2022-06-01 00:51:48,978] {logging_mixin.py:115} INFO - [2022-06-01 00:51:48,978] {dagbag.py:507} INFO - Filling up the DagBag from /home/oury/.local/lib/python3.10/site-packages/airflow/example_dags/subdags/subdag.py
[2022-06-01 00:51:48,979] {processor.py:653} WARNING - No viable dags retrieved from /home/oury/.local/lib/python3.10/site-packages/airflow/example_dags/subdags/subdag.py
[2022-06-01 00:51:48,988] {processor.py:161} INFO - Processing /home/oury/.local/lib/python3.10/site-packages/airflow/example_dags/subdags/subdag.py took 0.012 seconds
[2022-06-01 00:52:21,596] {processor.py:153} INFO - Started process (PID=15109) to work on /home/oury/.local/lib/python3.10/site-packages/airflow/example_dags/subdags/subdag.py
[2022-06-01 00:52:21,596] {processor.py:641} INFO - Processing file /home/oury/.local/lib/python3.10/site-packages/airflow/example_dags/subdags/subdag.py for tasks to queue
[2022-06-01 00:52:21,597] {logging_mixin.py:115} INFO - [2022-06-01 00:52:21,596] {dagbag.py:507} INFO - Filling up the DagBag from /home/oury/.local/lib/python3.10/site-packages/airflow/example_dags/subdags/subdag.py
[2022-06-01 00:52:21,598] {processor.py:653} WARNING - No viable dags retrieved from /home/oury/.local/lib/python3.10/site-packages/airflow/example_dags/subdags/subdag.py
[2022-06-01 00:52:21,606] {processor.py:161} INFO - Processing /home/oury/.local/lib/python3.10/site-packages/airflow/example_dags/subdags/subdag.py took 0.012 seconds
[2022-06-01 00:52:55,883] {processor.py:153} INFO - Started process (PID=15192) to work on /home/oury/.local/lib/python3.10/site-packages/airflow/example_dags/subdags/subdag.py
[2022-06-01 00:52:55,884] {processor.py:641} INFO - Processing file /home/oury/.local/lib/python3.10/site-packages/airflow/example_dags/subdags/subdag.py for tasks to queue
[2022-06-01 00:52:55,884] {logging_mixin.py:115} INFO - [2022-06-01 00:52:55,884] {dagbag.py:507} INFO - Filling up the DagBag from /home/oury/.local/lib/python3.10/site-packages/airflow/example_dags/subdags/subdag.py
[2022-06-01 00:52:55,885] {processor.py:653} WARNING - No viable dags retrieved from /home/oury/.local/lib/python3.10/site-packages/airflow/example_dags/subdags/subdag.py
[2022-06-01 00:52:55,894] {processor.py:161} INFO - Processing /home/oury/.local/lib/python3.10/site-packages/airflow/example_dags/subdags/subdag.py took 0.013 seconds
[2022-06-01 00:53:30,895] {processor.py:153} INFO - Started process (PID=15447) to work on /home/oury/.local/lib/python3.10/site-packages/airflow/example_dags/subdags/subdag.py
[2022-06-01 00:53:30,896] {processor.py:641} INFO - Processing file /home/oury/.local/lib/python3.10/site-packages/airflow/example_dags/subdags/subdag.py for tasks to queue
[2022-06-01 00:53:30,896] {logging_mixin.py:115} INFO - [2022-06-01 00:53:30,896] {dagbag.py:507} INFO - Filling up the DagBag from /home/oury/.local/lib/python3.10/site-packages/airflow/example_dags/subdags/subdag.py
[2022-06-01 00:53:30,897] {processor.py:653} WARNING - No viable dags retrieved from /home/oury/.local/lib/python3.10/site-packages/airflow/example_dags/subdags/subdag.py
[2022-06-01 00:53:30,907] {processor.py:161} INFO - Processing /home/oury/.local/lib/python3.10/site-packages/airflow/example_dags/subdags/subdag.py took 0.014 seconds
[2022-06-01 00:54:03,080] {processor.py:153} INFO - Started process (PID=15507) to work on /home/oury/.local/lib/python3.10/site-packages/airflow/example_dags/subdags/subdag.py
[2022-06-01 00:54:03,081] {processor.py:641} INFO - Processing file /home/oury/.local/lib/python3.10/site-packages/airflow/example_dags/subdags/subdag.py for tasks to queue
[2022-06-01 00:54:03,081] {logging_mixin.py:115} INFO - [2022-06-01 00:54:03,081] {dagbag.py:507} INFO - Filling up the DagBag from /home/oury/.local/lib/python3.10/site-packages/airflow/example_dags/subdags/subdag.py
[2022-06-01 00:54:03,082] {processor.py:653} WARNING - No viable dags retrieved from /home/oury/.local/lib/python3.10/site-packages/airflow/example_dags/subdags/subdag.py
[2022-06-01 00:54:03,090] {processor.py:161} INFO - Processing /home/oury/.local/lib/python3.10/site-packages/airflow/example_dags/subdags/subdag.py took 0.012 seconds
[2022-06-01 00:54:36,573] {processor.py:153} INFO - Started process (PID=15614) to work on /home/oury/.local/lib/python3.10/site-packages/airflow/example_dags/subdags/subdag.py
[2022-06-01 00:54:36,573] {processor.py:641} INFO - Processing file /home/oury/.local/lib/python3.10/site-packages/airflow/example_dags/subdags/subdag.py for tasks to queue
[2022-06-01 00:54:36,574] {logging_mixin.py:115} INFO - [2022-06-01 00:54:36,574] {dagbag.py:507} INFO - Filling up the DagBag from /home/oury/.local/lib/python3.10/site-packages/airflow/example_dags/subdags/subdag.py
[2022-06-01 00:54:36,575] {processor.py:653} WARNING - No viable dags retrieved from /home/oury/.local/lib/python3.10/site-packages/airflow/example_dags/subdags/subdag.py
[2022-06-01 00:54:36,583] {processor.py:161} INFO - Processing /home/oury/.local/lib/python3.10/site-packages/airflow/example_dags/subdags/subdag.py took 0.013 seconds
[2022-06-01 00:55:09,852] {processor.py:153} INFO - Started process (PID=15652) to work on /home/oury/.local/lib/python3.10/site-packages/airflow/example_dags/subdags/subdag.py
[2022-06-01 00:55:09,853] {processor.py:641} INFO - Processing file /home/oury/.local/lib/python3.10/site-packages/airflow/example_dags/subdags/subdag.py for tasks to queue
[2022-06-01 00:55:09,853] {logging_mixin.py:115} INFO - [2022-06-01 00:55:09,853] {dagbag.py:507} INFO - Filling up the DagBag from /home/oury/.local/lib/python3.10/site-packages/airflow/example_dags/subdags/subdag.py
[2022-06-01 00:55:09,854] {processor.py:653} WARNING - No viable dags retrieved from /home/oury/.local/lib/python3.10/site-packages/airflow/example_dags/subdags/subdag.py
[2022-06-01 00:55:09,862] {processor.py:161} INFO - Processing /home/oury/.local/lib/python3.10/site-packages/airflow/example_dags/subdags/subdag.py took 0.012 seconds
[2022-06-01 00:55:42,708] {processor.py:153} INFO - Started process (PID=15841) to work on /home/oury/.local/lib/python3.10/site-packages/airflow/example_dags/subdags/subdag.py
[2022-06-01 00:55:42,709] {processor.py:641} INFO - Processing file /home/oury/.local/lib/python3.10/site-packages/airflow/example_dags/subdags/subdag.py for tasks to queue
[2022-06-01 00:55:42,709] {logging_mixin.py:115} INFO - [2022-06-01 00:55:42,709] {dagbag.py:507} INFO - Filling up the DagBag from /home/oury/.local/lib/python3.10/site-packages/airflow/example_dags/subdags/subdag.py
[2022-06-01 00:55:42,710] {processor.py:653} WARNING - No viable dags retrieved from /home/oury/.local/lib/python3.10/site-packages/airflow/example_dags/subdags/subdag.py
[2022-06-01 00:55:42,718] {processor.py:161} INFO - Processing /home/oury/.local/lib/python3.10/site-packages/airflow/example_dags/subdags/subdag.py took 0.012 seconds
[2022-06-01 00:56:14,911] {processor.py:153} INFO - Started process (PID=15876) to work on /home/oury/.local/lib/python3.10/site-packages/airflow/example_dags/subdags/subdag.py
[2022-06-01 00:56:14,912] {processor.py:641} INFO - Processing file /home/oury/.local/lib/python3.10/site-packages/airflow/example_dags/subdags/subdag.py for tasks to queue
[2022-06-01 00:56:14,912] {logging_mixin.py:115} INFO - [2022-06-01 00:56:14,912] {dagbag.py:507} INFO - Filling up the DagBag from /home/oury/.local/lib/python3.10/site-packages/airflow/example_dags/subdags/subdag.py
[2022-06-01 00:56:14,913] {processor.py:653} WARNING - No viable dags retrieved from /home/oury/.local/lib/python3.10/site-packages/airflow/example_dags/subdags/subdag.py
[2022-06-01 00:56:14,924] {processor.py:161} INFO - Processing /home/oury/.local/lib/python3.10/site-packages/airflow/example_dags/subdags/subdag.py took 0.016 seconds
[2022-06-01 00:56:48,865] {processor.py:153} INFO - Started process (PID=15911) to work on /home/oury/.local/lib/python3.10/site-packages/airflow/example_dags/subdags/subdag.py
[2022-06-01 00:56:48,866] {processor.py:641} INFO - Processing file /home/oury/.local/lib/python3.10/site-packages/airflow/example_dags/subdags/subdag.py for tasks to queue
[2022-06-01 00:56:48,866] {logging_mixin.py:115} INFO - [2022-06-01 00:56:48,866] {dagbag.py:507} INFO - Filling up the DagBag from /home/oury/.local/lib/python3.10/site-packages/airflow/example_dags/subdags/subdag.py
[2022-06-01 00:56:48,868] {processor.py:653} WARNING - No viable dags retrieved from /home/oury/.local/lib/python3.10/site-packages/airflow/example_dags/subdags/subdag.py
[2022-06-01 00:56:48,876] {processor.py:161} INFO - Processing /home/oury/.local/lib/python3.10/site-packages/airflow/example_dags/subdags/subdag.py took 0.015 seconds
[2022-06-01 00:57:19,768] {processor.py:153} INFO - Started process (PID=15946) to work on /home/oury/.local/lib/python3.10/site-packages/airflow/example_dags/subdags/subdag.py
[2022-06-01 00:57:19,769] {processor.py:641} INFO - Processing file /home/oury/.local/lib/python3.10/site-packages/airflow/example_dags/subdags/subdag.py for tasks to queue
[2022-06-01 00:57:19,769] {logging_mixin.py:115} INFO - [2022-06-01 00:57:19,769] {dagbag.py:507} INFO - Filling up the DagBag from /home/oury/.local/lib/python3.10/site-packages/airflow/example_dags/subdags/subdag.py
[2022-06-01 00:57:19,770] {processor.py:653} WARNING - No viable dags retrieved from /home/oury/.local/lib/python3.10/site-packages/airflow/example_dags/subdags/subdag.py
[2022-06-01 00:57:19,779] {processor.py:161} INFO - Processing /home/oury/.local/lib/python3.10/site-packages/airflow/example_dags/subdags/subdag.py took 0.012 seconds
[2022-06-01 00:57:54,767] {processor.py:153} INFO - Started process (PID=16012) to work on /home/oury/.local/lib/python3.10/site-packages/airflow/example_dags/subdags/subdag.py
[2022-06-01 00:57:54,768] {processor.py:641} INFO - Processing file /home/oury/.local/lib/python3.10/site-packages/airflow/example_dags/subdags/subdag.py for tasks to queue
[2022-06-01 00:57:54,769] {logging_mixin.py:115} INFO - [2022-06-01 00:57:54,769] {dagbag.py:507} INFO - Filling up the DagBag from /home/oury/.local/lib/python3.10/site-packages/airflow/example_dags/subdags/subdag.py
[2022-06-01 00:57:54,770] {processor.py:653} WARNING - No viable dags retrieved from /home/oury/.local/lib/python3.10/site-packages/airflow/example_dags/subdags/subdag.py
[2022-06-01 00:57:54,778] {processor.py:161} INFO - Processing /home/oury/.local/lib/python3.10/site-packages/airflow/example_dags/subdags/subdag.py took 0.014 seconds
[2022-06-01 00:58:28,005] {processor.py:153} INFO - Started process (PID=16143) to work on /home/oury/.local/lib/python3.10/site-packages/airflow/example_dags/subdags/subdag.py
[2022-06-01 00:58:28,006] {processor.py:641} INFO - Processing file /home/oury/.local/lib/python3.10/site-packages/airflow/example_dags/subdags/subdag.py for tasks to queue
[2022-06-01 00:58:28,006] {logging_mixin.py:115} INFO - [2022-06-01 00:58:28,006] {dagbag.py:507} INFO - Filling up the DagBag from /home/oury/.local/lib/python3.10/site-packages/airflow/example_dags/subdags/subdag.py
[2022-06-01 00:58:28,007] {processor.py:653} WARNING - No viable dags retrieved from /home/oury/.local/lib/python3.10/site-packages/airflow/example_dags/subdags/subdag.py
[2022-06-01 00:58:28,016] {processor.py:161} INFO - Processing /home/oury/.local/lib/python3.10/site-packages/airflow/example_dags/subdags/subdag.py took 0.012 seconds
[2022-06-01 00:59:00,709] {processor.py:153} INFO - Started process (PID=16178) to work on /home/oury/.local/lib/python3.10/site-packages/airflow/example_dags/subdags/subdag.py
[2022-06-01 00:59:00,709] {processor.py:641} INFO - Processing file /home/oury/.local/lib/python3.10/site-packages/airflow/example_dags/subdags/subdag.py for tasks to queue
[2022-06-01 00:59:00,709] {logging_mixin.py:115} INFO - [2022-06-01 00:59:00,709] {dagbag.py:507} INFO - Filling up the DagBag from /home/oury/.local/lib/python3.10/site-packages/airflow/example_dags/subdags/subdag.py
[2022-06-01 00:59:00,711] {processor.py:653} WARNING - No viable dags retrieved from /home/oury/.local/lib/python3.10/site-packages/airflow/example_dags/subdags/subdag.py
[2022-06-01 00:59:00,721] {processor.py:161} INFO - Processing /home/oury/.local/lib/python3.10/site-packages/airflow/example_dags/subdags/subdag.py took 0.016 seconds
[2022-06-01 00:59:32,759] {processor.py:153} INFO - Started process (PID=16216) to work on /home/oury/.local/lib/python3.10/site-packages/airflow/example_dags/subdags/subdag.py
[2022-06-01 00:59:32,759] {processor.py:641} INFO - Processing file /home/oury/.local/lib/python3.10/site-packages/airflow/example_dags/subdags/subdag.py for tasks to queue
[2022-06-01 00:59:32,760] {logging_mixin.py:115} INFO - [2022-06-01 00:59:32,760] {dagbag.py:507} INFO - Filling up the DagBag from /home/oury/.local/lib/python3.10/site-packages/airflow/example_dags/subdags/subdag.py
[2022-06-01 00:59:32,761] {processor.py:653} WARNING - No viable dags retrieved from /home/oury/.local/lib/python3.10/site-packages/airflow/example_dags/subdags/subdag.py
[2022-06-01 00:59:32,776] {processor.py:161} INFO - Processing /home/oury/.local/lib/python3.10/site-packages/airflow/example_dags/subdags/subdag.py took 0.019 seconds
