[2022-07-30 01:33:30,105] {taskinstance.py:1160} INFO - Dependencies all met for <TaskInstance: data_pipeline.tweets_to_es manual__2022-07-30T00:33:26.895941+00:00 [queued]>
[2022-07-30 01:33:30,111] {taskinstance.py:1160} INFO - Dependencies all met for <TaskInstance: data_pipeline.tweets_to_es manual__2022-07-30T00:33:26.895941+00:00 [queued]>
[2022-07-30 01:33:30,111] {taskinstance.py:1357} INFO - 
--------------------------------------------------------------------------------
[2022-07-30 01:33:30,111] {taskinstance.py:1358} INFO - Starting attempt 1 of 1
[2022-07-30 01:33:30,111] {taskinstance.py:1359} INFO - 
--------------------------------------------------------------------------------
[2022-07-30 01:33:30,133] {taskinstance.py:1378} INFO - Executing <Task(PythonOperator): tweets_to_es> on 2022-07-30 00:33:26.895941+00:00
[2022-07-30 01:33:30,137] {standard_task_runner.py:52} INFO - Started process 8642 to run task
[2022-07-30 01:33:30,142] {standard_task_runner.py:79} INFO - Running: ['airflow', 'tasks', 'run', 'data_pipeline', 'tweets_to_es', 'manual__2022-07-30T00:33:26.895941+00:00', '--job-id', '7', '--raw', '--subdir', 'DAGS_FOLDER/airfow_es.py', '--cfg-path', '/tmp/tmpwtma2lu5', '--error-file', '/tmp/tmpm5uvcmdl']
[2022-07-30 01:33:30,143] {standard_task_runner.py:80} INFO - Job 7: Subtask tweets_to_es
[2022-07-30 01:33:30,220] {task_command.py:370} INFO - Running <TaskInstance: data_pipeline.tweets_to_es manual__2022-07-30T00:33:26.895941+00:00 [running]> on host oury-Tp
[2022-07-30 01:33:30,260] {taskinstance.py:1570} INFO - Exporting the following env vars:
AIRFLOW_CTX_DAG_OWNER=airflow
AIRFLOW_CTX_DAG_ID=data_pipeline
AIRFLOW_CTX_TASK_ID=tweets_to_es
AIRFLOW_CTX_EXECUTION_DATE=2022-07-30T00:33:26.895941+00:00
AIRFLOW_CTX_TRY_NUMBER=1
AIRFLOW_CTX_DAG_RUN_ID=manual__2022-07-30T00:33:26.895941+00:00
[2022-07-30 01:33:30,262] {twitter.py:696} INFO - Retrieving scroll page None
[2022-07-30 01:33:30,262] {twitter.py:626} INFO - Retrieving guest token
[2022-07-30 01:33:30,263] {base.py:171} INFO - Retrieving https://twitter.com/search?f=live&lang=en&q=near%3AParis+since%3A1659140880+until%3A1659141120&src=spelling_expansion_revert_click
[2022-07-30 01:33:31,086] {base.py:189} INFO - Retrieved https://twitter.com/search?f=live&lang=en&q=near%3AParis+since%3A1659140880+until%3A1659141120&src=spelling_expansion_revert_click: 200
[2022-07-30 01:33:31,088] {base.py:171} INFO - Retrieving https://api.twitter.com/2/search/adaptive.json?include_profile_interstitial_type=1&include_blocking=1&include_blocked_by=1&include_followed_by=1&include_want_retweets=1&include_mute_edge=1&include_can_dm=1&include_can_media_tag=1&skip_status=1&cards_platform=Web-12&include_cards=1&include_ext_alt_text=true&include_quote_count=true&include_reply_count=1&tweet_mode=extended&include_entities=true&include_user_entities=true&include_ext_media_color=true&include_ext_media_availability=true&send_error_codes=true&simple_quoted_tweets=true&q=near%3AParis+since%3A1659140880+until%3A1659141120&tweet_search_mode=live&count=100&query_source=spelling_expansion_revert_click&pc=1&spelling_corrections=1&ext=mediaStats%2ChighlightedLabel
[2022-07-30 01:33:32,297] {base.py:189} INFO - Retrieved https://api.twitter.com/2/search/adaptive.json?include_profile_interstitial_type=1&include_blocking=1&include_blocked_by=1&include_followed_by=1&include_want_retweets=1&include_mute_edge=1&include_can_dm=1&include_can_media_tag=1&skip_status=1&cards_platform=Web-12&include_cards=1&include_ext_alt_text=true&include_quote_count=true&include_reply_count=1&tweet_mode=extended&include_entities=true&include_user_entities=true&include_ext_media_color=true&include_ext_media_availability=true&send_error_codes=true&simple_quoted_tweets=true&q=near%3AParis+since%3A1659140880+until%3A1659141120&tweet_search_mode=live&count=100&query_source=spelling_expansion_revert_click&pc=1&spelling_corrections=1&ext=mediaStats%2ChighlightedLabel: 200
[2022-07-30 01:33:32,811] {base.py:265} INFO - GET http://localhost:9200/ [status:200 request:0.003s]
[2022-07-30 01:33:32,819] {base.py:265} INFO - PUT http://localhost:9200/my_index/_doc/1553176541177253889 [status:200 request:0.007s]
[2022-07-30 01:33:32,902] {base.py:265} INFO - PUT http://localhost:9200/my_index/_doc/1553176534483193857 [status:200 request:0.061s]
[2022-07-30 01:33:32,918] {base.py:265} INFO - PUT http://localhost:9200/my_index/_doc/1553176525788172290 [status:200 request:0.007s]
[2022-07-30 01:33:32,936] {base.py:265} INFO - PUT http://localhost:9200/my_index/_doc/1553176524500750336 [status:200 request:0.010s]
[2022-07-30 01:33:32,950] {base.py:265} INFO - PUT http://localhost:9200/my_index/_doc/1553176519555526658 [status:200 request:0.006s]
[2022-07-30 01:33:32,971] {base.py:265} INFO - PUT http://localhost:9200/my_index/_doc/1553176513415188482 [status:200 request:0.005s]
[2022-07-30 01:33:32,986] {base.py:265} INFO - PUT http://localhost:9200/my_index/_doc/1553176511846518784 [status:200 request:0.005s]
[2022-07-30 01:33:33,024] {base.py:265} INFO - PUT http://localhost:9200/my_index/_doc/1553176507614482434 [status:200 request:0.006s]
[2022-07-30 01:33:33,063] {base.py:265} INFO - PUT http://localhost:9200/my_index/_doc/1553176497024045056 [status:200 request:0.005s]
[2022-07-30 01:33:33,076] {base.py:265} INFO - PUT http://localhost:9200/my_index/_doc/1553176483367092224 [status:200 request:0.006s]
[2022-07-30 01:33:33,091] {base.py:265} INFO - PUT http://localhost:9200/my_index/_doc/1553176482918326273 [status:200 request:0.005s]
[2022-07-30 01:33:33,107] {base.py:265} INFO - PUT http://localhost:9200/my_index/_doc/1553176480452120576 [status:200 request:0.006s]
[2022-07-30 01:33:33,121] {base.py:265} INFO - PUT http://localhost:9200/my_index/_doc/1553176480301162498 [status:200 request:0.007s]
[2022-07-30 01:33:33,122] {twitter.py:696} INFO - Retrieving scroll page scroll:thGAVUV0VFVBaEgL3d8_H-jSsWgsC-ucb1_o0rEnEV8IV6FYCJehgHREVGQVVMVDUBFQAVAAA=
[2022-07-30 01:33:33,125] {base.py:171} INFO - Retrieving https://api.twitter.com/2/search/adaptive.json?include_profile_interstitial_type=1&include_blocking=1&include_blocked_by=1&include_followed_by=1&include_want_retweets=1&include_mute_edge=1&include_can_dm=1&include_can_media_tag=1&skip_status=1&cards_platform=Web-12&include_cards=1&include_ext_alt_text=true&include_quote_count=true&include_reply_count=1&tweet_mode=extended&include_entities=true&include_user_entities=true&include_ext_media_color=true&include_ext_media_availability=true&send_error_codes=true&simple_quoted_tweets=true&q=near%3AParis+since%3A1659140880+until%3A1659141120&tweet_search_mode=live&count=100&query_source=spelling_expansion_revert_click&cursor=scroll%3AthGAVUV0VFVBaEgL3d8_H-jSsWgsC-ucb1_o0rEnEV8IV6FYCJehgHREVGQVVMVDUBFQAVAAA%3D&pc=1&spelling_corrections=1&ext=mediaStats%2ChighlightedLabel
[2022-07-30 01:33:33,768] {base.py:189} INFO - Retrieved https://api.twitter.com/2/search/adaptive.json?include_profile_interstitial_type=1&include_blocking=1&include_blocked_by=1&include_followed_by=1&include_want_retweets=1&include_mute_edge=1&include_can_dm=1&include_can_media_tag=1&skip_status=1&cards_platform=Web-12&include_cards=1&include_ext_alt_text=true&include_quote_count=true&include_reply_count=1&tweet_mode=extended&include_entities=true&include_user_entities=true&include_ext_media_color=true&include_ext_media_availability=true&send_error_codes=true&simple_quoted_tweets=true&q=near%3AParis+since%3A1659140880+until%3A1659141120&tweet_search_mode=live&count=100&query_source=spelling_expansion_revert_click&cursor=scroll%3AthGAVUV0VFVBaEgL3d8_H-jSsWgsC-ucb1_o0rEnEV8IV6FYCJehgHREVGQVVMVDUBFQAVAAA%3D&pc=1&spelling_corrections=1&ext=mediaStats%2ChighlightedLabel: 200
[2022-07-30 01:33:33,817] {base.py:265} INFO - PUT http://localhost:9200/my_index/_doc/1553176477339877376 [status:200 request:0.008s]
[2022-07-30 01:33:33,885] {base.py:265} INFO - PUT http://localhost:9200/my_index/_doc/1553176473540100096 [status:200 request:0.009s]
[2022-07-30 01:33:33,992] {base.py:265} INFO - PUT http://localhost:9200/my_index/_doc/1553176459652599808 [status:200 request:0.014s]
[2022-07-30 01:33:34,078] {base.py:265} INFO - PUT http://localhost:9200/my_index/_doc/1553176458482401280 [status:200 request:0.024s]
[2022-07-30 01:33:34,105] {base.py:265} INFO - PUT http://localhost:9200/my_index/_doc/1553176451029032965 [status:200 request:0.007s]
[2022-07-30 01:33:34,129] {base.py:265} INFO - PUT http://localhost:9200/my_index/_doc/1553176446511812608 [status:200 request:0.006s]
[2022-07-30 01:33:34,158] {base.py:265} INFO - PUT http://localhost:9200/my_index/_doc/1553176440765648901 [status:200 request:0.017s]
[2022-07-30 01:33:34,180] {base.py:265} INFO - PUT http://localhost:9200/my_index/_doc/1553176436378411010 [status:200 request:0.009s]
[2022-07-30 01:33:34,214] {base.py:265} INFO - PUT http://localhost:9200/my_index/_doc/1553176434633572354 [status:200 request:0.013s]
[2022-07-30 01:33:34,357] {base.py:265} INFO - PUT http://localhost:9200/my_index/_doc/1553176427318706176 [status:200 request:0.007s]
[2022-07-30 01:33:34,430] {twitter.py:696} INFO - Retrieving scroll page scroll:thGAVUV0VFVBaCgNDt1e7-jSsWgsC-ucb1_o0rEnEV4IJ6FYCJehgHREVGQVVMVDUBFQIVAAA=
[2022-07-30 01:33:34,432] {base.py:171} INFO - Retrieving https://api.twitter.com/2/search/adaptive.json?include_profile_interstitial_type=1&include_blocking=1&include_blocked_by=1&include_followed_by=1&include_want_retweets=1&include_mute_edge=1&include_can_dm=1&include_can_media_tag=1&skip_status=1&cards_platform=Web-12&include_cards=1&include_ext_alt_text=true&include_quote_count=true&include_reply_count=1&tweet_mode=extended&include_entities=true&include_user_entities=true&include_ext_media_color=true&include_ext_media_availability=true&send_error_codes=true&simple_quoted_tweets=true&q=near%3AParis+since%3A1659140880+until%3A1659141120&tweet_search_mode=live&count=100&query_source=spelling_expansion_revert_click&cursor=scroll%3AthGAVUV0VFVBaCgNDt1e7-jSsWgsC-ucb1_o0rEnEV4IJ6FYCJehgHREVGQVVMVDUBFQIVAAA%3D&pc=1&spelling_corrections=1&ext=mediaStats%2ChighlightedLabel
[2022-07-30 01:33:35,029] {base.py:189} INFO - Retrieved https://api.twitter.com/2/search/adaptive.json?include_profile_interstitial_type=1&include_blocking=1&include_blocked_by=1&include_followed_by=1&include_want_retweets=1&include_mute_edge=1&include_can_dm=1&include_can_media_tag=1&skip_status=1&cards_platform=Web-12&include_cards=1&include_ext_alt_text=true&include_quote_count=true&include_reply_count=1&tweet_mode=extended&include_entities=true&include_user_entities=true&include_ext_media_color=true&include_ext_media_availability=true&send_error_codes=true&simple_quoted_tweets=true&q=near%3AParis+since%3A1659140880+until%3A1659141120&tweet_search_mode=live&count=100&query_source=spelling_expansion_revert_click&cursor=scroll%3AthGAVUV0VFVBaCgNDt1e7-jSsWgsC-ucb1_o0rEnEV4IJ6FYCJehgHREVGQVVMVDUBFQIVAAA%3D&pc=1&spelling_corrections=1&ext=mediaStats%2ChighlightedLabel: 200
[2022-07-30 01:33:35,073] {base.py:265} INFO - PUT http://localhost:9200/my_index/_doc/1553176418556731393 [status:200 request:0.006s]
[2022-07-30 01:33:35,150] {base.py:265} INFO - PUT http://localhost:9200/my_index/_doc/1553176410096865281 [status:200 request:0.006s]
[2022-07-30 01:33:35,185] {base.py:265} INFO - PUT http://localhost:9200/my_index/_doc/1553176406187593728 [status:200 request:0.006s]
[2022-07-30 01:33:35,200] {base.py:265} INFO - PUT http://localhost:9200/my_index/_doc/1553176405625765888 [status:200 request:0.006s]
[2022-07-30 01:33:35,213] {base.py:265} INFO - PUT http://localhost:9200/my_index/_doc/1553176403532734464 [status:200 request:0.005s]
[2022-07-30 01:33:35,231] {base.py:265} INFO - PUT http://localhost:9200/my_index/_doc/1553176398222835712 [status:200 request:0.005s]
[2022-07-30 01:33:35,356] {base.py:265} INFO - PUT http://localhost:9200/my_index/_doc/1553176391419662337 [status:200 request:0.113s]
[2022-07-30 01:33:35,433] {base.py:265} INFO - PUT http://localhost:9200/my_index/_doc/1553176378702536706 [status:200 request:0.006s]
[2022-07-30 01:33:35,447] {base.py:265} INFO - PUT http://localhost:9200/my_index/_doc/1553176376861044736 [status:200 request:0.005s]
[2022-07-30 01:33:35,447] {twitter.py:696} INFO - Retrieving scroll page scroll:thGAVUV0VFVBaAwKWF8ev-jSsWgsC-ucb1_o0rEnEV0P95FYCJehgHREVGQVVMVDUBFQQVAAA=
[2022-07-30 01:33:35,450] {base.py:171} INFO - Retrieving https://api.twitter.com/2/search/adaptive.json?include_profile_interstitial_type=1&include_blocking=1&include_blocked_by=1&include_followed_by=1&include_want_retweets=1&include_mute_edge=1&include_can_dm=1&include_can_media_tag=1&skip_status=1&cards_platform=Web-12&include_cards=1&include_ext_alt_text=true&include_quote_count=true&include_reply_count=1&tweet_mode=extended&include_entities=true&include_user_entities=true&include_ext_media_color=true&include_ext_media_availability=true&send_error_codes=true&simple_quoted_tweets=true&q=near%3AParis+since%3A1659140880+until%3A1659141120&tweet_search_mode=live&count=100&query_source=spelling_expansion_revert_click&cursor=scroll%3AthGAVUV0VFVBaAwKWF8ev-jSsWgsC-ucb1_o0rEnEV0P95FYCJehgHREVGQVVMVDUBFQQVAAA%3D&pc=1&spelling_corrections=1&ext=mediaStats%2ChighlightedLabel
[2022-07-30 01:33:36,570] {base.py:189} INFO - Retrieved https://api.twitter.com/2/search/adaptive.json?include_profile_interstitial_type=1&include_blocking=1&include_blocked_by=1&include_followed_by=1&include_want_retweets=1&include_mute_edge=1&include_can_dm=1&include_can_media_tag=1&skip_status=1&cards_platform=Web-12&include_cards=1&include_ext_alt_text=true&include_quote_count=true&include_reply_count=1&tweet_mode=extended&include_entities=true&include_user_entities=true&include_ext_media_color=true&include_ext_media_availability=true&send_error_codes=true&simple_quoted_tweets=true&q=near%3AParis+since%3A1659140880+until%3A1659141120&tweet_search_mode=live&count=100&query_source=spelling_expansion_revert_click&cursor=scroll%3AthGAVUV0VFVBaAwKWF8ev-jSsWgsC-ucb1_o0rEnEV0P95FYCJehgHREVGQVVMVDUBFQQVAAA%3D&pc=1&spelling_corrections=1&ext=mediaStats%2ChighlightedLabel: 200
[2022-07-30 01:33:36,586] {base.py:265} INFO - PUT http://localhost:9200/my_index/_doc/1553176372708888577 [status:200 request:0.005s]
[2022-07-30 01:33:36,599] {base.py:265} INFO - PUT http://localhost:9200/my_index/_doc/1553176366727700481 [status:200 request:0.005s]
[2022-07-30 01:33:36,613] {base.py:265} INFO - PUT http://localhost:9200/my_index/_doc/1553176365888856064 [status:200 request:0.005s]
[2022-07-30 01:33:36,627] {base.py:265} INFO - PUT http://localhost:9200/my_index/_doc/1553176363766632449 [status:200 request:0.008s]
[2022-07-30 01:33:36,636] {base.py:265} INFO - PUT http://localhost:9200/my_index/_doc/1553176358158843904 [status:200 request:0.005s]
[2022-07-30 01:33:36,652] {base.py:265} INFO - PUT http://localhost:9200/my_index/_doc/1553176354719502336 [status:200 request:0.006s]
[2022-07-30 01:33:36,675] {base.py:265} INFO - PUT http://localhost:9200/my_index/_doc/1553176349048815618 [status:200 request:0.005s]
[2022-07-30 01:33:36,687] {base.py:265} INFO - PUT http://localhost:9200/my_index/_doc/1553176343625535489 [status:200 request:0.005s]
[2022-07-30 01:33:36,704] {base.py:265} INFO - PUT http://localhost:9200/my_index/_doc/1553176340802723841 [status:200 request:0.006s]
[2022-07-30 01:33:36,724] {base.py:265} INFO - PUT http://localhost:9200/my_index/_doc/1553176338282029056 [status:200 request:0.007s]
[2022-07-30 01:33:36,736] {base.py:265} INFO - PUT http://localhost:9200/my_index/_doc/1553176333202739201 [status:200 request:0.006s]
[2022-07-30 01:33:36,789] {base.py:265} INFO - PUT http://localhost:9200/my_index/_doc/1553176329654308869 [status:200 request:0.005s]
[2022-07-30 01:33:36,815] {base.py:265} INFO - PUT http://localhost:9200/my_index/_doc/1553176327028883456 [status:200 request:0.011s]
[2022-07-30 01:33:36,841] {base.py:265} INFO - PUT http://localhost:9200/my_index/_doc/1553176325841641473 [status:200 request:0.006s]
[2022-07-30 01:33:36,857] {base.py:265} INFO - PUT http://localhost:9200/my_index/_doc/1553176321584513025 [status:200 request:0.006s]
[2022-07-30 01:33:36,883] {base.py:265} INFO - PUT http://localhost:9200/my_index/_doc/1553176319659315212 [status:200 request:0.007s]
[2022-07-30 01:33:36,905] {base.py:265} INFO - PUT http://localhost:9200/my_index/_doc/1553176319290216448 [status:200 request:0.006s]
[2022-07-30 01:33:36,916] {base.py:265} INFO - PUT http://localhost:9200/my_index/_doc/1553176314554744832 [status:200 request:0.006s]
[2022-07-30 01:33:36,917] {twitter.py:696} INFO - Retrieving scroll page scroll:thGAVUV0VFVBaAgLDpoOj-jSsWgsC-ucb1_o0rEnEVwPx5FYCJehgHREVGQVVMVDUBFQYVAAA=
[2022-07-30 01:33:36,919] {base.py:171} INFO - Retrieving https://api.twitter.com/2/search/adaptive.json?include_profile_interstitial_type=1&include_blocking=1&include_blocked_by=1&include_followed_by=1&include_want_retweets=1&include_mute_edge=1&include_can_dm=1&include_can_media_tag=1&skip_status=1&cards_platform=Web-12&include_cards=1&include_ext_alt_text=true&include_quote_count=true&include_reply_count=1&tweet_mode=extended&include_entities=true&include_user_entities=true&include_ext_media_color=true&include_ext_media_availability=true&send_error_codes=true&simple_quoted_tweets=true&q=near%3AParis+since%3A1659140880+until%3A1659141120&tweet_search_mode=live&count=100&query_source=spelling_expansion_revert_click&cursor=scroll%3AthGAVUV0VFVBaAgLDpoOj-jSsWgsC-ucb1_o0rEnEVwPx5FYCJehgHREVGQVVMVDUBFQYVAAA%3D&pc=1&spelling_corrections=1&ext=mediaStats%2ChighlightedLabel
[2022-07-30 01:33:37,547] {base.py:189} INFO - Retrieved https://api.twitter.com/2/search/adaptive.json?include_profile_interstitial_type=1&include_blocking=1&include_blocked_by=1&include_followed_by=1&include_want_retweets=1&include_mute_edge=1&include_can_dm=1&include_can_media_tag=1&skip_status=1&cards_platform=Web-12&include_cards=1&include_ext_alt_text=true&include_quote_count=true&include_reply_count=1&tweet_mode=extended&include_entities=true&include_user_entities=true&include_ext_media_color=true&include_ext_media_availability=true&send_error_codes=true&simple_quoted_tweets=true&q=near%3AParis+since%3A1659140880+until%3A1659141120&tweet_search_mode=live&count=100&query_source=spelling_expansion_revert_click&cursor=scroll%3AthGAVUV0VFVBaAgLDpoOj-jSsWgsC-ucb1_o0rEnEVwPx5FYCJehgHREVGQVVMVDUBFQYVAAA%3D&pc=1&spelling_corrections=1&ext=mediaStats%2ChighlightedLabel: 200
[2022-07-30 01:33:37,569] {base.py:265} INFO - PUT http://localhost:9200/my_index/_doc/1553176310205366272 [status:200 request:0.008s]
[2022-07-30 01:33:37,603] {base.py:265} INFO - PUT http://localhost:9200/my_index/_doc/1553176309270028291 [status:200 request:0.009s]
[2022-07-30 01:33:37,645] {base.py:265} INFO - PUT http://localhost:9200/my_index/_doc/1553176305746776070 [status:200 request:0.007s]
[2022-07-30 01:33:37,672] {base.py:265} INFO - PUT http://localhost:9200/my_index/_doc/1553176305159528448 [status:200 request:0.007s]
[2022-07-30 01:33:37,692] {base.py:265} INFO - PUT http://localhost:9200/my_index/_doc/1553176299639898114 [status:200 request:0.012s]
[2022-07-30 01:33:37,716] {base.py:265} INFO - PUT http://localhost:9200/my_index/_doc/1553176296703901696 [status:200 request:0.010s]
[2022-07-30 01:33:37,742] {base.py:265} INFO - PUT http://localhost:9200/my_index/_doc/1553176296003362817 [status:200 request:0.010s]
[2022-07-30 01:33:37,783] {base.py:265} INFO - PUT http://localhost:9200/my_index/_doc/1553176293277040640 [status:200 request:0.007s]
[2022-07-30 01:33:37,848] {base.py:265} INFO - PUT http://localhost:9200/my_index/_doc/1553176277149949953 [status:200 request:0.006s]
[2022-07-30 01:33:37,865] {base.py:265} INFO - PUT http://localhost:9200/my_index/_doc/1553176273844854785 [status:200 request:0.005s]
[2022-07-30 01:33:37,880] {base.py:265} INFO - PUT http://localhost:9200/my_index/_doc/1553176270774669313 [status:200 request:0.007s]
[2022-07-30 01:33:37,893] {base.py:265} INFO - PUT http://localhost:9200/my_index/_doc/1553176266462855171 [status:201 request:0.005s]
[2022-07-30 01:33:37,894] {twitter.py:696} INFO - Retrieving scroll page scroll:thGAVUV0VFVBaGgLDBuuX-jSsWgsC-ucb1_o0rEnEVsPl5FYCJehgHREVGQVVMVDUBFQgVAAA=
[2022-07-30 01:33:37,896] {base.py:171} INFO - Retrieving https://api.twitter.com/2/search/adaptive.json?include_profile_interstitial_type=1&include_blocking=1&include_blocked_by=1&include_followed_by=1&include_want_retweets=1&include_mute_edge=1&include_can_dm=1&include_can_media_tag=1&skip_status=1&cards_platform=Web-12&include_cards=1&include_ext_alt_text=true&include_quote_count=true&include_reply_count=1&tweet_mode=extended&include_entities=true&include_user_entities=true&include_ext_media_color=true&include_ext_media_availability=true&send_error_codes=true&simple_quoted_tweets=true&q=near%3AParis+since%3A1659140880+until%3A1659141120&tweet_search_mode=live&count=100&query_source=spelling_expansion_revert_click&cursor=scroll%3AthGAVUV0VFVBaGgLDBuuX-jSsWgsC-ucb1_o0rEnEVsPl5FYCJehgHREVGQVVMVDUBFQgVAAA%3D&pc=1&spelling_corrections=1&ext=mediaStats%2ChighlightedLabel
[2022-07-30 01:33:38,628] {base.py:189} INFO - Retrieved https://api.twitter.com/2/search/adaptive.json?include_profile_interstitial_type=1&include_blocking=1&include_blocked_by=1&include_followed_by=1&include_want_retweets=1&include_mute_edge=1&include_can_dm=1&include_can_media_tag=1&skip_status=1&cards_platform=Web-12&include_cards=1&include_ext_alt_text=true&include_quote_count=true&include_reply_count=1&tweet_mode=extended&include_entities=true&include_user_entities=true&include_ext_media_color=true&include_ext_media_availability=true&send_error_codes=true&simple_quoted_tweets=true&q=near%3AParis+since%3A1659140880+until%3A1659141120&tweet_search_mode=live&count=100&query_source=spelling_expansion_revert_click&cursor=scroll%3AthGAVUV0VFVBaGgLDBuuX-jSsWgsC-ucb1_o0rEnEVsPl5FYCJehgHREVGQVVMVDUBFQgVAAA%3D&pc=1&spelling_corrections=1&ext=mediaStats%2ChighlightedLabel: 200
[2022-07-30 01:33:38,651] {python.py:173} INFO - Done. Returned value was: None
[2022-07-30 01:33:38,660] {taskinstance.py:1396} INFO - Marking task as SUCCESS. dag_id=data_pipeline, task_id=tweets_to_es, execution_date=20220730T003326, start_date=20220730T003330, end_date=20220730T003338
[2022-07-30 01:33:38,711] {local_task_job.py:156} INFO - Task exited with return code 0
[2022-07-30 01:33:38,723] {local_task_job.py:273} INFO - 0 downstream tasks scheduled from follow-on schedule check
