[2022-06-20 10:57:43,850] {processor.py:153} INFO - Started process (PID=14122) to work on /home/oury/.local/lib/python3.10/site-packages/airflow/example_dags/example_latest_only.py
[2022-06-20 10:57:43,850] {processor.py:641} INFO - Processing file /home/oury/.local/lib/python3.10/site-packages/airflow/example_dags/example_latest_only.py for tasks to queue
[2022-06-20 10:57:43,851] {logging_mixin.py:115} INFO - [2022-06-20 10:57:43,851] {dagbag.py:507} INFO - Filling up the DagBag from /home/oury/.local/lib/python3.10/site-packages/airflow/example_dags/example_latest_only.py
[2022-06-20 10:57:43,855] {processor.py:651} INFO - DAG(s) dict_keys(['latest_only']) retrieved from /home/oury/.local/lib/python3.10/site-packages/airflow/example_dags/example_latest_only.py
[2022-06-20 10:57:43,870] {logging_mixin.py:115} INFO - [2022-06-20 10:57:43,870] {dag.py:2379} INFO - Sync 1 DAGs
[2022-06-20 10:57:43,886] {logging_mixin.py:115} INFO - [2022-06-20 10:57:43,885] {dag.py:2923} INFO - Setting next_dagrun for latest_only to 2022-06-20T05:57:43.885778+00:00, run_after=2022-06-20T09:57:43.885778+00:00
[2022-06-20 10:57:43,898] {processor.py:161} INFO - Processing /home/oury/.local/lib/python3.10/site-packages/airflow/example_dags/example_latest_only.py took 0.050 seconds
[2022-06-20 10:58:18,335] {processor.py:153} INFO - Started process (PID=14314) to work on /home/oury/.local/lib/python3.10/site-packages/airflow/example_dags/example_latest_only.py
[2022-06-20 10:58:18,335] {processor.py:641} INFO - Processing file /home/oury/.local/lib/python3.10/site-packages/airflow/example_dags/example_latest_only.py for tasks to queue
[2022-06-20 10:58:18,336] {logging_mixin.py:115} INFO - [2022-06-20 10:58:18,336] {dagbag.py:507} INFO - Filling up the DagBag from /home/oury/.local/lib/python3.10/site-packages/airflow/example_dags/example_latest_only.py
[2022-06-20 10:58:18,341] {processor.py:651} INFO - DAG(s) dict_keys(['latest_only']) retrieved from /home/oury/.local/lib/python3.10/site-packages/airflow/example_dags/example_latest_only.py
[2022-06-20 10:58:18,356] {logging_mixin.py:115} INFO - [2022-06-20 10:58:18,356] {dag.py:2379} INFO - Sync 1 DAGs
[2022-06-20 10:58:18,373] {logging_mixin.py:115} INFO - [2022-06-20 10:58:18,372] {dag.py:2923} INFO - Setting next_dagrun for latest_only to 2022-06-20T05:58:18.372666+00:00, run_after=2022-06-20T09:58:18.372666+00:00
[2022-06-20 10:58:18,386] {processor.py:161} INFO - Processing /home/oury/.local/lib/python3.10/site-packages/airflow/example_dags/example_latest_only.py took 0.055 seconds
[2022-06-20 10:58:52,199] {processor.py:153} INFO - Started process (PID=14421) to work on /home/oury/.local/lib/python3.10/site-packages/airflow/example_dags/example_latest_only.py
[2022-06-20 10:58:52,200] {processor.py:641} INFO - Processing file /home/oury/.local/lib/python3.10/site-packages/airflow/example_dags/example_latest_only.py for tasks to queue
[2022-06-20 10:58:52,200] {logging_mixin.py:115} INFO - [2022-06-20 10:58:52,200] {dagbag.py:507} INFO - Filling up the DagBag from /home/oury/.local/lib/python3.10/site-packages/airflow/example_dags/example_latest_only.py
[2022-06-20 10:58:52,206] {processor.py:651} INFO - DAG(s) dict_keys(['latest_only']) retrieved from /home/oury/.local/lib/python3.10/site-packages/airflow/example_dags/example_latest_only.py
[2022-06-20 10:58:52,463] {logging_mixin.py:115} INFO - [2022-06-20 10:58:52,463] {dag.py:2379} INFO - Sync 1 DAGs
[2022-06-20 10:58:52,483] {logging_mixin.py:115} INFO - [2022-06-20 10:58:52,483] {dag.py:2923} INFO - Setting next_dagrun for latest_only to 2022-06-20T05:58:52.483539+00:00, run_after=2022-06-20T09:58:52.483539+00:00
[2022-06-20 10:58:52,495] {processor.py:161} INFO - Processing /home/oury/.local/lib/python3.10/site-packages/airflow/example_dags/example_latest_only.py took 0.298 seconds
[2022-06-20 10:59:28,948] {processor.py:153} INFO - Started process (PID=14538) to work on /home/oury/.local/lib/python3.10/site-packages/airflow/example_dags/example_latest_only.py
[2022-06-20 10:59:28,948] {processor.py:641} INFO - Processing file /home/oury/.local/lib/python3.10/site-packages/airflow/example_dags/example_latest_only.py for tasks to queue
[2022-06-20 10:59:28,949] {logging_mixin.py:115} INFO - [2022-06-20 10:59:28,949] {dagbag.py:507} INFO - Filling up the DagBag from /home/oury/.local/lib/python3.10/site-packages/airflow/example_dags/example_latest_only.py
[2022-06-20 10:59:28,953] {processor.py:651} INFO - DAG(s) dict_keys(['latest_only']) retrieved from /home/oury/.local/lib/python3.10/site-packages/airflow/example_dags/example_latest_only.py
[2022-06-20 10:59:28,966] {logging_mixin.py:115} INFO - [2022-06-20 10:59:28,966] {dag.py:2379} INFO - Sync 1 DAGs
[2022-06-20 10:59:28,983] {logging_mixin.py:115} INFO - [2022-06-20 10:59:28,982] {dag.py:2923} INFO - Setting next_dagrun for latest_only to 2022-06-20T05:59:28.982755+00:00, run_after=2022-06-20T09:59:28.982755+00:00
[2022-06-20 10:59:28,997] {processor.py:161} INFO - Processing /home/oury/.local/lib/python3.10/site-packages/airflow/example_dags/example_latest_only.py took 0.052 seconds
[2022-06-20 11:00:05,160] {processor.py:153} INFO - Started process (PID=14593) to work on /home/oury/.local/lib/python3.10/site-packages/airflow/example_dags/example_latest_only.py
[2022-06-20 11:00:05,161] {processor.py:641} INFO - Processing file /home/oury/.local/lib/python3.10/site-packages/airflow/example_dags/example_latest_only.py for tasks to queue
[2022-06-20 11:00:05,161] {logging_mixin.py:115} INFO - [2022-06-20 11:00:05,161] {dagbag.py:507} INFO - Filling up the DagBag from /home/oury/.local/lib/python3.10/site-packages/airflow/example_dags/example_latest_only.py
[2022-06-20 11:00:05,166] {processor.py:651} INFO - DAG(s) dict_keys(['latest_only']) retrieved from /home/oury/.local/lib/python3.10/site-packages/airflow/example_dags/example_latest_only.py
[2022-06-20 11:00:05,179] {logging_mixin.py:115} INFO - [2022-06-20 11:00:05,179] {dag.py:2379} INFO - Sync 1 DAGs
[2022-06-20 11:00:05,195] {logging_mixin.py:115} INFO - [2022-06-20 11:00:05,195] {dag.py:2923} INFO - Setting next_dagrun for latest_only to 2022-06-20T06:00:05.195095+00:00, run_after=2022-06-20T10:00:05.195095+00:00
[2022-06-20 11:00:05,206] {processor.py:161} INFO - Processing /home/oury/.local/lib/python3.10/site-packages/airflow/example_dags/example_latest_only.py took 0.048 seconds
[2022-06-20 11:00:43,532] {processor.py:153} INFO - Started process (PID=14653) to work on /home/oury/.local/lib/python3.10/site-packages/airflow/example_dags/example_latest_only.py
[2022-06-20 11:00:43,533] {processor.py:641} INFO - Processing file /home/oury/.local/lib/python3.10/site-packages/airflow/example_dags/example_latest_only.py for tasks to queue
[2022-06-20 11:00:43,533] {logging_mixin.py:115} INFO - [2022-06-20 11:00:43,533] {dagbag.py:507} INFO - Filling up the DagBag from /home/oury/.local/lib/python3.10/site-packages/airflow/example_dags/example_latest_only.py
[2022-06-20 11:00:43,538] {processor.py:651} INFO - DAG(s) dict_keys(['latest_only']) retrieved from /home/oury/.local/lib/python3.10/site-packages/airflow/example_dags/example_latest_only.py
[2022-06-20 11:00:43,551] {logging_mixin.py:115} INFO - [2022-06-20 11:00:43,551] {dag.py:2379} INFO - Sync 1 DAGs
[2022-06-20 11:00:43,566] {logging_mixin.py:115} INFO - [2022-06-20 11:00:43,566] {dag.py:2923} INFO - Setting next_dagrun for latest_only to 2022-06-20T06:00:43.566515+00:00, run_after=2022-06-20T10:00:43.566515+00:00
[2022-06-20 11:00:43,577] {processor.py:161} INFO - Processing /home/oury/.local/lib/python3.10/site-packages/airflow/example_dags/example_latest_only.py took 0.048 seconds
[2022-06-20 11:01:17,704] {processor.py:153} INFO - Started process (PID=14698) to work on /home/oury/.local/lib/python3.10/site-packages/airflow/example_dags/example_latest_only.py
[2022-06-20 11:01:17,705] {processor.py:641} INFO - Processing file /home/oury/.local/lib/python3.10/site-packages/airflow/example_dags/example_latest_only.py for tasks to queue
[2022-06-20 11:01:17,705] {logging_mixin.py:115} INFO - [2022-06-20 11:01:17,705] {dagbag.py:507} INFO - Filling up the DagBag from /home/oury/.local/lib/python3.10/site-packages/airflow/example_dags/example_latest_only.py
[2022-06-20 11:01:17,710] {processor.py:651} INFO - DAG(s) dict_keys(['latest_only']) retrieved from /home/oury/.local/lib/python3.10/site-packages/airflow/example_dags/example_latest_only.py
[2022-06-20 11:01:17,723] {logging_mixin.py:115} INFO - [2022-06-20 11:01:17,723] {dag.py:2379} INFO - Sync 1 DAGs
[2022-06-20 11:01:17,738] {logging_mixin.py:115} INFO - [2022-06-20 11:01:17,737] {dag.py:2923} INFO - Setting next_dagrun for latest_only to 2022-06-20T06:01:17.737722+00:00, run_after=2022-06-20T10:01:17.737722+00:00
[2022-06-20 11:01:17,749] {processor.py:161} INFO - Processing /home/oury/.local/lib/python3.10/site-packages/airflow/example_dags/example_latest_only.py took 0.047 seconds
[2022-06-20 11:01:54,901] {processor.py:153} INFO - Started process (PID=14743) to work on /home/oury/.local/lib/python3.10/site-packages/airflow/example_dags/example_latest_only.py
[2022-06-20 11:01:54,902] {processor.py:641} INFO - Processing file /home/oury/.local/lib/python3.10/site-packages/airflow/example_dags/example_latest_only.py for tasks to queue
[2022-06-20 11:01:54,902] {logging_mixin.py:115} INFO - [2022-06-20 11:01:54,902] {dagbag.py:507} INFO - Filling up the DagBag from /home/oury/.local/lib/python3.10/site-packages/airflow/example_dags/example_latest_only.py
[2022-06-20 11:01:54,907] {processor.py:651} INFO - DAG(s) dict_keys(['latest_only']) retrieved from /home/oury/.local/lib/python3.10/site-packages/airflow/example_dags/example_latest_only.py
[2022-06-20 11:01:54,920] {logging_mixin.py:115} INFO - [2022-06-20 11:01:54,920] {dag.py:2379} INFO - Sync 1 DAGs
[2022-06-20 11:01:54,935] {logging_mixin.py:115} INFO - [2022-06-20 11:01:54,935] {dag.py:2923} INFO - Setting next_dagrun for latest_only to 2022-06-20T06:01:54.935086+00:00, run_after=2022-06-20T10:01:54.935086+00:00
[2022-06-20 11:01:54,946] {processor.py:161} INFO - Processing /home/oury/.local/lib/python3.10/site-packages/airflow/example_dags/example_latest_only.py took 0.047 seconds
[2022-06-20 11:02:29,880] {processor.py:153} INFO - Started process (PID=14786) to work on /home/oury/.local/lib/python3.10/site-packages/airflow/example_dags/example_latest_only.py
[2022-06-20 11:02:29,881] {processor.py:641} INFO - Processing file /home/oury/.local/lib/python3.10/site-packages/airflow/example_dags/example_latest_only.py for tasks to queue
[2022-06-20 11:02:29,881] {logging_mixin.py:115} INFO - [2022-06-20 11:02:29,881] {dagbag.py:507} INFO - Filling up the DagBag from /home/oury/.local/lib/python3.10/site-packages/airflow/example_dags/example_latest_only.py
[2022-06-20 11:02:29,885] {processor.py:651} INFO - DAG(s) dict_keys(['latest_only']) retrieved from /home/oury/.local/lib/python3.10/site-packages/airflow/example_dags/example_latest_only.py
[2022-06-20 11:02:29,898] {logging_mixin.py:115} INFO - [2022-06-20 11:02:29,898] {dag.py:2379} INFO - Sync 1 DAGs
[2022-06-20 11:02:29,913] {logging_mixin.py:115} INFO - [2022-06-20 11:02:29,913] {dag.py:2923} INFO - Setting next_dagrun for latest_only to 2022-06-20T06:02:29.913386+00:00, run_after=2022-06-20T10:02:29.913386+00:00
[2022-06-20 11:02:29,924] {processor.py:161} INFO - Processing /home/oury/.local/lib/python3.10/site-packages/airflow/example_dags/example_latest_only.py took 0.047 seconds
[2022-06-20 11:03:09,812] {processor.py:153} INFO - Started process (PID=14836) to work on /home/oury/.local/lib/python3.10/site-packages/airflow/example_dags/example_latest_only.py
[2022-06-20 11:03:09,812] {processor.py:641} INFO - Processing file /home/oury/.local/lib/python3.10/site-packages/airflow/example_dags/example_latest_only.py for tasks to queue
[2022-06-20 11:03:09,813] {logging_mixin.py:115} INFO - [2022-06-20 11:03:09,813] {dagbag.py:507} INFO - Filling up the DagBag from /home/oury/.local/lib/python3.10/site-packages/airflow/example_dags/example_latest_only.py
[2022-06-20 11:03:09,817] {processor.py:651} INFO - DAG(s) dict_keys(['latest_only']) retrieved from /home/oury/.local/lib/python3.10/site-packages/airflow/example_dags/example_latest_only.py
[2022-06-20 11:03:09,830] {logging_mixin.py:115} INFO - [2022-06-20 11:03:09,830] {dag.py:2379} INFO - Sync 1 DAGs
[2022-06-20 11:03:09,845] {logging_mixin.py:115} INFO - [2022-06-20 11:03:09,845] {dag.py:2923} INFO - Setting next_dagrun for latest_only to 2022-06-20T06:03:09.845325+00:00, run_after=2022-06-20T10:03:09.845325+00:00
[2022-06-20 11:03:09,856] {processor.py:161} INFO - Processing /home/oury/.local/lib/python3.10/site-packages/airflow/example_dags/example_latest_only.py took 0.046 seconds
[2022-06-20 11:03:45,429] {processor.py:153} INFO - Started process (PID=14878) to work on /home/oury/.local/lib/python3.10/site-packages/airflow/example_dags/example_latest_only.py
[2022-06-20 11:03:45,429] {processor.py:641} INFO - Processing file /home/oury/.local/lib/python3.10/site-packages/airflow/example_dags/example_latest_only.py for tasks to queue
[2022-06-20 11:03:45,430] {logging_mixin.py:115} INFO - [2022-06-20 11:03:45,430] {dagbag.py:507} INFO - Filling up the DagBag from /home/oury/.local/lib/python3.10/site-packages/airflow/example_dags/example_latest_only.py
[2022-06-20 11:03:45,434] {processor.py:651} INFO - DAG(s) dict_keys(['latest_only']) retrieved from /home/oury/.local/lib/python3.10/site-packages/airflow/example_dags/example_latest_only.py
[2022-06-20 11:03:45,447] {logging_mixin.py:115} INFO - [2022-06-20 11:03:45,447] {dag.py:2379} INFO - Sync 1 DAGs
[2022-06-20 11:03:45,463] {logging_mixin.py:115} INFO - [2022-06-20 11:03:45,463] {dag.py:2923} INFO - Setting next_dagrun for latest_only to 2022-06-20T06:03:45.462910+00:00, run_after=2022-06-20T10:03:45.462910+00:00
[2022-06-20 11:03:45,476] {processor.py:161} INFO - Processing /home/oury/.local/lib/python3.10/site-packages/airflow/example_dags/example_latest_only.py took 0.049 seconds
[2022-06-20 11:04:19,516] {processor.py:153} INFO - Started process (PID=15086) to work on /home/oury/.local/lib/python3.10/site-packages/airflow/example_dags/example_latest_only.py
[2022-06-20 11:04:19,517] {processor.py:641} INFO - Processing file /home/oury/.local/lib/python3.10/site-packages/airflow/example_dags/example_latest_only.py for tasks to queue
[2022-06-20 11:04:19,517] {logging_mixin.py:115} INFO - [2022-06-20 11:04:19,517] {dagbag.py:507} INFO - Filling up the DagBag from /home/oury/.local/lib/python3.10/site-packages/airflow/example_dags/example_latest_only.py
[2022-06-20 11:04:19,522] {processor.py:651} INFO - DAG(s) dict_keys(['latest_only']) retrieved from /home/oury/.local/lib/python3.10/site-packages/airflow/example_dags/example_latest_only.py
[2022-06-20 11:04:19,535] {logging_mixin.py:115} INFO - [2022-06-20 11:04:19,535] {dag.py:2379} INFO - Sync 1 DAGs
[2022-06-20 11:04:19,552] {logging_mixin.py:115} INFO - [2022-06-20 11:04:19,552] {dag.py:2923} INFO - Setting next_dagrun for latest_only to 2022-06-20T06:04:19.552187+00:00, run_after=2022-06-20T10:04:19.552187+00:00
[2022-06-20 11:04:19,565] {processor.py:161} INFO - Processing /home/oury/.local/lib/python3.10/site-packages/airflow/example_dags/example_latest_only.py took 0.052 seconds
[2022-06-20 11:04:54,187] {processor.py:153} INFO - Started process (PID=15188) to work on /home/oury/.local/lib/python3.10/site-packages/airflow/example_dags/example_latest_only.py
[2022-06-20 11:04:54,188] {processor.py:641} INFO - Processing file /home/oury/.local/lib/python3.10/site-packages/airflow/example_dags/example_latest_only.py for tasks to queue
[2022-06-20 11:04:54,189] {logging_mixin.py:115} INFO - [2022-06-20 11:04:54,189] {dagbag.py:507} INFO - Filling up the DagBag from /home/oury/.local/lib/python3.10/site-packages/airflow/example_dags/example_latest_only.py
[2022-06-20 11:04:54,196] {processor.py:651} INFO - DAG(s) dict_keys(['latest_only']) retrieved from /home/oury/.local/lib/python3.10/site-packages/airflow/example_dags/example_latest_only.py
[2022-06-20 11:04:54,217] {logging_mixin.py:115} INFO - [2022-06-20 11:04:54,217] {dag.py:2379} INFO - Sync 1 DAGs
[2022-06-20 11:04:54,245] {logging_mixin.py:115} INFO - [2022-06-20 11:04:54,245] {dag.py:2923} INFO - Setting next_dagrun for latest_only to 2022-06-20T06:04:54.245117+00:00, run_after=2022-06-20T10:04:54.245117+00:00
[2022-06-20 11:04:54,263] {processor.py:161} INFO - Processing /home/oury/.local/lib/python3.10/site-packages/airflow/example_dags/example_latest_only.py took 0.080 seconds
[2022-06-20 11:05:28,517] {processor.py:153} INFO - Started process (PID=15260) to work on /home/oury/.local/lib/python3.10/site-packages/airflow/example_dags/example_latest_only.py
[2022-06-20 11:05:28,517] {processor.py:641} INFO - Processing file /home/oury/.local/lib/python3.10/site-packages/airflow/example_dags/example_latest_only.py for tasks to queue
[2022-06-20 11:05:28,518] {logging_mixin.py:115} INFO - [2022-06-20 11:05:28,518] {dagbag.py:507} INFO - Filling up the DagBag from /home/oury/.local/lib/python3.10/site-packages/airflow/example_dags/example_latest_only.py
[2022-06-20 11:05:28,522] {processor.py:651} INFO - DAG(s) dict_keys(['latest_only']) retrieved from /home/oury/.local/lib/python3.10/site-packages/airflow/example_dags/example_latest_only.py
[2022-06-20 11:05:28,535] {logging_mixin.py:115} INFO - [2022-06-20 11:05:28,535] {dag.py:2379} INFO - Sync 1 DAGs
[2022-06-20 11:05:28,550] {logging_mixin.py:115} INFO - [2022-06-20 11:05:28,550] {dag.py:2923} INFO - Setting next_dagrun for latest_only to 2022-06-20T06:05:28.550201+00:00, run_after=2022-06-20T10:05:28.550201+00:00
[2022-06-20 11:05:28,561] {processor.py:161} INFO - Processing /home/oury/.local/lib/python3.10/site-packages/airflow/example_dags/example_latest_only.py took 0.047 seconds
[2022-06-20 11:06:08,770] {processor.py:153} INFO - Started process (PID=15314) to work on /home/oury/.local/lib/python3.10/site-packages/airflow/example_dags/example_latest_only.py
[2022-06-20 11:06:08,770] {processor.py:641} INFO - Processing file /home/oury/.local/lib/python3.10/site-packages/airflow/example_dags/example_latest_only.py for tasks to queue
[2022-06-20 11:06:08,771] {logging_mixin.py:115} INFO - [2022-06-20 11:06:08,771] {dagbag.py:507} INFO - Filling up the DagBag from /home/oury/.local/lib/python3.10/site-packages/airflow/example_dags/example_latest_only.py
[2022-06-20 11:06:08,776] {processor.py:651} INFO - DAG(s) dict_keys(['latest_only']) retrieved from /home/oury/.local/lib/python3.10/site-packages/airflow/example_dags/example_latest_only.py
[2022-06-20 11:06:08,793] {logging_mixin.py:115} INFO - [2022-06-20 11:06:08,793] {dag.py:2379} INFO - Sync 1 DAGs
[2022-06-20 11:06:08,813] {logging_mixin.py:115} INFO - [2022-06-20 11:06:08,813] {dag.py:2923} INFO - Setting next_dagrun for latest_only to 2022-06-20T06:06:08.813589+00:00, run_after=2022-06-20T10:06:08.813589+00:00
[2022-06-20 11:06:08,825] {processor.py:161} INFO - Processing /home/oury/.local/lib/python3.10/site-packages/airflow/example_dags/example_latest_only.py took 0.057 seconds
[2022-06-20 11:06:42,196] {processor.py:153} INFO - Started process (PID=15368) to work on /home/oury/.local/lib/python3.10/site-packages/airflow/example_dags/example_latest_only.py
[2022-06-20 11:06:42,197] {processor.py:641} INFO - Processing file /home/oury/.local/lib/python3.10/site-packages/airflow/example_dags/example_latest_only.py for tasks to queue
[2022-06-20 11:06:42,197] {logging_mixin.py:115} INFO - [2022-06-20 11:06:42,197] {dagbag.py:507} INFO - Filling up the DagBag from /home/oury/.local/lib/python3.10/site-packages/airflow/example_dags/example_latest_only.py
[2022-06-20 11:06:42,202] {processor.py:651} INFO - DAG(s) dict_keys(['latest_only']) retrieved from /home/oury/.local/lib/python3.10/site-packages/airflow/example_dags/example_latest_only.py
[2022-06-20 11:06:42,215] {logging_mixin.py:115} INFO - [2022-06-20 11:06:42,215] {dag.py:2379} INFO - Sync 1 DAGs
[2022-06-20 11:06:42,230] {logging_mixin.py:115} INFO - [2022-06-20 11:06:42,229] {dag.py:2923} INFO - Setting next_dagrun for latest_only to 2022-06-20T06:06:42.229728+00:00, run_after=2022-06-20T10:06:42.229728+00:00
[2022-06-20 11:06:42,240] {processor.py:161} INFO - Processing /home/oury/.local/lib/python3.10/site-packages/airflow/example_dags/example_latest_only.py took 0.046 seconds
[2022-06-20 11:07:16,604] {processor.py:153} INFO - Started process (PID=15412) to work on /home/oury/.local/lib/python3.10/site-packages/airflow/example_dags/example_latest_only.py
[2022-06-20 11:07:16,605] {processor.py:641} INFO - Processing file /home/oury/.local/lib/python3.10/site-packages/airflow/example_dags/example_latest_only.py for tasks to queue
[2022-06-20 11:07:16,605] {logging_mixin.py:115} INFO - [2022-06-20 11:07:16,605] {dagbag.py:507} INFO - Filling up the DagBag from /home/oury/.local/lib/python3.10/site-packages/airflow/example_dags/example_latest_only.py
[2022-06-20 11:07:16,610] {processor.py:651} INFO - DAG(s) dict_keys(['latest_only']) retrieved from /home/oury/.local/lib/python3.10/site-packages/airflow/example_dags/example_latest_only.py
[2022-06-20 11:07:16,624] {logging_mixin.py:115} INFO - [2022-06-20 11:07:16,623] {dag.py:2379} INFO - Sync 1 DAGs
[2022-06-20 11:07:16,639] {logging_mixin.py:115} INFO - [2022-06-20 11:07:16,638] {dag.py:2923} INFO - Setting next_dagrun for latest_only to 2022-06-20T06:07:16.638773+00:00, run_after=2022-06-20T10:07:16.638773+00:00
[2022-06-20 11:07:16,649] {processor.py:161} INFO - Processing /home/oury/.local/lib/python3.10/site-packages/airflow/example_dags/example_latest_only.py took 0.048 seconds
[2022-06-20 11:07:51,856] {processor.py:153} INFO - Started process (PID=15506) to work on /home/oury/.local/lib/python3.10/site-packages/airflow/example_dags/example_latest_only.py
[2022-06-20 11:07:51,858] {processor.py:641} INFO - Processing file /home/oury/.local/lib/python3.10/site-packages/airflow/example_dags/example_latest_only.py for tasks to queue
[2022-06-20 11:07:51,859] {logging_mixin.py:115} INFO - [2022-06-20 11:07:51,859] {dagbag.py:507} INFO - Filling up the DagBag from /home/oury/.local/lib/python3.10/site-packages/airflow/example_dags/example_latest_only.py
[2022-06-20 11:07:51,867] {processor.py:651} INFO - DAG(s) dict_keys(['latest_only']) retrieved from /home/oury/.local/lib/python3.10/site-packages/airflow/example_dags/example_latest_only.py
[2022-06-20 11:07:51,893] {logging_mixin.py:115} INFO - [2022-06-20 11:07:51,892] {dag.py:2379} INFO - Sync 1 DAGs
[2022-06-20 11:07:51,922] {logging_mixin.py:115} INFO - [2022-06-20 11:07:51,922] {dag.py:2923} INFO - Setting next_dagrun for latest_only to 2022-06-20T06:07:51.922066+00:00, run_after=2022-06-20T10:07:51.922066+00:00
[2022-06-20 11:07:51,945] {processor.py:161} INFO - Processing /home/oury/.local/lib/python3.10/site-packages/airflow/example_dags/example_latest_only.py took 0.094 seconds
[2022-06-20 11:08:30,780] {processor.py:153} INFO - Started process (PID=15643) to work on /home/oury/.local/lib/python3.10/site-packages/airflow/example_dags/example_latest_only.py
[2022-06-20 11:08:30,780] {processor.py:641} INFO - Processing file /home/oury/.local/lib/python3.10/site-packages/airflow/example_dags/example_latest_only.py for tasks to queue
[2022-06-20 11:08:30,781] {logging_mixin.py:115} INFO - [2022-06-20 11:08:30,781] {dagbag.py:507} INFO - Filling up the DagBag from /home/oury/.local/lib/python3.10/site-packages/airflow/example_dags/example_latest_only.py
[2022-06-20 11:08:30,786] {processor.py:651} INFO - DAG(s) dict_keys(['latest_only']) retrieved from /home/oury/.local/lib/python3.10/site-packages/airflow/example_dags/example_latest_only.py
[2022-06-20 11:08:30,798] {logging_mixin.py:115} INFO - [2022-06-20 11:08:30,798] {dag.py:2379} INFO - Sync 1 DAGs
[2022-06-20 11:08:30,814] {logging_mixin.py:115} INFO - [2022-06-20 11:08:30,813] {dag.py:2923} INFO - Setting next_dagrun for latest_only to 2022-06-20T06:08:30.813613+00:00, run_after=2022-06-20T10:08:30.813613+00:00
[2022-06-20 11:08:30,825] {processor.py:161} INFO - Processing /home/oury/.local/lib/python3.10/site-packages/airflow/example_dags/example_latest_only.py took 0.048 seconds
[2022-06-20 11:09:10,903] {processor.py:153} INFO - Started process (PID=15746) to work on /home/oury/.local/lib/python3.10/site-packages/airflow/example_dags/example_latest_only.py
[2022-06-20 11:09:10,904] {processor.py:641} INFO - Processing file /home/oury/.local/lib/python3.10/site-packages/airflow/example_dags/example_latest_only.py for tasks to queue
[2022-06-20 11:09:10,904] {logging_mixin.py:115} INFO - [2022-06-20 11:09:10,904] {dagbag.py:507} INFO - Filling up the DagBag from /home/oury/.local/lib/python3.10/site-packages/airflow/example_dags/example_latest_only.py
[2022-06-20 11:09:10,915] {processor.py:651} INFO - DAG(s) dict_keys(['latest_only']) retrieved from /home/oury/.local/lib/python3.10/site-packages/airflow/example_dags/example_latest_only.py
[2022-06-20 11:09:10,935] {logging_mixin.py:115} INFO - [2022-06-20 11:09:10,935] {dag.py:2379} INFO - Sync 1 DAGs
[2022-06-20 11:09:10,960] {logging_mixin.py:115} INFO - [2022-06-20 11:09:10,959] {dag.py:2923} INFO - Setting next_dagrun for latest_only to 2022-06-20T06:09:10.959044+00:00, run_after=2022-06-20T10:09:10.959044+00:00
[2022-06-20 11:09:10,980] {processor.py:161} INFO - Processing /home/oury/.local/lib/python3.10/site-packages/airflow/example_dags/example_latest_only.py took 0.079 seconds
[2022-06-20 11:09:48,630] {processor.py:153} INFO - Started process (PID=15959) to work on /home/oury/.local/lib/python3.10/site-packages/airflow/example_dags/example_latest_only.py
[2022-06-20 11:09:48,639] {processor.py:641} INFO - Processing file /home/oury/.local/lib/python3.10/site-packages/airflow/example_dags/example_latest_only.py for tasks to queue
[2022-06-20 11:09:48,640] {logging_mixin.py:115} INFO - [2022-06-20 11:09:48,640] {dagbag.py:507} INFO - Filling up the DagBag from /home/oury/.local/lib/python3.10/site-packages/airflow/example_dags/example_latest_only.py
[2022-06-20 11:09:48,647] {processor.py:651} INFO - DAG(s) dict_keys(['latest_only']) retrieved from /home/oury/.local/lib/python3.10/site-packages/airflow/example_dags/example_latest_only.py
[2022-06-20 11:09:48,667] {logging_mixin.py:115} INFO - [2022-06-20 11:09:48,667] {dag.py:2379} INFO - Sync 1 DAGs
[2022-06-20 11:09:48,692] {logging_mixin.py:115} INFO - [2022-06-20 11:09:48,692] {dag.py:2923} INFO - Setting next_dagrun for latest_only to 2022-06-20T06:09:48.691834+00:00, run_after=2022-06-20T10:09:48.691834+00:00
[2022-06-20 11:09:48,705] {processor.py:161} INFO - Processing /home/oury/.local/lib/python3.10/site-packages/airflow/example_dags/example_latest_only.py took 0.080 seconds
[2022-06-20 11:10:26,389] {processor.py:153} INFO - Started process (PID=16055) to work on /home/oury/.local/lib/python3.10/site-packages/airflow/example_dags/example_latest_only.py
[2022-06-20 11:10:26,389] {processor.py:641} INFO - Processing file /home/oury/.local/lib/python3.10/site-packages/airflow/example_dags/example_latest_only.py for tasks to queue
[2022-06-20 11:10:26,390] {logging_mixin.py:115} INFO - [2022-06-20 11:10:26,390] {dagbag.py:507} INFO - Filling up the DagBag from /home/oury/.local/lib/python3.10/site-packages/airflow/example_dags/example_latest_only.py
[2022-06-20 11:10:26,394] {processor.py:651} INFO - DAG(s) dict_keys(['latest_only']) retrieved from /home/oury/.local/lib/python3.10/site-packages/airflow/example_dags/example_latest_only.py
[2022-06-20 11:10:26,407] {logging_mixin.py:115} INFO - [2022-06-20 11:10:26,407] {dag.py:2379} INFO - Sync 1 DAGs
[2022-06-20 11:10:26,422] {logging_mixin.py:115} INFO - [2022-06-20 11:10:26,422] {dag.py:2923} INFO - Setting next_dagrun for latest_only to 2022-06-20T06:10:26.421854+00:00, run_after=2022-06-20T10:10:26.421854+00:00
[2022-06-20 11:10:26,433] {processor.py:161} INFO - Processing /home/oury/.local/lib/python3.10/site-packages/airflow/example_dags/example_latest_only.py took 0.046 seconds
[2022-06-20 11:11:00,377] {processor.py:153} INFO - Started process (PID=16265) to work on /home/oury/.local/lib/python3.10/site-packages/airflow/example_dags/example_latest_only.py
[2022-06-20 11:11:00,377] {processor.py:641} INFO - Processing file /home/oury/.local/lib/python3.10/site-packages/airflow/example_dags/example_latest_only.py for tasks to queue
[2022-06-20 11:11:00,377] {logging_mixin.py:115} INFO - [2022-06-20 11:11:00,377] {dagbag.py:507} INFO - Filling up the DagBag from /home/oury/.local/lib/python3.10/site-packages/airflow/example_dags/example_latest_only.py
[2022-06-20 11:11:00,382] {processor.py:651} INFO - DAG(s) dict_keys(['latest_only']) retrieved from /home/oury/.local/lib/python3.10/site-packages/airflow/example_dags/example_latest_only.py
[2022-06-20 11:11:00,395] {logging_mixin.py:115} INFO - [2022-06-20 11:11:00,394] {dag.py:2379} INFO - Sync 1 DAGs
[2022-06-20 11:11:00,410] {logging_mixin.py:115} INFO - [2022-06-20 11:11:00,410] {dag.py:2923} INFO - Setting next_dagrun for latest_only to 2022-06-20T06:11:00.409956+00:00, run_after=2022-06-20T10:11:00.409956+00:00
[2022-06-20 11:11:00,421] {processor.py:161} INFO - Processing /home/oury/.local/lib/python3.10/site-packages/airflow/example_dags/example_latest_only.py took 0.047 seconds
[2022-06-20 11:11:36,580] {processor.py:153} INFO - Started process (PID=16385) to work on /home/oury/.local/lib/python3.10/site-packages/airflow/example_dags/example_latest_only.py
[2022-06-20 11:11:36,582] {processor.py:641} INFO - Processing file /home/oury/.local/lib/python3.10/site-packages/airflow/example_dags/example_latest_only.py for tasks to queue
[2022-06-20 11:11:36,583] {logging_mixin.py:115} INFO - [2022-06-20 11:11:36,582] {dagbag.py:507} INFO - Filling up the DagBag from /home/oury/.local/lib/python3.10/site-packages/airflow/example_dags/example_latest_only.py
[2022-06-20 11:11:36,594] {processor.py:651} INFO - DAG(s) dict_keys(['latest_only']) retrieved from /home/oury/.local/lib/python3.10/site-packages/airflow/example_dags/example_latest_only.py
[2022-06-20 11:11:36,616] {logging_mixin.py:115} INFO - [2022-06-20 11:11:36,615] {dag.py:2379} INFO - Sync 1 DAGs
[2022-06-20 11:11:36,645] {logging_mixin.py:115} INFO - [2022-06-20 11:11:36,645] {dag.py:2923} INFO - Setting next_dagrun for latest_only to 2022-06-20T06:11:36.645164+00:00, run_after=2022-06-20T10:11:36.645164+00:00
[2022-06-20 11:11:36,668] {processor.py:161} INFO - Processing /home/oury/.local/lib/python3.10/site-packages/airflow/example_dags/example_latest_only.py took 0.093 seconds
[2022-06-20 11:12:17,215] {processor.py:153} INFO - Started process (PID=16459) to work on /home/oury/.local/lib/python3.10/site-packages/airflow/example_dags/example_latest_only.py
[2022-06-20 11:12:17,216] {processor.py:641} INFO - Processing file /home/oury/.local/lib/python3.10/site-packages/airflow/example_dags/example_latest_only.py for tasks to queue
[2022-06-20 11:12:17,216] {logging_mixin.py:115} INFO - [2022-06-20 11:12:17,216] {dagbag.py:507} INFO - Filling up the DagBag from /home/oury/.local/lib/python3.10/site-packages/airflow/example_dags/example_latest_only.py
[2022-06-20 11:12:17,221] {processor.py:651} INFO - DAG(s) dict_keys(['latest_only']) retrieved from /home/oury/.local/lib/python3.10/site-packages/airflow/example_dags/example_latest_only.py
[2022-06-20 11:12:17,234] {logging_mixin.py:115} INFO - [2022-06-20 11:12:17,234] {dag.py:2379} INFO - Sync 1 DAGs
[2022-06-20 11:12:17,248] {logging_mixin.py:115} INFO - [2022-06-20 11:12:17,248] {dag.py:2923} INFO - Setting next_dagrun for latest_only to 2022-06-20T06:12:17.248588+00:00, run_after=2022-06-20T10:12:17.248588+00:00
[2022-06-20 11:12:17,259] {processor.py:161} INFO - Processing /home/oury/.local/lib/python3.10/site-packages/airflow/example_dags/example_latest_only.py took 0.046 seconds
[2022-06-20 11:12:52,056] {processor.py:153} INFO - Started process (PID=16507) to work on /home/oury/.local/lib/python3.10/site-packages/airflow/example_dags/example_latest_only.py
[2022-06-20 11:12:52,057] {processor.py:641} INFO - Processing file /home/oury/.local/lib/python3.10/site-packages/airflow/example_dags/example_latest_only.py for tasks to queue
[2022-06-20 11:12:52,058] {logging_mixin.py:115} INFO - [2022-06-20 11:12:52,057] {dagbag.py:507} INFO - Filling up the DagBag from /home/oury/.local/lib/python3.10/site-packages/airflow/example_dags/example_latest_only.py
[2022-06-20 11:12:52,062] {processor.py:651} INFO - DAG(s) dict_keys(['latest_only']) retrieved from /home/oury/.local/lib/python3.10/site-packages/airflow/example_dags/example_latest_only.py
[2022-06-20 11:12:52,075] {logging_mixin.py:115} INFO - [2022-06-20 11:12:52,075] {dag.py:2379} INFO - Sync 1 DAGs
[2022-06-20 11:12:52,090] {logging_mixin.py:115} INFO - [2022-06-20 11:12:52,090] {dag.py:2923} INFO - Setting next_dagrun for latest_only to 2022-06-20T06:12:52.089847+00:00, run_after=2022-06-20T10:12:52.089847+00:00
[2022-06-20 11:12:52,101] {processor.py:161} INFO - Processing /home/oury/.local/lib/python3.10/site-packages/airflow/example_dags/example_latest_only.py took 0.047 seconds
[2022-06-20 11:13:27,832] {processor.py:153} INFO - Started process (PID=16574) to work on /home/oury/.local/lib/python3.10/site-packages/airflow/example_dags/example_latest_only.py
[2022-06-20 11:13:27,833] {processor.py:641} INFO - Processing file /home/oury/.local/lib/python3.10/site-packages/airflow/example_dags/example_latest_only.py for tasks to queue
[2022-06-20 11:13:27,833] {logging_mixin.py:115} INFO - [2022-06-20 11:13:27,833] {dagbag.py:507} INFO - Filling up the DagBag from /home/oury/.local/lib/python3.10/site-packages/airflow/example_dags/example_latest_only.py
[2022-06-20 11:13:27,837] {processor.py:651} INFO - DAG(s) dict_keys(['latest_only']) retrieved from /home/oury/.local/lib/python3.10/site-packages/airflow/example_dags/example_latest_only.py
[2022-06-20 11:13:27,850] {logging_mixin.py:115} INFO - [2022-06-20 11:13:27,850] {dag.py:2379} INFO - Sync 1 DAGs
[2022-06-20 11:13:27,865] {logging_mixin.py:115} INFO - [2022-06-20 11:13:27,865] {dag.py:2923} INFO - Setting next_dagrun for latest_only to 2022-06-20T06:13:27.865133+00:00, run_after=2022-06-20T10:13:27.865133+00:00
[2022-06-20 11:13:27,876] {processor.py:161} INFO - Processing /home/oury/.local/lib/python3.10/site-packages/airflow/example_dags/example_latest_only.py took 0.047 seconds
[2022-06-20 11:14:03,638] {processor.py:153} INFO - Started process (PID=16643) to work on /home/oury/.local/lib/python3.10/site-packages/airflow/example_dags/example_latest_only.py
[2022-06-20 11:14:03,639] {processor.py:641} INFO - Processing file /home/oury/.local/lib/python3.10/site-packages/airflow/example_dags/example_latest_only.py for tasks to queue
[2022-06-20 11:14:03,639] {logging_mixin.py:115} INFO - [2022-06-20 11:14:03,639] {dagbag.py:507} INFO - Filling up the DagBag from /home/oury/.local/lib/python3.10/site-packages/airflow/example_dags/example_latest_only.py
[2022-06-20 11:14:03,644] {processor.py:651} INFO - DAG(s) dict_keys(['latest_only']) retrieved from /home/oury/.local/lib/python3.10/site-packages/airflow/example_dags/example_latest_only.py
[2022-06-20 11:14:03,659] {logging_mixin.py:115} INFO - [2022-06-20 11:14:03,659] {dag.py:2379} INFO - Sync 1 DAGs
[2022-06-20 11:14:03,680] {logging_mixin.py:115} INFO - [2022-06-20 11:14:03,680] {dag.py:2923} INFO - Setting next_dagrun for latest_only to 2022-06-20T06:14:03.679844+00:00, run_after=2022-06-20T10:14:03.679844+00:00
[2022-06-20 11:14:03,694] {processor.py:161} INFO - Processing /home/oury/.local/lib/python3.10/site-packages/airflow/example_dags/example_latest_only.py took 0.058 seconds
[2022-06-20 11:14:39,977] {processor.py:153} INFO - Started process (PID=16694) to work on /home/oury/.local/lib/python3.10/site-packages/airflow/example_dags/example_latest_only.py
[2022-06-20 11:14:39,978] {processor.py:641} INFO - Processing file /home/oury/.local/lib/python3.10/site-packages/airflow/example_dags/example_latest_only.py for tasks to queue
[2022-06-20 11:14:39,978] {logging_mixin.py:115} INFO - [2022-06-20 11:14:39,978] {dagbag.py:507} INFO - Filling up the DagBag from /home/oury/.local/lib/python3.10/site-packages/airflow/example_dags/example_latest_only.py
[2022-06-20 11:14:39,983] {processor.py:651} INFO - DAG(s) dict_keys(['latest_only']) retrieved from /home/oury/.local/lib/python3.10/site-packages/airflow/example_dags/example_latest_only.py
[2022-06-20 11:14:39,997] {logging_mixin.py:115} INFO - [2022-06-20 11:14:39,996] {dag.py:2379} INFO - Sync 1 DAGs
[2022-06-20 11:14:40,013] {logging_mixin.py:115} INFO - [2022-06-20 11:14:40,013] {dag.py:2923} INFO - Setting next_dagrun for latest_only to 2022-06-20T06:14:40.012788+00:00, run_after=2022-06-20T10:14:40.012788+00:00
[2022-06-20 11:14:40,023] {processor.py:161} INFO - Processing /home/oury/.local/lib/python3.10/site-packages/airflow/example_dags/example_latest_only.py took 0.048 seconds
[2022-06-20 11:15:16,818] {processor.py:153} INFO - Started process (PID=16744) to work on /home/oury/.local/lib/python3.10/site-packages/airflow/example_dags/example_latest_only.py
[2022-06-20 11:15:16,819] {processor.py:641} INFO - Processing file /home/oury/.local/lib/python3.10/site-packages/airflow/example_dags/example_latest_only.py for tasks to queue
[2022-06-20 11:15:16,820] {logging_mixin.py:115} INFO - [2022-06-20 11:15:16,819] {dagbag.py:507} INFO - Filling up the DagBag from /home/oury/.local/lib/python3.10/site-packages/airflow/example_dags/example_latest_only.py
[2022-06-20 11:15:16,827] {processor.py:651} INFO - DAG(s) dict_keys(['latest_only']) retrieved from /home/oury/.local/lib/python3.10/site-packages/airflow/example_dags/example_latest_only.py
[2022-06-20 11:15:16,844] {logging_mixin.py:115} INFO - [2022-06-20 11:15:16,844] {dag.py:2379} INFO - Sync 1 DAGs
[2022-06-20 11:15:16,861] {logging_mixin.py:115} INFO - [2022-06-20 11:15:16,861] {dag.py:2923} INFO - Setting next_dagrun for latest_only to 2022-06-20T06:15:16.861038+00:00, run_after=2022-06-20T10:15:16.861038+00:00
[2022-06-20 11:15:16,874] {processor.py:161} INFO - Processing /home/oury/.local/lib/python3.10/site-packages/airflow/example_dags/example_latest_only.py took 0.059 seconds
[2022-06-20 11:15:51,208] {processor.py:153} INFO - Started process (PID=16792) to work on /home/oury/.local/lib/python3.10/site-packages/airflow/example_dags/example_latest_only.py
[2022-06-20 11:15:51,209] {processor.py:641} INFO - Processing file /home/oury/.local/lib/python3.10/site-packages/airflow/example_dags/example_latest_only.py for tasks to queue
[2022-06-20 11:15:51,209] {logging_mixin.py:115} INFO - [2022-06-20 11:15:51,209] {dagbag.py:507} INFO - Filling up the DagBag from /home/oury/.local/lib/python3.10/site-packages/airflow/example_dags/example_latest_only.py
[2022-06-20 11:15:51,214] {processor.py:651} INFO - DAG(s) dict_keys(['latest_only']) retrieved from /home/oury/.local/lib/python3.10/site-packages/airflow/example_dags/example_latest_only.py
[2022-06-20 11:15:51,228] {logging_mixin.py:115} INFO - [2022-06-20 11:15:51,228] {dag.py:2379} INFO - Sync 1 DAGs
[2022-06-20 11:15:51,246] {logging_mixin.py:115} INFO - [2022-06-20 11:15:51,246] {dag.py:2923} INFO - Setting next_dagrun for latest_only to 2022-06-20T06:15:51.245977+00:00, run_after=2022-06-20T10:15:51.245977+00:00
[2022-06-20 11:15:51,259] {processor.py:161} INFO - Processing /home/oury/.local/lib/python3.10/site-packages/airflow/example_dags/example_latest_only.py took 0.054 seconds
[2022-06-20 11:16:24,800] {processor.py:153} INFO - Started process (PID=16845) to work on /home/oury/.local/lib/python3.10/site-packages/airflow/example_dags/example_latest_only.py
[2022-06-20 11:16:24,801] {processor.py:641} INFO - Processing file /home/oury/.local/lib/python3.10/site-packages/airflow/example_dags/example_latest_only.py for tasks to queue
[2022-06-20 11:16:24,801] {logging_mixin.py:115} INFO - [2022-06-20 11:16:24,801] {dagbag.py:507} INFO - Filling up the DagBag from /home/oury/.local/lib/python3.10/site-packages/airflow/example_dags/example_latest_only.py
[2022-06-20 11:16:24,805] {processor.py:651} INFO - DAG(s) dict_keys(['latest_only']) retrieved from /home/oury/.local/lib/python3.10/site-packages/airflow/example_dags/example_latest_only.py
[2022-06-20 11:16:24,820] {logging_mixin.py:115} INFO - [2022-06-20 11:16:24,820] {dag.py:2379} INFO - Sync 1 DAGs
[2022-06-20 11:16:24,836] {logging_mixin.py:115} INFO - [2022-06-20 11:16:24,836] {dag.py:2923} INFO - Setting next_dagrun for latest_only to 2022-06-20T06:16:24.835939+00:00, run_after=2022-06-20T10:16:24.835939+00:00
[2022-06-20 11:16:24,848] {processor.py:161} INFO - Processing /home/oury/.local/lib/python3.10/site-packages/airflow/example_dags/example_latest_only.py took 0.050 seconds
[2022-06-20 11:16:57,912] {processor.py:153} INFO - Started process (PID=16889) to work on /home/oury/.local/lib/python3.10/site-packages/airflow/example_dags/example_latest_only.py
[2022-06-20 11:16:57,913] {processor.py:641} INFO - Processing file /home/oury/.local/lib/python3.10/site-packages/airflow/example_dags/example_latest_only.py for tasks to queue
[2022-06-20 11:16:57,913] {logging_mixin.py:115} INFO - [2022-06-20 11:16:57,913] {dagbag.py:507} INFO - Filling up the DagBag from /home/oury/.local/lib/python3.10/site-packages/airflow/example_dags/example_latest_only.py
[2022-06-20 11:16:57,919] {processor.py:651} INFO - DAG(s) dict_keys(['latest_only']) retrieved from /home/oury/.local/lib/python3.10/site-packages/airflow/example_dags/example_latest_only.py
[2022-06-20 11:16:57,933] {logging_mixin.py:115} INFO - [2022-06-20 11:16:57,933] {dag.py:2379} INFO - Sync 1 DAGs
[2022-06-20 11:16:57,951] {logging_mixin.py:115} INFO - [2022-06-20 11:16:57,951] {dag.py:2923} INFO - Setting next_dagrun for latest_only to 2022-06-20T06:16:57.950847+00:00, run_after=2022-06-20T10:16:57.950847+00:00
[2022-06-20 11:16:57,962] {processor.py:161} INFO - Processing /home/oury/.local/lib/python3.10/site-packages/airflow/example_dags/example_latest_only.py took 0.052 seconds
[2022-06-20 11:17:31,912] {processor.py:153} INFO - Started process (PID=16937) to work on /home/oury/.local/lib/python3.10/site-packages/airflow/example_dags/example_latest_only.py
[2022-06-20 11:17:31,912] {processor.py:641} INFO - Processing file /home/oury/.local/lib/python3.10/site-packages/airflow/example_dags/example_latest_only.py for tasks to queue
[2022-06-20 11:17:31,913] {logging_mixin.py:115} INFO - [2022-06-20 11:17:31,913] {dagbag.py:507} INFO - Filling up the DagBag from /home/oury/.local/lib/python3.10/site-packages/airflow/example_dags/example_latest_only.py
[2022-06-20 11:17:31,919] {processor.py:651} INFO - DAG(s) dict_keys(['latest_only']) retrieved from /home/oury/.local/lib/python3.10/site-packages/airflow/example_dags/example_latest_only.py
[2022-06-20 11:17:31,933] {logging_mixin.py:115} INFO - [2022-06-20 11:17:31,933] {dag.py:2379} INFO - Sync 1 DAGs
[2022-06-20 11:17:31,954] {logging_mixin.py:115} INFO - [2022-06-20 11:17:31,954] {dag.py:2923} INFO - Setting next_dagrun for latest_only to 2022-06-20T06:17:31.953873+00:00, run_after=2022-06-20T10:17:31.953873+00:00
[2022-06-20 11:17:31,965] {processor.py:161} INFO - Processing /home/oury/.local/lib/python3.10/site-packages/airflow/example_dags/example_latest_only.py took 0.056 seconds
[2022-06-20 11:18:12,764] {processor.py:153} INFO - Started process (PID=16988) to work on /home/oury/.local/lib/python3.10/site-packages/airflow/example_dags/example_latest_only.py
[2022-06-20 11:18:12,765] {processor.py:641} INFO - Processing file /home/oury/.local/lib/python3.10/site-packages/airflow/example_dags/example_latest_only.py for tasks to queue
[2022-06-20 11:18:12,766] {logging_mixin.py:115} INFO - [2022-06-20 11:18:12,766] {dagbag.py:507} INFO - Filling up the DagBag from /home/oury/.local/lib/python3.10/site-packages/airflow/example_dags/example_latest_only.py
[2022-06-20 11:18:12,771] {processor.py:651} INFO - DAG(s) dict_keys(['latest_only']) retrieved from /home/oury/.local/lib/python3.10/site-packages/airflow/example_dags/example_latest_only.py
[2022-06-20 11:18:12,786] {logging_mixin.py:115} INFO - [2022-06-20 11:18:12,786] {dag.py:2379} INFO - Sync 1 DAGs
[2022-06-20 11:18:12,802] {logging_mixin.py:115} INFO - [2022-06-20 11:18:12,802] {dag.py:2923} INFO - Setting next_dagrun for latest_only to 2022-06-20T06:18:12.802531+00:00, run_after=2022-06-20T10:18:12.802531+00:00
[2022-06-20 11:18:12,814] {processor.py:161} INFO - Processing /home/oury/.local/lib/python3.10/site-packages/airflow/example_dags/example_latest_only.py took 0.052 seconds
