[2022-06-20 10:57:45,594] {processor.py:153} INFO - Started process (PID=14124) to work on /home/oury/.local/lib/python3.10/site-packages/airflow/example_dags/example_branch_python_dop_operator_3.py
[2022-06-20 10:57:45,595] {processor.py:641} INFO - Processing file /home/oury/.local/lib/python3.10/site-packages/airflow/example_dags/example_branch_python_dop_operator_3.py for tasks to queue
[2022-06-20 10:57:45,595] {logging_mixin.py:115} INFO - [2022-06-20 10:57:45,595] {dagbag.py:507} INFO - Filling up the DagBag from /home/oury/.local/lib/python3.10/site-packages/airflow/example_dags/example_branch_python_dop_operator_3.py
[2022-06-20 10:57:45,603] {processor.py:651} INFO - DAG(s) dict_keys(['example_branch_dop_operator_v3']) retrieved from /home/oury/.local/lib/python3.10/site-packages/airflow/example_dags/example_branch_python_dop_operator_3.py
[2022-06-20 10:57:45,616] {logging_mixin.py:115} INFO - [2022-06-20 10:57:45,616] {dag.py:2379} INFO - Sync 1 DAGs
[2022-06-20 10:57:45,635] {logging_mixin.py:115} INFO - [2022-06-20 10:57:45,635] {dag.py:2923} INFO - Setting next_dagrun for example_branch_dop_operator_v3 to 2022-06-20T09:56:00+00:00, run_after=2022-06-20T09:57:00+00:00
[2022-06-20 10:57:45,646] {processor.py:161} INFO - Processing /home/oury/.local/lib/python3.10/site-packages/airflow/example_dags/example_branch_python_dop_operator_3.py took 0.054 seconds
[2022-06-20 10:58:19,399] {processor.py:153} INFO - Started process (PID=14316) to work on /home/oury/.local/lib/python3.10/site-packages/airflow/example_dags/example_branch_python_dop_operator_3.py
[2022-06-20 10:58:19,400] {processor.py:641} INFO - Processing file /home/oury/.local/lib/python3.10/site-packages/airflow/example_dags/example_branch_python_dop_operator_3.py for tasks to queue
[2022-06-20 10:58:19,400] {logging_mixin.py:115} INFO - [2022-06-20 10:58:19,400] {dagbag.py:507} INFO - Filling up the DagBag from /home/oury/.local/lib/python3.10/site-packages/airflow/example_dags/example_branch_python_dop_operator_3.py
[2022-06-20 10:58:19,411] {processor.py:651} INFO - DAG(s) dict_keys(['example_branch_dop_operator_v3']) retrieved from /home/oury/.local/lib/python3.10/site-packages/airflow/example_dags/example_branch_python_dop_operator_3.py
[2022-06-20 10:58:19,424] {logging_mixin.py:115} INFO - [2022-06-20 10:58:19,424] {dag.py:2379} INFO - Sync 1 DAGs
[2022-06-20 10:58:19,448] {logging_mixin.py:115} INFO - [2022-06-20 10:58:19,448] {dag.py:2923} INFO - Setting next_dagrun for example_branch_dop_operator_v3 to 2022-06-20T09:57:00+00:00, run_after=2022-06-20T09:58:00+00:00
[2022-06-20 10:58:19,461] {processor.py:161} INFO - Processing /home/oury/.local/lib/python3.10/site-packages/airflow/example_dags/example_branch_python_dop_operator_3.py took 0.064 seconds
[2022-06-20 10:58:54,840] {processor.py:153} INFO - Started process (PID=14425) to work on /home/oury/.local/lib/python3.10/site-packages/airflow/example_dags/example_branch_python_dop_operator_3.py
[2022-06-20 10:58:54,841] {processor.py:641} INFO - Processing file /home/oury/.local/lib/python3.10/site-packages/airflow/example_dags/example_branch_python_dop_operator_3.py for tasks to queue
[2022-06-20 10:58:54,841] {logging_mixin.py:115} INFO - [2022-06-20 10:58:54,841] {dagbag.py:507} INFO - Filling up the DagBag from /home/oury/.local/lib/python3.10/site-packages/airflow/example_dags/example_branch_python_dop_operator_3.py
[2022-06-20 10:58:54,851] {processor.py:651} INFO - DAG(s) dict_keys(['example_branch_dop_operator_v3']) retrieved from /home/oury/.local/lib/python3.10/site-packages/airflow/example_dags/example_branch_python_dop_operator_3.py
[2022-06-20 10:58:54,863] {logging_mixin.py:115} INFO - [2022-06-20 10:58:54,863] {dag.py:2379} INFO - Sync 1 DAGs
[2022-06-20 10:58:54,883] {logging_mixin.py:115} INFO - [2022-06-20 10:58:54,883] {dag.py:2923} INFO - Setting next_dagrun for example_branch_dop_operator_v3 to 2022-06-20T09:57:00+00:00, run_after=2022-06-20T09:58:00+00:00
[2022-06-20 10:58:54,894] {processor.py:161} INFO - Processing /home/oury/.local/lib/python3.10/site-packages/airflow/example_dags/example_branch_python_dop_operator_3.py took 0.056 seconds
[2022-06-20 10:59:30,508] {processor.py:153} INFO - Started process (PID=14540) to work on /home/oury/.local/lib/python3.10/site-packages/airflow/example_dags/example_branch_python_dop_operator_3.py
[2022-06-20 10:59:30,509] {processor.py:641} INFO - Processing file /home/oury/.local/lib/python3.10/site-packages/airflow/example_dags/example_branch_python_dop_operator_3.py for tasks to queue
[2022-06-20 10:59:30,509] {logging_mixin.py:115} INFO - [2022-06-20 10:59:30,509] {dagbag.py:507} INFO - Filling up the DagBag from /home/oury/.local/lib/python3.10/site-packages/airflow/example_dags/example_branch_python_dop_operator_3.py
[2022-06-20 10:59:30,517] {processor.py:651} INFO - DAG(s) dict_keys(['example_branch_dop_operator_v3']) retrieved from /home/oury/.local/lib/python3.10/site-packages/airflow/example_dags/example_branch_python_dop_operator_3.py
[2022-06-20 10:59:30,530] {logging_mixin.py:115} INFO - [2022-06-20 10:59:30,530] {dag.py:2379} INFO - Sync 1 DAGs
[2022-06-20 10:59:30,549] {logging_mixin.py:115} INFO - [2022-06-20 10:59:30,549] {dag.py:2923} INFO - Setting next_dagrun for example_branch_dop_operator_v3 to 2022-06-20T09:58:00+00:00, run_after=2022-06-20T09:59:00+00:00
[2022-06-20 10:59:30,560] {processor.py:161} INFO - Processing /home/oury/.local/lib/python3.10/site-packages/airflow/example_dags/example_branch_python_dop_operator_3.py took 0.054 seconds
[2022-06-20 11:00:10,132] {processor.py:153} INFO - Started process (PID=14608) to work on /home/oury/.local/lib/python3.10/site-packages/airflow/example_dags/example_branch_python_dop_operator_3.py
[2022-06-20 11:00:10,133] {processor.py:641} INFO - Processing file /home/oury/.local/lib/python3.10/site-packages/airflow/example_dags/example_branch_python_dop_operator_3.py for tasks to queue
[2022-06-20 11:00:10,133] {logging_mixin.py:115} INFO - [2022-06-20 11:00:10,133] {dagbag.py:507} INFO - Filling up the DagBag from /home/oury/.local/lib/python3.10/site-packages/airflow/example_dags/example_branch_python_dop_operator_3.py
[2022-06-20 11:00:10,141] {processor.py:651} INFO - DAG(s) dict_keys(['example_branch_dop_operator_v3']) retrieved from /home/oury/.local/lib/python3.10/site-packages/airflow/example_dags/example_branch_python_dop_operator_3.py
[2022-06-20 11:00:10,154] {logging_mixin.py:115} INFO - [2022-06-20 11:00:10,154] {dag.py:2379} INFO - Sync 1 DAGs
[2022-06-20 11:00:10,173] {logging_mixin.py:115} INFO - [2022-06-20 11:00:10,173] {dag.py:2923} INFO - Setting next_dagrun for example_branch_dop_operator_v3 to 2022-06-20T09:59:00+00:00, run_after=2022-06-20T10:00:00+00:00
[2022-06-20 11:00:10,185] {processor.py:161} INFO - Processing /home/oury/.local/lib/python3.10/site-packages/airflow/example_dags/example_branch_python_dop_operator_3.py took 0.056 seconds
[2022-06-20 11:00:47,552] {processor.py:153} INFO - Started process (PID=14658) to work on /home/oury/.local/lib/python3.10/site-packages/airflow/example_dags/example_branch_python_dop_operator_3.py
[2022-06-20 11:00:47,552] {processor.py:641} INFO - Processing file /home/oury/.local/lib/python3.10/site-packages/airflow/example_dags/example_branch_python_dop_operator_3.py for tasks to queue
[2022-06-20 11:00:47,553] {logging_mixin.py:115} INFO - [2022-06-20 11:00:47,553] {dagbag.py:507} INFO - Filling up the DagBag from /home/oury/.local/lib/python3.10/site-packages/airflow/example_dags/example_branch_python_dop_operator_3.py
[2022-06-20 11:00:47,561] {processor.py:651} INFO - DAG(s) dict_keys(['example_branch_dop_operator_v3']) retrieved from /home/oury/.local/lib/python3.10/site-packages/airflow/example_dags/example_branch_python_dop_operator_3.py
[2022-06-20 11:00:47,574] {logging_mixin.py:115} INFO - [2022-06-20 11:00:47,574] {dag.py:2379} INFO - Sync 1 DAGs
[2022-06-20 11:00:47,593] {logging_mixin.py:115} INFO - [2022-06-20 11:00:47,593] {dag.py:2923} INFO - Setting next_dagrun for example_branch_dop_operator_v3 to 2022-06-20T09:59:00+00:00, run_after=2022-06-20T10:00:00+00:00
[2022-06-20 11:00:47,604] {processor.py:161} INFO - Processing /home/oury/.local/lib/python3.10/site-packages/airflow/example_dags/example_branch_python_dop_operator_3.py took 0.055 seconds
[2022-06-20 11:01:20,480] {processor.py:153} INFO - Started process (PID=14701) to work on /home/oury/.local/lib/python3.10/site-packages/airflow/example_dags/example_branch_python_dop_operator_3.py
[2022-06-20 11:01:20,480] {processor.py:641} INFO - Processing file /home/oury/.local/lib/python3.10/site-packages/airflow/example_dags/example_branch_python_dop_operator_3.py for tasks to queue
[2022-06-20 11:01:20,481] {logging_mixin.py:115} INFO - [2022-06-20 11:01:20,480] {dagbag.py:507} INFO - Filling up the DagBag from /home/oury/.local/lib/python3.10/site-packages/airflow/example_dags/example_branch_python_dop_operator_3.py
[2022-06-20 11:01:20,489] {processor.py:651} INFO - DAG(s) dict_keys(['example_branch_dop_operator_v3']) retrieved from /home/oury/.local/lib/python3.10/site-packages/airflow/example_dags/example_branch_python_dop_operator_3.py
[2022-06-20 11:01:20,501] {logging_mixin.py:115} INFO - [2022-06-20 11:01:20,501] {dag.py:2379} INFO - Sync 1 DAGs
[2022-06-20 11:01:20,520] {logging_mixin.py:115} INFO - [2022-06-20 11:01:20,520] {dag.py:2923} INFO - Setting next_dagrun for example_branch_dop_operator_v3 to 2022-06-20T10:00:00+00:00, run_after=2022-06-20T10:01:00+00:00
[2022-06-20 11:01:20,531] {processor.py:161} INFO - Processing /home/oury/.local/lib/python3.10/site-packages/airflow/example_dags/example_branch_python_dop_operator_3.py took 0.054 seconds
[2022-06-20 11:01:57,257] {processor.py:153} INFO - Started process (PID=14745) to work on /home/oury/.local/lib/python3.10/site-packages/airflow/example_dags/example_branch_python_dop_operator_3.py
[2022-06-20 11:01:57,257] {processor.py:641} INFO - Processing file /home/oury/.local/lib/python3.10/site-packages/airflow/example_dags/example_branch_python_dop_operator_3.py for tasks to queue
[2022-06-20 11:01:57,258] {logging_mixin.py:115} INFO - [2022-06-20 11:01:57,258] {dagbag.py:507} INFO - Filling up the DagBag from /home/oury/.local/lib/python3.10/site-packages/airflow/example_dags/example_branch_python_dop_operator_3.py
[2022-06-20 11:01:57,266] {processor.py:651} INFO - DAG(s) dict_keys(['example_branch_dop_operator_v3']) retrieved from /home/oury/.local/lib/python3.10/site-packages/airflow/example_dags/example_branch_python_dop_operator_3.py
[2022-06-20 11:01:57,278] {logging_mixin.py:115} INFO - [2022-06-20 11:01:57,278] {dag.py:2379} INFO - Sync 1 DAGs
[2022-06-20 11:01:57,297] {logging_mixin.py:115} INFO - [2022-06-20 11:01:57,297] {dag.py:2923} INFO - Setting next_dagrun for example_branch_dop_operator_v3 to 2022-06-20T10:00:00+00:00, run_after=2022-06-20T10:01:00+00:00
[2022-06-20 11:01:57,308] {processor.py:161} INFO - Processing /home/oury/.local/lib/python3.10/site-packages/airflow/example_dags/example_branch_python_dop_operator_3.py took 0.053 seconds
[2022-06-20 11:02:32,192] {processor.py:153} INFO - Started process (PID=14788) to work on /home/oury/.local/lib/python3.10/site-packages/airflow/example_dags/example_branch_python_dop_operator_3.py
[2022-06-20 11:02:32,192] {processor.py:641} INFO - Processing file /home/oury/.local/lib/python3.10/site-packages/airflow/example_dags/example_branch_python_dop_operator_3.py for tasks to queue
[2022-06-20 11:02:32,193] {logging_mixin.py:115} INFO - [2022-06-20 11:02:32,193] {dagbag.py:507} INFO - Filling up the DagBag from /home/oury/.local/lib/python3.10/site-packages/airflow/example_dags/example_branch_python_dop_operator_3.py
[2022-06-20 11:02:32,201] {processor.py:651} INFO - DAG(s) dict_keys(['example_branch_dop_operator_v3']) retrieved from /home/oury/.local/lib/python3.10/site-packages/airflow/example_dags/example_branch_python_dop_operator_3.py
[2022-06-20 11:02:32,214] {logging_mixin.py:115} INFO - [2022-06-20 11:02:32,214] {dag.py:2379} INFO - Sync 1 DAGs
[2022-06-20 11:02:32,233] {logging_mixin.py:115} INFO - [2022-06-20 11:02:32,233] {dag.py:2923} INFO - Setting next_dagrun for example_branch_dop_operator_v3 to 2022-06-20T10:01:00+00:00, run_after=2022-06-20T10:02:00+00:00
[2022-06-20 11:02:32,245] {processor.py:161} INFO - Processing /home/oury/.local/lib/python3.10/site-packages/airflow/example_dags/example_branch_python_dop_operator_3.py took 0.055 seconds
[2022-06-20 11:03:12,141] {processor.py:153} INFO - Started process (PID=14838) to work on /home/oury/.local/lib/python3.10/site-packages/airflow/example_dags/example_branch_python_dop_operator_3.py
[2022-06-20 11:03:12,141] {processor.py:641} INFO - Processing file /home/oury/.local/lib/python3.10/site-packages/airflow/example_dags/example_branch_python_dop_operator_3.py for tasks to queue
[2022-06-20 11:03:12,142] {logging_mixin.py:115} INFO - [2022-06-20 11:03:12,142] {dagbag.py:507} INFO - Filling up the DagBag from /home/oury/.local/lib/python3.10/site-packages/airflow/example_dags/example_branch_python_dop_operator_3.py
[2022-06-20 11:03:12,150] {processor.py:651} INFO - DAG(s) dict_keys(['example_branch_dop_operator_v3']) retrieved from /home/oury/.local/lib/python3.10/site-packages/airflow/example_dags/example_branch_python_dop_operator_3.py
[2022-06-20 11:03:12,163] {logging_mixin.py:115} INFO - [2022-06-20 11:03:12,162] {dag.py:2379} INFO - Sync 1 DAGs
[2022-06-20 11:03:12,182] {logging_mixin.py:115} INFO - [2022-06-20 11:03:12,182] {dag.py:2923} INFO - Setting next_dagrun for example_branch_dop_operator_v3 to 2022-06-20T10:02:00+00:00, run_after=2022-06-20T10:03:00+00:00
[2022-06-20 11:03:12,194] {processor.py:161} INFO - Processing /home/oury/.local/lib/python3.10/site-packages/airflow/example_dags/example_branch_python_dop_operator_3.py took 0.056 seconds
[2022-06-20 11:03:47,161] {processor.py:153} INFO - Started process (PID=14880) to work on /home/oury/.local/lib/python3.10/site-packages/airflow/example_dags/example_branch_python_dop_operator_3.py
[2022-06-20 11:03:47,161] {processor.py:641} INFO - Processing file /home/oury/.local/lib/python3.10/site-packages/airflow/example_dags/example_branch_python_dop_operator_3.py for tasks to queue
[2022-06-20 11:03:47,162] {logging_mixin.py:115} INFO - [2022-06-20 11:03:47,162] {dagbag.py:507} INFO - Filling up the DagBag from /home/oury/.local/lib/python3.10/site-packages/airflow/example_dags/example_branch_python_dop_operator_3.py
[2022-06-20 11:03:47,170] {processor.py:651} INFO - DAG(s) dict_keys(['example_branch_dop_operator_v3']) retrieved from /home/oury/.local/lib/python3.10/site-packages/airflow/example_dags/example_branch_python_dop_operator_3.py
[2022-06-20 11:03:47,183] {logging_mixin.py:115} INFO - [2022-06-20 11:03:47,183] {dag.py:2379} INFO - Sync 1 DAGs
[2022-06-20 11:03:47,202] {logging_mixin.py:115} INFO - [2022-06-20 11:03:47,202] {dag.py:2923} INFO - Setting next_dagrun for example_branch_dop_operator_v3 to 2022-06-20T10:02:00+00:00, run_after=2022-06-20T10:03:00+00:00
[2022-06-20 11:03:47,213] {processor.py:161} INFO - Processing /home/oury/.local/lib/python3.10/site-packages/airflow/example_dags/example_branch_python_dop_operator_3.py took 0.055 seconds
[2022-06-20 11:04:21,832] {processor.py:153} INFO - Started process (PID=15088) to work on /home/oury/.local/lib/python3.10/site-packages/airflow/example_dags/example_branch_python_dop_operator_3.py
[2022-06-20 11:04:21,994] {processor.py:641} INFO - Processing file /home/oury/.local/lib/python3.10/site-packages/airflow/example_dags/example_branch_python_dop_operator_3.py for tasks to queue
[2022-06-20 11:04:21,996] {logging_mixin.py:115} INFO - [2022-06-20 11:04:21,996] {dagbag.py:507} INFO - Filling up the DagBag from /home/oury/.local/lib/python3.10/site-packages/airflow/example_dags/example_branch_python_dop_operator_3.py
[2022-06-20 11:04:22,034] {processor.py:651} INFO - DAG(s) dict_keys(['example_branch_dop_operator_v3']) retrieved from /home/oury/.local/lib/python3.10/site-packages/airflow/example_dags/example_branch_python_dop_operator_3.py
[2022-06-20 11:04:22,082] {logging_mixin.py:115} INFO - [2022-06-20 11:04:22,082] {dag.py:2379} INFO - Sync 1 DAGs
[2022-06-20 11:04:22,126] {logging_mixin.py:115} INFO - [2022-06-20 11:04:22,126] {dag.py:2923} INFO - Setting next_dagrun for example_branch_dop_operator_v3 to 2022-06-20T10:03:00+00:00, run_after=2022-06-20T10:04:00+00:00
[2022-06-20 11:04:22,154] {processor.py:161} INFO - Processing /home/oury/.local/lib/python3.10/site-packages/airflow/example_dags/example_branch_python_dop_operator_3.py took 0.330 seconds
[2022-06-20 11:04:56,489] {processor.py:153} INFO - Started process (PID=15215) to work on /home/oury/.local/lib/python3.10/site-packages/airflow/example_dags/example_branch_python_dop_operator_3.py
[2022-06-20 11:04:56,490] {processor.py:641} INFO - Processing file /home/oury/.local/lib/python3.10/site-packages/airflow/example_dags/example_branch_python_dop_operator_3.py for tasks to queue
[2022-06-20 11:04:56,491] {logging_mixin.py:115} INFO - [2022-06-20 11:04:56,491] {dagbag.py:507} INFO - Filling up the DagBag from /home/oury/.local/lib/python3.10/site-packages/airflow/example_dags/example_branch_python_dop_operator_3.py
[2022-06-20 11:04:56,505] {processor.py:651} INFO - DAG(s) dict_keys(['example_branch_dop_operator_v3']) retrieved from /home/oury/.local/lib/python3.10/site-packages/airflow/example_dags/example_branch_python_dop_operator_3.py
[2022-06-20 11:04:56,527] {logging_mixin.py:115} INFO - [2022-06-20 11:04:56,527] {dag.py:2379} INFO - Sync 1 DAGs
[2022-06-20 11:04:56,553] {logging_mixin.py:115} INFO - [2022-06-20 11:04:56,552] {dag.py:2923} INFO - Setting next_dagrun for example_branch_dop_operator_v3 to 2022-06-20T10:03:00+00:00, run_after=2022-06-20T10:04:00+00:00
[2022-06-20 11:04:56,569] {processor.py:161} INFO - Processing /home/oury/.local/lib/python3.10/site-packages/airflow/example_dags/example_branch_python_dop_operator_3.py took 0.083 seconds
[2022-06-20 11:05:31,391] {processor.py:153} INFO - Started process (PID=15263) to work on /home/oury/.local/lib/python3.10/site-packages/airflow/example_dags/example_branch_python_dop_operator_3.py
[2022-06-20 11:05:31,392] {processor.py:641} INFO - Processing file /home/oury/.local/lib/python3.10/site-packages/airflow/example_dags/example_branch_python_dop_operator_3.py for tasks to queue
[2022-06-20 11:05:31,392] {logging_mixin.py:115} INFO - [2022-06-20 11:05:31,392] {dagbag.py:507} INFO - Filling up the DagBag from /home/oury/.local/lib/python3.10/site-packages/airflow/example_dags/example_branch_python_dop_operator_3.py
[2022-06-20 11:05:31,401] {processor.py:651} INFO - DAG(s) dict_keys(['example_branch_dop_operator_v3']) retrieved from /home/oury/.local/lib/python3.10/site-packages/airflow/example_dags/example_branch_python_dop_operator_3.py
[2022-06-20 11:05:31,414] {logging_mixin.py:115} INFO - [2022-06-20 11:05:31,414] {dag.py:2379} INFO - Sync 1 DAGs
[2022-06-20 11:05:31,434] {logging_mixin.py:115} INFO - [2022-06-20 11:05:31,433] {dag.py:2923} INFO - Setting next_dagrun for example_branch_dop_operator_v3 to 2022-06-20T10:04:00+00:00, run_after=2022-06-20T10:05:00+00:00
[2022-06-20 11:05:31,445] {processor.py:161} INFO - Processing /home/oury/.local/lib/python3.10/site-packages/airflow/example_dags/example_branch_python_dop_operator_3.py took 0.056 seconds
[2022-06-20 11:06:10,042] {processor.py:153} INFO - Started process (PID=15316) to work on /home/oury/.local/lib/python3.10/site-packages/airflow/example_dags/example_branch_python_dop_operator_3.py
[2022-06-20 11:06:10,043] {processor.py:641} INFO - Processing file /home/oury/.local/lib/python3.10/site-packages/airflow/example_dags/example_branch_python_dop_operator_3.py for tasks to queue
[2022-06-20 11:06:10,043] {logging_mixin.py:115} INFO - [2022-06-20 11:06:10,043] {dagbag.py:507} INFO - Filling up the DagBag from /home/oury/.local/lib/python3.10/site-packages/airflow/example_dags/example_branch_python_dop_operator_3.py
[2022-06-20 11:06:10,052] {processor.py:651} INFO - DAG(s) dict_keys(['example_branch_dop_operator_v3']) retrieved from /home/oury/.local/lib/python3.10/site-packages/airflow/example_dags/example_branch_python_dop_operator_3.py
[2022-06-20 11:06:10,064] {logging_mixin.py:115} INFO - [2022-06-20 11:06:10,064] {dag.py:2379} INFO - Sync 1 DAGs
[2022-06-20 11:06:10,083] {logging_mixin.py:115} INFO - [2022-06-20 11:06:10,083] {dag.py:2923} INFO - Setting next_dagrun for example_branch_dop_operator_v3 to 2022-06-20T10:05:00+00:00, run_after=2022-06-20T10:06:00+00:00
[2022-06-20 11:06:10,095] {processor.py:161} INFO - Processing /home/oury/.local/lib/python3.10/site-packages/airflow/example_dags/example_branch_python_dop_operator_3.py took 0.055 seconds
[2022-06-20 11:06:44,516] {processor.py:153} INFO - Started process (PID=15371) to work on /home/oury/.local/lib/python3.10/site-packages/airflow/example_dags/example_branch_python_dop_operator_3.py
[2022-06-20 11:06:44,517] {processor.py:641} INFO - Processing file /home/oury/.local/lib/python3.10/site-packages/airflow/example_dags/example_branch_python_dop_operator_3.py for tasks to queue
[2022-06-20 11:06:44,517] {logging_mixin.py:115} INFO - [2022-06-20 11:06:44,517] {dagbag.py:507} INFO - Filling up the DagBag from /home/oury/.local/lib/python3.10/site-packages/airflow/example_dags/example_branch_python_dop_operator_3.py
[2022-06-20 11:06:44,525] {processor.py:651} INFO - DAG(s) dict_keys(['example_branch_dop_operator_v3']) retrieved from /home/oury/.local/lib/python3.10/site-packages/airflow/example_dags/example_branch_python_dop_operator_3.py
[2022-06-20 11:06:44,538] {logging_mixin.py:115} INFO - [2022-06-20 11:06:44,538] {dag.py:2379} INFO - Sync 1 DAGs
[2022-06-20 11:06:44,557] {logging_mixin.py:115} INFO - [2022-06-20 11:06:44,557] {dag.py:2923} INFO - Setting next_dagrun for example_branch_dop_operator_v3 to 2022-06-20T10:05:00+00:00, run_after=2022-06-20T10:06:00+00:00
[2022-06-20 11:06:44,568] {processor.py:161} INFO - Processing /home/oury/.local/lib/python3.10/site-packages/airflow/example_dags/example_branch_python_dop_operator_3.py took 0.054 seconds
[2022-06-20 11:07:19,888] {processor.py:153} INFO - Started process (PID=15417) to work on /home/oury/.local/lib/python3.10/site-packages/airflow/example_dags/example_branch_python_dop_operator_3.py
[2022-06-20 11:07:19,889] {processor.py:641} INFO - Processing file /home/oury/.local/lib/python3.10/site-packages/airflow/example_dags/example_branch_python_dop_operator_3.py for tasks to queue
[2022-06-20 11:07:19,889] {logging_mixin.py:115} INFO - [2022-06-20 11:07:19,889] {dagbag.py:507} INFO - Filling up the DagBag from /home/oury/.local/lib/python3.10/site-packages/airflow/example_dags/example_branch_python_dop_operator_3.py
[2022-06-20 11:07:19,898] {processor.py:651} INFO - DAG(s) dict_keys(['example_branch_dop_operator_v3']) retrieved from /home/oury/.local/lib/python3.10/site-packages/airflow/example_dags/example_branch_python_dop_operator_3.py
[2022-06-20 11:07:19,910] {logging_mixin.py:115} INFO - [2022-06-20 11:07:19,910] {dag.py:2379} INFO - Sync 1 DAGs
[2022-06-20 11:07:19,929] {logging_mixin.py:115} INFO - [2022-06-20 11:07:19,929] {dag.py:2923} INFO - Setting next_dagrun for example_branch_dop_operator_v3 to 2022-06-20T10:06:00+00:00, run_after=2022-06-20T10:07:00+00:00
[2022-06-20 11:07:19,940] {processor.py:161} INFO - Processing /home/oury/.local/lib/python3.10/site-packages/airflow/example_dags/example_branch_python_dop_operator_3.py took 0.054 seconds
[2022-06-20 11:07:58,342] {processor.py:153} INFO - Started process (PID=15554) to work on /home/oury/.local/lib/python3.10/site-packages/airflow/example_dags/example_branch_python_dop_operator_3.py
[2022-06-20 11:07:58,343] {processor.py:641} INFO - Processing file /home/oury/.local/lib/python3.10/site-packages/airflow/example_dags/example_branch_python_dop_operator_3.py for tasks to queue
[2022-06-20 11:07:58,343] {logging_mixin.py:115} INFO - [2022-06-20 11:07:58,343] {dagbag.py:507} INFO - Filling up the DagBag from /home/oury/.local/lib/python3.10/site-packages/airflow/example_dags/example_branch_python_dop_operator_3.py
[2022-06-20 11:07:58,353] {processor.py:651} INFO - DAG(s) dict_keys(['example_branch_dop_operator_v3']) retrieved from /home/oury/.local/lib/python3.10/site-packages/airflow/example_dags/example_branch_python_dop_operator_3.py
[2022-06-20 11:07:58,369] {logging_mixin.py:115} INFO - [2022-06-20 11:07:58,369] {dag.py:2379} INFO - Sync 1 DAGs
[2022-06-20 11:07:58,396] {logging_mixin.py:115} INFO - [2022-06-20 11:07:58,396] {dag.py:2923} INFO - Setting next_dagrun for example_branch_dop_operator_v3 to 2022-06-20T10:06:00+00:00, run_after=2022-06-20T10:07:00+00:00
[2022-06-20 11:07:58,410] {processor.py:161} INFO - Processing /home/oury/.local/lib/python3.10/site-packages/airflow/example_dags/example_branch_python_dop_operator_3.py took 0.072 seconds
[2022-06-20 11:08:37,004] {processor.py:153} INFO - Started process (PID=15666) to work on /home/oury/.local/lib/python3.10/site-packages/airflow/example_dags/example_branch_python_dop_operator_3.py
[2022-06-20 11:08:37,005] {processor.py:641} INFO - Processing file /home/oury/.local/lib/python3.10/site-packages/airflow/example_dags/example_branch_python_dop_operator_3.py for tasks to queue
[2022-06-20 11:08:37,005] {logging_mixin.py:115} INFO - [2022-06-20 11:08:37,005] {dagbag.py:507} INFO - Filling up the DagBag from /home/oury/.local/lib/python3.10/site-packages/airflow/example_dags/example_branch_python_dop_operator_3.py
[2022-06-20 11:08:37,015] {processor.py:651} INFO - DAG(s) dict_keys(['example_branch_dop_operator_v3']) retrieved from /home/oury/.local/lib/python3.10/site-packages/airflow/example_dags/example_branch_python_dop_operator_3.py
[2022-06-20 11:08:37,028] {logging_mixin.py:115} INFO - [2022-06-20 11:08:37,028] {dag.py:2379} INFO - Sync 1 DAGs
[2022-06-20 11:08:37,047] {logging_mixin.py:115} INFO - [2022-06-20 11:08:37,047] {dag.py:2923} INFO - Setting next_dagrun for example_branch_dop_operator_v3 to 2022-06-20T10:07:00+00:00, run_after=2022-06-20T10:08:00+00:00
[2022-06-20 11:08:37,059] {processor.py:161} INFO - Processing /home/oury/.local/lib/python3.10/site-packages/airflow/example_dags/example_branch_python_dop_operator_3.py took 0.057 seconds
[2022-06-20 11:09:13,219] {processor.py:153} INFO - Started process (PID=15751) to work on /home/oury/.local/lib/python3.10/site-packages/airflow/example_dags/example_branch_python_dop_operator_3.py
[2022-06-20 11:09:13,220] {processor.py:641} INFO - Processing file /home/oury/.local/lib/python3.10/site-packages/airflow/example_dags/example_branch_python_dop_operator_3.py for tasks to queue
[2022-06-20 11:09:13,220] {logging_mixin.py:115} INFO - [2022-06-20 11:09:13,220] {dagbag.py:507} INFO - Filling up the DagBag from /home/oury/.local/lib/python3.10/site-packages/airflow/example_dags/example_branch_python_dop_operator_3.py
[2022-06-20 11:09:13,232] {processor.py:651} INFO - DAG(s) dict_keys(['example_branch_dop_operator_v3']) retrieved from /home/oury/.local/lib/python3.10/site-packages/airflow/example_dags/example_branch_python_dop_operator_3.py
[2022-06-20 11:09:13,257] {logging_mixin.py:115} INFO - [2022-06-20 11:09:13,257] {dag.py:2379} INFO - Sync 1 DAGs
[2022-06-20 11:09:13,282] {logging_mixin.py:115} INFO - [2022-06-20 11:09:13,282] {dag.py:2923} INFO - Setting next_dagrun for example_branch_dop_operator_v3 to 2022-06-20T10:08:00+00:00, run_after=2022-06-20T10:09:00+00:00
[2022-06-20 11:09:13,300] {processor.py:161} INFO - Processing /home/oury/.local/lib/python3.10/site-packages/airflow/example_dags/example_branch_python_dop_operator_3.py took 0.084 seconds
[2022-06-20 11:09:50,914] {processor.py:153} INFO - Started process (PID=15961) to work on /home/oury/.local/lib/python3.10/site-packages/airflow/example_dags/example_branch_python_dop_operator_3.py
[2022-06-20 11:09:50,915] {processor.py:641} INFO - Processing file /home/oury/.local/lib/python3.10/site-packages/airflow/example_dags/example_branch_python_dop_operator_3.py for tasks to queue
[2022-06-20 11:09:50,915] {logging_mixin.py:115} INFO - [2022-06-20 11:09:50,915] {dagbag.py:507} INFO - Filling up the DagBag from /home/oury/.local/lib/python3.10/site-packages/airflow/example_dags/example_branch_python_dop_operator_3.py
[2022-06-20 11:09:50,927] {processor.py:651} INFO - DAG(s) dict_keys(['example_branch_dop_operator_v3']) retrieved from /home/oury/.local/lib/python3.10/site-packages/airflow/example_dags/example_branch_python_dop_operator_3.py
[2022-06-20 11:09:50,941] {logging_mixin.py:115} INFO - [2022-06-20 11:09:50,941] {dag.py:2379} INFO - Sync 1 DAGs
[2022-06-20 11:09:50,961] {logging_mixin.py:115} INFO - [2022-06-20 11:09:50,961] {dag.py:2923} INFO - Setting next_dagrun for example_branch_dop_operator_v3 to 2022-06-20T10:08:00+00:00, run_after=2022-06-20T10:09:00+00:00
[2022-06-20 11:09:50,973] {processor.py:161} INFO - Processing /home/oury/.local/lib/python3.10/site-packages/airflow/example_dags/example_branch_python_dop_operator_3.py took 0.062 seconds
[2022-06-20 11:10:27,776] {processor.py:153} INFO - Started process (PID=16058) to work on /home/oury/.local/lib/python3.10/site-packages/airflow/example_dags/example_branch_python_dop_operator_3.py
[2022-06-20 11:10:27,777] {processor.py:641} INFO - Processing file /home/oury/.local/lib/python3.10/site-packages/airflow/example_dags/example_branch_python_dop_operator_3.py for tasks to queue
[2022-06-20 11:10:27,777] {logging_mixin.py:115} INFO - [2022-06-20 11:10:27,777] {dagbag.py:507} INFO - Filling up the DagBag from /home/oury/.local/lib/python3.10/site-packages/airflow/example_dags/example_branch_python_dop_operator_3.py
[2022-06-20 11:10:27,786] {processor.py:651} INFO - DAG(s) dict_keys(['example_branch_dop_operator_v3']) retrieved from /home/oury/.local/lib/python3.10/site-packages/airflow/example_dags/example_branch_python_dop_operator_3.py
[2022-06-20 11:10:27,798] {logging_mixin.py:115} INFO - [2022-06-20 11:10:27,798] {dag.py:2379} INFO - Sync 1 DAGs
[2022-06-20 11:10:27,817] {logging_mixin.py:115} INFO - [2022-06-20 11:10:27,816] {dag.py:2923} INFO - Setting next_dagrun for example_branch_dop_operator_v3 to 2022-06-20T10:09:00+00:00, run_after=2022-06-20T10:10:00+00:00
[2022-06-20 11:10:27,828] {processor.py:161} INFO - Processing /home/oury/.local/lib/python3.10/site-packages/airflow/example_dags/example_branch_python_dop_operator_3.py took 0.053 seconds
[2022-06-20 11:11:07,680] {processor.py:153} INFO - Started process (PID=16274) to work on /home/oury/.local/lib/python3.10/site-packages/airflow/example_dags/example_branch_python_dop_operator_3.py
[2022-06-20 11:11:07,680] {processor.py:641} INFO - Processing file /home/oury/.local/lib/python3.10/site-packages/airflow/example_dags/example_branch_python_dop_operator_3.py for tasks to queue
[2022-06-20 11:11:07,681] {logging_mixin.py:115} INFO - [2022-06-20 11:11:07,681] {dagbag.py:507} INFO - Filling up the DagBag from /home/oury/.local/lib/python3.10/site-packages/airflow/example_dags/example_branch_python_dop_operator_3.py
[2022-06-20 11:11:07,690] {processor.py:651} INFO - DAG(s) dict_keys(['example_branch_dop_operator_v3']) retrieved from /home/oury/.local/lib/python3.10/site-packages/airflow/example_dags/example_branch_python_dop_operator_3.py
[2022-06-20 11:11:07,703] {logging_mixin.py:115} INFO - [2022-06-20 11:11:07,703] {dag.py:2379} INFO - Sync 1 DAGs
[2022-06-20 11:11:07,723] {logging_mixin.py:115} INFO - [2022-06-20 11:11:07,723] {dag.py:2923} INFO - Setting next_dagrun for example_branch_dop_operator_v3 to 2022-06-20T10:10:00+00:00, run_after=2022-06-20T10:11:00+00:00
[2022-06-20 11:11:07,735] {processor.py:161} INFO - Processing /home/oury/.local/lib/python3.10/site-packages/airflow/example_dags/example_branch_python_dop_operator_3.py took 0.057 seconds
[2022-06-20 11:11:42,885] {processor.py:153} INFO - Started process (PID=16393) to work on /home/oury/.local/lib/python3.10/site-packages/airflow/example_dags/example_branch_python_dop_operator_3.py
[2022-06-20 11:11:42,886] {processor.py:641} INFO - Processing file /home/oury/.local/lib/python3.10/site-packages/airflow/example_dags/example_branch_python_dop_operator_3.py for tasks to queue
[2022-06-20 11:11:42,886] {logging_mixin.py:115} INFO - [2022-06-20 11:11:42,886] {dagbag.py:507} INFO - Filling up the DagBag from /home/oury/.local/lib/python3.10/site-packages/airflow/example_dags/example_branch_python_dop_operator_3.py
[2022-06-20 11:11:42,895] {processor.py:651} INFO - DAG(s) dict_keys(['example_branch_dop_operator_v3']) retrieved from /home/oury/.local/lib/python3.10/site-packages/airflow/example_dags/example_branch_python_dop_operator_3.py
[2022-06-20 11:11:42,908] {logging_mixin.py:115} INFO - [2022-06-20 11:11:42,908] {dag.py:2379} INFO - Sync 1 DAGs
[2022-06-20 11:11:42,927] {logging_mixin.py:115} INFO - [2022-06-20 11:11:42,927] {dag.py:2923} INFO - Setting next_dagrun for example_branch_dop_operator_v3 to 2022-06-20T10:10:00+00:00, run_after=2022-06-20T10:11:00+00:00
[2022-06-20 11:11:42,939] {processor.py:161} INFO - Processing /home/oury/.local/lib/python3.10/site-packages/airflow/example_dags/example_branch_python_dop_operator_3.py took 0.056 seconds
[2022-06-20 11:12:18,869] {processor.py:153} INFO - Started process (PID=16462) to work on /home/oury/.local/lib/python3.10/site-packages/airflow/example_dags/example_branch_python_dop_operator_3.py
[2022-06-20 11:12:18,869] {processor.py:641} INFO - Processing file /home/oury/.local/lib/python3.10/site-packages/airflow/example_dags/example_branch_python_dop_operator_3.py for tasks to queue
[2022-06-20 11:12:18,870] {logging_mixin.py:115} INFO - [2022-06-20 11:12:18,870] {dagbag.py:507} INFO - Filling up the DagBag from /home/oury/.local/lib/python3.10/site-packages/airflow/example_dags/example_branch_python_dop_operator_3.py
[2022-06-20 11:12:18,878] {processor.py:651} INFO - DAG(s) dict_keys(['example_branch_dop_operator_v3']) retrieved from /home/oury/.local/lib/python3.10/site-packages/airflow/example_dags/example_branch_python_dop_operator_3.py
[2022-06-20 11:12:18,890] {logging_mixin.py:115} INFO - [2022-06-20 11:12:18,890] {dag.py:2379} INFO - Sync 1 DAGs
[2022-06-20 11:12:18,909] {logging_mixin.py:115} INFO - [2022-06-20 11:12:18,909] {dag.py:2923} INFO - Setting next_dagrun for example_branch_dop_operator_v3 to 2022-06-20T10:11:00+00:00, run_after=2022-06-20T10:12:00+00:00
[2022-06-20 11:12:18,921] {processor.py:161} INFO - Processing /home/oury/.local/lib/python3.10/site-packages/airflow/example_dags/example_branch_python_dop_operator_3.py took 0.054 seconds
[2022-06-20 11:12:56,606] {processor.py:153} INFO - Started process (PID=16514) to work on /home/oury/.local/lib/python3.10/site-packages/airflow/example_dags/example_branch_python_dop_operator_3.py
[2022-06-20 11:12:56,606] {processor.py:641} INFO - Processing file /home/oury/.local/lib/python3.10/site-packages/airflow/example_dags/example_branch_python_dop_operator_3.py for tasks to queue
[2022-06-20 11:12:56,607] {logging_mixin.py:115} INFO - [2022-06-20 11:12:56,607] {dagbag.py:507} INFO - Filling up the DagBag from /home/oury/.local/lib/python3.10/site-packages/airflow/example_dags/example_branch_python_dop_operator_3.py
[2022-06-20 11:12:56,616] {processor.py:651} INFO - DAG(s) dict_keys(['example_branch_dop_operator_v3']) retrieved from /home/oury/.local/lib/python3.10/site-packages/airflow/example_dags/example_branch_python_dop_operator_3.py
[2022-06-20 11:12:56,629] {logging_mixin.py:115} INFO - [2022-06-20 11:12:56,629] {dag.py:2379} INFO - Sync 1 DAGs
[2022-06-20 11:12:56,648] {logging_mixin.py:115} INFO - [2022-06-20 11:12:56,648] {dag.py:2923} INFO - Setting next_dagrun for example_branch_dop_operator_v3 to 2022-06-20T10:11:00+00:00, run_after=2022-06-20T10:12:00+00:00
[2022-06-20 11:12:56,729] {processor.py:161} INFO - Processing /home/oury/.local/lib/python3.10/site-packages/airflow/example_dags/example_branch_python_dop_operator_3.py took 0.127 seconds
[2022-06-20 11:13:30,884] {processor.py:153} INFO - Started process (PID=16578) to work on /home/oury/.local/lib/python3.10/site-packages/airflow/example_dags/example_branch_python_dop_operator_3.py
[2022-06-20 11:13:30,884] {processor.py:641} INFO - Processing file /home/oury/.local/lib/python3.10/site-packages/airflow/example_dags/example_branch_python_dop_operator_3.py for tasks to queue
[2022-06-20 11:13:30,885] {logging_mixin.py:115} INFO - [2022-06-20 11:13:30,885] {dagbag.py:507} INFO - Filling up the DagBag from /home/oury/.local/lib/python3.10/site-packages/airflow/example_dags/example_branch_python_dop_operator_3.py
[2022-06-20 11:13:30,893] {processor.py:651} INFO - DAG(s) dict_keys(['example_branch_dop_operator_v3']) retrieved from /home/oury/.local/lib/python3.10/site-packages/airflow/example_dags/example_branch_python_dop_operator_3.py
[2022-06-20 11:13:30,905] {logging_mixin.py:115} INFO - [2022-06-20 11:13:30,905] {dag.py:2379} INFO - Sync 1 DAGs
[2022-06-20 11:13:30,925] {logging_mixin.py:115} INFO - [2022-06-20 11:13:30,924] {dag.py:2923} INFO - Setting next_dagrun for example_branch_dop_operator_v3 to 2022-06-20T10:12:00+00:00, run_after=2022-06-20T10:13:00+00:00
[2022-06-20 11:13:30,935] {processor.py:161} INFO - Processing /home/oury/.local/lib/python3.10/site-packages/airflow/example_dags/example_branch_python_dop_operator_3.py took 0.054 seconds
[2022-06-20 11:14:07,929] {processor.py:153} INFO - Started process (PID=16648) to work on /home/oury/.local/lib/python3.10/site-packages/airflow/example_dags/example_branch_python_dop_operator_3.py
[2022-06-20 11:14:07,929] {processor.py:641} INFO - Processing file /home/oury/.local/lib/python3.10/site-packages/airflow/example_dags/example_branch_python_dop_operator_3.py for tasks to queue
[2022-06-20 11:14:07,930] {logging_mixin.py:115} INFO - [2022-06-20 11:14:07,930] {dagbag.py:507} INFO - Filling up the DagBag from /home/oury/.local/lib/python3.10/site-packages/airflow/example_dags/example_branch_python_dop_operator_3.py
[2022-06-20 11:14:07,939] {processor.py:651} INFO - DAG(s) dict_keys(['example_branch_dop_operator_v3']) retrieved from /home/oury/.local/lib/python3.10/site-packages/airflow/example_dags/example_branch_python_dop_operator_3.py
[2022-06-20 11:14:07,953] {logging_mixin.py:115} INFO - [2022-06-20 11:14:07,953] {dag.py:2379} INFO - Sync 1 DAGs
[2022-06-20 11:14:07,975] {logging_mixin.py:115} INFO - [2022-06-20 11:14:07,975] {dag.py:2923} INFO - Setting next_dagrun for example_branch_dop_operator_v3 to 2022-06-20T10:13:00+00:00, run_after=2022-06-20T10:14:00+00:00
[2022-06-20 11:14:07,990] {processor.py:161} INFO - Processing /home/oury/.local/lib/python3.10/site-packages/airflow/example_dags/example_branch_python_dop_operator_3.py took 0.064 seconds
[2022-06-20 11:14:43,145] {processor.py:153} INFO - Started process (PID=16699) to work on /home/oury/.local/lib/python3.10/site-packages/airflow/example_dags/example_branch_python_dop_operator_3.py
[2022-06-20 11:14:43,145] {processor.py:641} INFO - Processing file /home/oury/.local/lib/python3.10/site-packages/airflow/example_dags/example_branch_python_dop_operator_3.py for tasks to queue
[2022-06-20 11:14:43,146] {logging_mixin.py:115} INFO - [2022-06-20 11:14:43,146] {dagbag.py:507} INFO - Filling up the DagBag from /home/oury/.local/lib/python3.10/site-packages/airflow/example_dags/example_branch_python_dop_operator_3.py
[2022-06-20 11:14:43,155] {processor.py:651} INFO - DAG(s) dict_keys(['example_branch_dop_operator_v3']) retrieved from /home/oury/.local/lib/python3.10/site-packages/airflow/example_dags/example_branch_python_dop_operator_3.py
[2022-06-20 11:14:43,169] {logging_mixin.py:115} INFO - [2022-06-20 11:14:43,168] {dag.py:2379} INFO - Sync 1 DAGs
[2022-06-20 11:14:43,192] {logging_mixin.py:115} INFO - [2022-06-20 11:14:43,192] {dag.py:2923} INFO - Setting next_dagrun for example_branch_dop_operator_v3 to 2022-06-20T10:13:00+00:00, run_after=2022-06-20T10:14:00+00:00
[2022-06-20 11:14:43,206] {processor.py:161} INFO - Processing /home/oury/.local/lib/python3.10/site-packages/airflow/example_dags/example_branch_python_dop_operator_3.py took 0.064 seconds
[2022-06-20 11:15:19,082] {processor.py:153} INFO - Started process (PID=16750) to work on /home/oury/.local/lib/python3.10/site-packages/airflow/example_dags/example_branch_python_dop_operator_3.py
[2022-06-20 11:15:19,083] {processor.py:641} INFO - Processing file /home/oury/.local/lib/python3.10/site-packages/airflow/example_dags/example_branch_python_dop_operator_3.py for tasks to queue
[2022-06-20 11:15:19,084] {logging_mixin.py:115} INFO - [2022-06-20 11:15:19,084] {dagbag.py:507} INFO - Filling up the DagBag from /home/oury/.local/lib/python3.10/site-packages/airflow/example_dags/example_branch_python_dop_operator_3.py
[2022-06-20 11:15:19,096] {processor.py:651} INFO - DAG(s) dict_keys(['example_branch_dop_operator_v3']) retrieved from /home/oury/.local/lib/python3.10/site-packages/airflow/example_dags/example_branch_python_dop_operator_3.py
[2022-06-20 11:15:19,115] {logging_mixin.py:115} INFO - [2022-06-20 11:15:19,115] {dag.py:2379} INFO - Sync 1 DAGs
[2022-06-20 11:15:19,140] {logging_mixin.py:115} INFO - [2022-06-20 11:15:19,140] {dag.py:2923} INFO - Setting next_dagrun for example_branch_dop_operator_v3 to 2022-06-20T10:14:00+00:00, run_after=2022-06-20T10:15:00+00:00
[2022-06-20 11:15:19,157] {processor.py:161} INFO - Processing /home/oury/.local/lib/python3.10/site-packages/airflow/example_dags/example_branch_python_dop_operator_3.py took 0.077 seconds
[2022-06-20 11:15:52,982] {processor.py:153} INFO - Started process (PID=16795) to work on /home/oury/.local/lib/python3.10/site-packages/airflow/example_dags/example_branch_python_dop_operator_3.py
[2022-06-20 11:15:52,983] {processor.py:641} INFO - Processing file /home/oury/.local/lib/python3.10/site-packages/airflow/example_dags/example_branch_python_dop_operator_3.py for tasks to queue
[2022-06-20 11:15:52,984] {logging_mixin.py:115} INFO - [2022-06-20 11:15:52,984] {dagbag.py:507} INFO - Filling up the DagBag from /home/oury/.local/lib/python3.10/site-packages/airflow/example_dags/example_branch_python_dop_operator_3.py
[2022-06-20 11:15:52,994] {processor.py:651} INFO - DAG(s) dict_keys(['example_branch_dop_operator_v3']) retrieved from /home/oury/.local/lib/python3.10/site-packages/airflow/example_dags/example_branch_python_dop_operator_3.py
[2022-06-20 11:15:53,008] {logging_mixin.py:115} INFO - [2022-06-20 11:15:53,008] {dag.py:2379} INFO - Sync 1 DAGs
[2022-06-20 11:15:53,031] {logging_mixin.py:115} INFO - [2022-06-20 11:15:53,030] {dag.py:2923} INFO - Setting next_dagrun for example_branch_dop_operator_v3 to 2022-06-20T10:14:00+00:00, run_after=2022-06-20T10:15:00+00:00
[2022-06-20 11:15:53,041] {processor.py:161} INFO - Processing /home/oury/.local/lib/python3.10/site-packages/airflow/example_dags/example_branch_python_dop_operator_3.py took 0.063 seconds
[2022-06-20 11:16:26,380] {processor.py:153} INFO - Started process (PID=16847) to work on /home/oury/.local/lib/python3.10/site-packages/airflow/example_dags/example_branch_python_dop_operator_3.py
[2022-06-20 11:16:26,380] {processor.py:641} INFO - Processing file /home/oury/.local/lib/python3.10/site-packages/airflow/example_dags/example_branch_python_dop_operator_3.py for tasks to queue
[2022-06-20 11:16:26,381] {logging_mixin.py:115} INFO - [2022-06-20 11:16:26,381] {dagbag.py:507} INFO - Filling up the DagBag from /home/oury/.local/lib/python3.10/site-packages/airflow/example_dags/example_branch_python_dop_operator_3.py
[2022-06-20 11:16:26,390] {processor.py:651} INFO - DAG(s) dict_keys(['example_branch_dop_operator_v3']) retrieved from /home/oury/.local/lib/python3.10/site-packages/airflow/example_dags/example_branch_python_dop_operator_3.py
[2022-06-20 11:16:26,403] {logging_mixin.py:115} INFO - [2022-06-20 11:16:26,403] {dag.py:2379} INFO - Sync 1 DAGs
[2022-06-20 11:16:26,425] {logging_mixin.py:115} INFO - [2022-06-20 11:16:26,425] {dag.py:2923} INFO - Setting next_dagrun for example_branch_dop_operator_v3 to 2022-06-20T10:15:00+00:00, run_after=2022-06-20T10:16:00+00:00
[2022-06-20 11:16:26,437] {processor.py:161} INFO - Processing /home/oury/.local/lib/python3.10/site-packages/airflow/example_dags/example_branch_python_dop_operator_3.py took 0.060 seconds
[2022-06-20 11:16:59,650] {processor.py:153} INFO - Started process (PID=16893) to work on /home/oury/.local/lib/python3.10/site-packages/airflow/example_dags/example_branch_python_dop_operator_3.py
[2022-06-20 11:16:59,651] {processor.py:641} INFO - Processing file /home/oury/.local/lib/python3.10/site-packages/airflow/example_dags/example_branch_python_dop_operator_3.py for tasks to queue
[2022-06-20 11:16:59,652] {logging_mixin.py:115} INFO - [2022-06-20 11:16:59,651] {dagbag.py:507} INFO - Filling up the DagBag from /home/oury/.local/lib/python3.10/site-packages/airflow/example_dags/example_branch_python_dop_operator_3.py
[2022-06-20 11:16:59,660] {processor.py:651} INFO - DAG(s) dict_keys(['example_branch_dop_operator_v3']) retrieved from /home/oury/.local/lib/python3.10/site-packages/airflow/example_dags/example_branch_python_dop_operator_3.py
[2022-06-20 11:16:59,673] {logging_mixin.py:115} INFO - [2022-06-20 11:16:59,673] {dag.py:2379} INFO - Sync 1 DAGs
[2022-06-20 11:16:59,700] {logging_mixin.py:115} INFO - [2022-06-20 11:16:59,700] {dag.py:2923} INFO - Setting next_dagrun for example_branch_dop_operator_v3 to 2022-06-20T10:15:00+00:00, run_after=2022-06-20T10:16:00+00:00
[2022-06-20 11:16:59,713] {processor.py:161} INFO - Processing /home/oury/.local/lib/python3.10/site-packages/airflow/example_dags/example_branch_python_dop_operator_3.py took 0.066 seconds
[2022-06-20 11:17:36,855] {processor.py:153} INFO - Started process (PID=16942) to work on /home/oury/.local/lib/python3.10/site-packages/airflow/example_dags/example_branch_python_dop_operator_3.py
[2022-06-20 11:17:36,856] {processor.py:641} INFO - Processing file /home/oury/.local/lib/python3.10/site-packages/airflow/example_dags/example_branch_python_dop_operator_3.py for tasks to queue
[2022-06-20 11:17:36,856] {logging_mixin.py:115} INFO - [2022-06-20 11:17:36,856] {dagbag.py:507} INFO - Filling up the DagBag from /home/oury/.local/lib/python3.10/site-packages/airflow/example_dags/example_branch_python_dop_operator_3.py
[2022-06-20 11:17:36,865] {processor.py:651} INFO - DAG(s) dict_keys(['example_branch_dop_operator_v3']) retrieved from /home/oury/.local/lib/python3.10/site-packages/airflow/example_dags/example_branch_python_dop_operator_3.py
[2022-06-20 11:17:36,877] {logging_mixin.py:115} INFO - [2022-06-20 11:17:36,877] {dag.py:2379} INFO - Sync 1 DAGs
[2022-06-20 11:17:36,899] {logging_mixin.py:115} INFO - [2022-06-20 11:17:36,899] {dag.py:2923} INFO - Setting next_dagrun for example_branch_dop_operator_v3 to 2022-06-20T10:16:00+00:00, run_after=2022-06-20T10:17:00+00:00
[2022-06-20 11:17:36,912] {processor.py:161} INFO - Processing /home/oury/.local/lib/python3.10/site-packages/airflow/example_dags/example_branch_python_dop_operator_3.py took 0.059 seconds
