[2022-06-20 10:57:48,909] {processor.py:153} INFO - Started process (PID=14132) to work on /home/oury/.local/lib/python3.10/site-packages/airflow/example_dags/example_bash_operator.py
[2022-06-20 10:57:48,909] {processor.py:641} INFO - Processing file /home/oury/.local/lib/python3.10/site-packages/airflow/example_dags/example_bash_operator.py for tasks to queue
[2022-06-20 10:57:48,910] {logging_mixin.py:115} INFO - [2022-06-20 10:57:48,910] {dagbag.py:507} INFO - Filling up the DagBag from /home/oury/.local/lib/python3.10/site-packages/airflow/example_dags/example_bash_operator.py
[2022-06-20 10:57:48,920] {processor.py:651} INFO - DAG(s) dict_keys(['example_bash_operator']) retrieved from /home/oury/.local/lib/python3.10/site-packages/airflow/example_dags/example_bash_operator.py
[2022-06-20 10:57:48,933] {logging_mixin.py:115} INFO - [2022-06-20 10:57:48,933] {dag.py:2379} INFO - Sync 1 DAGs
[2022-06-20 10:57:48,951] {logging_mixin.py:115} INFO - [2022-06-20 10:57:48,951] {dag.py:2923} INFO - Setting next_dagrun for example_bash_operator to 2022-06-19T00:00:00+00:00, run_after=2022-06-20T00:00:00+00:00
[2022-06-20 10:57:48,964] {processor.py:161} INFO - Processing /home/oury/.local/lib/python3.10/site-packages/airflow/example_dags/example_bash_operator.py took 0.058 seconds
[2022-06-20 10:58:23,504] {processor.py:153} INFO - Started process (PID=14321) to work on /home/oury/.local/lib/python3.10/site-packages/airflow/example_dags/example_bash_operator.py
[2022-06-20 10:58:23,504] {processor.py:641} INFO - Processing file /home/oury/.local/lib/python3.10/site-packages/airflow/example_dags/example_bash_operator.py for tasks to queue
[2022-06-20 10:58:23,505] {logging_mixin.py:115} INFO - [2022-06-20 10:58:23,505] {dagbag.py:507} INFO - Filling up the DagBag from /home/oury/.local/lib/python3.10/site-packages/airflow/example_dags/example_bash_operator.py
[2022-06-20 10:58:23,514] {processor.py:651} INFO - DAG(s) dict_keys(['example_bash_operator']) retrieved from /home/oury/.local/lib/python3.10/site-packages/airflow/example_dags/example_bash_operator.py
[2022-06-20 10:58:23,527] {logging_mixin.py:115} INFO - [2022-06-20 10:58:23,527] {dag.py:2379} INFO - Sync 1 DAGs
[2022-06-20 10:58:23,545] {logging_mixin.py:115} INFO - [2022-06-20 10:58:23,545] {dag.py:2923} INFO - Setting next_dagrun for example_bash_operator to 2022-06-19T00:00:00+00:00, run_after=2022-06-20T00:00:00+00:00
[2022-06-20 10:58:23,557] {processor.py:161} INFO - Processing /home/oury/.local/lib/python3.10/site-packages/airflow/example_dags/example_bash_operator.py took 0.056 seconds
[2022-06-20 10:59:00,052] {processor.py:153} INFO - Started process (PID=14436) to work on /home/oury/.local/lib/python3.10/site-packages/airflow/example_dags/example_bash_operator.py
[2022-06-20 10:59:00,052] {processor.py:641} INFO - Processing file /home/oury/.local/lib/python3.10/site-packages/airflow/example_dags/example_bash_operator.py for tasks to queue
[2022-06-20 10:59:00,053] {logging_mixin.py:115} INFO - [2022-06-20 10:59:00,053] {dagbag.py:507} INFO - Filling up the DagBag from /home/oury/.local/lib/python3.10/site-packages/airflow/example_dags/example_bash_operator.py
[2022-06-20 10:59:00,064] {processor.py:651} INFO - DAG(s) dict_keys(['example_bash_operator']) retrieved from /home/oury/.local/lib/python3.10/site-packages/airflow/example_dags/example_bash_operator.py
[2022-06-20 10:59:00,077] {logging_mixin.py:115} INFO - [2022-06-20 10:59:00,077] {dag.py:2379} INFO - Sync 1 DAGs
[2022-06-20 10:59:00,093] {logging_mixin.py:115} INFO - [2022-06-20 10:59:00,093] {dag.py:2923} INFO - Setting next_dagrun for example_bash_operator to 2022-06-19T00:00:00+00:00, run_after=2022-06-20T00:00:00+00:00
[2022-06-20 10:59:00,104] {processor.py:161} INFO - Processing /home/oury/.local/lib/python3.10/site-packages/airflow/example_dags/example_bash_operator.py took 0.054 seconds
[2022-06-20 10:59:36,896] {processor.py:153} INFO - Started process (PID=14551) to work on /home/oury/.local/lib/python3.10/site-packages/airflow/example_dags/example_bash_operator.py
[2022-06-20 10:59:36,897] {processor.py:641} INFO - Processing file /home/oury/.local/lib/python3.10/site-packages/airflow/example_dags/example_bash_operator.py for tasks to queue
[2022-06-20 10:59:36,897] {logging_mixin.py:115} INFO - [2022-06-20 10:59:36,897] {dagbag.py:507} INFO - Filling up the DagBag from /home/oury/.local/lib/python3.10/site-packages/airflow/example_dags/example_bash_operator.py
[2022-06-20 10:59:36,906] {processor.py:651} INFO - DAG(s) dict_keys(['example_bash_operator']) retrieved from /home/oury/.local/lib/python3.10/site-packages/airflow/example_dags/example_bash_operator.py
[2022-06-20 10:59:36,919] {logging_mixin.py:115} INFO - [2022-06-20 10:59:36,919] {dag.py:2379} INFO - Sync 1 DAGs
[2022-06-20 10:59:36,935] {logging_mixin.py:115} INFO - [2022-06-20 10:59:36,935] {dag.py:2923} INFO - Setting next_dagrun for example_bash_operator to 2022-06-19T00:00:00+00:00, run_after=2022-06-20T00:00:00+00:00
[2022-06-20 10:59:36,946] {processor.py:161} INFO - Processing /home/oury/.local/lib/python3.10/site-packages/airflow/example_dags/example_bash_operator.py took 0.053 seconds
[2022-06-20 11:00:15,480] {processor.py:153} INFO - Started process (PID=14615) to work on /home/oury/.local/lib/python3.10/site-packages/airflow/example_dags/example_bash_operator.py
[2022-06-20 11:00:15,480] {processor.py:641} INFO - Processing file /home/oury/.local/lib/python3.10/site-packages/airflow/example_dags/example_bash_operator.py for tasks to queue
[2022-06-20 11:00:15,481] {logging_mixin.py:115} INFO - [2022-06-20 11:00:15,480] {dagbag.py:507} INFO - Filling up the DagBag from /home/oury/.local/lib/python3.10/site-packages/airflow/example_dags/example_bash_operator.py
[2022-06-20 11:00:15,490] {processor.py:651} INFO - DAG(s) dict_keys(['example_bash_operator']) retrieved from /home/oury/.local/lib/python3.10/site-packages/airflow/example_dags/example_bash_operator.py
[2022-06-20 11:00:15,503] {logging_mixin.py:115} INFO - [2022-06-20 11:00:15,503] {dag.py:2379} INFO - Sync 1 DAGs
[2022-06-20 11:00:15,519] {logging_mixin.py:115} INFO - [2022-06-20 11:00:15,519] {dag.py:2923} INFO - Setting next_dagrun for example_bash_operator to 2022-06-19T00:00:00+00:00, run_after=2022-06-20T00:00:00+00:00
[2022-06-20 11:00:15,530] {processor.py:161} INFO - Processing /home/oury/.local/lib/python3.10/site-packages/airflow/example_dags/example_bash_operator.py took 0.053 seconds
[2022-06-20 11:00:51,383] {processor.py:153} INFO - Started process (PID=14662) to work on /home/oury/.local/lib/python3.10/site-packages/airflow/example_dags/example_bash_operator.py
[2022-06-20 11:00:51,384] {processor.py:641} INFO - Processing file /home/oury/.local/lib/python3.10/site-packages/airflow/example_dags/example_bash_operator.py for tasks to queue
[2022-06-20 11:00:51,384] {logging_mixin.py:115} INFO - [2022-06-20 11:00:51,384] {dagbag.py:507} INFO - Filling up the DagBag from /home/oury/.local/lib/python3.10/site-packages/airflow/example_dags/example_bash_operator.py
[2022-06-20 11:00:51,394] {processor.py:651} INFO - DAG(s) dict_keys(['example_bash_operator']) retrieved from /home/oury/.local/lib/python3.10/site-packages/airflow/example_dags/example_bash_operator.py
[2022-06-20 11:00:51,407] {logging_mixin.py:115} INFO - [2022-06-20 11:00:51,407] {dag.py:2379} INFO - Sync 1 DAGs
[2022-06-20 11:00:51,423] {logging_mixin.py:115} INFO - [2022-06-20 11:00:51,423] {dag.py:2923} INFO - Setting next_dagrun for example_bash_operator to 2022-06-19T00:00:00+00:00, run_after=2022-06-20T00:00:00+00:00
[2022-06-20 11:00:51,434] {processor.py:161} INFO - Processing /home/oury/.local/lib/python3.10/site-packages/airflow/example_dags/example_bash_operator.py took 0.053 seconds
[2022-06-20 11:01:25,132] {processor.py:153} INFO - Started process (PID=14706) to work on /home/oury/.local/lib/python3.10/site-packages/airflow/example_dags/example_bash_operator.py
[2022-06-20 11:01:25,132] {processor.py:641} INFO - Processing file /home/oury/.local/lib/python3.10/site-packages/airflow/example_dags/example_bash_operator.py for tasks to queue
[2022-06-20 11:01:25,133] {logging_mixin.py:115} INFO - [2022-06-20 11:01:25,132] {dagbag.py:507} INFO - Filling up the DagBag from /home/oury/.local/lib/python3.10/site-packages/airflow/example_dags/example_bash_operator.py
[2022-06-20 11:01:25,142] {processor.py:651} INFO - DAG(s) dict_keys(['example_bash_operator']) retrieved from /home/oury/.local/lib/python3.10/site-packages/airflow/example_dags/example_bash_operator.py
[2022-06-20 11:01:25,155] {logging_mixin.py:115} INFO - [2022-06-20 11:01:25,155] {dag.py:2379} INFO - Sync 1 DAGs
[2022-06-20 11:01:25,171] {logging_mixin.py:115} INFO - [2022-06-20 11:01:25,171] {dag.py:2923} INFO - Setting next_dagrun for example_bash_operator to 2022-06-19T00:00:00+00:00, run_after=2022-06-20T00:00:00+00:00
[2022-06-20 11:01:25,182] {processor.py:161} INFO - Processing /home/oury/.local/lib/python3.10/site-packages/airflow/example_dags/example_bash_operator.py took 0.053 seconds
[2022-06-20 11:02:02,344] {processor.py:153} INFO - Started process (PID=14751) to work on /home/oury/.local/lib/python3.10/site-packages/airflow/example_dags/example_bash_operator.py
[2022-06-20 11:02:02,344] {processor.py:641} INFO - Processing file /home/oury/.local/lib/python3.10/site-packages/airflow/example_dags/example_bash_operator.py for tasks to queue
[2022-06-20 11:02:02,345] {logging_mixin.py:115} INFO - [2022-06-20 11:02:02,344] {dagbag.py:507} INFO - Filling up the DagBag from /home/oury/.local/lib/python3.10/site-packages/airflow/example_dags/example_bash_operator.py
[2022-06-20 11:02:02,354] {processor.py:651} INFO - DAG(s) dict_keys(['example_bash_operator']) retrieved from /home/oury/.local/lib/python3.10/site-packages/airflow/example_dags/example_bash_operator.py
[2022-06-20 11:02:02,367] {logging_mixin.py:115} INFO - [2022-06-20 11:02:02,367] {dag.py:2379} INFO - Sync 1 DAGs
[2022-06-20 11:02:02,383] {logging_mixin.py:115} INFO - [2022-06-20 11:02:02,383] {dag.py:2923} INFO - Setting next_dagrun for example_bash_operator to 2022-06-19T00:00:00+00:00, run_after=2022-06-20T00:00:00+00:00
[2022-06-20 11:02:02,394] {processor.py:161} INFO - Processing /home/oury/.local/lib/python3.10/site-packages/airflow/example_dags/example_bash_operator.py took 0.053 seconds
[2022-06-20 11:02:36,200] {processor.py:153} INFO - Started process (PID=14793) to work on /home/oury/.local/lib/python3.10/site-packages/airflow/example_dags/example_bash_operator.py
[2022-06-20 11:02:36,201] {processor.py:641} INFO - Processing file /home/oury/.local/lib/python3.10/site-packages/airflow/example_dags/example_bash_operator.py for tasks to queue
[2022-06-20 11:02:36,201] {logging_mixin.py:115} INFO - [2022-06-20 11:02:36,201] {dagbag.py:507} INFO - Filling up the DagBag from /home/oury/.local/lib/python3.10/site-packages/airflow/example_dags/example_bash_operator.py
[2022-06-20 11:02:36,212] {processor.py:651} INFO - DAG(s) dict_keys(['example_bash_operator']) retrieved from /home/oury/.local/lib/python3.10/site-packages/airflow/example_dags/example_bash_operator.py
[2022-06-20 11:02:36,225] {logging_mixin.py:115} INFO - [2022-06-20 11:02:36,225] {dag.py:2379} INFO - Sync 1 DAGs
[2022-06-20 11:02:36,242] {logging_mixin.py:115} INFO - [2022-06-20 11:02:36,242] {dag.py:2923} INFO - Setting next_dagrun for example_bash_operator to 2022-06-19T00:00:00+00:00, run_after=2022-06-20T00:00:00+00:00
[2022-06-20 11:02:36,253] {processor.py:161} INFO - Processing /home/oury/.local/lib/python3.10/site-packages/airflow/example_dags/example_bash_operator.py took 0.055 seconds
[2022-06-20 11:03:16,140] {processor.py:153} INFO - Started process (PID=14843) to work on /home/oury/.local/lib/python3.10/site-packages/airflow/example_dags/example_bash_operator.py
[2022-06-20 11:03:16,141] {processor.py:641} INFO - Processing file /home/oury/.local/lib/python3.10/site-packages/airflow/example_dags/example_bash_operator.py for tasks to queue
[2022-06-20 11:03:16,141] {logging_mixin.py:115} INFO - [2022-06-20 11:03:16,141] {dagbag.py:507} INFO - Filling up the DagBag from /home/oury/.local/lib/python3.10/site-packages/airflow/example_dags/example_bash_operator.py
[2022-06-20 11:03:16,151] {processor.py:651} INFO - DAG(s) dict_keys(['example_bash_operator']) retrieved from /home/oury/.local/lib/python3.10/site-packages/airflow/example_dags/example_bash_operator.py
[2022-06-20 11:03:16,164] {logging_mixin.py:115} INFO - [2022-06-20 11:03:16,164] {dag.py:2379} INFO - Sync 1 DAGs
[2022-06-20 11:03:16,180] {logging_mixin.py:115} INFO - [2022-06-20 11:03:16,180] {dag.py:2923} INFO - Setting next_dagrun for example_bash_operator to 2022-06-19T00:00:00+00:00, run_after=2022-06-20T00:00:00+00:00
[2022-06-20 11:03:16,191] {processor.py:161} INFO - Processing /home/oury/.local/lib/python3.10/site-packages/airflow/example_dags/example_bash_operator.py took 0.053 seconds
[2022-06-20 11:03:51,332] {processor.py:153} INFO - Started process (PID=14885) to work on /home/oury/.local/lib/python3.10/site-packages/airflow/example_dags/example_bash_operator.py
[2022-06-20 11:03:51,332] {processor.py:641} INFO - Processing file /home/oury/.local/lib/python3.10/site-packages/airflow/example_dags/example_bash_operator.py for tasks to queue
[2022-06-20 11:03:51,333] {logging_mixin.py:115} INFO - [2022-06-20 11:03:51,333] {dagbag.py:507} INFO - Filling up the DagBag from /home/oury/.local/lib/python3.10/site-packages/airflow/example_dags/example_bash_operator.py
[2022-06-20 11:03:51,342] {processor.py:651} INFO - DAG(s) dict_keys(['example_bash_operator']) retrieved from /home/oury/.local/lib/python3.10/site-packages/airflow/example_dags/example_bash_operator.py
[2022-06-20 11:03:51,355] {logging_mixin.py:115} INFO - [2022-06-20 11:03:51,355] {dag.py:2379} INFO - Sync 1 DAGs
[2022-06-20 11:03:51,371] {logging_mixin.py:115} INFO - [2022-06-20 11:03:51,371] {dag.py:2923} INFO - Setting next_dagrun for example_bash_operator to 2022-06-19T00:00:00+00:00, run_after=2022-06-20T00:00:00+00:00
[2022-06-20 11:03:51,382] {processor.py:161} INFO - Processing /home/oury/.local/lib/python3.10/site-packages/airflow/example_dags/example_bash_operator.py took 0.052 seconds
[2022-06-20 11:04:28,241] {processor.py:153} INFO - Started process (PID=15115) to work on /home/oury/.local/lib/python3.10/site-packages/airflow/example_dags/example_bash_operator.py
[2022-06-20 11:04:28,242] {processor.py:641} INFO - Processing file /home/oury/.local/lib/python3.10/site-packages/airflow/example_dags/example_bash_operator.py for tasks to queue
[2022-06-20 11:04:28,242] {logging_mixin.py:115} INFO - [2022-06-20 11:04:28,242] {dagbag.py:507} INFO - Filling up the DagBag from /home/oury/.local/lib/python3.10/site-packages/airflow/example_dags/example_bash_operator.py
[2022-06-20 11:04:28,253] {processor.py:651} INFO - DAG(s) dict_keys(['example_bash_operator']) retrieved from /home/oury/.local/lib/python3.10/site-packages/airflow/example_dags/example_bash_operator.py
[2022-06-20 11:04:28,268] {logging_mixin.py:115} INFO - [2022-06-20 11:04:28,268] {dag.py:2379} INFO - Sync 1 DAGs
[2022-06-20 11:04:28,292] {logging_mixin.py:115} INFO - [2022-06-20 11:04:28,292] {dag.py:2923} INFO - Setting next_dagrun for example_bash_operator to 2022-06-19T00:00:00+00:00, run_after=2022-06-20T00:00:00+00:00
[2022-06-20 11:04:28,304] {processor.py:161} INFO - Processing /home/oury/.local/lib/python3.10/site-packages/airflow/example_dags/example_bash_operator.py took 0.065 seconds
[2022-06-20 11:05:03,880] {processor.py:153} INFO - Started process (PID=15224) to work on /home/oury/.local/lib/python3.10/site-packages/airflow/example_dags/example_bash_operator.py
[2022-06-20 11:05:03,881] {processor.py:641} INFO - Processing file /home/oury/.local/lib/python3.10/site-packages/airflow/example_dags/example_bash_operator.py for tasks to queue
[2022-06-20 11:05:03,881] {logging_mixin.py:115} INFO - [2022-06-20 11:05:03,881] {dagbag.py:507} INFO - Filling up the DagBag from /home/oury/.local/lib/python3.10/site-packages/airflow/example_dags/example_bash_operator.py
[2022-06-20 11:05:03,891] {processor.py:651} INFO - DAG(s) dict_keys(['example_bash_operator']) retrieved from /home/oury/.local/lib/python3.10/site-packages/airflow/example_dags/example_bash_operator.py
[2022-06-20 11:05:03,906] {logging_mixin.py:115} INFO - [2022-06-20 11:05:03,906] {dag.py:2379} INFO - Sync 1 DAGs
[2022-06-20 11:05:03,923] {logging_mixin.py:115} INFO - [2022-06-20 11:05:03,923] {dag.py:2923} INFO - Setting next_dagrun for example_bash_operator to 2022-06-19T00:00:00+00:00, run_after=2022-06-20T00:00:00+00:00
[2022-06-20 11:05:03,935] {processor.py:161} INFO - Processing /home/oury/.local/lib/python3.10/site-packages/airflow/example_dags/example_bash_operator.py took 0.057 seconds
[2022-06-20 11:05:38,544] {processor.py:153} INFO - Started process (PID=15272) to work on /home/oury/.local/lib/python3.10/site-packages/airflow/example_dags/example_bash_operator.py
[2022-06-20 11:05:38,545] {processor.py:641} INFO - Processing file /home/oury/.local/lib/python3.10/site-packages/airflow/example_dags/example_bash_operator.py for tasks to queue
[2022-06-20 11:05:38,545] {logging_mixin.py:115} INFO - [2022-06-20 11:05:38,545] {dagbag.py:507} INFO - Filling up the DagBag from /home/oury/.local/lib/python3.10/site-packages/airflow/example_dags/example_bash_operator.py
[2022-06-20 11:05:38,555] {processor.py:651} INFO - DAG(s) dict_keys(['example_bash_operator']) retrieved from /home/oury/.local/lib/python3.10/site-packages/airflow/example_dags/example_bash_operator.py
[2022-06-20 11:05:38,567] {logging_mixin.py:115} INFO - [2022-06-20 11:05:38,567] {dag.py:2379} INFO - Sync 1 DAGs
[2022-06-20 11:05:38,583] {logging_mixin.py:115} INFO - [2022-06-20 11:05:38,583] {dag.py:2923} INFO - Setting next_dagrun for example_bash_operator to 2022-06-19T00:00:00+00:00, run_after=2022-06-20T00:00:00+00:00
[2022-06-20 11:05:38,594] {processor.py:161} INFO - Processing /home/oury/.local/lib/python3.10/site-packages/airflow/example_dags/example_bash_operator.py took 0.052 seconds
[2022-06-20 11:06:20,333] {processor.py:153} INFO - Started process (PID=15328) to work on /home/oury/.local/lib/python3.10/site-packages/airflow/example_dags/example_bash_operator.py
[2022-06-20 11:06:20,333] {processor.py:641} INFO - Processing file /home/oury/.local/lib/python3.10/site-packages/airflow/example_dags/example_bash_operator.py for tasks to queue
[2022-06-20 11:06:20,334] {logging_mixin.py:115} INFO - [2022-06-20 11:06:20,334] {dagbag.py:507} INFO - Filling up the DagBag from /home/oury/.local/lib/python3.10/site-packages/airflow/example_dags/example_bash_operator.py
[2022-06-20 11:06:20,343] {processor.py:651} INFO - DAG(s) dict_keys(['example_bash_operator']) retrieved from /home/oury/.local/lib/python3.10/site-packages/airflow/example_dags/example_bash_operator.py
[2022-06-20 11:06:20,356] {logging_mixin.py:115} INFO - [2022-06-20 11:06:20,356] {dag.py:2379} INFO - Sync 1 DAGs
[2022-06-20 11:06:20,372] {logging_mixin.py:115} INFO - [2022-06-20 11:06:20,372] {dag.py:2923} INFO - Setting next_dagrun for example_bash_operator to 2022-06-19T00:00:00+00:00, run_after=2022-06-20T00:00:00+00:00
[2022-06-20 11:06:20,383] {processor.py:161} INFO - Processing /home/oury/.local/lib/python3.10/site-packages/airflow/example_dags/example_bash_operator.py took 0.052 seconds
[2022-06-20 11:06:53,656] {processor.py:153} INFO - Started process (PID=15383) to work on /home/oury/.local/lib/python3.10/site-packages/airflow/example_dags/example_bash_operator.py
[2022-06-20 11:06:53,657] {processor.py:641} INFO - Processing file /home/oury/.local/lib/python3.10/site-packages/airflow/example_dags/example_bash_operator.py for tasks to queue
[2022-06-20 11:06:53,657] {logging_mixin.py:115} INFO - [2022-06-20 11:06:53,657] {dagbag.py:507} INFO - Filling up the DagBag from /home/oury/.local/lib/python3.10/site-packages/airflow/example_dags/example_bash_operator.py
[2022-06-20 11:06:53,667] {processor.py:651} INFO - DAG(s) dict_keys(['example_bash_operator']) retrieved from /home/oury/.local/lib/python3.10/site-packages/airflow/example_dags/example_bash_operator.py
[2022-06-20 11:06:53,679] {logging_mixin.py:115} INFO - [2022-06-20 11:06:53,679] {dag.py:2379} INFO - Sync 1 DAGs
[2022-06-20 11:06:53,697] {logging_mixin.py:115} INFO - [2022-06-20 11:06:53,697] {dag.py:2923} INFO - Setting next_dagrun for example_bash_operator to 2022-06-19T00:00:00+00:00, run_after=2022-06-20T00:00:00+00:00
[2022-06-20 11:06:53,708] {processor.py:161} INFO - Processing /home/oury/.local/lib/python3.10/site-packages/airflow/example_dags/example_bash_operator.py took 0.055 seconds
[2022-06-20 11:07:29,764] {processor.py:153} INFO - Started process (PID=15429) to work on /home/oury/.local/lib/python3.10/site-packages/airflow/example_dags/example_bash_operator.py
[2022-06-20 11:07:29,764] {processor.py:641} INFO - Processing file /home/oury/.local/lib/python3.10/site-packages/airflow/example_dags/example_bash_operator.py for tasks to queue
[2022-06-20 11:07:29,765] {logging_mixin.py:115} INFO - [2022-06-20 11:07:29,764] {dagbag.py:507} INFO - Filling up the DagBag from /home/oury/.local/lib/python3.10/site-packages/airflow/example_dags/example_bash_operator.py
[2022-06-20 11:07:29,774] {processor.py:651} INFO - DAG(s) dict_keys(['example_bash_operator']) retrieved from /home/oury/.local/lib/python3.10/site-packages/airflow/example_dags/example_bash_operator.py
[2022-06-20 11:07:29,787] {logging_mixin.py:115} INFO - [2022-06-20 11:07:29,787] {dag.py:2379} INFO - Sync 1 DAGs
[2022-06-20 11:07:29,802] {logging_mixin.py:115} INFO - [2022-06-20 11:07:29,802] {dag.py:2923} INFO - Setting next_dagrun for example_bash_operator to 2022-06-19T00:00:00+00:00, run_after=2022-06-20T00:00:00+00:00
[2022-06-20 11:07:29,815] {processor.py:161} INFO - Processing /home/oury/.local/lib/python3.10/site-packages/airflow/example_dags/example_bash_operator.py took 0.054 seconds
[2022-06-20 11:08:09,963] {processor.py:153} INFO - Started process (PID=15571) to work on /home/oury/.local/lib/python3.10/site-packages/airflow/example_dags/example_bash_operator.py
[2022-06-20 11:08:09,964] {processor.py:641} INFO - Processing file /home/oury/.local/lib/python3.10/site-packages/airflow/example_dags/example_bash_operator.py for tasks to queue
[2022-06-20 11:08:09,964] {logging_mixin.py:115} INFO - [2022-06-20 11:08:09,964] {dagbag.py:507} INFO - Filling up the DagBag from /home/oury/.local/lib/python3.10/site-packages/airflow/example_dags/example_bash_operator.py
[2022-06-20 11:08:09,974] {processor.py:651} INFO - DAG(s) dict_keys(['example_bash_operator']) retrieved from /home/oury/.local/lib/python3.10/site-packages/airflow/example_dags/example_bash_operator.py
[2022-06-20 11:08:09,986] {logging_mixin.py:115} INFO - [2022-06-20 11:08:09,986] {dag.py:2379} INFO - Sync 1 DAGs
[2022-06-20 11:08:10,002] {logging_mixin.py:115} INFO - [2022-06-20 11:08:10,002] {dag.py:2923} INFO - Setting next_dagrun for example_bash_operator to 2022-06-19T00:00:00+00:00, run_after=2022-06-20T00:00:00+00:00
[2022-06-20 11:08:10,014] {processor.py:161} INFO - Processing /home/oury/.local/lib/python3.10/site-packages/airflow/example_dags/example_bash_operator.py took 0.053 seconds
[2022-06-20 11:08:47,603] {processor.py:153} INFO - Started process (PID=15712) to work on /home/oury/.local/lib/python3.10/site-packages/airflow/example_dags/example_bash_operator.py
[2022-06-20 11:08:47,604] {processor.py:641} INFO - Processing file /home/oury/.local/lib/python3.10/site-packages/airflow/example_dags/example_bash_operator.py for tasks to queue
[2022-06-20 11:08:47,604] {logging_mixin.py:115} INFO - [2022-06-20 11:08:47,604] {dagbag.py:507} INFO - Filling up the DagBag from /home/oury/.local/lib/python3.10/site-packages/airflow/example_dags/example_bash_operator.py
[2022-06-20 11:08:47,622] {processor.py:651} INFO - DAG(s) dict_keys(['example_bash_operator']) retrieved from /home/oury/.local/lib/python3.10/site-packages/airflow/example_dags/example_bash_operator.py
[2022-06-20 11:08:47,646] {logging_mixin.py:115} INFO - [2022-06-20 11:08:47,646] {dag.py:2379} INFO - Sync 1 DAGs
[2022-06-20 11:08:47,672] {logging_mixin.py:115} INFO - [2022-06-20 11:08:47,672] {dag.py:2923} INFO - Setting next_dagrun for example_bash_operator to 2022-06-19T00:00:00+00:00, run_after=2022-06-20T00:00:00+00:00
[2022-06-20 11:08:47,704] {processor.py:161} INFO - Processing /home/oury/.local/lib/python3.10/site-packages/airflow/example_dags/example_bash_operator.py took 0.105 seconds
[2022-06-20 11:09:25,637] {processor.py:153} INFO - Started process (PID=15882) to work on /home/oury/.local/lib/python3.10/site-packages/airflow/example_dags/example_bash_operator.py
[2022-06-20 11:09:25,639] {processor.py:641} INFO - Processing file /home/oury/.local/lib/python3.10/site-packages/airflow/example_dags/example_bash_operator.py for tasks to queue
[2022-06-20 11:09:25,639] {logging_mixin.py:115} INFO - [2022-06-20 11:09:25,639] {dagbag.py:507} INFO - Filling up the DagBag from /home/oury/.local/lib/python3.10/site-packages/airflow/example_dags/example_bash_operator.py
[2022-06-20 11:09:25,661] {processor.py:651} INFO - DAG(s) dict_keys(['example_bash_operator']) retrieved from /home/oury/.local/lib/python3.10/site-packages/airflow/example_dags/example_bash_operator.py
[2022-06-20 11:09:25,688] {logging_mixin.py:115} INFO - [2022-06-20 11:09:25,687] {dag.py:2379} INFO - Sync 1 DAGs
[2022-06-20 11:09:25,754] {logging_mixin.py:115} INFO - [2022-06-20 11:09:25,753] {dag.py:2923} INFO - Setting next_dagrun for example_bash_operator to 2022-06-19T00:00:00+00:00, run_after=2022-06-20T00:00:00+00:00
[2022-06-20 11:09:25,834] {processor.py:161} INFO - Processing /home/oury/.local/lib/python3.10/site-packages/airflow/example_dags/example_bash_operator.py took 0.201 seconds
[2022-06-20 11:10:01,171] {processor.py:153} INFO - Started process (PID=15976) to work on /home/oury/.local/lib/python3.10/site-packages/airflow/example_dags/example_bash_operator.py
[2022-06-20 11:10:01,171] {processor.py:641} INFO - Processing file /home/oury/.local/lib/python3.10/site-packages/airflow/example_dags/example_bash_operator.py for tasks to queue
[2022-06-20 11:10:01,172] {logging_mixin.py:115} INFO - [2022-06-20 11:10:01,172] {dagbag.py:507} INFO - Filling up the DagBag from /home/oury/.local/lib/python3.10/site-packages/airflow/example_dags/example_bash_operator.py
[2022-06-20 11:10:01,186] {processor.py:651} INFO - DAG(s) dict_keys(['example_bash_operator']) retrieved from /home/oury/.local/lib/python3.10/site-packages/airflow/example_dags/example_bash_operator.py
[2022-06-20 11:10:01,208] {logging_mixin.py:115} INFO - [2022-06-20 11:10:01,207] {dag.py:2379} INFO - Sync 1 DAGs
[2022-06-20 11:10:01,227] {logging_mixin.py:115} INFO - [2022-06-20 11:10:01,227] {dag.py:2923} INFO - Setting next_dagrun for example_bash_operator to 2022-06-19T00:00:00+00:00, run_after=2022-06-20T00:00:00+00:00
[2022-06-20 11:10:01,238] {processor.py:161} INFO - Processing /home/oury/.local/lib/python3.10/site-packages/airflow/example_dags/example_bash_operator.py took 0.072 seconds
[2022-06-20 11:10:39,024] {processor.py:153} INFO - Started process (PID=16071) to work on /home/oury/.local/lib/python3.10/site-packages/airflow/example_dags/example_bash_operator.py
[2022-06-20 11:10:39,024] {processor.py:641} INFO - Processing file /home/oury/.local/lib/python3.10/site-packages/airflow/example_dags/example_bash_operator.py for tasks to queue
[2022-06-20 11:10:39,025] {logging_mixin.py:115} INFO - [2022-06-20 11:10:39,025] {dagbag.py:507} INFO - Filling up the DagBag from /home/oury/.local/lib/python3.10/site-packages/airflow/example_dags/example_bash_operator.py
[2022-06-20 11:10:39,034] {processor.py:651} INFO - DAG(s) dict_keys(['example_bash_operator']) retrieved from /home/oury/.local/lib/python3.10/site-packages/airflow/example_dags/example_bash_operator.py
[2022-06-20 11:10:39,047] {logging_mixin.py:115} INFO - [2022-06-20 11:10:39,047] {dag.py:2379} INFO - Sync 1 DAGs
[2022-06-20 11:10:39,063] {logging_mixin.py:115} INFO - [2022-06-20 11:10:39,063] {dag.py:2923} INFO - Setting next_dagrun for example_bash_operator to 2022-06-19T00:00:00+00:00, run_after=2022-06-20T00:00:00+00:00
[2022-06-20 11:10:39,074] {processor.py:161} INFO - Processing /home/oury/.local/lib/python3.10/site-packages/airflow/example_dags/example_bash_operator.py took 0.053 seconds
[2022-06-20 11:11:15,001] {processor.py:153} INFO - Started process (PID=16298) to work on /home/oury/.local/lib/python3.10/site-packages/airflow/example_dags/example_bash_operator.py
[2022-06-20 11:11:15,002] {processor.py:641} INFO - Processing file /home/oury/.local/lib/python3.10/site-packages/airflow/example_dags/example_bash_operator.py for tasks to queue
[2022-06-20 11:11:15,003] {logging_mixin.py:115} INFO - [2022-06-20 11:11:15,003] {dagbag.py:507} INFO - Filling up the DagBag from /home/oury/.local/lib/python3.10/site-packages/airflow/example_dags/example_bash_operator.py
[2022-06-20 11:11:15,021] {processor.py:651} INFO - DAG(s) dict_keys(['example_bash_operator']) retrieved from /home/oury/.local/lib/python3.10/site-packages/airflow/example_dags/example_bash_operator.py
[2022-06-20 11:11:15,048] {logging_mixin.py:115} INFO - [2022-06-20 11:11:15,048] {dag.py:2379} INFO - Sync 1 DAGs
[2022-06-20 11:11:15,078] {logging_mixin.py:115} INFO - [2022-06-20 11:11:15,078] {dag.py:2923} INFO - Setting next_dagrun for example_bash_operator to 2022-06-19T00:00:00+00:00, run_after=2022-06-20T00:00:00+00:00
[2022-06-20 11:11:15,097] {processor.py:161} INFO - Processing /home/oury/.local/lib/python3.10/site-packages/airflow/example_dags/example_bash_operator.py took 0.101 seconds
[2022-06-20 11:11:52,054] {processor.py:153} INFO - Started process (PID=16429) to work on /home/oury/.local/lib/python3.10/site-packages/airflow/example_dags/example_bash_operator.py
[2022-06-20 11:11:52,054] {processor.py:641} INFO - Processing file /home/oury/.local/lib/python3.10/site-packages/airflow/example_dags/example_bash_operator.py for tasks to queue
[2022-06-20 11:11:52,055] {logging_mixin.py:115} INFO - [2022-06-20 11:11:52,054] {dagbag.py:507} INFO - Filling up the DagBag from /home/oury/.local/lib/python3.10/site-packages/airflow/example_dags/example_bash_operator.py
[2022-06-20 11:11:52,066] {processor.py:651} INFO - DAG(s) dict_keys(['example_bash_operator']) retrieved from /home/oury/.local/lib/python3.10/site-packages/airflow/example_dags/example_bash_operator.py
[2022-06-20 11:11:52,080] {logging_mixin.py:115} INFO - [2022-06-20 11:11:52,080] {dag.py:2379} INFO - Sync 1 DAGs
[2022-06-20 11:11:52,100] {logging_mixin.py:115} INFO - [2022-06-20 11:11:52,100] {dag.py:2923} INFO - Setting next_dagrun for example_bash_operator to 2022-06-19T00:00:00+00:00, run_after=2022-06-20T00:00:00+00:00
[2022-06-20 11:11:52,112] {processor.py:161} INFO - Processing /home/oury/.local/lib/python3.10/site-packages/airflow/example_dags/example_bash_operator.py took 0.061 seconds
[2022-06-20 11:12:34,907] {processor.py:153} INFO - Started process (PID=16485) to work on /home/oury/.local/lib/python3.10/site-packages/airflow/example_dags/example_bash_operator.py
[2022-06-20 11:12:34,908] {processor.py:641} INFO - Processing file /home/oury/.local/lib/python3.10/site-packages/airflow/example_dags/example_bash_operator.py for tasks to queue
[2022-06-20 11:12:34,908] {logging_mixin.py:115} INFO - [2022-06-20 11:12:34,908] {dagbag.py:507} INFO - Filling up the DagBag from /home/oury/.local/lib/python3.10/site-packages/airflow/example_dags/example_bash_operator.py
[2022-06-20 11:12:34,918] {processor.py:651} INFO - DAG(s) dict_keys(['example_bash_operator']) retrieved from /home/oury/.local/lib/python3.10/site-packages/airflow/example_dags/example_bash_operator.py
[2022-06-20 11:12:34,930] {logging_mixin.py:115} INFO - [2022-06-20 11:12:34,930] {dag.py:2379} INFO - Sync 1 DAGs
[2022-06-20 11:12:34,946] {logging_mixin.py:115} INFO - [2022-06-20 11:12:34,946] {dag.py:2923} INFO - Setting next_dagrun for example_bash_operator to 2022-06-19T00:00:00+00:00, run_after=2022-06-20T00:00:00+00:00
[2022-06-20 11:12:34,957] {processor.py:161} INFO - Processing /home/oury/.local/lib/python3.10/site-packages/airflow/example_dags/example_bash_operator.py took 0.052 seconds
[2022-06-20 11:13:13,808] {processor.py:153} INFO - Started process (PID=16556) to work on /home/oury/.local/lib/python3.10/site-packages/airflow/example_dags/example_bash_operator.py
[2022-06-20 11:13:13,808] {processor.py:641} INFO - Processing file /home/oury/.local/lib/python3.10/site-packages/airflow/example_dags/example_bash_operator.py for tasks to queue
[2022-06-20 11:13:13,809] {logging_mixin.py:115} INFO - [2022-06-20 11:13:13,808] {dagbag.py:507} INFO - Filling up the DagBag from /home/oury/.local/lib/python3.10/site-packages/airflow/example_dags/example_bash_operator.py
[2022-06-20 11:13:13,818] {processor.py:651} INFO - DAG(s) dict_keys(['example_bash_operator']) retrieved from /home/oury/.local/lib/python3.10/site-packages/airflow/example_dags/example_bash_operator.py
[2022-06-20 11:13:13,831] {logging_mixin.py:115} INFO - [2022-06-20 11:13:13,831] {dag.py:2379} INFO - Sync 1 DAGs
[2022-06-20 11:13:13,847] {logging_mixin.py:115} INFO - [2022-06-20 11:13:13,847] {dag.py:2923} INFO - Setting next_dagrun for example_bash_operator to 2022-06-19T00:00:00+00:00, run_after=2022-06-20T00:00:00+00:00
[2022-06-20 11:13:13,859] {processor.py:161} INFO - Processing /home/oury/.local/lib/python3.10/site-packages/airflow/example_dags/example_bash_operator.py took 0.054 seconds
[2022-06-20 11:13:48,800] {processor.py:153} INFO - Started process (PID=16609) to work on /home/oury/.local/lib/python3.10/site-packages/airflow/example_dags/example_bash_operator.py
[2022-06-20 11:13:48,800] {processor.py:641} INFO - Processing file /home/oury/.local/lib/python3.10/site-packages/airflow/example_dags/example_bash_operator.py for tasks to queue
[2022-06-20 11:13:48,801] {logging_mixin.py:115} INFO - [2022-06-20 11:13:48,801] {dagbag.py:507} INFO - Filling up the DagBag from /home/oury/.local/lib/python3.10/site-packages/airflow/example_dags/example_bash_operator.py
[2022-06-20 11:13:48,816] {processor.py:651} INFO - DAG(s) dict_keys(['example_bash_operator']) retrieved from /home/oury/.local/lib/python3.10/site-packages/airflow/example_dags/example_bash_operator.py
[2022-06-20 11:13:48,840] {logging_mixin.py:115} INFO - [2022-06-20 11:13:48,840] {dag.py:2379} INFO - Sync 1 DAGs
[2022-06-20 11:13:48,864] {logging_mixin.py:115} INFO - [2022-06-20 11:13:48,863] {dag.py:2923} INFO - Setting next_dagrun for example_bash_operator to 2022-06-19T00:00:00+00:00, run_after=2022-06-20T00:00:00+00:00
[2022-06-20 11:13:48,877] {processor.py:161} INFO - Processing /home/oury/.local/lib/python3.10/site-packages/airflow/example_dags/example_bash_operator.py took 0.080 seconds
[2022-06-20 11:14:24,020] {processor.py:153} INFO - Started process (PID=16671) to work on /home/oury/.local/lib/python3.10/site-packages/airflow/example_dags/example_bash_operator.py
[2022-06-20 11:14:24,021] {processor.py:641} INFO - Processing file /home/oury/.local/lib/python3.10/site-packages/airflow/example_dags/example_bash_operator.py for tasks to queue
[2022-06-20 11:14:24,021] {logging_mixin.py:115} INFO - [2022-06-20 11:14:24,021] {dagbag.py:507} INFO - Filling up the DagBag from /home/oury/.local/lib/python3.10/site-packages/airflow/example_dags/example_bash_operator.py
[2022-06-20 11:14:24,033] {processor.py:651} INFO - DAG(s) dict_keys(['example_bash_operator']) retrieved from /home/oury/.local/lib/python3.10/site-packages/airflow/example_dags/example_bash_operator.py
[2022-06-20 11:14:24,048] {logging_mixin.py:115} INFO - [2022-06-20 11:14:24,047] {dag.py:2379} INFO - Sync 1 DAGs
[2022-06-20 11:14:24,065] {logging_mixin.py:115} INFO - [2022-06-20 11:14:24,065] {dag.py:2923} INFO - Setting next_dagrun for example_bash_operator to 2022-06-19T00:00:00+00:00, run_after=2022-06-20T00:00:00+00:00
[2022-06-20 11:14:24,077] {processor.py:161} INFO - Processing /home/oury/.local/lib/python3.10/site-packages/airflow/example_dags/example_bash_operator.py took 0.059 seconds
[2022-06-20 11:14:56,013] {processor.py:153} INFO - Started process (PID=16717) to work on /home/oury/.local/lib/python3.10/site-packages/airflow/example_dags/example_bash_operator.py
[2022-06-20 11:14:56,014] {processor.py:641} INFO - Processing file /home/oury/.local/lib/python3.10/site-packages/airflow/example_dags/example_bash_operator.py for tasks to queue
[2022-06-20 11:14:56,014] {logging_mixin.py:115} INFO - [2022-06-20 11:14:56,014] {dagbag.py:507} INFO - Filling up the DagBag from /home/oury/.local/lib/python3.10/site-packages/airflow/example_dags/example_bash_operator.py
[2022-06-20 11:14:56,025] {processor.py:651} INFO - DAG(s) dict_keys(['example_bash_operator']) retrieved from /home/oury/.local/lib/python3.10/site-packages/airflow/example_dags/example_bash_operator.py
[2022-06-20 11:14:56,042] {logging_mixin.py:115} INFO - [2022-06-20 11:14:56,042] {dag.py:2379} INFO - Sync 1 DAGs
[2022-06-20 11:14:56,066] {logging_mixin.py:115} INFO - [2022-06-20 11:14:56,066] {dag.py:2923} INFO - Setting next_dagrun for example_bash_operator to 2022-06-19T00:00:00+00:00, run_after=2022-06-20T00:00:00+00:00
[2022-06-20 11:14:56,079] {processor.py:161} INFO - Processing /home/oury/.local/lib/python3.10/site-packages/airflow/example_dags/example_bash_operator.py took 0.068 seconds
[2022-06-20 11:15:32,374] {processor.py:153} INFO - Started process (PID=16767) to work on /home/oury/.local/lib/python3.10/site-packages/airflow/example_dags/example_bash_operator.py
[2022-06-20 11:15:32,375] {processor.py:641} INFO - Processing file /home/oury/.local/lib/python3.10/site-packages/airflow/example_dags/example_bash_operator.py for tasks to queue
[2022-06-20 11:15:32,375] {logging_mixin.py:115} INFO - [2022-06-20 11:15:32,375] {dagbag.py:507} INFO - Filling up the DagBag from /home/oury/.local/lib/python3.10/site-packages/airflow/example_dags/example_bash_operator.py
[2022-06-20 11:15:32,385] {processor.py:651} INFO - DAG(s) dict_keys(['example_bash_operator']) retrieved from /home/oury/.local/lib/python3.10/site-packages/airflow/example_dags/example_bash_operator.py
[2022-06-20 11:15:32,400] {logging_mixin.py:115} INFO - [2022-06-20 11:15:32,400] {dag.py:2379} INFO - Sync 1 DAGs
[2022-06-20 11:15:32,418] {logging_mixin.py:115} INFO - [2022-06-20 11:15:32,418] {dag.py:2923} INFO - Setting next_dagrun for example_bash_operator to 2022-06-19T00:00:00+00:00, run_after=2022-06-20T00:00:00+00:00
[2022-06-20 11:15:32,431] {processor.py:161} INFO - Processing /home/oury/.local/lib/python3.10/site-packages/airflow/example_dags/example_bash_operator.py took 0.059 seconds
[2022-06-20 11:16:10,623] {processor.py:153} INFO - Started process (PID=16828) to work on /home/oury/.local/lib/python3.10/site-packages/airflow/example_dags/example_bash_operator.py
[2022-06-20 11:16:10,624] {processor.py:641} INFO - Processing file /home/oury/.local/lib/python3.10/site-packages/airflow/example_dags/example_bash_operator.py for tasks to queue
[2022-06-20 11:16:10,624] {logging_mixin.py:115} INFO - [2022-06-20 11:16:10,624] {dagbag.py:507} INFO - Filling up the DagBag from /home/oury/.local/lib/python3.10/site-packages/airflow/example_dags/example_bash_operator.py
[2022-06-20 11:16:10,635] {processor.py:651} INFO - DAG(s) dict_keys(['example_bash_operator']) retrieved from /home/oury/.local/lib/python3.10/site-packages/airflow/example_dags/example_bash_operator.py
[2022-06-20 11:16:10,650] {logging_mixin.py:115} INFO - [2022-06-20 11:16:10,650] {dag.py:2379} INFO - Sync 1 DAGs
[2022-06-20 11:16:10,670] {logging_mixin.py:115} INFO - [2022-06-20 11:16:10,669] {dag.py:2923} INFO - Setting next_dagrun for example_bash_operator to 2022-06-19T00:00:00+00:00, run_after=2022-06-20T00:00:00+00:00
[2022-06-20 11:16:10,685] {processor.py:161} INFO - Processing /home/oury/.local/lib/python3.10/site-packages/airflow/example_dags/example_bash_operator.py took 0.064 seconds
[2022-06-20 11:16:45,390] {processor.py:153} INFO - Started process (PID=16873) to work on /home/oury/.local/lib/python3.10/site-packages/airflow/example_dags/example_bash_operator.py
[2022-06-20 11:16:45,391] {processor.py:641} INFO - Processing file /home/oury/.local/lib/python3.10/site-packages/airflow/example_dags/example_bash_operator.py for tasks to queue
[2022-06-20 11:16:45,391] {logging_mixin.py:115} INFO - [2022-06-20 11:16:45,391] {dagbag.py:507} INFO - Filling up the DagBag from /home/oury/.local/lib/python3.10/site-packages/airflow/example_dags/example_bash_operator.py
[2022-06-20 11:16:45,402] {processor.py:651} INFO - DAG(s) dict_keys(['example_bash_operator']) retrieved from /home/oury/.local/lib/python3.10/site-packages/airflow/example_dags/example_bash_operator.py
[2022-06-20 11:16:45,417] {logging_mixin.py:115} INFO - [2022-06-20 11:16:45,417] {dag.py:2379} INFO - Sync 1 DAGs
[2022-06-20 11:16:45,434] {logging_mixin.py:115} INFO - [2022-06-20 11:16:45,434] {dag.py:2923} INFO - Setting next_dagrun for example_bash_operator to 2022-06-19T00:00:00+00:00, run_after=2022-06-20T00:00:00+00:00
[2022-06-20 11:16:45,444] {processor.py:161} INFO - Processing /home/oury/.local/lib/python3.10/site-packages/airflow/example_dags/example_bash_operator.py took 0.057 seconds
[2022-06-20 11:17:21,337] {processor.py:153} INFO - Started process (PID=16922) to work on /home/oury/.local/lib/python3.10/site-packages/airflow/example_dags/example_bash_operator.py
[2022-06-20 11:17:21,338] {processor.py:641} INFO - Processing file /home/oury/.local/lib/python3.10/site-packages/airflow/example_dags/example_bash_operator.py for tasks to queue
[2022-06-20 11:17:21,338] {logging_mixin.py:115} INFO - [2022-06-20 11:17:21,338] {dagbag.py:507} INFO - Filling up the DagBag from /home/oury/.local/lib/python3.10/site-packages/airflow/example_dags/example_bash_operator.py
[2022-06-20 11:17:21,349] {processor.py:651} INFO - DAG(s) dict_keys(['example_bash_operator']) retrieved from /home/oury/.local/lib/python3.10/site-packages/airflow/example_dags/example_bash_operator.py
[2022-06-20 11:17:21,363] {logging_mixin.py:115} INFO - [2022-06-20 11:17:21,362] {dag.py:2379} INFO - Sync 1 DAGs
[2022-06-20 11:17:21,381] {logging_mixin.py:115} INFO - [2022-06-20 11:17:21,381] {dag.py:2923} INFO - Setting next_dagrun for example_bash_operator to 2022-06-19T00:00:00+00:00, run_after=2022-06-20T00:00:00+00:00
[2022-06-20 11:17:21,393] {processor.py:161} INFO - Processing /home/oury/.local/lib/python3.10/site-packages/airflow/example_dags/example_bash_operator.py took 0.059 seconds
[2022-06-20 11:17:59,967] {processor.py:153} INFO - Started process (PID=16972) to work on /home/oury/.local/lib/python3.10/site-packages/airflow/example_dags/example_bash_operator.py
[2022-06-20 11:17:59,984] {processor.py:641} INFO - Processing file /home/oury/.local/lib/python3.10/site-packages/airflow/example_dags/example_bash_operator.py for tasks to queue
[2022-06-20 11:17:59,985] {logging_mixin.py:115} INFO - [2022-06-20 11:17:59,984] {dagbag.py:507} INFO - Filling up the DagBag from /home/oury/.local/lib/python3.10/site-packages/airflow/example_dags/example_bash_operator.py
[2022-06-20 11:18:00,021] {processor.py:651} INFO - DAG(s) dict_keys(['example_bash_operator']) retrieved from /home/oury/.local/lib/python3.10/site-packages/airflow/example_dags/example_bash_operator.py
[2022-06-20 11:18:00,086] {logging_mixin.py:115} INFO - [2022-06-20 11:18:00,086] {dag.py:2379} INFO - Sync 1 DAGs
[2022-06-20 11:18:00,156] {logging_mixin.py:115} INFO - [2022-06-20 11:18:00,156] {dag.py:2923} INFO - Setting next_dagrun for example_bash_operator to 2022-06-19T00:00:00+00:00, run_after=2022-06-20T00:00:00+00:00
[2022-06-20 11:18:00,183] {processor.py:161} INFO - Processing /home/oury/.local/lib/python3.10/site-packages/airflow/example_dags/example_bash_operator.py took 0.220 seconds
