[2022-06-20 10:57:23,491] {processor.py:153} INFO - Started process (PID=14066) to work on /home/oury/.local/lib/python3.10/site-packages/airflow/example_dags/example_task_group_decorator.py
[2022-06-20 10:57:23,491] {processor.py:641} INFO - Processing file /home/oury/.local/lib/python3.10/site-packages/airflow/example_dags/example_task_group_decorator.py for tasks to queue
[2022-06-20 10:57:23,492] {logging_mixin.py:115} INFO - [2022-06-20 10:57:23,492] {dagbag.py:507} INFO - Filling up the DagBag from /home/oury/.local/lib/python3.10/site-packages/airflow/example_dags/example_task_group_decorator.py
[2022-06-20 10:57:23,518] {processor.py:651} INFO - DAG(s) dict_keys(['example_task_group_decorator']) retrieved from /home/oury/.local/lib/python3.10/site-packages/airflow/example_dags/example_task_group_decorator.py
[2022-06-20 10:57:23,568] {logging_mixin.py:115} INFO - [2022-06-20 10:57:23,568] {dag.py:2379} INFO - Sync 1 DAGs
[2022-06-20 10:57:23,583] {logging_mixin.py:115} INFO - [2022-06-20 10:57:23,583] {dag.py:2923} INFO - Setting next_dagrun for example_task_group_decorator to 2022-06-19T09:57:23.583327+00:00, run_after=2022-06-20T09:57:23.583327+00:00
[2022-06-20 10:57:23,597] {processor.py:161} INFO - Processing /home/oury/.local/lib/python3.10/site-packages/airflow/example_dags/example_task_group_decorator.py took 0.108 seconds
[2022-06-20 10:57:57,627] {processor.py:153} INFO - Started process (PID=14260) to work on /home/oury/.local/lib/python3.10/site-packages/airflow/example_dags/example_task_group_decorator.py
[2022-06-20 10:57:57,628] {processor.py:641} INFO - Processing file /home/oury/.local/lib/python3.10/site-packages/airflow/example_dags/example_task_group_decorator.py for tasks to queue
[2022-06-20 10:57:57,628] {logging_mixin.py:115} INFO - [2022-06-20 10:57:57,628] {dagbag.py:507} INFO - Filling up the DagBag from /home/oury/.local/lib/python3.10/site-packages/airflow/example_dags/example_task_group_decorator.py
[2022-06-20 10:57:57,650] {processor.py:651} INFO - DAG(s) dict_keys(['example_task_group_decorator']) retrieved from /home/oury/.local/lib/python3.10/site-packages/airflow/example_dags/example_task_group_decorator.py
[2022-06-20 10:57:57,692] {logging_mixin.py:115} INFO - [2022-06-20 10:57:57,692] {dag.py:2379} INFO - Sync 1 DAGs
[2022-06-20 10:57:57,706] {logging_mixin.py:115} INFO - [2022-06-20 10:57:57,706] {dag.py:2923} INFO - Setting next_dagrun for example_task_group_decorator to 2022-06-19T09:57:57.706655+00:00, run_after=2022-06-20T09:57:57.706655+00:00
[2022-06-20 10:57:57,718] {processor.py:161} INFO - Processing /home/oury/.local/lib/python3.10/site-packages/airflow/example_dags/example_task_group_decorator.py took 0.093 seconds
[2022-06-20 10:58:31,816] {processor.py:153} INFO - Started process (PID=14394) to work on /home/oury/.local/lib/python3.10/site-packages/airflow/example_dags/example_task_group_decorator.py
[2022-06-20 10:58:31,817] {processor.py:641} INFO - Processing file /home/oury/.local/lib/python3.10/site-packages/airflow/example_dags/example_task_group_decorator.py for tasks to queue
[2022-06-20 10:58:31,818] {logging_mixin.py:115} INFO - [2022-06-20 10:58:31,818] {dagbag.py:507} INFO - Filling up the DagBag from /home/oury/.local/lib/python3.10/site-packages/airflow/example_dags/example_task_group_decorator.py
[2022-06-20 10:58:31,885] {processor.py:651} INFO - DAG(s) dict_keys(['example_task_group_decorator']) retrieved from /home/oury/.local/lib/python3.10/site-packages/airflow/example_dags/example_task_group_decorator.py
[2022-06-20 10:58:31,985] {logging_mixin.py:115} INFO - [2022-06-20 10:58:31,985] {dag.py:2379} INFO - Sync 1 DAGs
[2022-06-20 10:58:32,006] {logging_mixin.py:115} INFO - [2022-06-20 10:58:32,005] {dag.py:2923} INFO - Setting next_dagrun for example_task_group_decorator to 2022-06-19T09:58:32.005699+00:00, run_after=2022-06-20T09:58:32.005699+00:00
[2022-06-20 10:58:32,023] {processor.py:161} INFO - Processing /home/oury/.local/lib/python3.10/site-packages/airflow/example_dags/example_task_group_decorator.py took 0.215 seconds
[2022-06-20 10:59:04,324] {processor.py:153} INFO - Started process (PID=14441) to work on /home/oury/.local/lib/python3.10/site-packages/airflow/example_dags/example_task_group_decorator.py
[2022-06-20 10:59:04,324] {processor.py:641} INFO - Processing file /home/oury/.local/lib/python3.10/site-packages/airflow/example_dags/example_task_group_decorator.py for tasks to queue
[2022-06-20 10:59:04,325] {logging_mixin.py:115} INFO - [2022-06-20 10:59:04,325] {dagbag.py:507} INFO - Filling up the DagBag from /home/oury/.local/lib/python3.10/site-packages/airflow/example_dags/example_task_group_decorator.py
[2022-06-20 10:59:04,347] {processor.py:651} INFO - DAG(s) dict_keys(['example_task_group_decorator']) retrieved from /home/oury/.local/lib/python3.10/site-packages/airflow/example_dags/example_task_group_decorator.py
[2022-06-20 10:59:04,361] {logging_mixin.py:115} INFO - [2022-06-20 10:59:04,361] {dag.py:2379} INFO - Sync 1 DAGs
[2022-06-20 10:59:04,376] {logging_mixin.py:115} INFO - [2022-06-20 10:59:04,376] {dag.py:2923} INFO - Setting next_dagrun for example_task_group_decorator to 2022-06-19T09:59:04.376226+00:00, run_after=2022-06-20T09:59:04.376226+00:00
[2022-06-20 10:59:04,387] {processor.py:161} INFO - Processing /home/oury/.local/lib/python3.10/site-packages/airflow/example_dags/example_task_group_decorator.py took 0.066 seconds
[2022-06-20 10:59:39,379] {processor.py:153} INFO - Started process (PID=14555) to work on /home/oury/.local/lib/python3.10/site-packages/airflow/example_dags/example_task_group_decorator.py
[2022-06-20 10:59:39,380] {processor.py:641} INFO - Processing file /home/oury/.local/lib/python3.10/site-packages/airflow/example_dags/example_task_group_decorator.py for tasks to queue
[2022-06-20 10:59:39,380] {logging_mixin.py:115} INFO - [2022-06-20 10:59:39,380] {dagbag.py:507} INFO - Filling up the DagBag from /home/oury/.local/lib/python3.10/site-packages/airflow/example_dags/example_task_group_decorator.py
[2022-06-20 10:59:39,402] {processor.py:651} INFO - DAG(s) dict_keys(['example_task_group_decorator']) retrieved from /home/oury/.local/lib/python3.10/site-packages/airflow/example_dags/example_task_group_decorator.py
[2022-06-20 10:59:39,444] {logging_mixin.py:115} INFO - [2022-06-20 10:59:39,444] {dag.py:2379} INFO - Sync 1 DAGs
[2022-06-20 10:59:39,457] {logging_mixin.py:115} INFO - [2022-06-20 10:59:39,457] {dag.py:2923} INFO - Setting next_dagrun for example_task_group_decorator to 2022-06-19T09:59:39.457664+00:00, run_after=2022-06-20T09:59:39.457664+00:00
[2022-06-20 10:59:39,471] {processor.py:161} INFO - Processing /home/oury/.local/lib/python3.10/site-packages/airflow/example_dags/example_task_group_decorator.py took 0.094 seconds
[2022-06-20 11:00:13,790] {processor.py:153} INFO - Started process (PID=14613) to work on /home/oury/.local/lib/python3.10/site-packages/airflow/example_dags/example_task_group_decorator.py
[2022-06-20 11:00:13,791] {processor.py:641} INFO - Processing file /home/oury/.local/lib/python3.10/site-packages/airflow/example_dags/example_task_group_decorator.py for tasks to queue
[2022-06-20 11:00:13,791] {logging_mixin.py:115} INFO - [2022-06-20 11:00:13,791] {dagbag.py:507} INFO - Filling up the DagBag from /home/oury/.local/lib/python3.10/site-packages/airflow/example_dags/example_task_group_decorator.py
[2022-06-20 11:00:13,815] {processor.py:651} INFO - DAG(s) dict_keys(['example_task_group_decorator']) retrieved from /home/oury/.local/lib/python3.10/site-packages/airflow/example_dags/example_task_group_decorator.py
[2022-06-20 11:00:13,830] {logging_mixin.py:115} INFO - [2022-06-20 11:00:13,830] {dag.py:2379} INFO - Sync 1 DAGs
[2022-06-20 11:00:13,845] {logging_mixin.py:115} INFO - [2022-06-20 11:00:13,845] {dag.py:2923} INFO - Setting next_dagrun for example_task_group_decorator to 2022-06-19T10:00:13.844812+00:00, run_after=2022-06-20T10:00:13.844812+00:00
[2022-06-20 11:00:13,857] {processor.py:161} INFO - Processing /home/oury/.local/lib/python3.10/site-packages/airflow/example_dags/example_task_group_decorator.py took 0.069 seconds
[2022-06-20 11:00:45,248] {processor.py:153} INFO - Started process (PID=14655) to work on /home/oury/.local/lib/python3.10/site-packages/airflow/example_dags/example_task_group_decorator.py
[2022-06-20 11:00:45,248] {processor.py:641} INFO - Processing file /home/oury/.local/lib/python3.10/site-packages/airflow/example_dags/example_task_group_decorator.py for tasks to queue
[2022-06-20 11:00:45,249] {logging_mixin.py:115} INFO - [2022-06-20 11:00:45,248] {dagbag.py:507} INFO - Filling up the DagBag from /home/oury/.local/lib/python3.10/site-packages/airflow/example_dags/example_task_group_decorator.py
[2022-06-20 11:00:45,271] {processor.py:651} INFO - DAG(s) dict_keys(['example_task_group_decorator']) retrieved from /home/oury/.local/lib/python3.10/site-packages/airflow/example_dags/example_task_group_decorator.py
[2022-06-20 11:00:45,313] {logging_mixin.py:115} INFO - [2022-06-20 11:00:45,312] {dag.py:2379} INFO - Sync 1 DAGs
[2022-06-20 11:00:45,326] {logging_mixin.py:115} INFO - [2022-06-20 11:00:45,326] {dag.py:2923} INFO - Setting next_dagrun for example_task_group_decorator to 2022-06-19T10:00:45.326405+00:00, run_after=2022-06-20T10:00:45.326405+00:00
[2022-06-20 11:00:45,339] {processor.py:161} INFO - Processing /home/oury/.local/lib/python3.10/site-packages/airflow/example_dags/example_task_group_decorator.py took 0.093 seconds
[2022-06-20 11:01:15,720] {processor.py:153} INFO - Started process (PID=14695) to work on /home/oury/.local/lib/python3.10/site-packages/airflow/example_dags/example_task_group_decorator.py
[2022-06-20 11:01:15,720] {processor.py:641} INFO - Processing file /home/oury/.local/lib/python3.10/site-packages/airflow/example_dags/example_task_group_decorator.py for tasks to queue
[2022-06-20 11:01:15,721] {logging_mixin.py:115} INFO - [2022-06-20 11:01:15,721] {dagbag.py:507} INFO - Filling up the DagBag from /home/oury/.local/lib/python3.10/site-packages/airflow/example_dags/example_task_group_decorator.py
[2022-06-20 11:01:15,743] {processor.py:651} INFO - DAG(s) dict_keys(['example_task_group_decorator']) retrieved from /home/oury/.local/lib/python3.10/site-packages/airflow/example_dags/example_task_group_decorator.py
[2022-06-20 11:01:15,782] {logging_mixin.py:115} INFO - [2022-06-20 11:01:15,782] {dag.py:2379} INFO - Sync 1 DAGs
[2022-06-20 11:01:15,796] {logging_mixin.py:115} INFO - [2022-06-20 11:01:15,795] {dag.py:2923} INFO - Setting next_dagrun for example_task_group_decorator to 2022-06-19T10:01:15.795798+00:00, run_after=2022-06-20T10:01:15.795798+00:00
[2022-06-20 11:01:15,808] {processor.py:161} INFO - Processing /home/oury/.local/lib/python3.10/site-packages/airflow/example_dags/example_task_group_decorator.py took 0.090 seconds
[2022-06-20 11:01:50,800] {processor.py:153} INFO - Started process (PID=14736) to work on /home/oury/.local/lib/python3.10/site-packages/airflow/example_dags/example_task_group_decorator.py
[2022-06-20 11:01:50,801] {processor.py:641} INFO - Processing file /home/oury/.local/lib/python3.10/site-packages/airflow/example_dags/example_task_group_decorator.py for tasks to queue
[2022-06-20 11:01:50,801] {logging_mixin.py:115} INFO - [2022-06-20 11:01:50,801] {dagbag.py:507} INFO - Filling up the DagBag from /home/oury/.local/lib/python3.10/site-packages/airflow/example_dags/example_task_group_decorator.py
[2022-06-20 11:01:50,824] {processor.py:651} INFO - DAG(s) dict_keys(['example_task_group_decorator']) retrieved from /home/oury/.local/lib/python3.10/site-packages/airflow/example_dags/example_task_group_decorator.py
[2022-06-20 11:01:50,863] {logging_mixin.py:115} INFO - [2022-06-20 11:01:50,863] {dag.py:2379} INFO - Sync 1 DAGs
[2022-06-20 11:01:50,876] {logging_mixin.py:115} INFO - [2022-06-20 11:01:50,876] {dag.py:2923} INFO - Setting next_dagrun for example_task_group_decorator to 2022-06-19T10:01:50.876486+00:00, run_after=2022-06-20T10:01:50.876486+00:00
[2022-06-20 11:01:50,889] {processor.py:161} INFO - Processing /home/oury/.local/lib/python3.10/site-packages/airflow/example_dags/example_task_group_decorator.py took 0.090 seconds
[2022-06-20 11:02:24,737] {processor.py:153} INFO - Started process (PID=14780) to work on /home/oury/.local/lib/python3.10/site-packages/airflow/example_dags/example_task_group_decorator.py
[2022-06-20 11:02:24,737] {processor.py:641} INFO - Processing file /home/oury/.local/lib/python3.10/site-packages/airflow/example_dags/example_task_group_decorator.py for tasks to queue
[2022-06-20 11:02:24,738] {logging_mixin.py:115} INFO - [2022-06-20 11:02:24,737] {dagbag.py:507} INFO - Filling up the DagBag from /home/oury/.local/lib/python3.10/site-packages/airflow/example_dags/example_task_group_decorator.py
[2022-06-20 11:02:24,760] {processor.py:651} INFO - DAG(s) dict_keys(['example_task_group_decorator']) retrieved from /home/oury/.local/lib/python3.10/site-packages/airflow/example_dags/example_task_group_decorator.py
[2022-06-20 11:02:24,799] {logging_mixin.py:115} INFO - [2022-06-20 11:02:24,799] {dag.py:2379} INFO - Sync 1 DAGs
[2022-06-20 11:02:24,813] {logging_mixin.py:115} INFO - [2022-06-20 11:02:24,813] {dag.py:2923} INFO - Setting next_dagrun for example_task_group_decorator to 2022-06-19T10:02:24.812921+00:00, run_after=2022-06-20T10:02:24.812921+00:00
[2022-06-20 11:02:24,825] {processor.py:161} INFO - Processing /home/oury/.local/lib/python3.10/site-packages/airflow/example_dags/example_task_group_decorator.py took 0.090 seconds
[2022-06-20 11:02:58,504] {processor.py:153} INFO - Started process (PID=14823) to work on /home/oury/.local/lib/python3.10/site-packages/airflow/example_dags/example_task_group_decorator.py
[2022-06-20 11:02:58,504] {processor.py:641} INFO - Processing file /home/oury/.local/lib/python3.10/site-packages/airflow/example_dags/example_task_group_decorator.py for tasks to queue
[2022-06-20 11:02:58,505] {logging_mixin.py:115} INFO - [2022-06-20 11:02:58,505] {dagbag.py:507} INFO - Filling up the DagBag from /home/oury/.local/lib/python3.10/site-packages/airflow/example_dags/example_task_group_decorator.py
[2022-06-20 11:02:58,527] {processor.py:651} INFO - DAG(s) dict_keys(['example_task_group_decorator']) retrieved from /home/oury/.local/lib/python3.10/site-packages/airflow/example_dags/example_task_group_decorator.py
[2022-06-20 11:02:58,542] {logging_mixin.py:115} INFO - [2022-06-20 11:02:58,542] {dag.py:2379} INFO - Sync 1 DAGs
[2022-06-20 11:02:58,557] {logging_mixin.py:115} INFO - [2022-06-20 11:02:58,557] {dag.py:2923} INFO - Setting next_dagrun for example_task_group_decorator to 2022-06-19T10:02:58.556844+00:00, run_after=2022-06-20T10:02:58.556844+00:00
[2022-06-20 11:02:58,568] {processor.py:161} INFO - Processing /home/oury/.local/lib/python3.10/site-packages/airflow/example_dags/example_task_group_decorator.py took 0.067 seconds
[2022-06-20 11:03:35,124] {processor.py:153} INFO - Started process (PID=14866) to work on /home/oury/.local/lib/python3.10/site-packages/airflow/example_dags/example_task_group_decorator.py
[2022-06-20 11:03:35,124] {processor.py:641} INFO - Processing file /home/oury/.local/lib/python3.10/site-packages/airflow/example_dags/example_task_group_decorator.py for tasks to queue
[2022-06-20 11:03:35,125] {logging_mixin.py:115} INFO - [2022-06-20 11:03:35,125] {dagbag.py:507} INFO - Filling up the DagBag from /home/oury/.local/lib/python3.10/site-packages/airflow/example_dags/example_task_group_decorator.py
[2022-06-20 11:03:35,147] {processor.py:651} INFO - DAG(s) dict_keys(['example_task_group_decorator']) retrieved from /home/oury/.local/lib/python3.10/site-packages/airflow/example_dags/example_task_group_decorator.py
[2022-06-20 11:03:35,161] {logging_mixin.py:115} INFO - [2022-06-20 11:03:35,161] {dag.py:2379} INFO - Sync 1 DAGs
[2022-06-20 11:03:35,176] {logging_mixin.py:115} INFO - [2022-06-20 11:03:35,176] {dag.py:2923} INFO - Setting next_dagrun for example_task_group_decorator to 2022-06-19T10:03:35.176186+00:00, run_after=2022-06-20T10:03:35.176186+00:00
[2022-06-20 11:03:35,187] {processor.py:161} INFO - Processing /home/oury/.local/lib/python3.10/site-packages/airflow/example_dags/example_task_group_decorator.py took 0.065 seconds
[2022-06-20 11:04:09,381] {processor.py:153} INFO - Started process (PID=15042) to work on /home/oury/.local/lib/python3.10/site-packages/airflow/example_dags/example_task_group_decorator.py
[2022-06-20 11:04:09,381] {processor.py:641} INFO - Processing file /home/oury/.local/lib/python3.10/site-packages/airflow/example_dags/example_task_group_decorator.py for tasks to queue
[2022-06-20 11:04:09,381] {logging_mixin.py:115} INFO - [2022-06-20 11:04:09,381] {dagbag.py:507} INFO - Filling up the DagBag from /home/oury/.local/lib/python3.10/site-packages/airflow/example_dags/example_task_group_decorator.py
[2022-06-20 11:04:09,403] {processor.py:651} INFO - DAG(s) dict_keys(['example_task_group_decorator']) retrieved from /home/oury/.local/lib/python3.10/site-packages/airflow/example_dags/example_task_group_decorator.py
[2022-06-20 11:04:09,418] {logging_mixin.py:115} INFO - [2022-06-20 11:04:09,418] {dag.py:2379} INFO - Sync 1 DAGs
[2022-06-20 11:04:09,432] {logging_mixin.py:115} INFO - [2022-06-20 11:04:09,432] {dag.py:2923} INFO - Setting next_dagrun for example_task_group_decorator to 2022-06-19T10:04:09.432284+00:00, run_after=2022-06-20T10:04:09.432284+00:00
[2022-06-20 11:04:09,445] {processor.py:161} INFO - Processing /home/oury/.local/lib/python3.10/site-packages/airflow/example_dags/example_task_group_decorator.py took 0.067 seconds
[2022-06-20 11:04:43,799] {processor.py:153} INFO - Started process (PID=15136) to work on /home/oury/.local/lib/python3.10/site-packages/airflow/example_dags/example_task_group_decorator.py
[2022-06-20 11:04:43,800] {processor.py:641} INFO - Processing file /home/oury/.local/lib/python3.10/site-packages/airflow/example_dags/example_task_group_decorator.py for tasks to queue
[2022-06-20 11:04:43,800] {logging_mixin.py:115} INFO - [2022-06-20 11:04:43,800] {dagbag.py:507} INFO - Filling up the DagBag from /home/oury/.local/lib/python3.10/site-packages/airflow/example_dags/example_task_group_decorator.py
[2022-06-20 11:04:43,844] {processor.py:651} INFO - DAG(s) dict_keys(['example_task_group_decorator']) retrieved from /home/oury/.local/lib/python3.10/site-packages/airflow/example_dags/example_task_group_decorator.py
[2022-06-20 11:04:43,912] {logging_mixin.py:115} INFO - [2022-06-20 11:04:43,912] {dag.py:2379} INFO - Sync 1 DAGs
[2022-06-20 11:04:43,925] {logging_mixin.py:115} INFO - [2022-06-20 11:04:43,925] {dag.py:2923} INFO - Setting next_dagrun for example_task_group_decorator to 2022-06-19T10:04:43.925507+00:00, run_after=2022-06-20T10:04:43.925507+00:00
[2022-06-20 11:04:43,937] {processor.py:161} INFO - Processing /home/oury/.local/lib/python3.10/site-packages/airflow/example_dags/example_task_group_decorator.py took 0.140 seconds
[2022-06-20 11:05:14,185] {processor.py:153} INFO - Started process (PID=15242) to work on /home/oury/.local/lib/python3.10/site-packages/airflow/example_dags/example_task_group_decorator.py
[2022-06-20 11:05:14,185] {processor.py:641} INFO - Processing file /home/oury/.local/lib/python3.10/site-packages/airflow/example_dags/example_task_group_decorator.py for tasks to queue
[2022-06-20 11:05:14,185] {logging_mixin.py:115} INFO - [2022-06-20 11:05:14,185] {dagbag.py:507} INFO - Filling up the DagBag from /home/oury/.local/lib/python3.10/site-packages/airflow/example_dags/example_task_group_decorator.py
[2022-06-20 11:05:14,208] {processor.py:651} INFO - DAG(s) dict_keys(['example_task_group_decorator']) retrieved from /home/oury/.local/lib/python3.10/site-packages/airflow/example_dags/example_task_group_decorator.py
[2022-06-20 11:05:14,247] {logging_mixin.py:115} INFO - [2022-06-20 11:05:14,246] {dag.py:2379} INFO - Sync 1 DAGs
[2022-06-20 11:05:14,260] {logging_mixin.py:115} INFO - [2022-06-20 11:05:14,260] {dag.py:2923} INFO - Setting next_dagrun for example_task_group_decorator to 2022-06-19T10:05:14.259847+00:00, run_after=2022-06-20T10:05:14.259847+00:00
[2022-06-20 11:05:14,272] {processor.py:161} INFO - Processing /home/oury/.local/lib/python3.10/site-packages/airflow/example_dags/example_task_group_decorator.py took 0.089 seconds
[2022-06-20 11:05:47,993] {processor.py:153} INFO - Started process (PID=15286) to work on /home/oury/.local/lib/python3.10/site-packages/airflow/example_dags/example_task_group_decorator.py
[2022-06-20 11:05:47,994] {processor.py:641} INFO - Processing file /home/oury/.local/lib/python3.10/site-packages/airflow/example_dags/example_task_group_decorator.py for tasks to queue
[2022-06-20 11:05:47,994] {logging_mixin.py:115} INFO - [2022-06-20 11:05:47,994] {dagbag.py:507} INFO - Filling up the DagBag from /home/oury/.local/lib/python3.10/site-packages/airflow/example_dags/example_task_group_decorator.py
[2022-06-20 11:05:48,016] {processor.py:651} INFO - DAG(s) dict_keys(['example_task_group_decorator']) retrieved from /home/oury/.local/lib/python3.10/site-packages/airflow/example_dags/example_task_group_decorator.py
[2022-06-20 11:05:48,055] {logging_mixin.py:115} INFO - [2022-06-20 11:05:48,055] {dag.py:2379} INFO - Sync 1 DAGs
[2022-06-20 11:05:48,068] {logging_mixin.py:115} INFO - [2022-06-20 11:05:48,068] {dag.py:2923} INFO - Setting next_dagrun for example_task_group_decorator to 2022-06-19T10:05:48.068044+00:00, run_after=2022-06-20T10:05:48.068044+00:00
[2022-06-20 11:05:48,080] {processor.py:161} INFO - Processing /home/oury/.local/lib/python3.10/site-packages/airflow/example_dags/example_task_group_decorator.py took 0.089 seconds
[2022-06-20 11:06:20,708] {processor.py:153} INFO - Started process (PID=15329) to work on /home/oury/.local/lib/python3.10/site-packages/airflow/example_dags/example_task_group_decorator.py
[2022-06-20 11:06:20,708] {processor.py:641} INFO - Processing file /home/oury/.local/lib/python3.10/site-packages/airflow/example_dags/example_task_group_decorator.py for tasks to queue
[2022-06-20 11:06:20,709] {logging_mixin.py:115} INFO - [2022-06-20 11:06:20,709] {dagbag.py:507} INFO - Filling up the DagBag from /home/oury/.local/lib/python3.10/site-packages/airflow/example_dags/example_task_group_decorator.py
[2022-06-20 11:06:20,731] {processor.py:651} INFO - DAG(s) dict_keys(['example_task_group_decorator']) retrieved from /home/oury/.local/lib/python3.10/site-packages/airflow/example_dags/example_task_group_decorator.py
[2022-06-20 11:06:20,770] {logging_mixin.py:115} INFO - [2022-06-20 11:06:20,770] {dag.py:2379} INFO - Sync 1 DAGs
[2022-06-20 11:06:20,785] {logging_mixin.py:115} INFO - [2022-06-20 11:06:20,785] {dag.py:2923} INFO - Setting next_dagrun for example_task_group_decorator to 2022-06-19T10:06:20.784928+00:00, run_after=2022-06-20T10:06:20.784928+00:00
[2022-06-20 11:06:20,797] {processor.py:161} INFO - Processing /home/oury/.local/lib/python3.10/site-packages/airflow/example_dags/example_task_group_decorator.py took 0.092 seconds
[2022-06-20 11:06:54,313] {processor.py:153} INFO - Started process (PID=15384) to work on /home/oury/.local/lib/python3.10/site-packages/airflow/example_dags/example_task_group_decorator.py
[2022-06-20 11:06:54,314] {processor.py:641} INFO - Processing file /home/oury/.local/lib/python3.10/site-packages/airflow/example_dags/example_task_group_decorator.py for tasks to queue
[2022-06-20 11:06:54,314] {logging_mixin.py:115} INFO - [2022-06-20 11:06:54,314] {dagbag.py:507} INFO - Filling up the DagBag from /home/oury/.local/lib/python3.10/site-packages/airflow/example_dags/example_task_group_decorator.py
[2022-06-20 11:06:54,337] {processor.py:651} INFO - DAG(s) dict_keys(['example_task_group_decorator']) retrieved from /home/oury/.local/lib/python3.10/site-packages/airflow/example_dags/example_task_group_decorator.py
[2022-06-20 11:06:54,351] {logging_mixin.py:115} INFO - [2022-06-20 11:06:54,351] {dag.py:2379} INFO - Sync 1 DAGs
[2022-06-20 11:06:54,365] {logging_mixin.py:115} INFO - [2022-06-20 11:06:54,365] {dag.py:2923} INFO - Setting next_dagrun for example_task_group_decorator to 2022-06-19T10:06:54.365414+00:00, run_after=2022-06-20T10:06:54.365414+00:00
[2022-06-20 11:06:54,377] {processor.py:161} INFO - Processing /home/oury/.local/lib/python3.10/site-packages/airflow/example_dags/example_task_group_decorator.py took 0.066 seconds
[2022-06-20 11:07:25,760] {processor.py:153} INFO - Started process (PID=15424) to work on /home/oury/.local/lib/python3.10/site-packages/airflow/example_dags/example_task_group_decorator.py
[2022-06-20 11:07:25,760] {processor.py:641} INFO - Processing file /home/oury/.local/lib/python3.10/site-packages/airflow/example_dags/example_task_group_decorator.py for tasks to queue
[2022-06-20 11:07:25,761] {logging_mixin.py:115} INFO - [2022-06-20 11:07:25,760] {dagbag.py:507} INFO - Filling up the DagBag from /home/oury/.local/lib/python3.10/site-packages/airflow/example_dags/example_task_group_decorator.py
[2022-06-20 11:07:25,783] {processor.py:651} INFO - DAG(s) dict_keys(['example_task_group_decorator']) retrieved from /home/oury/.local/lib/python3.10/site-packages/airflow/example_dags/example_task_group_decorator.py
[2022-06-20 11:07:25,821] {logging_mixin.py:115} INFO - [2022-06-20 11:07:25,821] {dag.py:2379} INFO - Sync 1 DAGs
[2022-06-20 11:07:25,834] {logging_mixin.py:115} INFO - [2022-06-20 11:07:25,834] {dag.py:2923} INFO - Setting next_dagrun for example_task_group_decorator to 2022-06-19T10:07:25.834055+00:00, run_after=2022-06-20T10:07:25.834055+00:00
[2022-06-20 11:07:25,846] {processor.py:161} INFO - Processing /home/oury/.local/lib/python3.10/site-packages/airflow/example_dags/example_task_group_decorator.py took 0.088 seconds
[2022-06-20 11:07:59,846] {processor.py:153} INFO - Started process (PID=15556) to work on /home/oury/.local/lib/python3.10/site-packages/airflow/example_dags/example_task_group_decorator.py
[2022-06-20 11:07:59,847] {processor.py:641} INFO - Processing file /home/oury/.local/lib/python3.10/site-packages/airflow/example_dags/example_task_group_decorator.py for tasks to queue
[2022-06-20 11:07:59,847] {logging_mixin.py:115} INFO - [2022-06-20 11:07:59,847] {dagbag.py:507} INFO - Filling up the DagBag from /home/oury/.local/lib/python3.10/site-packages/airflow/example_dags/example_task_group_decorator.py
[2022-06-20 11:07:59,895] {processor.py:651} INFO - DAG(s) dict_keys(['example_task_group_decorator']) retrieved from /home/oury/.local/lib/python3.10/site-packages/airflow/example_dags/example_task_group_decorator.py
[2022-06-20 11:07:59,918] {logging_mixin.py:115} INFO - [2022-06-20 11:07:59,918] {dag.py:2379} INFO - Sync 1 DAGs
[2022-06-20 11:07:59,939] {logging_mixin.py:115} INFO - [2022-06-20 11:07:59,939] {dag.py:2923} INFO - Setting next_dagrun for example_task_group_decorator to 2022-06-19T10:07:59.939028+00:00, run_after=2022-06-20T10:07:59.939028+00:00
[2022-06-20 11:07:59,954] {processor.py:161} INFO - Processing /home/oury/.local/lib/python3.10/site-packages/airflow/example_dags/example_task_group_decorator.py took 0.112 seconds
[2022-06-20 11:08:32,453] {processor.py:153} INFO - Started process (PID=15662) to work on /home/oury/.local/lib/python3.10/site-packages/airflow/example_dags/example_task_group_decorator.py
[2022-06-20 11:08:32,454] {processor.py:641} INFO - Processing file /home/oury/.local/lib/python3.10/site-packages/airflow/example_dags/example_task_group_decorator.py for tasks to queue
[2022-06-20 11:08:32,455] {logging_mixin.py:115} INFO - [2022-06-20 11:08:32,454] {dagbag.py:507} INFO - Filling up the DagBag from /home/oury/.local/lib/python3.10/site-packages/airflow/example_dags/example_task_group_decorator.py
[2022-06-20 11:08:32,478] {processor.py:651} INFO - DAG(s) dict_keys(['example_task_group_decorator']) retrieved from /home/oury/.local/lib/python3.10/site-packages/airflow/example_dags/example_task_group_decorator.py
[2022-06-20 11:08:32,493] {logging_mixin.py:115} INFO - [2022-06-20 11:08:32,493] {dag.py:2379} INFO - Sync 1 DAGs
[2022-06-20 11:08:32,511] {logging_mixin.py:115} INFO - [2022-06-20 11:08:32,511] {dag.py:2923} INFO - Setting next_dagrun for example_task_group_decorator to 2022-06-19T10:08:32.511499+00:00, run_after=2022-06-20T10:08:32.511499+00:00
[2022-06-20 11:08:32,524] {processor.py:161} INFO - Processing /home/oury/.local/lib/python3.10/site-packages/airflow/example_dags/example_task_group_decorator.py took 0.074 seconds
[2022-06-20 11:09:08,037] {processor.py:153} INFO - Started process (PID=15742) to work on /home/oury/.local/lib/python3.10/site-packages/airflow/example_dags/example_task_group_decorator.py
[2022-06-20 11:09:08,038] {processor.py:641} INFO - Processing file /home/oury/.local/lib/python3.10/site-packages/airflow/example_dags/example_task_group_decorator.py for tasks to queue
[2022-06-20 11:09:08,039] {logging_mixin.py:115} INFO - [2022-06-20 11:09:08,038] {dagbag.py:507} INFO - Filling up the DagBag from /home/oury/.local/lib/python3.10/site-packages/airflow/example_dags/example_task_group_decorator.py
[2022-06-20 11:09:08,068] {processor.py:651} INFO - DAG(s) dict_keys(['example_task_group_decorator']) retrieved from /home/oury/.local/lib/python3.10/site-packages/airflow/example_dags/example_task_group_decorator.py
[2022-06-20 11:09:08,082] {logging_mixin.py:115} INFO - [2022-06-20 11:09:08,082] {dag.py:2379} INFO - Sync 1 DAGs
[2022-06-20 11:09:08,098] {logging_mixin.py:115} INFO - [2022-06-20 11:09:08,098] {dag.py:2923} INFO - Setting next_dagrun for example_task_group_decorator to 2022-06-19T10:09:08.098453+00:00, run_after=2022-06-20T10:09:08.098453+00:00
[2022-06-20 11:09:08,109] {processor.py:161} INFO - Processing /home/oury/.local/lib/python3.10/site-packages/airflow/example_dags/example_task_group_decorator.py took 0.075 seconds
[2022-06-20 11:09:38,237] {processor.py:153} INFO - Started process (PID=15946) to work on /home/oury/.local/lib/python3.10/site-packages/airflow/example_dags/example_task_group_decorator.py
[2022-06-20 11:09:38,238] {processor.py:641} INFO - Processing file /home/oury/.local/lib/python3.10/site-packages/airflow/example_dags/example_task_group_decorator.py for tasks to queue
[2022-06-20 11:09:38,238] {logging_mixin.py:115} INFO - [2022-06-20 11:09:38,238] {dagbag.py:507} INFO - Filling up the DagBag from /home/oury/.local/lib/python3.10/site-packages/airflow/example_dags/example_task_group_decorator.py
[2022-06-20 11:09:38,261] {processor.py:651} INFO - DAG(s) dict_keys(['example_task_group_decorator']) retrieved from /home/oury/.local/lib/python3.10/site-packages/airflow/example_dags/example_task_group_decorator.py
[2022-06-20 11:09:38,276] {logging_mixin.py:115} INFO - [2022-06-20 11:09:38,276] {dag.py:2379} INFO - Sync 1 DAGs
[2022-06-20 11:09:38,291] {logging_mixin.py:115} INFO - [2022-06-20 11:09:38,291] {dag.py:2923} INFO - Setting next_dagrun for example_task_group_decorator to 2022-06-19T10:09:38.291241+00:00, run_after=2022-06-20T10:09:38.291241+00:00
[2022-06-20 11:09:38,303] {processor.py:161} INFO - Processing /home/oury/.local/lib/python3.10/site-packages/airflow/example_dags/example_task_group_decorator.py took 0.068 seconds
[2022-06-20 11:10:13,353] {processor.py:153} INFO - Started process (PID=16011) to work on /home/oury/.local/lib/python3.10/site-packages/airflow/example_dags/example_task_group_decorator.py
[2022-06-20 11:10:13,353] {processor.py:641} INFO - Processing file /home/oury/.local/lib/python3.10/site-packages/airflow/example_dags/example_task_group_decorator.py for tasks to queue
[2022-06-20 11:10:13,354] {logging_mixin.py:115} INFO - [2022-06-20 11:10:13,354] {dagbag.py:507} INFO - Filling up the DagBag from /home/oury/.local/lib/python3.10/site-packages/airflow/example_dags/example_task_group_decorator.py
[2022-06-20 11:10:13,386] {processor.py:651} INFO - DAG(s) dict_keys(['example_task_group_decorator']) retrieved from /home/oury/.local/lib/python3.10/site-packages/airflow/example_dags/example_task_group_decorator.py
[2022-06-20 11:10:13,419] {logging_mixin.py:115} INFO - [2022-06-20 11:10:13,419] {dag.py:2379} INFO - Sync 1 DAGs
[2022-06-20 11:10:13,448] {logging_mixin.py:115} INFO - [2022-06-20 11:10:13,448] {dag.py:2923} INFO - Setting next_dagrun for example_task_group_decorator to 2022-06-19T10:10:13.448129+00:00, run_after=2022-06-20T10:10:13.448129+00:00
[2022-06-20 11:10:13,471] {processor.py:161} INFO - Processing /home/oury/.local/lib/python3.10/site-packages/airflow/example_dags/example_task_group_decorator.py took 0.120 seconds
[2022-06-20 11:10:45,969] {processor.py:153} INFO - Started process (PID=16080) to work on /home/oury/.local/lib/python3.10/site-packages/airflow/example_dags/example_task_group_decorator.py
[2022-06-20 11:10:45,969] {processor.py:641} INFO - Processing file /home/oury/.local/lib/python3.10/site-packages/airflow/example_dags/example_task_group_decorator.py for tasks to queue
[2022-06-20 11:10:45,970] {logging_mixin.py:115} INFO - [2022-06-20 11:10:45,970] {dagbag.py:507} INFO - Filling up the DagBag from /home/oury/.local/lib/python3.10/site-packages/airflow/example_dags/example_task_group_decorator.py
[2022-06-20 11:10:45,998] {processor.py:651} INFO - DAG(s) dict_keys(['example_task_group_decorator']) retrieved from /home/oury/.local/lib/python3.10/site-packages/airflow/example_dags/example_task_group_decorator.py
[2022-06-20 11:10:46,017] {logging_mixin.py:115} INFO - [2022-06-20 11:10:46,017] {dag.py:2379} INFO - Sync 1 DAGs
[2022-06-20 11:10:46,033] {logging_mixin.py:115} INFO - [2022-06-20 11:10:46,033] {dag.py:2923} INFO - Setting next_dagrun for example_task_group_decorator to 2022-06-19T10:10:46.033295+00:00, run_after=2022-06-20T10:10:46.033295+00:00
[2022-06-20 11:10:46,046] {processor.py:161} INFO - Processing /home/oury/.local/lib/python3.10/site-packages/airflow/example_dags/example_task_group_decorator.py took 0.080 seconds
[2022-06-20 11:11:17,126] {processor.py:153} INFO - Started process (PID=16319) to work on /home/oury/.local/lib/python3.10/site-packages/airflow/example_dags/example_task_group_decorator.py
[2022-06-20 11:11:17,127] {processor.py:641} INFO - Processing file /home/oury/.local/lib/python3.10/site-packages/airflow/example_dags/example_task_group_decorator.py for tasks to queue
[2022-06-20 11:11:17,127] {logging_mixin.py:115} INFO - [2022-06-20 11:11:17,127] {dagbag.py:507} INFO - Filling up the DagBag from /home/oury/.local/lib/python3.10/site-packages/airflow/example_dags/example_task_group_decorator.py
[2022-06-20 11:11:17,161] {processor.py:651} INFO - DAG(s) dict_keys(['example_task_group_decorator']) retrieved from /home/oury/.local/lib/python3.10/site-packages/airflow/example_dags/example_task_group_decorator.py
[2022-06-20 11:11:17,187] {logging_mixin.py:115} INFO - [2022-06-20 11:11:17,187] {dag.py:2379} INFO - Sync 1 DAGs
[2022-06-20 11:11:17,215] {logging_mixin.py:115} INFO - [2022-06-20 11:11:17,215] {dag.py:2923} INFO - Setting next_dagrun for example_task_group_decorator to 2022-06-19T10:11:17.215368+00:00, run_after=2022-06-20T10:11:17.215368+00:00
[2022-06-20 11:11:17,236] {processor.py:161} INFO - Processing /home/oury/.local/lib/python3.10/site-packages/airflow/example_dags/example_task_group_decorator.py took 0.112 seconds
[2022-06-20 11:11:49,561] {processor.py:153} INFO - Started process (PID=16426) to work on /home/oury/.local/lib/python3.10/site-packages/airflow/example_dags/example_task_group_decorator.py
[2022-06-20 11:11:49,561] {processor.py:641} INFO - Processing file /home/oury/.local/lib/python3.10/site-packages/airflow/example_dags/example_task_group_decorator.py for tasks to queue
[2022-06-20 11:11:49,562] {logging_mixin.py:115} INFO - [2022-06-20 11:11:49,561] {dagbag.py:507} INFO - Filling up the DagBag from /home/oury/.local/lib/python3.10/site-packages/airflow/example_dags/example_task_group_decorator.py
[2022-06-20 11:11:49,584] {processor.py:651} INFO - DAG(s) dict_keys(['example_task_group_decorator']) retrieved from /home/oury/.local/lib/python3.10/site-packages/airflow/example_dags/example_task_group_decorator.py
[2022-06-20 11:11:49,625] {logging_mixin.py:115} INFO - [2022-06-20 11:11:49,625] {dag.py:2379} INFO - Sync 1 DAGs
[2022-06-20 11:11:49,638] {logging_mixin.py:115} INFO - [2022-06-20 11:11:49,638] {dag.py:2923} INFO - Setting next_dagrun for example_task_group_decorator to 2022-06-19T10:11:49.638619+00:00, run_after=2022-06-20T10:11:49.638619+00:00
[2022-06-20 11:11:49,651] {processor.py:161} INFO - Processing /home/oury/.local/lib/python3.10/site-packages/airflow/example_dags/example_task_group_decorator.py took 0.093 seconds
[2022-06-20 11:12:22,316] {processor.py:153} INFO - Started process (PID=16465) to work on /home/oury/.local/lib/python3.10/site-packages/airflow/example_dags/example_task_group_decorator.py
[2022-06-20 11:12:22,317] {processor.py:641} INFO - Processing file /home/oury/.local/lib/python3.10/site-packages/airflow/example_dags/example_task_group_decorator.py for tasks to queue
[2022-06-20 11:12:22,317] {logging_mixin.py:115} INFO - [2022-06-20 11:12:22,317] {dagbag.py:507} INFO - Filling up the DagBag from /home/oury/.local/lib/python3.10/site-packages/airflow/example_dags/example_task_group_decorator.py
[2022-06-20 11:12:22,344] {processor.py:651} INFO - DAG(s) dict_keys(['example_task_group_decorator']) retrieved from /home/oury/.local/lib/python3.10/site-packages/airflow/example_dags/example_task_group_decorator.py
[2022-06-20 11:12:22,397] {logging_mixin.py:115} INFO - [2022-06-20 11:12:22,397] {dag.py:2379} INFO - Sync 1 DAGs
[2022-06-20 11:12:22,413] {logging_mixin.py:115} INFO - [2022-06-20 11:12:22,413] {dag.py:2923} INFO - Setting next_dagrun for example_task_group_decorator to 2022-06-19T10:12:22.413343+00:00, run_after=2022-06-20T10:12:22.413343+00:00
[2022-06-20 11:12:22,427] {processor.py:161} INFO - Processing /home/oury/.local/lib/python3.10/site-packages/airflow/example_dags/example_task_group_decorator.py took 0.114 seconds
[2022-06-20 11:12:54,336] {processor.py:153} INFO - Started process (PID=16510) to work on /home/oury/.local/lib/python3.10/site-packages/airflow/example_dags/example_task_group_decorator.py
[2022-06-20 11:12:54,337] {processor.py:641} INFO - Processing file /home/oury/.local/lib/python3.10/site-packages/airflow/example_dags/example_task_group_decorator.py for tasks to queue
[2022-06-20 11:12:54,337] {logging_mixin.py:115} INFO - [2022-06-20 11:12:54,337] {dagbag.py:507} INFO - Filling up the DagBag from /home/oury/.local/lib/python3.10/site-packages/airflow/example_dags/example_task_group_decorator.py
[2022-06-20 11:12:54,362] {processor.py:651} INFO - DAG(s) dict_keys(['example_task_group_decorator']) retrieved from /home/oury/.local/lib/python3.10/site-packages/airflow/example_dags/example_task_group_decorator.py
[2022-06-20 11:12:54,401] {logging_mixin.py:115} INFO - [2022-06-20 11:12:54,401] {dag.py:2379} INFO - Sync 1 DAGs
[2022-06-20 11:12:54,414] {logging_mixin.py:115} INFO - [2022-06-20 11:12:54,414] {dag.py:2923} INFO - Setting next_dagrun for example_task_group_decorator to 2022-06-19T10:12:54.414229+00:00, run_after=2022-06-20T10:12:54.414229+00:00
[2022-06-20 11:12:54,426] {processor.py:161} INFO - Processing /home/oury/.local/lib/python3.10/site-packages/airflow/example_dags/example_task_group_decorator.py took 0.092 seconds
[2022-06-20 11:13:28,962] {processor.py:153} INFO - Started process (PID=16576) to work on /home/oury/.local/lib/python3.10/site-packages/airflow/example_dags/example_task_group_decorator.py
[2022-06-20 11:13:28,962] {processor.py:641} INFO - Processing file /home/oury/.local/lib/python3.10/site-packages/airflow/example_dags/example_task_group_decorator.py for tasks to queue
[2022-06-20 11:13:28,963] {logging_mixin.py:115} INFO - [2022-06-20 11:13:28,963] {dagbag.py:507} INFO - Filling up the DagBag from /home/oury/.local/lib/python3.10/site-packages/airflow/example_dags/example_task_group_decorator.py
[2022-06-20 11:13:28,994] {processor.py:651} INFO - DAG(s) dict_keys(['example_task_group_decorator']) retrieved from /home/oury/.local/lib/python3.10/site-packages/airflow/example_dags/example_task_group_decorator.py
[2022-06-20 11:13:29,047] {logging_mixin.py:115} INFO - [2022-06-20 11:13:29,047] {dag.py:2379} INFO - Sync 1 DAGs
[2022-06-20 11:13:29,065] {logging_mixin.py:115} INFO - [2022-06-20 11:13:29,065] {dag.py:2923} INFO - Setting next_dagrun for example_task_group_decorator to 2022-06-19T10:13:29.065618+00:00, run_after=2022-06-20T10:13:29.065618+00:00
[2022-06-20 11:13:29,085] {processor.py:161} INFO - Processing /home/oury/.local/lib/python3.10/site-packages/airflow/example_dags/example_task_group_decorator.py took 0.125 seconds
[2022-06-20 11:14:00,135] {processor.py:153} INFO - Started process (PID=16639) to work on /home/oury/.local/lib/python3.10/site-packages/airflow/example_dags/example_task_group_decorator.py
[2022-06-20 11:14:00,136] {processor.py:641} INFO - Processing file /home/oury/.local/lib/python3.10/site-packages/airflow/example_dags/example_task_group_decorator.py for tasks to queue
[2022-06-20 11:14:00,136] {logging_mixin.py:115} INFO - [2022-06-20 11:14:00,136] {dagbag.py:507} INFO - Filling up the DagBag from /home/oury/.local/lib/python3.10/site-packages/airflow/example_dags/example_task_group_decorator.py
[2022-06-20 11:14:00,163] {processor.py:651} INFO - DAG(s) dict_keys(['example_task_group_decorator']) retrieved from /home/oury/.local/lib/python3.10/site-packages/airflow/example_dags/example_task_group_decorator.py
[2022-06-20 11:14:00,213] {logging_mixin.py:115} INFO - [2022-06-20 11:14:00,213] {dag.py:2379} INFO - Sync 1 DAGs
[2022-06-20 11:14:00,227] {logging_mixin.py:115} INFO - [2022-06-20 11:14:00,227] {dag.py:2923} INFO - Setting next_dagrun for example_task_group_decorator to 2022-06-19T10:14:00.227255+00:00, run_after=2022-06-20T10:14:00.227255+00:00
[2022-06-20 11:14:00,243] {processor.py:161} INFO - Processing /home/oury/.local/lib/python3.10/site-packages/airflow/example_dags/example_task_group_decorator.py took 0.111 seconds
[2022-06-20 11:14:32,912] {processor.py:153} INFO - Started process (PID=16686) to work on /home/oury/.local/lib/python3.10/site-packages/airflow/example_dags/example_task_group_decorator.py
[2022-06-20 11:14:32,913] {processor.py:641} INFO - Processing file /home/oury/.local/lib/python3.10/site-packages/airflow/example_dags/example_task_group_decorator.py for tasks to queue
[2022-06-20 11:14:32,913] {logging_mixin.py:115} INFO - [2022-06-20 11:14:32,913] {dagbag.py:507} INFO - Filling up the DagBag from /home/oury/.local/lib/python3.10/site-packages/airflow/example_dags/example_task_group_decorator.py
[2022-06-20 11:14:32,940] {processor.py:651} INFO - DAG(s) dict_keys(['example_task_group_decorator']) retrieved from /home/oury/.local/lib/python3.10/site-packages/airflow/example_dags/example_task_group_decorator.py
[2022-06-20 11:14:32,989] {logging_mixin.py:115} INFO - [2022-06-20 11:14:32,989] {dag.py:2379} INFO - Sync 1 DAGs
[2022-06-20 11:14:33,004] {logging_mixin.py:115} INFO - [2022-06-20 11:14:33,004] {dag.py:2923} INFO - Setting next_dagrun for example_task_group_decorator to 2022-06-19T10:14:33.004539+00:00, run_after=2022-06-20T10:14:33.004539+00:00
[2022-06-20 11:14:33,018] {processor.py:161} INFO - Processing /home/oury/.local/lib/python3.10/site-packages/airflow/example_dags/example_task_group_decorator.py took 0.109 seconds
[2022-06-20 11:15:09,902] {processor.py:153} INFO - Started process (PID=16732) to work on /home/oury/.local/lib/python3.10/site-packages/airflow/example_dags/example_task_group_decorator.py
[2022-06-20 11:15:09,903] {processor.py:641} INFO - Processing file /home/oury/.local/lib/python3.10/site-packages/airflow/example_dags/example_task_group_decorator.py for tasks to queue
[2022-06-20 11:15:09,903] {logging_mixin.py:115} INFO - [2022-06-20 11:15:09,903] {dagbag.py:507} INFO - Filling up the DagBag from /home/oury/.local/lib/python3.10/site-packages/airflow/example_dags/example_task_group_decorator.py
[2022-06-20 11:15:09,927] {processor.py:651} INFO - DAG(s) dict_keys(['example_task_group_decorator']) retrieved from /home/oury/.local/lib/python3.10/site-packages/airflow/example_dags/example_task_group_decorator.py
[2022-06-20 11:15:09,970] {logging_mixin.py:115} INFO - [2022-06-20 11:15:09,970] {dag.py:2379} INFO - Sync 1 DAGs
[2022-06-20 11:15:09,984] {logging_mixin.py:115} INFO - [2022-06-20 11:15:09,984] {dag.py:2923} INFO - Setting next_dagrun for example_task_group_decorator to 2022-06-19T10:15:09.984329+00:00, run_after=2022-06-20T10:15:09.984329+00:00
[2022-06-20 11:15:09,997] {processor.py:161} INFO - Processing /home/oury/.local/lib/python3.10/site-packages/airflow/example_dags/example_task_group_decorator.py took 0.097 seconds
[2022-06-20 11:15:42,669] {processor.py:153} INFO - Started process (PID=16780) to work on /home/oury/.local/lib/python3.10/site-packages/airflow/example_dags/example_task_group_decorator.py
[2022-06-20 11:15:42,670] {processor.py:641} INFO - Processing file /home/oury/.local/lib/python3.10/site-packages/airflow/example_dags/example_task_group_decorator.py for tasks to queue
[2022-06-20 11:15:42,670] {logging_mixin.py:115} INFO - [2022-06-20 11:15:42,670] {dagbag.py:507} INFO - Filling up the DagBag from /home/oury/.local/lib/python3.10/site-packages/airflow/example_dags/example_task_group_decorator.py
[2022-06-20 11:15:42,695] {processor.py:651} INFO - DAG(s) dict_keys(['example_task_group_decorator']) retrieved from /home/oury/.local/lib/python3.10/site-packages/airflow/example_dags/example_task_group_decorator.py
[2022-06-20 11:15:42,711] {logging_mixin.py:115} INFO - [2022-06-20 11:15:42,711] {dag.py:2379} INFO - Sync 1 DAGs
[2022-06-20 11:15:42,729] {logging_mixin.py:115} INFO - [2022-06-20 11:15:42,728] {dag.py:2923} INFO - Setting next_dagrun for example_task_group_decorator to 2022-06-19T10:15:42.728563+00:00, run_after=2022-06-20T10:15:42.728563+00:00
[2022-06-20 11:15:42,740] {processor.py:161} INFO - Processing /home/oury/.local/lib/python3.10/site-packages/airflow/example_dags/example_task_group_decorator.py took 0.075 seconds
[2022-06-20 11:16:17,377] {processor.py:153} INFO - Started process (PID=16836) to work on /home/oury/.local/lib/python3.10/site-packages/airflow/example_dags/example_task_group_decorator.py
[2022-06-20 11:16:17,377] {processor.py:641} INFO - Processing file /home/oury/.local/lib/python3.10/site-packages/airflow/example_dags/example_task_group_decorator.py for tasks to queue
[2022-06-20 11:16:17,378] {logging_mixin.py:115} INFO - [2022-06-20 11:16:17,378] {dagbag.py:507} INFO - Filling up the DagBag from /home/oury/.local/lib/python3.10/site-packages/airflow/example_dags/example_task_group_decorator.py
[2022-06-20 11:16:17,402] {processor.py:651} INFO - DAG(s) dict_keys(['example_task_group_decorator']) retrieved from /home/oury/.local/lib/python3.10/site-packages/airflow/example_dags/example_task_group_decorator.py
[2022-06-20 11:16:17,418] {logging_mixin.py:115} INFO - [2022-06-20 11:16:17,418] {dag.py:2379} INFO - Sync 1 DAGs
[2022-06-20 11:16:17,435] {logging_mixin.py:115} INFO - [2022-06-20 11:16:17,435] {dag.py:2923} INFO - Setting next_dagrun for example_task_group_decorator to 2022-06-19T10:16:17.435339+00:00, run_after=2022-06-20T10:16:17.435339+00:00
[2022-06-20 11:16:17,448] {processor.py:161} INFO - Processing /home/oury/.local/lib/python3.10/site-packages/airflow/example_dags/example_task_group_decorator.py took 0.073 seconds
[2022-06-20 11:16:50,507] {processor.py:153} INFO - Started process (PID=16880) to work on /home/oury/.local/lib/python3.10/site-packages/airflow/example_dags/example_task_group_decorator.py
[2022-06-20 11:16:50,508] {processor.py:641} INFO - Processing file /home/oury/.local/lib/python3.10/site-packages/airflow/example_dags/example_task_group_decorator.py for tasks to queue
[2022-06-20 11:16:50,508] {logging_mixin.py:115} INFO - [2022-06-20 11:16:50,508] {dagbag.py:507} INFO - Filling up the DagBag from /home/oury/.local/lib/python3.10/site-packages/airflow/example_dags/example_task_group_decorator.py
[2022-06-20 11:16:50,533] {processor.py:651} INFO - DAG(s) dict_keys(['example_task_group_decorator']) retrieved from /home/oury/.local/lib/python3.10/site-packages/airflow/example_dags/example_task_group_decorator.py
[2022-06-20 11:16:50,549] {logging_mixin.py:115} INFO - [2022-06-20 11:16:50,549] {dag.py:2379} INFO - Sync 1 DAGs
[2022-06-20 11:16:50,564] {logging_mixin.py:115} INFO - [2022-06-20 11:16:50,564] {dag.py:2923} INFO - Setting next_dagrun for example_task_group_decorator to 2022-06-19T10:16:50.563900+00:00, run_after=2022-06-20T10:16:50.563900+00:00
[2022-06-20 11:16:50,577] {processor.py:161} INFO - Processing /home/oury/.local/lib/python3.10/site-packages/airflow/example_dags/example_task_group_decorator.py took 0.072 seconds
[2022-06-20 11:17:23,600] {processor.py:153} INFO - Started process (PID=16925) to work on /home/oury/.local/lib/python3.10/site-packages/airflow/example_dags/example_task_group_decorator.py
[2022-06-20 11:17:23,600] {processor.py:641} INFO - Processing file /home/oury/.local/lib/python3.10/site-packages/airflow/example_dags/example_task_group_decorator.py for tasks to queue
[2022-06-20 11:17:23,601] {logging_mixin.py:115} INFO - [2022-06-20 11:17:23,601] {dagbag.py:507} INFO - Filling up the DagBag from /home/oury/.local/lib/python3.10/site-packages/airflow/example_dags/example_task_group_decorator.py
[2022-06-20 11:17:23,624] {processor.py:651} INFO - DAG(s) dict_keys(['example_task_group_decorator']) retrieved from /home/oury/.local/lib/python3.10/site-packages/airflow/example_dags/example_task_group_decorator.py
[2022-06-20 11:17:23,670] {logging_mixin.py:115} INFO - [2022-06-20 11:17:23,670] {dag.py:2379} INFO - Sync 1 DAGs
[2022-06-20 11:17:23,684] {logging_mixin.py:115} INFO - [2022-06-20 11:17:23,684] {dag.py:2923} INFO - Setting next_dagrun for example_task_group_decorator to 2022-06-19T10:17:23.684129+00:00, run_after=2022-06-20T10:17:23.684129+00:00
[2022-06-20 11:17:23,698] {processor.py:161} INFO - Processing /home/oury/.local/lib/python3.10/site-packages/airflow/example_dags/example_task_group_decorator.py took 0.102 seconds
[2022-06-20 11:17:56,106] {processor.py:153} INFO - Started process (PID=16967) to work on /home/oury/.local/lib/python3.10/site-packages/airflow/example_dags/example_task_group_decorator.py
[2022-06-20 11:17:56,106] {processor.py:641} INFO - Processing file /home/oury/.local/lib/python3.10/site-packages/airflow/example_dags/example_task_group_decorator.py for tasks to queue
[2022-06-20 11:17:56,107] {logging_mixin.py:115} INFO - [2022-06-20 11:17:56,107] {dagbag.py:507} INFO - Filling up the DagBag from /home/oury/.local/lib/python3.10/site-packages/airflow/example_dags/example_task_group_decorator.py
[2022-06-20 11:17:56,141] {processor.py:651} INFO - DAG(s) dict_keys(['example_task_group_decorator']) retrieved from /home/oury/.local/lib/python3.10/site-packages/airflow/example_dags/example_task_group_decorator.py
[2022-06-20 11:17:56,162] {logging_mixin.py:115} INFO - [2022-06-20 11:17:56,162] {dag.py:2379} INFO - Sync 1 DAGs
[2022-06-20 11:17:56,186] {logging_mixin.py:115} INFO - [2022-06-20 11:17:56,186] {dag.py:2923} INFO - Setting next_dagrun for example_task_group_decorator to 2022-06-19T10:17:56.186185+00:00, run_after=2022-06-20T10:17:56.186185+00:00
[2022-06-20 11:17:56,203] {processor.py:161} INFO - Processing /home/oury/.local/lib/python3.10/site-packages/airflow/example_dags/example_task_group_decorator.py took 0.100 seconds
