[2022-06-20 10:57:51,877] {processor.py:153} INFO - Started process (PID=14253) to work on /home/oury/.local/lib/python3.10/site-packages/airflow/example_dags/example_latest_only_with_trigger.py
[2022-06-20 10:57:51,877] {processor.py:641} INFO - Processing file /home/oury/.local/lib/python3.10/site-packages/airflow/example_dags/example_latest_only_with_trigger.py for tasks to queue
[2022-06-20 10:57:51,877] {logging_mixin.py:115} INFO - [2022-06-20 10:57:51,877] {dagbag.py:507} INFO - Filling up the DagBag from /home/oury/.local/lib/python3.10/site-packages/airflow/example_dags/example_latest_only_with_trigger.py
[2022-06-20 10:57:51,882] {processor.py:651} INFO - DAG(s) dict_keys(['latest_only_with_trigger']) retrieved from /home/oury/.local/lib/python3.10/site-packages/airflow/example_dags/example_latest_only_with_trigger.py
[2022-06-20 10:57:51,897] {logging_mixin.py:115} INFO - [2022-06-20 10:57:51,897] {dag.py:2379} INFO - Sync 1 DAGs
[2022-06-20 10:57:51,917] {logging_mixin.py:115} INFO - [2022-06-20 10:57:51,917] {dag.py:2923} INFO - Setting next_dagrun for latest_only_with_trigger to 2022-06-20T05:57:51.917392+00:00, run_after=2022-06-20T09:57:51.917392+00:00
[2022-06-20 10:57:51,932] {processor.py:161} INFO - Processing /home/oury/.local/lib/python3.10/site-packages/airflow/example_dags/example_latest_only_with_trigger.py took 0.058 seconds
[2022-06-20 10:58:27,808] {processor.py:153} INFO - Started process (PID=14326) to work on /home/oury/.local/lib/python3.10/site-packages/airflow/example_dags/example_latest_only_with_trigger.py
[2022-06-20 10:58:27,809] {processor.py:641} INFO - Processing file /home/oury/.local/lib/python3.10/site-packages/airflow/example_dags/example_latest_only_with_trigger.py for tasks to queue
[2022-06-20 10:58:27,809] {logging_mixin.py:115} INFO - [2022-06-20 10:58:27,809] {dagbag.py:507} INFO - Filling up the DagBag from /home/oury/.local/lib/python3.10/site-packages/airflow/example_dags/example_latest_only_with_trigger.py
[2022-06-20 10:58:27,814] {processor.py:651} INFO - DAG(s) dict_keys(['latest_only_with_trigger']) retrieved from /home/oury/.local/lib/python3.10/site-packages/airflow/example_dags/example_latest_only_with_trigger.py
[2022-06-20 10:58:27,827] {logging_mixin.py:115} INFO - [2022-06-20 10:58:27,827] {dag.py:2379} INFO - Sync 1 DAGs
[2022-06-20 10:58:27,843] {logging_mixin.py:115} INFO - [2022-06-20 10:58:27,843] {dag.py:2923} INFO - Setting next_dagrun for latest_only_with_trigger to 2022-06-20T05:58:27.842802+00:00, run_after=2022-06-20T09:58:27.842802+00:00
[2022-06-20 10:58:27,855] {processor.py:161} INFO - Processing /home/oury/.local/lib/python3.10/site-packages/airflow/example_dags/example_latest_only_with_trigger.py took 0.049 seconds
[2022-06-20 10:59:05,460] {processor.py:153} INFO - Started process (PID=14442) to work on /home/oury/.local/lib/python3.10/site-packages/airflow/example_dags/example_latest_only_with_trigger.py
[2022-06-20 10:59:05,460] {processor.py:641} INFO - Processing file /home/oury/.local/lib/python3.10/site-packages/airflow/example_dags/example_latest_only_with_trigger.py for tasks to queue
[2022-06-20 10:59:05,461] {logging_mixin.py:115} INFO - [2022-06-20 10:59:05,461] {dagbag.py:507} INFO - Filling up the DagBag from /home/oury/.local/lib/python3.10/site-packages/airflow/example_dags/example_latest_only_with_trigger.py
[2022-06-20 10:59:05,465] {processor.py:651} INFO - DAG(s) dict_keys(['latest_only_with_trigger']) retrieved from /home/oury/.local/lib/python3.10/site-packages/airflow/example_dags/example_latest_only_with_trigger.py
[2022-06-20 10:59:05,479] {logging_mixin.py:115} INFO - [2022-06-20 10:59:05,478] {dag.py:2379} INFO - Sync 1 DAGs
[2022-06-20 10:59:05,493] {logging_mixin.py:115} INFO - [2022-06-20 10:59:05,493] {dag.py:2923} INFO - Setting next_dagrun for latest_only_with_trigger to 2022-06-20T05:59:05.493491+00:00, run_after=2022-06-20T09:59:05.493491+00:00
[2022-06-20 10:59:05,504] {processor.py:161} INFO - Processing /home/oury/.local/lib/python3.10/site-packages/airflow/example_dags/example_latest_only_with_trigger.py took 0.046 seconds
[2022-06-20 10:59:40,668] {processor.py:153} INFO - Started process (PID=14557) to work on /home/oury/.local/lib/python3.10/site-packages/airflow/example_dags/example_latest_only_with_trigger.py
[2022-06-20 10:59:40,668] {processor.py:641} INFO - Processing file /home/oury/.local/lib/python3.10/site-packages/airflow/example_dags/example_latest_only_with_trigger.py for tasks to queue
[2022-06-20 10:59:40,669] {logging_mixin.py:115} INFO - [2022-06-20 10:59:40,669] {dagbag.py:507} INFO - Filling up the DagBag from /home/oury/.local/lib/python3.10/site-packages/airflow/example_dags/example_latest_only_with_trigger.py
[2022-06-20 10:59:40,674] {processor.py:651} INFO - DAG(s) dict_keys(['latest_only_with_trigger']) retrieved from /home/oury/.local/lib/python3.10/site-packages/airflow/example_dags/example_latest_only_with_trigger.py
[2022-06-20 10:59:40,687] {logging_mixin.py:115} INFO - [2022-06-20 10:59:40,687] {dag.py:2379} INFO - Sync 1 DAGs
[2022-06-20 10:59:40,702] {logging_mixin.py:115} INFO - [2022-06-20 10:59:40,702] {dag.py:2923} INFO - Setting next_dagrun for latest_only_with_trigger to 2022-06-20T05:59:40.701951+00:00, run_after=2022-06-20T09:59:40.701951+00:00
[2022-06-20 10:59:40,713] {processor.py:161} INFO - Processing /home/oury/.local/lib/python3.10/site-packages/airflow/example_dags/example_latest_only_with_trigger.py took 0.047 seconds
[2022-06-20 11:00:18,969] {processor.py:153} INFO - Started process (PID=14619) to work on /home/oury/.local/lib/python3.10/site-packages/airflow/example_dags/example_latest_only_with_trigger.py
[2022-06-20 11:00:18,970] {processor.py:641} INFO - Processing file /home/oury/.local/lib/python3.10/site-packages/airflow/example_dags/example_latest_only_with_trigger.py for tasks to queue
[2022-06-20 11:00:18,970] {logging_mixin.py:115} INFO - [2022-06-20 11:00:18,970] {dagbag.py:507} INFO - Filling up the DagBag from /home/oury/.local/lib/python3.10/site-packages/airflow/example_dags/example_latest_only_with_trigger.py
[2022-06-20 11:00:18,975] {processor.py:651} INFO - DAG(s) dict_keys(['latest_only_with_trigger']) retrieved from /home/oury/.local/lib/python3.10/site-packages/airflow/example_dags/example_latest_only_with_trigger.py
[2022-06-20 11:00:18,989] {logging_mixin.py:115} INFO - [2022-06-20 11:00:18,989] {dag.py:2379} INFO - Sync 1 DAGs
[2022-06-20 11:00:19,009] {logging_mixin.py:115} INFO - [2022-06-20 11:00:19,009] {dag.py:2923} INFO - Setting next_dagrun for latest_only_with_trigger to 2022-06-20T06:00:19.009419+00:00, run_after=2022-06-20T10:00:19.009419+00:00
[2022-06-20 11:00:19,022] {processor.py:161} INFO - Processing /home/oury/.local/lib/python3.10/site-packages/airflow/example_dags/example_latest_only_with_trigger.py took 0.056 seconds
[2022-06-20 11:00:53,864] {processor.py:153} INFO - Started process (PID=14666) to work on /home/oury/.local/lib/python3.10/site-packages/airflow/example_dags/example_latest_only_with_trigger.py
[2022-06-20 11:00:53,865] {processor.py:641} INFO - Processing file /home/oury/.local/lib/python3.10/site-packages/airflow/example_dags/example_latest_only_with_trigger.py for tasks to queue
[2022-06-20 11:00:53,865] {logging_mixin.py:115} INFO - [2022-06-20 11:00:53,865] {dagbag.py:507} INFO - Filling up the DagBag from /home/oury/.local/lib/python3.10/site-packages/airflow/example_dags/example_latest_only_with_trigger.py
[2022-06-20 11:00:53,870] {processor.py:651} INFO - DAG(s) dict_keys(['latest_only_with_trigger']) retrieved from /home/oury/.local/lib/python3.10/site-packages/airflow/example_dags/example_latest_only_with_trigger.py
[2022-06-20 11:00:53,884] {logging_mixin.py:115} INFO - [2022-06-20 11:00:53,883] {dag.py:2379} INFO - Sync 1 DAGs
[2022-06-20 11:00:53,898] {logging_mixin.py:115} INFO - [2022-06-20 11:00:53,898] {dag.py:2923} INFO - Setting next_dagrun for latest_only_with_trigger to 2022-06-20T06:00:53.898317+00:00, run_after=2022-06-20T10:00:53.898317+00:00
[2022-06-20 11:00:53,909] {processor.py:161} INFO - Processing /home/oury/.local/lib/python3.10/site-packages/airflow/example_dags/example_latest_only_with_trigger.py took 0.047 seconds
[2022-06-20 11:01:30,292] {processor.py:153} INFO - Started process (PID=14712) to work on /home/oury/.local/lib/python3.10/site-packages/airflow/example_dags/example_latest_only_with_trigger.py
[2022-06-20 11:01:30,293] {processor.py:641} INFO - Processing file /home/oury/.local/lib/python3.10/site-packages/airflow/example_dags/example_latest_only_with_trigger.py for tasks to queue
[2022-06-20 11:01:30,293] {logging_mixin.py:115} INFO - [2022-06-20 11:01:30,293] {dagbag.py:507} INFO - Filling up the DagBag from /home/oury/.local/lib/python3.10/site-packages/airflow/example_dags/example_latest_only_with_trigger.py
[2022-06-20 11:01:30,298] {processor.py:651} INFO - DAG(s) dict_keys(['latest_only_with_trigger']) retrieved from /home/oury/.local/lib/python3.10/site-packages/airflow/example_dags/example_latest_only_with_trigger.py
[2022-06-20 11:01:30,311] {logging_mixin.py:115} INFO - [2022-06-20 11:01:30,311] {dag.py:2379} INFO - Sync 1 DAGs
[2022-06-20 11:01:30,326] {logging_mixin.py:115} INFO - [2022-06-20 11:01:30,326] {dag.py:2923} INFO - Setting next_dagrun for latest_only_with_trigger to 2022-06-20T06:01:30.326105+00:00, run_after=2022-06-20T10:01:30.326105+00:00
[2022-06-20 11:01:30,337] {processor.py:161} INFO - Processing /home/oury/.local/lib/python3.10/site-packages/airflow/example_dags/example_latest_only_with_trigger.py took 0.047 seconds
[2022-06-20 11:02:07,418] {processor.py:153} INFO - Started process (PID=14759) to work on /home/oury/.local/lib/python3.10/site-packages/airflow/example_dags/example_latest_only_with_trigger.py
[2022-06-20 11:02:07,419] {processor.py:641} INFO - Processing file /home/oury/.local/lib/python3.10/site-packages/airflow/example_dags/example_latest_only_with_trigger.py for tasks to queue
[2022-06-20 11:02:07,420] {logging_mixin.py:115} INFO - [2022-06-20 11:02:07,420] {dagbag.py:507} INFO - Filling up the DagBag from /home/oury/.local/lib/python3.10/site-packages/airflow/example_dags/example_latest_only_with_trigger.py
[2022-06-20 11:02:07,426] {processor.py:651} INFO - DAG(s) dict_keys(['latest_only_with_trigger']) retrieved from /home/oury/.local/lib/python3.10/site-packages/airflow/example_dags/example_latest_only_with_trigger.py
[2022-06-20 11:02:07,440] {logging_mixin.py:115} INFO - [2022-06-20 11:02:07,440] {dag.py:2379} INFO - Sync 1 DAGs
[2022-06-20 11:02:07,455] {logging_mixin.py:115} INFO - [2022-06-20 11:02:07,455] {dag.py:2923} INFO - Setting next_dagrun for latest_only_with_trigger to 2022-06-20T06:02:07.455460+00:00, run_after=2022-06-20T10:02:07.455460+00:00
[2022-06-20 11:02:07,466] {processor.py:161} INFO - Processing /home/oury/.local/lib/python3.10/site-packages/airflow/example_dags/example_latest_only_with_trigger.py took 0.050 seconds
[2022-06-20 11:02:44,816] {processor.py:153} INFO - Started process (PID=14806) to work on /home/oury/.local/lib/python3.10/site-packages/airflow/example_dags/example_latest_only_with_trigger.py
[2022-06-20 11:02:44,816] {processor.py:641} INFO - Processing file /home/oury/.local/lib/python3.10/site-packages/airflow/example_dags/example_latest_only_with_trigger.py for tasks to queue
[2022-06-20 11:02:44,817] {logging_mixin.py:115} INFO - [2022-06-20 11:02:44,817] {dagbag.py:507} INFO - Filling up the DagBag from /home/oury/.local/lib/python3.10/site-packages/airflow/example_dags/example_latest_only_with_trigger.py
[2022-06-20 11:02:44,821] {processor.py:651} INFO - DAG(s) dict_keys(['latest_only_with_trigger']) retrieved from /home/oury/.local/lib/python3.10/site-packages/airflow/example_dags/example_latest_only_with_trigger.py
[2022-06-20 11:02:44,835] {logging_mixin.py:115} INFO - [2022-06-20 11:02:44,835] {dag.py:2379} INFO - Sync 1 DAGs
[2022-06-20 11:02:44,850] {logging_mixin.py:115} INFO - [2022-06-20 11:02:44,850] {dag.py:2923} INFO - Setting next_dagrun for latest_only_with_trigger to 2022-06-20T06:02:44.849951+00:00, run_after=2022-06-20T10:02:44.849951+00:00
[2022-06-20 11:02:44,861] {processor.py:161} INFO - Processing /home/oury/.local/lib/python3.10/site-packages/airflow/example_dags/example_latest_only_with_trigger.py took 0.047 seconds
[2022-06-20 11:03:23,948] {processor.py:153} INFO - Started process (PID=14853) to work on /home/oury/.local/lib/python3.10/site-packages/airflow/example_dags/example_latest_only_with_trigger.py
[2022-06-20 11:03:23,949] {processor.py:641} INFO - Processing file /home/oury/.local/lib/python3.10/site-packages/airflow/example_dags/example_latest_only_with_trigger.py for tasks to queue
[2022-06-20 11:03:23,949] {logging_mixin.py:115} INFO - [2022-06-20 11:03:23,949] {dagbag.py:507} INFO - Filling up the DagBag from /home/oury/.local/lib/python3.10/site-packages/airflow/example_dags/example_latest_only_with_trigger.py
[2022-06-20 11:03:23,954] {processor.py:651} INFO - DAG(s) dict_keys(['latest_only_with_trigger']) retrieved from /home/oury/.local/lib/python3.10/site-packages/airflow/example_dags/example_latest_only_with_trigger.py
[2022-06-20 11:03:23,967] {logging_mixin.py:115} INFO - [2022-06-20 11:03:23,967] {dag.py:2379} INFO - Sync 1 DAGs
[2022-06-20 11:03:23,982] {logging_mixin.py:115} INFO - [2022-06-20 11:03:23,982] {dag.py:2923} INFO - Setting next_dagrun for latest_only_with_trigger to 2022-06-20T06:03:23.982452+00:00, run_after=2022-06-20T10:03:23.982452+00:00
[2022-06-20 11:03:23,993] {processor.py:161} INFO - Processing /home/oury/.local/lib/python3.10/site-packages/airflow/example_dags/example_latest_only_with_trigger.py took 0.048 seconds
[2022-06-20 11:04:01,524] {processor.py:153} INFO - Started process (PID=14902) to work on /home/oury/.local/lib/python3.10/site-packages/airflow/example_dags/example_latest_only_with_trigger.py
[2022-06-20 11:04:01,525] {processor.py:641} INFO - Processing file /home/oury/.local/lib/python3.10/site-packages/airflow/example_dags/example_latest_only_with_trigger.py for tasks to queue
[2022-06-20 11:04:01,526] {logging_mixin.py:115} INFO - [2022-06-20 11:04:01,525] {dagbag.py:507} INFO - Filling up the DagBag from /home/oury/.local/lib/python3.10/site-packages/airflow/example_dags/example_latest_only_with_trigger.py
[2022-06-20 11:04:01,534] {processor.py:651} INFO - DAG(s) dict_keys(['latest_only_with_trigger']) retrieved from /home/oury/.local/lib/python3.10/site-packages/airflow/example_dags/example_latest_only_with_trigger.py
[2022-06-20 11:04:01,553] {logging_mixin.py:115} INFO - [2022-06-20 11:04:01,553] {dag.py:2379} INFO - Sync 1 DAGs
[2022-06-20 11:04:01,584] {logging_mixin.py:115} INFO - [2022-06-20 11:04:01,584] {dag.py:2923} INFO - Setting next_dagrun for latest_only_with_trigger to 2022-06-20T06:04:01.583931+00:00, run_after=2022-06-20T10:04:01.583931+00:00
[2022-06-20 11:04:01,600] {processor.py:161} INFO - Processing /home/oury/.local/lib/python3.10/site-packages/airflow/example_dags/example_latest_only_with_trigger.py took 0.082 seconds
[2022-06-20 11:04:35,791] {processor.py:153} INFO - Started process (PID=15126) to work on /home/oury/.local/lib/python3.10/site-packages/airflow/example_dags/example_latest_only_with_trigger.py
[2022-06-20 11:04:35,791] {processor.py:641} INFO - Processing file /home/oury/.local/lib/python3.10/site-packages/airflow/example_dags/example_latest_only_with_trigger.py for tasks to queue
[2022-06-20 11:04:35,792] {logging_mixin.py:115} INFO - [2022-06-20 11:04:35,792] {dagbag.py:507} INFO - Filling up the DagBag from /home/oury/.local/lib/python3.10/site-packages/airflow/example_dags/example_latest_only_with_trigger.py
[2022-06-20 11:04:35,799] {processor.py:651} INFO - DAG(s) dict_keys(['latest_only_with_trigger']) retrieved from /home/oury/.local/lib/python3.10/site-packages/airflow/example_dags/example_latest_only_with_trigger.py
[2022-06-20 11:04:35,821] {logging_mixin.py:115} INFO - [2022-06-20 11:04:35,821] {dag.py:2379} INFO - Sync 1 DAGs
[2022-06-20 11:04:35,846] {logging_mixin.py:115} INFO - [2022-06-20 11:04:35,846] {dag.py:2923} INFO - Setting next_dagrun for latest_only_with_trigger to 2022-06-20T06:04:35.845674+00:00, run_after=2022-06-20T10:04:35.845674+00:00
[2022-06-20 11:04:35,862] {processor.py:161} INFO - Processing /home/oury/.local/lib/python3.10/site-packages/airflow/example_dags/example_latest_only_with_trigger.py took 0.075 seconds
[2022-06-20 11:05:11,896] {processor.py:153} INFO - Started process (PID=15239) to work on /home/oury/.local/lib/python3.10/site-packages/airflow/example_dags/example_latest_only_with_trigger.py
[2022-06-20 11:05:11,897] {processor.py:641} INFO - Processing file /home/oury/.local/lib/python3.10/site-packages/airflow/example_dags/example_latest_only_with_trigger.py for tasks to queue
[2022-06-20 11:05:11,897] {logging_mixin.py:115} INFO - [2022-06-20 11:05:11,897] {dagbag.py:507} INFO - Filling up the DagBag from /home/oury/.local/lib/python3.10/site-packages/airflow/example_dags/example_latest_only_with_trigger.py
[2022-06-20 11:05:11,902] {processor.py:651} INFO - DAG(s) dict_keys(['latest_only_with_trigger']) retrieved from /home/oury/.local/lib/python3.10/site-packages/airflow/example_dags/example_latest_only_with_trigger.py
[2022-06-20 11:05:11,916] {logging_mixin.py:115} INFO - [2022-06-20 11:05:11,916] {dag.py:2379} INFO - Sync 1 DAGs
[2022-06-20 11:05:11,931] {logging_mixin.py:115} INFO - [2022-06-20 11:05:11,931] {dag.py:2923} INFO - Setting next_dagrun for latest_only_with_trigger to 2022-06-20T06:05:11.931036+00:00, run_after=2022-06-20T10:05:11.931036+00:00
[2022-06-20 11:05:11,942] {processor.py:161} INFO - Processing /home/oury/.local/lib/python3.10/site-packages/airflow/example_dags/example_latest_only_with_trigger.py took 0.048 seconds
[2022-06-20 11:05:45,676] {processor.py:153} INFO - Started process (PID=15281) to work on /home/oury/.local/lib/python3.10/site-packages/airflow/example_dags/example_latest_only_with_trigger.py
[2022-06-20 11:05:45,676] {processor.py:641} INFO - Processing file /home/oury/.local/lib/python3.10/site-packages/airflow/example_dags/example_latest_only_with_trigger.py for tasks to queue
[2022-06-20 11:05:45,676] {logging_mixin.py:115} INFO - [2022-06-20 11:05:45,676] {dagbag.py:507} INFO - Filling up the DagBag from /home/oury/.local/lib/python3.10/site-packages/airflow/example_dags/example_latest_only_with_trigger.py
[2022-06-20 11:05:45,681] {processor.py:651} INFO - DAG(s) dict_keys(['latest_only_with_trigger']) retrieved from /home/oury/.local/lib/python3.10/site-packages/airflow/example_dags/example_latest_only_with_trigger.py
[2022-06-20 11:05:45,694] {logging_mixin.py:115} INFO - [2022-06-20 11:05:45,694] {dag.py:2379} INFO - Sync 1 DAGs
[2022-06-20 11:05:45,709] {logging_mixin.py:115} INFO - [2022-06-20 11:05:45,709] {dag.py:2923} INFO - Setting next_dagrun for latest_only_with_trigger to 2022-06-20T06:05:45.709241+00:00, run_after=2022-06-20T10:05:45.709241+00:00
[2022-06-20 11:05:45,720] {processor.py:161} INFO - Processing /home/oury/.local/lib/python3.10/site-packages/airflow/example_dags/example_latest_only_with_trigger.py took 0.047 seconds
[2022-06-20 11:06:26,660] {processor.py:153} INFO - Started process (PID=15346) to work on /home/oury/.local/lib/python3.10/site-packages/airflow/example_dags/example_latest_only_with_trigger.py
[2022-06-20 11:06:26,661] {processor.py:641} INFO - Processing file /home/oury/.local/lib/python3.10/site-packages/airflow/example_dags/example_latest_only_with_trigger.py for tasks to queue
[2022-06-20 11:06:26,661] {logging_mixin.py:115} INFO - [2022-06-20 11:06:26,661] {dagbag.py:507} INFO - Filling up the DagBag from /home/oury/.local/lib/python3.10/site-packages/airflow/example_dags/example_latest_only_with_trigger.py
[2022-06-20 11:06:26,666] {processor.py:651} INFO - DAG(s) dict_keys(['latest_only_with_trigger']) retrieved from /home/oury/.local/lib/python3.10/site-packages/airflow/example_dags/example_latest_only_with_trigger.py
[2022-06-20 11:06:26,679] {logging_mixin.py:115} INFO - [2022-06-20 11:06:26,679] {dag.py:2379} INFO - Sync 1 DAGs
[2022-06-20 11:06:26,694] {logging_mixin.py:115} INFO - [2022-06-20 11:06:26,694] {dag.py:2923} INFO - Setting next_dagrun for latest_only_with_trigger to 2022-06-20T06:06:26.693727+00:00, run_after=2022-06-20T10:06:26.693727+00:00
[2022-06-20 11:06:26,705] {processor.py:161} INFO - Processing /home/oury/.local/lib/python3.10/site-packages/airflow/example_dags/example_latest_only_with_trigger.py took 0.047 seconds
[2022-06-20 11:07:01,105] {processor.py:153} INFO - Started process (PID=15391) to work on /home/oury/.local/lib/python3.10/site-packages/airflow/example_dags/example_latest_only_with_trigger.py
[2022-06-20 11:07:01,105] {processor.py:641} INFO - Processing file /home/oury/.local/lib/python3.10/site-packages/airflow/example_dags/example_latest_only_with_trigger.py for tasks to queue
[2022-06-20 11:07:01,106] {logging_mixin.py:115} INFO - [2022-06-20 11:07:01,106] {dagbag.py:507} INFO - Filling up the DagBag from /home/oury/.local/lib/python3.10/site-packages/airflow/example_dags/example_latest_only_with_trigger.py
[2022-06-20 11:07:01,110] {processor.py:651} INFO - DAG(s) dict_keys(['latest_only_with_trigger']) retrieved from /home/oury/.local/lib/python3.10/site-packages/airflow/example_dags/example_latest_only_with_trigger.py
[2022-06-20 11:07:01,124] {logging_mixin.py:115} INFO - [2022-06-20 11:07:01,123] {dag.py:2379} INFO - Sync 1 DAGs
[2022-06-20 11:07:01,138] {logging_mixin.py:115} INFO - [2022-06-20 11:07:01,138] {dag.py:2923} INFO - Setting next_dagrun for latest_only_with_trigger to 2022-06-20T06:07:01.138267+00:00, run_after=2022-06-20T10:07:01.138267+00:00
[2022-06-20 11:07:01,149] {processor.py:161} INFO - Processing /home/oury/.local/lib/python3.10/site-packages/airflow/example_dags/example_latest_only_with_trigger.py took 0.047 seconds
[2022-06-20 11:07:37,168] {processor.py:153} INFO - Started process (PID=15437) to work on /home/oury/.local/lib/python3.10/site-packages/airflow/example_dags/example_latest_only_with_trigger.py
[2022-06-20 11:07:37,169] {processor.py:641} INFO - Processing file /home/oury/.local/lib/python3.10/site-packages/airflow/example_dags/example_latest_only_with_trigger.py for tasks to queue
[2022-06-20 11:07:37,169] {logging_mixin.py:115} INFO - [2022-06-20 11:07:37,169] {dagbag.py:507} INFO - Filling up the DagBag from /home/oury/.local/lib/python3.10/site-packages/airflow/example_dags/example_latest_only_with_trigger.py
[2022-06-20 11:07:37,175] {processor.py:651} INFO - DAG(s) dict_keys(['latest_only_with_trigger']) retrieved from /home/oury/.local/lib/python3.10/site-packages/airflow/example_dags/example_latest_only_with_trigger.py
[2022-06-20 11:07:37,187] {logging_mixin.py:115} INFO - [2022-06-20 11:07:37,187] {dag.py:2379} INFO - Sync 1 DAGs
[2022-06-20 11:07:37,202] {logging_mixin.py:115} INFO - [2022-06-20 11:07:37,202] {dag.py:2923} INFO - Setting next_dagrun for latest_only_with_trigger to 2022-06-20T06:07:37.202180+00:00, run_after=2022-06-20T10:07:37.202180+00:00
[2022-06-20 11:07:37,213] {processor.py:161} INFO - Processing /home/oury/.local/lib/python3.10/site-packages/airflow/example_dags/example_latest_only_with_trigger.py took 0.047 seconds
[2022-06-20 11:08:18,866] {processor.py:153} INFO - Started process (PID=15581) to work on /home/oury/.local/lib/python3.10/site-packages/airflow/example_dags/example_latest_only_with_trigger.py
[2022-06-20 11:08:18,867] {processor.py:641} INFO - Processing file /home/oury/.local/lib/python3.10/site-packages/airflow/example_dags/example_latest_only_with_trigger.py for tasks to queue
[2022-06-20 11:08:18,867] {logging_mixin.py:115} INFO - [2022-06-20 11:08:18,867] {dagbag.py:507} INFO - Filling up the DagBag from /home/oury/.local/lib/python3.10/site-packages/airflow/example_dags/example_latest_only_with_trigger.py
[2022-06-20 11:08:18,872] {processor.py:651} INFO - DAG(s) dict_keys(['latest_only_with_trigger']) retrieved from /home/oury/.local/lib/python3.10/site-packages/airflow/example_dags/example_latest_only_with_trigger.py
[2022-06-20 11:08:18,886] {logging_mixin.py:115} INFO - [2022-06-20 11:08:18,886] {dag.py:2379} INFO - Sync 1 DAGs
[2022-06-20 11:08:18,903] {logging_mixin.py:115} INFO - [2022-06-20 11:08:18,902] {dag.py:2923} INFO - Setting next_dagrun for latest_only_with_trigger to 2022-06-20T06:08:18.902740+00:00, run_after=2022-06-20T10:08:18.902740+00:00
[2022-06-20 11:08:18,915] {processor.py:161} INFO - Processing /home/oury/.local/lib/python3.10/site-packages/airflow/example_dags/example_latest_only_with_trigger.py took 0.051 seconds
[2022-06-20 11:08:53,870] {processor.py:153} INFO - Started process (PID=15719) to work on /home/oury/.local/lib/python3.10/site-packages/airflow/example_dags/example_latest_only_with_trigger.py
[2022-06-20 11:08:53,871] {processor.py:641} INFO - Processing file /home/oury/.local/lib/python3.10/site-packages/airflow/example_dags/example_latest_only_with_trigger.py for tasks to queue
[2022-06-20 11:08:53,871] {logging_mixin.py:115} INFO - [2022-06-20 11:08:53,871] {dagbag.py:507} INFO - Filling up the DagBag from /home/oury/.local/lib/python3.10/site-packages/airflow/example_dags/example_latest_only_with_trigger.py
[2022-06-20 11:08:53,878] {processor.py:651} INFO - DAG(s) dict_keys(['latest_only_with_trigger']) retrieved from /home/oury/.local/lib/python3.10/site-packages/airflow/example_dags/example_latest_only_with_trigger.py
[2022-06-20 11:08:53,897] {logging_mixin.py:115} INFO - [2022-06-20 11:08:53,897] {dag.py:2379} INFO - Sync 1 DAGs
[2022-06-20 11:08:53,922] {logging_mixin.py:115} INFO - [2022-06-20 11:08:53,922] {dag.py:2923} INFO - Setting next_dagrun for latest_only_with_trigger to 2022-06-20T06:08:53.922303+00:00, run_after=2022-06-20T10:08:53.922303+00:00
[2022-06-20 11:08:53,937] {processor.py:161} INFO - Processing /home/oury/.local/lib/python3.10/site-packages/airflow/example_dags/example_latest_only_with_trigger.py took 0.071 seconds
[2022-06-20 11:09:36,063] {processor.py:153} INFO - Started process (PID=15943) to work on /home/oury/.local/lib/python3.10/site-packages/airflow/example_dags/example_latest_only_with_trigger.py
[2022-06-20 11:09:36,064] {processor.py:641} INFO - Processing file /home/oury/.local/lib/python3.10/site-packages/airflow/example_dags/example_latest_only_with_trigger.py for tasks to queue
[2022-06-20 11:09:36,064] {logging_mixin.py:115} INFO - [2022-06-20 11:09:36,064] {dagbag.py:507} INFO - Filling up the DagBag from /home/oury/.local/lib/python3.10/site-packages/airflow/example_dags/example_latest_only_with_trigger.py
[2022-06-20 11:09:36,073] {processor.py:651} INFO - DAG(s) dict_keys(['latest_only_with_trigger']) retrieved from /home/oury/.local/lib/python3.10/site-packages/airflow/example_dags/example_latest_only_with_trigger.py
[2022-06-20 11:09:36,090] {logging_mixin.py:115} INFO - [2022-06-20 11:09:36,090] {dag.py:2379} INFO - Sync 1 DAGs
[2022-06-20 11:09:36,112] {logging_mixin.py:115} INFO - [2022-06-20 11:09:36,111] {dag.py:2923} INFO - Setting next_dagrun for latest_only_with_trigger to 2022-06-20T06:09:36.111733+00:00, run_after=2022-06-20T10:09:36.111733+00:00
[2022-06-20 11:09:36,123] {processor.py:161} INFO - Processing /home/oury/.local/lib/python3.10/site-packages/airflow/example_dags/example_latest_only_with_trigger.py took 0.063 seconds
[2022-06-20 11:10:11,464] {processor.py:153} INFO - Started process (PID=16008) to work on /home/oury/.local/lib/python3.10/site-packages/airflow/example_dags/example_latest_only_with_trigger.py
[2022-06-20 11:10:11,464] {processor.py:641} INFO - Processing file /home/oury/.local/lib/python3.10/site-packages/airflow/example_dags/example_latest_only_with_trigger.py for tasks to queue
[2022-06-20 11:10:11,465] {logging_mixin.py:115} INFO - [2022-06-20 11:10:11,465] {dagbag.py:507} INFO - Filling up the DagBag from /home/oury/.local/lib/python3.10/site-packages/airflow/example_dags/example_latest_only_with_trigger.py
[2022-06-20 11:10:11,470] {processor.py:651} INFO - DAG(s) dict_keys(['latest_only_with_trigger']) retrieved from /home/oury/.local/lib/python3.10/site-packages/airflow/example_dags/example_latest_only_with_trigger.py
[2022-06-20 11:10:11,484] {logging_mixin.py:115} INFO - [2022-06-20 11:10:11,483] {dag.py:2379} INFO - Sync 1 DAGs
[2022-06-20 11:10:11,506] {logging_mixin.py:115} INFO - [2022-06-20 11:10:11,506] {dag.py:2923} INFO - Setting next_dagrun for latest_only_with_trigger to 2022-06-20T06:10:11.505701+00:00, run_after=2022-06-20T10:10:11.505701+00:00
[2022-06-20 11:10:11,519] {processor.py:161} INFO - Processing /home/oury/.local/lib/python3.10/site-packages/airflow/example_dags/example_latest_only_with_trigger.py took 0.058 seconds
[2022-06-20 11:10:49,245] {processor.py:153} INFO - Started process (PID=16205) to work on /home/oury/.local/lib/python3.10/site-packages/airflow/example_dags/example_latest_only_with_trigger.py
[2022-06-20 11:10:49,246] {processor.py:641} INFO - Processing file /home/oury/.local/lib/python3.10/site-packages/airflow/example_dags/example_latest_only_with_trigger.py for tasks to queue
[2022-06-20 11:10:49,246] {logging_mixin.py:115} INFO - [2022-06-20 11:10:49,246] {dagbag.py:507} INFO - Filling up the DagBag from /home/oury/.local/lib/python3.10/site-packages/airflow/example_dags/example_latest_only_with_trigger.py
[2022-06-20 11:10:49,254] {processor.py:651} INFO - DAG(s) dict_keys(['latest_only_with_trigger']) retrieved from /home/oury/.local/lib/python3.10/site-packages/airflow/example_dags/example_latest_only_with_trigger.py
[2022-06-20 11:10:49,270] {logging_mixin.py:115} INFO - [2022-06-20 11:10:49,270] {dag.py:2379} INFO - Sync 1 DAGs
[2022-06-20 11:10:49,288] {logging_mixin.py:115} INFO - [2022-06-20 11:10:49,288] {dag.py:2923} INFO - Setting next_dagrun for latest_only_with_trigger to 2022-06-20T06:10:49.287824+00:00, run_after=2022-06-20T10:10:49.287824+00:00
[2022-06-20 11:10:49,302] {processor.py:161} INFO - Processing /home/oury/.local/lib/python3.10/site-packages/airflow/example_dags/example_latest_only_with_trigger.py took 0.061 seconds
[2022-06-20 11:11:27,848] {processor.py:153} INFO - Started process (PID=16374) to work on /home/oury/.local/lib/python3.10/site-packages/airflow/example_dags/example_latest_only_with_trigger.py
[2022-06-20 11:11:27,849] {processor.py:641} INFO - Processing file /home/oury/.local/lib/python3.10/site-packages/airflow/example_dags/example_latest_only_with_trigger.py for tasks to queue
[2022-06-20 11:11:27,850] {logging_mixin.py:115} INFO - [2022-06-20 11:11:27,850] {dagbag.py:507} INFO - Filling up the DagBag from /home/oury/.local/lib/python3.10/site-packages/airflow/example_dags/example_latest_only_with_trigger.py
[2022-06-20 11:11:27,859] {processor.py:651} INFO - DAG(s) dict_keys(['latest_only_with_trigger']) retrieved from /home/oury/.local/lib/python3.10/site-packages/airflow/example_dags/example_latest_only_with_trigger.py
[2022-06-20 11:11:27,883] {logging_mixin.py:115} INFO - [2022-06-20 11:11:27,883] {dag.py:2379} INFO - Sync 1 DAGs
[2022-06-20 11:11:27,905] {logging_mixin.py:115} INFO - [2022-06-20 11:11:27,905] {dag.py:2923} INFO - Setting next_dagrun for latest_only_with_trigger to 2022-06-20T06:11:27.905361+00:00, run_after=2022-06-20T10:11:27.905361+00:00
[2022-06-20 11:11:27,924] {processor.py:161} INFO - Processing /home/oury/.local/lib/python3.10/site-packages/airflow/example_dags/example_latest_only_with_trigger.py took 0.082 seconds
[2022-06-20 11:12:01,965] {processor.py:153} INFO - Started process (PID=16441) to work on /home/oury/.local/lib/python3.10/site-packages/airflow/example_dags/example_latest_only_with_trigger.py
[2022-06-20 11:12:01,966] {processor.py:641} INFO - Processing file /home/oury/.local/lib/python3.10/site-packages/airflow/example_dags/example_latest_only_with_trigger.py for tasks to queue
[2022-06-20 11:12:01,966] {logging_mixin.py:115} INFO - [2022-06-20 11:12:01,966] {dagbag.py:507} INFO - Filling up the DagBag from /home/oury/.local/lib/python3.10/site-packages/airflow/example_dags/example_latest_only_with_trigger.py
[2022-06-20 11:12:01,971] {processor.py:651} INFO - DAG(s) dict_keys(['latest_only_with_trigger']) retrieved from /home/oury/.local/lib/python3.10/site-packages/airflow/example_dags/example_latest_only_with_trigger.py
[2022-06-20 11:12:01,985] {logging_mixin.py:115} INFO - [2022-06-20 11:12:01,984] {dag.py:2379} INFO - Sync 1 DAGs
[2022-06-20 11:12:02,000] {logging_mixin.py:115} INFO - [2022-06-20 11:12:02,000] {dag.py:2923} INFO - Setting next_dagrun for latest_only_with_trigger to 2022-06-20T06:12:02.000099+00:00, run_after=2022-06-20T10:12:02.000099+00:00
[2022-06-20 11:12:02,012] {processor.py:161} INFO - Processing /home/oury/.local/lib/python3.10/site-packages/airflow/example_dags/example_latest_only_with_trigger.py took 0.049 seconds
[2022-06-20 11:12:41,759] {processor.py:153} INFO - Started process (PID=16493) to work on /home/oury/.local/lib/python3.10/site-packages/airflow/example_dags/example_latest_only_with_trigger.py
[2022-06-20 11:12:41,759] {processor.py:641} INFO - Processing file /home/oury/.local/lib/python3.10/site-packages/airflow/example_dags/example_latest_only_with_trigger.py for tasks to queue
[2022-06-20 11:12:41,760] {logging_mixin.py:115} INFO - [2022-06-20 11:12:41,760] {dagbag.py:507} INFO - Filling up the DagBag from /home/oury/.local/lib/python3.10/site-packages/airflow/example_dags/example_latest_only_with_trigger.py
[2022-06-20 11:12:41,765] {processor.py:651} INFO - DAG(s) dict_keys(['latest_only_with_trigger']) retrieved from /home/oury/.local/lib/python3.10/site-packages/airflow/example_dags/example_latest_only_with_trigger.py
[2022-06-20 11:12:41,778] {logging_mixin.py:115} INFO - [2022-06-20 11:12:41,778] {dag.py:2379} INFO - Sync 1 DAGs
[2022-06-20 11:12:41,793] {logging_mixin.py:115} INFO - [2022-06-20 11:12:41,793] {dag.py:2923} INFO - Setting next_dagrun for latest_only_with_trigger to 2022-06-20T06:12:41.793119+00:00, run_after=2022-06-20T10:12:41.793119+00:00
[2022-06-20 11:12:41,805] {processor.py:161} INFO - Processing /home/oury/.local/lib/python3.10/site-packages/airflow/example_dags/example_latest_only_with_trigger.py took 0.048 seconds
[2022-06-20 11:13:21,864] {processor.py:153} INFO - Started process (PID=16565) to work on /home/oury/.local/lib/python3.10/site-packages/airflow/example_dags/example_latest_only_with_trigger.py
[2022-06-20 11:13:21,865] {processor.py:641} INFO - Processing file /home/oury/.local/lib/python3.10/site-packages/airflow/example_dags/example_latest_only_with_trigger.py for tasks to queue
[2022-06-20 11:13:21,865] {logging_mixin.py:115} INFO - [2022-06-20 11:13:21,865] {dagbag.py:507} INFO - Filling up the DagBag from /home/oury/.local/lib/python3.10/site-packages/airflow/example_dags/example_latest_only_with_trigger.py
[2022-06-20 11:13:21,870] {processor.py:651} INFO - DAG(s) dict_keys(['latest_only_with_trigger']) retrieved from /home/oury/.local/lib/python3.10/site-packages/airflow/example_dags/example_latest_only_with_trigger.py
[2022-06-20 11:13:21,883] {logging_mixin.py:115} INFO - [2022-06-20 11:13:21,883] {dag.py:2379} INFO - Sync 1 DAGs
[2022-06-20 11:13:21,898] {logging_mixin.py:115} INFO - [2022-06-20 11:13:21,898] {dag.py:2923} INFO - Setting next_dagrun for latest_only_with_trigger to 2022-06-20T06:13:21.898150+00:00, run_after=2022-06-20T10:13:21.898150+00:00
[2022-06-20 11:13:21,909] {processor.py:161} INFO - Processing /home/oury/.local/lib/python3.10/site-packages/airflow/example_dags/example_latest_only_with_trigger.py took 0.047 seconds
[2022-06-20 11:13:57,763] {processor.py:153} INFO - Started process (PID=16632) to work on /home/oury/.local/lib/python3.10/site-packages/airflow/example_dags/example_latest_only_with_trigger.py
[2022-06-20 11:13:57,764] {processor.py:641} INFO - Processing file /home/oury/.local/lib/python3.10/site-packages/airflow/example_dags/example_latest_only_with_trigger.py for tasks to queue
[2022-06-20 11:13:57,764] {logging_mixin.py:115} INFO - [2022-06-20 11:13:57,764] {dagbag.py:507} INFO - Filling up the DagBag from /home/oury/.local/lib/python3.10/site-packages/airflow/example_dags/example_latest_only_with_trigger.py
[2022-06-20 11:13:57,769] {processor.py:651} INFO - DAG(s) dict_keys(['latest_only_with_trigger']) retrieved from /home/oury/.local/lib/python3.10/site-packages/airflow/example_dags/example_latest_only_with_trigger.py
[2022-06-20 11:13:57,784] {logging_mixin.py:115} INFO - [2022-06-20 11:13:57,784] {dag.py:2379} INFO - Sync 1 DAGs
[2022-06-20 11:13:57,801] {logging_mixin.py:115} INFO - [2022-06-20 11:13:57,801] {dag.py:2923} INFO - Setting next_dagrun for latest_only_with_trigger to 2022-06-20T06:13:57.801230+00:00, run_after=2022-06-20T10:13:57.801230+00:00
[2022-06-20 11:13:57,815] {processor.py:161} INFO - Processing /home/oury/.local/lib/python3.10/site-packages/airflow/example_dags/example_latest_only_with_trigger.py took 0.055 seconds
[2022-06-20 11:14:35,273] {processor.py:153} INFO - Started process (PID=16688) to work on /home/oury/.local/lib/python3.10/site-packages/airflow/example_dags/example_latest_only_with_trigger.py
[2022-06-20 11:14:35,273] {processor.py:641} INFO - Processing file /home/oury/.local/lib/python3.10/site-packages/airflow/example_dags/example_latest_only_with_trigger.py for tasks to queue
[2022-06-20 11:14:35,274] {logging_mixin.py:115} INFO - [2022-06-20 11:14:35,274] {dagbag.py:507} INFO - Filling up the DagBag from /home/oury/.local/lib/python3.10/site-packages/airflow/example_dags/example_latest_only_with_trigger.py
[2022-06-20 11:14:35,279] {processor.py:651} INFO - DAG(s) dict_keys(['latest_only_with_trigger']) retrieved from /home/oury/.local/lib/python3.10/site-packages/airflow/example_dags/example_latest_only_with_trigger.py
[2022-06-20 11:14:35,292] {logging_mixin.py:115} INFO - [2022-06-20 11:14:35,292] {dag.py:2379} INFO - Sync 1 DAGs
[2022-06-20 11:14:35,308] {logging_mixin.py:115} INFO - [2022-06-20 11:14:35,308] {dag.py:2923} INFO - Setting next_dagrun for latest_only_with_trigger to 2022-06-20T06:14:35.308393+00:00, run_after=2022-06-20T10:14:35.308393+00:00
[2022-06-20 11:14:35,320] {processor.py:161} INFO - Processing /home/oury/.local/lib/python3.10/site-packages/airflow/example_dags/example_latest_only_with_trigger.py took 0.050 seconds
[2022-06-20 11:15:13,672] {processor.py:153} INFO - Started process (PID=16737) to work on /home/oury/.local/lib/python3.10/site-packages/airflow/example_dags/example_latest_only_with_trigger.py
[2022-06-20 11:15:13,673] {processor.py:641} INFO - Processing file /home/oury/.local/lib/python3.10/site-packages/airflow/example_dags/example_latest_only_with_trigger.py for tasks to queue
[2022-06-20 11:15:13,673] {logging_mixin.py:115} INFO - [2022-06-20 11:15:13,673] {dagbag.py:507} INFO - Filling up the DagBag from /home/oury/.local/lib/python3.10/site-packages/airflow/example_dags/example_latest_only_with_trigger.py
[2022-06-20 11:15:13,678] {processor.py:651} INFO - DAG(s) dict_keys(['latest_only_with_trigger']) retrieved from /home/oury/.local/lib/python3.10/site-packages/airflow/example_dags/example_latest_only_with_trigger.py
[2022-06-20 11:15:13,692] {logging_mixin.py:115} INFO - [2022-06-20 11:15:13,692] {dag.py:2379} INFO - Sync 1 DAGs
[2022-06-20 11:15:13,708] {logging_mixin.py:115} INFO - [2022-06-20 11:15:13,708] {dag.py:2923} INFO - Setting next_dagrun for latest_only_with_trigger to 2022-06-20T06:15:13.708613+00:00, run_after=2022-06-20T10:15:13.708613+00:00
[2022-06-20 11:15:13,721] {processor.py:161} INFO - Processing /home/oury/.local/lib/python3.10/site-packages/airflow/example_dags/example_latest_only_with_trigger.py took 0.051 seconds
[2022-06-20 11:15:47,805] {processor.py:153} INFO - Started process (PID=16789) to work on /home/oury/.local/lib/python3.10/site-packages/airflow/example_dags/example_latest_only_with_trigger.py
[2022-06-20 11:15:47,805] {processor.py:641} INFO - Processing file /home/oury/.local/lib/python3.10/site-packages/airflow/example_dags/example_latest_only_with_trigger.py for tasks to queue
[2022-06-20 11:15:47,806] {logging_mixin.py:115} INFO - [2022-06-20 11:15:47,806] {dagbag.py:507} INFO - Filling up the DagBag from /home/oury/.local/lib/python3.10/site-packages/airflow/example_dags/example_latest_only_with_trigger.py
[2022-06-20 11:15:47,811] {processor.py:651} INFO - DAG(s) dict_keys(['latest_only_with_trigger']) retrieved from /home/oury/.local/lib/python3.10/site-packages/airflow/example_dags/example_latest_only_with_trigger.py
[2022-06-20 11:15:47,826] {logging_mixin.py:115} INFO - [2022-06-20 11:15:47,826] {dag.py:2379} INFO - Sync 1 DAGs
[2022-06-20 11:15:47,843] {logging_mixin.py:115} INFO - [2022-06-20 11:15:47,843] {dag.py:2923} INFO - Setting next_dagrun for latest_only_with_trigger to 2022-06-20T06:15:47.843555+00:00, run_after=2022-06-20T10:15:47.843555+00:00
[2022-06-20 11:15:47,855] {processor.py:161} INFO - Processing /home/oury/.local/lib/python3.10/site-packages/airflow/example_dags/example_latest_only_with_trigger.py took 0.054 seconds
[2022-06-20 11:16:27,516] {processor.py:153} INFO - Started process (PID=16849) to work on /home/oury/.local/lib/python3.10/site-packages/airflow/example_dags/example_latest_only_with_trigger.py
[2022-06-20 11:16:27,517] {processor.py:641} INFO - Processing file /home/oury/.local/lib/python3.10/site-packages/airflow/example_dags/example_latest_only_with_trigger.py for tasks to queue
[2022-06-20 11:16:27,518] {logging_mixin.py:115} INFO - [2022-06-20 11:16:27,518] {dagbag.py:507} INFO - Filling up the DagBag from /home/oury/.local/lib/python3.10/site-packages/airflow/example_dags/example_latest_only_with_trigger.py
[2022-06-20 11:16:27,524] {processor.py:651} INFO - DAG(s) dict_keys(['latest_only_with_trigger']) retrieved from /home/oury/.local/lib/python3.10/site-packages/airflow/example_dags/example_latest_only_with_trigger.py
[2022-06-20 11:16:27,539] {logging_mixin.py:115} INFO - [2022-06-20 11:16:27,539] {dag.py:2379} INFO - Sync 1 DAGs
[2022-06-20 11:16:27,557] {logging_mixin.py:115} INFO - [2022-06-20 11:16:27,556] {dag.py:2923} INFO - Setting next_dagrun for latest_only_with_trigger to 2022-06-20T06:16:27.556770+00:00, run_after=2022-06-20T10:16:27.556770+00:00
[2022-06-20 11:16:27,569] {processor.py:161} INFO - Processing /home/oury/.local/lib/python3.10/site-packages/airflow/example_dags/example_latest_only_with_trigger.py took 0.056 seconds
[2022-06-20 11:17:02,778] {processor.py:153} INFO - Started process (PID=16900) to work on /home/oury/.local/lib/python3.10/site-packages/airflow/example_dags/example_latest_only_with_trigger.py
[2022-06-20 11:17:02,779] {processor.py:641} INFO - Processing file /home/oury/.local/lib/python3.10/site-packages/airflow/example_dags/example_latest_only_with_trigger.py for tasks to queue
[2022-06-20 11:17:02,780] {logging_mixin.py:115} INFO - [2022-06-20 11:17:02,779] {dagbag.py:507} INFO - Filling up the DagBag from /home/oury/.local/lib/python3.10/site-packages/airflow/example_dags/example_latest_only_with_trigger.py
[2022-06-20 11:17:02,785] {processor.py:651} INFO - DAG(s) dict_keys(['latest_only_with_trigger']) retrieved from /home/oury/.local/lib/python3.10/site-packages/airflow/example_dags/example_latest_only_with_trigger.py
[2022-06-20 11:17:02,799] {logging_mixin.py:115} INFO - [2022-06-20 11:17:02,799] {dag.py:2379} INFO - Sync 1 DAGs
[2022-06-20 11:17:02,817] {logging_mixin.py:115} INFO - [2022-06-20 11:17:02,817] {dag.py:2923} INFO - Setting next_dagrun for latest_only_with_trigger to 2022-06-20T06:17:02.817459+00:00, run_after=2022-06-20T10:17:02.817459+00:00
[2022-06-20 11:17:02,831] {processor.py:161} INFO - Processing /home/oury/.local/lib/python3.10/site-packages/airflow/example_dags/example_latest_only_with_trigger.py took 0.056 seconds
[2022-06-20 11:17:37,320] {processor.py:153} INFO - Started process (PID=16943) to work on /home/oury/.local/lib/python3.10/site-packages/airflow/example_dags/example_latest_only_with_trigger.py
[2022-06-20 11:17:37,320] {processor.py:641} INFO - Processing file /home/oury/.local/lib/python3.10/site-packages/airflow/example_dags/example_latest_only_with_trigger.py for tasks to queue
[2022-06-20 11:17:37,321] {logging_mixin.py:115} INFO - [2022-06-20 11:17:37,320] {dagbag.py:507} INFO - Filling up the DagBag from /home/oury/.local/lib/python3.10/site-packages/airflow/example_dags/example_latest_only_with_trigger.py
[2022-06-20 11:17:37,326] {processor.py:651} INFO - DAG(s) dict_keys(['latest_only_with_trigger']) retrieved from /home/oury/.local/lib/python3.10/site-packages/airflow/example_dags/example_latest_only_with_trigger.py
[2022-06-20 11:17:37,339] {logging_mixin.py:115} INFO - [2022-06-20 11:17:37,339] {dag.py:2379} INFO - Sync 1 DAGs
[2022-06-20 11:17:37,356] {logging_mixin.py:115} INFO - [2022-06-20 11:17:37,356] {dag.py:2923} INFO - Setting next_dagrun for latest_only_with_trigger to 2022-06-20T06:17:37.356358+00:00, run_after=2022-06-20T10:17:37.356358+00:00
[2022-06-20 11:17:37,367] {processor.py:161} INFO - Processing /home/oury/.local/lib/python3.10/site-packages/airflow/example_dags/example_latest_only_with_trigger.py took 0.050 seconds
