[2022-06-20 10:57:33,895] {processor.py:153} INFO - Started process (PID=14098) to work on /home/oury/.local/lib/python3.10/site-packages/airflow/example_dags/example_time_delta_sensor_async.py
[2022-06-20 10:57:33,896] {processor.py:641} INFO - Processing file /home/oury/.local/lib/python3.10/site-packages/airflow/example_dags/example_time_delta_sensor_async.py for tasks to queue
[2022-06-20 10:57:33,896] {logging_mixin.py:115} INFO - [2022-06-20 10:57:33,896] {dagbag.py:507} INFO - Filling up the DagBag from /home/oury/.local/lib/python3.10/site-packages/airflow/example_dags/example_time_delta_sensor_async.py
[2022-06-20 10:57:33,915] {processor.py:651} INFO - DAG(s) dict_keys(['example_time_delta_sensor_async']) retrieved from /home/oury/.local/lib/python3.10/site-packages/airflow/example_dags/example_time_delta_sensor_async.py
[2022-06-20 10:57:34,050] {logging_mixin.py:115} INFO - [2022-06-20 10:57:34,050] {dag.py:2379} INFO - Sync 1 DAGs
[2022-06-20 10:57:34,076] {logging_mixin.py:115} INFO - [2022-06-20 10:57:34,076] {dag.py:2923} INFO - Setting next_dagrun for example_time_delta_sensor_async to None, run_after=None
[2022-06-20 10:57:34,105] {processor.py:161} INFO - Processing /home/oury/.local/lib/python3.10/site-packages/airflow/example_dags/example_time_delta_sensor_async.py took 0.214 seconds
[2022-06-20 10:58:09,146] {processor.py:153} INFO - Started process (PID=14303) to work on /home/oury/.local/lib/python3.10/site-packages/airflow/example_dags/example_time_delta_sensor_async.py
[2022-06-20 10:58:09,146] {processor.py:641} INFO - Processing file /home/oury/.local/lib/python3.10/site-packages/airflow/example_dags/example_time_delta_sensor_async.py for tasks to queue
[2022-06-20 10:58:09,147] {logging_mixin.py:115} INFO - [2022-06-20 10:58:09,147] {dagbag.py:507} INFO - Filling up the DagBag from /home/oury/.local/lib/python3.10/site-packages/airflow/example_dags/example_time_delta_sensor_async.py
[2022-06-20 10:58:09,153] {processor.py:651} INFO - DAG(s) dict_keys(['example_time_delta_sensor_async']) retrieved from /home/oury/.local/lib/python3.10/site-packages/airflow/example_dags/example_time_delta_sensor_async.py
[2022-06-20 10:58:09,198] {logging_mixin.py:115} INFO - [2022-06-20 10:58:09,198] {dag.py:2379} INFO - Sync 1 DAGs
[2022-06-20 10:58:09,225] {logging_mixin.py:115} INFO - [2022-06-20 10:58:09,225] {dag.py:2923} INFO - Setting next_dagrun for example_time_delta_sensor_async to None, run_after=None
[2022-06-20 10:58:09,241] {processor.py:161} INFO - Processing /home/oury/.local/lib/python3.10/site-packages/airflow/example_dags/example_time_delta_sensor_async.py took 0.098 seconds
[2022-06-20 10:58:43,452] {processor.py:153} INFO - Started process (PID=14410) to work on /home/oury/.local/lib/python3.10/site-packages/airflow/example_dags/example_time_delta_sensor_async.py
[2022-06-20 10:58:43,456] {processor.py:641} INFO - Processing file /home/oury/.local/lib/python3.10/site-packages/airflow/example_dags/example_time_delta_sensor_async.py for tasks to queue
[2022-06-20 10:58:43,457] {logging_mixin.py:115} INFO - [2022-06-20 10:58:43,456] {dagbag.py:507} INFO - Filling up the DagBag from /home/oury/.local/lib/python3.10/site-packages/airflow/example_dags/example_time_delta_sensor_async.py
[2022-06-20 10:58:43,479] {processor.py:651} INFO - DAG(s) dict_keys(['example_time_delta_sensor_async']) retrieved from /home/oury/.local/lib/python3.10/site-packages/airflow/example_dags/example_time_delta_sensor_async.py
[2022-06-20 10:58:43,537] {logging_mixin.py:115} INFO - [2022-06-20 10:58:43,536] {dag.py:2379} INFO - Sync 1 DAGs
[2022-06-20 10:58:43,564] {logging_mixin.py:115} INFO - [2022-06-20 10:58:43,564] {dag.py:2923} INFO - Setting next_dagrun for example_time_delta_sensor_async to None, run_after=None
[2022-06-20 10:58:43,584] {processor.py:161} INFO - Processing /home/oury/.local/lib/python3.10/site-packages/airflow/example_dags/example_time_delta_sensor_async.py took 0.134 seconds
[2022-06-20 10:59:19,468] {processor.py:153} INFO - Started process (PID=14459) to work on /home/oury/.local/lib/python3.10/site-packages/airflow/example_dags/example_time_delta_sensor_async.py
[2022-06-20 10:59:19,469] {processor.py:641} INFO - Processing file /home/oury/.local/lib/python3.10/site-packages/airflow/example_dags/example_time_delta_sensor_async.py for tasks to queue
[2022-06-20 10:59:19,470] {logging_mixin.py:115} INFO - [2022-06-20 10:59:19,470] {dagbag.py:507} INFO - Filling up the DagBag from /home/oury/.local/lib/python3.10/site-packages/airflow/example_dags/example_time_delta_sensor_async.py
[2022-06-20 10:59:19,474] {processor.py:651} INFO - DAG(s) dict_keys(['example_time_delta_sensor_async']) retrieved from /home/oury/.local/lib/python3.10/site-packages/airflow/example_dags/example_time_delta_sensor_async.py
[2022-06-20 10:59:19,500] {logging_mixin.py:115} INFO - [2022-06-20 10:59:19,500] {dag.py:2379} INFO - Sync 1 DAGs
[2022-06-20 10:59:19,514] {logging_mixin.py:115} INFO - [2022-06-20 10:59:19,514] {dag.py:2923} INFO - Setting next_dagrun for example_time_delta_sensor_async to None, run_after=None
[2022-06-20 10:59:19,526] {processor.py:161} INFO - Processing /home/oury/.local/lib/python3.10/site-packages/airflow/example_dags/example_time_delta_sensor_async.py took 0.060 seconds
[2022-06-20 10:59:54,240] {processor.py:153} INFO - Started process (PID=14580) to work on /home/oury/.local/lib/python3.10/site-packages/airflow/example_dags/example_time_delta_sensor_async.py
[2022-06-20 10:59:54,241] {processor.py:641} INFO - Processing file /home/oury/.local/lib/python3.10/site-packages/airflow/example_dags/example_time_delta_sensor_async.py for tasks to queue
[2022-06-20 10:59:54,241] {logging_mixin.py:115} INFO - [2022-06-20 10:59:54,241] {dagbag.py:507} INFO - Filling up the DagBag from /home/oury/.local/lib/python3.10/site-packages/airflow/example_dags/example_time_delta_sensor_async.py
[2022-06-20 10:59:54,246] {processor.py:651} INFO - DAG(s) dict_keys(['example_time_delta_sensor_async']) retrieved from /home/oury/.local/lib/python3.10/site-packages/airflow/example_dags/example_time_delta_sensor_async.py
[2022-06-20 10:59:54,272] {logging_mixin.py:115} INFO - [2022-06-20 10:59:54,272] {dag.py:2379} INFO - Sync 1 DAGs
[2022-06-20 10:59:54,287] {logging_mixin.py:115} INFO - [2022-06-20 10:59:54,287] {dag.py:2923} INFO - Setting next_dagrun for example_time_delta_sensor_async to None, run_after=None
[2022-06-20 10:59:54,298] {processor.py:161} INFO - Processing /home/oury/.local/lib/python3.10/site-packages/airflow/example_dags/example_time_delta_sensor_async.py took 0.060 seconds
[2022-06-20 11:00:32,116] {processor.py:153} INFO - Started process (PID=14637) to work on /home/oury/.local/lib/python3.10/site-packages/airflow/example_dags/example_time_delta_sensor_async.py
[2022-06-20 11:00:32,117] {processor.py:641} INFO - Processing file /home/oury/.local/lib/python3.10/site-packages/airflow/example_dags/example_time_delta_sensor_async.py for tasks to queue
[2022-06-20 11:00:32,117] {logging_mixin.py:115} INFO - [2022-06-20 11:00:32,117] {dagbag.py:507} INFO - Filling up the DagBag from /home/oury/.local/lib/python3.10/site-packages/airflow/example_dags/example_time_delta_sensor_async.py
[2022-06-20 11:00:32,121] {processor.py:651} INFO - DAG(s) dict_keys(['example_time_delta_sensor_async']) retrieved from /home/oury/.local/lib/python3.10/site-packages/airflow/example_dags/example_time_delta_sensor_async.py
[2022-06-20 11:00:32,146] {logging_mixin.py:115} INFO - [2022-06-20 11:00:32,146] {dag.py:2379} INFO - Sync 1 DAGs
[2022-06-20 11:00:32,161] {logging_mixin.py:115} INFO - [2022-06-20 11:00:32,161] {dag.py:2923} INFO - Setting next_dagrun for example_time_delta_sensor_async to None, run_after=None
[2022-06-20 11:00:32,174] {processor.py:161} INFO - Processing /home/oury/.local/lib/python3.10/site-packages/airflow/example_dags/example_time_delta_sensor_async.py took 0.060 seconds
[2022-06-20 11:01:05,552] {processor.py:153} INFO - Started process (PID=14682) to work on /home/oury/.local/lib/python3.10/site-packages/airflow/example_dags/example_time_delta_sensor_async.py
[2022-06-20 11:01:05,552] {processor.py:641} INFO - Processing file /home/oury/.local/lib/python3.10/site-packages/airflow/example_dags/example_time_delta_sensor_async.py for tasks to queue
[2022-06-20 11:01:05,553] {logging_mixin.py:115} INFO - [2022-06-20 11:01:05,553] {dagbag.py:507} INFO - Filling up the DagBag from /home/oury/.local/lib/python3.10/site-packages/airflow/example_dags/example_time_delta_sensor_async.py
[2022-06-20 11:01:05,557] {processor.py:651} INFO - DAG(s) dict_keys(['example_time_delta_sensor_async']) retrieved from /home/oury/.local/lib/python3.10/site-packages/airflow/example_dags/example_time_delta_sensor_async.py
[2022-06-20 11:01:05,582] {logging_mixin.py:115} INFO - [2022-06-20 11:01:05,582] {dag.py:2379} INFO - Sync 1 DAGs
[2022-06-20 11:01:05,597] {logging_mixin.py:115} INFO - [2022-06-20 11:01:05,597] {dag.py:2923} INFO - Setting next_dagrun for example_time_delta_sensor_async to None, run_after=None
[2022-06-20 11:01:05,608] {processor.py:161} INFO - Processing /home/oury/.local/lib/python3.10/site-packages/airflow/example_dags/example_time_delta_sensor_async.py took 0.059 seconds
[2022-06-20 11:01:41,713] {processor.py:153} INFO - Started process (PID=14725) to work on /home/oury/.local/lib/python3.10/site-packages/airflow/example_dags/example_time_delta_sensor_async.py
[2022-06-20 11:01:41,714] {processor.py:641} INFO - Processing file /home/oury/.local/lib/python3.10/site-packages/airflow/example_dags/example_time_delta_sensor_async.py for tasks to queue
[2022-06-20 11:01:41,715] {logging_mixin.py:115} INFO - [2022-06-20 11:01:41,714] {dagbag.py:507} INFO - Filling up the DagBag from /home/oury/.local/lib/python3.10/site-packages/airflow/example_dags/example_time_delta_sensor_async.py
[2022-06-20 11:01:41,719] {processor.py:651} INFO - DAG(s) dict_keys(['example_time_delta_sensor_async']) retrieved from /home/oury/.local/lib/python3.10/site-packages/airflow/example_dags/example_time_delta_sensor_async.py
[2022-06-20 11:01:41,744] {logging_mixin.py:115} INFO - [2022-06-20 11:01:41,744] {dag.py:2379} INFO - Sync 1 DAGs
[2022-06-20 11:01:41,760] {logging_mixin.py:115} INFO - [2022-06-20 11:01:41,760] {dag.py:2923} INFO - Setting next_dagrun for example_time_delta_sensor_async to None, run_after=None
[2022-06-20 11:01:41,772] {processor.py:161} INFO - Processing /home/oury/.local/lib/python3.10/site-packages/airflow/example_dags/example_time_delta_sensor_async.py took 0.062 seconds
[2022-06-20 11:02:17,596] {processor.py:153} INFO - Started process (PID=14771) to work on /home/oury/.local/lib/python3.10/site-packages/airflow/example_dags/example_time_delta_sensor_async.py
[2022-06-20 11:02:17,596] {processor.py:641} INFO - Processing file /home/oury/.local/lib/python3.10/site-packages/airflow/example_dags/example_time_delta_sensor_async.py for tasks to queue
[2022-06-20 11:02:17,596] {logging_mixin.py:115} INFO - [2022-06-20 11:02:17,596] {dagbag.py:507} INFO - Filling up the DagBag from /home/oury/.local/lib/python3.10/site-packages/airflow/example_dags/example_time_delta_sensor_async.py
[2022-06-20 11:02:17,601] {processor.py:651} INFO - DAG(s) dict_keys(['example_time_delta_sensor_async']) retrieved from /home/oury/.local/lib/python3.10/site-packages/airflow/example_dags/example_time_delta_sensor_async.py
[2022-06-20 11:02:17,626] {logging_mixin.py:115} INFO - [2022-06-20 11:02:17,626] {dag.py:2379} INFO - Sync 1 DAGs
[2022-06-20 11:02:17,641] {logging_mixin.py:115} INFO - [2022-06-20 11:02:17,641] {dag.py:2923} INFO - Setting next_dagrun for example_time_delta_sensor_async to None, run_after=None
[2022-06-20 11:02:17,652] {processor.py:161} INFO - Processing /home/oury/.local/lib/python3.10/site-packages/airflow/example_dags/example_time_delta_sensor_async.py took 0.058 seconds
[2022-06-20 11:02:53,656] {processor.py:153} INFO - Started process (PID=14817) to work on /home/oury/.local/lib/python3.10/site-packages/airflow/example_dags/example_time_delta_sensor_async.py
[2022-06-20 11:02:53,656] {processor.py:641} INFO - Processing file /home/oury/.local/lib/python3.10/site-packages/airflow/example_dags/example_time_delta_sensor_async.py for tasks to queue
[2022-06-20 11:02:53,657] {logging_mixin.py:115} INFO - [2022-06-20 11:02:53,657] {dagbag.py:507} INFO - Filling up the DagBag from /home/oury/.local/lib/python3.10/site-packages/airflow/example_dags/example_time_delta_sensor_async.py
[2022-06-20 11:02:53,661] {processor.py:651} INFO - DAG(s) dict_keys(['example_time_delta_sensor_async']) retrieved from /home/oury/.local/lib/python3.10/site-packages/airflow/example_dags/example_time_delta_sensor_async.py
[2022-06-20 11:02:53,686] {logging_mixin.py:115} INFO - [2022-06-20 11:02:53,686] {dag.py:2379} INFO - Sync 1 DAGs
[2022-06-20 11:02:53,703] {logging_mixin.py:115} INFO - [2022-06-20 11:02:53,702] {dag.py:2923} INFO - Setting next_dagrun for example_time_delta_sensor_async to None, run_after=None
[2022-06-20 11:02:53,713] {processor.py:161} INFO - Processing /home/oury/.local/lib/python3.10/site-packages/airflow/example_dags/example_time_delta_sensor_async.py took 0.060 seconds
[2022-06-20 11:03:31,657] {processor.py:153} INFO - Started process (PID=14862) to work on /home/oury/.local/lib/python3.10/site-packages/airflow/example_dags/example_time_delta_sensor_async.py
[2022-06-20 11:03:31,658] {processor.py:641} INFO - Processing file /home/oury/.local/lib/python3.10/site-packages/airflow/example_dags/example_time_delta_sensor_async.py for tasks to queue
[2022-06-20 11:03:31,658] {logging_mixin.py:115} INFO - [2022-06-20 11:03:31,658] {dagbag.py:507} INFO - Filling up the DagBag from /home/oury/.local/lib/python3.10/site-packages/airflow/example_dags/example_time_delta_sensor_async.py
[2022-06-20 11:03:31,663] {processor.py:651} INFO - DAG(s) dict_keys(['example_time_delta_sensor_async']) retrieved from /home/oury/.local/lib/python3.10/site-packages/airflow/example_dags/example_time_delta_sensor_async.py
[2022-06-20 11:03:31,688] {logging_mixin.py:115} INFO - [2022-06-20 11:03:31,688] {dag.py:2379} INFO - Sync 1 DAGs
[2022-06-20 11:03:31,702] {logging_mixin.py:115} INFO - [2022-06-20 11:03:31,702] {dag.py:2923} INFO - Setting next_dagrun for example_time_delta_sensor_async to None, run_after=None
[2022-06-20 11:03:31,713] {processor.py:161} INFO - Processing /home/oury/.local/lib/python3.10/site-packages/airflow/example_dags/example_time_delta_sensor_async.py took 0.058 seconds
[2022-06-20 11:04:07,426] {processor.py:153} INFO - Started process (PID=15037) to work on /home/oury/.local/lib/python3.10/site-packages/airflow/example_dags/example_time_delta_sensor_async.py
[2022-06-20 11:04:07,427] {processor.py:641} INFO - Processing file /home/oury/.local/lib/python3.10/site-packages/airflow/example_dags/example_time_delta_sensor_async.py for tasks to queue
[2022-06-20 11:04:07,428] {logging_mixin.py:115} INFO - [2022-06-20 11:04:07,428] {dagbag.py:507} INFO - Filling up the DagBag from /home/oury/.local/lib/python3.10/site-packages/airflow/example_dags/example_time_delta_sensor_async.py
[2022-06-20 11:04:07,435] {processor.py:651} INFO - DAG(s) dict_keys(['example_time_delta_sensor_async']) retrieved from /home/oury/.local/lib/python3.10/site-packages/airflow/example_dags/example_time_delta_sensor_async.py
[2022-06-20 11:04:07,489] {logging_mixin.py:115} INFO - [2022-06-20 11:04:07,489] {dag.py:2379} INFO - Sync 1 DAGs
[2022-06-20 11:04:07,510] {logging_mixin.py:115} INFO - [2022-06-20 11:04:07,510] {dag.py:2923} INFO - Setting next_dagrun for example_time_delta_sensor_async to None, run_after=None
[2022-06-20 11:04:07,527] {processor.py:161} INFO - Processing /home/oury/.local/lib/python3.10/site-packages/airflow/example_dags/example_time_delta_sensor_async.py took 0.104 seconds
[2022-06-20 11:04:40,928] {processor.py:153} INFO - Started process (PID=15132) to work on /home/oury/.local/lib/python3.10/site-packages/airflow/example_dags/example_time_delta_sensor_async.py
[2022-06-20 11:04:40,929] {processor.py:641} INFO - Processing file /home/oury/.local/lib/python3.10/site-packages/airflow/example_dags/example_time_delta_sensor_async.py for tasks to queue
[2022-06-20 11:04:40,929] {logging_mixin.py:115} INFO - [2022-06-20 11:04:40,929] {dagbag.py:507} INFO - Filling up the DagBag from /home/oury/.local/lib/python3.10/site-packages/airflow/example_dags/example_time_delta_sensor_async.py
[2022-06-20 11:04:40,933] {processor.py:651} INFO - DAG(s) dict_keys(['example_time_delta_sensor_async']) retrieved from /home/oury/.local/lib/python3.10/site-packages/airflow/example_dags/example_time_delta_sensor_async.py
[2022-06-20 11:04:40,959] {logging_mixin.py:115} INFO - [2022-06-20 11:04:40,959] {dag.py:2379} INFO - Sync 1 DAGs
[2022-06-20 11:04:40,974] {logging_mixin.py:115} INFO - [2022-06-20 11:04:40,974] {dag.py:2923} INFO - Setting next_dagrun for example_time_delta_sensor_async to None, run_after=None
[2022-06-20 11:04:40,985] {processor.py:161} INFO - Processing /home/oury/.local/lib/python3.10/site-packages/airflow/example_dags/example_time_delta_sensor_async.py took 0.060 seconds
[2022-06-20 11:05:15,909] {processor.py:153} INFO - Started process (PID=15244) to work on /home/oury/.local/lib/python3.10/site-packages/airflow/example_dags/example_time_delta_sensor_async.py
[2022-06-20 11:05:15,909] {processor.py:641} INFO - Processing file /home/oury/.local/lib/python3.10/site-packages/airflow/example_dags/example_time_delta_sensor_async.py for tasks to queue
[2022-06-20 11:05:15,910] {logging_mixin.py:115} INFO - [2022-06-20 11:05:15,909] {dagbag.py:507} INFO - Filling up the DagBag from /home/oury/.local/lib/python3.10/site-packages/airflow/example_dags/example_time_delta_sensor_async.py
[2022-06-20 11:05:15,914] {processor.py:651} INFO - DAG(s) dict_keys(['example_time_delta_sensor_async']) retrieved from /home/oury/.local/lib/python3.10/site-packages/airflow/example_dags/example_time_delta_sensor_async.py
[2022-06-20 11:05:15,939] {logging_mixin.py:115} INFO - [2022-06-20 11:05:15,938] {dag.py:2379} INFO - Sync 1 DAGs
[2022-06-20 11:05:15,954] {logging_mixin.py:115} INFO - [2022-06-20 11:05:15,954] {dag.py:2923} INFO - Setting next_dagrun for example_time_delta_sensor_async to None, run_after=None
[2022-06-20 11:05:15,966] {processor.py:161} INFO - Processing /home/oury/.local/lib/python3.10/site-packages/airflow/example_dags/example_time_delta_sensor_async.py took 0.060 seconds
[2022-06-20 11:05:50,232] {processor.py:153} INFO - Started process (PID=15288) to work on /home/oury/.local/lib/python3.10/site-packages/airflow/example_dags/example_time_delta_sensor_async.py
[2022-06-20 11:05:50,233] {processor.py:641} INFO - Processing file /home/oury/.local/lib/python3.10/site-packages/airflow/example_dags/example_time_delta_sensor_async.py for tasks to queue
[2022-06-20 11:05:50,233] {logging_mixin.py:115} INFO - [2022-06-20 11:05:50,233] {dagbag.py:507} INFO - Filling up the DagBag from /home/oury/.local/lib/python3.10/site-packages/airflow/example_dags/example_time_delta_sensor_async.py
[2022-06-20 11:05:50,238] {processor.py:651} INFO - DAG(s) dict_keys(['example_time_delta_sensor_async']) retrieved from /home/oury/.local/lib/python3.10/site-packages/airflow/example_dags/example_time_delta_sensor_async.py
[2022-06-20 11:05:50,262] {logging_mixin.py:115} INFO - [2022-06-20 11:05:50,262] {dag.py:2379} INFO - Sync 1 DAGs
[2022-06-20 11:05:50,277] {logging_mixin.py:115} INFO - [2022-06-20 11:05:50,277] {dag.py:2923} INFO - Setting next_dagrun for example_time_delta_sensor_async to None, run_after=None
[2022-06-20 11:05:50,289] {processor.py:161} INFO - Processing /home/oury/.local/lib/python3.10/site-packages/airflow/example_dags/example_time_delta_sensor_async.py took 0.059 seconds
[2022-06-20 11:06:23,907] {processor.py:153} INFO - Started process (PID=15333) to work on /home/oury/.local/lib/python3.10/site-packages/airflow/example_dags/example_time_delta_sensor_async.py
[2022-06-20 11:06:23,908] {processor.py:641} INFO - Processing file /home/oury/.local/lib/python3.10/site-packages/airflow/example_dags/example_time_delta_sensor_async.py for tasks to queue
[2022-06-20 11:06:23,908] {logging_mixin.py:115} INFO - [2022-06-20 11:06:23,908] {dagbag.py:507} INFO - Filling up the DagBag from /home/oury/.local/lib/python3.10/site-packages/airflow/example_dags/example_time_delta_sensor_async.py
[2022-06-20 11:06:23,913] {processor.py:651} INFO - DAG(s) dict_keys(['example_time_delta_sensor_async']) retrieved from /home/oury/.local/lib/python3.10/site-packages/airflow/example_dags/example_time_delta_sensor_async.py
[2022-06-20 11:06:23,938] {logging_mixin.py:115} INFO - [2022-06-20 11:06:23,937] {dag.py:2379} INFO - Sync 1 DAGs
[2022-06-20 11:06:23,952] {logging_mixin.py:115} INFO - [2022-06-20 11:06:23,952] {dag.py:2923} INFO - Setting next_dagrun for example_time_delta_sensor_async to None, run_after=None
[2022-06-20 11:06:23,963] {processor.py:161} INFO - Processing /home/oury/.local/lib/python3.10/site-packages/airflow/example_dags/example_time_delta_sensor_async.py took 0.058 seconds
[2022-06-20 11:06:57,661] {processor.py:153} INFO - Started process (PID=15388) to work on /home/oury/.local/lib/python3.10/site-packages/airflow/example_dags/example_time_delta_sensor_async.py
[2022-06-20 11:06:57,662] {processor.py:641} INFO - Processing file /home/oury/.local/lib/python3.10/site-packages/airflow/example_dags/example_time_delta_sensor_async.py for tasks to queue
[2022-06-20 11:06:57,662] {logging_mixin.py:115} INFO - [2022-06-20 11:06:57,662] {dagbag.py:507} INFO - Filling up the DagBag from /home/oury/.local/lib/python3.10/site-packages/airflow/example_dags/example_time_delta_sensor_async.py
[2022-06-20 11:06:57,666] {processor.py:651} INFO - DAG(s) dict_keys(['example_time_delta_sensor_async']) retrieved from /home/oury/.local/lib/python3.10/site-packages/airflow/example_dags/example_time_delta_sensor_async.py
[2022-06-20 11:06:57,691] {logging_mixin.py:115} INFO - [2022-06-20 11:06:57,691] {dag.py:2379} INFO - Sync 1 DAGs
[2022-06-20 11:06:57,706] {logging_mixin.py:115} INFO - [2022-06-20 11:06:57,705] {dag.py:2923} INFO - Setting next_dagrun for example_time_delta_sensor_async to None, run_after=None
[2022-06-20 11:06:57,718] {processor.py:161} INFO - Processing /home/oury/.local/lib/python3.10/site-packages/airflow/example_dags/example_time_delta_sensor_async.py took 0.059 seconds
[2022-06-20 11:07:31,532] {processor.py:153} INFO - Started process (PID=15431) to work on /home/oury/.local/lib/python3.10/site-packages/airflow/example_dags/example_time_delta_sensor_async.py
[2022-06-20 11:07:31,532] {processor.py:641} INFO - Processing file /home/oury/.local/lib/python3.10/site-packages/airflow/example_dags/example_time_delta_sensor_async.py for tasks to queue
[2022-06-20 11:07:31,533] {logging_mixin.py:115} INFO - [2022-06-20 11:07:31,533] {dagbag.py:507} INFO - Filling up the DagBag from /home/oury/.local/lib/python3.10/site-packages/airflow/example_dags/example_time_delta_sensor_async.py
[2022-06-20 11:07:31,537] {processor.py:651} INFO - DAG(s) dict_keys(['example_time_delta_sensor_async']) retrieved from /home/oury/.local/lib/python3.10/site-packages/airflow/example_dags/example_time_delta_sensor_async.py
[2022-06-20 11:07:31,563] {logging_mixin.py:115} INFO - [2022-06-20 11:07:31,563] {dag.py:2379} INFO - Sync 1 DAGs
[2022-06-20 11:07:31,578] {logging_mixin.py:115} INFO - [2022-06-20 11:07:31,578] {dag.py:2923} INFO - Setting next_dagrun for example_time_delta_sensor_async to None, run_after=None
[2022-06-20 11:07:31,588] {processor.py:161} INFO - Processing /home/oury/.local/lib/python3.10/site-packages/airflow/example_dags/example_time_delta_sensor_async.py took 0.059 seconds
[2022-06-20 11:08:09,015] {processor.py:153} INFO - Started process (PID=15570) to work on /home/oury/.local/lib/python3.10/site-packages/airflow/example_dags/example_time_delta_sensor_async.py
[2022-06-20 11:08:09,016] {processor.py:641} INFO - Processing file /home/oury/.local/lib/python3.10/site-packages/airflow/example_dags/example_time_delta_sensor_async.py for tasks to queue
[2022-06-20 11:08:09,017] {logging_mixin.py:115} INFO - [2022-06-20 11:08:09,016] {dagbag.py:507} INFO - Filling up the DagBag from /home/oury/.local/lib/python3.10/site-packages/airflow/example_dags/example_time_delta_sensor_async.py
[2022-06-20 11:08:09,022] {processor.py:651} INFO - DAG(s) dict_keys(['example_time_delta_sensor_async']) retrieved from /home/oury/.local/lib/python3.10/site-packages/airflow/example_dags/example_time_delta_sensor_async.py
[2022-06-20 11:08:09,079] {logging_mixin.py:115} INFO - [2022-06-20 11:08:09,078] {dag.py:2379} INFO - Sync 1 DAGs
[2022-06-20 11:08:09,104] {logging_mixin.py:115} INFO - [2022-06-20 11:08:09,104] {dag.py:2923} INFO - Setting next_dagrun for example_time_delta_sensor_async to None, run_after=None
[2022-06-20 11:08:09,121] {processor.py:161} INFO - Processing /home/oury/.local/lib/python3.10/site-packages/airflow/example_dags/example_time_delta_sensor_async.py took 0.111 seconds
[2022-06-20 11:08:42,498] {processor.py:153} INFO - Started process (PID=15676) to work on /home/oury/.local/lib/python3.10/site-packages/airflow/example_dags/example_time_delta_sensor_async.py
[2022-06-20 11:08:42,499] {processor.py:641} INFO - Processing file /home/oury/.local/lib/python3.10/site-packages/airflow/example_dags/example_time_delta_sensor_async.py for tasks to queue
[2022-06-20 11:08:42,500] {logging_mixin.py:115} INFO - [2022-06-20 11:08:42,499] {dagbag.py:507} INFO - Filling up the DagBag from /home/oury/.local/lib/python3.10/site-packages/airflow/example_dags/example_time_delta_sensor_async.py
[2022-06-20 11:08:42,510] {processor.py:651} INFO - DAG(s) dict_keys(['example_time_delta_sensor_async']) retrieved from /home/oury/.local/lib/python3.10/site-packages/airflow/example_dags/example_time_delta_sensor_async.py
[2022-06-20 11:08:42,552] {logging_mixin.py:115} INFO - [2022-06-20 11:08:42,552] {dag.py:2379} INFO - Sync 1 DAGs
[2022-06-20 11:08:42,582] {logging_mixin.py:115} INFO - [2022-06-20 11:08:42,581] {dag.py:2923} INFO - Setting next_dagrun for example_time_delta_sensor_async to None, run_after=None
[2022-06-20 11:08:42,599] {processor.py:161} INFO - Processing /home/oury/.local/lib/python3.10/site-packages/airflow/example_dags/example_time_delta_sensor_async.py took 0.105 seconds
[2022-06-20 11:09:17,204] {processor.py:153} INFO - Started process (PID=15756) to work on /home/oury/.local/lib/python3.10/site-packages/airflow/example_dags/example_time_delta_sensor_async.py
[2022-06-20 11:09:17,204] {processor.py:641} INFO - Processing file /home/oury/.local/lib/python3.10/site-packages/airflow/example_dags/example_time_delta_sensor_async.py for tasks to queue
[2022-06-20 11:09:17,205] {logging_mixin.py:115} INFO - [2022-06-20 11:09:17,205] {dagbag.py:507} INFO - Filling up the DagBag from /home/oury/.local/lib/python3.10/site-packages/airflow/example_dags/example_time_delta_sensor_async.py
[2022-06-20 11:09:17,210] {processor.py:651} INFO - DAG(s) dict_keys(['example_time_delta_sensor_async']) retrieved from /home/oury/.local/lib/python3.10/site-packages/airflow/example_dags/example_time_delta_sensor_async.py
[2022-06-20 11:09:17,239] {logging_mixin.py:115} INFO - [2022-06-20 11:09:17,239] {dag.py:2379} INFO - Sync 1 DAGs
[2022-06-20 11:09:17,255] {logging_mixin.py:115} INFO - [2022-06-20 11:09:17,255] {dag.py:2923} INFO - Setting next_dagrun for example_time_delta_sensor_async to None, run_after=None
[2022-06-20 11:09:17,266] {processor.py:161} INFO - Processing /home/oury/.local/lib/python3.10/site-packages/airflow/example_dags/example_time_delta_sensor_async.py took 0.066 seconds
[2022-06-20 11:09:56,055] {processor.py:153} INFO - Started process (PID=15969) to work on /home/oury/.local/lib/python3.10/site-packages/airflow/example_dags/example_time_delta_sensor_async.py
[2022-06-20 11:09:56,055] {processor.py:641} INFO - Processing file /home/oury/.local/lib/python3.10/site-packages/airflow/example_dags/example_time_delta_sensor_async.py for tasks to queue
[2022-06-20 11:09:56,056] {logging_mixin.py:115} INFO - [2022-06-20 11:09:56,056] {dagbag.py:507} INFO - Filling up the DagBag from /home/oury/.local/lib/python3.10/site-packages/airflow/example_dags/example_time_delta_sensor_async.py
[2022-06-20 11:09:56,062] {processor.py:651} INFO - DAG(s) dict_keys(['example_time_delta_sensor_async']) retrieved from /home/oury/.local/lib/python3.10/site-packages/airflow/example_dags/example_time_delta_sensor_async.py
[2022-06-20 11:09:56,093] {logging_mixin.py:115} INFO - [2022-06-20 11:09:56,093] {dag.py:2379} INFO - Sync 1 DAGs
[2022-06-20 11:09:56,110] {logging_mixin.py:115} INFO - [2022-06-20 11:09:56,110] {dag.py:2923} INFO - Setting next_dagrun for example_time_delta_sensor_async to None, run_after=None
[2022-06-20 11:09:56,123] {processor.py:161} INFO - Processing /home/oury/.local/lib/python3.10/site-packages/airflow/example_dags/example_time_delta_sensor_async.py took 0.071 seconds
[2022-06-20 11:10:31,576] {processor.py:153} INFO - Started process (PID=16062) to work on /home/oury/.local/lib/python3.10/site-packages/airflow/example_dags/example_time_delta_sensor_async.py
[2022-06-20 11:10:31,577] {processor.py:641} INFO - Processing file /home/oury/.local/lib/python3.10/site-packages/airflow/example_dags/example_time_delta_sensor_async.py for tasks to queue
[2022-06-20 11:10:31,577] {logging_mixin.py:115} INFO - [2022-06-20 11:10:31,577] {dagbag.py:507} INFO - Filling up the DagBag from /home/oury/.local/lib/python3.10/site-packages/airflow/example_dags/example_time_delta_sensor_async.py
[2022-06-20 11:10:31,582] {processor.py:651} INFO - DAG(s) dict_keys(['example_time_delta_sensor_async']) retrieved from /home/oury/.local/lib/python3.10/site-packages/airflow/example_dags/example_time_delta_sensor_async.py
[2022-06-20 11:10:31,608] {logging_mixin.py:115} INFO - [2022-06-20 11:10:31,607] {dag.py:2379} INFO - Sync 1 DAGs
[2022-06-20 11:10:31,622] {logging_mixin.py:115} INFO - [2022-06-20 11:10:31,622] {dag.py:2923} INFO - Setting next_dagrun for example_time_delta_sensor_async to None, run_after=None
[2022-06-20 11:10:31,633] {processor.py:161} INFO - Processing /home/oury/.local/lib/python3.10/site-packages/airflow/example_dags/example_time_delta_sensor_async.py took 0.059 seconds
[2022-06-20 11:11:06,700] {processor.py:153} INFO - Started process (PID=16272) to work on /home/oury/.local/lib/python3.10/site-packages/airflow/example_dags/example_time_delta_sensor_async.py
[2022-06-20 11:11:06,783] {processor.py:641} INFO - Processing file /home/oury/.local/lib/python3.10/site-packages/airflow/example_dags/example_time_delta_sensor_async.py for tasks to queue
[2022-06-20 11:11:06,784] {logging_mixin.py:115} INFO - [2022-06-20 11:11:06,784] {dagbag.py:507} INFO - Filling up the DagBag from /home/oury/.local/lib/python3.10/site-packages/airflow/example_dags/example_time_delta_sensor_async.py
[2022-06-20 11:11:06,788] {processor.py:651} INFO - DAG(s) dict_keys(['example_time_delta_sensor_async']) retrieved from /home/oury/.local/lib/python3.10/site-packages/airflow/example_dags/example_time_delta_sensor_async.py
[2022-06-20 11:11:06,815] {logging_mixin.py:115} INFO - [2022-06-20 11:11:06,815] {dag.py:2379} INFO - Sync 1 DAGs
[2022-06-20 11:11:06,834] {logging_mixin.py:115} INFO - [2022-06-20 11:11:06,834] {dag.py:2923} INFO - Setting next_dagrun for example_time_delta_sensor_async to None, run_after=None
[2022-06-20 11:11:07,034] {processor.py:161} INFO - Processing /home/oury/.local/lib/python3.10/site-packages/airflow/example_dags/example_time_delta_sensor_async.py took 0.337 seconds
[2022-06-20 11:11:41,741] {processor.py:153} INFO - Started process (PID=16391) to work on /home/oury/.local/lib/python3.10/site-packages/airflow/example_dags/example_time_delta_sensor_async.py
[2022-06-20 11:11:41,742] {processor.py:641} INFO - Processing file /home/oury/.local/lib/python3.10/site-packages/airflow/example_dags/example_time_delta_sensor_async.py for tasks to queue
[2022-06-20 11:11:41,742] {logging_mixin.py:115} INFO - [2022-06-20 11:11:41,742] {dagbag.py:507} INFO - Filling up the DagBag from /home/oury/.local/lib/python3.10/site-packages/airflow/example_dags/example_time_delta_sensor_async.py
[2022-06-20 11:11:41,747] {processor.py:651} INFO - DAG(s) dict_keys(['example_time_delta_sensor_async']) retrieved from /home/oury/.local/lib/python3.10/site-packages/airflow/example_dags/example_time_delta_sensor_async.py
[2022-06-20 11:11:41,773] {logging_mixin.py:115} INFO - [2022-06-20 11:11:41,773] {dag.py:2379} INFO - Sync 1 DAGs
[2022-06-20 11:11:41,789] {logging_mixin.py:115} INFO - [2022-06-20 11:11:41,789] {dag.py:2923} INFO - Setting next_dagrun for example_time_delta_sensor_async to None, run_after=None
[2022-06-20 11:11:41,801] {processor.py:161} INFO - Processing /home/oury/.local/lib/python3.10/site-packages/airflow/example_dags/example_time_delta_sensor_async.py took 0.062 seconds
[2022-06-20 11:12:16,072] {processor.py:153} INFO - Started process (PID=16458) to work on /home/oury/.local/lib/python3.10/site-packages/airflow/example_dags/example_time_delta_sensor_async.py
[2022-06-20 11:12:16,073] {processor.py:641} INFO - Processing file /home/oury/.local/lib/python3.10/site-packages/airflow/example_dags/example_time_delta_sensor_async.py for tasks to queue
[2022-06-20 11:12:16,073] {logging_mixin.py:115} INFO - [2022-06-20 11:12:16,073] {dagbag.py:507} INFO - Filling up the DagBag from /home/oury/.local/lib/python3.10/site-packages/airflow/example_dags/example_time_delta_sensor_async.py
[2022-06-20 11:12:16,077] {processor.py:651} INFO - DAG(s) dict_keys(['example_time_delta_sensor_async']) retrieved from /home/oury/.local/lib/python3.10/site-packages/airflow/example_dags/example_time_delta_sensor_async.py
[2022-06-20 11:12:16,102] {logging_mixin.py:115} INFO - [2022-06-20 11:12:16,102] {dag.py:2379} INFO - Sync 1 DAGs
[2022-06-20 11:12:16,117] {logging_mixin.py:115} INFO - [2022-06-20 11:12:16,116] {dag.py:2923} INFO - Setting next_dagrun for example_time_delta_sensor_async to None, run_after=None
[2022-06-20 11:12:16,127] {processor.py:161} INFO - Processing /home/oury/.local/lib/python3.10/site-packages/airflow/example_dags/example_time_delta_sensor_async.py took 0.058 seconds
[2022-06-20 11:12:51,460] {processor.py:153} INFO - Started process (PID=16505) to work on /home/oury/.local/lib/python3.10/site-packages/airflow/example_dags/example_time_delta_sensor_async.py
[2022-06-20 11:12:51,461] {processor.py:641} INFO - Processing file /home/oury/.local/lib/python3.10/site-packages/airflow/example_dags/example_time_delta_sensor_async.py for tasks to queue
[2022-06-20 11:12:51,461] {logging_mixin.py:115} INFO - [2022-06-20 11:12:51,461] {dagbag.py:507} INFO - Filling up the DagBag from /home/oury/.local/lib/python3.10/site-packages/airflow/example_dags/example_time_delta_sensor_async.py
[2022-06-20 11:12:51,466] {processor.py:651} INFO - DAG(s) dict_keys(['example_time_delta_sensor_async']) retrieved from /home/oury/.local/lib/python3.10/site-packages/airflow/example_dags/example_time_delta_sensor_async.py
[2022-06-20 11:12:51,491] {logging_mixin.py:115} INFO - [2022-06-20 11:12:51,491] {dag.py:2379} INFO - Sync 1 DAGs
[2022-06-20 11:12:51,506] {logging_mixin.py:115} INFO - [2022-06-20 11:12:51,505] {dag.py:2923} INFO - Setting next_dagrun for example_time_delta_sensor_async to None, run_after=None
[2022-06-20 11:12:51,516] {processor.py:161} INFO - Processing /home/oury/.local/lib/python3.10/site-packages/airflow/example_dags/example_time_delta_sensor_async.py took 0.058 seconds
[2022-06-20 11:13:26,701] {processor.py:153} INFO - Started process (PID=16572) to work on /home/oury/.local/lib/python3.10/site-packages/airflow/example_dags/example_time_delta_sensor_async.py
[2022-06-20 11:13:26,702] {processor.py:641} INFO - Processing file /home/oury/.local/lib/python3.10/site-packages/airflow/example_dags/example_time_delta_sensor_async.py for tasks to queue
[2022-06-20 11:13:26,702] {logging_mixin.py:115} INFO - [2022-06-20 11:13:26,702] {dagbag.py:507} INFO - Filling up the DagBag from /home/oury/.local/lib/python3.10/site-packages/airflow/example_dags/example_time_delta_sensor_async.py
[2022-06-20 11:13:26,707] {processor.py:651} INFO - DAG(s) dict_keys(['example_time_delta_sensor_async']) retrieved from /home/oury/.local/lib/python3.10/site-packages/airflow/example_dags/example_time_delta_sensor_async.py
[2022-06-20 11:13:26,731] {logging_mixin.py:115} INFO - [2022-06-20 11:13:26,731] {dag.py:2379} INFO - Sync 1 DAGs
[2022-06-20 11:13:26,745] {logging_mixin.py:115} INFO - [2022-06-20 11:13:26,745] {dag.py:2923} INFO - Setting next_dagrun for example_time_delta_sensor_async to None, run_after=None
[2022-06-20 11:13:26,757] {processor.py:161} INFO - Processing /home/oury/.local/lib/python3.10/site-packages/airflow/example_dags/example_time_delta_sensor_async.py took 0.058 seconds
[2022-06-20 11:14:02,506] {processor.py:153} INFO - Started process (PID=16642) to work on /home/oury/.local/lib/python3.10/site-packages/airflow/example_dags/example_time_delta_sensor_async.py
[2022-06-20 11:14:02,506] {processor.py:641} INFO - Processing file /home/oury/.local/lib/python3.10/site-packages/airflow/example_dags/example_time_delta_sensor_async.py for tasks to queue
[2022-06-20 11:14:02,507] {logging_mixin.py:115} INFO - [2022-06-20 11:14:02,507] {dagbag.py:507} INFO - Filling up the DagBag from /home/oury/.local/lib/python3.10/site-packages/airflow/example_dags/example_time_delta_sensor_async.py
[2022-06-20 11:14:02,513] {processor.py:651} INFO - DAG(s) dict_keys(['example_time_delta_sensor_async']) retrieved from /home/oury/.local/lib/python3.10/site-packages/airflow/example_dags/example_time_delta_sensor_async.py
[2022-06-20 11:14:02,542] {logging_mixin.py:115} INFO - [2022-06-20 11:14:02,542] {dag.py:2379} INFO - Sync 1 DAGs
[2022-06-20 11:14:02,559] {logging_mixin.py:115} INFO - [2022-06-20 11:14:02,559] {dag.py:2923} INFO - Setting next_dagrun for example_time_delta_sensor_async to None, run_after=None
[2022-06-20 11:14:02,571] {processor.py:161} INFO - Processing /home/oury/.local/lib/python3.10/site-packages/airflow/example_dags/example_time_delta_sensor_async.py took 0.069 seconds
[2022-06-20 11:14:37,717] {processor.py:153} INFO - Started process (PID=16692) to work on /home/oury/.local/lib/python3.10/site-packages/airflow/example_dags/example_time_delta_sensor_async.py
[2022-06-20 11:14:37,718] {processor.py:641} INFO - Processing file /home/oury/.local/lib/python3.10/site-packages/airflow/example_dags/example_time_delta_sensor_async.py for tasks to queue
[2022-06-20 11:14:37,718] {logging_mixin.py:115} INFO - [2022-06-20 11:14:37,718] {dagbag.py:507} INFO - Filling up the DagBag from /home/oury/.local/lib/python3.10/site-packages/airflow/example_dags/example_time_delta_sensor_async.py
[2022-06-20 11:14:37,723] {processor.py:651} INFO - DAG(s) dict_keys(['example_time_delta_sensor_async']) retrieved from /home/oury/.local/lib/python3.10/site-packages/airflow/example_dags/example_time_delta_sensor_async.py
[2022-06-20 11:14:37,751] {logging_mixin.py:115} INFO - [2022-06-20 11:14:37,751] {dag.py:2379} INFO - Sync 1 DAGs
[2022-06-20 11:14:37,767] {logging_mixin.py:115} INFO - [2022-06-20 11:14:37,767] {dag.py:2923} INFO - Setting next_dagrun for example_time_delta_sensor_async to None, run_after=None
[2022-06-20 11:14:37,782] {processor.py:161} INFO - Processing /home/oury/.local/lib/python3.10/site-packages/airflow/example_dags/example_time_delta_sensor_async.py took 0.067 seconds
[2022-06-20 11:15:12,535] {processor.py:153} INFO - Started process (PID=16736) to work on /home/oury/.local/lib/python3.10/site-packages/airflow/example_dags/example_time_delta_sensor_async.py
[2022-06-20 11:15:12,536] {processor.py:641} INFO - Processing file /home/oury/.local/lib/python3.10/site-packages/airflow/example_dags/example_time_delta_sensor_async.py for tasks to queue
[2022-06-20 11:15:12,536] {logging_mixin.py:115} INFO - [2022-06-20 11:15:12,536] {dagbag.py:507} INFO - Filling up the DagBag from /home/oury/.local/lib/python3.10/site-packages/airflow/example_dags/example_time_delta_sensor_async.py
[2022-06-20 11:15:12,541] {processor.py:651} INFO - DAG(s) dict_keys(['example_time_delta_sensor_async']) retrieved from /home/oury/.local/lib/python3.10/site-packages/airflow/example_dags/example_time_delta_sensor_async.py
[2022-06-20 11:15:12,567] {logging_mixin.py:115} INFO - [2022-06-20 11:15:12,567] {dag.py:2379} INFO - Sync 1 DAGs
[2022-06-20 11:15:12,583] {logging_mixin.py:115} INFO - [2022-06-20 11:15:12,583] {dag.py:2923} INFO - Setting next_dagrun for example_time_delta_sensor_async to None, run_after=None
[2022-06-20 11:15:12,595] {processor.py:161} INFO - Processing /home/oury/.local/lib/python3.10/site-packages/airflow/example_dags/example_time_delta_sensor_async.py took 0.062 seconds
[2022-06-20 11:15:46,665] {processor.py:153} INFO - Started process (PID=16787) to work on /home/oury/.local/lib/python3.10/site-packages/airflow/example_dags/example_time_delta_sensor_async.py
[2022-06-20 11:15:46,666] {processor.py:641} INFO - Processing file /home/oury/.local/lib/python3.10/site-packages/airflow/example_dags/example_time_delta_sensor_async.py for tasks to queue
[2022-06-20 11:15:46,666] {logging_mixin.py:115} INFO - [2022-06-20 11:15:46,666] {dagbag.py:507} INFO - Filling up the DagBag from /home/oury/.local/lib/python3.10/site-packages/airflow/example_dags/example_time_delta_sensor_async.py
[2022-06-20 11:15:46,672] {processor.py:651} INFO - DAG(s) dict_keys(['example_time_delta_sensor_async']) retrieved from /home/oury/.local/lib/python3.10/site-packages/airflow/example_dags/example_time_delta_sensor_async.py
[2022-06-20 11:15:46,699] {logging_mixin.py:115} INFO - [2022-06-20 11:15:46,699] {dag.py:2379} INFO - Sync 1 DAGs
[2022-06-20 11:15:46,716] {logging_mixin.py:115} INFO - [2022-06-20 11:15:46,716] {dag.py:2923} INFO - Setting next_dagrun for example_time_delta_sensor_async to None, run_after=None
[2022-06-20 11:15:46,727] {processor.py:161} INFO - Processing /home/oury/.local/lib/python3.10/site-packages/airflow/example_dags/example_time_delta_sensor_async.py took 0.065 seconds
[2022-06-20 11:16:22,523] {processor.py:153} INFO - Started process (PID=16843) to work on /home/oury/.local/lib/python3.10/site-packages/airflow/example_dags/example_time_delta_sensor_async.py
[2022-06-20 11:16:22,524] {processor.py:641} INFO - Processing file /home/oury/.local/lib/python3.10/site-packages/airflow/example_dags/example_time_delta_sensor_async.py for tasks to queue
[2022-06-20 11:16:22,524] {logging_mixin.py:115} INFO - [2022-06-20 11:16:22,524] {dagbag.py:507} INFO - Filling up the DagBag from /home/oury/.local/lib/python3.10/site-packages/airflow/example_dags/example_time_delta_sensor_async.py
[2022-06-20 11:16:22,529] {processor.py:651} INFO - DAG(s) dict_keys(['example_time_delta_sensor_async']) retrieved from /home/oury/.local/lib/python3.10/site-packages/airflow/example_dags/example_time_delta_sensor_async.py
[2022-06-20 11:16:22,560] {logging_mixin.py:115} INFO - [2022-06-20 11:16:22,560] {dag.py:2379} INFO - Sync 1 DAGs
[2022-06-20 11:16:22,578] {logging_mixin.py:115} INFO - [2022-06-20 11:16:22,578] {dag.py:2923} INFO - Setting next_dagrun for example_time_delta_sensor_async to None, run_after=None
[2022-06-20 11:16:22,591] {processor.py:161} INFO - Processing /home/oury/.local/lib/python3.10/site-packages/airflow/example_dags/example_time_delta_sensor_async.py took 0.070 seconds
[2022-06-20 11:16:55,642] {processor.py:153} INFO - Started process (PID=16886) to work on /home/oury/.local/lib/python3.10/site-packages/airflow/example_dags/example_time_delta_sensor_async.py
[2022-06-20 11:16:55,643] {processor.py:641} INFO - Processing file /home/oury/.local/lib/python3.10/site-packages/airflow/example_dags/example_time_delta_sensor_async.py for tasks to queue
[2022-06-20 11:16:55,643] {logging_mixin.py:115} INFO - [2022-06-20 11:16:55,643] {dagbag.py:507} INFO - Filling up the DagBag from /home/oury/.local/lib/python3.10/site-packages/airflow/example_dags/example_time_delta_sensor_async.py
[2022-06-20 11:16:55,648] {processor.py:651} INFO - DAG(s) dict_keys(['example_time_delta_sensor_async']) retrieved from /home/oury/.local/lib/python3.10/site-packages/airflow/example_dags/example_time_delta_sensor_async.py
[2022-06-20 11:16:55,675] {logging_mixin.py:115} INFO - [2022-06-20 11:16:55,675] {dag.py:2379} INFO - Sync 1 DAGs
[2022-06-20 11:16:55,691] {logging_mixin.py:115} INFO - [2022-06-20 11:16:55,691] {dag.py:2923} INFO - Setting next_dagrun for example_time_delta_sensor_async to None, run_after=None
[2022-06-20 11:16:55,702] {processor.py:161} INFO - Processing /home/oury/.local/lib/python3.10/site-packages/airflow/example_dags/example_time_delta_sensor_async.py took 0.063 seconds
[2022-06-20 11:17:30,490] {processor.py:153} INFO - Started process (PID=16935) to work on /home/oury/.local/lib/python3.10/site-packages/airflow/example_dags/example_time_delta_sensor_async.py
[2022-06-20 11:17:30,491] {processor.py:641} INFO - Processing file /home/oury/.local/lib/python3.10/site-packages/airflow/example_dags/example_time_delta_sensor_async.py for tasks to queue
[2022-06-20 11:17:30,491] {logging_mixin.py:115} INFO - [2022-06-20 11:17:30,491] {dagbag.py:507} INFO - Filling up the DagBag from /home/oury/.local/lib/python3.10/site-packages/airflow/example_dags/example_time_delta_sensor_async.py
[2022-06-20 11:17:30,496] {processor.py:651} INFO - DAG(s) dict_keys(['example_time_delta_sensor_async']) retrieved from /home/oury/.local/lib/python3.10/site-packages/airflow/example_dags/example_time_delta_sensor_async.py
[2022-06-20 11:17:30,525] {logging_mixin.py:115} INFO - [2022-06-20 11:17:30,525] {dag.py:2379} INFO - Sync 1 DAGs
[2022-06-20 11:17:30,543] {logging_mixin.py:115} INFO - [2022-06-20 11:17:30,543] {dag.py:2923} INFO - Setting next_dagrun for example_time_delta_sensor_async to None, run_after=None
[2022-06-20 11:17:30,556] {processor.py:161} INFO - Processing /home/oury/.local/lib/python3.10/site-packages/airflow/example_dags/example_time_delta_sensor_async.py took 0.068 seconds
[2022-06-20 11:18:09,054] {processor.py:153} INFO - Started process (PID=16984) to work on /home/oury/.local/lib/python3.10/site-packages/airflow/example_dags/example_time_delta_sensor_async.py
[2022-06-20 11:18:09,055] {processor.py:641} INFO - Processing file /home/oury/.local/lib/python3.10/site-packages/airflow/example_dags/example_time_delta_sensor_async.py for tasks to queue
[2022-06-20 11:18:09,055] {logging_mixin.py:115} INFO - [2022-06-20 11:18:09,055] {dagbag.py:507} INFO - Filling up the DagBag from /home/oury/.local/lib/python3.10/site-packages/airflow/example_dags/example_time_delta_sensor_async.py
[2022-06-20 11:18:09,060] {processor.py:651} INFO - DAG(s) dict_keys(['example_time_delta_sensor_async']) retrieved from /home/oury/.local/lib/python3.10/site-packages/airflow/example_dags/example_time_delta_sensor_async.py
[2022-06-20 11:18:09,088] {logging_mixin.py:115} INFO - [2022-06-20 11:18:09,088] {dag.py:2379} INFO - Sync 1 DAGs
[2022-06-20 11:18:09,103] {logging_mixin.py:115} INFO - [2022-06-20 11:18:09,103] {dag.py:2923} INFO - Setting next_dagrun for example_time_delta_sensor_async to None, run_after=None
[2022-06-20 11:18:09,418] {processor.py:161} INFO - Processing /home/oury/.local/lib/python3.10/site-packages/airflow/example_dags/example_time_delta_sensor_async.py took 0.367 seconds
