[2022-06-20 10:57:33,290] {processor.py:153} INFO - Started process (PID=14092) to work on /home/oury/.local/lib/python3.10/site-packages/airflow/example_dags/example_xcom.py
[2022-06-20 10:57:33,290] {processor.py:641} INFO - Processing file /home/oury/.local/lib/python3.10/site-packages/airflow/example_dags/example_xcom.py for tasks to queue
[2022-06-20 10:57:33,291] {logging_mixin.py:115} INFO - [2022-06-20 10:57:33,290] {dagbag.py:507} INFO - Filling up the DagBag from /home/oury/.local/lib/python3.10/site-packages/airflow/example_dags/example_xcom.py
[2022-06-20 10:57:33,308] {processor.py:651} INFO - DAG(s) dict_keys(['example_xcom']) retrieved from /home/oury/.local/lib/python3.10/site-packages/airflow/example_dags/example_xcom.py
[2022-06-20 10:57:33,354] {logging_mixin.py:115} INFO - [2022-06-20 10:57:33,353] {dag.py:2379} INFO - Sync 1 DAGs
[2022-06-20 10:57:33,369] {logging_mixin.py:115} INFO - [2022-06-20 10:57:33,369] {dag.py:2923} INFO - Setting next_dagrun for example_xcom to 2021-01-01T00:00:00+00:00, run_after=2021-01-01T00:00:00+00:00
[2022-06-20 10:57:33,382] {processor.py:161} INFO - Processing /home/oury/.local/lib/python3.10/site-packages/airflow/example_dags/example_xcom.py took 0.095 seconds
[2022-06-20 10:58:06,783] {processor.py:153} INFO - Started process (PID=14299) to work on /home/oury/.local/lib/python3.10/site-packages/airflow/example_dags/example_xcom.py
[2022-06-20 10:58:06,784] {processor.py:641} INFO - Processing file /home/oury/.local/lib/python3.10/site-packages/airflow/example_dags/example_xcom.py for tasks to queue
[2022-06-20 10:58:06,786] {logging_mixin.py:115} INFO - [2022-06-20 10:58:06,786] {dagbag.py:507} INFO - Filling up the DagBag from /home/oury/.local/lib/python3.10/site-packages/airflow/example_dags/example_xcom.py
[2022-06-20 10:58:06,805] {processor.py:651} INFO - DAG(s) dict_keys(['example_xcom']) retrieved from /home/oury/.local/lib/python3.10/site-packages/airflow/example_dags/example_xcom.py
[2022-06-20 10:58:06,850] {logging_mixin.py:115} INFO - [2022-06-20 10:58:06,850] {dag.py:2379} INFO - Sync 1 DAGs
[2022-06-20 10:58:06,866] {logging_mixin.py:115} INFO - [2022-06-20 10:58:06,866] {dag.py:2923} INFO - Setting next_dagrun for example_xcom to 2021-01-01T00:00:00+00:00, run_after=2021-01-01T00:00:00+00:00
[2022-06-20 10:58:06,879] {processor.py:161} INFO - Processing /home/oury/.local/lib/python3.10/site-packages/airflow/example_dags/example_xcom.py took 0.101 seconds
[2022-06-20 10:58:42,051] {processor.py:153} INFO - Started process (PID=14407) to work on /home/oury/.local/lib/python3.10/site-packages/airflow/example_dags/example_xcom.py
[2022-06-20 10:58:42,052] {processor.py:641} INFO - Processing file /home/oury/.local/lib/python3.10/site-packages/airflow/example_dags/example_xcom.py for tasks to queue
[2022-06-20 10:58:42,052] {logging_mixin.py:115} INFO - [2022-06-20 10:58:42,052] {dagbag.py:507} INFO - Filling up the DagBag from /home/oury/.local/lib/python3.10/site-packages/airflow/example_dags/example_xcom.py
[2022-06-20 10:58:42,069] {processor.py:651} INFO - DAG(s) dict_keys(['example_xcom']) retrieved from /home/oury/.local/lib/python3.10/site-packages/airflow/example_dags/example_xcom.py
[2022-06-20 10:58:42,135] {logging_mixin.py:115} INFO - [2022-06-20 10:58:42,135] {dag.py:2379} INFO - Sync 1 DAGs
[2022-06-20 10:58:42,155] {logging_mixin.py:115} INFO - [2022-06-20 10:58:42,154] {dag.py:2923} INFO - Setting next_dagrun for example_xcom to 2021-01-01T00:00:00+00:00, run_after=2021-01-01T00:00:00+00:00
[2022-06-20 10:58:42,171] {processor.py:161} INFO - Processing /home/oury/.local/lib/python3.10/site-packages/airflow/example_dags/example_xcom.py took 0.123 seconds
[2022-06-20 10:59:18,081] {processor.py:153} INFO - Started process (PID=14457) to work on /home/oury/.local/lib/python3.10/site-packages/airflow/example_dags/example_xcom.py
[2022-06-20 10:59:18,082] {processor.py:641} INFO - Processing file /home/oury/.local/lib/python3.10/site-packages/airflow/example_dags/example_xcom.py for tasks to queue
[2022-06-20 10:59:18,082] {logging_mixin.py:115} INFO - [2022-06-20 10:59:18,082] {dagbag.py:507} INFO - Filling up the DagBag from /home/oury/.local/lib/python3.10/site-packages/airflow/example_dags/example_xcom.py
[2022-06-20 10:59:18,098] {processor.py:651} INFO - DAG(s) dict_keys(['example_xcom']) retrieved from /home/oury/.local/lib/python3.10/site-packages/airflow/example_dags/example_xcom.py
[2022-06-20 10:59:18,111] {logging_mixin.py:115} INFO - [2022-06-20 10:59:18,111] {dag.py:2379} INFO - Sync 1 DAGs
[2022-06-20 10:59:18,125] {logging_mixin.py:115} INFO - [2022-06-20 10:59:18,125] {dag.py:2923} INFO - Setting next_dagrun for example_xcom to 2021-01-01T00:00:00+00:00, run_after=2021-01-01T00:00:00+00:00
[2022-06-20 10:59:18,136] {processor.py:161} INFO - Processing /home/oury/.local/lib/python3.10/site-packages/airflow/example_dags/example_xcom.py took 0.058 seconds
[2022-06-20 10:59:51,944] {processor.py:153} INFO - Started process (PID=14577) to work on /home/oury/.local/lib/python3.10/site-packages/airflow/example_dags/example_xcom.py
[2022-06-20 10:59:51,945] {processor.py:641} INFO - Processing file /home/oury/.local/lib/python3.10/site-packages/airflow/example_dags/example_xcom.py for tasks to queue
[2022-06-20 10:59:51,945] {logging_mixin.py:115} INFO - [2022-06-20 10:59:51,945] {dagbag.py:507} INFO - Filling up the DagBag from /home/oury/.local/lib/python3.10/site-packages/airflow/example_dags/example_xcom.py
[2022-06-20 10:59:51,961] {processor.py:651} INFO - DAG(s) dict_keys(['example_xcom']) retrieved from /home/oury/.local/lib/python3.10/site-packages/airflow/example_dags/example_xcom.py
[2022-06-20 10:59:52,002] {logging_mixin.py:115} INFO - [2022-06-20 10:59:52,002] {dag.py:2379} INFO - Sync 1 DAGs
[2022-06-20 10:59:52,016] {logging_mixin.py:115} INFO - [2022-06-20 10:59:52,016] {dag.py:2923} INFO - Setting next_dagrun for example_xcom to 2021-01-01T00:00:00+00:00, run_after=2021-01-01T00:00:00+00:00
[2022-06-20 10:59:52,028] {processor.py:161} INFO - Processing /home/oury/.local/lib/python3.10/site-packages/airflow/example_dags/example_xcom.py took 0.086 seconds
[2022-06-20 11:00:30,350] {processor.py:153} INFO - Started process (PID=14635) to work on /home/oury/.local/lib/python3.10/site-packages/airflow/example_dags/example_xcom.py
[2022-06-20 11:00:30,351] {processor.py:641} INFO - Processing file /home/oury/.local/lib/python3.10/site-packages/airflow/example_dags/example_xcom.py for tasks to queue
[2022-06-20 11:00:30,351] {logging_mixin.py:115} INFO - [2022-06-20 11:00:30,351] {dagbag.py:507} INFO - Filling up the DagBag from /home/oury/.local/lib/python3.10/site-packages/airflow/example_dags/example_xcom.py
[2022-06-20 11:00:30,367] {processor.py:651} INFO - DAG(s) dict_keys(['example_xcom']) retrieved from /home/oury/.local/lib/python3.10/site-packages/airflow/example_dags/example_xcom.py
[2022-06-20 11:00:30,406] {logging_mixin.py:115} INFO - [2022-06-20 11:00:30,406] {dag.py:2379} INFO - Sync 1 DAGs
[2022-06-20 11:00:30,419] {logging_mixin.py:115} INFO - [2022-06-20 11:00:30,419] {dag.py:2923} INFO - Setting next_dagrun for example_xcom to 2021-01-01T00:00:00+00:00, run_after=2021-01-01T00:00:00+00:00
[2022-06-20 11:00:30,431] {processor.py:161} INFO - Processing /home/oury/.local/lib/python3.10/site-packages/airflow/example_dags/example_xcom.py took 0.083 seconds
[2022-06-20 11:01:04,205] {processor.py:153} INFO - Started process (PID=14680) to work on /home/oury/.local/lib/python3.10/site-packages/airflow/example_dags/example_xcom.py
[2022-06-20 11:01:04,205] {processor.py:641} INFO - Processing file /home/oury/.local/lib/python3.10/site-packages/airflow/example_dags/example_xcom.py for tasks to queue
[2022-06-20 11:01:04,206] {logging_mixin.py:115} INFO - [2022-06-20 11:01:04,205] {dagbag.py:507} INFO - Filling up the DagBag from /home/oury/.local/lib/python3.10/site-packages/airflow/example_dags/example_xcom.py
[2022-06-20 11:01:04,221] {processor.py:651} INFO - DAG(s) dict_keys(['example_xcom']) retrieved from /home/oury/.local/lib/python3.10/site-packages/airflow/example_dags/example_xcom.py
[2022-06-20 11:01:04,260] {logging_mixin.py:115} INFO - [2022-06-20 11:01:04,260] {dag.py:2379} INFO - Sync 1 DAGs
[2022-06-20 11:01:04,273] {logging_mixin.py:115} INFO - [2022-06-20 11:01:04,273] {dag.py:2923} INFO - Setting next_dagrun for example_xcom to 2021-01-01T00:00:00+00:00, run_after=2021-01-01T00:00:00+00:00
[2022-06-20 11:01:04,285] {processor.py:161} INFO - Processing /home/oury/.local/lib/python3.10/site-packages/airflow/example_dags/example_xcom.py took 0.083 seconds
[2022-06-20 11:01:39,445] {processor.py:153} INFO - Started process (PID=14723) to work on /home/oury/.local/lib/python3.10/site-packages/airflow/example_dags/example_xcom.py
[2022-06-20 11:01:39,445] {processor.py:641} INFO - Processing file /home/oury/.local/lib/python3.10/site-packages/airflow/example_dags/example_xcom.py for tasks to queue
[2022-06-20 11:01:39,446] {logging_mixin.py:115} INFO - [2022-06-20 11:01:39,446] {dagbag.py:507} INFO - Filling up the DagBag from /home/oury/.local/lib/python3.10/site-packages/airflow/example_dags/example_xcom.py
[2022-06-20 11:01:39,461] {processor.py:651} INFO - DAG(s) dict_keys(['example_xcom']) retrieved from /home/oury/.local/lib/python3.10/site-packages/airflow/example_dags/example_xcom.py
[2022-06-20 11:01:39,499] {logging_mixin.py:115} INFO - [2022-06-20 11:01:39,499] {dag.py:2379} INFO - Sync 1 DAGs
[2022-06-20 11:01:39,512] {logging_mixin.py:115} INFO - [2022-06-20 11:01:39,512] {dag.py:2923} INFO - Setting next_dagrun for example_xcom to 2021-01-01T00:00:00+00:00, run_after=2021-01-01T00:00:00+00:00
[2022-06-20 11:01:39,523] {processor.py:161} INFO - Processing /home/oury/.local/lib/python3.10/site-packages/airflow/example_dags/example_xcom.py took 0.081 seconds
[2022-06-20 11:02:14,396] {processor.py:153} INFO - Started process (PID=14767) to work on /home/oury/.local/lib/python3.10/site-packages/airflow/example_dags/example_xcom.py
[2022-06-20 11:02:14,396] {processor.py:641} INFO - Processing file /home/oury/.local/lib/python3.10/site-packages/airflow/example_dags/example_xcom.py for tasks to queue
[2022-06-20 11:02:14,397] {logging_mixin.py:115} INFO - [2022-06-20 11:02:14,397] {dagbag.py:507} INFO - Filling up the DagBag from /home/oury/.local/lib/python3.10/site-packages/airflow/example_dags/example_xcom.py
[2022-06-20 11:02:14,412] {processor.py:651} INFO - DAG(s) dict_keys(['example_xcom']) retrieved from /home/oury/.local/lib/python3.10/site-packages/airflow/example_dags/example_xcom.py
[2022-06-20 11:02:14,425] {logging_mixin.py:115} INFO - [2022-06-20 11:02:14,425] {dag.py:2379} INFO - Sync 1 DAGs
[2022-06-20 11:02:14,440] {logging_mixin.py:115} INFO - [2022-06-20 11:02:14,440] {dag.py:2923} INFO - Setting next_dagrun for example_xcom to 2021-01-01T00:00:00+00:00, run_after=2021-01-01T00:00:00+00:00
[2022-06-20 11:02:14,451] {processor.py:161} INFO - Processing /home/oury/.local/lib/python3.10/site-packages/airflow/example_dags/example_xcom.py took 0.057 seconds
[2022-06-20 11:02:50,530] {processor.py:153} INFO - Started process (PID=14813) to work on /home/oury/.local/lib/python3.10/site-packages/airflow/example_dags/example_xcom.py
[2022-06-20 11:02:50,531] {processor.py:641} INFO - Processing file /home/oury/.local/lib/python3.10/site-packages/airflow/example_dags/example_xcom.py for tasks to queue
[2022-06-20 11:02:50,531] {logging_mixin.py:115} INFO - [2022-06-20 11:02:50,531] {dagbag.py:507} INFO - Filling up the DagBag from /home/oury/.local/lib/python3.10/site-packages/airflow/example_dags/example_xcom.py
[2022-06-20 11:02:50,547] {processor.py:651} INFO - DAG(s) dict_keys(['example_xcom']) retrieved from /home/oury/.local/lib/python3.10/site-packages/airflow/example_dags/example_xcom.py
[2022-06-20 11:02:50,586] {logging_mixin.py:115} INFO - [2022-06-20 11:02:50,585] {dag.py:2379} INFO - Sync 1 DAGs
[2022-06-20 11:02:50,599] {logging_mixin.py:115} INFO - [2022-06-20 11:02:50,599] {dag.py:2923} INFO - Setting next_dagrun for example_xcom to 2021-01-01T00:00:00+00:00, run_after=2021-01-01T00:00:00+00:00
[2022-06-20 11:02:50,611] {processor.py:161} INFO - Processing /home/oury/.local/lib/python3.10/site-packages/airflow/example_dags/example_xcom.py took 0.083 seconds
[2022-06-20 11:03:29,956] {processor.py:153} INFO - Started process (PID=14860) to work on /home/oury/.local/lib/python3.10/site-packages/airflow/example_dags/example_xcom.py
[2022-06-20 11:03:29,957] {processor.py:641} INFO - Processing file /home/oury/.local/lib/python3.10/site-packages/airflow/example_dags/example_xcom.py for tasks to queue
[2022-06-20 11:03:29,957] {logging_mixin.py:115} INFO - [2022-06-20 11:03:29,957] {dagbag.py:507} INFO - Filling up the DagBag from /home/oury/.local/lib/python3.10/site-packages/airflow/example_dags/example_xcom.py
[2022-06-20 11:03:29,973] {processor.py:651} INFO - DAG(s) dict_keys(['example_xcom']) retrieved from /home/oury/.local/lib/python3.10/site-packages/airflow/example_dags/example_xcom.py
[2022-06-20 11:03:29,986] {logging_mixin.py:115} INFO - [2022-06-20 11:03:29,986] {dag.py:2379} INFO - Sync 1 DAGs
[2022-06-20 11:03:30,001] {logging_mixin.py:115} INFO - [2022-06-20 11:03:30,001] {dag.py:2923} INFO - Setting next_dagrun for example_xcom to 2021-01-01T00:00:00+00:00, run_after=2021-01-01T00:00:00+00:00
[2022-06-20 11:03:30,012] {processor.py:161} INFO - Processing /home/oury/.local/lib/python3.10/site-packages/airflow/example_dags/example_xcom.py took 0.058 seconds
[2022-06-20 11:04:06,078] {processor.py:153} INFO - Started process (PID=15034) to work on /home/oury/.local/lib/python3.10/site-packages/airflow/example_dags/example_xcom.py
[2022-06-20 11:04:06,078] {processor.py:641} INFO - Processing file /home/oury/.local/lib/python3.10/site-packages/airflow/example_dags/example_xcom.py for tasks to queue
[2022-06-20 11:04:06,079] {logging_mixin.py:115} INFO - [2022-06-20 11:04:06,079] {dagbag.py:507} INFO - Filling up the DagBag from /home/oury/.local/lib/python3.10/site-packages/airflow/example_dags/example_xcom.py
[2022-06-20 11:04:06,105] {processor.py:651} INFO - DAG(s) dict_keys(['example_xcom']) retrieved from /home/oury/.local/lib/python3.10/site-packages/airflow/example_dags/example_xcom.py
[2022-06-20 11:04:06,132] {logging_mixin.py:115} INFO - [2022-06-20 11:04:06,132] {dag.py:2379} INFO - Sync 1 DAGs
[2022-06-20 11:04:06,153] {logging_mixin.py:115} INFO - [2022-06-20 11:04:06,153] {dag.py:2923} INFO - Setting next_dagrun for example_xcom to 2021-01-01T00:00:00+00:00, run_after=2021-01-01T00:00:00+00:00
[2022-06-20 11:04:06,170] {processor.py:161} INFO - Processing /home/oury/.local/lib/python3.10/site-packages/airflow/example_dags/example_xcom.py took 0.095 seconds
[2022-06-20 11:04:38,657] {processor.py:153} INFO - Started process (PID=15130) to work on /home/oury/.local/lib/python3.10/site-packages/airflow/example_dags/example_xcom.py
[2022-06-20 11:04:38,657] {processor.py:641} INFO - Processing file /home/oury/.local/lib/python3.10/site-packages/airflow/example_dags/example_xcom.py for tasks to queue
[2022-06-20 11:04:38,658] {logging_mixin.py:115} INFO - [2022-06-20 11:04:38,658] {dagbag.py:507} INFO - Filling up the DagBag from /home/oury/.local/lib/python3.10/site-packages/airflow/example_dags/example_xcom.py
[2022-06-20 11:04:38,676] {processor.py:651} INFO - DAG(s) dict_keys(['example_xcom']) retrieved from /home/oury/.local/lib/python3.10/site-packages/airflow/example_dags/example_xcom.py
[2022-06-20 11:04:38,719] {logging_mixin.py:115} INFO - [2022-06-20 11:04:38,719] {dag.py:2379} INFO - Sync 1 DAGs
[2022-06-20 11:04:38,735] {logging_mixin.py:115} INFO - [2022-06-20 11:04:38,734] {dag.py:2923} INFO - Setting next_dagrun for example_xcom to 2021-01-01T00:00:00+00:00, run_after=2021-01-01T00:00:00+00:00
[2022-06-20 11:04:38,747] {processor.py:161} INFO - Processing /home/oury/.local/lib/python3.10/site-packages/airflow/example_dags/example_xcom.py took 0.092 seconds
[2022-06-20 11:05:09,625] {processor.py:153} INFO - Started process (PID=15232) to work on /home/oury/.local/lib/python3.10/site-packages/airflow/example_dags/example_xcom.py
[2022-06-20 11:05:09,626] {processor.py:641} INFO - Processing file /home/oury/.local/lib/python3.10/site-packages/airflow/example_dags/example_xcom.py for tasks to queue
[2022-06-20 11:05:09,626] {logging_mixin.py:115} INFO - [2022-06-20 11:05:09,626] {dagbag.py:507} INFO - Filling up the DagBag from /home/oury/.local/lib/python3.10/site-packages/airflow/example_dags/example_xcom.py
[2022-06-20 11:05:09,643] {processor.py:651} INFO - DAG(s) dict_keys(['example_xcom']) retrieved from /home/oury/.local/lib/python3.10/site-packages/airflow/example_dags/example_xcom.py
[2022-06-20 11:05:09,657] {logging_mixin.py:115} INFO - [2022-06-20 11:05:09,657] {dag.py:2379} INFO - Sync 1 DAGs
[2022-06-20 11:05:09,671] {logging_mixin.py:115} INFO - [2022-06-20 11:05:09,671] {dag.py:2923} INFO - Setting next_dagrun for example_xcom to 2021-01-01T00:00:00+00:00, run_after=2021-01-01T00:00:00+00:00
[2022-06-20 11:05:09,682] {processor.py:161} INFO - Processing /home/oury/.local/lib/python3.10/site-packages/airflow/example_dags/example_xcom.py took 0.060 seconds
[2022-06-20 11:05:43,986] {processor.py:153} INFO - Started process (PID=15279) to work on /home/oury/.local/lib/python3.10/site-packages/airflow/example_dags/example_xcom.py
[2022-06-20 11:05:43,987] {processor.py:641} INFO - Processing file /home/oury/.local/lib/python3.10/site-packages/airflow/example_dags/example_xcom.py for tasks to queue
[2022-06-20 11:05:43,987] {logging_mixin.py:115} INFO - [2022-06-20 11:05:43,987] {dagbag.py:507} INFO - Filling up the DagBag from /home/oury/.local/lib/python3.10/site-packages/airflow/example_dags/example_xcom.py
[2022-06-20 11:05:44,005] {processor.py:651} INFO - DAG(s) dict_keys(['example_xcom']) retrieved from /home/oury/.local/lib/python3.10/site-packages/airflow/example_dags/example_xcom.py
[2022-06-20 11:05:44,048] {logging_mixin.py:115} INFO - [2022-06-20 11:05:44,048] {dag.py:2379} INFO - Sync 1 DAGs
[2022-06-20 11:05:44,061] {logging_mixin.py:115} INFO - [2022-06-20 11:05:44,061] {dag.py:2923} INFO - Setting next_dagrun for example_xcom to 2021-01-01T00:00:00+00:00, run_after=2021-01-01T00:00:00+00:00
[2022-06-20 11:05:44,072] {processor.py:161} INFO - Processing /home/oury/.local/lib/python3.10/site-packages/airflow/example_dags/example_xcom.py took 0.089 seconds
[2022-06-20 11:06:21,844] {processor.py:153} INFO - Started process (PID=15330) to work on /home/oury/.local/lib/python3.10/site-packages/airflow/example_dags/example_xcom.py
[2022-06-20 11:06:21,844] {processor.py:641} INFO - Processing file /home/oury/.local/lib/python3.10/site-packages/airflow/example_dags/example_xcom.py for tasks to queue
[2022-06-20 11:06:21,845] {logging_mixin.py:115} INFO - [2022-06-20 11:06:21,845] {dagbag.py:507} INFO - Filling up the DagBag from /home/oury/.local/lib/python3.10/site-packages/airflow/example_dags/example_xcom.py
[2022-06-20 11:06:21,860] {processor.py:651} INFO - DAG(s) dict_keys(['example_xcom']) retrieved from /home/oury/.local/lib/python3.10/site-packages/airflow/example_dags/example_xcom.py
[2022-06-20 11:06:21,897] {logging_mixin.py:115} INFO - [2022-06-20 11:06:21,897] {dag.py:2379} INFO - Sync 1 DAGs
[2022-06-20 11:06:21,910] {logging_mixin.py:115} INFO - [2022-06-20 11:06:21,910] {dag.py:2923} INFO - Setting next_dagrun for example_xcom to 2021-01-01T00:00:00+00:00, run_after=2021-01-01T00:00:00+00:00
[2022-06-20 11:06:21,922] {processor.py:161} INFO - Processing /home/oury/.local/lib/python3.10/site-packages/airflow/example_dags/example_xcom.py took 0.081 seconds
[2022-06-20 11:06:55,480] {processor.py:153} INFO - Started process (PID=15385) to work on /home/oury/.local/lib/python3.10/site-packages/airflow/example_dags/example_xcom.py
[2022-06-20 11:06:55,481] {processor.py:641} INFO - Processing file /home/oury/.local/lib/python3.10/site-packages/airflow/example_dags/example_xcom.py for tasks to queue
[2022-06-20 11:06:55,481] {logging_mixin.py:115} INFO - [2022-06-20 11:06:55,481] {dagbag.py:507} INFO - Filling up the DagBag from /home/oury/.local/lib/python3.10/site-packages/airflow/example_dags/example_xcom.py
[2022-06-20 11:06:55,497] {processor.py:651} INFO - DAG(s) dict_keys(['example_xcom']) retrieved from /home/oury/.local/lib/python3.10/site-packages/airflow/example_dags/example_xcom.py
[2022-06-20 11:06:55,509] {logging_mixin.py:115} INFO - [2022-06-20 11:06:55,509] {dag.py:2379} INFO - Sync 1 DAGs
[2022-06-20 11:06:55,523] {logging_mixin.py:115} INFO - [2022-06-20 11:06:55,523] {dag.py:2923} INFO - Setting next_dagrun for example_xcom to 2021-01-01T00:00:00+00:00, run_after=2021-01-01T00:00:00+00:00
[2022-06-20 11:06:55,534] {processor.py:161} INFO - Processing /home/oury/.local/lib/python3.10/site-packages/airflow/example_dags/example_xcom.py took 0.056 seconds
[2022-06-20 11:07:27,476] {processor.py:153} INFO - Started process (PID=15427) to work on /home/oury/.local/lib/python3.10/site-packages/airflow/example_dags/example_xcom.py
[2022-06-20 11:07:27,477] {processor.py:641} INFO - Processing file /home/oury/.local/lib/python3.10/site-packages/airflow/example_dags/example_xcom.py for tasks to queue
[2022-06-20 11:07:27,477] {logging_mixin.py:115} INFO - [2022-06-20 11:07:27,477] {dagbag.py:507} INFO - Filling up the DagBag from /home/oury/.local/lib/python3.10/site-packages/airflow/example_dags/example_xcom.py
[2022-06-20 11:07:27,493] {processor.py:651} INFO - DAG(s) dict_keys(['example_xcom']) retrieved from /home/oury/.local/lib/python3.10/site-packages/airflow/example_dags/example_xcom.py
[2022-06-20 11:07:27,531] {logging_mixin.py:115} INFO - [2022-06-20 11:07:27,531] {dag.py:2379} INFO - Sync 1 DAGs
[2022-06-20 11:07:27,545] {logging_mixin.py:115} INFO - [2022-06-20 11:07:27,545] {dag.py:2923} INFO - Setting next_dagrun for example_xcom to 2021-01-01T00:00:00+00:00, run_after=2021-01-01T00:00:00+00:00
[2022-06-20 11:07:27,557] {processor.py:161} INFO - Processing /home/oury/.local/lib/python3.10/site-packages/airflow/example_dags/example_xcom.py took 0.084 seconds
[2022-06-20 11:08:03,148] {processor.py:153} INFO - Started process (PID=15561) to work on /home/oury/.local/lib/python3.10/site-packages/airflow/example_dags/example_xcom.py
[2022-06-20 11:08:03,148] {processor.py:641} INFO - Processing file /home/oury/.local/lib/python3.10/site-packages/airflow/example_dags/example_xcom.py for tasks to queue
[2022-06-20 11:08:03,149] {logging_mixin.py:115} INFO - [2022-06-20 11:08:03,149] {dagbag.py:507} INFO - Filling up the DagBag from /home/oury/.local/lib/python3.10/site-packages/airflow/example_dags/example_xcom.py
[2022-06-20 11:08:03,165] {processor.py:651} INFO - DAG(s) dict_keys(['example_xcom']) retrieved from /home/oury/.local/lib/python3.10/site-packages/airflow/example_dags/example_xcom.py
[2022-06-20 11:08:03,178] {logging_mixin.py:115} INFO - [2022-06-20 11:08:03,178] {dag.py:2379} INFO - Sync 1 DAGs
[2022-06-20 11:08:03,197] {logging_mixin.py:115} INFO - [2022-06-20 11:08:03,197] {dag.py:2923} INFO - Setting next_dagrun for example_xcom to 2021-01-01T00:00:00+00:00, run_after=2021-01-01T00:00:00+00:00
[2022-06-20 11:08:03,216] {processor.py:161} INFO - Processing /home/oury/.local/lib/python3.10/site-packages/airflow/example_dags/example_xcom.py took 0.071 seconds
[2022-06-20 11:08:40,232] {processor.py:153} INFO - Started process (PID=15671) to work on /home/oury/.local/lib/python3.10/site-packages/airflow/example_dags/example_xcom.py
[2022-06-20 11:08:40,232] {processor.py:641} INFO - Processing file /home/oury/.local/lib/python3.10/site-packages/airflow/example_dags/example_xcom.py for tasks to queue
[2022-06-20 11:08:40,233] {logging_mixin.py:115} INFO - [2022-06-20 11:08:40,233] {dagbag.py:507} INFO - Filling up the DagBag from /home/oury/.local/lib/python3.10/site-packages/airflow/example_dags/example_xcom.py
[2022-06-20 11:08:40,254] {processor.py:651} INFO - DAG(s) dict_keys(['example_xcom']) retrieved from /home/oury/.local/lib/python3.10/site-packages/airflow/example_dags/example_xcom.py
[2022-06-20 11:08:40,267] {logging_mixin.py:115} INFO - [2022-06-20 11:08:40,267] {dag.py:2379} INFO - Sync 1 DAGs
[2022-06-20 11:08:40,282] {logging_mixin.py:115} INFO - [2022-06-20 11:08:40,282] {dag.py:2923} INFO - Setting next_dagrun for example_xcom to 2021-01-01T00:00:00+00:00, run_after=2021-01-01T00:00:00+00:00
[2022-06-20 11:08:40,293] {processor.py:161} INFO - Processing /home/oury/.local/lib/python3.10/site-packages/airflow/example_dags/example_xcom.py took 0.065 seconds
[2022-06-20 11:09:15,751] {processor.py:153} INFO - Started process (PID=15754) to work on /home/oury/.local/lib/python3.10/site-packages/airflow/example_dags/example_xcom.py
[2022-06-20 11:09:15,751] {processor.py:641} INFO - Processing file /home/oury/.local/lib/python3.10/site-packages/airflow/example_dags/example_xcom.py for tasks to queue
[2022-06-20 11:09:15,752] {logging_mixin.py:115} INFO - [2022-06-20 11:09:15,752] {dagbag.py:507} INFO - Filling up the DagBag from /home/oury/.local/lib/python3.10/site-packages/airflow/example_dags/example_xcom.py
[2022-06-20 11:09:15,770] {processor.py:651} INFO - DAG(s) dict_keys(['example_xcom']) retrieved from /home/oury/.local/lib/python3.10/site-packages/airflow/example_dags/example_xcom.py
[2022-06-20 11:09:15,785] {logging_mixin.py:115} INFO - [2022-06-20 11:09:15,785] {dag.py:2379} INFO - Sync 1 DAGs
[2022-06-20 11:09:15,805] {logging_mixin.py:115} INFO - [2022-06-20 11:09:15,805] {dag.py:2923} INFO - Setting next_dagrun for example_xcom to 2021-01-01T00:00:00+00:00, run_after=2021-01-01T00:00:00+00:00
[2022-06-20 11:09:15,819] {processor.py:161} INFO - Processing /home/oury/.local/lib/python3.10/site-packages/airflow/example_dags/example_xcom.py took 0.071 seconds
[2022-06-20 11:09:53,763] {processor.py:153} INFO - Started process (PID=15967) to work on /home/oury/.local/lib/python3.10/site-packages/airflow/example_dags/example_xcom.py
[2022-06-20 11:09:53,764] {processor.py:641} INFO - Processing file /home/oury/.local/lib/python3.10/site-packages/airflow/example_dags/example_xcom.py for tasks to queue
[2022-06-20 11:09:53,764] {logging_mixin.py:115} INFO - [2022-06-20 11:09:53,764] {dagbag.py:507} INFO - Filling up the DagBag from /home/oury/.local/lib/python3.10/site-packages/airflow/example_dags/example_xcom.py
[2022-06-20 11:09:53,782] {processor.py:651} INFO - DAG(s) dict_keys(['example_xcom']) retrieved from /home/oury/.local/lib/python3.10/site-packages/airflow/example_dags/example_xcom.py
[2022-06-20 11:09:53,795] {logging_mixin.py:115} INFO - [2022-06-20 11:09:53,795] {dag.py:2379} INFO - Sync 1 DAGs
[2022-06-20 11:09:53,810] {logging_mixin.py:115} INFO - [2022-06-20 11:09:53,810] {dag.py:2923} INFO - Setting next_dagrun for example_xcom to 2021-01-01T00:00:00+00:00, run_after=2021-01-01T00:00:00+00:00
[2022-06-20 11:09:53,821] {processor.py:161} INFO - Processing /home/oury/.local/lib/python3.10/site-packages/airflow/example_dags/example_xcom.py took 0.060 seconds
[2022-06-20 11:10:29,248] {processor.py:153} INFO - Started process (PID=16060) to work on /home/oury/.local/lib/python3.10/site-packages/airflow/example_dags/example_xcom.py
[2022-06-20 11:10:29,249] {processor.py:641} INFO - Processing file /home/oury/.local/lib/python3.10/site-packages/airflow/example_dags/example_xcom.py for tasks to queue
[2022-06-20 11:10:29,249] {logging_mixin.py:115} INFO - [2022-06-20 11:10:29,249] {dagbag.py:507} INFO - Filling up the DagBag from /home/oury/.local/lib/python3.10/site-packages/airflow/example_dags/example_xcom.py
[2022-06-20 11:10:29,265] {processor.py:651} INFO - DAG(s) dict_keys(['example_xcom']) retrieved from /home/oury/.local/lib/python3.10/site-packages/airflow/example_dags/example_xcom.py
[2022-06-20 11:10:29,277] {logging_mixin.py:115} INFO - [2022-06-20 11:10:29,277] {dag.py:2379} INFO - Sync 1 DAGs
[2022-06-20 11:10:29,292] {logging_mixin.py:115} INFO - [2022-06-20 11:10:29,292] {dag.py:2923} INFO - Setting next_dagrun for example_xcom to 2021-01-01T00:00:00+00:00, run_after=2021-01-01T00:00:00+00:00
[2022-06-20 11:10:29,303] {processor.py:161} INFO - Processing /home/oury/.local/lib/python3.10/site-packages/airflow/example_dags/example_xcom.py took 0.057 seconds
[2022-06-20 11:11:04,945] {processor.py:153} INFO - Started process (PID=16270) to work on /home/oury/.local/lib/python3.10/site-packages/airflow/example_dags/example_xcom.py
[2022-06-20 11:11:04,946] {processor.py:641} INFO - Processing file /home/oury/.local/lib/python3.10/site-packages/airflow/example_dags/example_xcom.py for tasks to queue
[2022-06-20 11:11:04,947] {logging_mixin.py:115} INFO - [2022-06-20 11:11:04,947] {dagbag.py:507} INFO - Filling up the DagBag from /home/oury/.local/lib/python3.10/site-packages/airflow/example_dags/example_xcom.py
[2022-06-20 11:11:04,966] {processor.py:651} INFO - DAG(s) dict_keys(['example_xcom']) retrieved from /home/oury/.local/lib/python3.10/site-packages/airflow/example_dags/example_xcom.py
[2022-06-20 11:11:04,987] {logging_mixin.py:115} INFO - [2022-06-20 11:11:04,987] {dag.py:2379} INFO - Sync 1 DAGs
[2022-06-20 11:11:05,008] {logging_mixin.py:115} INFO - [2022-06-20 11:11:05,008] {dag.py:2923} INFO - Setting next_dagrun for example_xcom to 2021-01-01T00:00:00+00:00, run_after=2021-01-01T00:00:00+00:00
[2022-06-20 11:11:05,020] {processor.py:161} INFO - Processing /home/oury/.local/lib/python3.10/site-packages/airflow/example_dags/example_xcom.py took 0.078 seconds
[2022-06-20 11:11:39,436] {processor.py:153} INFO - Started process (PID=16389) to work on /home/oury/.local/lib/python3.10/site-packages/airflow/example_dags/example_xcom.py
[2022-06-20 11:11:39,436] {processor.py:641} INFO - Processing file /home/oury/.local/lib/python3.10/site-packages/airflow/example_dags/example_xcom.py for tasks to queue
[2022-06-20 11:11:39,437] {logging_mixin.py:115} INFO - [2022-06-20 11:11:39,437] {dagbag.py:507} INFO - Filling up the DagBag from /home/oury/.local/lib/python3.10/site-packages/airflow/example_dags/example_xcom.py
[2022-06-20 11:11:39,460] {processor.py:651} INFO - DAG(s) dict_keys(['example_xcom']) retrieved from /home/oury/.local/lib/python3.10/site-packages/airflow/example_dags/example_xcom.py
[2022-06-20 11:11:39,527] {logging_mixin.py:115} INFO - [2022-06-20 11:11:39,527] {dag.py:2379} INFO - Sync 1 DAGs
[2022-06-20 11:11:39,552] {logging_mixin.py:115} INFO - [2022-06-20 11:11:39,552] {dag.py:2923} INFO - Setting next_dagrun for example_xcom to 2021-01-01T00:00:00+00:00, run_after=2021-01-01T00:00:00+00:00
[2022-06-20 11:11:39,571] {processor.py:161} INFO - Processing /home/oury/.local/lib/python3.10/site-packages/airflow/example_dags/example_xcom.py took 0.140 seconds
[2022-06-20 11:12:14,325] {processor.py:153} INFO - Started process (PID=16455) to work on /home/oury/.local/lib/python3.10/site-packages/airflow/example_dags/example_xcom.py
[2022-06-20 11:12:14,325] {processor.py:641} INFO - Processing file /home/oury/.local/lib/python3.10/site-packages/airflow/example_dags/example_xcom.py for tasks to queue
[2022-06-20 11:12:14,326] {logging_mixin.py:115} INFO - [2022-06-20 11:12:14,326] {dagbag.py:507} INFO - Filling up the DagBag from /home/oury/.local/lib/python3.10/site-packages/airflow/example_dags/example_xcom.py
[2022-06-20 11:12:14,341] {processor.py:651} INFO - DAG(s) dict_keys(['example_xcom']) retrieved from /home/oury/.local/lib/python3.10/site-packages/airflow/example_dags/example_xcom.py
[2022-06-20 11:12:14,354] {logging_mixin.py:115} INFO - [2022-06-20 11:12:14,354] {dag.py:2379} INFO - Sync 1 DAGs
[2022-06-20 11:12:14,369] {logging_mixin.py:115} INFO - [2022-06-20 11:12:14,369] {dag.py:2923} INFO - Setting next_dagrun for example_xcom to 2021-01-01T00:00:00+00:00, run_after=2021-01-01T00:00:00+00:00
[2022-06-20 11:12:14,379] {processor.py:161} INFO - Processing /home/oury/.local/lib/python3.10/site-packages/airflow/example_dags/example_xcom.py took 0.057 seconds
[2022-06-20 11:12:49,188] {processor.py:153} INFO - Started process (PID=16503) to work on /home/oury/.local/lib/python3.10/site-packages/airflow/example_dags/example_xcom.py
[2022-06-20 11:12:49,189] {processor.py:641} INFO - Processing file /home/oury/.local/lib/python3.10/site-packages/airflow/example_dags/example_xcom.py for tasks to queue
[2022-06-20 11:12:49,189] {logging_mixin.py:115} INFO - [2022-06-20 11:12:49,189] {dagbag.py:507} INFO - Filling up the DagBag from /home/oury/.local/lib/python3.10/site-packages/airflow/example_dags/example_xcom.py
[2022-06-20 11:12:49,208] {processor.py:651} INFO - DAG(s) dict_keys(['example_xcom']) retrieved from /home/oury/.local/lib/python3.10/site-packages/airflow/example_dags/example_xcom.py
[2022-06-20 11:12:49,250] {logging_mixin.py:115} INFO - [2022-06-20 11:12:49,250] {dag.py:2379} INFO - Sync 1 DAGs
[2022-06-20 11:12:49,263] {logging_mixin.py:115} INFO - [2022-06-20 11:12:49,263] {dag.py:2923} INFO - Setting next_dagrun for example_xcom to 2021-01-01T00:00:00+00:00, run_after=2021-01-01T00:00:00+00:00
[2022-06-20 11:12:49,275] {processor.py:161} INFO - Processing /home/oury/.local/lib/python3.10/site-packages/airflow/example_dags/example_xcom.py took 0.089 seconds
[2022-06-20 11:13:24,395] {processor.py:153} INFO - Started process (PID=16570) to work on /home/oury/.local/lib/python3.10/site-packages/airflow/example_dags/example_xcom.py
[2022-06-20 11:13:24,396] {processor.py:641} INFO - Processing file /home/oury/.local/lib/python3.10/site-packages/airflow/example_dags/example_xcom.py for tasks to queue
[2022-06-20 11:13:24,396] {logging_mixin.py:115} INFO - [2022-06-20 11:13:24,396] {dagbag.py:507} INFO - Filling up the DagBag from /home/oury/.local/lib/python3.10/site-packages/airflow/example_dags/example_xcom.py
[2022-06-20 11:13:24,412] {processor.py:651} INFO - DAG(s) dict_keys(['example_xcom']) retrieved from /home/oury/.local/lib/python3.10/site-packages/airflow/example_dags/example_xcom.py
[2022-06-20 11:13:24,450] {logging_mixin.py:115} INFO - [2022-06-20 11:13:24,450] {dag.py:2379} INFO - Sync 1 DAGs
[2022-06-20 11:13:24,463] {logging_mixin.py:115} INFO - [2022-06-20 11:13:24,463] {dag.py:2923} INFO - Setting next_dagrun for example_xcom to 2021-01-01T00:00:00+00:00, run_after=2021-01-01T00:00:00+00:00
[2022-06-20 11:13:24,475] {processor.py:161} INFO - Processing /home/oury/.local/lib/python3.10/site-packages/airflow/example_dags/example_xcom.py took 0.082 seconds
[2022-06-20 11:13:56,531] {processor.py:153} INFO - Started process (PID=16630) to work on /home/oury/.local/lib/python3.10/site-packages/airflow/example_dags/example_xcom.py
[2022-06-20 11:13:56,532] {processor.py:641} INFO - Processing file /home/oury/.local/lib/python3.10/site-packages/airflow/example_dags/example_xcom.py for tasks to queue
[2022-06-20 11:13:56,532] {logging_mixin.py:115} INFO - [2022-06-20 11:13:56,532] {dagbag.py:507} INFO - Filling up the DagBag from /home/oury/.local/lib/python3.10/site-packages/airflow/example_dags/example_xcom.py
[2022-06-20 11:13:56,550] {processor.py:651} INFO - DAG(s) dict_keys(['example_xcom']) retrieved from /home/oury/.local/lib/python3.10/site-packages/airflow/example_dags/example_xcom.py
[2022-06-20 11:13:56,597] {logging_mixin.py:115} INFO - [2022-06-20 11:13:56,597] {dag.py:2379} INFO - Sync 1 DAGs
[2022-06-20 11:13:56,613] {logging_mixin.py:115} INFO - [2022-06-20 11:13:56,613] {dag.py:2923} INFO - Setting next_dagrun for example_xcom to 2021-01-01T00:00:00+00:00, run_after=2021-01-01T00:00:00+00:00
[2022-06-20 11:13:56,627] {processor.py:161} INFO - Processing /home/oury/.local/lib/python3.10/site-packages/airflow/example_dags/example_xcom.py took 0.099 seconds
[2022-06-20 11:14:30,072] {processor.py:153} INFO - Started process (PID=16681) to work on /home/oury/.local/lib/python3.10/site-packages/airflow/example_dags/example_xcom.py
[2022-06-20 11:14:30,073] {processor.py:641} INFO - Processing file /home/oury/.local/lib/python3.10/site-packages/airflow/example_dags/example_xcom.py for tasks to queue
[2022-06-20 11:14:30,073] {logging_mixin.py:115} INFO - [2022-06-20 11:14:30,073] {dagbag.py:507} INFO - Filling up the DagBag from /home/oury/.local/lib/python3.10/site-packages/airflow/example_dags/example_xcom.py
[2022-06-20 11:14:30,090] {processor.py:651} INFO - DAG(s) dict_keys(['example_xcom']) retrieved from /home/oury/.local/lib/python3.10/site-packages/airflow/example_dags/example_xcom.py
[2022-06-20 11:14:30,132] {logging_mixin.py:115} INFO - [2022-06-20 11:14:30,131] {dag.py:2379} INFO - Sync 1 DAGs
[2022-06-20 11:14:30,146] {logging_mixin.py:115} INFO - [2022-06-20 11:14:30,146] {dag.py:2923} INFO - Setting next_dagrun for example_xcom to 2021-01-01T00:00:00+00:00, run_after=2021-01-01T00:00:00+00:00
[2022-06-20 11:14:30,158] {processor.py:161} INFO - Processing /home/oury/.local/lib/python3.10/site-packages/airflow/example_dags/example_xcom.py took 0.088 seconds
[2022-06-20 11:15:05,260] {processor.py:153} INFO - Started process (PID=16727) to work on /home/oury/.local/lib/python3.10/site-packages/airflow/example_dags/example_xcom.py
[2022-06-20 11:15:05,261] {processor.py:641} INFO - Processing file /home/oury/.local/lib/python3.10/site-packages/airflow/example_dags/example_xcom.py for tasks to queue
[2022-06-20 11:15:05,262] {logging_mixin.py:115} INFO - [2022-06-20 11:15:05,261] {dagbag.py:507} INFO - Filling up the DagBag from /home/oury/.local/lib/python3.10/site-packages/airflow/example_dags/example_xcom.py
[2022-06-20 11:15:05,282] {processor.py:651} INFO - DAG(s) dict_keys(['example_xcom']) retrieved from /home/oury/.local/lib/python3.10/site-packages/airflow/example_dags/example_xcom.py
[2022-06-20 11:15:05,328] {logging_mixin.py:115} INFO - [2022-06-20 11:15:05,328] {dag.py:2379} INFO - Sync 1 DAGs
[2022-06-20 11:15:05,344] {logging_mixin.py:115} INFO - [2022-06-20 11:15:05,344] {dag.py:2923} INFO - Setting next_dagrun for example_xcom to 2021-01-01T00:00:00+00:00, run_after=2021-01-01T00:00:00+00:00
[2022-06-20 11:15:05,358] {processor.py:161} INFO - Processing /home/oury/.local/lib/python3.10/site-packages/airflow/example_dags/example_xcom.py took 0.100 seconds
[2022-06-20 11:15:38,647] {processor.py:153} INFO - Started process (PID=16775) to work on /home/oury/.local/lib/python3.10/site-packages/airflow/example_dags/example_xcom.py
[2022-06-20 11:15:38,648] {processor.py:641} INFO - Processing file /home/oury/.local/lib/python3.10/site-packages/airflow/example_dags/example_xcom.py for tasks to queue
[2022-06-20 11:15:38,648] {logging_mixin.py:115} INFO - [2022-06-20 11:15:38,648] {dagbag.py:507} INFO - Filling up the DagBag from /home/oury/.local/lib/python3.10/site-packages/airflow/example_dags/example_xcom.py
[2022-06-20 11:15:38,666] {processor.py:651} INFO - DAG(s) dict_keys(['example_xcom']) retrieved from /home/oury/.local/lib/python3.10/site-packages/airflow/example_dags/example_xcom.py
[2022-06-20 11:15:38,681] {logging_mixin.py:115} INFO - [2022-06-20 11:15:38,681] {dag.py:2379} INFO - Sync 1 DAGs
[2022-06-20 11:15:38,697] {logging_mixin.py:115} INFO - [2022-06-20 11:15:38,697] {dag.py:2923} INFO - Setting next_dagrun for example_xcom to 2021-01-01T00:00:00+00:00, run_after=2021-01-01T00:00:00+00:00
[2022-06-20 11:15:38,710] {processor.py:161} INFO - Processing /home/oury/.local/lib/python3.10/site-packages/airflow/example_dags/example_xcom.py took 0.065 seconds
[2022-06-20 11:16:13,507] {processor.py:153} INFO - Started process (PID=16832) to work on /home/oury/.local/lib/python3.10/site-packages/airflow/example_dags/example_xcom.py
[2022-06-20 11:16:13,508] {processor.py:641} INFO - Processing file /home/oury/.local/lib/python3.10/site-packages/airflow/example_dags/example_xcom.py for tasks to queue
[2022-06-20 11:16:13,508] {logging_mixin.py:115} INFO - [2022-06-20 11:16:13,508] {dagbag.py:507} INFO - Filling up the DagBag from /home/oury/.local/lib/python3.10/site-packages/airflow/example_dags/example_xcom.py
[2022-06-20 11:16:13,526] {processor.py:651} INFO - DAG(s) dict_keys(['example_xcom']) retrieved from /home/oury/.local/lib/python3.10/site-packages/airflow/example_dags/example_xcom.py
[2022-06-20 11:16:13,541] {logging_mixin.py:115} INFO - [2022-06-20 11:16:13,541] {dag.py:2379} INFO - Sync 1 DAGs
[2022-06-20 11:16:13,556] {logging_mixin.py:115} INFO - [2022-06-20 11:16:13,555] {dag.py:2923} INFO - Setting next_dagrun for example_xcom to 2021-01-01T00:00:00+00:00, run_after=2021-01-01T00:00:00+00:00
[2022-06-20 11:16:13,569] {processor.py:161} INFO - Processing /home/oury/.local/lib/python3.10/site-packages/airflow/example_dags/example_xcom.py took 0.064 seconds
[2022-06-20 11:16:46,654] {processor.py:153} INFO - Started process (PID=16875) to work on /home/oury/.local/lib/python3.10/site-packages/airflow/example_dags/example_xcom.py
[2022-06-20 11:16:46,654] {processor.py:641} INFO - Processing file /home/oury/.local/lib/python3.10/site-packages/airflow/example_dags/example_xcom.py for tasks to queue
[2022-06-20 11:16:46,655] {logging_mixin.py:115} INFO - [2022-06-20 11:16:46,655] {dagbag.py:507} INFO - Filling up the DagBag from /home/oury/.local/lib/python3.10/site-packages/airflow/example_dags/example_xcom.py
[2022-06-20 11:16:46,672] {processor.py:651} INFO - DAG(s) dict_keys(['example_xcom']) retrieved from /home/oury/.local/lib/python3.10/site-packages/airflow/example_dags/example_xcom.py
[2022-06-20 11:16:46,687] {logging_mixin.py:115} INFO - [2022-06-20 11:16:46,687] {dag.py:2379} INFO - Sync 1 DAGs
[2022-06-20 11:16:46,704] {logging_mixin.py:115} INFO - [2022-06-20 11:16:46,704] {dag.py:2923} INFO - Setting next_dagrun for example_xcom to 2021-01-01T00:00:00+00:00, run_after=2021-01-01T00:00:00+00:00
[2022-06-20 11:16:46,716] {processor.py:161} INFO - Processing /home/oury/.local/lib/python3.10/site-packages/airflow/example_dags/example_xcom.py took 0.065 seconds
[2022-06-20 11:17:19,058] {processor.py:153} INFO - Started process (PID=16920) to work on /home/oury/.local/lib/python3.10/site-packages/airflow/example_dags/example_xcom.py
[2022-06-20 11:17:19,058] {processor.py:641} INFO - Processing file /home/oury/.local/lib/python3.10/site-packages/airflow/example_dags/example_xcom.py for tasks to queue
[2022-06-20 11:17:19,059] {logging_mixin.py:115} INFO - [2022-06-20 11:17:19,059] {dagbag.py:507} INFO - Filling up the DagBag from /home/oury/.local/lib/python3.10/site-packages/airflow/example_dags/example_xcom.py
[2022-06-20 11:17:19,077] {processor.py:651} INFO - DAG(s) dict_keys(['example_xcom']) retrieved from /home/oury/.local/lib/python3.10/site-packages/airflow/example_dags/example_xcom.py
[2022-06-20 11:17:19,118] {logging_mixin.py:115} INFO - [2022-06-20 11:17:19,118] {dag.py:2379} INFO - Sync 1 DAGs
[2022-06-20 11:17:19,133] {logging_mixin.py:115} INFO - [2022-06-20 11:17:19,133] {dag.py:2923} INFO - Setting next_dagrun for example_xcom to 2021-01-01T00:00:00+00:00, run_after=2021-01-01T00:00:00+00:00
[2022-06-20 11:17:19,147] {processor.py:161} INFO - Processing /home/oury/.local/lib/python3.10/site-packages/airflow/example_dags/example_xcom.py took 0.091 seconds
[2022-06-20 11:17:52,092] {processor.py:153} INFO - Started process (PID=16962) to work on /home/oury/.local/lib/python3.10/site-packages/airflow/example_dags/example_xcom.py
[2022-06-20 11:17:52,092] {processor.py:641} INFO - Processing file /home/oury/.local/lib/python3.10/site-packages/airflow/example_dags/example_xcom.py for tasks to queue
[2022-06-20 11:17:52,093] {logging_mixin.py:115} INFO - [2022-06-20 11:17:52,093] {dagbag.py:507} INFO - Filling up the DagBag from /home/oury/.local/lib/python3.10/site-packages/airflow/example_dags/example_xcom.py
[2022-06-20 11:17:52,113] {processor.py:651} INFO - DAG(s) dict_keys(['example_xcom']) retrieved from /home/oury/.local/lib/python3.10/site-packages/airflow/example_dags/example_xcom.py
[2022-06-20 11:17:52,128] {logging_mixin.py:115} INFO - [2022-06-20 11:17:52,128] {dag.py:2379} INFO - Sync 1 DAGs
[2022-06-20 11:17:52,145] {logging_mixin.py:115} INFO - [2022-06-20 11:17:52,145] {dag.py:2923} INFO - Setting next_dagrun for example_xcom to 2021-01-01T00:00:00+00:00, run_after=2021-01-01T00:00:00+00:00
[2022-06-20 11:17:52,157] {processor.py:161} INFO - Processing /home/oury/.local/lib/python3.10/site-packages/airflow/example_dags/example_xcom.py took 0.068 seconds
