[2022-06-20 10:57:28,496] {processor.py:153} INFO - Started process (PID=14081) to work on /home/oury/.local/lib/python3.10/site-packages/airflow/example_dags/tutorial_taskflow_api_etl_virtualenv.py
[2022-06-20 10:57:28,496] {processor.py:641} INFO - Processing file /home/oury/.local/lib/python3.10/site-packages/airflow/example_dags/tutorial_taskflow_api_etl_virtualenv.py for tasks to queue
[2022-06-20 10:57:28,497] {logging_mixin.py:115} INFO - [2022-06-20 10:57:28,497] {dagbag.py:507} INFO - Filling up the DagBag from /home/oury/.local/lib/python3.10/site-packages/airflow/example_dags/tutorial_taskflow_api_etl_virtualenv.py
[2022-06-20 10:57:28,511] {processor.py:651} INFO - DAG(s) dict_keys(['tutorial_taskflow_api_etl_virtualenv']) retrieved from /home/oury/.local/lib/python3.10/site-packages/airflow/example_dags/tutorial_taskflow_api_etl_virtualenv.py
[2022-06-20 10:57:28,546] {logging_mixin.py:115} INFO - [2022-06-20 10:57:28,546] {dag.py:2379} INFO - Sync 1 DAGs
[2022-06-20 10:57:28,561] {logging_mixin.py:115} INFO - [2022-06-20 10:57:28,561] {dag.py:2923} INFO - Setting next_dagrun for tutorial_taskflow_api_etl_virtualenv to None, run_after=None
[2022-06-20 10:57:28,574] {processor.py:161} INFO - Processing /home/oury/.local/lib/python3.10/site-packages/airflow/example_dags/tutorial_taskflow_api_etl_virtualenv.py took 0.080 seconds
[2022-06-20 10:58:01,634] {processor.py:153} INFO - Started process (PID=14290) to work on /home/oury/.local/lib/python3.10/site-packages/airflow/example_dags/tutorial_taskflow_api_etl_virtualenv.py
[2022-06-20 10:58:01,635] {processor.py:641} INFO - Processing file /home/oury/.local/lib/python3.10/site-packages/airflow/example_dags/tutorial_taskflow_api_etl_virtualenv.py for tasks to queue
[2022-06-20 10:58:01,636] {logging_mixin.py:115} INFO - [2022-06-20 10:58:01,636] {dagbag.py:507} INFO - Filling up the DagBag from /home/oury/.local/lib/python3.10/site-packages/airflow/example_dags/tutorial_taskflow_api_etl_virtualenv.py
[2022-06-20 10:58:01,654] {processor.py:651} INFO - DAG(s) dict_keys(['tutorial_taskflow_api_etl_virtualenv']) retrieved from /home/oury/.local/lib/python3.10/site-packages/airflow/example_dags/tutorial_taskflow_api_etl_virtualenv.py
[2022-06-20 10:58:01,701] {logging_mixin.py:115} INFO - [2022-06-20 10:58:01,701] {dag.py:2379} INFO - Sync 1 DAGs
[2022-06-20 10:58:01,720] {logging_mixin.py:115} INFO - [2022-06-20 10:58:01,720] {dag.py:2923} INFO - Setting next_dagrun for tutorial_taskflow_api_etl_virtualenv to None, run_after=None
[2022-06-20 10:58:01,735] {processor.py:161} INFO - Processing /home/oury/.local/lib/python3.10/site-packages/airflow/example_dags/tutorial_taskflow_api_etl_virtualenv.py took 0.106 seconds
[2022-06-20 10:58:37,169] {processor.py:153} INFO - Started process (PID=14400) to work on /home/oury/.local/lib/python3.10/site-packages/airflow/example_dags/tutorial_taskflow_api_etl_virtualenv.py
[2022-06-20 10:58:37,170] {processor.py:641} INFO - Processing file /home/oury/.local/lib/python3.10/site-packages/airflow/example_dags/tutorial_taskflow_api_etl_virtualenv.py for tasks to queue
[2022-06-20 10:58:37,171] {logging_mixin.py:115} INFO - [2022-06-20 10:58:37,170] {dagbag.py:507} INFO - Filling up the DagBag from /home/oury/.local/lib/python3.10/site-packages/airflow/example_dags/tutorial_taskflow_api_etl_virtualenv.py
[2022-06-20 10:58:37,190] {processor.py:651} INFO - DAG(s) dict_keys(['tutorial_taskflow_api_etl_virtualenv']) retrieved from /home/oury/.local/lib/python3.10/site-packages/airflow/example_dags/tutorial_taskflow_api_etl_virtualenv.py
[2022-06-20 10:58:37,226] {logging_mixin.py:115} INFO - [2022-06-20 10:58:37,226] {dag.py:2379} INFO - Sync 1 DAGs
[2022-06-20 10:58:37,242] {logging_mixin.py:115} INFO - [2022-06-20 10:58:37,242] {dag.py:2923} INFO - Setting next_dagrun for tutorial_taskflow_api_etl_virtualenv to None, run_after=None
[2022-06-20 10:58:37,253] {processor.py:161} INFO - Processing /home/oury/.local/lib/python3.10/site-packages/airflow/example_dags/tutorial_taskflow_api_etl_virtualenv.py took 0.088 seconds
[2022-06-20 10:59:12,478] {processor.py:153} INFO - Started process (PID=14451) to work on /home/oury/.local/lib/python3.10/site-packages/airflow/example_dags/tutorial_taskflow_api_etl_virtualenv.py
[2022-06-20 10:59:12,478] {processor.py:641} INFO - Processing file /home/oury/.local/lib/python3.10/site-packages/airflow/example_dags/tutorial_taskflow_api_etl_virtualenv.py for tasks to queue
[2022-06-20 10:59:12,479] {logging_mixin.py:115} INFO - [2022-06-20 10:59:12,479] {dagbag.py:507} INFO - Filling up the DagBag from /home/oury/.local/lib/python3.10/site-packages/airflow/example_dags/tutorial_taskflow_api_etl_virtualenv.py
[2022-06-20 10:59:12,493] {processor.py:651} INFO - DAG(s) dict_keys(['tutorial_taskflow_api_etl_virtualenv']) retrieved from /home/oury/.local/lib/python3.10/site-packages/airflow/example_dags/tutorial_taskflow_api_etl_virtualenv.py
[2022-06-20 10:59:12,506] {logging_mixin.py:115} INFO - [2022-06-20 10:59:12,505] {dag.py:2379} INFO - Sync 1 DAGs
[2022-06-20 10:59:12,520] {logging_mixin.py:115} INFO - [2022-06-20 10:59:12,520] {dag.py:2923} INFO - Setting next_dagrun for tutorial_taskflow_api_etl_virtualenv to None, run_after=None
[2022-06-20 10:59:12,532] {processor.py:161} INFO - Processing /home/oury/.local/lib/python3.10/site-packages/airflow/example_dags/tutorial_taskflow_api_etl_virtualenv.py took 0.057 seconds
[2022-06-20 10:59:46,824] {processor.py:153} INFO - Started process (PID=14571) to work on /home/oury/.local/lib/python3.10/site-packages/airflow/example_dags/tutorial_taskflow_api_etl_virtualenv.py
[2022-06-20 10:59:46,825] {processor.py:641} INFO - Processing file /home/oury/.local/lib/python3.10/site-packages/airflow/example_dags/tutorial_taskflow_api_etl_virtualenv.py for tasks to queue
[2022-06-20 10:59:46,825] {logging_mixin.py:115} INFO - [2022-06-20 10:59:46,825] {dagbag.py:507} INFO - Filling up the DagBag from /home/oury/.local/lib/python3.10/site-packages/airflow/example_dags/tutorial_taskflow_api_etl_virtualenv.py
[2022-06-20 10:59:46,840] {processor.py:651} INFO - DAG(s) dict_keys(['tutorial_taskflow_api_etl_virtualenv']) retrieved from /home/oury/.local/lib/python3.10/site-packages/airflow/example_dags/tutorial_taskflow_api_etl_virtualenv.py
[2022-06-20 10:59:46,875] {logging_mixin.py:115} INFO - [2022-06-20 10:59:46,875] {dag.py:2379} INFO - Sync 1 DAGs
[2022-06-20 10:59:46,890] {logging_mixin.py:115} INFO - [2022-06-20 10:59:46,890] {dag.py:2923} INFO - Setting next_dagrun for tutorial_taskflow_api_etl_virtualenv to None, run_after=None
[2022-06-20 10:59:46,902] {processor.py:161} INFO - Processing /home/oury/.local/lib/python3.10/site-packages/airflow/example_dags/tutorial_taskflow_api_etl_virtualenv.py took 0.080 seconds
[2022-06-20 11:00:24,976] {processor.py:153} INFO - Started process (PID=14626) to work on /home/oury/.local/lib/python3.10/site-packages/airflow/example_dags/tutorial_taskflow_api_etl_virtualenv.py
[2022-06-20 11:00:24,977] {processor.py:641} INFO - Processing file /home/oury/.local/lib/python3.10/site-packages/airflow/example_dags/tutorial_taskflow_api_etl_virtualenv.py for tasks to queue
[2022-06-20 11:00:24,977] {logging_mixin.py:115} INFO - [2022-06-20 11:00:24,977] {dagbag.py:507} INFO - Filling up the DagBag from /home/oury/.local/lib/python3.10/site-packages/airflow/example_dags/tutorial_taskflow_api_etl_virtualenv.py
[2022-06-20 11:00:24,992] {processor.py:651} INFO - DAG(s) dict_keys(['tutorial_taskflow_api_etl_virtualenv']) retrieved from /home/oury/.local/lib/python3.10/site-packages/airflow/example_dags/tutorial_taskflow_api_etl_virtualenv.py
[2022-06-20 11:00:25,032] {logging_mixin.py:115} INFO - [2022-06-20 11:00:25,031] {dag.py:2379} INFO - Sync 1 DAGs
[2022-06-20 11:00:25,047] {logging_mixin.py:115} INFO - [2022-06-20 11:00:25,047] {dag.py:2923} INFO - Setting next_dagrun for tutorial_taskflow_api_etl_virtualenv to None, run_after=None
[2022-06-20 11:00:25,058] {processor.py:161} INFO - Processing /home/oury/.local/lib/python3.10/site-packages/airflow/example_dags/tutorial_taskflow_api_etl_virtualenv.py took 0.085 seconds
[2022-06-20 11:00:59,044] {processor.py:153} INFO - Started process (PID=14674) to work on /home/oury/.local/lib/python3.10/site-packages/airflow/example_dags/tutorial_taskflow_api_etl_virtualenv.py
[2022-06-20 11:00:59,045] {processor.py:641} INFO - Processing file /home/oury/.local/lib/python3.10/site-packages/airflow/example_dags/tutorial_taskflow_api_etl_virtualenv.py for tasks to queue
[2022-06-20 11:00:59,046] {logging_mixin.py:115} INFO - [2022-06-20 11:00:59,045] {dagbag.py:507} INFO - Filling up the DagBag from /home/oury/.local/lib/python3.10/site-packages/airflow/example_dags/tutorial_taskflow_api_etl_virtualenv.py
[2022-06-20 11:00:59,061] {processor.py:651} INFO - DAG(s) dict_keys(['tutorial_taskflow_api_etl_virtualenv']) retrieved from /home/oury/.local/lib/python3.10/site-packages/airflow/example_dags/tutorial_taskflow_api_etl_virtualenv.py
[2022-06-20 11:00:59,096] {logging_mixin.py:115} INFO - [2022-06-20 11:00:59,096] {dag.py:2379} INFO - Sync 1 DAGs
[2022-06-20 11:00:59,111] {logging_mixin.py:115} INFO - [2022-06-20 11:00:59,111] {dag.py:2923} INFO - Setting next_dagrun for tutorial_taskflow_api_etl_virtualenv to None, run_after=None
[2022-06-20 11:00:59,122] {processor.py:161} INFO - Processing /home/oury/.local/lib/python3.10/site-packages/airflow/example_dags/tutorial_taskflow_api_etl_virtualenv.py took 0.081 seconds
[2022-06-20 11:01:34,404] {processor.py:153} INFO - Started process (PID=14717) to work on /home/oury/.local/lib/python3.10/site-packages/airflow/example_dags/tutorial_taskflow_api_etl_virtualenv.py
[2022-06-20 11:01:34,405] {processor.py:641} INFO - Processing file /home/oury/.local/lib/python3.10/site-packages/airflow/example_dags/tutorial_taskflow_api_etl_virtualenv.py for tasks to queue
[2022-06-20 11:01:34,405] {logging_mixin.py:115} INFO - [2022-06-20 11:01:34,405] {dagbag.py:507} INFO - Filling up the DagBag from /home/oury/.local/lib/python3.10/site-packages/airflow/example_dags/tutorial_taskflow_api_etl_virtualenv.py
[2022-06-20 11:01:34,420] {processor.py:651} INFO - DAG(s) dict_keys(['tutorial_taskflow_api_etl_virtualenv']) retrieved from /home/oury/.local/lib/python3.10/site-packages/airflow/example_dags/tutorial_taskflow_api_etl_virtualenv.py
[2022-06-20 11:01:34,456] {logging_mixin.py:115} INFO - [2022-06-20 11:01:34,456] {dag.py:2379} INFO - Sync 1 DAGs
[2022-06-20 11:01:34,472] {logging_mixin.py:115} INFO - [2022-06-20 11:01:34,472] {dag.py:2923} INFO - Setting next_dagrun for tutorial_taskflow_api_etl_virtualenv to None, run_after=None
[2022-06-20 11:01:34,506] {processor.py:161} INFO - Processing /home/oury/.local/lib/python3.10/site-packages/airflow/example_dags/tutorial_taskflow_api_etl_virtualenv.py took 0.104 seconds
[2022-06-20 11:02:06,256] {processor.py:153} INFO - Started process (PID=14757) to work on /home/oury/.local/lib/python3.10/site-packages/airflow/example_dags/tutorial_taskflow_api_etl_virtualenv.py
[2022-06-20 11:02:06,257] {processor.py:641} INFO - Processing file /home/oury/.local/lib/python3.10/site-packages/airflow/example_dags/tutorial_taskflow_api_etl_virtualenv.py for tasks to queue
[2022-06-20 11:02:06,257] {logging_mixin.py:115} INFO - [2022-06-20 11:02:06,257] {dagbag.py:507} INFO - Filling up the DagBag from /home/oury/.local/lib/python3.10/site-packages/airflow/example_dags/tutorial_taskflow_api_etl_virtualenv.py
[2022-06-20 11:02:06,272] {processor.py:651} INFO - DAG(s) dict_keys(['tutorial_taskflow_api_etl_virtualenv']) retrieved from /home/oury/.local/lib/python3.10/site-packages/airflow/example_dags/tutorial_taskflow_api_etl_virtualenv.py
[2022-06-20 11:02:06,284] {logging_mixin.py:115} INFO - [2022-06-20 11:02:06,284] {dag.py:2379} INFO - Sync 1 DAGs
[2022-06-20 11:02:06,299] {logging_mixin.py:115} INFO - [2022-06-20 11:02:06,298] {dag.py:2923} INFO - Setting next_dagrun for tutorial_taskflow_api_etl_virtualenv to None, run_after=None
[2022-06-20 11:02:06,309] {processor.py:161} INFO - Processing /home/oury/.local/lib/python3.10/site-packages/airflow/example_dags/tutorial_taskflow_api_etl_virtualenv.py took 0.055 seconds
[2022-06-20 11:02:39,046] {processor.py:153} INFO - Started process (PID=14797) to work on /home/oury/.local/lib/python3.10/site-packages/airflow/example_dags/tutorial_taskflow_api_etl_virtualenv.py
[2022-06-20 11:02:39,046] {processor.py:641} INFO - Processing file /home/oury/.local/lib/python3.10/site-packages/airflow/example_dags/tutorial_taskflow_api_etl_virtualenv.py for tasks to queue
[2022-06-20 11:02:39,047] {logging_mixin.py:115} INFO - [2022-06-20 11:02:39,047] {dagbag.py:507} INFO - Filling up the DagBag from /home/oury/.local/lib/python3.10/site-packages/airflow/example_dags/tutorial_taskflow_api_etl_virtualenv.py
[2022-06-20 11:02:39,063] {processor.py:651} INFO - DAG(s) dict_keys(['tutorial_taskflow_api_etl_virtualenv']) retrieved from /home/oury/.local/lib/python3.10/site-packages/airflow/example_dags/tutorial_taskflow_api_etl_virtualenv.py
[2022-06-20 11:02:39,098] {logging_mixin.py:115} INFO - [2022-06-20 11:02:39,098] {dag.py:2379} INFO - Sync 1 DAGs
[2022-06-20 11:02:39,114] {logging_mixin.py:115} INFO - [2022-06-20 11:02:39,114] {dag.py:2923} INFO - Setting next_dagrun for tutorial_taskflow_api_etl_virtualenv to None, run_after=None
[2022-06-20 11:02:39,128] {processor.py:161} INFO - Processing /home/oury/.local/lib/python3.10/site-packages/airflow/example_dags/tutorial_taskflow_api_etl_virtualenv.py took 0.086 seconds
[2022-06-20 11:03:19,921] {processor.py:153} INFO - Started process (PID=14847) to work on /home/oury/.local/lib/python3.10/site-packages/airflow/example_dags/tutorial_taskflow_api_etl_virtualenv.py
[2022-06-20 11:03:19,921] {processor.py:641} INFO - Processing file /home/oury/.local/lib/python3.10/site-packages/airflow/example_dags/tutorial_taskflow_api_etl_virtualenv.py for tasks to queue
[2022-06-20 11:03:19,922] {logging_mixin.py:115} INFO - [2022-06-20 11:03:19,921] {dagbag.py:507} INFO - Filling up the DagBag from /home/oury/.local/lib/python3.10/site-packages/airflow/example_dags/tutorial_taskflow_api_etl_virtualenv.py
[2022-06-20 11:03:19,936] {processor.py:651} INFO - DAG(s) dict_keys(['tutorial_taskflow_api_etl_virtualenv']) retrieved from /home/oury/.local/lib/python3.10/site-packages/airflow/example_dags/tutorial_taskflow_api_etl_virtualenv.py
[2022-06-20 11:03:19,948] {logging_mixin.py:115} INFO - [2022-06-20 11:03:19,948] {dag.py:2379} INFO - Sync 1 DAGs
[2022-06-20 11:03:19,963] {logging_mixin.py:115} INFO - [2022-06-20 11:03:19,963] {dag.py:2923} INFO - Setting next_dagrun for tutorial_taskflow_api_etl_virtualenv to None, run_after=None
[2022-06-20 11:03:19,974] {processor.py:161} INFO - Processing /home/oury/.local/lib/python3.10/site-packages/airflow/example_dags/tutorial_taskflow_api_etl_virtualenv.py took 0.056 seconds
[2022-06-20 11:03:54,561] {processor.py:153} INFO - Started process (PID=14889) to work on /home/oury/.local/lib/python3.10/site-packages/airflow/example_dags/tutorial_taskflow_api_etl_virtualenv.py
[2022-06-20 11:03:54,561] {processor.py:641} INFO - Processing file /home/oury/.local/lib/python3.10/site-packages/airflow/example_dags/tutorial_taskflow_api_etl_virtualenv.py for tasks to queue
[2022-06-20 11:03:54,562] {logging_mixin.py:115} INFO - [2022-06-20 11:03:54,562] {dagbag.py:507} INFO - Filling up the DagBag from /home/oury/.local/lib/python3.10/site-packages/airflow/example_dags/tutorial_taskflow_api_etl_virtualenv.py
[2022-06-20 11:03:54,576] {processor.py:651} INFO - DAG(s) dict_keys(['tutorial_taskflow_api_etl_virtualenv']) retrieved from /home/oury/.local/lib/python3.10/site-packages/airflow/example_dags/tutorial_taskflow_api_etl_virtualenv.py
[2022-06-20 11:03:54,589] {logging_mixin.py:115} INFO - [2022-06-20 11:03:54,589] {dag.py:2379} INFO - Sync 1 DAGs
[2022-06-20 11:03:54,603] {logging_mixin.py:115} INFO - [2022-06-20 11:03:54,603] {dag.py:2923} INFO - Setting next_dagrun for tutorial_taskflow_api_etl_virtualenv to None, run_after=None
[2022-06-20 11:03:54,615] {processor.py:161} INFO - Processing /home/oury/.local/lib/python3.10/site-packages/airflow/example_dags/tutorial_taskflow_api_etl_virtualenv.py took 0.057 seconds
[2022-06-20 11:04:29,653] {processor.py:153} INFO - Started process (PID=15119) to work on /home/oury/.local/lib/python3.10/site-packages/airflow/example_dags/tutorial_taskflow_api_etl_virtualenv.py
[2022-06-20 11:04:29,654] {processor.py:641} INFO - Processing file /home/oury/.local/lib/python3.10/site-packages/airflow/example_dags/tutorial_taskflow_api_etl_virtualenv.py for tasks to queue
[2022-06-20 11:04:29,655] {logging_mixin.py:115} INFO - [2022-06-20 11:04:29,655] {dagbag.py:507} INFO - Filling up the DagBag from /home/oury/.local/lib/python3.10/site-packages/airflow/example_dags/tutorial_taskflow_api_etl_virtualenv.py
[2022-06-20 11:04:29,672] {processor.py:651} INFO - DAG(s) dict_keys(['tutorial_taskflow_api_etl_virtualenv']) retrieved from /home/oury/.local/lib/python3.10/site-packages/airflow/example_dags/tutorial_taskflow_api_etl_virtualenv.py
[2022-06-20 11:04:29,715] {logging_mixin.py:115} INFO - [2022-06-20 11:04:29,715] {dag.py:2379} INFO - Sync 1 DAGs
[2022-06-20 11:04:29,732] {logging_mixin.py:115} INFO - [2022-06-20 11:04:29,732] {dag.py:2923} INFO - Setting next_dagrun for tutorial_taskflow_api_etl_virtualenv to None, run_after=None
[2022-06-20 11:04:29,744] {processor.py:161} INFO - Processing /home/oury/.local/lib/python3.10/site-packages/airflow/example_dags/tutorial_taskflow_api_etl_virtualenv.py took 0.094 seconds
[2022-06-20 11:05:04,488] {processor.py:153} INFO - Started process (PID=15225) to work on /home/oury/.local/lib/python3.10/site-packages/airflow/example_dags/tutorial_taskflow_api_etl_virtualenv.py
[2022-06-20 11:05:04,489] {processor.py:641} INFO - Processing file /home/oury/.local/lib/python3.10/site-packages/airflow/example_dags/tutorial_taskflow_api_etl_virtualenv.py for tasks to queue
[2022-06-20 11:05:04,489] {logging_mixin.py:115} INFO - [2022-06-20 11:05:04,489] {dagbag.py:507} INFO - Filling up the DagBag from /home/oury/.local/lib/python3.10/site-packages/airflow/example_dags/tutorial_taskflow_api_etl_virtualenv.py
[2022-06-20 11:05:04,504] {processor.py:651} INFO - DAG(s) dict_keys(['tutorial_taskflow_api_etl_virtualenv']) retrieved from /home/oury/.local/lib/python3.10/site-packages/airflow/example_dags/tutorial_taskflow_api_etl_virtualenv.py
[2022-06-20 11:05:04,516] {logging_mixin.py:115} INFO - [2022-06-20 11:05:04,516] {dag.py:2379} INFO - Sync 1 DAGs
[2022-06-20 11:05:04,530] {logging_mixin.py:115} INFO - [2022-06-20 11:05:04,530] {dag.py:2923} INFO - Setting next_dagrun for tutorial_taskflow_api_etl_virtualenv to None, run_after=None
[2022-06-20 11:05:04,541] {processor.py:161} INFO - Processing /home/oury/.local/lib/python3.10/site-packages/airflow/example_dags/tutorial_taskflow_api_etl_virtualenv.py took 0.056 seconds
[2022-06-20 11:05:36,536] {processor.py:153} INFO - Started process (PID=15269) to work on /home/oury/.local/lib/python3.10/site-packages/airflow/example_dags/tutorial_taskflow_api_etl_virtualenv.py
[2022-06-20 11:05:36,537] {processor.py:641} INFO - Processing file /home/oury/.local/lib/python3.10/site-packages/airflow/example_dags/tutorial_taskflow_api_etl_virtualenv.py for tasks to queue
[2022-06-20 11:05:36,537] {logging_mixin.py:115} INFO - [2022-06-20 11:05:36,537] {dagbag.py:507} INFO - Filling up the DagBag from /home/oury/.local/lib/python3.10/site-packages/airflow/example_dags/tutorial_taskflow_api_etl_virtualenv.py
[2022-06-20 11:05:36,552] {processor.py:651} INFO - DAG(s) dict_keys(['tutorial_taskflow_api_etl_virtualenv']) retrieved from /home/oury/.local/lib/python3.10/site-packages/airflow/example_dags/tutorial_taskflow_api_etl_virtualenv.py
[2022-06-20 11:05:36,586] {logging_mixin.py:115} INFO - [2022-06-20 11:05:36,586] {dag.py:2379} INFO - Sync 1 DAGs
[2022-06-20 11:05:36,601] {logging_mixin.py:115} INFO - [2022-06-20 11:05:36,601] {dag.py:2923} INFO - Setting next_dagrun for tutorial_taskflow_api_etl_virtualenv to None, run_after=None
[2022-06-20 11:05:36,614] {processor.py:161} INFO - Processing /home/oury/.local/lib/python3.10/site-packages/airflow/example_dags/tutorial_taskflow_api_etl_virtualenv.py took 0.080 seconds
[2022-06-20 11:06:13,974] {processor.py:153} INFO - Started process (PID=15321) to work on /home/oury/.local/lib/python3.10/site-packages/airflow/example_dags/tutorial_taskflow_api_etl_virtualenv.py
[2022-06-20 11:06:13,975] {processor.py:641} INFO - Processing file /home/oury/.local/lib/python3.10/site-packages/airflow/example_dags/tutorial_taskflow_api_etl_virtualenv.py for tasks to queue
[2022-06-20 11:06:13,976] {logging_mixin.py:115} INFO - [2022-06-20 11:06:13,976] {dagbag.py:507} INFO - Filling up the DagBag from /home/oury/.local/lib/python3.10/site-packages/airflow/example_dags/tutorial_taskflow_api_etl_virtualenv.py
[2022-06-20 11:06:13,994] {processor.py:651} INFO - DAG(s) dict_keys(['tutorial_taskflow_api_etl_virtualenv']) retrieved from /home/oury/.local/lib/python3.10/site-packages/airflow/example_dags/tutorial_taskflow_api_etl_virtualenv.py
[2022-06-20 11:06:14,040] {logging_mixin.py:115} INFO - [2022-06-20 11:06:14,040] {dag.py:2379} INFO - Sync 1 DAGs
[2022-06-20 11:06:14,059] {logging_mixin.py:115} INFO - [2022-06-20 11:06:14,059] {dag.py:2923} INFO - Setting next_dagrun for tutorial_taskflow_api_etl_virtualenv to None, run_after=None
[2022-06-20 11:06:14,072] {processor.py:161} INFO - Processing /home/oury/.local/lib/python3.10/site-packages/airflow/example_dags/tutorial_taskflow_api_etl_virtualenv.py took 0.101 seconds
[2022-06-20 11:06:47,360] {processor.py:153} INFO - Started process (PID=15374) to work on /home/oury/.local/lib/python3.10/site-packages/airflow/example_dags/tutorial_taskflow_api_etl_virtualenv.py
[2022-06-20 11:06:47,361] {processor.py:641} INFO - Processing file /home/oury/.local/lib/python3.10/site-packages/airflow/example_dags/tutorial_taskflow_api_etl_virtualenv.py for tasks to queue
[2022-06-20 11:06:47,361] {logging_mixin.py:115} INFO - [2022-06-20 11:06:47,361] {dagbag.py:507} INFO - Filling up the DagBag from /home/oury/.local/lib/python3.10/site-packages/airflow/example_dags/tutorial_taskflow_api_etl_virtualenv.py
[2022-06-20 11:06:47,376] {processor.py:651} INFO - DAG(s) dict_keys(['tutorial_taskflow_api_etl_virtualenv']) retrieved from /home/oury/.local/lib/python3.10/site-packages/airflow/example_dags/tutorial_taskflow_api_etl_virtualenv.py
[2022-06-20 11:06:47,388] {logging_mixin.py:115} INFO - [2022-06-20 11:06:47,388] {dag.py:2379} INFO - Sync 1 DAGs
[2022-06-20 11:06:47,402] {logging_mixin.py:115} INFO - [2022-06-20 11:06:47,402] {dag.py:2923} INFO - Setting next_dagrun for tutorial_taskflow_api_etl_virtualenv to None, run_after=None
[2022-06-20 11:06:47,413] {processor.py:161} INFO - Processing /home/oury/.local/lib/python3.10/site-packages/airflow/example_dags/tutorial_taskflow_api_etl_virtualenv.py took 0.055 seconds
[2022-06-20 11:07:18,753] {processor.py:153} INFO - Started process (PID=15416) to work on /home/oury/.local/lib/python3.10/site-packages/airflow/example_dags/tutorial_taskflow_api_etl_virtualenv.py
[2022-06-20 11:07:18,754] {processor.py:641} INFO - Processing file /home/oury/.local/lib/python3.10/site-packages/airflow/example_dags/tutorial_taskflow_api_etl_virtualenv.py for tasks to queue
[2022-06-20 11:07:18,754] {logging_mixin.py:115} INFO - [2022-06-20 11:07:18,754] {dagbag.py:507} INFO - Filling up the DagBag from /home/oury/.local/lib/python3.10/site-packages/airflow/example_dags/tutorial_taskflow_api_etl_virtualenv.py
[2022-06-20 11:07:18,769] {processor.py:651} INFO - DAG(s) dict_keys(['tutorial_taskflow_api_etl_virtualenv']) retrieved from /home/oury/.local/lib/python3.10/site-packages/airflow/example_dags/tutorial_taskflow_api_etl_virtualenv.py
[2022-06-20 11:07:18,805] {logging_mixin.py:115} INFO - [2022-06-20 11:07:18,805] {dag.py:2379} INFO - Sync 1 DAGs
[2022-06-20 11:07:18,817] {logging_mixin.py:115} INFO - [2022-06-20 11:07:18,817] {dag.py:2923} INFO - Setting next_dagrun for tutorial_taskflow_api_etl_virtualenv to None, run_after=None
[2022-06-20 11:07:18,828] {processor.py:161} INFO - Processing /home/oury/.local/lib/python3.10/site-packages/airflow/example_dags/tutorial_taskflow_api_etl_virtualenv.py took 0.078 seconds
[2022-06-20 11:07:54,699] {processor.py:153} INFO - Started process (PID=15511) to work on /home/oury/.local/lib/python3.10/site-packages/airflow/example_dags/tutorial_taskflow_api_etl_virtualenv.py
[2022-06-20 11:07:54,699] {processor.py:641} INFO - Processing file /home/oury/.local/lib/python3.10/site-packages/airflow/example_dags/tutorial_taskflow_api_etl_virtualenv.py for tasks to queue
[2022-06-20 11:07:54,700] {logging_mixin.py:115} INFO - [2022-06-20 11:07:54,700] {dagbag.py:507} INFO - Filling up the DagBag from /home/oury/.local/lib/python3.10/site-packages/airflow/example_dags/tutorial_taskflow_api_etl_virtualenv.py
[2022-06-20 11:07:54,721] {processor.py:651} INFO - DAG(s) dict_keys(['tutorial_taskflow_api_etl_virtualenv']) retrieved from /home/oury/.local/lib/python3.10/site-packages/airflow/example_dags/tutorial_taskflow_api_etl_virtualenv.py
[2022-06-20 11:07:54,742] {logging_mixin.py:115} INFO - [2022-06-20 11:07:54,741] {dag.py:2379} INFO - Sync 1 DAGs
[2022-06-20 11:07:54,777] {logging_mixin.py:115} INFO - [2022-06-20 11:07:54,777] {dag.py:2923} INFO - Setting next_dagrun for tutorial_taskflow_api_etl_virtualenv to None, run_after=None
[2022-06-20 11:07:54,802] {processor.py:161} INFO - Processing /home/oury/.local/lib/python3.10/site-packages/airflow/example_dags/tutorial_taskflow_api_etl_virtualenv.py took 0.105 seconds
[2022-06-20 11:08:27,372] {processor.py:153} INFO - Started process (PID=15591) to work on /home/oury/.local/lib/python3.10/site-packages/airflow/example_dags/tutorial_taskflow_api_etl_virtualenv.py
[2022-06-20 11:08:27,373] {processor.py:641} INFO - Processing file /home/oury/.local/lib/python3.10/site-packages/airflow/example_dags/tutorial_taskflow_api_etl_virtualenv.py for tasks to queue
[2022-06-20 11:08:27,373] {logging_mixin.py:115} INFO - [2022-06-20 11:08:27,373] {dagbag.py:507} INFO - Filling up the DagBag from /home/oury/.local/lib/python3.10/site-packages/airflow/example_dags/tutorial_taskflow_api_etl_virtualenv.py
[2022-06-20 11:08:27,389] {processor.py:651} INFO - DAG(s) dict_keys(['tutorial_taskflow_api_etl_virtualenv']) retrieved from /home/oury/.local/lib/python3.10/site-packages/airflow/example_dags/tutorial_taskflow_api_etl_virtualenv.py
[2022-06-20 11:08:27,401] {logging_mixin.py:115} INFO - [2022-06-20 11:08:27,401] {dag.py:2379} INFO - Sync 1 DAGs
[2022-06-20 11:08:27,424] {logging_mixin.py:115} INFO - [2022-06-20 11:08:27,424] {dag.py:2923} INFO - Setting next_dagrun for tutorial_taskflow_api_etl_virtualenv to None, run_after=None
[2022-06-20 11:08:27,437] {processor.py:161} INFO - Processing /home/oury/.local/lib/python3.10/site-packages/airflow/example_dags/tutorial_taskflow_api_etl_virtualenv.py took 0.067 seconds
[2022-06-20 11:09:01,896] {processor.py:153} INFO - Started process (PID=15735) to work on /home/oury/.local/lib/python3.10/site-packages/airflow/example_dags/tutorial_taskflow_api_etl_virtualenv.py
[2022-06-20 11:09:01,896] {processor.py:641} INFO - Processing file /home/oury/.local/lib/python3.10/site-packages/airflow/example_dags/tutorial_taskflow_api_etl_virtualenv.py for tasks to queue
[2022-06-20 11:09:01,897] {logging_mixin.py:115} INFO - [2022-06-20 11:09:01,897] {dagbag.py:507} INFO - Filling up the DagBag from /home/oury/.local/lib/python3.10/site-packages/airflow/example_dags/tutorial_taskflow_api_etl_virtualenv.py
[2022-06-20 11:09:01,912] {processor.py:651} INFO - DAG(s) dict_keys(['tutorial_taskflow_api_etl_virtualenv']) retrieved from /home/oury/.local/lib/python3.10/site-packages/airflow/example_dags/tutorial_taskflow_api_etl_virtualenv.py
[2022-06-20 11:09:01,924] {logging_mixin.py:115} INFO - [2022-06-20 11:09:01,923] {dag.py:2379} INFO - Sync 1 DAGs
[2022-06-20 11:09:01,938] {logging_mixin.py:115} INFO - [2022-06-20 11:09:01,938] {dag.py:2923} INFO - Setting next_dagrun for tutorial_taskflow_api_etl_virtualenv to None, run_after=None
[2022-06-20 11:09:01,949] {processor.py:161} INFO - Processing /home/oury/.local/lib/python3.10/site-packages/airflow/example_dags/tutorial_taskflow_api_etl_virtualenv.py took 0.056 seconds
[2022-06-20 11:09:40,508] {processor.py:153} INFO - Started process (PID=15948) to work on /home/oury/.local/lib/python3.10/site-packages/airflow/example_dags/tutorial_taskflow_api_etl_virtualenv.py
[2022-06-20 11:09:40,509] {processor.py:641} INFO - Processing file /home/oury/.local/lib/python3.10/site-packages/airflow/example_dags/tutorial_taskflow_api_etl_virtualenv.py for tasks to queue
[2022-06-20 11:09:40,510] {logging_mixin.py:115} INFO - [2022-06-20 11:09:40,509] {dagbag.py:507} INFO - Filling up the DagBag from /home/oury/.local/lib/python3.10/site-packages/airflow/example_dags/tutorial_taskflow_api_etl_virtualenv.py
[2022-06-20 11:09:40,552] {processor.py:651} INFO - DAG(s) dict_keys(['tutorial_taskflow_api_etl_virtualenv']) retrieved from /home/oury/.local/lib/python3.10/site-packages/airflow/example_dags/tutorial_taskflow_api_etl_virtualenv.py
[2022-06-20 11:09:40,583] {logging_mixin.py:115} INFO - [2022-06-20 11:09:40,582] {dag.py:2379} INFO - Sync 1 DAGs
[2022-06-20 11:09:40,625] {logging_mixin.py:115} INFO - [2022-06-20 11:09:40,625] {dag.py:2923} INFO - Setting next_dagrun for tutorial_taskflow_api_etl_virtualenv to None, run_after=None
[2022-06-20 11:09:40,661] {processor.py:161} INFO - Processing /home/oury/.local/lib/python3.10/site-packages/airflow/example_dags/tutorial_taskflow_api_etl_virtualenv.py took 0.157 seconds
[2022-06-20 11:10:15,893] {processor.py:153} INFO - Started process (PID=16025) to work on /home/oury/.local/lib/python3.10/site-packages/airflow/example_dags/tutorial_taskflow_api_etl_virtualenv.py
[2022-06-20 11:10:15,894] {processor.py:641} INFO - Processing file /home/oury/.local/lib/python3.10/site-packages/airflow/example_dags/tutorial_taskflow_api_etl_virtualenv.py for tasks to queue
[2022-06-20 11:10:15,895] {logging_mixin.py:115} INFO - [2022-06-20 11:10:15,895] {dagbag.py:507} INFO - Filling up the DagBag from /home/oury/.local/lib/python3.10/site-packages/airflow/example_dags/tutorial_taskflow_api_etl_virtualenv.py
[2022-06-20 11:10:15,964] {processor.py:651} INFO - DAG(s) dict_keys(['tutorial_taskflow_api_etl_virtualenv']) retrieved from /home/oury/.local/lib/python3.10/site-packages/airflow/example_dags/tutorial_taskflow_api_etl_virtualenv.py
[2022-06-20 11:10:15,992] {logging_mixin.py:115} INFO - [2022-06-20 11:10:15,991] {dag.py:2379} INFO - Sync 1 DAGs
[2022-06-20 11:10:16,020] {logging_mixin.py:115} INFO - [2022-06-20 11:10:16,020] {dag.py:2923} INFO - Setting next_dagrun for tutorial_taskflow_api_etl_virtualenv to None, run_after=None
[2022-06-20 11:10:16,033] {processor.py:161} INFO - Processing /home/oury/.local/lib/python3.10/site-packages/airflow/example_dags/tutorial_taskflow_api_etl_virtualenv.py took 0.145 seconds
[2022-06-20 11:10:52,354] {processor.py:153} INFO - Started process (PID=16230) to work on /home/oury/.local/lib/python3.10/site-packages/airflow/example_dags/tutorial_taskflow_api_etl_virtualenv.py
[2022-06-20 11:10:52,355] {processor.py:641} INFO - Processing file /home/oury/.local/lib/python3.10/site-packages/airflow/example_dags/tutorial_taskflow_api_etl_virtualenv.py for tasks to queue
[2022-06-20 11:10:52,357] {logging_mixin.py:115} INFO - [2022-06-20 11:10:52,356] {dagbag.py:507} INFO - Filling up the DagBag from /home/oury/.local/lib/python3.10/site-packages/airflow/example_dags/tutorial_taskflow_api_etl_virtualenv.py
[2022-06-20 11:10:52,394] {processor.py:651} INFO - DAG(s) dict_keys(['tutorial_taskflow_api_etl_virtualenv']) retrieved from /home/oury/.local/lib/python3.10/site-packages/airflow/example_dags/tutorial_taskflow_api_etl_virtualenv.py
[2022-06-20 11:10:52,418] {logging_mixin.py:115} INFO - [2022-06-20 11:10:52,418] {dag.py:2379} INFO - Sync 1 DAGs
[2022-06-20 11:10:52,451] {logging_mixin.py:115} INFO - [2022-06-20 11:10:52,451] {dag.py:2923} INFO - Setting next_dagrun for tutorial_taskflow_api_etl_virtualenv to None, run_after=None
[2022-06-20 11:10:52,478] {processor.py:161} INFO - Processing /home/oury/.local/lib/python3.10/site-packages/airflow/example_dags/tutorial_taskflow_api_etl_virtualenv.py took 0.130 seconds
[2022-06-20 11:11:25,781] {processor.py:153} INFO - Started process (PID=16370) to work on /home/oury/.local/lib/python3.10/site-packages/airflow/example_dags/tutorial_taskflow_api_etl_virtualenv.py
[2022-06-20 11:11:25,782] {processor.py:641} INFO - Processing file /home/oury/.local/lib/python3.10/site-packages/airflow/example_dags/tutorial_taskflow_api_etl_virtualenv.py for tasks to queue
[2022-06-20 11:11:25,783] {logging_mixin.py:115} INFO - [2022-06-20 11:11:25,782] {dagbag.py:507} INFO - Filling up the DagBag from /home/oury/.local/lib/python3.10/site-packages/airflow/example_dags/tutorial_taskflow_api_etl_virtualenv.py
[2022-06-20 11:11:25,798] {processor.py:651} INFO - DAG(s) dict_keys(['tutorial_taskflow_api_etl_virtualenv']) retrieved from /home/oury/.local/lib/python3.10/site-packages/airflow/example_dags/tutorial_taskflow_api_etl_virtualenv.py
[2022-06-20 11:11:25,810] {logging_mixin.py:115} INFO - [2022-06-20 11:11:25,810] {dag.py:2379} INFO - Sync 1 DAGs
[2022-06-20 11:11:25,826] {logging_mixin.py:115} INFO - [2022-06-20 11:11:25,826] {dag.py:2923} INFO - Setting next_dagrun for tutorial_taskflow_api_etl_virtualenv to None, run_after=None
[2022-06-20 11:11:25,840] {processor.py:161} INFO - Processing /home/oury/.local/lib/python3.10/site-packages/airflow/example_dags/tutorial_taskflow_api_etl_virtualenv.py took 0.061 seconds
[2022-06-20 11:11:58,563] {processor.py:153} INFO - Started process (PID=16438) to work on /home/oury/.local/lib/python3.10/site-packages/airflow/example_dags/tutorial_taskflow_api_etl_virtualenv.py
[2022-06-20 11:11:58,564] {processor.py:641} INFO - Processing file /home/oury/.local/lib/python3.10/site-packages/airflow/example_dags/tutorial_taskflow_api_etl_virtualenv.py for tasks to queue
[2022-06-20 11:11:58,564] {logging_mixin.py:115} INFO - [2022-06-20 11:11:58,564] {dagbag.py:507} INFO - Filling up the DagBag from /home/oury/.local/lib/python3.10/site-packages/airflow/example_dags/tutorial_taskflow_api_etl_virtualenv.py
[2022-06-20 11:11:58,582] {processor.py:651} INFO - DAG(s) dict_keys(['tutorial_taskflow_api_etl_virtualenv']) retrieved from /home/oury/.local/lib/python3.10/site-packages/airflow/example_dags/tutorial_taskflow_api_etl_virtualenv.py
[2022-06-20 11:11:58,625] {logging_mixin.py:115} INFO - [2022-06-20 11:11:58,625] {dag.py:2379} INFO - Sync 1 DAGs
[2022-06-20 11:11:58,640] {logging_mixin.py:115} INFO - [2022-06-20 11:11:58,640] {dag.py:2923} INFO - Setting next_dagrun for tutorial_taskflow_api_etl_virtualenv to None, run_after=None
[2022-06-20 11:11:58,653] {processor.py:161} INFO - Processing /home/oury/.local/lib/python3.10/site-packages/airflow/example_dags/tutorial_taskflow_api_etl_virtualenv.py took 0.094 seconds
[2022-06-20 11:12:30,163] {processor.py:153} INFO - Started process (PID=16479) to work on /home/oury/.local/lib/python3.10/site-packages/airflow/example_dags/tutorial_taskflow_api_etl_virtualenv.py
[2022-06-20 11:12:30,163] {processor.py:641} INFO - Processing file /home/oury/.local/lib/python3.10/site-packages/airflow/example_dags/tutorial_taskflow_api_etl_virtualenv.py for tasks to queue
[2022-06-20 11:12:30,164] {logging_mixin.py:115} INFO - [2022-06-20 11:12:30,164] {dagbag.py:507} INFO - Filling up the DagBag from /home/oury/.local/lib/python3.10/site-packages/airflow/example_dags/tutorial_taskflow_api_etl_virtualenv.py
[2022-06-20 11:12:30,179] {processor.py:651} INFO - DAG(s) dict_keys(['tutorial_taskflow_api_etl_virtualenv']) retrieved from /home/oury/.local/lib/python3.10/site-packages/airflow/example_dags/tutorial_taskflow_api_etl_virtualenv.py
[2022-06-20 11:12:30,219] {logging_mixin.py:115} INFO - [2022-06-20 11:12:30,218] {dag.py:2379} INFO - Sync 1 DAGs
[2022-06-20 11:12:30,232] {logging_mixin.py:115} INFO - [2022-06-20 11:12:30,232] {dag.py:2923} INFO - Setting next_dagrun for tutorial_taskflow_api_etl_virtualenv to None, run_after=None
[2022-06-20 11:12:30,244] {processor.py:161} INFO - Processing /home/oury/.local/lib/python3.10/site-packages/airflow/example_dags/tutorial_taskflow_api_etl_virtualenv.py took 0.083 seconds
[2022-06-20 11:13:06,100] {processor.py:153} INFO - Started process (PID=16546) to work on /home/oury/.local/lib/python3.10/site-packages/airflow/example_dags/tutorial_taskflow_api_etl_virtualenv.py
[2022-06-20 11:13:06,100] {processor.py:641} INFO - Processing file /home/oury/.local/lib/python3.10/site-packages/airflow/example_dags/tutorial_taskflow_api_etl_virtualenv.py for tasks to queue
[2022-06-20 11:13:06,101] {logging_mixin.py:115} INFO - [2022-06-20 11:13:06,101] {dagbag.py:507} INFO - Filling up the DagBag from /home/oury/.local/lib/python3.10/site-packages/airflow/example_dags/tutorial_taskflow_api_etl_virtualenv.py
[2022-06-20 11:13:06,116] {processor.py:651} INFO - DAG(s) dict_keys(['tutorial_taskflow_api_etl_virtualenv']) retrieved from /home/oury/.local/lib/python3.10/site-packages/airflow/example_dags/tutorial_taskflow_api_etl_virtualenv.py
[2022-06-20 11:13:06,153] {logging_mixin.py:115} INFO - [2022-06-20 11:13:06,153] {dag.py:2379} INFO - Sync 1 DAGs
[2022-06-20 11:13:06,165] {logging_mixin.py:115} INFO - [2022-06-20 11:13:06,165] {dag.py:2923} INFO - Setting next_dagrun for tutorial_taskflow_api_etl_virtualenv to None, run_after=None
[2022-06-20 11:13:06,177] {processor.py:161} INFO - Processing /home/oury/.local/lib/python3.10/site-packages/airflow/example_dags/tutorial_taskflow_api_etl_virtualenv.py took 0.079 seconds
[2022-06-20 11:13:38,717] {processor.py:153} INFO - Started process (PID=16588) to work on /home/oury/.local/lib/python3.10/site-packages/airflow/example_dags/tutorial_taskflow_api_etl_virtualenv.py
[2022-06-20 11:13:38,717] {processor.py:641} INFO - Processing file /home/oury/.local/lib/python3.10/site-packages/airflow/example_dags/tutorial_taskflow_api_etl_virtualenv.py for tasks to queue
[2022-06-20 11:13:38,718] {logging_mixin.py:115} INFO - [2022-06-20 11:13:38,718] {dagbag.py:507} INFO - Filling up the DagBag from /home/oury/.local/lib/python3.10/site-packages/airflow/example_dags/tutorial_taskflow_api_etl_virtualenv.py
[2022-06-20 11:13:38,734] {processor.py:651} INFO - DAG(s) dict_keys(['tutorial_taskflow_api_etl_virtualenv']) retrieved from /home/oury/.local/lib/python3.10/site-packages/airflow/example_dags/tutorial_taskflow_api_etl_virtualenv.py
[2022-06-20 11:13:38,747] {logging_mixin.py:115} INFO - [2022-06-20 11:13:38,746] {dag.py:2379} INFO - Sync 1 DAGs
[2022-06-20 11:13:38,761] {logging_mixin.py:115} INFO - [2022-06-20 11:13:38,761] {dag.py:2923} INFO - Setting next_dagrun for tutorial_taskflow_api_etl_virtualenv to None, run_after=None
[2022-06-20 11:13:38,772] {processor.py:161} INFO - Processing /home/oury/.local/lib/python3.10/site-packages/airflow/example_dags/tutorial_taskflow_api_etl_virtualenv.py took 0.057 seconds
[2022-06-20 11:14:10,370] {processor.py:153} INFO - Started process (PID=16651) to work on /home/oury/.local/lib/python3.10/site-packages/airflow/example_dags/tutorial_taskflow_api_etl_virtualenv.py
[2022-06-20 11:14:10,371] {processor.py:641} INFO - Processing file /home/oury/.local/lib/python3.10/site-packages/airflow/example_dags/tutorial_taskflow_api_etl_virtualenv.py for tasks to queue
[2022-06-20 11:14:10,371] {logging_mixin.py:115} INFO - [2022-06-20 11:14:10,371] {dagbag.py:507} INFO - Filling up the DagBag from /home/oury/.local/lib/python3.10/site-packages/airflow/example_dags/tutorial_taskflow_api_etl_virtualenv.py
[2022-06-20 11:14:10,388] {processor.py:651} INFO - DAG(s) dict_keys(['tutorial_taskflow_api_etl_virtualenv']) retrieved from /home/oury/.local/lib/python3.10/site-packages/airflow/example_dags/tutorial_taskflow_api_etl_virtualenv.py
[2022-06-20 11:14:10,433] {logging_mixin.py:115} INFO - [2022-06-20 11:14:10,433] {dag.py:2379} INFO - Sync 1 DAGs
[2022-06-20 11:14:10,448] {logging_mixin.py:115} INFO - [2022-06-20 11:14:10,448] {dag.py:2923} INFO - Setting next_dagrun for tutorial_taskflow_api_etl_virtualenv to None, run_after=None
[2022-06-20 11:14:10,461] {processor.py:161} INFO - Processing /home/oury/.local/lib/python3.10/site-packages/airflow/example_dags/tutorial_taskflow_api_etl_virtualenv.py took 0.093 seconds
[2022-06-20 11:14:40,782] {processor.py:153} INFO - Started process (PID=16696) to work on /home/oury/.local/lib/python3.10/site-packages/airflow/example_dags/tutorial_taskflow_api_etl_virtualenv.py
[2022-06-20 11:14:40,782] {processor.py:641} INFO - Processing file /home/oury/.local/lib/python3.10/site-packages/airflow/example_dags/tutorial_taskflow_api_etl_virtualenv.py for tasks to queue
[2022-06-20 11:14:40,783] {logging_mixin.py:115} INFO - [2022-06-20 11:14:40,783] {dagbag.py:507} INFO - Filling up the DagBag from /home/oury/.local/lib/python3.10/site-packages/airflow/example_dags/tutorial_taskflow_api_etl_virtualenv.py
[2022-06-20 11:14:40,802] {processor.py:651} INFO - DAG(s) dict_keys(['tutorial_taskflow_api_etl_virtualenv']) retrieved from /home/oury/.local/lib/python3.10/site-packages/airflow/example_dags/tutorial_taskflow_api_etl_virtualenv.py
[2022-06-20 11:14:40,860] {logging_mixin.py:115} INFO - [2022-06-20 11:14:40,860] {dag.py:2379} INFO - Sync 1 DAGs
[2022-06-20 11:14:40,877] {logging_mixin.py:115} INFO - [2022-06-20 11:14:40,876] {dag.py:2923} INFO - Setting next_dagrun for tutorial_taskflow_api_etl_virtualenv to None, run_after=None
[2022-06-20 11:14:40,888] {processor.py:161} INFO - Processing /home/oury/.local/lib/python3.10/site-packages/airflow/example_dags/tutorial_taskflow_api_etl_virtualenv.py took 0.109 seconds
[2022-06-20 11:15:15,396] {processor.py:153} INFO - Started process (PID=16740) to work on /home/oury/.local/lib/python3.10/site-packages/airflow/example_dags/tutorial_taskflow_api_etl_virtualenv.py
[2022-06-20 11:15:15,396] {processor.py:641} INFO - Processing file /home/oury/.local/lib/python3.10/site-packages/airflow/example_dags/tutorial_taskflow_api_etl_virtualenv.py for tasks to queue
[2022-06-20 11:15:15,397] {logging_mixin.py:115} INFO - [2022-06-20 11:15:15,397] {dagbag.py:507} INFO - Filling up the DagBag from /home/oury/.local/lib/python3.10/site-packages/airflow/example_dags/tutorial_taskflow_api_etl_virtualenv.py
[2022-06-20 11:15:15,413] {processor.py:651} INFO - DAG(s) dict_keys(['tutorial_taskflow_api_etl_virtualenv']) retrieved from /home/oury/.local/lib/python3.10/site-packages/airflow/example_dags/tutorial_taskflow_api_etl_virtualenv.py
[2022-06-20 11:15:15,427] {logging_mixin.py:115} INFO - [2022-06-20 11:15:15,427] {dag.py:2379} INFO - Sync 1 DAGs
[2022-06-20 11:15:15,442] {logging_mixin.py:115} INFO - [2022-06-20 11:15:15,442] {dag.py:2923} INFO - Setting next_dagrun for tutorial_taskflow_api_etl_virtualenv to None, run_after=None
[2022-06-20 11:15:15,453] {processor.py:161} INFO - Processing /home/oury/.local/lib/python3.10/site-packages/airflow/example_dags/tutorial_taskflow_api_etl_virtualenv.py took 0.060 seconds
[2022-06-20 11:15:45,952] {processor.py:153} INFO - Started process (PID=16786) to work on /home/oury/.local/lib/python3.10/site-packages/airflow/example_dags/tutorial_taskflow_api_etl_virtualenv.py
[2022-06-20 11:15:45,952] {processor.py:641} INFO - Processing file /home/oury/.local/lib/python3.10/site-packages/airflow/example_dags/tutorial_taskflow_api_etl_virtualenv.py for tasks to queue
[2022-06-20 11:15:45,953] {logging_mixin.py:115} INFO - [2022-06-20 11:15:45,953] {dagbag.py:507} INFO - Filling up the DagBag from /home/oury/.local/lib/python3.10/site-packages/airflow/example_dags/tutorial_taskflow_api_etl_virtualenv.py
[2022-06-20 11:15:45,970] {processor.py:651} INFO - DAG(s) dict_keys(['tutorial_taskflow_api_etl_virtualenv']) retrieved from /home/oury/.local/lib/python3.10/site-packages/airflow/example_dags/tutorial_taskflow_api_etl_virtualenv.py
[2022-06-20 11:15:45,985] {logging_mixin.py:115} INFO - [2022-06-20 11:15:45,985] {dag.py:2379} INFO - Sync 1 DAGs
[2022-06-20 11:15:46,000] {logging_mixin.py:115} INFO - [2022-06-20 11:15:46,000] {dag.py:2923} INFO - Setting next_dagrun for tutorial_taskflow_api_etl_virtualenv to None, run_after=None
[2022-06-20 11:15:46,015] {processor.py:161} INFO - Processing /home/oury/.local/lib/python3.10/site-packages/airflow/example_dags/tutorial_taskflow_api_etl_virtualenv.py took 0.066 seconds
[2022-06-20 11:16:20,782] {processor.py:153} INFO - Started process (PID=16840) to work on /home/oury/.local/lib/python3.10/site-packages/airflow/example_dags/tutorial_taskflow_api_etl_virtualenv.py
[2022-06-20 11:16:20,783] {processor.py:641} INFO - Processing file /home/oury/.local/lib/python3.10/site-packages/airflow/example_dags/tutorial_taskflow_api_etl_virtualenv.py for tasks to queue
[2022-06-20 11:16:20,784] {logging_mixin.py:115} INFO - [2022-06-20 11:16:20,783] {dagbag.py:507} INFO - Filling up the DagBag from /home/oury/.local/lib/python3.10/site-packages/airflow/example_dags/tutorial_taskflow_api_etl_virtualenv.py
[2022-06-20 11:16:20,800] {processor.py:651} INFO - DAG(s) dict_keys(['tutorial_taskflow_api_etl_virtualenv']) retrieved from /home/oury/.local/lib/python3.10/site-packages/airflow/example_dags/tutorial_taskflow_api_etl_virtualenv.py
[2022-06-20 11:16:20,815] {logging_mixin.py:115} INFO - [2022-06-20 11:16:20,815] {dag.py:2379} INFO - Sync 1 DAGs
[2022-06-20 11:16:20,830] {logging_mixin.py:115} INFO - [2022-06-20 11:16:20,830] {dag.py:2923} INFO - Setting next_dagrun for tutorial_taskflow_api_etl_virtualenv to None, run_after=None
[2022-06-20 11:16:20,845] {processor.py:161} INFO - Processing /home/oury/.local/lib/python3.10/site-packages/airflow/example_dags/tutorial_taskflow_api_etl_virtualenv.py took 0.065 seconds
[2022-06-20 11:16:53,372] {processor.py:153} INFO - Started process (PID=16884) to work on /home/oury/.local/lib/python3.10/site-packages/airflow/example_dags/tutorial_taskflow_api_etl_virtualenv.py
[2022-06-20 11:16:53,372] {processor.py:641} INFO - Processing file /home/oury/.local/lib/python3.10/site-packages/airflow/example_dags/tutorial_taskflow_api_etl_virtualenv.py for tasks to queue
[2022-06-20 11:16:53,373] {logging_mixin.py:115} INFO - [2022-06-20 11:16:53,373] {dagbag.py:507} INFO - Filling up the DagBag from /home/oury/.local/lib/python3.10/site-packages/airflow/example_dags/tutorial_taskflow_api_etl_virtualenv.py
[2022-06-20 11:16:53,390] {processor.py:651} INFO - DAG(s) dict_keys(['tutorial_taskflow_api_etl_virtualenv']) retrieved from /home/oury/.local/lib/python3.10/site-packages/airflow/example_dags/tutorial_taskflow_api_etl_virtualenv.py
[2022-06-20 11:16:53,403] {logging_mixin.py:115} INFO - [2022-06-20 11:16:53,403] {dag.py:2379} INFO - Sync 1 DAGs
[2022-06-20 11:16:53,419] {logging_mixin.py:115} INFO - [2022-06-20 11:16:53,419] {dag.py:2923} INFO - Setting next_dagrun for tutorial_taskflow_api_etl_virtualenv to None, run_after=None
[2022-06-20 11:16:53,432] {processor.py:161} INFO - Processing /home/oury/.local/lib/python3.10/site-packages/airflow/example_dags/tutorial_taskflow_api_etl_virtualenv.py took 0.064 seconds
[2022-06-20 11:17:26,485] {processor.py:153} INFO - Started process (PID=16930) to work on /home/oury/.local/lib/python3.10/site-packages/airflow/example_dags/tutorial_taskflow_api_etl_virtualenv.py
[2022-06-20 11:17:26,485] {processor.py:641} INFO - Processing file /home/oury/.local/lib/python3.10/site-packages/airflow/example_dags/tutorial_taskflow_api_etl_virtualenv.py for tasks to queue
[2022-06-20 11:17:26,486] {logging_mixin.py:115} INFO - [2022-06-20 11:17:26,486] {dagbag.py:507} INFO - Filling up the DagBag from /home/oury/.local/lib/python3.10/site-packages/airflow/example_dags/tutorial_taskflow_api_etl_virtualenv.py
[2022-06-20 11:17:26,503] {processor.py:651} INFO - DAG(s) dict_keys(['tutorial_taskflow_api_etl_virtualenv']) retrieved from /home/oury/.local/lib/python3.10/site-packages/airflow/example_dags/tutorial_taskflow_api_etl_virtualenv.py
[2022-06-20 11:17:26,544] {logging_mixin.py:115} INFO - [2022-06-20 11:17:26,544] {dag.py:2379} INFO - Sync 1 DAGs
[2022-06-20 11:17:26,559] {logging_mixin.py:115} INFO - [2022-06-20 11:17:26,559] {dag.py:2923} INFO - Setting next_dagrun for tutorial_taskflow_api_etl_virtualenv to None, run_after=None
[2022-06-20 11:17:26,573] {processor.py:161} INFO - Processing /home/oury/.local/lib/python3.10/site-packages/airflow/example_dags/tutorial_taskflow_api_etl_virtualenv.py took 0.091 seconds
[2022-06-20 11:18:07,055] {processor.py:153} INFO - Started process (PID=16980) to work on /home/oury/.local/lib/python3.10/site-packages/airflow/example_dags/tutorial_taskflow_api_etl_virtualenv.py
[2022-06-20 11:18:07,056] {processor.py:641} INFO - Processing file /home/oury/.local/lib/python3.10/site-packages/airflow/example_dags/tutorial_taskflow_api_etl_virtualenv.py for tasks to queue
[2022-06-20 11:18:07,056] {logging_mixin.py:115} INFO - [2022-06-20 11:18:07,056] {dagbag.py:507} INFO - Filling up the DagBag from /home/oury/.local/lib/python3.10/site-packages/airflow/example_dags/tutorial_taskflow_api_etl_virtualenv.py
[2022-06-20 11:18:07,072] {processor.py:651} INFO - DAG(s) dict_keys(['tutorial_taskflow_api_etl_virtualenv']) retrieved from /home/oury/.local/lib/python3.10/site-packages/airflow/example_dags/tutorial_taskflow_api_etl_virtualenv.py
[2022-06-20 11:18:07,086] {logging_mixin.py:115} INFO - [2022-06-20 11:18:07,085] {dag.py:2379} INFO - Sync 1 DAGs
[2022-06-20 11:18:07,100] {logging_mixin.py:115} INFO - [2022-06-20 11:18:07,100] {dag.py:2923} INFO - Setting next_dagrun for tutorial_taskflow_api_etl_virtualenv to None, run_after=None
[2022-06-20 11:18:07,114] {processor.py:161} INFO - Processing /home/oury/.local/lib/python3.10/site-packages/airflow/example_dags/tutorial_taskflow_api_etl_virtualenv.py took 0.062 seconds
