[2022-06-22 11:41:22,922] {processor.py:153} INFO - Started process (PID=11708) to work on /home/oury/.local/lib/python3.10/site-packages/airflow/example_dags/subdags/subdag.py
[2022-06-22 11:41:22,922] {processor.py:641} INFO - Processing file /home/oury/.local/lib/python3.10/site-packages/airflow/example_dags/subdags/subdag.py for tasks to queue
[2022-06-22 11:41:22,923] {logging_mixin.py:115} INFO - [2022-06-22 11:41:22,923] {dagbag.py:507} INFO - Filling up the DagBag from /home/oury/.local/lib/python3.10/site-packages/airflow/example_dags/subdags/subdag.py
[2022-06-22 11:41:22,924] {processor.py:653} WARNING - No viable dags retrieved from /home/oury/.local/lib/python3.10/site-packages/airflow/example_dags/subdags/subdag.py
[2022-06-22 11:41:23,457] {processor.py:161} INFO - Processing /home/oury/.local/lib/python3.10/site-packages/airflow/example_dags/subdags/subdag.py took 0.826 seconds
[2022-06-22 11:42:31,836] {processor.py:153} INFO - Started process (PID=11959) to work on /home/oury/.local/lib/python3.10/site-packages/airflow/example_dags/subdags/subdag.py
[2022-06-22 11:42:31,837] {processor.py:641} INFO - Processing file /home/oury/.local/lib/python3.10/site-packages/airflow/example_dags/subdags/subdag.py for tasks to queue
[2022-06-22 11:42:31,837] {logging_mixin.py:115} INFO - [2022-06-22 11:42:31,837] {dagbag.py:507} INFO - Filling up the DagBag from /home/oury/.local/lib/python3.10/site-packages/airflow/example_dags/subdags/subdag.py
[2022-06-22 11:42:31,839] {processor.py:653} WARNING - No viable dags retrieved from /home/oury/.local/lib/python3.10/site-packages/airflow/example_dags/subdags/subdag.py
[2022-06-22 11:42:31,864] {processor.py:161} INFO - Processing /home/oury/.local/lib/python3.10/site-packages/airflow/example_dags/subdags/subdag.py took 0.032 seconds
[2022-06-22 11:43:34,220] {processor.py:153} INFO - Started process (PID=12357) to work on /home/oury/.local/lib/python3.10/site-packages/airflow/example_dags/subdags/subdag.py
[2022-06-22 11:43:34,225] {processor.py:641} INFO - Processing file /home/oury/.local/lib/python3.10/site-packages/airflow/example_dags/subdags/subdag.py for tasks to queue
[2022-06-22 11:43:34,226] {logging_mixin.py:115} INFO - [2022-06-22 11:43:34,226] {dagbag.py:507} INFO - Filling up the DagBag from /home/oury/.local/lib/python3.10/site-packages/airflow/example_dags/subdags/subdag.py
[2022-06-22 11:43:34,233] {processor.py:653} WARNING - No viable dags retrieved from /home/oury/.local/lib/python3.10/site-packages/airflow/example_dags/subdags/subdag.py
[2022-06-22 11:43:34,282] {processor.py:161} INFO - Processing /home/oury/.local/lib/python3.10/site-packages/airflow/example_dags/subdags/subdag.py took 0.096 seconds
[2022-06-22 11:44:20,073] {processor.py:153} INFO - Started process (PID=12418) to work on /home/oury/.local/lib/python3.10/site-packages/airflow/example_dags/subdags/subdag.py
[2022-06-22 11:44:20,081] {processor.py:641} INFO - Processing file /home/oury/.local/lib/python3.10/site-packages/airflow/example_dags/subdags/subdag.py for tasks to queue
[2022-06-22 11:44:20,082] {logging_mixin.py:115} INFO - [2022-06-22 11:44:20,082] {dagbag.py:507} INFO - Filling up the DagBag from /home/oury/.local/lib/python3.10/site-packages/airflow/example_dags/subdags/subdag.py
[2022-06-22 11:44:20,083] {processor.py:653} WARNING - No viable dags retrieved from /home/oury/.local/lib/python3.10/site-packages/airflow/example_dags/subdags/subdag.py
[2022-06-22 11:44:20,093] {processor.py:161} INFO - Processing /home/oury/.local/lib/python3.10/site-packages/airflow/example_dags/subdags/subdag.py took 0.022 seconds
[2022-06-22 11:45:37,947] {processor.py:153} INFO - Started process (PID=12576) to work on /home/oury/.local/lib/python3.10/site-packages/airflow/example_dags/subdags/subdag.py
[2022-06-22 11:45:37,948] {processor.py:641} INFO - Processing file /home/oury/.local/lib/python3.10/site-packages/airflow/example_dags/subdags/subdag.py for tasks to queue
[2022-06-22 11:45:37,949] {logging_mixin.py:115} INFO - [2022-06-22 11:45:37,949] {dagbag.py:507} INFO - Filling up the DagBag from /home/oury/.local/lib/python3.10/site-packages/airflow/example_dags/subdags/subdag.py
[2022-06-22 11:45:37,951] {processor.py:653} WARNING - No viable dags retrieved from /home/oury/.local/lib/python3.10/site-packages/airflow/example_dags/subdags/subdag.py
[2022-06-22 11:45:37,964] {processor.py:161} INFO - Processing /home/oury/.local/lib/python3.10/site-packages/airflow/example_dags/subdags/subdag.py took 0.020 seconds
[2022-06-22 11:46:26,875] {processor.py:153} INFO - Started process (PID=12680) to work on /home/oury/.local/lib/python3.10/site-packages/airflow/example_dags/subdags/subdag.py
[2022-06-22 11:46:26,878] {processor.py:641} INFO - Processing file /home/oury/.local/lib/python3.10/site-packages/airflow/example_dags/subdags/subdag.py for tasks to queue
[2022-06-22 11:46:26,880] {logging_mixin.py:115} INFO - [2022-06-22 11:46:26,880] {dagbag.py:507} INFO - Filling up the DagBag from /home/oury/.local/lib/python3.10/site-packages/airflow/example_dags/subdags/subdag.py
[2022-06-22 11:46:26,882] {processor.py:653} WARNING - No viable dags retrieved from /home/oury/.local/lib/python3.10/site-packages/airflow/example_dags/subdags/subdag.py
[2022-06-22 11:46:26,903] {processor.py:161} INFO - Processing /home/oury/.local/lib/python3.10/site-packages/airflow/example_dags/subdags/subdag.py took 0.033 seconds
[2022-06-22 11:47:17,621] {processor.py:153} INFO - Started process (PID=12755) to work on /home/oury/.local/lib/python3.10/site-packages/airflow/example_dags/subdags/subdag.py
[2022-06-22 11:47:17,622] {processor.py:641} INFO - Processing file /home/oury/.local/lib/python3.10/site-packages/airflow/example_dags/subdags/subdag.py for tasks to queue
[2022-06-22 11:47:17,623] {logging_mixin.py:115} INFO - [2022-06-22 11:47:17,623] {dagbag.py:507} INFO - Filling up the DagBag from /home/oury/.local/lib/python3.10/site-packages/airflow/example_dags/subdags/subdag.py
[2022-06-22 11:47:17,624] {processor.py:653} WARNING - No viable dags retrieved from /home/oury/.local/lib/python3.10/site-packages/airflow/example_dags/subdags/subdag.py
[2022-06-22 11:47:17,634] {processor.py:161} INFO - Processing /home/oury/.local/lib/python3.10/site-packages/airflow/example_dags/subdags/subdag.py took 0.016 seconds
[2022-06-22 11:47:59,842] {processor.py:153} INFO - Started process (PID=12805) to work on /home/oury/.local/lib/python3.10/site-packages/airflow/example_dags/subdags/subdag.py
[2022-06-22 11:47:59,843] {processor.py:641} INFO - Processing file /home/oury/.local/lib/python3.10/site-packages/airflow/example_dags/subdags/subdag.py for tasks to queue
[2022-06-22 11:47:59,844] {logging_mixin.py:115} INFO - [2022-06-22 11:47:59,844] {dagbag.py:507} INFO - Filling up the DagBag from /home/oury/.local/lib/python3.10/site-packages/airflow/example_dags/subdags/subdag.py
[2022-06-22 11:47:59,845] {processor.py:653} WARNING - No viable dags retrieved from /home/oury/.local/lib/python3.10/site-packages/airflow/example_dags/subdags/subdag.py
[2022-06-22 11:47:59,855] {processor.py:161} INFO - Processing /home/oury/.local/lib/python3.10/site-packages/airflow/example_dags/subdags/subdag.py took 0.015 seconds
[2022-06-22 11:48:48,781] {processor.py:153} INFO - Started process (PID=12866) to work on /home/oury/.local/lib/python3.10/site-packages/airflow/example_dags/subdags/subdag.py
[2022-06-22 11:48:48,802] {processor.py:641} INFO - Processing file /home/oury/.local/lib/python3.10/site-packages/airflow/example_dags/subdags/subdag.py for tasks to queue
[2022-06-22 11:48:48,803] {logging_mixin.py:115} INFO - [2022-06-22 11:48:48,803] {dagbag.py:507} INFO - Filling up the DagBag from /home/oury/.local/lib/python3.10/site-packages/airflow/example_dags/subdags/subdag.py
[2022-06-22 11:48:48,806] {processor.py:653} WARNING - No viable dags retrieved from /home/oury/.local/lib/python3.10/site-packages/airflow/example_dags/subdags/subdag.py
[2022-06-22 11:48:48,848] {processor.py:161} INFO - Processing /home/oury/.local/lib/python3.10/site-packages/airflow/example_dags/subdags/subdag.py took 0.082 seconds
[2022-06-22 11:49:28,859] {processor.py:153} INFO - Started process (PID=12929) to work on /home/oury/.local/lib/python3.10/site-packages/airflow/example_dags/subdags/subdag.py
[2022-06-22 11:49:28,860] {processor.py:641} INFO - Processing file /home/oury/.local/lib/python3.10/site-packages/airflow/example_dags/subdags/subdag.py for tasks to queue
[2022-06-22 11:49:28,860] {logging_mixin.py:115} INFO - [2022-06-22 11:49:28,860] {dagbag.py:507} INFO - Filling up the DagBag from /home/oury/.local/lib/python3.10/site-packages/airflow/example_dags/subdags/subdag.py
[2022-06-22 11:49:28,862] {processor.py:653} WARNING - No viable dags retrieved from /home/oury/.local/lib/python3.10/site-packages/airflow/example_dags/subdags/subdag.py
[2022-06-22 11:49:28,876] {processor.py:161} INFO - Processing /home/oury/.local/lib/python3.10/site-packages/airflow/example_dags/subdags/subdag.py took 0.022 seconds
[2022-06-22 11:50:14,090] {processor.py:153} INFO - Started process (PID=13060) to work on /home/oury/.local/lib/python3.10/site-packages/airflow/example_dags/subdags/subdag.py
[2022-06-22 11:50:14,091] {processor.py:641} INFO - Processing file /home/oury/.local/lib/python3.10/site-packages/airflow/example_dags/subdags/subdag.py for tasks to queue
[2022-06-22 11:50:14,093] {logging_mixin.py:115} INFO - [2022-06-22 11:50:14,092] {dagbag.py:507} INFO - Filling up the DagBag from /home/oury/.local/lib/python3.10/site-packages/airflow/example_dags/subdags/subdag.py
[2022-06-22 11:50:14,115] {processor.py:653} WARNING - No viable dags retrieved from /home/oury/.local/lib/python3.10/site-packages/airflow/example_dags/subdags/subdag.py
[2022-06-22 11:50:14,236] {processor.py:161} INFO - Processing /home/oury/.local/lib/python3.10/site-packages/airflow/example_dags/subdags/subdag.py took 0.151 seconds
[2022-06-22 11:52:15,823] {processor.py:153} INFO - Started process (PID=13507) to work on /home/oury/.local/lib/python3.10/site-packages/airflow/example_dags/subdags/subdag.py
[2022-06-22 11:52:15,862] {processor.py:641} INFO - Processing file /home/oury/.local/lib/python3.10/site-packages/airflow/example_dags/subdags/subdag.py for tasks to queue
[2022-06-22 11:52:15,908] {logging_mixin.py:115} INFO - [2022-06-22 11:52:15,908] {dagbag.py:507} INFO - Filling up the DagBag from /home/oury/.local/lib/python3.10/site-packages/airflow/example_dags/subdags/subdag.py
[2022-06-22 11:52:15,909] {processor.py:653} WARNING - No viable dags retrieved from /home/oury/.local/lib/python3.10/site-packages/airflow/example_dags/subdags/subdag.py
[2022-06-22 11:52:15,921] {processor.py:161} INFO - Processing /home/oury/.local/lib/python3.10/site-packages/airflow/example_dags/subdags/subdag.py took 0.101 seconds
[2022-06-22 11:53:09,242] {processor.py:153} INFO - Started process (PID=13568) to work on /home/oury/.local/lib/python3.10/site-packages/airflow/example_dags/subdags/subdag.py
[2022-06-22 11:53:09,243] {processor.py:641} INFO - Processing file /home/oury/.local/lib/python3.10/site-packages/airflow/example_dags/subdags/subdag.py for tasks to queue
[2022-06-22 11:53:09,244] {logging_mixin.py:115} INFO - [2022-06-22 11:53:09,244] {dagbag.py:507} INFO - Filling up the DagBag from /home/oury/.local/lib/python3.10/site-packages/airflow/example_dags/subdags/subdag.py
[2022-06-22 11:53:09,246] {processor.py:653} WARNING - No viable dags retrieved from /home/oury/.local/lib/python3.10/site-packages/airflow/example_dags/subdags/subdag.py
[2022-06-22 11:53:09,261] {processor.py:161} INFO - Processing /home/oury/.local/lib/python3.10/site-packages/airflow/example_dags/subdags/subdag.py took 0.023 seconds
[2022-06-22 11:53:55,255] {processor.py:153} INFO - Started process (PID=13612) to work on /home/oury/.local/lib/python3.10/site-packages/airflow/example_dags/subdags/subdag.py
[2022-06-22 11:53:55,256] {processor.py:641} INFO - Processing file /home/oury/.local/lib/python3.10/site-packages/airflow/example_dags/subdags/subdag.py for tasks to queue
[2022-06-22 11:53:55,256] {logging_mixin.py:115} INFO - [2022-06-22 11:53:55,256] {dagbag.py:507} INFO - Filling up the DagBag from /home/oury/.local/lib/python3.10/site-packages/airflow/example_dags/subdags/subdag.py
[2022-06-22 11:53:55,258] {processor.py:653} WARNING - No viable dags retrieved from /home/oury/.local/lib/python3.10/site-packages/airflow/example_dags/subdags/subdag.py
[2022-06-22 11:53:55,273] {processor.py:161} INFO - Processing /home/oury/.local/lib/python3.10/site-packages/airflow/example_dags/subdags/subdag.py took 0.021 seconds
[2022-06-22 11:54:45,491] {processor.py:153} INFO - Started process (PID=13665) to work on /home/oury/.local/lib/python3.10/site-packages/airflow/example_dags/subdags/subdag.py
[2022-06-22 11:54:45,492] {processor.py:641} INFO - Processing file /home/oury/.local/lib/python3.10/site-packages/airflow/example_dags/subdags/subdag.py for tasks to queue
[2022-06-22 11:54:45,492] {logging_mixin.py:115} INFO - [2022-06-22 11:54:45,492] {dagbag.py:507} INFO - Filling up the DagBag from /home/oury/.local/lib/python3.10/site-packages/airflow/example_dags/subdags/subdag.py
[2022-06-22 11:54:45,494] {processor.py:653} WARNING - No viable dags retrieved from /home/oury/.local/lib/python3.10/site-packages/airflow/example_dags/subdags/subdag.py
[2022-06-22 11:54:45,505] {processor.py:161} INFO - Processing /home/oury/.local/lib/python3.10/site-packages/airflow/example_dags/subdags/subdag.py took 0.016 seconds
[2022-06-22 11:55:27,486] {processor.py:153} INFO - Started process (PID=13830) to work on /home/oury/.local/lib/python3.10/site-packages/airflow/example_dags/subdags/subdag.py
[2022-06-22 11:55:27,487] {processor.py:641} INFO - Processing file /home/oury/.local/lib/python3.10/site-packages/airflow/example_dags/subdags/subdag.py for tasks to queue
[2022-06-22 11:55:27,487] {logging_mixin.py:115} INFO - [2022-06-22 11:55:27,487] {dagbag.py:507} INFO - Filling up the DagBag from /home/oury/.local/lib/python3.10/site-packages/airflow/example_dags/subdags/subdag.py
[2022-06-22 11:55:27,489] {processor.py:653} WARNING - No viable dags retrieved from /home/oury/.local/lib/python3.10/site-packages/airflow/example_dags/subdags/subdag.py
[2022-06-22 11:55:27,499] {processor.py:161} INFO - Processing /home/oury/.local/lib/python3.10/site-packages/airflow/example_dags/subdags/subdag.py took 0.016 seconds
[2022-06-22 11:56:07,062] {processor.py:153} INFO - Started process (PID=13869) to work on /home/oury/.local/lib/python3.10/site-packages/airflow/example_dags/subdags/subdag.py
[2022-06-22 11:56:07,062] {processor.py:641} INFO - Processing file /home/oury/.local/lib/python3.10/site-packages/airflow/example_dags/subdags/subdag.py for tasks to queue
[2022-06-22 11:56:07,063] {logging_mixin.py:115} INFO - [2022-06-22 11:56:07,063] {dagbag.py:507} INFO - Filling up the DagBag from /home/oury/.local/lib/python3.10/site-packages/airflow/example_dags/subdags/subdag.py
[2022-06-22 11:56:07,065] {processor.py:653} WARNING - No viable dags retrieved from /home/oury/.local/lib/python3.10/site-packages/airflow/example_dags/subdags/subdag.py
[2022-06-22 11:56:07,079] {processor.py:161} INFO - Processing /home/oury/.local/lib/python3.10/site-packages/airflow/example_dags/subdags/subdag.py took 0.020 seconds
[2022-06-22 11:56:49,409] {processor.py:153} INFO - Started process (PID=13968) to work on /home/oury/.local/lib/python3.10/site-packages/airflow/example_dags/subdags/subdag.py
[2022-06-22 11:56:49,411] {processor.py:641} INFO - Processing file /home/oury/.local/lib/python3.10/site-packages/airflow/example_dags/subdags/subdag.py for tasks to queue
[2022-06-22 11:56:49,412] {logging_mixin.py:115} INFO - [2022-06-22 11:56:49,412] {dagbag.py:507} INFO - Filling up the DagBag from /home/oury/.local/lib/python3.10/site-packages/airflow/example_dags/subdags/subdag.py
[2022-06-22 11:56:49,420] {processor.py:653} WARNING - No viable dags retrieved from /home/oury/.local/lib/python3.10/site-packages/airflow/example_dags/subdags/subdag.py
[2022-06-22 11:56:49,437] {processor.py:161} INFO - Processing /home/oury/.local/lib/python3.10/site-packages/airflow/example_dags/subdags/subdag.py took 0.031 seconds
[2022-06-22 11:57:42,643] {processor.py:153} INFO - Started process (PID=14013) to work on /home/oury/.local/lib/python3.10/site-packages/airflow/example_dags/subdags/subdag.py
[2022-06-22 11:57:42,645] {processor.py:641} INFO - Processing file /home/oury/.local/lib/python3.10/site-packages/airflow/example_dags/subdags/subdag.py for tasks to queue
[2022-06-22 11:57:42,646] {logging_mixin.py:115} INFO - [2022-06-22 11:57:42,646] {dagbag.py:507} INFO - Filling up the DagBag from /home/oury/.local/lib/python3.10/site-packages/airflow/example_dags/subdags/subdag.py
[2022-06-22 11:57:42,648] {processor.py:653} WARNING - No viable dags retrieved from /home/oury/.local/lib/python3.10/site-packages/airflow/example_dags/subdags/subdag.py
[2022-06-22 11:57:42,666] {processor.py:161} INFO - Processing /home/oury/.local/lib/python3.10/site-packages/airflow/example_dags/subdags/subdag.py took 0.030 seconds
[2022-06-22 11:58:24,936] {processor.py:153} INFO - Started process (PID=14052) to work on /home/oury/.local/lib/python3.10/site-packages/airflow/example_dags/subdags/subdag.py
[2022-06-22 11:58:24,938] {processor.py:641} INFO - Processing file /home/oury/.local/lib/python3.10/site-packages/airflow/example_dags/subdags/subdag.py for tasks to queue
[2022-06-22 11:58:24,940] {logging_mixin.py:115} INFO - [2022-06-22 11:58:24,939] {dagbag.py:507} INFO - Filling up the DagBag from /home/oury/.local/lib/python3.10/site-packages/airflow/example_dags/subdags/subdag.py
[2022-06-22 11:58:24,942] {processor.py:653} WARNING - No viable dags retrieved from /home/oury/.local/lib/python3.10/site-packages/airflow/example_dags/subdags/subdag.py
[2022-06-22 11:58:24,957] {processor.py:161} INFO - Processing /home/oury/.local/lib/python3.10/site-packages/airflow/example_dags/subdags/subdag.py took 0.026 seconds
[2022-06-22 11:59:02,423] {processor.py:153} INFO - Started process (PID=14091) to work on /home/oury/.local/lib/python3.10/site-packages/airflow/example_dags/subdags/subdag.py
[2022-06-22 11:59:02,425] {processor.py:641} INFO - Processing file /home/oury/.local/lib/python3.10/site-packages/airflow/example_dags/subdags/subdag.py for tasks to queue
[2022-06-22 11:59:02,426] {logging_mixin.py:115} INFO - [2022-06-22 11:59:02,426] {dagbag.py:507} INFO - Filling up the DagBag from /home/oury/.local/lib/python3.10/site-packages/airflow/example_dags/subdags/subdag.py
[2022-06-22 11:59:02,428] {processor.py:653} WARNING - No viable dags retrieved from /home/oury/.local/lib/python3.10/site-packages/airflow/example_dags/subdags/subdag.py
[2022-06-22 11:59:02,452] {processor.py:161} INFO - Processing /home/oury/.local/lib/python3.10/site-packages/airflow/example_dags/subdags/subdag.py took 0.038 seconds
[2022-06-22 11:59:43,182] {processor.py:153} INFO - Started process (PID=14127) to work on /home/oury/.local/lib/python3.10/site-packages/airflow/example_dags/subdags/subdag.py
[2022-06-22 11:59:43,183] {processor.py:641} INFO - Processing file /home/oury/.local/lib/python3.10/site-packages/airflow/example_dags/subdags/subdag.py for tasks to queue
[2022-06-22 11:59:43,184] {logging_mixin.py:115} INFO - [2022-06-22 11:59:43,184] {dagbag.py:507} INFO - Filling up the DagBag from /home/oury/.local/lib/python3.10/site-packages/airflow/example_dags/subdags/subdag.py
[2022-06-22 11:59:43,189] {processor.py:653} WARNING - No viable dags retrieved from /home/oury/.local/lib/python3.10/site-packages/airflow/example_dags/subdags/subdag.py
[2022-06-22 11:59:43,212] {processor.py:161} INFO - Processing /home/oury/.local/lib/python3.10/site-packages/airflow/example_dags/subdags/subdag.py took 0.033 seconds
[2022-06-22 12:00:40,020] {processor.py:153} INFO - Started process (PID=14177) to work on /home/oury/.local/lib/python3.10/site-packages/airflow/example_dags/subdags/subdag.py
[2022-06-22 12:00:40,020] {processor.py:641} INFO - Processing file /home/oury/.local/lib/python3.10/site-packages/airflow/example_dags/subdags/subdag.py for tasks to queue
[2022-06-22 12:00:40,021] {logging_mixin.py:115} INFO - [2022-06-22 12:00:40,021] {dagbag.py:507} INFO - Filling up the DagBag from /home/oury/.local/lib/python3.10/site-packages/airflow/example_dags/subdags/subdag.py
[2022-06-22 12:00:40,023] {processor.py:653} WARNING - No viable dags retrieved from /home/oury/.local/lib/python3.10/site-packages/airflow/example_dags/subdags/subdag.py
[2022-06-22 12:00:40,032] {processor.py:161} INFO - Processing /home/oury/.local/lib/python3.10/site-packages/airflow/example_dags/subdags/subdag.py took 0.016 seconds
[2022-06-22 12:01:22,636] {processor.py:153} INFO - Started process (PID=14215) to work on /home/oury/.local/lib/python3.10/site-packages/airflow/example_dags/subdags/subdag.py
[2022-06-22 12:01:22,637] {processor.py:641} INFO - Processing file /home/oury/.local/lib/python3.10/site-packages/airflow/example_dags/subdags/subdag.py for tasks to queue
[2022-06-22 12:01:22,639] {logging_mixin.py:115} INFO - [2022-06-22 12:01:22,639] {dagbag.py:507} INFO - Filling up the DagBag from /home/oury/.local/lib/python3.10/site-packages/airflow/example_dags/subdags/subdag.py
[2022-06-22 12:01:22,640] {processor.py:653} WARNING - No viable dags retrieved from /home/oury/.local/lib/python3.10/site-packages/airflow/example_dags/subdags/subdag.py
[2022-06-22 12:01:22,657] {processor.py:161} INFO - Processing /home/oury/.local/lib/python3.10/site-packages/airflow/example_dags/subdags/subdag.py took 0.025 seconds
[2022-06-22 12:02:02,842] {processor.py:153} INFO - Started process (PID=14252) to work on /home/oury/.local/lib/python3.10/site-packages/airflow/example_dags/subdags/subdag.py
[2022-06-22 12:02:02,843] {processor.py:641} INFO - Processing file /home/oury/.local/lib/python3.10/site-packages/airflow/example_dags/subdags/subdag.py for tasks to queue
[2022-06-22 12:02:02,844] {logging_mixin.py:115} INFO - [2022-06-22 12:02:02,844] {dagbag.py:507} INFO - Filling up the DagBag from /home/oury/.local/lib/python3.10/site-packages/airflow/example_dags/subdags/subdag.py
[2022-06-22 12:02:02,845] {processor.py:653} WARNING - No viable dags retrieved from /home/oury/.local/lib/python3.10/site-packages/airflow/example_dags/subdags/subdag.py
[2022-06-22 12:02:02,861] {processor.py:161} INFO - Processing /home/oury/.local/lib/python3.10/site-packages/airflow/example_dags/subdags/subdag.py took 0.024 seconds
[2022-06-22 12:02:43,059] {processor.py:153} INFO - Started process (PID=14287) to work on /home/oury/.local/lib/python3.10/site-packages/airflow/example_dags/subdags/subdag.py
[2022-06-22 12:02:43,060] {processor.py:641} INFO - Processing file /home/oury/.local/lib/python3.10/site-packages/airflow/example_dags/subdags/subdag.py for tasks to queue
[2022-06-22 12:02:43,061] {logging_mixin.py:115} INFO - [2022-06-22 12:02:43,061] {dagbag.py:507} INFO - Filling up the DagBag from /home/oury/.local/lib/python3.10/site-packages/airflow/example_dags/subdags/subdag.py
[2022-06-22 12:02:43,064] {processor.py:653} WARNING - No viable dags retrieved from /home/oury/.local/lib/python3.10/site-packages/airflow/example_dags/subdags/subdag.py
[2022-06-22 12:02:43,083] {processor.py:161} INFO - Processing /home/oury/.local/lib/python3.10/site-packages/airflow/example_dags/subdags/subdag.py took 0.031 seconds
[2022-06-22 12:03:29,924] {processor.py:153} INFO - Started process (PID=14323) to work on /home/oury/.local/lib/python3.10/site-packages/airflow/example_dags/subdags/subdag.py
[2022-06-22 12:03:29,924] {processor.py:641} INFO - Processing file /home/oury/.local/lib/python3.10/site-packages/airflow/example_dags/subdags/subdag.py for tasks to queue
[2022-06-22 12:03:29,925] {logging_mixin.py:115} INFO - [2022-06-22 12:03:29,925] {dagbag.py:507} INFO - Filling up the DagBag from /home/oury/.local/lib/python3.10/site-packages/airflow/example_dags/subdags/subdag.py
[2022-06-22 12:03:29,926] {processor.py:653} WARNING - No viable dags retrieved from /home/oury/.local/lib/python3.10/site-packages/airflow/example_dags/subdags/subdag.py
[2022-06-22 12:03:29,940] {processor.py:161} INFO - Processing /home/oury/.local/lib/python3.10/site-packages/airflow/example_dags/subdags/subdag.py took 0.019 seconds
[2022-06-22 12:04:11,734] {processor.py:153} INFO - Started process (PID=14361) to work on /home/oury/.local/lib/python3.10/site-packages/airflow/example_dags/subdags/subdag.py
[2022-06-22 12:04:11,735] {processor.py:641} INFO - Processing file /home/oury/.local/lib/python3.10/site-packages/airflow/example_dags/subdags/subdag.py for tasks to queue
[2022-06-22 12:04:11,736] {logging_mixin.py:115} INFO - [2022-06-22 12:04:11,736] {dagbag.py:507} INFO - Filling up the DagBag from /home/oury/.local/lib/python3.10/site-packages/airflow/example_dags/subdags/subdag.py
[2022-06-22 12:04:11,739] {processor.py:653} WARNING - No viable dags retrieved from /home/oury/.local/lib/python3.10/site-packages/airflow/example_dags/subdags/subdag.py
[2022-06-22 12:04:11,764] {processor.py:161} INFO - Processing /home/oury/.local/lib/python3.10/site-packages/airflow/example_dags/subdags/subdag.py took 0.035 seconds
[2022-06-22 12:05:03,334] {processor.py:153} INFO - Started process (PID=14408) to work on /home/oury/.local/lib/python3.10/site-packages/airflow/example_dags/subdags/subdag.py
[2022-06-22 12:05:03,352] {processor.py:641} INFO - Processing file /home/oury/.local/lib/python3.10/site-packages/airflow/example_dags/subdags/subdag.py for tasks to queue
[2022-06-22 12:05:03,355] {logging_mixin.py:115} INFO - [2022-06-22 12:05:03,354] {dagbag.py:507} INFO - Filling up the DagBag from /home/oury/.local/lib/python3.10/site-packages/airflow/example_dags/subdags/subdag.py
[2022-06-22 12:05:03,356] {processor.py:653} WARNING - No viable dags retrieved from /home/oury/.local/lib/python3.10/site-packages/airflow/example_dags/subdags/subdag.py
[2022-06-22 12:05:03,379] {processor.py:161} INFO - Processing /home/oury/.local/lib/python3.10/site-packages/airflow/example_dags/subdags/subdag.py took 0.053 seconds
