[2022-06-20 10:57:37,779] {processor.py:153} INFO - Started process (PID=14114) to work on /home/oury/.local/lib/python3.10/site-packages/airflow/example_dags/subdags/subdag.py
[2022-06-20 10:57:37,784] {processor.py:641} INFO - Processing file /home/oury/.local/lib/python3.10/site-packages/airflow/example_dags/subdags/subdag.py for tasks to queue
[2022-06-20 10:57:37,790] {logging_mixin.py:115} INFO - [2022-06-20 10:57:37,790] {dagbag.py:507} INFO - Filling up the DagBag from /home/oury/.local/lib/python3.10/site-packages/airflow/example_dags/subdags/subdag.py
[2022-06-20 10:57:37,792] {processor.py:653} WARNING - No viable dags retrieved from /home/oury/.local/lib/python3.10/site-packages/airflow/example_dags/subdags/subdag.py
[2022-06-20 10:57:37,809] {processor.py:161} INFO - Processing /home/oury/.local/lib/python3.10/site-packages/airflow/example_dags/subdags/subdag.py took 0.033 seconds
[2022-06-20 10:58:11,954] {processor.py:153} INFO - Started process (PID=14306) to work on /home/oury/.local/lib/python3.10/site-packages/airflow/example_dags/subdags/subdag.py
[2022-06-20 10:58:11,955] {processor.py:641} INFO - Processing file /home/oury/.local/lib/python3.10/site-packages/airflow/example_dags/subdags/subdag.py for tasks to queue
[2022-06-20 10:58:11,955] {logging_mixin.py:115} INFO - [2022-06-20 10:58:11,955] {dagbag.py:507} INFO - Filling up the DagBag from /home/oury/.local/lib/python3.10/site-packages/airflow/example_dags/subdags/subdag.py
[2022-06-20 10:58:11,956] {processor.py:653} WARNING - No viable dags retrieved from /home/oury/.local/lib/python3.10/site-packages/airflow/example_dags/subdags/subdag.py
[2022-06-20 10:58:11,964] {processor.py:161} INFO - Processing /home/oury/.local/lib/python3.10/site-packages/airflow/example_dags/subdags/subdag.py took 0.012 seconds
[2022-06-20 10:58:46,977] {processor.py:153} INFO - Started process (PID=14414) to work on /home/oury/.local/lib/python3.10/site-packages/airflow/example_dags/subdags/subdag.py
[2022-06-20 10:58:46,978] {processor.py:641} INFO - Processing file /home/oury/.local/lib/python3.10/site-packages/airflow/example_dags/subdags/subdag.py for tasks to queue
[2022-06-20 10:58:46,979] {logging_mixin.py:115} INFO - [2022-06-20 10:58:46,979] {dagbag.py:507} INFO - Filling up the DagBag from /home/oury/.local/lib/python3.10/site-packages/airflow/example_dags/subdags/subdag.py
[2022-06-20 10:58:46,983] {processor.py:653} WARNING - No viable dags retrieved from /home/oury/.local/lib/python3.10/site-packages/airflow/example_dags/subdags/subdag.py
[2022-06-20 10:58:46,996] {processor.py:161} INFO - Processing /home/oury/.local/lib/python3.10/site-packages/airflow/example_dags/subdags/subdag.py took 0.023 seconds
[2022-06-20 10:59:22,684] {processor.py:153} INFO - Started process (PID=14463) to work on /home/oury/.local/lib/python3.10/site-packages/airflow/example_dags/subdags/subdag.py
[2022-06-20 10:59:22,685] {processor.py:641} INFO - Processing file /home/oury/.local/lib/python3.10/site-packages/airflow/example_dags/subdags/subdag.py for tasks to queue
[2022-06-20 10:59:22,685] {logging_mixin.py:115} INFO - [2022-06-20 10:59:22,685] {dagbag.py:507} INFO - Filling up the DagBag from /home/oury/.local/lib/python3.10/site-packages/airflow/example_dags/subdags/subdag.py
[2022-06-20 10:59:22,687] {processor.py:653} WARNING - No viable dags retrieved from /home/oury/.local/lib/python3.10/site-packages/airflow/example_dags/subdags/subdag.py
[2022-06-20 10:59:22,695] {processor.py:161} INFO - Processing /home/oury/.local/lib/python3.10/site-packages/airflow/example_dags/subdags/subdag.py took 0.013 seconds
[2022-06-20 10:59:57,173] {processor.py:153} INFO - Started process (PID=14583) to work on /home/oury/.local/lib/python3.10/site-packages/airflow/example_dags/subdags/subdag.py
[2022-06-20 10:59:57,173] {processor.py:641} INFO - Processing file /home/oury/.local/lib/python3.10/site-packages/airflow/example_dags/subdags/subdag.py for tasks to queue
[2022-06-20 10:59:57,174] {logging_mixin.py:115} INFO - [2022-06-20 10:59:57,174] {dagbag.py:507} INFO - Filling up the DagBag from /home/oury/.local/lib/python3.10/site-packages/airflow/example_dags/subdags/subdag.py
[2022-06-20 10:59:57,175] {processor.py:653} WARNING - No viable dags retrieved from /home/oury/.local/lib/python3.10/site-packages/airflow/example_dags/subdags/subdag.py
[2022-06-20 10:59:57,182] {processor.py:161} INFO - Processing /home/oury/.local/lib/python3.10/site-packages/airflow/example_dags/subdags/subdag.py took 0.012 seconds
[2022-06-20 11:00:35,107] {processor.py:153} INFO - Started process (PID=14641) to work on /home/oury/.local/lib/python3.10/site-packages/airflow/example_dags/subdags/subdag.py
[2022-06-20 11:00:35,107] {processor.py:641} INFO - Processing file /home/oury/.local/lib/python3.10/site-packages/airflow/example_dags/subdags/subdag.py for tasks to queue
[2022-06-20 11:00:35,108] {logging_mixin.py:115} INFO - [2022-06-20 11:00:35,108] {dagbag.py:507} INFO - Filling up the DagBag from /home/oury/.local/lib/python3.10/site-packages/airflow/example_dags/subdags/subdag.py
[2022-06-20 11:00:35,109] {processor.py:653} WARNING - No viable dags retrieved from /home/oury/.local/lib/python3.10/site-packages/airflow/example_dags/subdags/subdag.py
[2022-06-20 11:00:35,117] {processor.py:161} INFO - Processing /home/oury/.local/lib/python3.10/site-packages/airflow/example_dags/subdags/subdag.py took 0.013 seconds
[2022-06-20 11:01:08,228] {processor.py:153} INFO - Started process (PID=14686) to work on /home/oury/.local/lib/python3.10/site-packages/airflow/example_dags/subdags/subdag.py
[2022-06-20 11:01:08,228] {processor.py:641} INFO - Processing file /home/oury/.local/lib/python3.10/site-packages/airflow/example_dags/subdags/subdag.py for tasks to queue
[2022-06-20 11:01:08,229] {logging_mixin.py:115} INFO - [2022-06-20 11:01:08,228] {dagbag.py:507} INFO - Filling up the DagBag from /home/oury/.local/lib/python3.10/site-packages/airflow/example_dags/subdags/subdag.py
[2022-06-20 11:01:08,230] {processor.py:653} WARNING - No viable dags retrieved from /home/oury/.local/lib/python3.10/site-packages/airflow/example_dags/subdags/subdag.py
[2022-06-20 11:01:08,238] {processor.py:161} INFO - Processing /home/oury/.local/lib/python3.10/site-packages/airflow/example_dags/subdags/subdag.py took 0.012 seconds
[2022-06-20 11:01:47,188] {processor.py:153} INFO - Started process (PID=14731) to work on /home/oury/.local/lib/python3.10/site-packages/airflow/example_dags/subdags/subdag.py
[2022-06-20 11:01:47,189] {processor.py:641} INFO - Processing file /home/oury/.local/lib/python3.10/site-packages/airflow/example_dags/subdags/subdag.py for tasks to queue
[2022-06-20 11:01:47,189] {logging_mixin.py:115} INFO - [2022-06-20 11:01:47,189] {dagbag.py:507} INFO - Filling up the DagBag from /home/oury/.local/lib/python3.10/site-packages/airflow/example_dags/subdags/subdag.py
[2022-06-20 11:01:47,190] {processor.py:653} WARNING - No viable dags retrieved from /home/oury/.local/lib/python3.10/site-packages/airflow/example_dags/subdags/subdag.py
[2022-06-20 11:01:47,198] {processor.py:161} INFO - Processing /home/oury/.local/lib/python3.10/site-packages/airflow/example_dags/subdags/subdag.py took 0.012 seconds
[2022-06-20 11:02:21,068] {processor.py:153} INFO - Started process (PID=14775) to work on /home/oury/.local/lib/python3.10/site-packages/airflow/example_dags/subdags/subdag.py
[2022-06-20 11:02:21,068] {processor.py:641} INFO - Processing file /home/oury/.local/lib/python3.10/site-packages/airflow/example_dags/subdags/subdag.py for tasks to queue
[2022-06-20 11:02:21,069] {logging_mixin.py:115} INFO - [2022-06-20 11:02:21,068] {dagbag.py:507} INFO - Filling up the DagBag from /home/oury/.local/lib/python3.10/site-packages/airflow/example_dags/subdags/subdag.py
[2022-06-20 11:02:21,070] {processor.py:653} WARNING - No viable dags retrieved from /home/oury/.local/lib/python3.10/site-packages/airflow/example_dags/subdags/subdag.py
[2022-06-20 11:02:21,078] {processor.py:161} INFO - Processing /home/oury/.local/lib/python3.10/site-packages/airflow/example_dags/subdags/subdag.py took 0.013 seconds
[2022-06-20 11:02:56,817] {processor.py:153} INFO - Started process (PID=14820) to work on /home/oury/.local/lib/python3.10/site-packages/airflow/example_dags/subdags/subdag.py
[2022-06-20 11:02:56,817] {processor.py:641} INFO - Processing file /home/oury/.local/lib/python3.10/site-packages/airflow/example_dags/subdags/subdag.py for tasks to queue
[2022-06-20 11:02:56,818] {logging_mixin.py:115} INFO - [2022-06-20 11:02:56,818] {dagbag.py:507} INFO - Filling up the DagBag from /home/oury/.local/lib/python3.10/site-packages/airflow/example_dags/subdags/subdag.py
[2022-06-20 11:02:56,819] {processor.py:653} WARNING - No viable dags retrieved from /home/oury/.local/lib/python3.10/site-packages/airflow/example_dags/subdags/subdag.py
[2022-06-20 11:02:56,827] {processor.py:161} INFO - Processing /home/oury/.local/lib/python3.10/site-packages/airflow/example_dags/subdags/subdag.py took 0.013 seconds
[2022-06-20 11:03:36,800] {processor.py:153} INFO - Started process (PID=14868) to work on /home/oury/.local/lib/python3.10/site-packages/airflow/example_dags/subdags/subdag.py
[2022-06-20 11:03:36,801] {processor.py:641} INFO - Processing file /home/oury/.local/lib/python3.10/site-packages/airflow/example_dags/subdags/subdag.py for tasks to queue
[2022-06-20 11:03:36,801] {logging_mixin.py:115} INFO - [2022-06-20 11:03:36,801] {dagbag.py:507} INFO - Filling up the DagBag from /home/oury/.local/lib/python3.10/site-packages/airflow/example_dags/subdags/subdag.py
[2022-06-20 11:03:36,802] {processor.py:653} WARNING - No viable dags retrieved from /home/oury/.local/lib/python3.10/site-packages/airflow/example_dags/subdags/subdag.py
[2022-06-20 11:03:36,811] {processor.py:161} INFO - Processing /home/oury/.local/lib/python3.10/site-packages/airflow/example_dags/subdags/subdag.py took 0.013 seconds
[2022-06-20 11:04:11,648] {processor.py:153} INFO - Started process (PID=15076) to work on /home/oury/.local/lib/python3.10/site-packages/airflow/example_dags/subdags/subdag.py
[2022-06-20 11:04:11,649] {processor.py:641} INFO - Processing file /home/oury/.local/lib/python3.10/site-packages/airflow/example_dags/subdags/subdag.py for tasks to queue
[2022-06-20 11:04:11,650] {logging_mixin.py:115} INFO - [2022-06-20 11:04:11,650] {dagbag.py:507} INFO - Filling up the DagBag from /home/oury/.local/lib/python3.10/site-packages/airflow/example_dags/subdags/subdag.py
[2022-06-20 11:04:11,652] {processor.py:653} WARNING - No viable dags retrieved from /home/oury/.local/lib/python3.10/site-packages/airflow/example_dags/subdags/subdag.py
[2022-06-20 11:04:11,666] {processor.py:161} INFO - Processing /home/oury/.local/lib/python3.10/site-packages/airflow/example_dags/subdags/subdag.py took 0.022 seconds
[2022-06-20 11:04:47,364] {processor.py:153} INFO - Started process (PID=15143) to work on /home/oury/.local/lib/python3.10/site-packages/airflow/example_dags/subdags/subdag.py
[2022-06-20 11:04:47,365] {processor.py:641} INFO - Processing file /home/oury/.local/lib/python3.10/site-packages/airflow/example_dags/subdags/subdag.py for tasks to queue
[2022-06-20 11:04:47,365] {logging_mixin.py:115} INFO - [2022-06-20 11:04:47,365] {dagbag.py:507} INFO - Filling up the DagBag from /home/oury/.local/lib/python3.10/site-packages/airflow/example_dags/subdags/subdag.py
[2022-06-20 11:04:47,366] {processor.py:653} WARNING - No viable dags retrieved from /home/oury/.local/lib/python3.10/site-packages/airflow/example_dags/subdags/subdag.py
[2022-06-20 11:04:47,375] {processor.py:161} INFO - Processing /home/oury/.local/lib/python3.10/site-packages/airflow/example_dags/subdags/subdag.py took 0.013 seconds
[2022-06-20 11:05:22,249] {processor.py:153} INFO - Started process (PID=15252) to work on /home/oury/.local/lib/python3.10/site-packages/airflow/example_dags/subdags/subdag.py
[2022-06-20 11:05:22,250] {processor.py:641} INFO - Processing file /home/oury/.local/lib/python3.10/site-packages/airflow/example_dags/subdags/subdag.py for tasks to queue
[2022-06-20 11:05:22,250] {logging_mixin.py:115} INFO - [2022-06-20 11:05:22,250] {dagbag.py:507} INFO - Filling up the DagBag from /home/oury/.local/lib/python3.10/site-packages/airflow/example_dags/subdags/subdag.py
[2022-06-20 11:05:22,252] {processor.py:653} WARNING - No viable dags retrieved from /home/oury/.local/lib/python3.10/site-packages/airflow/example_dags/subdags/subdag.py
[2022-06-20 11:05:22,259] {processor.py:161} INFO - Processing /home/oury/.local/lib/python3.10/site-packages/airflow/example_dags/subdags/subdag.py took 0.012 seconds
[2022-06-20 11:05:57,135] {processor.py:153} INFO - Started process (PID=15298) to work on /home/oury/.local/lib/python3.10/site-packages/airflow/example_dags/subdags/subdag.py
[2022-06-20 11:05:57,135] {processor.py:641} INFO - Processing file /home/oury/.local/lib/python3.10/site-packages/airflow/example_dags/subdags/subdag.py for tasks to queue
[2022-06-20 11:05:57,136] {logging_mixin.py:115} INFO - [2022-06-20 11:05:57,136] {dagbag.py:507} INFO - Filling up the DagBag from /home/oury/.local/lib/python3.10/site-packages/airflow/example_dags/subdags/subdag.py
[2022-06-20 11:05:57,137] {processor.py:653} WARNING - No viable dags retrieved from /home/oury/.local/lib/python3.10/site-packages/airflow/example_dags/subdags/subdag.py
[2022-06-20 11:05:57,145] {processor.py:161} INFO - Processing /home/oury/.local/lib/python3.10/site-packages/airflow/example_dags/subdags/subdag.py took 0.013 seconds
[2022-06-20 11:06:34,149] {processor.py:153} INFO - Started process (PID=15355) to work on /home/oury/.local/lib/python3.10/site-packages/airflow/example_dags/subdags/subdag.py
[2022-06-20 11:06:34,149] {processor.py:641} INFO - Processing file /home/oury/.local/lib/python3.10/site-packages/airflow/example_dags/subdags/subdag.py for tasks to queue
[2022-06-20 11:06:34,150] {logging_mixin.py:115} INFO - [2022-06-20 11:06:34,150] {dagbag.py:507} INFO - Filling up the DagBag from /home/oury/.local/lib/python3.10/site-packages/airflow/example_dags/subdags/subdag.py
[2022-06-20 11:06:34,151] {processor.py:653} WARNING - No viable dags retrieved from /home/oury/.local/lib/python3.10/site-packages/airflow/example_dags/subdags/subdag.py
[2022-06-20 11:06:34,159] {processor.py:161} INFO - Processing /home/oury/.local/lib/python3.10/site-packages/airflow/example_dags/subdags/subdag.py took 0.013 seconds
[2022-06-20 11:07:07,989] {processor.py:153} INFO - Started process (PID=15402) to work on /home/oury/.local/lib/python3.10/site-packages/airflow/example_dags/subdags/subdag.py
[2022-06-20 11:07:07,989] {processor.py:641} INFO - Processing file /home/oury/.local/lib/python3.10/site-packages/airflow/example_dags/subdags/subdag.py for tasks to queue
[2022-06-20 11:07:07,990] {logging_mixin.py:115} INFO - [2022-06-20 11:07:07,990] {dagbag.py:507} INFO - Filling up the DagBag from /home/oury/.local/lib/python3.10/site-packages/airflow/example_dags/subdags/subdag.py
[2022-06-20 11:07:07,991] {processor.py:653} WARNING - No viable dags retrieved from /home/oury/.local/lib/python3.10/site-packages/airflow/example_dags/subdags/subdag.py
[2022-06-20 11:07:07,999] {processor.py:161} INFO - Processing /home/oury/.local/lib/python3.10/site-packages/airflow/example_dags/subdags/subdag.py took 0.013 seconds
[2022-06-20 11:07:41,693] {processor.py:153} INFO - Started process (PID=15443) to work on /home/oury/.local/lib/python3.10/site-packages/airflow/example_dags/subdags/subdag.py
[2022-06-20 11:07:41,694] {processor.py:641} INFO - Processing file /home/oury/.local/lib/python3.10/site-packages/airflow/example_dags/subdags/subdag.py for tasks to queue
[2022-06-20 11:07:41,694] {logging_mixin.py:115} INFO - [2022-06-20 11:07:41,694] {dagbag.py:507} INFO - Filling up the DagBag from /home/oury/.local/lib/python3.10/site-packages/airflow/example_dags/subdags/subdag.py
[2022-06-20 11:07:41,696] {processor.py:653} WARNING - No viable dags retrieved from /home/oury/.local/lib/python3.10/site-packages/airflow/example_dags/subdags/subdag.py
[2022-06-20 11:07:41,706] {processor.py:161} INFO - Processing /home/oury/.local/lib/python3.10/site-packages/airflow/example_dags/subdags/subdag.py took 0.017 seconds
[2022-06-20 11:08:17,712] {processor.py:153} INFO - Started process (PID=15580) to work on /home/oury/.local/lib/python3.10/site-packages/airflow/example_dags/subdags/subdag.py
[2022-06-20 11:08:17,713] {processor.py:641} INFO - Processing file /home/oury/.local/lib/python3.10/site-packages/airflow/example_dags/subdags/subdag.py for tasks to queue
[2022-06-20 11:08:17,713] {logging_mixin.py:115} INFO - [2022-06-20 11:08:17,713] {dagbag.py:507} INFO - Filling up the DagBag from /home/oury/.local/lib/python3.10/site-packages/airflow/example_dags/subdags/subdag.py
[2022-06-20 11:08:17,715] {processor.py:653} WARNING - No viable dags retrieved from /home/oury/.local/lib/python3.10/site-packages/airflow/example_dags/subdags/subdag.py
[2022-06-20 11:08:17,723] {processor.py:161} INFO - Processing /home/oury/.local/lib/python3.10/site-packages/airflow/example_dags/subdags/subdag.py took 0.013 seconds
[2022-06-20 11:08:52,736] {processor.py:153} INFO - Started process (PID=15718) to work on /home/oury/.local/lib/python3.10/site-packages/airflow/example_dags/subdags/subdag.py
[2022-06-20 11:08:52,737] {processor.py:641} INFO - Processing file /home/oury/.local/lib/python3.10/site-packages/airflow/example_dags/subdags/subdag.py for tasks to queue
[2022-06-20 11:08:52,737] {logging_mixin.py:115} INFO - [2022-06-20 11:08:52,737] {dagbag.py:507} INFO - Filling up the DagBag from /home/oury/.local/lib/python3.10/site-packages/airflow/example_dags/subdags/subdag.py
[2022-06-20 11:08:52,738] {processor.py:653} WARNING - No viable dags retrieved from /home/oury/.local/lib/python3.10/site-packages/airflow/example_dags/subdags/subdag.py
[2022-06-20 11:08:52,747] {processor.py:161} INFO - Processing /home/oury/.local/lib/python3.10/site-packages/airflow/example_dags/subdags/subdag.py took 0.014 seconds
[2022-06-20 11:09:31,468] {processor.py:153} INFO - Started process (PID=15929) to work on /home/oury/.local/lib/python3.10/site-packages/airflow/example_dags/subdags/subdag.py
[2022-06-20 11:09:31,468] {processor.py:641} INFO - Processing file /home/oury/.local/lib/python3.10/site-packages/airflow/example_dags/subdags/subdag.py for tasks to queue
[2022-06-20 11:09:31,469] {logging_mixin.py:115} INFO - [2022-06-20 11:09:31,469] {dagbag.py:507} INFO - Filling up the DagBag from /home/oury/.local/lib/python3.10/site-packages/airflow/example_dags/subdags/subdag.py
[2022-06-20 11:09:31,470] {processor.py:653} WARNING - No viable dags retrieved from /home/oury/.local/lib/python3.10/site-packages/airflow/example_dags/subdags/subdag.py
[2022-06-20 11:09:31,478] {processor.py:161} INFO - Processing /home/oury/.local/lib/python3.10/site-packages/airflow/example_dags/subdags/subdag.py took 0.013 seconds
[2022-06-20 11:10:05,185] {processor.py:153} INFO - Started process (PID=15981) to work on /home/oury/.local/lib/python3.10/site-packages/airflow/example_dags/subdags/subdag.py
[2022-06-20 11:10:05,186] {processor.py:641} INFO - Processing file /home/oury/.local/lib/python3.10/site-packages/airflow/example_dags/subdags/subdag.py for tasks to queue
[2022-06-20 11:10:05,186] {logging_mixin.py:115} INFO - [2022-06-20 11:10:05,186] {dagbag.py:507} INFO - Filling up the DagBag from /home/oury/.local/lib/python3.10/site-packages/airflow/example_dags/subdags/subdag.py
[2022-06-20 11:10:05,187] {processor.py:653} WARNING - No viable dags retrieved from /home/oury/.local/lib/python3.10/site-packages/airflow/example_dags/subdags/subdag.py
[2022-06-20 11:10:05,196] {processor.py:161} INFO - Processing /home/oury/.local/lib/python3.10/site-packages/airflow/example_dags/subdags/subdag.py took 0.013 seconds
[2022-06-20 11:10:40,772] {processor.py:153} INFO - Started process (PID=16073) to work on /home/oury/.local/lib/python3.10/site-packages/airflow/example_dags/subdags/subdag.py
[2022-06-20 11:10:40,772] {processor.py:641} INFO - Processing file /home/oury/.local/lib/python3.10/site-packages/airflow/example_dags/subdags/subdag.py for tasks to queue
[2022-06-20 11:10:40,772] {logging_mixin.py:115} INFO - [2022-06-20 11:10:40,772] {dagbag.py:507} INFO - Filling up the DagBag from /home/oury/.local/lib/python3.10/site-packages/airflow/example_dags/subdags/subdag.py
[2022-06-20 11:10:40,774] {processor.py:653} WARNING - No viable dags retrieved from /home/oury/.local/lib/python3.10/site-packages/airflow/example_dags/subdags/subdag.py
[2022-06-20 11:10:40,782] {processor.py:161} INFO - Processing /home/oury/.local/lib/python3.10/site-packages/airflow/example_dags/subdags/subdag.py took 0.013 seconds
[2022-06-20 11:11:19,160] {processor.py:153} INFO - Started process (PID=16322) to work on /home/oury/.local/lib/python3.10/site-packages/airflow/example_dags/subdags/subdag.py
[2022-06-20 11:11:19,161] {processor.py:641} INFO - Processing file /home/oury/.local/lib/python3.10/site-packages/airflow/example_dags/subdags/subdag.py for tasks to queue
[2022-06-20 11:11:19,161] {logging_mixin.py:115} INFO - [2022-06-20 11:11:19,161] {dagbag.py:507} INFO - Filling up the DagBag from /home/oury/.local/lib/python3.10/site-packages/airflow/example_dags/subdags/subdag.py
[2022-06-20 11:11:19,164] {processor.py:653} WARNING - No viable dags retrieved from /home/oury/.local/lib/python3.10/site-packages/airflow/example_dags/subdags/subdag.py
[2022-06-20 11:11:19,178] {processor.py:161} INFO - Processing /home/oury/.local/lib/python3.10/site-packages/airflow/example_dags/subdags/subdag.py took 0.021 seconds
[2022-06-20 11:11:51,842] {processor.py:153} INFO - Started process (PID=16428) to work on /home/oury/.local/lib/python3.10/site-packages/airflow/example_dags/subdags/subdag.py
[2022-06-20 11:11:51,843] {processor.py:641} INFO - Processing file /home/oury/.local/lib/python3.10/site-packages/airflow/example_dags/subdags/subdag.py for tasks to queue
[2022-06-20 11:11:51,843] {logging_mixin.py:115} INFO - [2022-06-20 11:11:51,843] {dagbag.py:507} INFO - Filling up the DagBag from /home/oury/.local/lib/python3.10/site-packages/airflow/example_dags/subdags/subdag.py
[2022-06-20 11:11:51,845] {processor.py:653} WARNING - No viable dags retrieved from /home/oury/.local/lib/python3.10/site-packages/airflow/example_dags/subdags/subdag.py
[2022-06-20 11:11:51,855] {processor.py:161} INFO - Processing /home/oury/.local/lib/python3.10/site-packages/airflow/example_dags/subdags/subdag.py took 0.015 seconds
[2022-06-20 11:12:31,292] {processor.py:153} INFO - Started process (PID=16480) to work on /home/oury/.local/lib/python3.10/site-packages/airflow/example_dags/subdags/subdag.py
[2022-06-20 11:12:31,292] {processor.py:641} INFO - Processing file /home/oury/.local/lib/python3.10/site-packages/airflow/example_dags/subdags/subdag.py for tasks to queue
[2022-06-20 11:12:31,293] {logging_mixin.py:115} INFO - [2022-06-20 11:12:31,293] {dagbag.py:507} INFO - Filling up the DagBag from /home/oury/.local/lib/python3.10/site-packages/airflow/example_dags/subdags/subdag.py
[2022-06-20 11:12:31,294] {processor.py:653} WARNING - No viable dags retrieved from /home/oury/.local/lib/python3.10/site-packages/airflow/example_dags/subdags/subdag.py
[2022-06-20 11:12:31,304] {processor.py:161} INFO - Processing /home/oury/.local/lib/python3.10/site-packages/airflow/example_dags/subdags/subdag.py took 0.015 seconds
[2022-06-20 11:13:07,233] {processor.py:153} INFO - Started process (PID=16547) to work on /home/oury/.local/lib/python3.10/site-packages/airflow/example_dags/subdags/subdag.py
[2022-06-20 11:13:07,233] {processor.py:641} INFO - Processing file /home/oury/.local/lib/python3.10/site-packages/airflow/example_dags/subdags/subdag.py for tasks to queue
[2022-06-20 11:13:07,234] {logging_mixin.py:115} INFO - [2022-06-20 11:13:07,234] {dagbag.py:507} INFO - Filling up the DagBag from /home/oury/.local/lib/python3.10/site-packages/airflow/example_dags/subdags/subdag.py
[2022-06-20 11:13:07,235] {processor.py:653} WARNING - No viable dags retrieved from /home/oury/.local/lib/python3.10/site-packages/airflow/example_dags/subdags/subdag.py
[2022-06-20 11:13:07,243] {processor.py:161} INFO - Processing /home/oury/.local/lib/python3.10/site-packages/airflow/example_dags/subdags/subdag.py took 0.013 seconds
[2022-06-20 11:13:39,860] {processor.py:153} INFO - Started process (PID=16589) to work on /home/oury/.local/lib/python3.10/site-packages/airflow/example_dags/subdags/subdag.py
[2022-06-20 11:13:39,860] {processor.py:641} INFO - Processing file /home/oury/.local/lib/python3.10/site-packages/airflow/example_dags/subdags/subdag.py for tasks to queue
[2022-06-20 11:13:39,861] {logging_mixin.py:115} INFO - [2022-06-20 11:13:39,861] {dagbag.py:507} INFO - Filling up the DagBag from /home/oury/.local/lib/python3.10/site-packages/airflow/example_dags/subdags/subdag.py
[2022-06-20 11:13:39,862] {processor.py:653} WARNING - No viable dags retrieved from /home/oury/.local/lib/python3.10/site-packages/airflow/example_dags/subdags/subdag.py
[2022-06-20 11:13:39,870] {processor.py:161} INFO - Processing /home/oury/.local/lib/python3.10/site-packages/airflow/example_dags/subdags/subdag.py took 0.012 seconds
[2022-06-20 11:14:18,336] {processor.py:153} INFO - Started process (PID=16662) to work on /home/oury/.local/lib/python3.10/site-packages/airflow/example_dags/subdags/subdag.py
[2022-06-20 11:14:18,336] {processor.py:641} INFO - Processing file /home/oury/.local/lib/python3.10/site-packages/airflow/example_dags/subdags/subdag.py for tasks to queue
[2022-06-20 11:14:18,337] {logging_mixin.py:115} INFO - [2022-06-20 11:14:18,337] {dagbag.py:507} INFO - Filling up the DagBag from /home/oury/.local/lib/python3.10/site-packages/airflow/example_dags/subdags/subdag.py
[2022-06-20 11:14:18,338] {processor.py:653} WARNING - No viable dags retrieved from /home/oury/.local/lib/python3.10/site-packages/airflow/example_dags/subdags/subdag.py
[2022-06-20 11:14:18,346] {processor.py:161} INFO - Processing /home/oury/.local/lib/python3.10/site-packages/airflow/example_dags/subdags/subdag.py took 0.014 seconds
[2022-06-20 11:14:50,871] {processor.py:153} INFO - Started process (PID=16710) to work on /home/oury/.local/lib/python3.10/site-packages/airflow/example_dags/subdags/subdag.py
[2022-06-20 11:14:50,873] {processor.py:641} INFO - Processing file /home/oury/.local/lib/python3.10/site-packages/airflow/example_dags/subdags/subdag.py for tasks to queue
[2022-06-20 11:14:50,873] {logging_mixin.py:115} INFO - [2022-06-20 11:14:50,873] {dagbag.py:507} INFO - Filling up the DagBag from /home/oury/.local/lib/python3.10/site-packages/airflow/example_dags/subdags/subdag.py
[2022-06-20 11:14:50,875] {processor.py:653} WARNING - No viable dags retrieved from /home/oury/.local/lib/python3.10/site-packages/airflow/example_dags/subdags/subdag.py
[2022-06-20 11:14:50,885] {processor.py:161} INFO - Processing /home/oury/.local/lib/python3.10/site-packages/airflow/example_dags/subdags/subdag.py took 0.017 seconds
[2022-06-20 11:15:28,364] {processor.py:153} INFO - Started process (PID=16761) to work on /home/oury/.local/lib/python3.10/site-packages/airflow/example_dags/subdags/subdag.py
[2022-06-20 11:15:28,365] {processor.py:641} INFO - Processing file /home/oury/.local/lib/python3.10/site-packages/airflow/example_dags/subdags/subdag.py for tasks to queue
[2022-06-20 11:15:28,366] {logging_mixin.py:115} INFO - [2022-06-20 11:15:28,365] {dagbag.py:507} INFO - Filling up the DagBag from /home/oury/.local/lib/python3.10/site-packages/airflow/example_dags/subdags/subdag.py
[2022-06-20 11:15:28,367] {processor.py:653} WARNING - No viable dags retrieved from /home/oury/.local/lib/python3.10/site-packages/airflow/example_dags/subdags/subdag.py
[2022-06-20 11:15:28,374] {processor.py:161} INFO - Processing /home/oury/.local/lib/python3.10/site-packages/airflow/example_dags/subdags/subdag.py took 0.013 seconds
[2022-06-20 11:16:02,077] {processor.py:153} INFO - Started process (PID=16805) to work on /home/oury/.local/lib/python3.10/site-packages/airflow/example_dags/subdags/subdag.py
[2022-06-20 11:16:02,078] {processor.py:641} INFO - Processing file /home/oury/.local/lib/python3.10/site-packages/airflow/example_dags/subdags/subdag.py for tasks to queue
[2022-06-20 11:16:02,078] {logging_mixin.py:115} INFO - [2022-06-20 11:16:02,078] {dagbag.py:507} INFO - Filling up the DagBag from /home/oury/.local/lib/python3.10/site-packages/airflow/example_dags/subdags/subdag.py
[2022-06-20 11:16:02,079] {processor.py:653} WARNING - No viable dags retrieved from /home/oury/.local/lib/python3.10/site-packages/airflow/example_dags/subdags/subdag.py
[2022-06-20 11:16:02,089] {processor.py:161} INFO - Processing /home/oury/.local/lib/python3.10/site-packages/airflow/example_dags/subdags/subdag.py took 0.014 seconds
[2022-06-20 11:16:35,078] {processor.py:153} INFO - Started process (PID=16860) to work on /home/oury/.local/lib/python3.10/site-packages/airflow/example_dags/subdags/subdag.py
[2022-06-20 11:16:35,079] {processor.py:641} INFO - Processing file /home/oury/.local/lib/python3.10/site-packages/airflow/example_dags/subdags/subdag.py for tasks to queue
[2022-06-20 11:16:35,079] {logging_mixin.py:115} INFO - [2022-06-20 11:16:35,079] {dagbag.py:507} INFO - Filling up the DagBag from /home/oury/.local/lib/python3.10/site-packages/airflow/example_dags/subdags/subdag.py
[2022-06-20 11:16:35,080] {processor.py:653} WARNING - No viable dags retrieved from /home/oury/.local/lib/python3.10/site-packages/airflow/example_dags/subdags/subdag.py
[2022-06-20 11:16:35,091] {processor.py:161} INFO - Processing /home/oury/.local/lib/python3.10/site-packages/airflow/example_dags/subdags/subdag.py took 0.015 seconds
[2022-06-20 11:17:09,936] {processor.py:153} INFO - Started process (PID=16908) to work on /home/oury/.local/lib/python3.10/site-packages/airflow/example_dags/subdags/subdag.py
[2022-06-20 11:17:09,937] {processor.py:641} INFO - Processing file /home/oury/.local/lib/python3.10/site-packages/airflow/example_dags/subdags/subdag.py for tasks to queue
[2022-06-20 11:17:09,938] {logging_mixin.py:115} INFO - [2022-06-20 11:17:09,937] {dagbag.py:507} INFO - Filling up the DagBag from /home/oury/.local/lib/python3.10/site-packages/airflow/example_dags/subdags/subdag.py
[2022-06-20 11:17:09,939] {processor.py:653} WARNING - No viable dags retrieved from /home/oury/.local/lib/python3.10/site-packages/airflow/example_dags/subdags/subdag.py
[2022-06-20 11:17:09,947] {processor.py:161} INFO - Processing /home/oury/.local/lib/python3.10/site-packages/airflow/example_dags/subdags/subdag.py took 0.013 seconds
[2022-06-20 11:17:45,875] {processor.py:153} INFO - Started process (PID=16953) to work on /home/oury/.local/lib/python3.10/site-packages/airflow/example_dags/subdags/subdag.py
[2022-06-20 11:17:45,875] {processor.py:641} INFO - Processing file /home/oury/.local/lib/python3.10/site-packages/airflow/example_dags/subdags/subdag.py for tasks to queue
[2022-06-20 11:17:45,876] {logging_mixin.py:115} INFO - [2022-06-20 11:17:45,876] {dagbag.py:507} INFO - Filling up the DagBag from /home/oury/.local/lib/python3.10/site-packages/airflow/example_dags/subdags/subdag.py
[2022-06-20 11:17:45,878] {processor.py:653} WARNING - No viable dags retrieved from /home/oury/.local/lib/python3.10/site-packages/airflow/example_dags/subdags/subdag.py
[2022-06-20 11:17:45,891] {processor.py:161} INFO - Processing /home/oury/.local/lib/python3.10/site-packages/airflow/example_dags/subdags/subdag.py took 0.019 seconds
