[2022-06-06 00:07:57,334] {taskinstance.py:1160} INFO - Dependencies all met for <TaskInstance: download_rocket_launches.download_launches scheduled__2022-06-03T00:00:00+00:00 [queued]>
[2022-06-06 00:07:57,356] {taskinstance.py:1160} INFO - Dependencies all met for <TaskInstance: download_rocket_launches.download_launches scheduled__2022-06-03T00:00:00+00:00 [queued]>
[2022-06-06 00:07:57,357] {taskinstance.py:1357} INFO - 
--------------------------------------------------------------------------------
[2022-06-06 00:07:57,357] {taskinstance.py:1358} INFO - Starting attempt 1 of 1
[2022-06-06 00:07:57,357] {taskinstance.py:1359} INFO - 
--------------------------------------------------------------------------------
[2022-06-06 00:07:57,406] {taskinstance.py:1378} INFO - Executing <Task(BashOperator): download_launches> on 2022-06-03 00:00:00+00:00
[2022-06-06 00:07:57,408] {standard_task_runner.py:52} INFO - Started process 52209 to run task
[2022-06-06 00:07:57,420] {standard_task_runner.py:79} INFO - Running: ['airflow', 'tasks', 'run', 'download_rocket_launches', 'download_launches', 'scheduled__2022-06-03T00:00:00+00:00', '--job-id', '56', '--raw', '--subdir', 'DAGS_FOLDER/download_rocket_launches.py', '--cfg-path', '/tmp/tmpw1sjk7j_', '--error-file', '/tmp/tmpqhbk3apm']
[2022-06-06 00:07:57,421] {standard_task_runner.py:80} INFO - Job 56: Subtask download_launches
[2022-06-06 00:07:57,609] {task_command.py:370} INFO - Running <TaskInstance: download_rocket_launches.download_launches scheduled__2022-06-03T00:00:00+00:00 [running]> on host oury-Tp
[2022-06-06 00:07:57,864] {taskinstance.py:1570} INFO - Exporting the following env vars:
AIRFLOW_CTX_DAG_OWNER=airflow
AIRFLOW_CTX_DAG_ID=download_rocket_launches
AIRFLOW_CTX_TASK_ID=download_launches
AIRFLOW_CTX_EXECUTION_DATE=2022-06-03T00:00:00+00:00
AIRFLOW_CTX_TRY_NUMBER=1
AIRFLOW_CTX_DAG_RUN_ID=scheduled__2022-06-03T00:00:00+00:00
[2022-06-06 00:07:57,866] {subprocess.py:62} INFO - Tmp dir root location: 
 /tmp
[2022-06-06 00:07:57,867] {subprocess.py:74} INFO - Running command: ['bash', '-c', "curl -o /tmp/launches.json -L 'https://ll.thespacedevs.com/2.0.0/launch/upcoming'"]
[2022-06-06 00:07:57,903] {subprocess.py:85} INFO - Output:
[2022-06-06 00:07:57,925] {subprocess.py:92} INFO -   % Total    % Received % Xferd  Average Speed   Time    Time     Time  Current
[2022-06-06 00:07:57,926] {subprocess.py:92} INFO -                                  Dload  Upload   Total   Spent    Left  Speed
[2022-06-06 00:08:01,227] {subprocess.py:92} INFO -   0     0    0     0    0     0      0      0 --:--:-- --:--:-- --:--:--     0  0     0    0     0    0     0      0      0 --:--:-- --:--:-- --:--:--     0  0     0    0     0    0     0      0      0 --:--:--  0:00:01 --:--:--     0  0     0    0     0    0     0      0      0 --:--:--  0:00:02 --:--:--     0  0     0    0     0    0     0      0      0 --:--:--  0:00:03 --:--:--     0  0     0    0     0    0     0      0      0 --:--:--  0:00:03 --:--:--     0
[2022-06-06 00:08:01,613] {subprocess.py:92} INFO - 100 25581  100 25581    0     0   6913      0  0:00:03  0:00:03 --:--:--  6913
[2022-06-06 00:08:01,618] {subprocess.py:96} INFO - Command exited with return code 0
[2022-06-06 00:08:01,667] {taskinstance.py:1396} INFO - Marking task as SUCCESS. dag_id=download_rocket_launches, task_id=download_launches, execution_date=20220603T000000, start_date=20220605T230757, end_date=20220605T230801
[2022-06-06 00:08:01,730] {local_task_job.py:156} INFO - Task exited with return code 0
[2022-06-06 00:08:01,806] {local_task_job.py:273} INFO - 1 downstream tasks scheduled from follow-on schedule check
