[2022-06-07 12:15:02,790] {taskinstance.py:1160} INFO - Dependencies all met for <TaskInstance: data_pipeline.tweets_to_es scheduled__2022-06-07T11:10:00+00:00 [queued]>
[2022-06-07 12:15:02,796] {taskinstance.py:1160} INFO - Dependencies all met for <TaskInstance: data_pipeline.tweets_to_es scheduled__2022-06-07T11:10:00+00:00 [queued]>
[2022-06-07 12:15:02,796] {taskinstance.py:1357} INFO - 
--------------------------------------------------------------------------------
[2022-06-07 12:15:02,796] {taskinstance.py:1358} INFO - Starting attempt 1 of 1
[2022-06-07 12:15:02,796] {taskinstance.py:1359} INFO - 
--------------------------------------------------------------------------------
[2022-06-07 12:15:02,807] {taskinstance.py:1378} INFO - Executing <Task(PythonOperator): tweets_to_es> on 2022-06-07 11:10:00+00:00
[2022-06-07 12:15:02,809] {standard_task_runner.py:52} INFO - Started process 16799 to run task
[2022-06-07 12:15:02,812] {standard_task_runner.py:79} INFO - Running: ['airflow', 'tasks', 'run', 'data_pipeline', 'tweets_to_es', 'scheduled__2022-06-07T11:10:00+00:00', '--job-id', '8', '--raw', '--subdir', 'DAGS_FOLDER/airfow_es.py', '--cfg-path', '/tmp/tmpati_4wrz', '--error-file', '/tmp/tmp5d6etrrk']
[2022-06-07 12:15:02,813] {standard_task_runner.py:80} INFO - Job 8: Subtask tweets_to_es
[2022-06-07 12:15:02,847] {task_command.py:370} INFO - Running <TaskInstance: data_pipeline.tweets_to_es scheduled__2022-06-07T11:10:00+00:00 [running]> on host oury-Tp
[2022-06-07 12:15:02,888] {taskinstance.py:1570} INFO - Exporting the following env vars:
AIRFLOW_CTX_DAG_OWNER=airflow
AIRFLOW_CTX_DAG_ID=data_pipeline
AIRFLOW_CTX_TASK_ID=tweets_to_es
AIRFLOW_CTX_EXECUTION_DATE=2022-06-07T11:10:00+00:00
AIRFLOW_CTX_TRY_NUMBER=1
AIRFLOW_CTX_DAG_RUN_ID=scheduled__2022-06-07T11:10:00+00:00
[2022-06-07 12:15:02,890] {twitter.py:696} INFO - Retrieving scroll page None
[2022-06-07 12:15:02,890] {twitter.py:626} INFO - Retrieving guest token
[2022-06-07 12:15:02,891] {base.py:171} INFO - Retrieving https://twitter.com/search?f=live&lang=en&q=near%3ATunis+since%3A1654600202+until%3A1654600502&src=spelling_expansion_revert_click
[2022-06-07 12:15:03,557] {base.py:189} INFO - Retrieved https://twitter.com/search?f=live&lang=en&q=near%3ATunis+since%3A1654600202+until%3A1654600502&src=spelling_expansion_revert_click: 200
[2022-06-07 12:15:03,559] {base.py:171} INFO - Retrieving https://api.twitter.com/2/search/adaptive.json?include_profile_interstitial_type=1&include_blocking=1&include_blocked_by=1&include_followed_by=1&include_want_retweets=1&include_mute_edge=1&include_can_dm=1&include_can_media_tag=1&skip_status=1&cards_platform=Web-12&include_cards=1&include_ext_alt_text=true&include_quote_count=true&include_reply_count=1&tweet_mode=extended&include_entities=true&include_user_entities=true&include_ext_media_color=true&include_ext_media_availability=true&send_error_codes=true&simple_quoted_tweets=true&q=near%3ATunis+since%3A1654600202+until%3A1654600502&tweet_search_mode=live&count=100&query_source=spelling_expansion_revert_click&pc=1&spelling_corrections=1&ext=mediaStats%2ChighlightedLabel
[2022-06-07 12:15:04,289] {base.py:189} INFO - Retrieved https://api.twitter.com/2/search/adaptive.json?include_profile_interstitial_type=1&include_blocking=1&include_blocked_by=1&include_followed_by=1&include_want_retweets=1&include_mute_edge=1&include_can_dm=1&include_can_media_tag=1&skip_status=1&cards_platform=Web-12&include_cards=1&include_ext_alt_text=true&include_quote_count=true&include_reply_count=1&tweet_mode=extended&include_entities=true&include_user_entities=true&include_ext_media_color=true&include_ext_media_availability=true&send_error_codes=true&simple_quoted_tweets=true&q=near%3ATunis+since%3A1654600202+until%3A1654600502&tweet_search_mode=live&count=100&query_source=spelling_expansion_revert_click&pc=1&spelling_corrections=1&ext=mediaStats%2ChighlightedLabel: 200
[2022-06-07 12:15:04,646] {_transport.py:336} INFO - PUT http://localhost:9200/gummo_index/_doc/1534131720903081984 [status:201 duration:0.012s]
[2022-06-07 12:15:04,665] {_transport.py:336} INFO - PUT http://localhost:9200/gummo_index/_doc/1534131233210388485 [status:201 duration:0.008s]
[2022-06-07 12:15:04,680] {_transport.py:336} INFO - PUT http://localhost:9200/gummo_index/_doc/1534131034350145539 [status:201 duration:0.009s]
[2022-06-07 12:15:04,696] {_transport.py:336} INFO - PUT http://localhost:9200/gummo_index/_doc/1534130982625980417 [status:201 duration:0.009s]
[2022-06-07 12:15:04,713] {_transport.py:336} INFO - PUT http://localhost:9200/gummo_index/_doc/1534130820696391680 [status:201 duration:0.008s]
[2022-06-07 12:15:04,715] {twitter.py:696} INFO - Retrieving scroll page scroll:thGAVUV0VFVBaCwNKBmu6pyioWgICy8YCrqsoqEnEVuId6FYCJehgHREVGQVVMVDUBFQAVAAA=
[2022-06-07 12:15:04,716] {base.py:171} INFO - Retrieving https://api.twitter.com/2/search/adaptive.json?include_profile_interstitial_type=1&include_blocking=1&include_blocked_by=1&include_followed_by=1&include_want_retweets=1&include_mute_edge=1&include_can_dm=1&include_can_media_tag=1&skip_status=1&cards_platform=Web-12&include_cards=1&include_ext_alt_text=true&include_quote_count=true&include_reply_count=1&tweet_mode=extended&include_entities=true&include_user_entities=true&include_ext_media_color=true&include_ext_media_availability=true&send_error_codes=true&simple_quoted_tweets=true&q=near%3ATunis+since%3A1654600202+until%3A1654600502&tweet_search_mode=live&count=100&query_source=spelling_expansion_revert_click&cursor=scroll%3AthGAVUV0VFVBaCwNKBmu6pyioWgICy8YCrqsoqEnEVuId6FYCJehgHREVGQVVMVDUBFQAVAAA%3D&pc=1&spelling_corrections=1&ext=mediaStats%2ChighlightedLabel
[2022-06-07 12:15:04,986] {base.py:189} INFO - Retrieved https://api.twitter.com/2/search/adaptive.json?include_profile_interstitial_type=1&include_blocking=1&include_blocked_by=1&include_followed_by=1&include_want_retweets=1&include_mute_edge=1&include_can_dm=1&include_can_media_tag=1&skip_status=1&cards_platform=Web-12&include_cards=1&include_ext_alt_text=true&include_quote_count=true&include_reply_count=1&tweet_mode=extended&include_entities=true&include_user_entities=true&include_ext_media_color=true&include_ext_media_availability=true&send_error_codes=true&simple_quoted_tweets=true&q=near%3ATunis+since%3A1654600202+until%3A1654600502&tweet_search_mode=live&count=100&query_source=spelling_expansion_revert_click&cursor=scroll%3AthGAVUV0VFVBaCwNKBmu6pyioWgICy8YCrqsoqEnEVuId6FYCJehgHREVGQVVMVDUBFQAVAAA%3D&pc=1&spelling_corrections=1&ext=mediaStats%2ChighlightedLabel: 200
[2022-06-07 12:15:04,987] {twitter.py:696} INFO - Retrieving scroll page scroll:thGAVUV0VFVBaCwNKBmu6pyioWgICy8YCrqsoqEnEVuId6FYCJehgHREVGQVVMVDUBFQAVAAA=
[2022-06-07 12:15:04,988] {base.py:171} INFO - Retrieving https://api.twitter.com/2/search/adaptive.json?include_profile_interstitial_type=1&include_blocking=1&include_blocked_by=1&include_followed_by=1&include_want_retweets=1&include_mute_edge=1&include_can_dm=1&include_can_media_tag=1&skip_status=1&cards_platform=Web-12&include_cards=1&include_ext_alt_text=true&include_quote_count=true&include_reply_count=1&tweet_mode=extended&include_entities=true&include_user_entities=true&include_ext_media_color=true&include_ext_media_availability=true&send_error_codes=true&simple_quoted_tweets=true&q=near%3ATunis+since%3A1654600202+until%3A1654600502&tweet_search_mode=live&count=100&query_source=spelling_expansion_revert_click&cursor=scroll%3AthGAVUV0VFVBaCwNKBmu6pyioWgICy8YCrqsoqEnEVuId6FYCJehgHREVGQVVMVDUBFQAVAAA%3D&pc=1&spelling_corrections=1&ext=mediaStats%2ChighlightedLabel
[2022-06-07 12:15:05,293] {base.py:189} INFO - Retrieved https://api.twitter.com/2/search/adaptive.json?include_profile_interstitial_type=1&include_blocking=1&include_blocked_by=1&include_followed_by=1&include_want_retweets=1&include_mute_edge=1&include_can_dm=1&include_can_media_tag=1&skip_status=1&cards_platform=Web-12&include_cards=1&include_ext_alt_text=true&include_quote_count=true&include_reply_count=1&tweet_mode=extended&include_entities=true&include_user_entities=true&include_ext_media_color=true&include_ext_media_availability=true&send_error_codes=true&simple_quoted_tweets=true&q=near%3ATunis+since%3A1654600202+until%3A1654600502&tweet_search_mode=live&count=100&query_source=spelling_expansion_revert_click&cursor=scroll%3AthGAVUV0VFVBaCwNKBmu6pyioWgICy8YCrqsoqEnEVuId6FYCJehgHREVGQVVMVDUBFQAVAAA%3D&pc=1&spelling_corrections=1&ext=mediaStats%2ChighlightedLabel: 200
[2022-06-07 12:15:05,294] {twitter.py:696} INFO - Retrieving scroll page scroll:thGAVUV0VFVBaCwNKBmu6pyioWgICy8YCrqsoqEnEVuId6FYCJehgHREVGQVVMVDUBFQAVAAA=
[2022-06-07 12:15:05,296] {base.py:171} INFO - Retrieving https://api.twitter.com/2/search/adaptive.json?include_profile_interstitial_type=1&include_blocking=1&include_blocked_by=1&include_followed_by=1&include_want_retweets=1&include_mute_edge=1&include_can_dm=1&include_can_media_tag=1&skip_status=1&cards_platform=Web-12&include_cards=1&include_ext_alt_text=true&include_quote_count=true&include_reply_count=1&tweet_mode=extended&include_entities=true&include_user_entities=true&include_ext_media_color=true&include_ext_media_availability=true&send_error_codes=true&simple_quoted_tweets=true&q=near%3ATunis+since%3A1654600202+until%3A1654600502&tweet_search_mode=live&count=100&query_source=spelling_expansion_revert_click&cursor=scroll%3AthGAVUV0VFVBaCwNKBmu6pyioWgICy8YCrqsoqEnEVuId6FYCJehgHREVGQVVMVDUBFQAVAAA%3D&pc=1&spelling_corrections=1&ext=mediaStats%2ChighlightedLabel
[2022-06-07 12:15:05,600] {base.py:189} INFO - Retrieved https://api.twitter.com/2/search/adaptive.json?include_profile_interstitial_type=1&include_blocking=1&include_blocked_by=1&include_followed_by=1&include_want_retweets=1&include_mute_edge=1&include_can_dm=1&include_can_media_tag=1&skip_status=1&cards_platform=Web-12&include_cards=1&include_ext_alt_text=true&include_quote_count=true&include_reply_count=1&tweet_mode=extended&include_entities=true&include_user_entities=true&include_ext_media_color=true&include_ext_media_availability=true&send_error_codes=true&simple_quoted_tweets=true&q=near%3ATunis+since%3A1654600202+until%3A1654600502&tweet_search_mode=live&count=100&query_source=spelling_expansion_revert_click&cursor=scroll%3AthGAVUV0VFVBaCwNKBmu6pyioWgICy8YCrqsoqEnEVuId6FYCJehgHREVGQVVMVDUBFQAVAAA%3D&pc=1&spelling_corrections=1&ext=mediaStats%2ChighlightedLabel: 200
[2022-06-07 12:15:05,600] {twitter.py:696} INFO - Retrieving scroll page scroll:thGAVUV0VFVBaCwNKBmu6pyioWgICy8YCrqsoqEnEVuId6FYCJehgHREVGQVVMVDUBFQAVAAA=
[2022-06-07 12:15:05,601] {base.py:171} INFO - Retrieving https://api.twitter.com/2/search/adaptive.json?include_profile_interstitial_type=1&include_blocking=1&include_blocked_by=1&include_followed_by=1&include_want_retweets=1&include_mute_edge=1&include_can_dm=1&include_can_media_tag=1&skip_status=1&cards_platform=Web-12&include_cards=1&include_ext_alt_text=true&include_quote_count=true&include_reply_count=1&tweet_mode=extended&include_entities=true&include_user_entities=true&include_ext_media_color=true&include_ext_media_availability=true&send_error_codes=true&simple_quoted_tweets=true&q=near%3ATunis+since%3A1654600202+until%3A1654600502&tweet_search_mode=live&count=100&query_source=spelling_expansion_revert_click&cursor=scroll%3AthGAVUV0VFVBaCwNKBmu6pyioWgICy8YCrqsoqEnEVuId6FYCJehgHREVGQVVMVDUBFQAVAAA%3D&pc=1&spelling_corrections=1&ext=mediaStats%2ChighlightedLabel
[2022-06-07 12:15:05,907] {base.py:189} INFO - Retrieved https://api.twitter.com/2/search/adaptive.json?include_profile_interstitial_type=1&include_blocking=1&include_blocked_by=1&include_followed_by=1&include_want_retweets=1&include_mute_edge=1&include_can_dm=1&include_can_media_tag=1&skip_status=1&cards_platform=Web-12&include_cards=1&include_ext_alt_text=true&include_quote_count=true&include_reply_count=1&tweet_mode=extended&include_entities=true&include_user_entities=true&include_ext_media_color=true&include_ext_media_availability=true&send_error_codes=true&simple_quoted_tweets=true&q=near%3ATunis+since%3A1654600202+until%3A1654600502&tweet_search_mode=live&count=100&query_source=spelling_expansion_revert_click&cursor=scroll%3AthGAVUV0VFVBaCwNKBmu6pyioWgICy8YCrqsoqEnEVuId6FYCJehgHREVGQVVMVDUBFQAVAAA%3D&pc=1&spelling_corrections=1&ext=mediaStats%2ChighlightedLabel: 200
[2022-06-07 12:15:05,909] {python.py:173} INFO - Done. Returned value was: None
[2022-06-07 12:15:05,915] {taskinstance.py:1396} INFO - Marking task as SUCCESS. dag_id=data_pipeline, task_id=tweets_to_es, execution_date=20220607T111000, start_date=20220607T111502, end_date=20220607T111505
[2022-06-07 12:15:05,956] {local_task_job.py:156} INFO - Task exited with return code 0
[2022-06-07 12:15:05,970] {local_task_job.py:273} INFO - 0 downstream tasks scheduled from follow-on schedule check
