[2022-07-30 20:52:03,323] {taskinstance.py:1160} INFO - Dependencies all met for <TaskInstance: data_pipeline.tweets_to_es scheduled__2022-07-30T19:48:00+00:00 [queued]>
[2022-07-30 20:52:03,328] {taskinstance.py:1160} INFO - Dependencies all met for <TaskInstance: data_pipeline.tweets_to_es scheduled__2022-07-30T19:48:00+00:00 [queued]>
[2022-07-30 20:52:03,328] {taskinstance.py:1357} INFO - 
--------------------------------------------------------------------------------
[2022-07-30 20:52:03,328] {taskinstance.py:1358} INFO - Starting attempt 1 of 1
[2022-07-30 20:52:03,328] {taskinstance.py:1359} INFO - 
--------------------------------------------------------------------------------
[2022-07-30 20:52:03,341] {taskinstance.py:1378} INFO - Executing <Task(PythonOperator): tweets_to_es> on 2022-07-30 19:48:00+00:00
[2022-07-30 20:52:03,343] {standard_task_runner.py:52} INFO - Started process 12732 to run task
[2022-07-30 20:52:03,346] {standard_task_runner.py:79} INFO - Running: ['airflow', 'tasks', 'run', 'data_pipeline', 'tweets_to_es', 'scheduled__2022-07-30T19:48:00+00:00', '--job-id', '40', '--raw', '--subdir', 'DAGS_FOLDER/airfow_es.py', '--cfg-path', '/tmp/tmp5fmc8_8q', '--error-file', '/tmp/tmpjk4f6pkd']
[2022-07-30 20:52:03,347] {standard_task_runner.py:80} INFO - Job 40: Subtask tweets_to_es
[2022-07-30 20:52:03,380] {task_command.py:370} INFO - Running <TaskInstance: data_pipeline.tweets_to_es scheduled__2022-07-30T19:48:00+00:00 [running]> on host oury-Tp
[2022-07-30 20:52:03,422] {taskinstance.py:1570} INFO - Exporting the following env vars:
AIRFLOW_CTX_DAG_OWNER=airflow
AIRFLOW_CTX_DAG_ID=data_pipeline
AIRFLOW_CTX_TASK_ID=tweets_to_es
AIRFLOW_CTX_EXECUTION_DATE=2022-07-30T19:48:00+00:00
AIRFLOW_CTX_TRY_NUMBER=1
AIRFLOW_CTX_DAG_RUN_ID=scheduled__2022-07-30T19:48:00+00:00
[2022-07-30 20:52:03,424] {twitter.py:696} INFO - Retrieving scroll page None
[2022-07-30 20:52:03,424] {twitter.py:626} INFO - Retrieving guest token
[2022-07-30 20:52:03,425] {base.py:171} INFO - Retrieving https://twitter.com/search?f=live&lang=en&q=near%3AParis+since%3A1659210480+until%3A1659210720&src=spelling_expansion_revert_click
[2022-07-30 20:52:04,276] {base.py:189} INFO - Retrieved https://twitter.com/search?f=live&lang=en&q=near%3AParis+since%3A1659210480+until%3A1659210720&src=spelling_expansion_revert_click: 200
[2022-07-30 20:52:04,281] {base.py:171} INFO - Retrieving https://api.twitter.com/2/search/adaptive.json?include_profile_interstitial_type=1&include_blocking=1&include_blocked_by=1&include_followed_by=1&include_want_retweets=1&include_mute_edge=1&include_can_dm=1&include_can_media_tag=1&skip_status=1&cards_platform=Web-12&include_cards=1&include_ext_alt_text=true&include_quote_count=true&include_reply_count=1&tweet_mode=extended&include_entities=true&include_user_entities=true&include_ext_media_color=true&include_ext_media_availability=true&send_error_codes=true&simple_quoted_tweets=true&q=near%3AParis+since%3A1659210480+until%3A1659210720&tweet_search_mode=live&count=100&query_source=spelling_expansion_revert_click&pc=1&spelling_corrections=1&ext=mediaStats%2ChighlightedLabel
[2022-07-30 20:52:05,385] {base.py:189} INFO - Retrieved https://api.twitter.com/2/search/adaptive.json?include_profile_interstitial_type=1&include_blocking=1&include_blocked_by=1&include_followed_by=1&include_want_retweets=1&include_mute_edge=1&include_can_dm=1&include_can_media_tag=1&skip_status=1&cards_platform=Web-12&include_cards=1&include_ext_alt_text=true&include_quote_count=true&include_reply_count=1&tweet_mode=extended&include_entities=true&include_user_entities=true&include_ext_media_color=true&include_ext_media_availability=true&send_error_codes=true&simple_quoted_tweets=true&q=near%3AParis+since%3A1659210480+until%3A1659210720&tweet_search_mode=live&count=100&query_source=spelling_expansion_revert_click&pc=1&spelling_corrections=1&ext=mediaStats%2ChighlightedLabel: 200
[2022-07-30 20:52:06,269] {base.py:265} INFO - GET http://localhost:9200/ [status:200 request:0.004s]
[2022-07-30 20:52:06,287] {base.py:265} INFO - PUT http://localhost:9200/my_index/_doc/1553468468774805504 [status:201 request:0.017s]
[2022-07-30 20:52:06,324] {base.py:265} INFO - PUT http://localhost:9200/my_index/_doc/1553468463234048001 [status:201 request:0.015s]
[2022-07-30 20:52:06,398] {base.py:265} INFO - PUT http://localhost:9200/my_index/_doc/1553468461619224576 [status:201 request:0.008s]
[2022-07-30 20:52:06,418] {base.py:265} INFO - PUT http://localhost:9200/my_index/_doc/1553468461287981058 [status:201 request:0.008s]
[2022-07-30 20:52:06,464] {base.py:265} INFO - PUT http://localhost:9200/my_index/_doc/1553468457781436416 [status:201 request:0.010s]
[2022-07-30 20:52:06,510] {base.py:265} INFO - PUT http://localhost:9200/my_index/_doc/1553468455692767233 [status:201 request:0.010s]
[2022-07-30 20:52:06,584] {base.py:265} INFO - PUT http://localhost:9200/my_index/_doc/1553468454816169989 [status:201 request:0.063s]
[2022-07-30 20:52:06,664] {base.py:265} INFO - PUT http://localhost:9200/my_index/_doc/1553468451401994240 [status:201 request:0.015s]
[2022-07-30 20:52:06,719] {base.py:265} INFO - PUT http://localhost:9200/my_index/_doc/1553468450332413955 [status:201 request:0.021s]
[2022-07-30 20:52:06,740] {base.py:265} INFO - PUT http://localhost:9200/my_index/_doc/1553468448671506432 [status:201 request:0.015s]
[2022-07-30 20:52:06,845] {base.py:265} INFO - PUT http://localhost:9200/my_index/_doc/1553468447446663172 [status:201 request:0.018s]
[2022-07-30 20:52:06,992] {base.py:265} INFO - PUT http://localhost:9200/my_index/_doc/1553468438483554305 [status:201 request:0.089s]
[2022-07-30 20:52:07,100] {base.py:265} INFO - PUT http://localhost:9200/my_index/_doc/1553468436742737920 [status:201 request:0.097s]
[2022-07-30 20:52:07,128] {base.py:265} INFO - PUT http://localhost:9200/my_index/_doc/1553468436713508864 [status:201 request:0.009s]
[2022-07-30 20:52:07,129] {twitter.py:696} INFO - Retrieving scroll page scroll:thGAVUV0VFVBaAwLjBgNSDjysWgIC9se_Vg48rEnEV8IV6FYCJehgHREVGQVVMVDUBFQAVAAA=
[2022-07-30 20:52:07,132] {base.py:171} INFO - Retrieving https://api.twitter.com/2/search/adaptive.json?include_profile_interstitial_type=1&include_blocking=1&include_blocked_by=1&include_followed_by=1&include_want_retweets=1&include_mute_edge=1&include_can_dm=1&include_can_media_tag=1&skip_status=1&cards_platform=Web-12&include_cards=1&include_ext_alt_text=true&include_quote_count=true&include_reply_count=1&tweet_mode=extended&include_entities=true&include_user_entities=true&include_ext_media_color=true&include_ext_media_availability=true&send_error_codes=true&simple_quoted_tweets=true&q=near%3AParis+since%3A1659210480+until%3A1659210720&tweet_search_mode=live&count=100&query_source=spelling_expansion_revert_click&cursor=scroll%3AthGAVUV0VFVBaAwLjBgNSDjysWgIC9se_Vg48rEnEV8IV6FYCJehgHREVGQVVMVDUBFQAVAAA%3D&pc=1&spelling_corrections=1&ext=mediaStats%2ChighlightedLabel
[2022-07-30 20:52:07,865] {base.py:189} INFO - Retrieved https://api.twitter.com/2/search/adaptive.json?include_profile_interstitial_type=1&include_blocking=1&include_blocked_by=1&include_followed_by=1&include_want_retweets=1&include_mute_edge=1&include_can_dm=1&include_can_media_tag=1&skip_status=1&cards_platform=Web-12&include_cards=1&include_ext_alt_text=true&include_quote_count=true&include_reply_count=1&tweet_mode=extended&include_entities=true&include_user_entities=true&include_ext_media_color=true&include_ext_media_availability=true&send_error_codes=true&simple_quoted_tweets=true&q=near%3AParis+since%3A1659210480+until%3A1659210720&tweet_search_mode=live&count=100&query_source=spelling_expansion_revert_click&cursor=scroll%3AthGAVUV0VFVBaAwLjBgNSDjysWgIC9se_Vg48rEnEV8IV6FYCJehgHREVGQVVMVDUBFQAVAAA%3D&pc=1&spelling_corrections=1&ext=mediaStats%2ChighlightedLabel: 200
[2022-07-30 20:52:07,898] {base.py:265} INFO - PUT http://localhost:9200/my_index/_doc/1553468433605468162 [status:201 request:0.011s]
[2022-07-30 20:52:07,910] {base.py:265} INFO - PUT http://localhost:9200/my_index/_doc/1553468433345482753 [status:201 request:0.007s]
[2022-07-30 20:52:07,926] {base.py:265} INFO - PUT http://localhost:9200/my_index/_doc/1553468431642624001 [status:201 request:0.006s]
[2022-07-30 20:52:07,944] {base.py:265} INFO - PUT http://localhost:9200/my_index/_doc/1553468431231598593 [status:201 request:0.007s]
[2022-07-30 20:52:07,990] {base.py:265} INFO - PUT http://localhost:9200/my_index/_doc/1553468428928880641 [status:201 request:0.007s]
[2022-07-30 20:52:08,009] {base.py:265} INFO - PUT http://localhost:9200/my_index/_doc/1553468427855138818 [status:201 request:0.010s]
[2022-07-30 20:52:08,022] {base.py:265} INFO - PUT http://localhost:9200/my_index/_doc/1553468425527255045 [status:201 request:0.007s]
[2022-07-30 20:52:08,041] {base.py:265} INFO - PUT http://localhost:9200/my_index/_doc/1553468425300856834 [status:201 request:0.007s]
[2022-07-30 20:52:08,075] {base.py:265} INFO - PUT http://localhost:9200/my_index/_doc/1553468424969412608 [status:201 request:0.007s]
[2022-07-30 20:52:08,097] {base.py:265} INFO - PUT http://localhost:9200/my_index/_doc/1553468424675905536 [status:201 request:0.007s]
[2022-07-30 20:52:08,216] {base.py:265} INFO - PUT http://localhost:9200/my_index/_doc/1553468415674916866 [status:201 request:0.007s]
[2022-07-30 20:52:08,241] {twitter.py:696} INFO - Retrieving scroll page scroll:thGAVUV0VFVBaKwLzl3NKDjysWgIC9se_Vg48rEnEV4IJ6FYCJehgHREVGQVVMVDUBFQIVAAA=
[2022-07-30 20:52:08,242] {base.py:171} INFO - Retrieving https://api.twitter.com/2/search/adaptive.json?include_profile_interstitial_type=1&include_blocking=1&include_blocked_by=1&include_followed_by=1&include_want_retweets=1&include_mute_edge=1&include_can_dm=1&include_can_media_tag=1&skip_status=1&cards_platform=Web-12&include_cards=1&include_ext_alt_text=true&include_quote_count=true&include_reply_count=1&tweet_mode=extended&include_entities=true&include_user_entities=true&include_ext_media_color=true&include_ext_media_availability=true&send_error_codes=true&simple_quoted_tweets=true&q=near%3AParis+since%3A1659210480+until%3A1659210720&tweet_search_mode=live&count=100&query_source=spelling_expansion_revert_click&cursor=scroll%3AthGAVUV0VFVBaKwLzl3NKDjysWgIC9se_Vg48rEnEV4IJ6FYCJehgHREVGQVVMVDUBFQIVAAA%3D&pc=1&spelling_corrections=1&ext=mediaStats%2ChighlightedLabel
[2022-07-30 20:52:09,374] {base.py:189} INFO - Retrieved https://api.twitter.com/2/search/adaptive.json?include_profile_interstitial_type=1&include_blocking=1&include_blocked_by=1&include_followed_by=1&include_want_retweets=1&include_mute_edge=1&include_can_dm=1&include_can_media_tag=1&skip_status=1&cards_platform=Web-12&include_cards=1&include_ext_alt_text=true&include_quote_count=true&include_reply_count=1&tweet_mode=extended&include_entities=true&include_user_entities=true&include_ext_media_color=true&include_ext_media_availability=true&send_error_codes=true&simple_quoted_tweets=true&q=near%3AParis+since%3A1659210480+until%3A1659210720&tweet_search_mode=live&count=100&query_source=spelling_expansion_revert_click&cursor=scroll%3AthGAVUV0VFVBaKwLzl3NKDjysWgIC9se_Vg48rEnEV4IJ6FYCJehgHREVGQVVMVDUBFQIVAAA%3D&pc=1&spelling_corrections=1&ext=mediaStats%2ChighlightedLabel: 200
[2022-07-30 20:52:09,450] {base.py:265} INFO - PUT http://localhost:9200/my_index/_doc/1553468407391076356 [status:201 request:0.007s]
[2022-07-30 20:52:09,466] {base.py:265} INFO - PUT http://localhost:9200/my_index/_doc/1553468406443171841 [status:201 request:0.008s]
[2022-07-30 20:52:09,479] {base.py:265} INFO - PUT http://localhost:9200/my_index/_doc/1553468405495332866 [status:201 request:0.007s]
[2022-07-30 20:52:09,504] {base.py:265} INFO - PUT http://localhost:9200/my_index/_doc/1553468405474279427 [status:201 request:0.006s]
[2022-07-30 20:52:09,532] {base.py:265} INFO - PUT http://localhost:9200/my_index/_doc/1553468404203388930 [status:201 request:0.009s]
[2022-07-30 20:52:09,547] {base.py:265} INFO - PUT http://localhost:9200/my_index/_doc/1553468401770795021 [status:201 request:0.007s]
[2022-07-30 20:52:09,567] {base.py:265} INFO - PUT http://localhost:9200/my_index/_doc/1553468400629948416 [status:201 request:0.009s]
[2022-07-30 20:52:09,580] {base.py:265} INFO - PUT http://localhost:9200/my_index/_doc/1553468398297911301 [status:201 request:0.007s]
[2022-07-30 20:52:09,609] {base.py:265} INFO - PUT http://localhost:9200/my_index/_doc/1553468397748363264 [status:201 request:0.008s]
[2022-07-30 20:52:09,632] {base.py:265} INFO - PUT http://localhost:9200/my_index/_doc/1553468397635133440 [status:201 request:0.008s]
[2022-07-30 20:52:09,687] {base.py:265} INFO - PUT http://localhost:9200/my_index/_doc/1553468395013787652 [status:201 request:0.006s]
[2022-07-30 20:52:09,705] {base.py:265} INFO - PUT http://localhost:9200/my_index/_doc/1553468393688375297 [status:201 request:0.007s]
[2022-07-30 20:52:09,773] {base.py:265} INFO - PUT http://localhost:9200/my_index/_doc/1553468385912328193 [status:201 request:0.006s]
[2022-07-30 20:52:09,788] {base.py:265} INFO - PUT http://localhost:9200/my_index/_doc/1553468383215099905 [status:201 request:0.007s]
[2022-07-30 20:52:09,789] {twitter.py:696} INFO - Retrieving scroll page scroll:thGAVUV0VFVBaCgLH18dCDjysWgIC9se_Vg48rEnEV0P95FYCJehgHREVGQVVMVDUBFQQVAAA=
[2022-07-30 20:52:09,791] {base.py:171} INFO - Retrieving https://api.twitter.com/2/search/adaptive.json?include_profile_interstitial_type=1&include_blocking=1&include_blocked_by=1&include_followed_by=1&include_want_retweets=1&include_mute_edge=1&include_can_dm=1&include_can_media_tag=1&skip_status=1&cards_platform=Web-12&include_cards=1&include_ext_alt_text=true&include_quote_count=true&include_reply_count=1&tweet_mode=extended&include_entities=true&include_user_entities=true&include_ext_media_color=true&include_ext_media_availability=true&send_error_codes=true&simple_quoted_tweets=true&q=near%3AParis+since%3A1659210480+until%3A1659210720&tweet_search_mode=live&count=100&query_source=spelling_expansion_revert_click&cursor=scroll%3AthGAVUV0VFVBaCgLH18dCDjysWgIC9se_Vg48rEnEV0P95FYCJehgHREVGQVVMVDUBFQQVAAA%3D&pc=1&spelling_corrections=1&ext=mediaStats%2ChighlightedLabel
[2022-07-30 20:52:10,327] {base.py:189} INFO - Retrieved https://api.twitter.com/2/search/adaptive.json?include_profile_interstitial_type=1&include_blocking=1&include_blocked_by=1&include_followed_by=1&include_want_retweets=1&include_mute_edge=1&include_can_dm=1&include_can_media_tag=1&skip_status=1&cards_platform=Web-12&include_cards=1&include_ext_alt_text=true&include_quote_count=true&include_reply_count=1&tweet_mode=extended&include_entities=true&include_user_entities=true&include_ext_media_color=true&include_ext_media_availability=true&send_error_codes=true&simple_quoted_tweets=true&q=near%3AParis+since%3A1659210480+until%3A1659210720&tweet_search_mode=live&count=100&query_source=spelling_expansion_revert_click&cursor=scroll%3AthGAVUV0VFVBaCgLH18dCDjysWgIC9se_Vg48rEnEV0P95FYCJehgHREVGQVVMVDUBFQQVAAA%3D&pc=1&spelling_corrections=1&ext=mediaStats%2ChighlightedLabel: 200
[2022-07-30 20:52:10,344] {base.py:265} INFO - PUT http://localhost:9200/my_index/_doc/1553468380740554753 [status:201 request:0.007s]
[2022-07-30 20:52:10,381] {base.py:265} INFO - PUT http://localhost:9200/my_index/_doc/1553468379457097728 [status:201 request:0.007s]
[2022-07-30 20:52:10,404] {base.py:265} INFO - PUT http://localhost:9200/my_index/_doc/1553468375824842752 [status:201 request:0.007s]
[2022-07-30 20:52:10,433] {base.py:265} INFO - PUT http://localhost:9200/my_index/_doc/1553468374012903425 [status:201 request:0.007s]
[2022-07-30 20:52:10,448] {base.py:265} INFO - PUT http://localhost:9200/my_index/_doc/1553468372431536129 [status:201 request:0.007s]
[2022-07-30 20:52:10,461] {base.py:265} INFO - PUT http://localhost:9200/my_index/_doc/1553468372314095617 [status:201 request:0.007s]
[2022-07-30 20:52:10,505] {base.py:265} INFO - PUT http://localhost:9200/my_index/_doc/1553468370816831488 [status:201 request:0.006s]
[2022-07-30 20:52:10,615] {base.py:265} INFO - PUT http://localhost:9200/my_index/_doc/1553468370372202497 [status:201 request:0.102s]
[2022-07-30 20:52:10,649] {base.py:265} INFO - PUT http://localhost:9200/my_index/_doc/1553468370334502914 [status:201 request:0.013s]
[2022-07-30 20:52:10,665] {base.py:265} INFO - PUT http://localhost:9200/my_index/_doc/1553468370066046976 [status:201 request:0.008s]
[2022-07-30 20:52:10,680] {base.py:265} INFO - PUT http://localhost:9200/my_index/_doc/1553468369982132224 [status:201 request:0.009s]
[2022-07-30 20:52:10,736] {base.py:265} INFO - PUT http://localhost:9200/my_index/_doc/1553468369118060544 [status:201 request:0.008s]
[2022-07-30 20:52:10,764] {base.py:265} INFO - PUT http://localhost:9200/my_index/_doc/1553468366504992768 [status:201 request:0.008s]
[2022-07-30 20:52:10,779] {base.py:265} INFO - PUT http://localhost:9200/my_index/_doc/1553468365183877125 [status:201 request:0.008s]
[2022-07-30 20:52:10,817] {base.py:265} INFO - PUT http://localhost:9200/my_index/_doc/1553468363510321155 [status:201 request:0.006s]
[2022-07-30 20:52:10,839] {base.py:265} INFO - PUT http://localhost:9200/my_index/_doc/1553468359685115912 [status:201 request:0.007s]
[2022-07-30 20:52:10,879] {twitter.py:696} INFO - Retrieving scroll page scroll:thGAVUV0VFVBaAgLOVws-DjysWgIC9se_Vg48rEnEVwPx5FYCJehgHREVGQVVMVDUBFQYVAAA=
[2022-07-30 20:52:10,880] {base.py:171} INFO - Retrieving https://api.twitter.com/2/search/adaptive.json?include_profile_interstitial_type=1&include_blocking=1&include_blocked_by=1&include_followed_by=1&include_want_retweets=1&include_mute_edge=1&include_can_dm=1&include_can_media_tag=1&skip_status=1&cards_platform=Web-12&include_cards=1&include_ext_alt_text=true&include_quote_count=true&include_reply_count=1&tweet_mode=extended&include_entities=true&include_user_entities=true&include_ext_media_color=true&include_ext_media_availability=true&send_error_codes=true&simple_quoted_tweets=true&q=near%3AParis+since%3A1659210480+until%3A1659210720&tweet_search_mode=live&count=100&query_source=spelling_expansion_revert_click&cursor=scroll%3AthGAVUV0VFVBaAgLOVws-DjysWgIC9se_Vg48rEnEVwPx5FYCJehgHREVGQVVMVDUBFQYVAAA%3D&pc=1&spelling_corrections=1&ext=mediaStats%2ChighlightedLabel
[2022-07-30 20:52:11,524] {base.py:189} INFO - Retrieved https://api.twitter.com/2/search/adaptive.json?include_profile_interstitial_type=1&include_blocking=1&include_blocked_by=1&include_followed_by=1&include_want_retweets=1&include_mute_edge=1&include_can_dm=1&include_can_media_tag=1&skip_status=1&cards_platform=Web-12&include_cards=1&include_ext_alt_text=true&include_quote_count=true&include_reply_count=1&tweet_mode=extended&include_entities=true&include_user_entities=true&include_ext_media_color=true&include_ext_media_availability=true&send_error_codes=true&simple_quoted_tweets=true&q=near%3AParis+since%3A1659210480+until%3A1659210720&tweet_search_mode=live&count=100&query_source=spelling_expansion_revert_click&cursor=scroll%3AthGAVUV0VFVBaAgLOVws-DjysWgIC9se_Vg48rEnEVwPx5FYCJehgHREVGQVVMVDUBFQYVAAA%3D&pc=1&spelling_corrections=1&ext=mediaStats%2ChighlightedLabel: 200
[2022-07-30 20:52:11,560] {base.py:265} INFO - PUT http://localhost:9200/my_index/_doc/1553468357810311170 [status:201 request:0.014s]
[2022-07-30 20:52:11,586] {base.py:265} INFO - PUT http://localhost:9200/my_index/_doc/1553468357298589700 [status:201 request:0.007s]
[2022-07-30 20:52:11,621] {base.py:265} INFO - PUT http://localhost:9200/my_index/_doc/1553468349484515329 [status:201 request:0.006s]
[2022-07-30 20:52:11,633] {base.py:265} INFO - PUT http://localhost:9200/my_index/_doc/1553468348901490688 [status:201 request:0.005s]
[2022-07-30 20:52:11,665] {base.py:265} INFO - PUT http://localhost:9200/my_index/_doc/1553468345210519554 [status:201 request:0.006s]
[2022-07-30 20:52:11,692] {base.py:265} INFO - PUT http://localhost:9200/my_index/_doc/1553468343478280192 [status:201 request:0.007s]
[2022-07-30 20:52:11,707] {base.py:265} INFO - PUT http://localhost:9200/my_index/_doc/1553468342878486529 [status:201 request:0.006s]
[2022-07-30 20:52:11,722] {base.py:265} INFO - PUT http://localhost:9200/my_index/_doc/1553468341917999104 [status:201 request:0.006s]
[2022-07-30 20:52:11,753] {base.py:265} INFO - PUT http://localhost:9200/my_index/_doc/1553468339846094848 [status:201 request:0.006s]
[2022-07-30 20:52:11,765] {base.py:265} INFO - PUT http://localhost:9200/my_index/_doc/1553468339166617602 [status:201 request:0.007s]
[2022-07-30 20:52:11,783] {base.py:265} INFO - PUT http://localhost:9200/my_index/_doc/1553468336624779265 [status:201 request:0.008s]
[2022-07-30 20:52:11,794] {base.py:265} INFO - PUT http://localhost:9200/my_index/_doc/1553468336528302083 [status:201 request:0.007s]
[2022-07-30 20:52:11,849] {base.py:265} INFO - PUT http://localhost:9200/my_index/_doc/1553468332786974720 [status:201 request:0.006s]
[2022-07-30 20:52:11,864] {base.py:265} INFO - PUT http://localhost:9200/my_index/_doc/1553468328894730240 [status:201 request:0.008s]
[2022-07-30 20:52:11,864] {twitter.py:696} INFO - Retrieving scroll page scroll:thGAVUV0VFVBaAwLiZ3c2DjysWgIC9se_Vg48rEnEVsPl5FYCJehgHREVGQVVMVDUBFQgVAAA=
[2022-07-30 20:52:11,867] {base.py:171} INFO - Retrieving https://api.twitter.com/2/search/adaptive.json?include_profile_interstitial_type=1&include_blocking=1&include_blocked_by=1&include_followed_by=1&include_want_retweets=1&include_mute_edge=1&include_can_dm=1&include_can_media_tag=1&skip_status=1&cards_platform=Web-12&include_cards=1&include_ext_alt_text=true&include_quote_count=true&include_reply_count=1&tweet_mode=extended&include_entities=true&include_user_entities=true&include_ext_media_color=true&include_ext_media_availability=true&send_error_codes=true&simple_quoted_tweets=true&q=near%3AParis+since%3A1659210480+until%3A1659210720&tweet_search_mode=live&count=100&query_source=spelling_expansion_revert_click&cursor=scroll%3AthGAVUV0VFVBaAwLiZ3c2DjysWgIC9se_Vg48rEnEVsPl5FYCJehgHREVGQVVMVDUBFQgVAAA%3D&pc=1&spelling_corrections=1&ext=mediaStats%2ChighlightedLabel
[2022-07-30 20:52:12,441] {base.py:189} INFO - Retrieved https://api.twitter.com/2/search/adaptive.json?include_profile_interstitial_type=1&include_blocking=1&include_blocked_by=1&include_followed_by=1&include_want_retweets=1&include_mute_edge=1&include_can_dm=1&include_can_media_tag=1&skip_status=1&cards_platform=Web-12&include_cards=1&include_ext_alt_text=true&include_quote_count=true&include_reply_count=1&tweet_mode=extended&include_entities=true&include_user_entities=true&include_ext_media_color=true&include_ext_media_availability=true&send_error_codes=true&simple_quoted_tweets=true&q=near%3AParis+since%3A1659210480+until%3A1659210720&tweet_search_mode=live&count=100&query_source=spelling_expansion_revert_click&cursor=scroll%3AthGAVUV0VFVBaAwLiZ3c2DjysWgIC9se_Vg48rEnEVsPl5FYCJehgHREVGQVVMVDUBFQgVAAA%3D&pc=1&spelling_corrections=1&ext=mediaStats%2ChighlightedLabel: 200
[2022-07-30 20:52:12,464] {python.py:173} INFO - Done. Returned value was: None
[2022-07-30 20:52:12,478] {taskinstance.py:1396} INFO - Marking task as SUCCESS. dag_id=data_pipeline, task_id=tweets_to_es, execution_date=20220730T194800, start_date=20220730T195203, end_date=20220730T195212
[2022-07-30 20:52:12,528] {local_task_job.py:156} INFO - Task exited with return code 0
[2022-07-30 20:52:12,545] {local_task_job.py:273} INFO - 0 downstream tasks scheduled from follow-on schedule check
