[2022-06-01 21:32:04,594] {taskinstance.py:1160} INFO - Dependencies all met for <TaskInstance: download_rocket_launches.download_launches scheduled__2022-05-27T00:00:00+00:00 [queued]>
[2022-06-01 21:32:04,600] {taskinstance.py:1160} INFO - Dependencies all met for <TaskInstance: download_rocket_launches.download_launches scheduled__2022-05-27T00:00:00+00:00 [queued]>
[2022-06-01 21:32:04,600] {taskinstance.py:1357} INFO - 
--------------------------------------------------------------------------------
[2022-06-01 21:32:04,600] {taskinstance.py:1358} INFO - Starting attempt 1 of 1
[2022-06-01 21:32:04,600] {taskinstance.py:1359} INFO - 
--------------------------------------------------------------------------------
[2022-06-01 21:32:04,610] {taskinstance.py:1378} INFO - Executing <Task(BashOperator): download_launches> on 2022-05-27 00:00:00+00:00
[2022-06-01 21:32:04,613] {standard_task_runner.py:52} INFO - Started process 22031 to run task
[2022-06-01 21:32:04,616] {standard_task_runner.py:79} INFO - Running: ['airflow', 'tasks', 'run', 'download_rocket_launches', 'download_launches', 'scheduled__2022-05-27T00:00:00+00:00', '--job-id', '34', '--raw', '--subdir', 'DAGS_FOLDER/download_rocket_launches.py', '--cfg-path', '/tmp/tmpysxc7tlp', '--error-file', '/tmp/tmp5i5v1ggd']
[2022-06-01 21:32:04,616] {standard_task_runner.py:80} INFO - Job 34: Subtask download_launches
[2022-06-01 21:32:04,648] {task_command.py:370} INFO - Running <TaskInstance: download_rocket_launches.download_launches scheduled__2022-05-27T00:00:00+00:00 [running]> on host oury-Tp
[2022-06-01 21:32:04,691] {taskinstance.py:1570} INFO - Exporting the following env vars:
AIRFLOW_CTX_DAG_OWNER=airflow
AIRFLOW_CTX_DAG_ID=download_rocket_launches
AIRFLOW_CTX_TASK_ID=download_launches
AIRFLOW_CTX_EXECUTION_DATE=2022-05-27T00:00:00+00:00
AIRFLOW_CTX_TRY_NUMBER=1
AIRFLOW_CTX_DAG_RUN_ID=scheduled__2022-05-27T00:00:00+00:00
[2022-06-01 21:32:04,692] {subprocess.py:62} INFO - Tmp dir root location: 
 /tmp
[2022-06-01 21:32:04,693] {subprocess.py:74} INFO - Running command: ['bash', '-c', "curl -o /tmp/launches.json -L 'https://ll.thespacedevs.com/2.0.0/launch/upcoming'"]
[2022-06-01 21:32:04,697] {subprocess.py:85} INFO - Output:
[2022-06-01 21:32:04,703] {subprocess.py:92} INFO -   % Total    % Received % Xferd  Average Speed   Time    Time     Time  Current
[2022-06-01 21:32:04,703] {subprocess.py:92} INFO -                                  Dload  Upload   Total   Spent    Left  Speed
[2022-06-01 21:32:05,172] {subprocess.py:92} INFO -   0     0    0     0    0     0      0      0 --:--:-- --:--:-- --:--:--     0  0     0    0     0    0     0      0      0 --:--:-- --:--:-- --:--:--     0  0     0    0     0    0     0      0      0 --:--:-- --:--:-- --:--:--     0
[2022-06-01 21:32:06,853] {subprocess.py:92} INFO -   0     0    0     0    0     0      0      0 --:--:--  0:00:01 --:--:--     0 44 26908   44 11963    0     0   5837      0  0:00:04  0:00:02  0:00:02 20661100 26908  100 26908    0     0  12516      0  0:00:02  0:00:02 --:--:-- 39570
[2022-06-01 21:32:06,855] {subprocess.py:96} INFO - Command exited with return code 0
[2022-06-01 21:32:06,874] {taskinstance.py:1396} INFO - Marking task as SUCCESS. dag_id=download_rocket_launches, task_id=download_launches, execution_date=20220527T000000, start_date=20220601T203204, end_date=20220601T203206
[2022-06-01 21:32:06,918] {local_task_job.py:156} INFO - Task exited with return code 0
[2022-06-01 21:32:06,942] {local_task_job.py:273} INFO - 1 downstream tasks scheduled from follow-on schedule check
