[2022-06-01 21:29:34,582] {taskinstance.py:1160} INFO - Dependencies all met for <TaskInstance: download_rocket_launches.get_pictures scheduled__2022-05-20T00:00:00+00:00 [queued]>
[2022-06-01 21:29:34,588] {taskinstance.py:1160} INFO - Dependencies all met for <TaskInstance: download_rocket_launches.get_pictures scheduled__2022-05-20T00:00:00+00:00 [queued]>
[2022-06-01 21:29:34,588] {taskinstance.py:1357} INFO - 
--------------------------------------------------------------------------------
[2022-06-01 21:29:34,588] {taskinstance.py:1358} INFO - Starting attempt 1 of 1
[2022-06-01 21:29:34,588] {taskinstance.py:1359} INFO - 
--------------------------------------------------------------------------------
[2022-06-01 21:29:34,599] {taskinstance.py:1378} INFO - Executing <Task(PythonOperator): get_pictures> on 2022-05-20 00:00:00+00:00
[2022-06-01 21:29:34,601] {standard_task_runner.py:52} INFO - Started process 21845 to run task
[2022-06-01 21:29:34,604] {standard_task_runner.py:79} INFO - Running: ['airflow', 'tasks', 'run', 'download_rocket_launches', 'get_pictures', 'scheduled__2022-05-20T00:00:00+00:00', '--job-id', '13', '--raw', '--subdir', 'DAGS_FOLDER/download_rocket_launches.py', '--cfg-path', '/tmp/tmprlp2ne5r', '--error-file', '/tmp/tmpt1d2sah5']
[2022-06-01 21:29:34,604] {standard_task_runner.py:80} INFO - Job 13: Subtask get_pictures
[2022-06-01 21:29:34,637] {task_command.py:370} INFO - Running <TaskInstance: download_rocket_launches.get_pictures scheduled__2022-05-20T00:00:00+00:00 [running]> on host oury-Tp
[2022-06-01 21:29:34,680] {taskinstance.py:1570} INFO - Exporting the following env vars:
AIRFLOW_CTX_DAG_OWNER=airflow
AIRFLOW_CTX_DAG_ID=download_rocket_launches
AIRFLOW_CTX_TASK_ID=get_pictures
AIRFLOW_CTX_EXECUTION_DATE=2022-05-20T00:00:00+00:00
AIRFLOW_CTX_TRY_NUMBER=1
AIRFLOW_CTX_DAG_RUN_ID=scheduled__2022-05-20T00:00:00+00:00
[2022-06-01 21:29:35,766] {logging_mixin.py:115} INFO - Downloaded https://spacelaunchnow-prod-east.nyc3.digitaloceanspaces.com/media/launcher_images/long2520march25202_image_20190222031200.jpeg to /tmp/images/long2520march25202_image_20190222031200.jpeg
[2022-06-01 21:29:37,159] {logging_mixin.py:115} INFO - Downloaded https://spacelaunchnow-prod-east.nyc3.digitaloceanspaces.com/media/launcher_images/soyuz_2.1a_image_20201013143850.jpg to /tmp/images/soyuz_2.1a_image_20201013143850.jpg
[2022-06-01 21:29:38,259] {logging_mixin.py:115} INFO - Downloaded https://spacelaunchnow-prod-east.nyc3.digitaloceanspaces.com/media/launcher_images/new2520shepard_image_20190207032624.jpeg to /tmp/images/new2520shepard_image_20190207032624.jpeg
[2022-06-01 21:29:39,339] {logging_mixin.py:115} INFO - Downloaded https://spacelaunchnow-prod-east.nyc3.digitaloceanspaces.com/media/launcher_images/long_march_2_image_20210908195835.jpeg to /tmp/images/long_march_2_image_20210908195835.jpeg
[2022-06-01 21:29:40,627] {logging_mixin.py:115} INFO - Downloaded https://spacelaunchnow-prod-east.nyc3.digitaloceanspaces.com/media/launcher_images/falcon_9_block__image_20210506060831.jpg to /tmp/images/falcon_9_block__image_20210506060831.jpg
[2022-06-01 21:29:41,735] {logging_mixin.py:115} INFO - Downloaded https://spacelaunchnow-prod-east.nyc3.digitaloceanspaces.com/media/launch_images/falcon2520925_image_20210922155026.jpeg to /tmp/images/falcon2520925_image_20210922155026.jpeg
[2022-06-01 21:29:43,118] {logging_mixin.py:115} INFO - Downloaded https://spacelaunchnow-prod-east.nyc3.digitaloceanspaces.com/media/launcher_images/electron_image_20190705175640.jpeg to /tmp/images/electron_image_20190705175640.jpeg
[2022-06-01 21:29:44,665] {logging_mixin.py:115} INFO - Downloaded https://spacelaunchnow-prod-east.nyc3.digitaloceanspaces.com/media/launcher_images/nuri_image_20211020165148.jpg to /tmp/images/nuri_image_20211020165148.jpg
[2022-06-01 21:29:46,519] {logging_mixin.py:115} INFO - Downloaded https://spacelaunchnow-prod-east.nyc3.digitaloceanspaces.com/media/launcher_images/falcon_9_block__image_20210506060831.jpg to /tmp/images/falcon_9_block__image_20210506060831.jpg
[2022-06-01 21:29:48,482] {logging_mixin.py:115} INFO - Downloaded https://spacelaunchnow-prod-east.nyc3.digitaloceanspaces.com/media/launcher_images/ariane_5_eca25_image_20200220090552.jpeg to /tmp/images/ariane_5_eca25_image_20200220090552.jpeg
[2022-06-01 21:29:48,482] {python.py:173} INFO - Done. Returned value was: None
[2022-06-01 21:29:48,488] {taskinstance.py:1396} INFO - Marking task as SUCCESS. dag_id=download_rocket_launches, task_id=get_pictures, execution_date=20220520T000000, start_date=20220601T202934, end_date=20220601T202948
[2022-06-01 21:29:48,499] {local_task_job.py:156} INFO - Task exited with return code 0
[2022-06-01 21:29:48,515] {local_task_job.py:273} INFO - 1 downstream tasks scheduled from follow-on schedule check
