[2022-06-06 00:08:59,884] {processor.py:153} INFO - Started process (PID=52772) to work on /home/oury/.local/lib/python3.10/site-packages/airflow/example_dags/example_trigger_controller_dag.py
[2022-06-06 00:08:59,884] {processor.py:641} INFO - Processing file /home/oury/.local/lib/python3.10/site-packages/airflow/example_dags/example_trigger_controller_dag.py for tasks to queue
[2022-06-06 00:08:59,885] {logging_mixin.py:115} INFO - [2022-06-06 00:08:59,885] {dagbag.py:507} INFO - Filling up the DagBag from /home/oury/.local/lib/python3.10/site-packages/airflow/example_dags/example_trigger_controller_dag.py
[2022-06-06 00:08:59,888] {processor.py:651} INFO - DAG(s) dict_keys(['example_trigger_controller_dag']) retrieved from /home/oury/.local/lib/python3.10/site-packages/airflow/example_dags/example_trigger_controller_dag.py
[2022-06-06 00:08:59,901] {logging_mixin.py:115} INFO - [2022-06-06 00:08:59,901] {dag.py:2379} INFO - Sync 1 DAGs
[2022-06-06 00:08:59,916] {logging_mixin.py:115} INFO - [2022-06-06 00:08:59,916] {dag.py:2923} INFO - Setting next_dagrun for example_trigger_controller_dag to 2021-01-01T00:00:00+00:00, run_after=2021-01-01T00:00:00+00:00
[2022-06-06 00:08:59,929] {processor.py:161} INFO - Processing /home/oury/.local/lib/python3.10/site-packages/airflow/example_dags/example_trigger_controller_dag.py took 0.047 seconds
[2022-06-06 00:09:34,298] {processor.py:153} INFO - Started process (PID=52967) to work on /home/oury/.local/lib/python3.10/site-packages/airflow/example_dags/example_trigger_controller_dag.py
[2022-06-06 00:09:34,298] {processor.py:641} INFO - Processing file /home/oury/.local/lib/python3.10/site-packages/airflow/example_dags/example_trigger_controller_dag.py for tasks to queue
[2022-06-06 00:09:34,299] {logging_mixin.py:115} INFO - [2022-06-06 00:09:34,299] {dagbag.py:507} INFO - Filling up the DagBag from /home/oury/.local/lib/python3.10/site-packages/airflow/example_dags/example_trigger_controller_dag.py
[2022-06-06 00:09:34,302] {processor.py:651} INFO - DAG(s) dict_keys(['example_trigger_controller_dag']) retrieved from /home/oury/.local/lib/python3.10/site-packages/airflow/example_dags/example_trigger_controller_dag.py
[2022-06-06 00:09:34,317] {logging_mixin.py:115} INFO - [2022-06-06 00:09:34,317] {dag.py:2379} INFO - Sync 1 DAGs
[2022-06-06 00:09:34,333] {logging_mixin.py:115} INFO - [2022-06-06 00:09:34,333] {dag.py:2923} INFO - Setting next_dagrun for example_trigger_controller_dag to 2021-01-01T00:00:00+00:00, run_after=2021-01-01T00:00:00+00:00
[2022-06-06 00:09:34,347] {processor.py:161} INFO - Processing /home/oury/.local/lib/python3.10/site-packages/airflow/example_dags/example_trigger_controller_dag.py took 0.052 seconds
[2022-06-06 00:10:09,346] {processor.py:153} INFO - Started process (PID=53119) to work on /home/oury/.local/lib/python3.10/site-packages/airflow/example_dags/example_trigger_controller_dag.py
[2022-06-06 00:10:09,347] {processor.py:641} INFO - Processing file /home/oury/.local/lib/python3.10/site-packages/airflow/example_dags/example_trigger_controller_dag.py for tasks to queue
[2022-06-06 00:10:09,347] {logging_mixin.py:115} INFO - [2022-06-06 00:10:09,347] {dagbag.py:507} INFO - Filling up the DagBag from /home/oury/.local/lib/python3.10/site-packages/airflow/example_dags/example_trigger_controller_dag.py
[2022-06-06 00:10:09,350] {processor.py:651} INFO - DAG(s) dict_keys(['example_trigger_controller_dag']) retrieved from /home/oury/.local/lib/python3.10/site-packages/airflow/example_dags/example_trigger_controller_dag.py
[2022-06-06 00:10:09,365] {logging_mixin.py:115} INFO - [2022-06-06 00:10:09,365] {dag.py:2379} INFO - Sync 1 DAGs
[2022-06-06 00:10:09,381] {logging_mixin.py:115} INFO - [2022-06-06 00:10:09,381] {dag.py:2923} INFO - Setting next_dagrun for example_trigger_controller_dag to 2021-01-01T00:00:00+00:00, run_after=2021-01-01T00:00:00+00:00
[2022-06-06 00:10:09,397] {processor.py:161} INFO - Processing /home/oury/.local/lib/python3.10/site-packages/airflow/example_dags/example_trigger_controller_dag.py took 0.053 seconds
[2022-06-06 00:10:42,457] {processor.py:153} INFO - Started process (PID=53317) to work on /home/oury/.local/lib/python3.10/site-packages/airflow/example_dags/example_trigger_controller_dag.py
[2022-06-06 00:10:42,458] {processor.py:641} INFO - Processing file /home/oury/.local/lib/python3.10/site-packages/airflow/example_dags/example_trigger_controller_dag.py for tasks to queue
[2022-06-06 00:10:42,458] {logging_mixin.py:115} INFO - [2022-06-06 00:10:42,458] {dagbag.py:507} INFO - Filling up the DagBag from /home/oury/.local/lib/python3.10/site-packages/airflow/example_dags/example_trigger_controller_dag.py
[2022-06-06 00:10:42,461] {processor.py:651} INFO - DAG(s) dict_keys(['example_trigger_controller_dag']) retrieved from /home/oury/.local/lib/python3.10/site-packages/airflow/example_dags/example_trigger_controller_dag.py
[2022-06-06 00:10:42,475] {logging_mixin.py:115} INFO - [2022-06-06 00:10:42,475] {dag.py:2379} INFO - Sync 1 DAGs
[2022-06-06 00:10:42,491] {logging_mixin.py:115} INFO - [2022-06-06 00:10:42,491] {dag.py:2923} INFO - Setting next_dagrun for example_trigger_controller_dag to 2021-01-01T00:00:00+00:00, run_after=2021-01-01T00:00:00+00:00
[2022-06-06 00:10:42,505] {processor.py:161} INFO - Processing /home/oury/.local/lib/python3.10/site-packages/airflow/example_dags/example_trigger_controller_dag.py took 0.050 seconds
[2022-06-06 00:11:15,220] {processor.py:153} INFO - Started process (PID=53495) to work on /home/oury/.local/lib/python3.10/site-packages/airflow/example_dags/example_trigger_controller_dag.py
[2022-06-06 00:11:15,221] {processor.py:641} INFO - Processing file /home/oury/.local/lib/python3.10/site-packages/airflow/example_dags/example_trigger_controller_dag.py for tasks to queue
[2022-06-06 00:11:15,221] {logging_mixin.py:115} INFO - [2022-06-06 00:11:15,221] {dagbag.py:507} INFO - Filling up the DagBag from /home/oury/.local/lib/python3.10/site-packages/airflow/example_dags/example_trigger_controller_dag.py
[2022-06-06 00:11:15,225] {processor.py:651} INFO - DAG(s) dict_keys(['example_trigger_controller_dag']) retrieved from /home/oury/.local/lib/python3.10/site-packages/airflow/example_dags/example_trigger_controller_dag.py
[2022-06-06 00:11:15,248] {logging_mixin.py:115} INFO - [2022-06-06 00:11:15,248] {dag.py:2379} INFO - Sync 1 DAGs
[2022-06-06 00:11:15,275] {logging_mixin.py:115} INFO - [2022-06-06 00:11:15,275] {dag.py:2923} INFO - Setting next_dagrun for example_trigger_controller_dag to 2021-01-01T00:00:00+00:00, run_after=2021-01-01T00:00:00+00:00
[2022-06-06 00:11:15,295] {processor.py:161} INFO - Processing /home/oury/.local/lib/python3.10/site-packages/airflow/example_dags/example_trigger_controller_dag.py took 0.078 seconds
[2022-06-06 00:11:48,810] {processor.py:153} INFO - Started process (PID=53600) to work on /home/oury/.local/lib/python3.10/site-packages/airflow/example_dags/example_trigger_controller_dag.py
[2022-06-06 00:11:48,810] {processor.py:641} INFO - Processing file /home/oury/.local/lib/python3.10/site-packages/airflow/example_dags/example_trigger_controller_dag.py for tasks to queue
[2022-06-06 00:11:48,810] {logging_mixin.py:115} INFO - [2022-06-06 00:11:48,810] {dagbag.py:507} INFO - Filling up the DagBag from /home/oury/.local/lib/python3.10/site-packages/airflow/example_dags/example_trigger_controller_dag.py
[2022-06-06 00:11:48,813] {processor.py:651} INFO - DAG(s) dict_keys(['example_trigger_controller_dag']) retrieved from /home/oury/.local/lib/python3.10/site-packages/airflow/example_dags/example_trigger_controller_dag.py
[2022-06-06 00:11:48,826] {logging_mixin.py:115} INFO - [2022-06-06 00:11:48,826] {dag.py:2379} INFO - Sync 1 DAGs
[2022-06-06 00:11:48,842] {logging_mixin.py:115} INFO - [2022-06-06 00:11:48,842] {dag.py:2923} INFO - Setting next_dagrun for example_trigger_controller_dag to 2021-01-01T00:00:00+00:00, run_after=2021-01-01T00:00:00+00:00
[2022-06-06 00:11:48,855] {processor.py:161} INFO - Processing /home/oury/.local/lib/python3.10/site-packages/airflow/example_dags/example_trigger_controller_dag.py took 0.048 seconds
[2022-06-06 00:12:22,288] {processor.py:153} INFO - Started process (PID=53653) to work on /home/oury/.local/lib/python3.10/site-packages/airflow/example_dags/example_trigger_controller_dag.py
[2022-06-06 00:12:22,298] {processor.py:641} INFO - Processing file /home/oury/.local/lib/python3.10/site-packages/airflow/example_dags/example_trigger_controller_dag.py for tasks to queue
[2022-06-06 00:12:22,299] {logging_mixin.py:115} INFO - [2022-06-06 00:12:22,299] {dagbag.py:507} INFO - Filling up the DagBag from /home/oury/.local/lib/python3.10/site-packages/airflow/example_dags/example_trigger_controller_dag.py
[2022-06-06 00:12:22,304] {processor.py:651} INFO - DAG(s) dict_keys(['example_trigger_controller_dag']) retrieved from /home/oury/.local/lib/python3.10/site-packages/airflow/example_dags/example_trigger_controller_dag.py
[2022-06-06 00:12:22,386] {logging_mixin.py:115} INFO - [2022-06-06 00:12:22,372] {dag.py:2379} INFO - Sync 1 DAGs
[2022-06-06 00:12:22,456] {logging_mixin.py:115} INFO - [2022-06-06 00:12:22,456] {dag.py:2923} INFO - Setting next_dagrun for example_trigger_controller_dag to 2021-01-01T00:00:00+00:00, run_after=2021-01-01T00:00:00+00:00
[2022-06-06 00:12:22,511] {processor.py:161} INFO - Processing /home/oury/.local/lib/python3.10/site-packages/airflow/example_dags/example_trigger_controller_dag.py took 0.228 seconds
[2022-06-06 00:15:18,461] {processor.py:153} INFO - Started process (PID=54148) to work on /home/oury/.local/lib/python3.10/site-packages/airflow/example_dags/example_trigger_controller_dag.py
[2022-06-06 00:15:18,462] {processor.py:641} INFO - Processing file /home/oury/.local/lib/python3.10/site-packages/airflow/example_dags/example_trigger_controller_dag.py for tasks to queue
[2022-06-06 00:15:18,462] {logging_mixin.py:115} INFO - [2022-06-06 00:15:18,462] {dagbag.py:507} INFO - Filling up the DagBag from /home/oury/.local/lib/python3.10/site-packages/airflow/example_dags/example_trigger_controller_dag.py
[2022-06-06 00:15:18,465] {processor.py:651} INFO - DAG(s) dict_keys(['example_trigger_controller_dag']) retrieved from /home/oury/.local/lib/python3.10/site-packages/airflow/example_dags/example_trigger_controller_dag.py
[2022-06-06 00:15:18,482] {logging_mixin.py:115} INFO - [2022-06-06 00:15:18,482] {dag.py:2379} INFO - Sync 1 DAGs
[2022-06-06 00:15:18,501] {logging_mixin.py:115} INFO - [2022-06-06 00:15:18,500] {dag.py:2923} INFO - Setting next_dagrun for example_trigger_controller_dag to 2021-01-01T00:00:00+00:00, run_after=2021-01-01T00:00:00+00:00
[2022-06-06 00:15:18,518] {processor.py:161} INFO - Processing /home/oury/.local/lib/python3.10/site-packages/airflow/example_dags/example_trigger_controller_dag.py took 0.061 seconds
[2022-06-06 00:15:58,888] {processor.py:153} INFO - Started process (PID=54508) to work on /home/oury/.local/lib/python3.10/site-packages/airflow/example_dags/example_trigger_controller_dag.py
[2022-06-06 00:15:58,890] {processor.py:641} INFO - Processing file /home/oury/.local/lib/python3.10/site-packages/airflow/example_dags/example_trigger_controller_dag.py for tasks to queue
[2022-06-06 00:15:58,890] {logging_mixin.py:115} INFO - [2022-06-06 00:15:58,890] {dagbag.py:507} INFO - Filling up the DagBag from /home/oury/.local/lib/python3.10/site-packages/airflow/example_dags/example_trigger_controller_dag.py
[2022-06-06 00:15:58,894] {processor.py:651} INFO - DAG(s) dict_keys(['example_trigger_controller_dag']) retrieved from /home/oury/.local/lib/python3.10/site-packages/airflow/example_dags/example_trigger_controller_dag.py
[2022-06-06 00:15:58,912] {logging_mixin.py:115} INFO - [2022-06-06 00:15:58,912] {dag.py:2379} INFO - Sync 1 DAGs
[2022-06-06 00:15:58,929] {logging_mixin.py:115} INFO - [2022-06-06 00:15:58,929] {dag.py:2923} INFO - Setting next_dagrun for example_trigger_controller_dag to 2021-01-01T00:00:00+00:00, run_after=2021-01-01T00:00:00+00:00
[2022-06-06 00:15:58,944] {processor.py:161} INFO - Processing /home/oury/.local/lib/python3.10/site-packages/airflow/example_dags/example_trigger_controller_dag.py took 0.058 seconds
[2022-06-06 00:16:48,598] {processor.py:153} INFO - Started process (PID=55051) to work on /home/oury/.local/lib/python3.10/site-packages/airflow/example_dags/example_trigger_controller_dag.py
[2022-06-06 00:16:48,599] {processor.py:641} INFO - Processing file /home/oury/.local/lib/python3.10/site-packages/airflow/example_dags/example_trigger_controller_dag.py for tasks to queue
[2022-06-06 00:16:48,600] {logging_mixin.py:115} INFO - [2022-06-06 00:16:48,599] {dagbag.py:507} INFO - Filling up the DagBag from /home/oury/.local/lib/python3.10/site-packages/airflow/example_dags/example_trigger_controller_dag.py
[2022-06-06 00:16:48,602] {processor.py:651} INFO - DAG(s) dict_keys(['example_trigger_controller_dag']) retrieved from /home/oury/.local/lib/python3.10/site-packages/airflow/example_dags/example_trigger_controller_dag.py
[2022-06-06 00:16:48,617] {logging_mixin.py:115} INFO - [2022-06-06 00:16:48,617] {dag.py:2379} INFO - Sync 1 DAGs
[2022-06-06 00:16:48,634] {logging_mixin.py:115} INFO - [2022-06-06 00:16:48,634] {dag.py:2923} INFO - Setting next_dagrun for example_trigger_controller_dag to 2021-01-01T00:00:00+00:00, run_after=2021-01-01T00:00:00+00:00
[2022-06-06 00:16:48,649] {processor.py:161} INFO - Processing /home/oury/.local/lib/python3.10/site-packages/airflow/example_dags/example_trigger_controller_dag.py took 0.054 seconds
[2022-06-06 00:17:55,098] {processor.py:153} INFO - Started process (PID=55752) to work on /home/oury/.local/lib/python3.10/site-packages/airflow/example_dags/example_trigger_controller_dag.py
[2022-06-06 00:17:55,099] {processor.py:641} INFO - Processing file /home/oury/.local/lib/python3.10/site-packages/airflow/example_dags/example_trigger_controller_dag.py for tasks to queue
[2022-06-06 00:17:55,100] {logging_mixin.py:115} INFO - [2022-06-06 00:17:55,099] {dagbag.py:507} INFO - Filling up the DagBag from /home/oury/.local/lib/python3.10/site-packages/airflow/example_dags/example_trigger_controller_dag.py
[2022-06-06 00:17:55,103] {processor.py:651} INFO - DAG(s) dict_keys(['example_trigger_controller_dag']) retrieved from /home/oury/.local/lib/python3.10/site-packages/airflow/example_dags/example_trigger_controller_dag.py
[2022-06-06 00:17:55,117] {logging_mixin.py:115} INFO - [2022-06-06 00:17:55,116] {dag.py:2379} INFO - Sync 1 DAGs
[2022-06-06 00:17:55,132] {logging_mixin.py:115} INFO - [2022-06-06 00:17:55,132] {dag.py:2923} INFO - Setting next_dagrun for example_trigger_controller_dag to 2021-01-01T00:00:00+00:00, run_after=2021-01-01T00:00:00+00:00
[2022-06-06 00:17:55,147] {processor.py:161} INFO - Processing /home/oury/.local/lib/python3.10/site-packages/airflow/example_dags/example_trigger_controller_dag.py took 0.051 seconds
[2022-06-06 00:18:42,924] {processor.py:153} INFO - Started process (PID=56199) to work on /home/oury/.local/lib/python3.10/site-packages/airflow/example_dags/example_trigger_controller_dag.py
[2022-06-06 00:18:42,925] {processor.py:641} INFO - Processing file /home/oury/.local/lib/python3.10/site-packages/airflow/example_dags/example_trigger_controller_dag.py for tasks to queue
[2022-06-06 00:18:42,926] {logging_mixin.py:115} INFO - [2022-06-06 00:18:42,925] {dagbag.py:507} INFO - Filling up the DagBag from /home/oury/.local/lib/python3.10/site-packages/airflow/example_dags/example_trigger_controller_dag.py
[2022-06-06 00:18:42,929] {processor.py:651} INFO - DAG(s) dict_keys(['example_trigger_controller_dag']) retrieved from /home/oury/.local/lib/python3.10/site-packages/airflow/example_dags/example_trigger_controller_dag.py
[2022-06-06 00:18:42,946] {logging_mixin.py:115} INFO - [2022-06-06 00:18:42,945] {dag.py:2379} INFO - Sync 1 DAGs
[2022-06-06 00:18:42,969] {logging_mixin.py:115} INFO - [2022-06-06 00:18:42,969] {dag.py:2923} INFO - Setting next_dagrun for example_trigger_controller_dag to 2021-01-01T00:00:00+00:00, run_after=2021-01-01T00:00:00+00:00
[2022-06-06 00:18:42,984] {processor.py:161} INFO - Processing /home/oury/.local/lib/python3.10/site-packages/airflow/example_dags/example_trigger_controller_dag.py took 0.063 seconds
[2022-06-06 00:19:23,013] {processor.py:153} INFO - Started process (PID=56437) to work on /home/oury/.local/lib/python3.10/site-packages/airflow/example_dags/example_trigger_controller_dag.py
[2022-06-06 00:19:23,014] {processor.py:641} INFO - Processing file /home/oury/.local/lib/python3.10/site-packages/airflow/example_dags/example_trigger_controller_dag.py for tasks to queue
[2022-06-06 00:19:23,014] {logging_mixin.py:115} INFO - [2022-06-06 00:19:23,014] {dagbag.py:507} INFO - Filling up the DagBag from /home/oury/.local/lib/python3.10/site-packages/airflow/example_dags/example_trigger_controller_dag.py
[2022-06-06 00:19:23,017] {processor.py:651} INFO - DAG(s) dict_keys(['example_trigger_controller_dag']) retrieved from /home/oury/.local/lib/python3.10/site-packages/airflow/example_dags/example_trigger_controller_dag.py
[2022-06-06 00:19:23,030] {logging_mixin.py:115} INFO - [2022-06-06 00:19:23,030] {dag.py:2379} INFO - Sync 1 DAGs
[2022-06-06 00:19:23,046] {logging_mixin.py:115} INFO - [2022-06-06 00:19:23,046] {dag.py:2923} INFO - Setting next_dagrun for example_trigger_controller_dag to 2021-01-01T00:00:00+00:00, run_after=2021-01-01T00:00:00+00:00
[2022-06-06 00:19:23,059] {processor.py:161} INFO - Processing /home/oury/.local/lib/python3.10/site-packages/airflow/example_dags/example_trigger_controller_dag.py took 0.048 seconds
