[2022-06-06 00:08:20,424] {processor.py:153} INFO - Started process (PID=52437) to work on /home/oury/.local/lib/python3.10/site-packages/airflow/example_dags/example_trigger_target_dag.py
[2022-06-06 00:08:20,424] {processor.py:641} INFO - Processing file /home/oury/.local/lib/python3.10/site-packages/airflow/example_dags/example_trigger_target_dag.py for tasks to queue
[2022-06-06 00:08:20,424] {logging_mixin.py:115} INFO - [2022-06-06 00:08:20,424] {dagbag.py:507} INFO - Filling up the DagBag from /home/oury/.local/lib/python3.10/site-packages/airflow/example_dags/example_trigger_target_dag.py
[2022-06-06 00:08:20,438] {processor.py:651} INFO - DAG(s) dict_keys(['example_trigger_target_dag']) retrieved from /home/oury/.local/lib/python3.10/site-packages/airflow/example_dags/example_trigger_target_dag.py
[2022-06-06 00:08:20,450] {logging_mixin.py:115} INFO - [2022-06-06 00:08:20,450] {dag.py:2379} INFO - Sync 1 DAGs
[2022-06-06 00:08:20,469] {logging_mixin.py:115} INFO - [2022-06-06 00:08:20,468] {dag.py:2923} INFO - Setting next_dagrun for example_trigger_target_dag to None, run_after=None
[2022-06-06 00:08:20,479] {processor.py:161} INFO - Processing /home/oury/.local/lib/python3.10/site-packages/airflow/example_dags/example_trigger_target_dag.py took 0.058 seconds
[2022-06-06 00:09:32,024] {processor.py:153} INFO - Started process (PID=52949) to work on /home/oury/.local/lib/python3.10/site-packages/airflow/example_dags/example_trigger_target_dag.py
[2022-06-06 00:09:32,025] {processor.py:641} INFO - Processing file /home/oury/.local/lib/python3.10/site-packages/airflow/example_dags/example_trigger_target_dag.py for tasks to queue
[2022-06-06 00:09:32,025] {logging_mixin.py:115} INFO - [2022-06-06 00:09:32,025] {dagbag.py:507} INFO - Filling up the DagBag from /home/oury/.local/lib/python3.10/site-packages/airflow/example_dags/example_trigger_target_dag.py
[2022-06-06 00:09:32,041] {processor.py:651} INFO - DAG(s) dict_keys(['example_trigger_target_dag']) retrieved from /home/oury/.local/lib/python3.10/site-packages/airflow/example_dags/example_trigger_target_dag.py
[2022-06-06 00:09:32,054] {logging_mixin.py:115} INFO - [2022-06-06 00:09:32,054] {dag.py:2379} INFO - Sync 1 DAGs
[2022-06-06 00:09:32,073] {logging_mixin.py:115} INFO - [2022-06-06 00:09:32,073] {dag.py:2923} INFO - Setting next_dagrun for example_trigger_target_dag to None, run_after=None
[2022-06-06 00:09:32,085] {processor.py:161} INFO - Processing /home/oury/.local/lib/python3.10/site-packages/airflow/example_dags/example_trigger_target_dag.py took 0.063 seconds
[2022-06-06 00:10:06,963] {processor.py:153} INFO - Started process (PID=53116) to work on /home/oury/.local/lib/python3.10/site-packages/airflow/example_dags/example_trigger_target_dag.py
[2022-06-06 00:10:06,966] {processor.py:641} INFO - Processing file /home/oury/.local/lib/python3.10/site-packages/airflow/example_dags/example_trigger_target_dag.py for tasks to queue
[2022-06-06 00:10:06,967] {logging_mixin.py:115} INFO - [2022-06-06 00:10:06,967] {dagbag.py:507} INFO - Filling up the DagBag from /home/oury/.local/lib/python3.10/site-packages/airflow/example_dags/example_trigger_target_dag.py
[2022-06-06 00:10:06,995] {processor.py:651} INFO - DAG(s) dict_keys(['example_trigger_target_dag']) retrieved from /home/oury/.local/lib/python3.10/site-packages/airflow/example_dags/example_trigger_target_dag.py
[2022-06-06 00:10:07,021] {logging_mixin.py:115} INFO - [2022-06-06 00:10:07,021] {dag.py:2379} INFO - Sync 1 DAGs
[2022-06-06 00:10:07,052] {logging_mixin.py:115} INFO - [2022-06-06 00:10:07,052] {dag.py:2923} INFO - Setting next_dagrun for example_trigger_target_dag to None, run_after=None
[2022-06-06 00:10:07,069] {processor.py:161} INFO - Processing /home/oury/.local/lib/python3.10/site-packages/airflow/example_dags/example_trigger_target_dag.py took 0.112 seconds
[2022-06-06 00:10:37,969] {processor.py:153} INFO - Started process (PID=53311) to work on /home/oury/.local/lib/python3.10/site-packages/airflow/example_dags/example_trigger_target_dag.py
[2022-06-06 00:10:37,970] {processor.py:641} INFO - Processing file /home/oury/.local/lib/python3.10/site-packages/airflow/example_dags/example_trigger_target_dag.py for tasks to queue
[2022-06-06 00:10:37,971] {logging_mixin.py:115} INFO - [2022-06-06 00:10:37,970] {dagbag.py:507} INFO - Filling up the DagBag from /home/oury/.local/lib/python3.10/site-packages/airflow/example_dags/example_trigger_target_dag.py
[2022-06-06 00:10:37,985] {processor.py:651} INFO - DAG(s) dict_keys(['example_trigger_target_dag']) retrieved from /home/oury/.local/lib/python3.10/site-packages/airflow/example_dags/example_trigger_target_dag.py
[2022-06-06 00:10:37,998] {logging_mixin.py:115} INFO - [2022-06-06 00:10:37,998] {dag.py:2379} INFO - Sync 1 DAGs
[2022-06-06 00:10:38,019] {logging_mixin.py:115} INFO - [2022-06-06 00:10:38,019] {dag.py:2923} INFO - Setting next_dagrun for example_trigger_target_dag to None, run_after=None
[2022-06-06 00:10:38,032] {processor.py:161} INFO - Processing /home/oury/.local/lib/python3.10/site-packages/airflow/example_dags/example_trigger_target_dag.py took 0.065 seconds
[2022-06-06 00:11:11,325] {processor.py:153} INFO - Started process (PID=53459) to work on /home/oury/.local/lib/python3.10/site-packages/airflow/example_dags/example_trigger_target_dag.py
[2022-06-06 00:11:11,326] {processor.py:641} INFO - Processing file /home/oury/.local/lib/python3.10/site-packages/airflow/example_dags/example_trigger_target_dag.py for tasks to queue
[2022-06-06 00:11:11,326] {logging_mixin.py:115} INFO - [2022-06-06 00:11:11,326] {dagbag.py:507} INFO - Filling up the DagBag from /home/oury/.local/lib/python3.10/site-packages/airflow/example_dags/example_trigger_target_dag.py
[2022-06-06 00:11:11,341] {processor.py:651} INFO - DAG(s) dict_keys(['example_trigger_target_dag']) retrieved from /home/oury/.local/lib/python3.10/site-packages/airflow/example_dags/example_trigger_target_dag.py
[2022-06-06 00:11:11,355] {logging_mixin.py:115} INFO - [2022-06-06 00:11:11,354] {dag.py:2379} INFO - Sync 1 DAGs
[2022-06-06 00:11:11,373] {logging_mixin.py:115} INFO - [2022-06-06 00:11:11,373] {dag.py:2923} INFO - Setting next_dagrun for example_trigger_target_dag to None, run_after=None
[2022-06-06 00:11:11,386] {processor.py:161} INFO - Processing /home/oury/.local/lib/python3.10/site-packages/airflow/example_dags/example_trigger_target_dag.py took 0.063 seconds
[2022-06-06 00:11:46,502] {processor.py:153} INFO - Started process (PID=53597) to work on /home/oury/.local/lib/python3.10/site-packages/airflow/example_dags/example_trigger_target_dag.py
[2022-06-06 00:11:46,503] {processor.py:641} INFO - Processing file /home/oury/.local/lib/python3.10/site-packages/airflow/example_dags/example_trigger_target_dag.py for tasks to queue
[2022-06-06 00:11:46,503] {logging_mixin.py:115} INFO - [2022-06-06 00:11:46,503] {dagbag.py:507} INFO - Filling up the DagBag from /home/oury/.local/lib/python3.10/site-packages/airflow/example_dags/example_trigger_target_dag.py
[2022-06-06 00:11:46,518] {processor.py:651} INFO - DAG(s) dict_keys(['example_trigger_target_dag']) retrieved from /home/oury/.local/lib/python3.10/site-packages/airflow/example_dags/example_trigger_target_dag.py
[2022-06-06 00:11:46,530] {logging_mixin.py:115} INFO - [2022-06-06 00:11:46,530] {dag.py:2379} INFO - Sync 1 DAGs
[2022-06-06 00:11:46,548] {logging_mixin.py:115} INFO - [2022-06-06 00:11:46,548] {dag.py:2923} INFO - Setting next_dagrun for example_trigger_target_dag to None, run_after=None
[2022-06-06 00:11:46,560] {processor.py:161} INFO - Processing /home/oury/.local/lib/python3.10/site-packages/airflow/example_dags/example_trigger_target_dag.py took 0.060 seconds
[2022-06-06 00:12:20,323] {processor.py:153} INFO - Started process (PID=53651) to work on /home/oury/.local/lib/python3.10/site-packages/airflow/example_dags/example_trigger_target_dag.py
[2022-06-06 00:12:20,324] {processor.py:641} INFO - Processing file /home/oury/.local/lib/python3.10/site-packages/airflow/example_dags/example_trigger_target_dag.py for tasks to queue
[2022-06-06 00:12:20,325] {logging_mixin.py:115} INFO - [2022-06-06 00:12:20,324] {dagbag.py:507} INFO - Filling up the DagBag from /home/oury/.local/lib/python3.10/site-packages/airflow/example_dags/example_trigger_target_dag.py
[2022-06-06 00:12:20,350] {processor.py:651} INFO - DAG(s) dict_keys(['example_trigger_target_dag']) retrieved from /home/oury/.local/lib/python3.10/site-packages/airflow/example_dags/example_trigger_target_dag.py
[2022-06-06 00:12:20,372] {logging_mixin.py:115} INFO - [2022-06-06 00:12:20,372] {dag.py:2379} INFO - Sync 1 DAGs
[2022-06-06 00:12:20,396] {logging_mixin.py:115} INFO - [2022-06-06 00:12:20,396] {dag.py:2923} INFO - Setting next_dagrun for example_trigger_target_dag to None, run_after=None
[2022-06-06 00:12:20,407] {processor.py:161} INFO - Processing /home/oury/.local/lib/python3.10/site-packages/airflow/example_dags/example_trigger_target_dag.py took 0.088 seconds
[2022-06-06 00:15:16,266] {processor.py:153} INFO - Started process (PID=54116) to work on /home/oury/.local/lib/python3.10/site-packages/airflow/example_dags/example_trigger_target_dag.py
[2022-06-06 00:15:16,266] {processor.py:641} INFO - Processing file /home/oury/.local/lib/python3.10/site-packages/airflow/example_dags/example_trigger_target_dag.py for tasks to queue
[2022-06-06 00:15:16,267] {logging_mixin.py:115} INFO - [2022-06-06 00:15:16,266] {dagbag.py:507} INFO - Filling up the DagBag from /home/oury/.local/lib/python3.10/site-packages/airflow/example_dags/example_trigger_target_dag.py
[2022-06-06 00:15:16,283] {processor.py:651} INFO - DAG(s) dict_keys(['example_trigger_target_dag']) retrieved from /home/oury/.local/lib/python3.10/site-packages/airflow/example_dags/example_trigger_target_dag.py
[2022-06-06 00:15:16,297] {logging_mixin.py:115} INFO - [2022-06-06 00:15:16,297] {dag.py:2379} INFO - Sync 1 DAGs
[2022-06-06 00:15:16,317] {logging_mixin.py:115} INFO - [2022-06-06 00:15:16,317] {dag.py:2923} INFO - Setting next_dagrun for example_trigger_target_dag to None, run_after=None
[2022-06-06 00:15:16,330] {processor.py:161} INFO - Processing /home/oury/.local/lib/python3.10/site-packages/airflow/example_dags/example_trigger_target_dag.py took 0.067 seconds
[2022-06-06 00:15:50,653] {processor.py:153} INFO - Started process (PID=54365) to work on /home/oury/.local/lib/python3.10/site-packages/airflow/example_dags/example_trigger_target_dag.py
[2022-06-06 00:15:50,654] {processor.py:641} INFO - Processing file /home/oury/.local/lib/python3.10/site-packages/airflow/example_dags/example_trigger_target_dag.py for tasks to queue
[2022-06-06 00:15:50,655] {logging_mixin.py:115} INFO - [2022-06-06 00:15:50,655] {dagbag.py:507} INFO - Filling up the DagBag from /home/oury/.local/lib/python3.10/site-packages/airflow/example_dags/example_trigger_target_dag.py
[2022-06-06 00:15:50,671] {processor.py:651} INFO - DAG(s) dict_keys(['example_trigger_target_dag']) retrieved from /home/oury/.local/lib/python3.10/site-packages/airflow/example_dags/example_trigger_target_dag.py
[2022-06-06 00:15:50,690] {logging_mixin.py:115} INFO - [2022-06-06 00:15:50,690] {dag.py:2379} INFO - Sync 1 DAGs
[2022-06-06 00:15:50,724] {logging_mixin.py:115} INFO - [2022-06-06 00:15:50,724] {dag.py:2923} INFO - Setting next_dagrun for example_trigger_target_dag to None, run_after=None
[2022-06-06 00:15:50,745] {processor.py:161} INFO - Processing /home/oury/.local/lib/python3.10/site-packages/airflow/example_dags/example_trigger_target_dag.py took 0.095 seconds
[2022-06-06 00:16:45,103] {processor.py:153} INFO - Started process (PID=54980) to work on /home/oury/.local/lib/python3.10/site-packages/airflow/example_dags/example_trigger_target_dag.py
[2022-06-06 00:16:45,104] {processor.py:641} INFO - Processing file /home/oury/.local/lib/python3.10/site-packages/airflow/example_dags/example_trigger_target_dag.py for tasks to queue
[2022-06-06 00:16:45,104] {logging_mixin.py:115} INFO - [2022-06-06 00:16:45,104] {dagbag.py:507} INFO - Filling up the DagBag from /home/oury/.local/lib/python3.10/site-packages/airflow/example_dags/example_trigger_target_dag.py
[2022-06-06 00:16:45,123] {processor.py:651} INFO - DAG(s) dict_keys(['example_trigger_target_dag']) retrieved from /home/oury/.local/lib/python3.10/site-packages/airflow/example_dags/example_trigger_target_dag.py
[2022-06-06 00:16:45,137] {logging_mixin.py:115} INFO - [2022-06-06 00:16:45,137] {dag.py:2379} INFO - Sync 1 DAGs
[2022-06-06 00:16:45,158] {logging_mixin.py:115} INFO - [2022-06-06 00:16:45,158] {dag.py:2923} INFO - Setting next_dagrun for example_trigger_target_dag to None, run_after=None
[2022-06-06 00:16:45,170] {processor.py:161} INFO - Processing /home/oury/.local/lib/python3.10/site-packages/airflow/example_dags/example_trigger_target_dag.py took 0.071 seconds
[2022-06-06 00:17:23,101] {processor.py:153} INFO - Started process (PID=55494) to work on /home/oury/.local/lib/python3.10/site-packages/airflow/example_dags/example_trigger_target_dag.py
[2022-06-06 00:17:23,101] {processor.py:641} INFO - Processing file /home/oury/.local/lib/python3.10/site-packages/airflow/example_dags/example_trigger_target_dag.py for tasks to queue
[2022-06-06 00:17:23,102] {logging_mixin.py:115} INFO - [2022-06-06 00:17:23,102] {dagbag.py:507} INFO - Filling up the DagBag from /home/oury/.local/lib/python3.10/site-packages/airflow/example_dags/example_trigger_target_dag.py
[2022-06-06 00:17:23,117] {processor.py:651} INFO - DAG(s) dict_keys(['example_trigger_target_dag']) retrieved from /home/oury/.local/lib/python3.10/site-packages/airflow/example_dags/example_trigger_target_dag.py
[2022-06-06 00:17:23,132] {logging_mixin.py:115} INFO - [2022-06-06 00:17:23,131] {dag.py:2379} INFO - Sync 1 DAGs
[2022-06-06 00:17:23,149] {logging_mixin.py:115} INFO - [2022-06-06 00:17:23,149] {dag.py:2923} INFO - Setting next_dagrun for example_trigger_target_dag to None, run_after=None
[2022-06-06 00:17:23,161] {processor.py:161} INFO - Processing /home/oury/.local/lib/python3.10/site-packages/airflow/example_dags/example_trigger_target_dag.py took 0.062 seconds
[2022-06-06 00:18:23,603] {processor.py:153} INFO - Started process (PID=55994) to work on /home/oury/.local/lib/python3.10/site-packages/airflow/example_dags/example_trigger_target_dag.py
[2022-06-06 00:18:23,604] {processor.py:641} INFO - Processing file /home/oury/.local/lib/python3.10/site-packages/airflow/example_dags/example_trigger_target_dag.py for tasks to queue
[2022-06-06 00:18:23,604] {logging_mixin.py:115} INFO - [2022-06-06 00:18:23,604] {dagbag.py:507} INFO - Filling up the DagBag from /home/oury/.local/lib/python3.10/site-packages/airflow/example_dags/example_trigger_target_dag.py
[2022-06-06 00:18:23,618] {processor.py:651} INFO - DAG(s) dict_keys(['example_trigger_target_dag']) retrieved from /home/oury/.local/lib/python3.10/site-packages/airflow/example_dags/example_trigger_target_dag.py
[2022-06-06 00:18:23,630] {logging_mixin.py:115} INFO - [2022-06-06 00:18:23,630] {dag.py:2379} INFO - Sync 1 DAGs
[2022-06-06 00:18:23,648] {logging_mixin.py:115} INFO - [2022-06-06 00:18:23,648] {dag.py:2923} INFO - Setting next_dagrun for example_trigger_target_dag to None, run_after=None
[2022-06-06 00:18:23,659] {processor.py:161} INFO - Processing /home/oury/.local/lib/python3.10/site-packages/airflow/example_dags/example_trigger_target_dag.py took 0.058 seconds
[2022-06-06 00:18:56,649] {processor.py:153} INFO - Started process (PID=56252) to work on /home/oury/.local/lib/python3.10/site-packages/airflow/example_dags/example_trigger_target_dag.py
[2022-06-06 00:18:56,650] {processor.py:641} INFO - Processing file /home/oury/.local/lib/python3.10/site-packages/airflow/example_dags/example_trigger_target_dag.py for tasks to queue
[2022-06-06 00:18:56,650] {logging_mixin.py:115} INFO - [2022-06-06 00:18:56,650] {dagbag.py:507} INFO - Filling up the DagBag from /home/oury/.local/lib/python3.10/site-packages/airflow/example_dags/example_trigger_target_dag.py
[2022-06-06 00:18:56,665] {processor.py:651} INFO - DAG(s) dict_keys(['example_trigger_target_dag']) retrieved from /home/oury/.local/lib/python3.10/site-packages/airflow/example_dags/example_trigger_target_dag.py
[2022-06-06 00:18:56,677] {logging_mixin.py:115} INFO - [2022-06-06 00:18:56,677] {dag.py:2379} INFO - Sync 1 DAGs
[2022-06-06 00:18:56,695] {logging_mixin.py:115} INFO - [2022-06-06 00:18:56,695] {dag.py:2923} INFO - Setting next_dagrun for example_trigger_target_dag to None, run_after=None
[2022-06-06 00:18:56,705] {processor.py:161} INFO - Processing /home/oury/.local/lib/python3.10/site-packages/airflow/example_dags/example_trigger_target_dag.py took 0.058 seconds
[2022-06-06 00:19:33,650] {processor.py:153} INFO - Started process (PID=56454) to work on /home/oury/.local/lib/python3.10/site-packages/airflow/example_dags/example_trigger_target_dag.py
[2022-06-06 00:19:33,651] {processor.py:641} INFO - Processing file /home/oury/.local/lib/python3.10/site-packages/airflow/example_dags/example_trigger_target_dag.py for tasks to queue
[2022-06-06 00:19:33,651] {logging_mixin.py:115} INFO - [2022-06-06 00:19:33,651] {dagbag.py:507} INFO - Filling up the DagBag from /home/oury/.local/lib/python3.10/site-packages/airflow/example_dags/example_trigger_target_dag.py
[2022-06-06 00:19:33,665] {processor.py:651} INFO - DAG(s) dict_keys(['example_trigger_target_dag']) retrieved from /home/oury/.local/lib/python3.10/site-packages/airflow/example_dags/example_trigger_target_dag.py
[2022-06-06 00:19:33,678] {logging_mixin.py:115} INFO - [2022-06-06 00:19:33,678] {dag.py:2379} INFO - Sync 1 DAGs
[2022-06-06 00:19:33,695] {logging_mixin.py:115} INFO - [2022-06-06 00:19:33,695] {dag.py:2923} INFO - Setting next_dagrun for example_trigger_target_dag to None, run_after=None
[2022-06-06 00:19:33,706] {processor.py:161} INFO - Processing /home/oury/.local/lib/python3.10/site-packages/airflow/example_dags/example_trigger_target_dag.py took 0.058 seconds
