[2022-06-06 00:09:21,616] {processor.py:153} INFO - Started process (PID=52876) to work on /home/oury/.local/lib/python3.10/site-packages/airflow/example_dags/example_branch_operator.py
[2022-06-06 00:09:21,617] {processor.py:641} INFO - Processing file /home/oury/.local/lib/python3.10/site-packages/airflow/example_dags/example_branch_operator.py for tasks to queue
[2022-06-06 00:09:21,617] {logging_mixin.py:115} INFO - [2022-06-06 00:09:21,617] {dagbag.py:507} INFO - Filling up the DagBag from /home/oury/.local/lib/python3.10/site-packages/airflow/example_dags/example_branch_operator.py
[2022-06-06 00:09:21,628] {processor.py:651} INFO - DAG(s) dict_keys(['example_branch_operator']) retrieved from /home/oury/.local/lib/python3.10/site-packages/airflow/example_dags/example_branch_operator.py
[2022-06-06 00:09:21,646] {logging_mixin.py:115} INFO - [2022-06-06 00:09:21,646] {dag.py:2379} INFO - Sync 1 DAGs
[2022-06-06 00:09:21,672] {logging_mixin.py:115} INFO - [2022-06-06 00:09:21,672] {dag.py:2923} INFO - Setting next_dagrun for example_branch_operator to 2022-06-04T00:00:00+00:00, run_after=2022-06-05T00:00:00+00:00
[2022-06-06 00:09:21,685] {processor.py:161} INFO - Processing /home/oury/.local/lib/python3.10/site-packages/airflow/example_dags/example_branch_operator.py took 0.073 seconds
[2022-06-06 00:09:57,904] {processor.py:153} INFO - Started process (PID=53074) to work on /home/oury/.local/lib/python3.10/site-packages/airflow/example_dags/example_branch_operator.py
[2022-06-06 00:09:57,905] {processor.py:641} INFO - Processing file /home/oury/.local/lib/python3.10/site-packages/airflow/example_dags/example_branch_operator.py for tasks to queue
[2022-06-06 00:09:57,905] {logging_mixin.py:115} INFO - [2022-06-06 00:09:57,905] {dagbag.py:507} INFO - Filling up the DagBag from /home/oury/.local/lib/python3.10/site-packages/airflow/example_dags/example_branch_operator.py
[2022-06-06 00:09:57,917] {processor.py:651} INFO - DAG(s) dict_keys(['example_branch_operator']) retrieved from /home/oury/.local/lib/python3.10/site-packages/airflow/example_dags/example_branch_operator.py
[2022-06-06 00:09:57,934] {logging_mixin.py:115} INFO - [2022-06-06 00:09:57,934] {dag.py:2379} INFO - Sync 1 DAGs
[2022-06-06 00:09:57,961] {logging_mixin.py:115} INFO - [2022-06-06 00:09:57,961] {dag.py:2923} INFO - Setting next_dagrun for example_branch_operator to 2022-06-04T00:00:00+00:00, run_after=2022-06-05T00:00:00+00:00
[2022-06-06 00:09:57,975] {processor.py:161} INFO - Processing /home/oury/.local/lib/python3.10/site-packages/airflow/example_dags/example_branch_operator.py took 0.074 seconds
[2022-06-06 00:10:30,769] {processor.py:153} INFO - Started process (PID=53271) to work on /home/oury/.local/lib/python3.10/site-packages/airflow/example_dags/example_branch_operator.py
[2022-06-06 00:10:30,770] {processor.py:641} INFO - Processing file /home/oury/.local/lib/python3.10/site-packages/airflow/example_dags/example_branch_operator.py for tasks to queue
[2022-06-06 00:10:30,770] {logging_mixin.py:115} INFO - [2022-06-06 00:10:30,770] {dagbag.py:507} INFO - Filling up the DagBag from /home/oury/.local/lib/python3.10/site-packages/airflow/example_dags/example_branch_operator.py
[2022-06-06 00:10:30,781] {processor.py:651} INFO - DAG(s) dict_keys(['example_branch_operator']) retrieved from /home/oury/.local/lib/python3.10/site-packages/airflow/example_dags/example_branch_operator.py
[2022-06-06 00:10:30,794] {logging_mixin.py:115} INFO - [2022-06-06 00:10:30,794] {dag.py:2379} INFO - Sync 1 DAGs
[2022-06-06 00:10:30,814] {logging_mixin.py:115} INFO - [2022-06-06 00:10:30,814] {dag.py:2923} INFO - Setting next_dagrun for example_branch_operator to 2022-06-04T00:00:00+00:00, run_after=2022-06-05T00:00:00+00:00
[2022-06-06 00:10:30,826] {processor.py:161} INFO - Processing /home/oury/.local/lib/python3.10/site-packages/airflow/example_dags/example_branch_operator.py took 0.060 seconds
[2022-06-06 00:11:04,929] {processor.py:153} INFO - Started process (PID=53414) to work on /home/oury/.local/lib/python3.10/site-packages/airflow/example_dags/example_branch_operator.py
[2022-06-06 00:11:04,929] {processor.py:641} INFO - Processing file /home/oury/.local/lib/python3.10/site-packages/airflow/example_dags/example_branch_operator.py for tasks to queue
[2022-06-06 00:11:04,930] {logging_mixin.py:115} INFO - [2022-06-06 00:11:04,930] {dagbag.py:507} INFO - Filling up the DagBag from /home/oury/.local/lib/python3.10/site-packages/airflow/example_dags/example_branch_operator.py
[2022-06-06 00:11:04,944] {processor.py:651} INFO - DAG(s) dict_keys(['example_branch_operator']) retrieved from /home/oury/.local/lib/python3.10/site-packages/airflow/example_dags/example_branch_operator.py
[2022-06-06 00:11:04,966] {logging_mixin.py:115} INFO - [2022-06-06 00:11:04,965] {dag.py:2379} INFO - Sync 1 DAGs
[2022-06-06 00:11:04,986] {logging_mixin.py:115} INFO - [2022-06-06 00:11:04,986] {dag.py:2923} INFO - Setting next_dagrun for example_branch_operator to 2022-06-04T00:00:00+00:00, run_after=2022-06-05T00:00:00+00:00
[2022-06-06 00:11:04,998] {processor.py:161} INFO - Processing /home/oury/.local/lib/python3.10/site-packages/airflow/example_dags/example_branch_operator.py took 0.073 seconds
[2022-06-06 00:11:44,638] {processor.py:153} INFO - Started process (PID=53594) to work on /home/oury/.local/lib/python3.10/site-packages/airflow/example_dags/example_branch_operator.py
[2022-06-06 00:11:44,639] {processor.py:641} INFO - Processing file /home/oury/.local/lib/python3.10/site-packages/airflow/example_dags/example_branch_operator.py for tasks to queue
[2022-06-06 00:11:44,640] {logging_mixin.py:115} INFO - [2022-06-06 00:11:44,640] {dagbag.py:507} INFO - Filling up the DagBag from /home/oury/.local/lib/python3.10/site-packages/airflow/example_dags/example_branch_operator.py
[2022-06-06 00:11:44,654] {processor.py:651} INFO - DAG(s) dict_keys(['example_branch_operator']) retrieved from /home/oury/.local/lib/python3.10/site-packages/airflow/example_dags/example_branch_operator.py
[2022-06-06 00:11:44,675] {logging_mixin.py:115} INFO - [2022-06-06 00:11:44,675] {dag.py:2379} INFO - Sync 1 DAGs
[2022-06-06 00:11:44,728] {logging_mixin.py:115} INFO - [2022-06-06 00:11:44,727] {dag.py:2923} INFO - Setting next_dagrun for example_branch_operator to 2022-06-04T00:00:00+00:00, run_after=2022-06-05T00:00:00+00:00
[2022-06-06 00:11:44,744] {processor.py:161} INFO - Processing /home/oury/.local/lib/python3.10/site-packages/airflow/example_dags/example_branch_operator.py took 0.110 seconds
[2022-06-06 00:12:18,053] {processor.py:153} INFO - Started process (PID=53648) to work on /home/oury/.local/lib/python3.10/site-packages/airflow/example_dags/example_branch_operator.py
[2022-06-06 00:12:18,053] {processor.py:641} INFO - Processing file /home/oury/.local/lib/python3.10/site-packages/airflow/example_dags/example_branch_operator.py for tasks to queue
[2022-06-06 00:12:18,054] {logging_mixin.py:115} INFO - [2022-06-06 00:12:18,054] {dagbag.py:507} INFO - Filling up the DagBag from /home/oury/.local/lib/python3.10/site-packages/airflow/example_dags/example_branch_operator.py
[2022-06-06 00:12:18,063] {processor.py:651} INFO - DAG(s) dict_keys(['example_branch_operator']) retrieved from /home/oury/.local/lib/python3.10/site-packages/airflow/example_dags/example_branch_operator.py
[2022-06-06 00:12:18,078] {logging_mixin.py:115} INFO - [2022-06-06 00:12:18,078] {dag.py:2379} INFO - Sync 1 DAGs
[2022-06-06 00:12:18,105] {logging_mixin.py:115} INFO - [2022-06-06 00:12:18,105] {dag.py:2923} INFO - Setting next_dagrun for example_branch_operator to 2022-06-04T00:00:00+00:00, run_after=2022-06-05T00:00:00+00:00
[2022-06-06 00:12:18,118] {processor.py:161} INFO - Processing /home/oury/.local/lib/python3.10/site-packages/airflow/example_dags/example_branch_operator.py took 0.068 seconds
[2022-06-06 00:15:41,383] {processor.py:153} INFO - Started process (PID=54276) to work on /home/oury/.local/lib/python3.10/site-packages/airflow/example_dags/example_branch_operator.py
[2022-06-06 00:15:41,386] {processor.py:641} INFO - Processing file /home/oury/.local/lib/python3.10/site-packages/airflow/example_dags/example_branch_operator.py for tasks to queue
[2022-06-06 00:15:41,386] {logging_mixin.py:115} INFO - [2022-06-06 00:15:41,386] {dagbag.py:507} INFO - Filling up the DagBag from /home/oury/.local/lib/python3.10/site-packages/airflow/example_dags/example_branch_operator.py
[2022-06-06 00:15:41,406] {processor.py:651} INFO - DAG(s) dict_keys(['example_branch_operator']) retrieved from /home/oury/.local/lib/python3.10/site-packages/airflow/example_dags/example_branch_operator.py
[2022-06-06 00:15:41,434] {logging_mixin.py:115} INFO - [2022-06-06 00:15:41,434] {dag.py:2379} INFO - Sync 1 DAGs
[2022-06-06 00:15:41,493] {logging_mixin.py:115} INFO - [2022-06-06 00:15:41,493] {dag.py:2923} INFO - Setting next_dagrun for example_branch_operator to 2022-06-04T00:00:00+00:00, run_after=2022-06-05T00:00:00+00:00
[2022-06-06 00:15:41,526] {processor.py:161} INFO - Processing /home/oury/.local/lib/python3.10/site-packages/airflow/example_dags/example_branch_operator.py took 0.148 seconds
[2022-06-06 00:17:04,157] {processor.py:153} INFO - Started process (PID=55271) to work on /home/oury/.local/lib/python3.10/site-packages/airflow/example_dags/example_branch_operator.py
[2022-06-06 00:17:04,158] {processor.py:641} INFO - Processing file /home/oury/.local/lib/python3.10/site-packages/airflow/example_dags/example_branch_operator.py for tasks to queue
[2022-06-06 00:17:04,159] {logging_mixin.py:115} INFO - [2022-06-06 00:17:04,159] {dagbag.py:507} INFO - Filling up the DagBag from /home/oury/.local/lib/python3.10/site-packages/airflow/example_dags/example_branch_operator.py
[2022-06-06 00:17:04,170] {processor.py:651} INFO - DAG(s) dict_keys(['example_branch_operator']) retrieved from /home/oury/.local/lib/python3.10/site-packages/airflow/example_dags/example_branch_operator.py
[2022-06-06 00:17:04,186] {logging_mixin.py:115} INFO - [2022-06-06 00:17:04,186] {dag.py:2379} INFO - Sync 1 DAGs
[2022-06-06 00:17:04,210] {logging_mixin.py:115} INFO - [2022-06-06 00:17:04,209] {dag.py:2923} INFO - Setting next_dagrun for example_branch_operator to 2022-06-04T00:00:00+00:00, run_after=2022-06-05T00:00:00+00:00
[2022-06-06 00:17:04,222] {processor.py:161} INFO - Processing /home/oury/.local/lib/python3.10/site-packages/airflow/example_dags/example_branch_operator.py took 0.068 seconds
[2022-06-06 00:18:06,719] {processor.py:153} INFO - Started process (PID=55836) to work on /home/oury/.local/lib/python3.10/site-packages/airflow/example_dags/example_branch_operator.py
[2022-06-06 00:18:06,720] {processor.py:641} INFO - Processing file /home/oury/.local/lib/python3.10/site-packages/airflow/example_dags/example_branch_operator.py for tasks to queue
[2022-06-06 00:18:06,721] {logging_mixin.py:115} INFO - [2022-06-06 00:18:06,721] {dagbag.py:507} INFO - Filling up the DagBag from /home/oury/.local/lib/python3.10/site-packages/airflow/example_dags/example_branch_operator.py
[2022-06-06 00:18:06,732] {processor.py:651} INFO - DAG(s) dict_keys(['example_branch_operator']) retrieved from /home/oury/.local/lib/python3.10/site-packages/airflow/example_dags/example_branch_operator.py
[2022-06-06 00:18:06,746] {logging_mixin.py:115} INFO - [2022-06-06 00:18:06,746] {dag.py:2379} INFO - Sync 1 DAGs
[2022-06-06 00:18:06,765] {logging_mixin.py:115} INFO - [2022-06-06 00:18:06,765] {dag.py:2923} INFO - Setting next_dagrun for example_branch_operator to 2022-06-04T00:00:00+00:00, run_after=2022-06-05T00:00:00+00:00
[2022-06-06 00:18:06,776] {processor.py:161} INFO - Processing /home/oury/.local/lib/python3.10/site-packages/airflow/example_dags/example_branch_operator.py took 0.060 seconds
[2022-06-06 00:18:51,259] {processor.py:153} INFO - Started process (PID=56211) to work on /home/oury/.local/lib/python3.10/site-packages/airflow/example_dags/example_branch_operator.py
[2022-06-06 00:18:51,260] {processor.py:641} INFO - Processing file /home/oury/.local/lib/python3.10/site-packages/airflow/example_dags/example_branch_operator.py for tasks to queue
[2022-06-06 00:18:51,260] {logging_mixin.py:115} INFO - [2022-06-06 00:18:51,260] {dagbag.py:507} INFO - Filling up the DagBag from /home/oury/.local/lib/python3.10/site-packages/airflow/example_dags/example_branch_operator.py
[2022-06-06 00:18:51,270] {processor.py:651} INFO - DAG(s) dict_keys(['example_branch_operator']) retrieved from /home/oury/.local/lib/python3.10/site-packages/airflow/example_dags/example_branch_operator.py
[2022-06-06 00:18:51,285] {logging_mixin.py:115} INFO - [2022-06-06 00:18:51,285] {dag.py:2379} INFO - Sync 1 DAGs
[2022-06-06 00:18:51,306] {logging_mixin.py:115} INFO - [2022-06-06 00:18:51,306] {dag.py:2923} INFO - Setting next_dagrun for example_branch_operator to 2022-06-04T00:00:00+00:00, run_after=2022-06-05T00:00:00+00:00
[2022-06-06 00:18:51,318] {processor.py:161} INFO - Processing /home/oury/.local/lib/python3.10/site-packages/airflow/example_dags/example_branch_operator.py took 0.063 seconds
[2022-06-06 00:19:35,535] {processor.py:153} INFO - Started process (PID=56458) to work on /home/oury/.local/lib/python3.10/site-packages/airflow/example_dags/example_branch_operator.py
[2022-06-06 00:19:35,536] {processor.py:641} INFO - Processing file /home/oury/.local/lib/python3.10/site-packages/airflow/example_dags/example_branch_operator.py for tasks to queue
[2022-06-06 00:19:35,537] {logging_mixin.py:115} INFO - [2022-06-06 00:19:35,537] {dagbag.py:507} INFO - Filling up the DagBag from /home/oury/.local/lib/python3.10/site-packages/airflow/example_dags/example_branch_operator.py
[2022-06-06 00:19:35,552] {processor.py:651} INFO - DAG(s) dict_keys(['example_branch_operator']) retrieved from /home/oury/.local/lib/python3.10/site-packages/airflow/example_dags/example_branch_operator.py
[2022-06-06 00:19:35,573] {logging_mixin.py:115} INFO - [2022-06-06 00:19:35,572] {dag.py:2379} INFO - Sync 1 DAGs
[2022-06-06 00:19:35,601] {logging_mixin.py:115} INFO - [2022-06-06 00:19:35,600] {dag.py:2923} INFO - Setting next_dagrun for example_branch_operator to 2022-06-04T00:00:00+00:00, run_after=2022-06-05T00:00:00+00:00
[2022-06-06 00:19:35,616] {processor.py:161} INFO - Processing /home/oury/.local/lib/python3.10/site-packages/airflow/example_dags/example_branch_operator.py took 0.089 seconds
