[2022-06-06 00:07:28,714] {processor.py:153} INFO - Started process (PID=52068) to work on /home/oury/.local/lib/python3.10/site-packages/airflow/example_dags/example_sla_dag.py
[2022-06-06 00:07:28,715] {processor.py:641} INFO - Processing file /home/oury/.local/lib/python3.10/site-packages/airflow/example_dags/example_sla_dag.py for tasks to queue
[2022-06-06 00:07:28,715] {logging_mixin.py:115} INFO - [2022-06-06 00:07:28,715] {dagbag.py:507} INFO - Filling up the DagBag from /home/oury/.local/lib/python3.10/site-packages/airflow/example_dags/example_sla_dag.py
[2022-06-06 00:07:28,738] {processor.py:651} INFO - DAG(s) dict_keys(['example_sla_dag']) retrieved from /home/oury/.local/lib/python3.10/site-packages/airflow/example_dags/example_sla_dag.py
[2022-06-06 00:07:28,753] {logging_mixin.py:115} INFO - [2022-06-06 00:07:28,752] {dag.py:2379} INFO - Sync 1 DAGs
[2022-06-06 00:07:28,777] {logging_mixin.py:115} INFO - [2022-06-06 00:07:28,776] {dag.py:2923} INFO - Setting next_dagrun for example_sla_dag to 2022-06-05T23:04:00+00:00, run_after=2022-06-05T23:06:00+00:00
[2022-06-06 00:07:28,787] {processor.py:161} INFO - Processing /home/oury/.local/lib/python3.10/site-packages/airflow/example_dags/example_sla_dag.py took 0.077 seconds
[2022-06-06 00:09:30,022] {processor.py:153} INFO - Started process (PID=52947) to work on /home/oury/.local/lib/python3.10/site-packages/airflow/example_dags/example_sla_dag.py
[2022-06-06 00:09:30,023] {processor.py:641} INFO - Processing file /home/oury/.local/lib/python3.10/site-packages/airflow/example_dags/example_sla_dag.py for tasks to queue
[2022-06-06 00:09:30,024] {logging_mixin.py:115} INFO - [2022-06-06 00:09:30,023] {dagbag.py:507} INFO - Filling up the DagBag from /home/oury/.local/lib/python3.10/site-packages/airflow/example_dags/example_sla_dag.py
[2022-06-06 00:09:30,048] {processor.py:651} INFO - DAG(s) dict_keys(['example_sla_dag']) retrieved from /home/oury/.local/lib/python3.10/site-packages/airflow/example_dags/example_sla_dag.py
[2022-06-06 00:09:30,066] {logging_mixin.py:115} INFO - [2022-06-06 00:09:30,066] {dag.py:2379} INFO - Sync 1 DAGs
[2022-06-06 00:09:30,105] {logging_mixin.py:115} INFO - [2022-06-06 00:09:30,105] {dag.py:2923} INFO - Setting next_dagrun for example_sla_dag to 2022-06-05T23:06:00+00:00, run_after=2022-06-05T23:08:00+00:00
[2022-06-06 00:09:30,119] {processor.py:161} INFO - Processing /home/oury/.local/lib/python3.10/site-packages/airflow/example_dags/example_sla_dag.py took 0.101 seconds
[2022-06-06 00:10:02,961] {processor.py:153} INFO - Started process (PID=53081) to work on /home/oury/.local/lib/python3.10/site-packages/airflow/example_dags/example_sla_dag.py
[2022-06-06 00:10:02,961] {processor.py:641} INFO - Processing file /home/oury/.local/lib/python3.10/site-packages/airflow/example_dags/example_sla_dag.py for tasks to queue
[2022-06-06 00:10:02,962] {logging_mixin.py:115} INFO - [2022-06-06 00:10:02,962] {dagbag.py:507} INFO - Filling up the DagBag from /home/oury/.local/lib/python3.10/site-packages/airflow/example_dags/example_sla_dag.py
[2022-06-06 00:10:02,985] {processor.py:651} INFO - DAG(s) dict_keys(['example_sla_dag']) retrieved from /home/oury/.local/lib/python3.10/site-packages/airflow/example_dags/example_sla_dag.py
[2022-06-06 00:10:03,001] {logging_mixin.py:115} INFO - [2022-06-06 00:10:03,001] {dag.py:2379} INFO - Sync 1 DAGs
[2022-06-06 00:10:03,029] {logging_mixin.py:115} INFO - [2022-06-06 00:10:03,029] {dag.py:2923} INFO - Setting next_dagrun for example_sla_dag to 2022-06-05T23:08:00+00:00, run_after=2022-06-05T23:10:00+00:00
[2022-06-06 00:10:03,042] {processor.py:161} INFO - Processing /home/oury/.local/lib/python3.10/site-packages/airflow/example_dags/example_sla_dag.py took 0.084 seconds
[2022-06-06 00:10:35,208] {processor.py:153} INFO - Started process (PID=53308) to work on /home/oury/.local/lib/python3.10/site-packages/airflow/example_dags/example_sla_dag.py
[2022-06-06 00:10:35,209] {processor.py:641} INFO - Processing file /home/oury/.local/lib/python3.10/site-packages/airflow/example_dags/example_sla_dag.py for tasks to queue
[2022-06-06 00:10:35,209] {logging_mixin.py:115} INFO - [2022-06-06 00:10:35,209] {dagbag.py:507} INFO - Filling up the DagBag from /home/oury/.local/lib/python3.10/site-packages/airflow/example_dags/example_sla_dag.py
[2022-06-06 00:10:35,226] {processor.py:651} INFO - DAG(s) dict_keys(['example_sla_dag']) retrieved from /home/oury/.local/lib/python3.10/site-packages/airflow/example_dags/example_sla_dag.py
[2022-06-06 00:10:35,239] {logging_mixin.py:115} INFO - [2022-06-06 00:10:35,239] {dag.py:2379} INFO - Sync 1 DAGs
[2022-06-06 00:10:35,262] {logging_mixin.py:115} INFO - [2022-06-06 00:10:35,262] {dag.py:2923} INFO - Setting next_dagrun for example_sla_dag to 2022-06-05T23:08:00+00:00, run_after=2022-06-05T23:10:00+00:00
[2022-06-06 00:10:35,275] {processor.py:161} INFO - Processing /home/oury/.local/lib/python3.10/site-packages/airflow/example_dags/example_sla_dag.py took 0.069 seconds
[2022-06-06 00:11:08,930] {processor.py:153} INFO - Started process (PID=53419) to work on /home/oury/.local/lib/python3.10/site-packages/airflow/example_dags/example_sla_dag.py
[2022-06-06 00:11:08,931] {processor.py:641} INFO - Processing file /home/oury/.local/lib/python3.10/site-packages/airflow/example_dags/example_sla_dag.py for tasks to queue
[2022-06-06 00:11:08,931] {logging_mixin.py:115} INFO - [2022-06-06 00:11:08,931] {dagbag.py:507} INFO - Filling up the DagBag from /home/oury/.local/lib/python3.10/site-packages/airflow/example_dags/example_sla_dag.py
[2022-06-06 00:11:08,949] {processor.py:651} INFO - DAG(s) dict_keys(['example_sla_dag']) retrieved from /home/oury/.local/lib/python3.10/site-packages/airflow/example_dags/example_sla_dag.py
[2022-06-06 00:11:08,964] {logging_mixin.py:115} INFO - [2022-06-06 00:11:08,964] {dag.py:2379} INFO - Sync 1 DAGs
[2022-06-06 00:11:08,990] {logging_mixin.py:115} INFO - [2022-06-06 00:11:08,990] {dag.py:2923} INFO - Setting next_dagrun for example_sla_dag to 2022-06-05T23:08:00+00:00, run_after=2022-06-05T23:10:00+00:00
[2022-06-06 00:11:09,003] {processor.py:161} INFO - Processing /home/oury/.local/lib/python3.10/site-packages/airflow/example_dags/example_sla_dag.py took 0.075 seconds
[2022-06-06 00:11:42,233] {processor.py:153} INFO - Started process (PID=53591) to work on /home/oury/.local/lib/python3.10/site-packages/airflow/example_dags/example_sla_dag.py
[2022-06-06 00:11:42,234] {processor.py:641} INFO - Processing file /home/oury/.local/lib/python3.10/site-packages/airflow/example_dags/example_sla_dag.py for tasks to queue
[2022-06-06 00:11:42,234] {logging_mixin.py:115} INFO - [2022-06-06 00:11:42,234] {dagbag.py:507} INFO - Filling up the DagBag from /home/oury/.local/lib/python3.10/site-packages/airflow/example_dags/example_sla_dag.py
[2022-06-06 00:11:42,251] {processor.py:651} INFO - DAG(s) dict_keys(['example_sla_dag']) retrieved from /home/oury/.local/lib/python3.10/site-packages/airflow/example_dags/example_sla_dag.py
[2022-06-06 00:11:42,264] {logging_mixin.py:115} INFO - [2022-06-06 00:11:42,264] {dag.py:2379} INFO - Sync 1 DAGs
[2022-06-06 00:11:42,286] {logging_mixin.py:115} INFO - [2022-06-06 00:11:42,286] {dag.py:2923} INFO - Setting next_dagrun for example_sla_dag to 2022-06-05T23:08:00+00:00, run_after=2022-06-05T23:10:00+00:00
[2022-06-06 00:11:42,297] {processor.py:161} INFO - Processing /home/oury/.local/lib/python3.10/site-packages/airflow/example_dags/example_sla_dag.py took 0.066 seconds
[2022-06-06 00:12:15,993] {processor.py:153} INFO - Started process (PID=53646) to work on /home/oury/.local/lib/python3.10/site-packages/airflow/example_dags/example_sla_dag.py
[2022-06-06 00:12:15,994] {processor.py:641} INFO - Processing file /home/oury/.local/lib/python3.10/site-packages/airflow/example_dags/example_sla_dag.py for tasks to queue
[2022-06-06 00:12:15,994] {logging_mixin.py:115} INFO - [2022-06-06 00:12:15,994] {dagbag.py:507} INFO - Filling up the DagBag from /home/oury/.local/lib/python3.10/site-packages/airflow/example_dags/example_sla_dag.py
[2022-06-06 00:12:16,013] {processor.py:651} INFO - DAG(s) dict_keys(['example_sla_dag']) retrieved from /home/oury/.local/lib/python3.10/site-packages/airflow/example_dags/example_sla_dag.py
[2022-06-06 00:12:16,027] {logging_mixin.py:115} INFO - [2022-06-06 00:12:16,027] {dag.py:2379} INFO - Sync 1 DAGs
[2022-06-06 00:12:16,050] {logging_mixin.py:115} INFO - [2022-06-06 00:12:16,050] {dag.py:2923} INFO - Setting next_dagrun for example_sla_dag to 2022-06-05T23:10:00+00:00, run_after=2022-06-05T23:12:00+00:00
[2022-06-06 00:12:16,062] {processor.py:161} INFO - Processing /home/oury/.local/lib/python3.10/site-packages/airflow/example_dags/example_sla_dag.py took 0.072 seconds
[2022-06-06 00:15:13,893] {processor.py:153} INFO - Started process (PID=54114) to work on /home/oury/.local/lib/python3.10/site-packages/airflow/example_dags/example_sla_dag.py
[2022-06-06 00:15:13,894] {processor.py:641} INFO - Processing file /home/oury/.local/lib/python3.10/site-packages/airflow/example_dags/example_sla_dag.py for tasks to queue
[2022-06-06 00:15:13,895] {logging_mixin.py:115} INFO - [2022-06-06 00:15:13,895] {dagbag.py:507} INFO - Filling up the DagBag from /home/oury/.local/lib/python3.10/site-packages/airflow/example_dags/example_sla_dag.py
[2022-06-06 00:15:13,916] {processor.py:651} INFO - DAG(s) dict_keys(['example_sla_dag']) retrieved from /home/oury/.local/lib/python3.10/site-packages/airflow/example_dags/example_sla_dag.py
[2022-06-06 00:15:13,932] {logging_mixin.py:115} INFO - [2022-06-06 00:15:13,932] {dag.py:2379} INFO - Sync 1 DAGs
[2022-06-06 00:15:13,958] {logging_mixin.py:115} INFO - [2022-06-06 00:15:13,958] {dag.py:2923} INFO - Setting next_dagrun for example_sla_dag to 2022-06-05T23:12:00+00:00, run_after=2022-06-05T23:14:00+00:00
[2022-06-06 00:15:13,970] {processor.py:161} INFO - Processing /home/oury/.local/lib/python3.10/site-packages/airflow/example_dags/example_sla_dag.py took 0.080 seconds
[2022-06-06 00:15:48,263] {processor.py:153} INFO - Started process (PID=54343) to work on /home/oury/.local/lib/python3.10/site-packages/airflow/example_dags/example_sla_dag.py
[2022-06-06 00:15:48,264] {processor.py:641} INFO - Processing file /home/oury/.local/lib/python3.10/site-packages/airflow/example_dags/example_sla_dag.py for tasks to queue
[2022-06-06 00:15:48,264] {logging_mixin.py:115} INFO - [2022-06-06 00:15:48,264] {dagbag.py:507} INFO - Filling up the DagBag from /home/oury/.local/lib/python3.10/site-packages/airflow/example_dags/example_sla_dag.py
[2022-06-06 00:15:48,283] {processor.py:651} INFO - DAG(s) dict_keys(['example_sla_dag']) retrieved from /home/oury/.local/lib/python3.10/site-packages/airflow/example_dags/example_sla_dag.py
[2022-06-06 00:15:48,300] {logging_mixin.py:115} INFO - [2022-06-06 00:15:48,300] {dag.py:2379} INFO - Sync 1 DAGs
[2022-06-06 00:15:48,327] {logging_mixin.py:115} INFO - [2022-06-06 00:15:48,327] {dag.py:2923} INFO - Setting next_dagrun for example_sla_dag to 2022-06-05T23:12:00+00:00, run_after=2022-06-05T23:14:00+00:00
[2022-06-06 00:15:48,339] {processor.py:161} INFO - Processing /home/oury/.local/lib/python3.10/site-packages/airflow/example_dags/example_sla_dag.py took 0.080 seconds
[2022-06-06 00:16:41,384] {processor.py:153} INFO - Started process (PID=54937) to work on /home/oury/.local/lib/python3.10/site-packages/airflow/example_dags/example_sla_dag.py
[2022-06-06 00:16:41,384] {processor.py:641} INFO - Processing file /home/oury/.local/lib/python3.10/site-packages/airflow/example_dags/example_sla_dag.py for tasks to queue
[2022-06-06 00:16:41,385] {logging_mixin.py:115} INFO - [2022-06-06 00:16:41,385] {dagbag.py:507} INFO - Filling up the DagBag from /home/oury/.local/lib/python3.10/site-packages/airflow/example_dags/example_sla_dag.py
[2022-06-06 00:16:41,408] {processor.py:651} INFO - DAG(s) dict_keys(['example_sla_dag']) retrieved from /home/oury/.local/lib/python3.10/site-packages/airflow/example_dags/example_sla_dag.py
[2022-06-06 00:16:41,426] {logging_mixin.py:115} INFO - [2022-06-06 00:16:41,426] {dag.py:2379} INFO - Sync 1 DAGs
[2022-06-06 00:16:41,459] {logging_mixin.py:115} INFO - [2022-06-06 00:16:41,459] {dag.py:2923} INFO - Setting next_dagrun for example_sla_dag to 2022-06-05T23:14:00+00:00, run_after=2022-06-05T23:16:00+00:00
[2022-06-06 00:16:41,473] {processor.py:161} INFO - Processing /home/oury/.local/lib/python3.10/site-packages/airflow/example_dags/example_sla_dag.py took 0.092 seconds
[2022-06-06 00:17:20,673] {processor.py:153} INFO - Started process (PID=55429) to work on /home/oury/.local/lib/python3.10/site-packages/airflow/example_dags/example_sla_dag.py
[2022-06-06 00:17:20,677] {processor.py:641} INFO - Processing file /home/oury/.local/lib/python3.10/site-packages/airflow/example_dags/example_sla_dag.py for tasks to queue
[2022-06-06 00:17:20,678] {logging_mixin.py:115} INFO - [2022-06-06 00:17:20,678] {dagbag.py:507} INFO - Filling up the DagBag from /home/oury/.local/lib/python3.10/site-packages/airflow/example_dags/example_sla_dag.py
[2022-06-06 00:17:20,695] {processor.py:651} INFO - DAG(s) dict_keys(['example_sla_dag']) retrieved from /home/oury/.local/lib/python3.10/site-packages/airflow/example_dags/example_sla_dag.py
[2022-06-06 00:17:20,708] {logging_mixin.py:115} INFO - [2022-06-06 00:17:20,708] {dag.py:2379} INFO - Sync 1 DAGs
[2022-06-06 00:17:20,729] {logging_mixin.py:115} INFO - [2022-06-06 00:17:20,729] {dag.py:2923} INFO - Setting next_dagrun for example_sla_dag to 2022-06-05T23:14:00+00:00, run_after=2022-06-05T23:16:00+00:00
[2022-06-06 00:17:20,740] {processor.py:161} INFO - Processing /home/oury/.local/lib/python3.10/site-packages/airflow/example_dags/example_sla_dag.py took 0.070 seconds
[2022-06-06 00:17:53,148] {processor.py:153} INFO - Started process (PID=55748) to work on /home/oury/.local/lib/python3.10/site-packages/airflow/example_dags/example_sla_dag.py
[2022-06-06 00:17:53,148] {processor.py:641} INFO - Processing file /home/oury/.local/lib/python3.10/site-packages/airflow/example_dags/example_sla_dag.py for tasks to queue
[2022-06-06 00:17:53,149] {logging_mixin.py:115} INFO - [2022-06-06 00:17:53,149] {dagbag.py:507} INFO - Filling up the DagBag from /home/oury/.local/lib/python3.10/site-packages/airflow/example_dags/example_sla_dag.py
[2022-06-06 00:17:53,166] {processor.py:651} INFO - DAG(s) dict_keys(['example_sla_dag']) retrieved from /home/oury/.local/lib/python3.10/site-packages/airflow/example_dags/example_sla_dag.py
[2022-06-06 00:17:53,179] {logging_mixin.py:115} INFO - [2022-06-06 00:17:53,179] {dag.py:2379} INFO - Sync 1 DAGs
[2022-06-06 00:17:53,199] {logging_mixin.py:115} INFO - [2022-06-06 00:17:53,199] {dag.py:2923} INFO - Setting next_dagrun for example_sla_dag to 2022-06-05T23:14:00+00:00, run_after=2022-06-05T23:16:00+00:00
[2022-06-06 00:17:53,210] {processor.py:161} INFO - Processing /home/oury/.local/lib/python3.10/site-packages/airflow/example_dags/example_sla_dag.py took 0.065 seconds
[2022-06-06 00:18:42,656] {processor.py:153} INFO - Started process (PID=56198) to work on /home/oury/.local/lib/python3.10/site-packages/airflow/example_dags/example_sla_dag.py
[2022-06-06 00:18:42,657] {processor.py:641} INFO - Processing file /home/oury/.local/lib/python3.10/site-packages/airflow/example_dags/example_sla_dag.py for tasks to queue
[2022-06-06 00:18:42,658] {logging_mixin.py:115} INFO - [2022-06-06 00:18:42,658] {dagbag.py:507} INFO - Filling up the DagBag from /home/oury/.local/lib/python3.10/site-packages/airflow/example_dags/example_sla_dag.py
[2022-06-06 00:18:42,685] {processor.py:651} INFO - DAG(s) dict_keys(['example_sla_dag']) retrieved from /home/oury/.local/lib/python3.10/site-packages/airflow/example_dags/example_sla_dag.py
[2022-06-06 00:18:42,705] {logging_mixin.py:115} INFO - [2022-06-06 00:18:42,705] {dag.py:2379} INFO - Sync 1 DAGs
[2022-06-06 00:18:42,733] {logging_mixin.py:115} INFO - [2022-06-06 00:18:42,733] {dag.py:2923} INFO - Setting next_dagrun for example_sla_dag to 2022-06-05T23:16:00+00:00, run_after=2022-06-05T23:18:00+00:00
[2022-06-06 00:18:42,748] {processor.py:161} INFO - Processing /home/oury/.local/lib/python3.10/site-packages/airflow/example_dags/example_sla_dag.py took 0.096 seconds
[2022-06-06 00:19:21,874] {processor.py:153} INFO - Started process (PID=56436) to work on /home/oury/.local/lib/python3.10/site-packages/airflow/example_dags/example_sla_dag.py
[2022-06-06 00:19:21,874] {processor.py:641} INFO - Processing file /home/oury/.local/lib/python3.10/site-packages/airflow/example_dags/example_sla_dag.py for tasks to queue
[2022-06-06 00:19:21,875] {logging_mixin.py:115} INFO - [2022-06-06 00:19:21,875] {dagbag.py:507} INFO - Filling up the DagBag from /home/oury/.local/lib/python3.10/site-packages/airflow/example_dags/example_sla_dag.py
[2022-06-06 00:19:21,890] {processor.py:651} INFO - DAG(s) dict_keys(['example_sla_dag']) retrieved from /home/oury/.local/lib/python3.10/site-packages/airflow/example_dags/example_sla_dag.py
[2022-06-06 00:19:21,902] {logging_mixin.py:115} INFO - [2022-06-06 00:19:21,902] {dag.py:2379} INFO - Sync 1 DAGs
[2022-06-06 00:19:21,922] {logging_mixin.py:115} INFO - [2022-06-06 00:19:21,921] {dag.py:2923} INFO - Setting next_dagrun for example_sla_dag to 2022-06-05T23:16:00+00:00, run_after=2022-06-05T23:18:00+00:00
[2022-06-06 00:19:21,932] {processor.py:161} INFO - Processing /home/oury/.local/lib/python3.10/site-packages/airflow/example_dags/example_sla_dag.py took 0.060 seconds
