[2022-06-06 00:09:13,557] {processor.py:153} INFO - Started process (PID=52865) to work on /home/oury/.local/lib/python3.10/site-packages/airflow/example_dags/example_branch_day_of_week_operator.py
[2022-06-06 00:09:13,558] {processor.py:641} INFO - Processing file /home/oury/.local/lib/python3.10/site-packages/airflow/example_dags/example_branch_day_of_week_operator.py for tasks to queue
[2022-06-06 00:09:13,558] {logging_mixin.py:115} INFO - [2022-06-06 00:09:13,558] {dagbag.py:507} INFO - Filling up the DagBag from /home/oury/.local/lib/python3.10/site-packages/airflow/example_dags/example_branch_day_of_week_operator.py
[2022-06-06 00:09:13,565] {processor.py:651} INFO - DAG(s) dict_keys(['example_weekday_branch_operator']) retrieved from /home/oury/.local/lib/python3.10/site-packages/airflow/example_dags/example_branch_day_of_week_operator.py
[2022-06-06 00:09:13,577] {logging_mixin.py:115} INFO - [2022-06-06 00:09:13,577] {dag.py:2379} INFO - Sync 1 DAGs
[2022-06-06 00:09:13,596] {logging_mixin.py:115} INFO - [2022-06-06 00:09:13,595] {dag.py:2923} INFO - Setting next_dagrun for example_weekday_branch_operator to 2022-06-04T00:00:00+00:00, run_after=2022-06-05T00:00:00+00:00
[2022-06-06 00:09:13,608] {processor.py:161} INFO - Processing /home/oury/.local/lib/python3.10/site-packages/airflow/example_dags/example_branch_day_of_week_operator.py took 0.053 seconds
[2022-06-06 00:09:47,608] {processor.py:153} INFO - Started process (PID=53032) to work on /home/oury/.local/lib/python3.10/site-packages/airflow/example_dags/example_branch_day_of_week_operator.py
[2022-06-06 00:09:47,609] {processor.py:641} INFO - Processing file /home/oury/.local/lib/python3.10/site-packages/airflow/example_dags/example_branch_day_of_week_operator.py for tasks to queue
[2022-06-06 00:09:47,609] {logging_mixin.py:115} INFO - [2022-06-06 00:09:47,609] {dagbag.py:507} INFO - Filling up the DagBag from /home/oury/.local/lib/python3.10/site-packages/airflow/example_dags/example_branch_day_of_week_operator.py
[2022-06-06 00:09:47,617] {processor.py:651} INFO - DAG(s) dict_keys(['example_weekday_branch_operator']) retrieved from /home/oury/.local/lib/python3.10/site-packages/airflow/example_dags/example_branch_day_of_week_operator.py
[2022-06-06 00:09:47,632] {logging_mixin.py:115} INFO - [2022-06-06 00:09:47,632] {dag.py:2379} INFO - Sync 1 DAGs
[2022-06-06 00:09:47,659] {logging_mixin.py:115} INFO - [2022-06-06 00:09:47,659] {dag.py:2923} INFO - Setting next_dagrun for example_weekday_branch_operator to 2022-06-04T00:00:00+00:00, run_after=2022-06-05T00:00:00+00:00
[2022-06-06 00:09:47,675] {processor.py:161} INFO - Processing /home/oury/.local/lib/python3.10/site-packages/airflow/example_dags/example_branch_day_of_week_operator.py took 0.070 seconds
[2022-06-06 00:10:21,044] {processor.py:153} INFO - Started process (PID=53208) to work on /home/oury/.local/lib/python3.10/site-packages/airflow/example_dags/example_branch_day_of_week_operator.py
[2022-06-06 00:10:21,045] {processor.py:641} INFO - Processing file /home/oury/.local/lib/python3.10/site-packages/airflow/example_dags/example_branch_day_of_week_operator.py for tasks to queue
[2022-06-06 00:10:21,045] {logging_mixin.py:115} INFO - [2022-06-06 00:10:21,045] {dagbag.py:507} INFO - Filling up the DagBag from /home/oury/.local/lib/python3.10/site-packages/airflow/example_dags/example_branch_day_of_week_operator.py
[2022-06-06 00:10:21,052] {processor.py:651} INFO - DAG(s) dict_keys(['example_weekday_branch_operator']) retrieved from /home/oury/.local/lib/python3.10/site-packages/airflow/example_dags/example_branch_day_of_week_operator.py
[2022-06-06 00:10:21,065] {logging_mixin.py:115} INFO - [2022-06-06 00:10:21,065] {dag.py:2379} INFO - Sync 1 DAGs
[2022-06-06 00:10:21,085] {logging_mixin.py:115} INFO - [2022-06-06 00:10:21,085] {dag.py:2923} INFO - Setting next_dagrun for example_weekday_branch_operator to 2022-06-04T00:00:00+00:00, run_after=2022-06-05T00:00:00+00:00
[2022-06-06 00:10:21,096] {processor.py:161} INFO - Processing /home/oury/.local/lib/python3.10/site-packages/airflow/example_dags/example_branch_day_of_week_operator.py took 0.054 seconds
[2022-06-06 00:10:55,761] {processor.py:153} INFO - Started process (PID=53333) to work on /home/oury/.local/lib/python3.10/site-packages/airflow/example_dags/example_branch_day_of_week_operator.py
[2022-06-06 00:10:55,762] {processor.py:641} INFO - Processing file /home/oury/.local/lib/python3.10/site-packages/airflow/example_dags/example_branch_day_of_week_operator.py for tasks to queue
[2022-06-06 00:10:55,762] {logging_mixin.py:115} INFO - [2022-06-06 00:10:55,762] {dagbag.py:507} INFO - Filling up the DagBag from /home/oury/.local/lib/python3.10/site-packages/airflow/example_dags/example_branch_day_of_week_operator.py
[2022-06-06 00:10:55,770] {processor.py:651} INFO - DAG(s) dict_keys(['example_weekday_branch_operator']) retrieved from /home/oury/.local/lib/python3.10/site-packages/airflow/example_dags/example_branch_day_of_week_operator.py
[2022-06-06 00:10:55,784] {logging_mixin.py:115} INFO - [2022-06-06 00:10:55,784] {dag.py:2379} INFO - Sync 1 DAGs
[2022-06-06 00:10:55,804] {logging_mixin.py:115} INFO - [2022-06-06 00:10:55,804] {dag.py:2923} INFO - Setting next_dagrun for example_weekday_branch_operator to 2022-06-04T00:00:00+00:00, run_after=2022-06-05T00:00:00+00:00
[2022-06-06 00:10:55,815] {processor.py:161} INFO - Processing /home/oury/.local/lib/python3.10/site-packages/airflow/example_dags/example_branch_day_of_week_operator.py took 0.056 seconds
[2022-06-06 00:11:30,750] {processor.py:153} INFO - Started process (PID=53515) to work on /home/oury/.local/lib/python3.10/site-packages/airflow/example_dags/example_branch_day_of_week_operator.py
[2022-06-06 00:11:30,750] {processor.py:641} INFO - Processing file /home/oury/.local/lib/python3.10/site-packages/airflow/example_dags/example_branch_day_of_week_operator.py for tasks to queue
[2022-06-06 00:11:30,751] {logging_mixin.py:115} INFO - [2022-06-06 00:11:30,751] {dagbag.py:507} INFO - Filling up the DagBag from /home/oury/.local/lib/python3.10/site-packages/airflow/example_dags/example_branch_day_of_week_operator.py
[2022-06-06 00:11:30,758] {processor.py:651} INFO - DAG(s) dict_keys(['example_weekday_branch_operator']) retrieved from /home/oury/.local/lib/python3.10/site-packages/airflow/example_dags/example_branch_day_of_week_operator.py
[2022-06-06 00:11:30,772] {logging_mixin.py:115} INFO - [2022-06-06 00:11:30,772] {dag.py:2379} INFO - Sync 1 DAGs
[2022-06-06 00:11:30,796] {logging_mixin.py:115} INFO - [2022-06-06 00:11:30,796] {dag.py:2923} INFO - Setting next_dagrun for example_weekday_branch_operator to 2022-06-04T00:00:00+00:00, run_after=2022-06-05T00:00:00+00:00
[2022-06-06 00:11:30,808] {processor.py:161} INFO - Processing /home/oury/.local/lib/python3.10/site-packages/airflow/example_dags/example_branch_day_of_week_operator.py took 0.061 seconds
[2022-06-06 00:12:05,705] {processor.py:153} INFO - Started process (PID=53627) to work on /home/oury/.local/lib/python3.10/site-packages/airflow/example_dags/example_branch_day_of_week_operator.py
[2022-06-06 00:12:05,706] {processor.py:641} INFO - Processing file /home/oury/.local/lib/python3.10/site-packages/airflow/example_dags/example_branch_day_of_week_operator.py for tasks to queue
[2022-06-06 00:12:05,706] {logging_mixin.py:115} INFO - [2022-06-06 00:12:05,706] {dagbag.py:507} INFO - Filling up the DagBag from /home/oury/.local/lib/python3.10/site-packages/airflow/example_dags/example_branch_day_of_week_operator.py
[2022-06-06 00:12:05,714] {processor.py:651} INFO - DAG(s) dict_keys(['example_weekday_branch_operator']) retrieved from /home/oury/.local/lib/python3.10/site-packages/airflow/example_dags/example_branch_day_of_week_operator.py
[2022-06-06 00:12:05,727] {logging_mixin.py:115} INFO - [2022-06-06 00:12:05,727] {dag.py:2379} INFO - Sync 1 DAGs
[2022-06-06 00:12:05,747] {logging_mixin.py:115} INFO - [2022-06-06 00:12:05,747] {dag.py:2923} INFO - Setting next_dagrun for example_weekday_branch_operator to 2022-06-04T00:00:00+00:00, run_after=2022-06-05T00:00:00+00:00
[2022-06-06 00:12:05,759] {processor.py:161} INFO - Processing /home/oury/.local/lib/python3.10/site-packages/airflow/example_dags/example_branch_day_of_week_operator.py took 0.056 seconds
[2022-06-06 00:15:32,207] {processor.py:153} INFO - Started process (PID=54258) to work on /home/oury/.local/lib/python3.10/site-packages/airflow/example_dags/example_branch_day_of_week_operator.py
[2022-06-06 00:15:32,207] {processor.py:641} INFO - Processing file /home/oury/.local/lib/python3.10/site-packages/airflow/example_dags/example_branch_day_of_week_operator.py for tasks to queue
[2022-06-06 00:15:32,208] {logging_mixin.py:115} INFO - [2022-06-06 00:15:32,208] {dagbag.py:507} INFO - Filling up the DagBag from /home/oury/.local/lib/python3.10/site-packages/airflow/example_dags/example_branch_day_of_week_operator.py
[2022-06-06 00:15:32,216] {processor.py:651} INFO - DAG(s) dict_keys(['example_weekday_branch_operator']) retrieved from /home/oury/.local/lib/python3.10/site-packages/airflow/example_dags/example_branch_day_of_week_operator.py
[2022-06-06 00:15:32,230] {logging_mixin.py:115} INFO - [2022-06-06 00:15:32,230] {dag.py:2379} INFO - Sync 1 DAGs
[2022-06-06 00:15:32,253] {logging_mixin.py:115} INFO - [2022-06-06 00:15:32,253] {dag.py:2923} INFO - Setting next_dagrun for example_weekday_branch_operator to 2022-06-04T00:00:00+00:00, run_after=2022-06-05T00:00:00+00:00
[2022-06-06 00:15:32,265] {processor.py:161} INFO - Processing /home/oury/.local/lib/python3.10/site-packages/airflow/example_dags/example_branch_day_of_week_operator.py took 0.062 seconds
[2022-06-06 00:16:23,705] {processor.py:153} INFO - Started process (PID=54800) to work on /home/oury/.local/lib/python3.10/site-packages/airflow/example_dags/example_branch_day_of_week_operator.py
[2022-06-06 00:16:23,706] {processor.py:641} INFO - Processing file /home/oury/.local/lib/python3.10/site-packages/airflow/example_dags/example_branch_day_of_week_operator.py for tasks to queue
[2022-06-06 00:16:23,707] {logging_mixin.py:115} INFO - [2022-06-06 00:16:23,707] {dagbag.py:507} INFO - Filling up the DagBag from /home/oury/.local/lib/python3.10/site-packages/airflow/example_dags/example_branch_day_of_week_operator.py
[2022-06-06 00:16:23,718] {processor.py:651} INFO - DAG(s) dict_keys(['example_weekday_branch_operator']) retrieved from /home/oury/.local/lib/python3.10/site-packages/airflow/example_dags/example_branch_day_of_week_operator.py
[2022-06-06 00:16:23,735] {logging_mixin.py:115} INFO - [2022-06-06 00:16:23,735] {dag.py:2379} INFO - Sync 1 DAGs
[2022-06-06 00:16:23,760] {logging_mixin.py:115} INFO - [2022-06-06 00:16:23,759] {dag.py:2923} INFO - Setting next_dagrun for example_weekday_branch_operator to 2022-06-04T00:00:00+00:00, run_after=2022-06-05T00:00:00+00:00
[2022-06-06 00:16:23,773] {processor.py:161} INFO - Processing /home/oury/.local/lib/python3.10/site-packages/airflow/example_dags/example_branch_day_of_week_operator.py took 0.070 seconds
[2022-06-06 00:17:36,308] {processor.py:153} INFO - Started process (PID=55588) to work on /home/oury/.local/lib/python3.10/site-packages/airflow/example_dags/example_branch_day_of_week_operator.py
[2022-06-06 00:17:36,309] {processor.py:641} INFO - Processing file /home/oury/.local/lib/python3.10/site-packages/airflow/example_dags/example_branch_day_of_week_operator.py for tasks to queue
[2022-06-06 00:17:36,309] {logging_mixin.py:115} INFO - [2022-06-06 00:17:36,309] {dagbag.py:507} INFO - Filling up the DagBag from /home/oury/.local/lib/python3.10/site-packages/airflow/example_dags/example_branch_day_of_week_operator.py
[2022-06-06 00:17:36,315] {processor.py:651} INFO - DAG(s) dict_keys(['example_weekday_branch_operator']) retrieved from /home/oury/.local/lib/python3.10/site-packages/airflow/example_dags/example_branch_day_of_week_operator.py
[2022-06-06 00:17:36,328] {logging_mixin.py:115} INFO - [2022-06-06 00:17:36,328] {dag.py:2379} INFO - Sync 1 DAGs
[2022-06-06 00:17:36,347] {logging_mixin.py:115} INFO - [2022-06-06 00:17:36,347] {dag.py:2923} INFO - Setting next_dagrun for example_weekday_branch_operator to 2022-06-04T00:00:00+00:00, run_after=2022-06-05T00:00:00+00:00
[2022-06-06 00:17:36,358] {processor.py:161} INFO - Processing /home/oury/.local/lib/python3.10/site-packages/airflow/example_dags/example_branch_day_of_week_operator.py took 0.052 seconds
[2022-06-06 00:18:32,109] {processor.py:153} INFO - Started process (PID=56118) to work on /home/oury/.local/lib/python3.10/site-packages/airflow/example_dags/example_branch_day_of_week_operator.py
[2022-06-06 00:18:32,110] {processor.py:641} INFO - Processing file /home/oury/.local/lib/python3.10/site-packages/airflow/example_dags/example_branch_day_of_week_operator.py for tasks to queue
[2022-06-06 00:18:32,110] {logging_mixin.py:115} INFO - [2022-06-06 00:18:32,110] {dagbag.py:507} INFO - Filling up the DagBag from /home/oury/.local/lib/python3.10/site-packages/airflow/example_dags/example_branch_day_of_week_operator.py
[2022-06-06 00:18:32,117] {processor.py:651} INFO - DAG(s) dict_keys(['example_weekday_branch_operator']) retrieved from /home/oury/.local/lib/python3.10/site-packages/airflow/example_dags/example_branch_day_of_week_operator.py
[2022-06-06 00:18:32,130] {logging_mixin.py:115} INFO - [2022-06-06 00:18:32,130] {dag.py:2379} INFO - Sync 1 DAGs
[2022-06-06 00:18:32,150] {logging_mixin.py:115} INFO - [2022-06-06 00:18:32,150] {dag.py:2923} INFO - Setting next_dagrun for example_weekday_branch_operator to 2022-06-04T00:00:00+00:00, run_after=2022-06-05T00:00:00+00:00
[2022-06-06 00:18:32,161] {processor.py:161} INFO - Processing /home/oury/.local/lib/python3.10/site-packages/airflow/example_dags/example_branch_day_of_week_operator.py took 0.054 seconds
[2022-06-06 00:19:09,920] {processor.py:153} INFO - Started process (PID=56418) to work on /home/oury/.local/lib/python3.10/site-packages/airflow/example_dags/example_branch_day_of_week_operator.py
[2022-06-06 00:19:09,921] {processor.py:641} INFO - Processing file /home/oury/.local/lib/python3.10/site-packages/airflow/example_dags/example_branch_day_of_week_operator.py for tasks to queue
[2022-06-06 00:19:09,921] {logging_mixin.py:115} INFO - [2022-06-06 00:19:09,921] {dagbag.py:507} INFO - Filling up the DagBag from /home/oury/.local/lib/python3.10/site-packages/airflow/example_dags/example_branch_day_of_week_operator.py
[2022-06-06 00:19:09,927] {processor.py:651} INFO - DAG(s) dict_keys(['example_weekday_branch_operator']) retrieved from /home/oury/.local/lib/python3.10/site-packages/airflow/example_dags/example_branch_day_of_week_operator.py
[2022-06-06 00:19:09,940] {logging_mixin.py:115} INFO - [2022-06-06 00:19:09,940] {dag.py:2379} INFO - Sync 1 DAGs
[2022-06-06 00:19:09,958] {logging_mixin.py:115} INFO - [2022-06-06 00:19:09,958] {dag.py:2923} INFO - Setting next_dagrun for example_weekday_branch_operator to 2022-06-04T00:00:00+00:00, run_after=2022-06-05T00:00:00+00:00
[2022-06-06 00:19:09,969] {processor.py:161} INFO - Processing /home/oury/.local/lib/python3.10/site-packages/airflow/example_dags/example_branch_day_of_week_operator.py took 0.051 seconds
[2022-06-06 00:19:48,142] {processor.py:153} INFO - Started process (PID=56482) to work on /home/oury/.local/lib/python3.10/site-packages/airflow/example_dags/example_branch_day_of_week_operator.py
[2022-06-06 00:19:48,146] {processor.py:641} INFO - Processing file /home/oury/.local/lib/python3.10/site-packages/airflow/example_dags/example_branch_day_of_week_operator.py for tasks to queue
[2022-06-06 00:19:48,147] {logging_mixin.py:115} INFO - [2022-06-06 00:19:48,146] {dagbag.py:507} INFO - Filling up the DagBag from /home/oury/.local/lib/python3.10/site-packages/airflow/example_dags/example_branch_day_of_week_operator.py
[2022-06-06 00:19:48,160] {processor.py:651} INFO - DAG(s) dict_keys(['example_weekday_branch_operator']) retrieved from /home/oury/.local/lib/python3.10/site-packages/airflow/example_dags/example_branch_day_of_week_operator.py
[2022-06-06 00:19:48,182] {logging_mixin.py:115} INFO - [2022-06-06 00:19:48,182] {dag.py:2379} INFO - Sync 1 DAGs
[2022-06-06 00:19:48,214] {logging_mixin.py:115} INFO - [2022-06-06 00:19:48,214] {dag.py:2923} INFO - Setting next_dagrun for example_weekday_branch_operator to 2022-06-04T00:00:00+00:00, run_after=2022-06-05T00:00:00+00:00
[2022-06-06 00:19:48,229] {processor.py:161} INFO - Processing /home/oury/.local/lib/python3.10/site-packages/airflow/example_dags/example_branch_day_of_week_operator.py took 0.099 seconds
