[2022-06-06 00:09:10,141] {processor.py:153} INFO - Started process (PID=52860) to work on /home/oury/.local/lib/python3.10/site-packages/airflow/example_dags/example_task_group.py
[2022-06-06 00:09:10,141] {processor.py:641} INFO - Processing file /home/oury/.local/lib/python3.10/site-packages/airflow/example_dags/example_task_group.py for tasks to queue
[2022-06-06 00:09:10,141] {logging_mixin.py:115} INFO - [2022-06-06 00:09:10,141] {dagbag.py:507} INFO - Filling up the DagBag from /home/oury/.local/lib/python3.10/site-packages/airflow/example_dags/example_task_group.py
[2022-06-06 00:09:10,147] {processor.py:651} INFO - DAG(s) dict_keys(['example_task_group']) retrieved from /home/oury/.local/lib/python3.10/site-packages/airflow/example_dags/example_task_group.py
[2022-06-06 00:09:10,167] {logging_mixin.py:115} INFO - [2022-06-06 00:09:10,166] {dag.py:2379} INFO - Sync 1 DAGs
[2022-06-06 00:09:10,192] {logging_mixin.py:115} INFO - [2022-06-06 00:09:10,192] {dag.py:2923} INFO - Setting next_dagrun for example_task_group to 2022-06-04T23:09:10.191964+00:00, run_after=2022-06-05T23:09:10.191964+00:00
[2022-06-06 00:09:10,213] {processor.py:161} INFO - Processing /home/oury/.local/lib/python3.10/site-packages/airflow/example_dags/example_task_group.py took 0.075 seconds
[2022-06-06 00:09:44,851] {processor.py:153} INFO - Started process (PID=52999) to work on /home/oury/.local/lib/python3.10/site-packages/airflow/example_dags/example_task_group.py
[2022-06-06 00:09:44,851] {processor.py:641} INFO - Processing file /home/oury/.local/lib/python3.10/site-packages/airflow/example_dags/example_task_group.py for tasks to queue
[2022-06-06 00:09:44,852] {logging_mixin.py:115} INFO - [2022-06-06 00:09:44,852] {dagbag.py:507} INFO - Filling up the DagBag from /home/oury/.local/lib/python3.10/site-packages/airflow/example_dags/example_task_group.py
[2022-06-06 00:09:44,859] {processor.py:651} INFO - DAG(s) dict_keys(['example_task_group']) retrieved from /home/oury/.local/lib/python3.10/site-packages/airflow/example_dags/example_task_group.py
[2022-06-06 00:09:44,876] {logging_mixin.py:115} INFO - [2022-06-06 00:09:44,875] {dag.py:2379} INFO - Sync 1 DAGs
[2022-06-06 00:09:44,897] {logging_mixin.py:115} INFO - [2022-06-06 00:09:44,897] {dag.py:2923} INFO - Setting next_dagrun for example_task_group to 2022-06-04T23:09:44.897375+00:00, run_after=2022-06-05T23:09:44.897375+00:00
[2022-06-06 00:09:44,911] {processor.py:161} INFO - Processing /home/oury/.local/lib/python3.10/site-packages/airflow/example_dags/example_task_group.py took 0.063 seconds
[2022-06-06 00:10:18,515] {processor.py:153} INFO - Started process (PID=53190) to work on /home/oury/.local/lib/python3.10/site-packages/airflow/example_dags/example_task_group.py
[2022-06-06 00:10:18,516] {processor.py:641} INFO - Processing file /home/oury/.local/lib/python3.10/site-packages/airflow/example_dags/example_task_group.py for tasks to queue
[2022-06-06 00:10:18,517] {logging_mixin.py:115} INFO - [2022-06-06 00:10:18,517] {dagbag.py:507} INFO - Filling up the DagBag from /home/oury/.local/lib/python3.10/site-packages/airflow/example_dags/example_task_group.py
[2022-06-06 00:10:18,525] {processor.py:651} INFO - DAG(s) dict_keys(['example_task_group']) retrieved from /home/oury/.local/lib/python3.10/site-packages/airflow/example_dags/example_task_group.py
[2022-06-06 00:10:18,542] {logging_mixin.py:115} INFO - [2022-06-06 00:10:18,542] {dag.py:2379} INFO - Sync 1 DAGs
[2022-06-06 00:10:18,566] {logging_mixin.py:115} INFO - [2022-06-06 00:10:18,565] {dag.py:2923} INFO - Setting next_dagrun for example_task_group to 2022-06-04T23:10:18.565585+00:00, run_after=2022-06-05T23:10:18.565585+00:00
[2022-06-06 00:10:18,582] {processor.py:161} INFO - Processing /home/oury/.local/lib/python3.10/site-packages/airflow/example_dags/example_task_group.py took 0.069 seconds
[2022-06-06 00:10:52,592] {processor.py:153} INFO - Started process (PID=53329) to work on /home/oury/.local/lib/python3.10/site-packages/airflow/example_dags/example_task_group.py
[2022-06-06 00:10:52,592] {processor.py:641} INFO - Processing file /home/oury/.local/lib/python3.10/site-packages/airflow/example_dags/example_task_group.py for tasks to queue
[2022-06-06 00:10:52,593] {logging_mixin.py:115} INFO - [2022-06-06 00:10:52,592] {dagbag.py:507} INFO - Filling up the DagBag from /home/oury/.local/lib/python3.10/site-packages/airflow/example_dags/example_task_group.py
[2022-06-06 00:10:52,599] {processor.py:651} INFO - DAG(s) dict_keys(['example_task_group']) retrieved from /home/oury/.local/lib/python3.10/site-packages/airflow/example_dags/example_task_group.py
[2022-06-06 00:10:52,616] {logging_mixin.py:115} INFO - [2022-06-06 00:10:52,616] {dag.py:2379} INFO - Sync 1 DAGs
[2022-06-06 00:10:52,638] {logging_mixin.py:115} INFO - [2022-06-06 00:10:52,638] {dag.py:2923} INFO - Setting next_dagrun for example_task_group to 2022-06-04T23:10:52.638512+00:00, run_after=2022-06-05T23:10:52.638512+00:00
[2022-06-06 00:10:52,652] {processor.py:161} INFO - Processing /home/oury/.local/lib/python3.10/site-packages/airflow/example_dags/example_task_group.py took 0.063 seconds
[2022-06-06 00:11:27,859] {processor.py:153} INFO - Started process (PID=53511) to work on /home/oury/.local/lib/python3.10/site-packages/airflow/example_dags/example_task_group.py
[2022-06-06 00:11:27,859] {processor.py:641} INFO - Processing file /home/oury/.local/lib/python3.10/site-packages/airflow/example_dags/example_task_group.py for tasks to queue
[2022-06-06 00:11:27,860] {logging_mixin.py:115} INFO - [2022-06-06 00:11:27,859] {dagbag.py:507} INFO - Filling up the DagBag from /home/oury/.local/lib/python3.10/site-packages/airflow/example_dags/example_task_group.py
[2022-06-06 00:11:27,866] {processor.py:651} INFO - DAG(s) dict_keys(['example_task_group']) retrieved from /home/oury/.local/lib/python3.10/site-packages/airflow/example_dags/example_task_group.py
[2022-06-06 00:11:27,882] {logging_mixin.py:115} INFO - [2022-06-06 00:11:27,882] {dag.py:2379} INFO - Sync 1 DAGs
[2022-06-06 00:11:27,907] {logging_mixin.py:115} INFO - [2022-06-06 00:11:27,907] {dag.py:2923} INFO - Setting next_dagrun for example_task_group to 2022-06-04T23:11:27.907430+00:00, run_after=2022-06-05T23:11:27.907430+00:00
[2022-06-06 00:11:27,922] {processor.py:161} INFO - Processing /home/oury/.local/lib/python3.10/site-packages/airflow/example_dags/example_task_group.py took 0.066 seconds
[2022-06-06 00:12:02,637] {processor.py:153} INFO - Started process (PID=53623) to work on /home/oury/.local/lib/python3.10/site-packages/airflow/example_dags/example_task_group.py
[2022-06-06 00:12:02,638] {processor.py:641} INFO - Processing file /home/oury/.local/lib/python3.10/site-packages/airflow/example_dags/example_task_group.py for tasks to queue
[2022-06-06 00:12:02,638] {logging_mixin.py:115} INFO - [2022-06-06 00:12:02,638] {dagbag.py:507} INFO - Filling up the DagBag from /home/oury/.local/lib/python3.10/site-packages/airflow/example_dags/example_task_group.py
[2022-06-06 00:12:02,644] {processor.py:651} INFO - DAG(s) dict_keys(['example_task_group']) retrieved from /home/oury/.local/lib/python3.10/site-packages/airflow/example_dags/example_task_group.py
[2022-06-06 00:12:02,658] {logging_mixin.py:115} INFO - [2022-06-06 00:12:02,658] {dag.py:2379} INFO - Sync 1 DAGs
[2022-06-06 00:12:02,677] {logging_mixin.py:115} INFO - [2022-06-06 00:12:02,677] {dag.py:2923} INFO - Setting next_dagrun for example_task_group to 2022-06-04T23:12:02.676887+00:00, run_after=2022-06-05T23:12:02.676887+00:00
[2022-06-06 00:12:02,689] {processor.py:161} INFO - Processing /home/oury/.local/lib/python3.10/site-packages/airflow/example_dags/example_task_group.py took 0.055 seconds
[2022-06-06 00:15:28,807] {processor.py:153} INFO - Started process (PID=54225) to work on /home/oury/.local/lib/python3.10/site-packages/airflow/example_dags/example_task_group.py
[2022-06-06 00:15:28,808] {processor.py:641} INFO - Processing file /home/oury/.local/lib/python3.10/site-packages/airflow/example_dags/example_task_group.py for tasks to queue
[2022-06-06 00:15:28,808] {logging_mixin.py:115} INFO - [2022-06-06 00:15:28,808] {dagbag.py:507} INFO - Filling up the DagBag from /home/oury/.local/lib/python3.10/site-packages/airflow/example_dags/example_task_group.py
[2022-06-06 00:15:28,817] {processor.py:651} INFO - DAG(s) dict_keys(['example_task_group']) retrieved from /home/oury/.local/lib/python3.10/site-packages/airflow/example_dags/example_task_group.py
[2022-06-06 00:15:28,836] {logging_mixin.py:115} INFO - [2022-06-06 00:15:28,836] {dag.py:2379} INFO - Sync 1 DAGs
[2022-06-06 00:15:28,858] {logging_mixin.py:115} INFO - [2022-06-06 00:15:28,858] {dag.py:2923} INFO - Setting next_dagrun for example_task_group to 2022-06-04T23:15:28.858309+00:00, run_after=2022-06-05T23:15:28.858309+00:00
[2022-06-06 00:15:28,871] {processor.py:161} INFO - Processing /home/oury/.local/lib/python3.10/site-packages/airflow/example_dags/example_task_group.py took 0.069 seconds
[2022-06-06 00:16:17,678] {processor.py:153} INFO - Started process (PID=54740) to work on /home/oury/.local/lib/python3.10/site-packages/airflow/example_dags/example_task_group.py
[2022-06-06 00:16:17,679] {processor.py:641} INFO - Processing file /home/oury/.local/lib/python3.10/site-packages/airflow/example_dags/example_task_group.py for tasks to queue
[2022-06-06 00:16:17,679] {logging_mixin.py:115} INFO - [2022-06-06 00:16:17,679] {dagbag.py:507} INFO - Filling up the DagBag from /home/oury/.local/lib/python3.10/site-packages/airflow/example_dags/example_task_group.py
[2022-06-06 00:16:17,686] {processor.py:651} INFO - DAG(s) dict_keys(['example_task_group']) retrieved from /home/oury/.local/lib/python3.10/site-packages/airflow/example_dags/example_task_group.py
[2022-06-06 00:16:17,700] {logging_mixin.py:115} INFO - [2022-06-06 00:16:17,700] {dag.py:2379} INFO - Sync 1 DAGs
[2022-06-06 00:16:17,721] {logging_mixin.py:115} INFO - [2022-06-06 00:16:17,721] {dag.py:2923} INFO - Setting next_dagrun for example_task_group to 2022-06-04T23:16:17.721149+00:00, run_after=2022-06-05T23:16:17.721149+00:00
[2022-06-06 00:16:17,733] {processor.py:161} INFO - Processing /home/oury/.local/lib/python3.10/site-packages/airflow/example_dags/example_task_group.py took 0.059 seconds
[2022-06-06 00:17:31,165] {processor.py:153} INFO - Started process (PID=55546) to work on /home/oury/.local/lib/python3.10/site-packages/airflow/example_dags/example_task_group.py
[2022-06-06 00:17:31,166] {processor.py:641} INFO - Processing file /home/oury/.local/lib/python3.10/site-packages/airflow/example_dags/example_task_group.py for tasks to queue
[2022-06-06 00:17:31,166] {logging_mixin.py:115} INFO - [2022-06-06 00:17:31,166] {dagbag.py:507} INFO - Filling up the DagBag from /home/oury/.local/lib/python3.10/site-packages/airflow/example_dags/example_task_group.py
[2022-06-06 00:17:31,172] {processor.py:651} INFO - DAG(s) dict_keys(['example_task_group']) retrieved from /home/oury/.local/lib/python3.10/site-packages/airflow/example_dags/example_task_group.py
[2022-06-06 00:17:31,185] {logging_mixin.py:115} INFO - [2022-06-06 00:17:31,185] {dag.py:2379} INFO - Sync 1 DAGs
[2022-06-06 00:17:31,202] {logging_mixin.py:115} INFO - [2022-06-06 00:17:31,202] {dag.py:2923} INFO - Setting next_dagrun for example_task_group to 2022-06-04T23:17:31.202519+00:00, run_after=2022-06-05T23:17:31.202519+00:00
[2022-06-06 00:17:31,215] {processor.py:161} INFO - Processing /home/oury/.local/lib/python3.10/site-packages/airflow/example_dags/example_task_group.py took 0.052 seconds
[2022-06-06 00:18:29,633] {processor.py:153} INFO - Started process (PID=56086) to work on /home/oury/.local/lib/python3.10/site-packages/airflow/example_dags/example_task_group.py
[2022-06-06 00:18:29,634] {processor.py:641} INFO - Processing file /home/oury/.local/lib/python3.10/site-packages/airflow/example_dags/example_task_group.py for tasks to queue
[2022-06-06 00:18:29,634] {logging_mixin.py:115} INFO - [2022-06-06 00:18:29,634] {dagbag.py:507} INFO - Filling up the DagBag from /home/oury/.local/lib/python3.10/site-packages/airflow/example_dags/example_task_group.py
[2022-06-06 00:18:29,640] {processor.py:651} INFO - DAG(s) dict_keys(['example_task_group']) retrieved from /home/oury/.local/lib/python3.10/site-packages/airflow/example_dags/example_task_group.py
[2022-06-06 00:18:29,654] {logging_mixin.py:115} INFO - [2022-06-06 00:18:29,653] {dag.py:2379} INFO - Sync 1 DAGs
[2022-06-06 00:18:29,671] {logging_mixin.py:115} INFO - [2022-06-06 00:18:29,671] {dag.py:2923} INFO - Setting next_dagrun for example_task_group to 2022-06-04T23:18:29.671184+00:00, run_after=2022-06-05T23:18:29.671184+00:00
[2022-06-06 00:18:29,683] {processor.py:161} INFO - Processing /home/oury/.local/lib/python3.10/site-packages/airflow/example_dags/example_task_group.py took 0.052 seconds
[2022-06-06 00:19:07,048] {processor.py:153} INFO - Started process (PID=56345) to work on /home/oury/.local/lib/python3.10/site-packages/airflow/example_dags/example_task_group.py
[2022-06-06 00:19:07,049] {processor.py:641} INFO - Processing file /home/oury/.local/lib/python3.10/site-packages/airflow/example_dags/example_task_group.py for tasks to queue
[2022-06-06 00:19:07,049] {logging_mixin.py:115} INFO - [2022-06-06 00:19:07,049] {dagbag.py:507} INFO - Filling up the DagBag from /home/oury/.local/lib/python3.10/site-packages/airflow/example_dags/example_task_group.py
[2022-06-06 00:19:07,055] {processor.py:651} INFO - DAG(s) dict_keys(['example_task_group']) retrieved from /home/oury/.local/lib/python3.10/site-packages/airflow/example_dags/example_task_group.py
[2022-06-06 00:19:07,068] {logging_mixin.py:115} INFO - [2022-06-06 00:19:07,068] {dag.py:2379} INFO - Sync 1 DAGs
[2022-06-06 00:19:07,085] {logging_mixin.py:115} INFO - [2022-06-06 00:19:07,085] {dag.py:2923} INFO - Setting next_dagrun for example_task_group to 2022-06-04T23:19:07.085492+00:00, run_after=2022-06-05T23:19:07.085492+00:00
[2022-06-06 00:19:07,096] {processor.py:161} INFO - Processing /home/oury/.local/lib/python3.10/site-packages/airflow/example_dags/example_task_group.py took 0.050 seconds
[2022-06-06 00:19:44,671] {processor.py:153} INFO - Started process (PID=56478) to work on /home/oury/.local/lib/python3.10/site-packages/airflow/example_dags/example_task_group.py
[2022-06-06 00:19:44,671] {processor.py:641} INFO - Processing file /home/oury/.local/lib/python3.10/site-packages/airflow/example_dags/example_task_group.py for tasks to queue
[2022-06-06 00:19:44,672] {logging_mixin.py:115} INFO - [2022-06-06 00:19:44,672] {dagbag.py:507} INFO - Filling up the DagBag from /home/oury/.local/lib/python3.10/site-packages/airflow/example_dags/example_task_group.py
[2022-06-06 00:19:44,680] {processor.py:651} INFO - DAG(s) dict_keys(['example_task_group']) retrieved from /home/oury/.local/lib/python3.10/site-packages/airflow/example_dags/example_task_group.py
[2022-06-06 00:19:44,701] {logging_mixin.py:115} INFO - [2022-06-06 00:19:44,701] {dag.py:2379} INFO - Sync 1 DAGs
[2022-06-06 00:19:44,729] {logging_mixin.py:115} INFO - [2022-06-06 00:19:44,729] {dag.py:2923} INFO - Setting next_dagrun for example_task_group to 2022-06-04T23:19:44.729461+00:00, run_after=2022-06-05T23:19:44.729461+00:00
[2022-06-06 00:19:44,745] {processor.py:161} INFO - Processing /home/oury/.local/lib/python3.10/site-packages/airflow/example_dags/example_task_group.py took 0.077 seconds
