[2022-06-06 00:09:17,573] {processor.py:153} INFO - Started process (PID=52870) to work on /home/oury/.local/lib/python3.10/site-packages/airflow/example_dags/example_latest_only.py
[2022-06-06 00:09:17,573] {processor.py:641} INFO - Processing file /home/oury/.local/lib/python3.10/site-packages/airflow/example_dags/example_latest_only.py for tasks to queue
[2022-06-06 00:09:17,574] {logging_mixin.py:115} INFO - [2022-06-06 00:09:17,574] {dagbag.py:507} INFO - Filling up the DagBag from /home/oury/.local/lib/python3.10/site-packages/airflow/example_dags/example_latest_only.py
[2022-06-06 00:09:17,582] {processor.py:651} INFO - DAG(s) dict_keys(['latest_only']) retrieved from /home/oury/.local/lib/python3.10/site-packages/airflow/example_dags/example_latest_only.py
[2022-06-06 00:09:17,604] {logging_mixin.py:115} INFO - [2022-06-06 00:09:17,604] {dag.py:2379} INFO - Sync 1 DAGs
[2022-06-06 00:09:17,635] {logging_mixin.py:115} INFO - [2022-06-06 00:09:17,634] {dag.py:2923} INFO - Setting next_dagrun for latest_only to 2022-06-05T19:09:17.631262+00:00, run_after=2022-06-05T23:09:17.631262+00:00
[2022-06-06 00:09:17,646] {processor.py:161} INFO - Processing /home/oury/.local/lib/python3.10/site-packages/airflow/example_dags/example_latest_only.py took 0.078 seconds
[2022-06-06 00:09:52,755] {processor.py:153} INFO - Started process (PID=53068) to work on /home/oury/.local/lib/python3.10/site-packages/airflow/example_dags/example_latest_only.py
[2022-06-06 00:09:52,756] {processor.py:641} INFO - Processing file /home/oury/.local/lib/python3.10/site-packages/airflow/example_dags/example_latest_only.py for tasks to queue
[2022-06-06 00:09:52,756] {logging_mixin.py:115} INFO - [2022-06-06 00:09:52,756] {dagbag.py:507} INFO - Filling up the DagBag from /home/oury/.local/lib/python3.10/site-packages/airflow/example_dags/example_latest_only.py
[2022-06-06 00:09:52,761] {processor.py:651} INFO - DAG(s) dict_keys(['latest_only']) retrieved from /home/oury/.local/lib/python3.10/site-packages/airflow/example_dags/example_latest_only.py
[2022-06-06 00:09:52,778] {logging_mixin.py:115} INFO - [2022-06-06 00:09:52,777] {dag.py:2379} INFO - Sync 1 DAGs
[2022-06-06 00:09:52,800] {logging_mixin.py:115} INFO - [2022-06-06 00:09:52,799] {dag.py:2923} INFO - Setting next_dagrun for latest_only to 2022-06-05T19:09:52.796249+00:00, run_after=2022-06-05T23:09:52.796249+00:00
[2022-06-06 00:09:52,813] {processor.py:161} INFO - Processing /home/oury/.local/lib/python3.10/site-packages/airflow/example_dags/example_latest_only.py took 0.062 seconds
[2022-06-06 00:10:25,930] {processor.py:153} INFO - Started process (PID=53227) to work on /home/oury/.local/lib/python3.10/site-packages/airflow/example_dags/example_latest_only.py
[2022-06-06 00:10:25,931] {processor.py:641} INFO - Processing file /home/oury/.local/lib/python3.10/site-packages/airflow/example_dags/example_latest_only.py for tasks to queue
[2022-06-06 00:10:25,931] {logging_mixin.py:115} INFO - [2022-06-06 00:10:25,931] {dagbag.py:507} INFO - Filling up the DagBag from /home/oury/.local/lib/python3.10/site-packages/airflow/example_dags/example_latest_only.py
[2022-06-06 00:10:25,936] {processor.py:651} INFO - DAG(s) dict_keys(['latest_only']) retrieved from /home/oury/.local/lib/python3.10/site-packages/airflow/example_dags/example_latest_only.py
[2022-06-06 00:10:25,949] {logging_mixin.py:115} INFO - [2022-06-06 00:10:25,949] {dag.py:2379} INFO - Sync 1 DAGs
[2022-06-06 00:10:25,968] {logging_mixin.py:115} INFO - [2022-06-06 00:10:25,968] {dag.py:2923} INFO - Setting next_dagrun for latest_only to 2022-06-05T19:10:25.965622+00:00, run_after=2022-06-05T23:10:25.965622+00:00
[2022-06-06 00:10:25,979] {processor.py:161} INFO - Processing /home/oury/.local/lib/python3.10/site-packages/airflow/example_dags/example_latest_only.py took 0.052 seconds
[2022-06-06 00:11:00,886] {processor.py:153} INFO - Started process (PID=53339) to work on /home/oury/.local/lib/python3.10/site-packages/airflow/example_dags/example_latest_only.py
[2022-06-06 00:11:00,886] {processor.py:641} INFO - Processing file /home/oury/.local/lib/python3.10/site-packages/airflow/example_dags/example_latest_only.py for tasks to queue
[2022-06-06 00:11:00,886] {logging_mixin.py:115} INFO - [2022-06-06 00:11:00,886] {dagbag.py:507} INFO - Filling up the DagBag from /home/oury/.local/lib/python3.10/site-packages/airflow/example_dags/example_latest_only.py
[2022-06-06 00:11:00,891] {processor.py:651} INFO - DAG(s) dict_keys(['latest_only']) retrieved from /home/oury/.local/lib/python3.10/site-packages/airflow/example_dags/example_latest_only.py
[2022-06-06 00:11:00,905] {logging_mixin.py:115} INFO - [2022-06-06 00:11:00,905] {dag.py:2379} INFO - Sync 1 DAGs
[2022-06-06 00:11:00,924] {logging_mixin.py:115} INFO - [2022-06-06 00:11:00,924] {dag.py:2923} INFO - Setting next_dagrun for latest_only to 2022-06-05T19:11:00.921910+00:00, run_after=2022-06-05T23:11:00.921910+00:00
[2022-06-06 00:11:00,937] {processor.py:161} INFO - Processing /home/oury/.local/lib/python3.10/site-packages/airflow/example_dags/example_latest_only.py took 0.054 seconds
[2022-06-06 00:11:35,936] {processor.py:153} INFO - Started process (PID=53551) to work on /home/oury/.local/lib/python3.10/site-packages/airflow/example_dags/example_latest_only.py
[2022-06-06 00:11:35,937] {processor.py:641} INFO - Processing file /home/oury/.local/lib/python3.10/site-packages/airflow/example_dags/example_latest_only.py for tasks to queue
[2022-06-06 00:11:35,938] {logging_mixin.py:115} INFO - [2022-06-06 00:11:35,937] {dagbag.py:507} INFO - Filling up the DagBag from /home/oury/.local/lib/python3.10/site-packages/airflow/example_dags/example_latest_only.py
[2022-06-06 00:11:35,943] {processor.py:651} INFO - DAG(s) dict_keys(['latest_only']) retrieved from /home/oury/.local/lib/python3.10/site-packages/airflow/example_dags/example_latest_only.py
[2022-06-06 00:11:35,967] {logging_mixin.py:115} INFO - [2022-06-06 00:11:35,967] {dag.py:2379} INFO - Sync 1 DAGs
[2022-06-06 00:11:35,991] {logging_mixin.py:115} INFO - [2022-06-06 00:11:35,991] {dag.py:2923} INFO - Setting next_dagrun for latest_only to 2022-06-05T19:11:35.986784+00:00, run_after=2022-06-05T23:11:35.986784+00:00
[2022-06-06 00:11:36,007] {processor.py:161} INFO - Processing /home/oury/.local/lib/python3.10/site-packages/airflow/example_dags/example_latest_only.py took 0.074 seconds
[2022-06-06 00:12:10,850] {processor.py:153} INFO - Started process (PID=53633) to work on /home/oury/.local/lib/python3.10/site-packages/airflow/example_dags/example_latest_only.py
[2022-06-06 00:12:10,851] {processor.py:641} INFO - Processing file /home/oury/.local/lib/python3.10/site-packages/airflow/example_dags/example_latest_only.py for tasks to queue
[2022-06-06 00:12:10,851] {logging_mixin.py:115} INFO - [2022-06-06 00:12:10,851] {dagbag.py:507} INFO - Filling up the DagBag from /home/oury/.local/lib/python3.10/site-packages/airflow/example_dags/example_latest_only.py
[2022-06-06 00:12:10,856] {processor.py:651} INFO - DAG(s) dict_keys(['latest_only']) retrieved from /home/oury/.local/lib/python3.10/site-packages/airflow/example_dags/example_latest_only.py
[2022-06-06 00:12:10,869] {logging_mixin.py:115} INFO - [2022-06-06 00:12:10,869] {dag.py:2379} INFO - Sync 1 DAGs
[2022-06-06 00:12:10,892] {logging_mixin.py:115} INFO - [2022-06-06 00:12:10,892] {dag.py:2923} INFO - Setting next_dagrun for latest_only to 2022-06-05T19:12:10.889184+00:00, run_after=2022-06-05T23:12:10.889184+00:00
[2022-06-06 00:12:10,903] {processor.py:161} INFO - Processing /home/oury/.local/lib/python3.10/site-packages/airflow/example_dags/example_latest_only.py took 0.056 seconds
[2022-06-06 00:15:36,434] {processor.py:153} INFO - Started process (PID=54268) to work on /home/oury/.local/lib/python3.10/site-packages/airflow/example_dags/example_latest_only.py
[2022-06-06 00:15:36,435] {processor.py:641} INFO - Processing file /home/oury/.local/lib/python3.10/site-packages/airflow/example_dags/example_latest_only.py for tasks to queue
[2022-06-06 00:15:36,435] {logging_mixin.py:115} INFO - [2022-06-06 00:15:36,435] {dagbag.py:507} INFO - Filling up the DagBag from /home/oury/.local/lib/python3.10/site-packages/airflow/example_dags/example_latest_only.py
[2022-06-06 00:15:36,440] {processor.py:651} INFO - DAG(s) dict_keys(['latest_only']) retrieved from /home/oury/.local/lib/python3.10/site-packages/airflow/example_dags/example_latest_only.py
[2022-06-06 00:15:36,454] {logging_mixin.py:115} INFO - [2022-06-06 00:15:36,454] {dag.py:2379} INFO - Sync 1 DAGs
[2022-06-06 00:15:36,475] {logging_mixin.py:115} INFO - [2022-06-06 00:15:36,475] {dag.py:2923} INFO - Setting next_dagrun for latest_only to 2022-06-05T19:15:36.474730+00:00, run_after=2022-06-05T23:15:36.474730+00:00
[2022-06-06 00:15:36,491] {processor.py:161} INFO - Processing /home/oury/.local/lib/python3.10/site-packages/airflow/example_dags/example_latest_only.py took 0.059 seconds
[2022-06-06 00:16:31,390] {processor.py:153} INFO - Started process (PID=54852) to work on /home/oury/.local/lib/python3.10/site-packages/airflow/example_dags/example_latest_only.py
[2022-06-06 00:16:31,391] {processor.py:641} INFO - Processing file /home/oury/.local/lib/python3.10/site-packages/airflow/example_dags/example_latest_only.py for tasks to queue
[2022-06-06 00:16:31,396] {logging_mixin.py:115} INFO - [2022-06-06 00:16:31,395] {dagbag.py:507} INFO - Filling up the DagBag from /home/oury/.local/lib/python3.10/site-packages/airflow/example_dags/example_latest_only.py
[2022-06-06 00:16:31,403] {processor.py:651} INFO - DAG(s) dict_keys(['latest_only']) retrieved from /home/oury/.local/lib/python3.10/site-packages/airflow/example_dags/example_latest_only.py
[2022-06-06 00:16:31,420] {logging_mixin.py:115} INFO - [2022-06-06 00:16:31,420] {dag.py:2379} INFO - Sync 1 DAGs
[2022-06-06 00:16:31,437] {logging_mixin.py:115} INFO - [2022-06-06 00:16:31,437] {dag.py:2923} INFO - Setting next_dagrun for latest_only to 2022-06-05T19:16:31.437417+00:00, run_after=2022-06-05T23:16:31.437417+00:00
[2022-06-06 00:16:31,452] {processor.py:161} INFO - Processing /home/oury/.local/lib/python3.10/site-packages/airflow/example_dags/example_latest_only.py took 0.066 seconds
[2022-06-06 00:17:44,678] {processor.py:153} INFO - Started process (PID=55665) to work on /home/oury/.local/lib/python3.10/site-packages/airflow/example_dags/example_latest_only.py
[2022-06-06 00:17:44,678] {processor.py:641} INFO - Processing file /home/oury/.local/lib/python3.10/site-packages/airflow/example_dags/example_latest_only.py for tasks to queue
[2022-06-06 00:17:44,679] {logging_mixin.py:115} INFO - [2022-06-06 00:17:44,679] {dagbag.py:507} INFO - Filling up the DagBag from /home/oury/.local/lib/python3.10/site-packages/airflow/example_dags/example_latest_only.py
[2022-06-06 00:17:44,683] {processor.py:651} INFO - DAG(s) dict_keys(['latest_only']) retrieved from /home/oury/.local/lib/python3.10/site-packages/airflow/example_dags/example_latest_only.py
[2022-06-06 00:17:44,697] {logging_mixin.py:115} INFO - [2022-06-06 00:17:44,697] {dag.py:2379} INFO - Sync 1 DAGs
[2022-06-06 00:17:44,712] {logging_mixin.py:115} INFO - [2022-06-06 00:17:44,712] {dag.py:2923} INFO - Setting next_dagrun for latest_only to 2022-06-05T19:17:44.711997+00:00, run_after=2022-06-05T23:17:44.711997+00:00
[2022-06-06 00:17:44,725] {processor.py:161} INFO - Processing /home/oury/.local/lib/python3.10/site-packages/airflow/example_dags/example_latest_only.py took 0.051 seconds
[2022-06-06 00:18:37,273] {processor.py:153} INFO - Started process (PID=56163) to work on /home/oury/.local/lib/python3.10/site-packages/airflow/example_dags/example_latest_only.py
[2022-06-06 00:18:37,273] {processor.py:641} INFO - Processing file /home/oury/.local/lib/python3.10/site-packages/airflow/example_dags/example_latest_only.py for tasks to queue
[2022-06-06 00:18:37,274] {logging_mixin.py:115} INFO - [2022-06-06 00:18:37,273] {dagbag.py:507} INFO - Filling up the DagBag from /home/oury/.local/lib/python3.10/site-packages/airflow/example_dags/example_latest_only.py
[2022-06-06 00:18:37,278] {processor.py:651} INFO - DAG(s) dict_keys(['latest_only']) retrieved from /home/oury/.local/lib/python3.10/site-packages/airflow/example_dags/example_latest_only.py
[2022-06-06 00:18:37,290] {logging_mixin.py:115} INFO - [2022-06-06 00:18:37,290] {dag.py:2379} INFO - Sync 1 DAGs
[2022-06-06 00:18:37,305] {logging_mixin.py:115} INFO - [2022-06-06 00:18:37,305] {dag.py:2923} INFO - Setting next_dagrun for latest_only to 2022-06-05T19:18:37.305077+00:00, run_after=2022-06-05T23:18:37.305077+00:00
[2022-06-06 00:18:37,318] {processor.py:161} INFO - Processing /home/oury/.local/lib/python3.10/site-packages/airflow/example_dags/example_latest_only.py took 0.048 seconds
[2022-06-06 00:19:16,197] {processor.py:153} INFO - Started process (PID=56429) to work on /home/oury/.local/lib/python3.10/site-packages/airflow/example_dags/example_latest_only.py
[2022-06-06 00:19:16,197] {processor.py:641} INFO - Processing file /home/oury/.local/lib/python3.10/site-packages/airflow/example_dags/example_latest_only.py for tasks to queue
[2022-06-06 00:19:16,198] {logging_mixin.py:115} INFO - [2022-06-06 00:19:16,198] {dagbag.py:507} INFO - Filling up the DagBag from /home/oury/.local/lib/python3.10/site-packages/airflow/example_dags/example_latest_only.py
[2022-06-06 00:19:16,202] {processor.py:651} INFO - DAG(s) dict_keys(['latest_only']) retrieved from /home/oury/.local/lib/python3.10/site-packages/airflow/example_dags/example_latest_only.py
[2022-06-06 00:19:16,215] {logging_mixin.py:115} INFO - [2022-06-06 00:19:16,215] {dag.py:2379} INFO - Sync 1 DAGs
[2022-06-06 00:19:16,230] {logging_mixin.py:115} INFO - [2022-06-06 00:19:16,230] {dag.py:2923} INFO - Setting next_dagrun for latest_only to 2022-06-05T19:19:16.229880+00:00, run_after=2022-06-05T23:19:16.229880+00:00
[2022-06-06 00:19:16,243] {processor.py:161} INFO - Processing /home/oury/.local/lib/python3.10/site-packages/airflow/example_dags/example_latest_only.py took 0.048 seconds
