[2022-06-06 00:09:25,618] {processor.py:153} INFO - Started process (PID=52911) to work on /home/oury/.local/lib/python3.10/site-packages/airflow/example_dags/example_latest_only_with_trigger.py
[2022-06-06 00:09:25,619] {processor.py:641} INFO - Processing file /home/oury/.local/lib/python3.10/site-packages/airflow/example_dags/example_latest_only_with_trigger.py for tasks to queue
[2022-06-06 00:09:25,619] {logging_mixin.py:115} INFO - [2022-06-06 00:09:25,619] {dagbag.py:507} INFO - Filling up the DagBag from /home/oury/.local/lib/python3.10/site-packages/airflow/example_dags/example_latest_only_with_trigger.py
[2022-06-06 00:09:25,628] {processor.py:651} INFO - DAG(s) dict_keys(['latest_only_with_trigger']) retrieved from /home/oury/.local/lib/python3.10/site-packages/airflow/example_dags/example_latest_only_with_trigger.py
[2022-06-06 00:09:25,644] {logging_mixin.py:115} INFO - [2022-06-06 00:09:25,643] {dag.py:2379} INFO - Sync 1 DAGs
[2022-06-06 00:09:25,663] {logging_mixin.py:115} INFO - [2022-06-06 00:09:25,663] {dag.py:2923} INFO - Setting next_dagrun for latest_only_with_trigger to 2022-06-05T19:09:25.663088+00:00, run_after=2022-06-05T23:09:25.663088+00:00
[2022-06-06 00:09:25,676] {processor.py:161} INFO - Processing /home/oury/.local/lib/python3.10/site-packages/airflow/example_dags/example_latest_only_with_trigger.py took 0.060 seconds
[2022-06-06 00:10:00,670] {processor.py:153} INFO - Started process (PID=53079) to work on /home/oury/.local/lib/python3.10/site-packages/airflow/example_dags/example_latest_only_with_trigger.py
[2022-06-06 00:10:00,671] {processor.py:641} INFO - Processing file /home/oury/.local/lib/python3.10/site-packages/airflow/example_dags/example_latest_only_with_trigger.py for tasks to queue
[2022-06-06 00:10:00,672] {logging_mixin.py:115} INFO - [2022-06-06 00:10:00,671] {dagbag.py:507} INFO - Filling up the DagBag from /home/oury/.local/lib/python3.10/site-packages/airflow/example_dags/example_latest_only_with_trigger.py
[2022-06-06 00:10:00,678] {processor.py:651} INFO - DAG(s) dict_keys(['latest_only_with_trigger']) retrieved from /home/oury/.local/lib/python3.10/site-packages/airflow/example_dags/example_latest_only_with_trigger.py
[2022-06-06 00:10:00,696] {logging_mixin.py:115} INFO - [2022-06-06 00:10:00,695] {dag.py:2379} INFO - Sync 1 DAGs
[2022-06-06 00:10:00,716] {logging_mixin.py:115} INFO - [2022-06-06 00:10:00,716] {dag.py:2923} INFO - Setting next_dagrun for latest_only_with_trigger to 2022-06-05T19:10:00.716357+00:00, run_after=2022-06-05T23:10:00.716357+00:00
[2022-06-06 00:10:00,730] {processor.py:161} INFO - Processing /home/oury/.local/lib/python3.10/site-packages/airflow/example_dags/example_latest_only_with_trigger.py took 0.063 seconds
[2022-06-06 00:10:36,342] {processor.py:153} INFO - Started process (PID=53309) to work on /home/oury/.local/lib/python3.10/site-packages/airflow/example_dags/example_latest_only_with_trigger.py
[2022-06-06 00:10:36,342] {processor.py:641} INFO - Processing file /home/oury/.local/lib/python3.10/site-packages/airflow/example_dags/example_latest_only_with_trigger.py for tasks to queue
[2022-06-06 00:10:36,343] {logging_mixin.py:115} INFO - [2022-06-06 00:10:36,343] {dagbag.py:507} INFO - Filling up the DagBag from /home/oury/.local/lib/python3.10/site-packages/airflow/example_dags/example_latest_only_with_trigger.py
[2022-06-06 00:10:36,348] {processor.py:651} INFO - DAG(s) dict_keys(['latest_only_with_trigger']) retrieved from /home/oury/.local/lib/python3.10/site-packages/airflow/example_dags/example_latest_only_with_trigger.py
[2022-06-06 00:10:36,362] {logging_mixin.py:115} INFO - [2022-06-06 00:10:36,362] {dag.py:2379} INFO - Sync 1 DAGs
[2022-06-06 00:10:36,382] {logging_mixin.py:115} INFO - [2022-06-06 00:10:36,382] {dag.py:2923} INFO - Setting next_dagrun for latest_only_with_trigger to 2022-06-05T19:10:36.382349+00:00, run_after=2022-06-05T23:10:36.382349+00:00
[2022-06-06 00:10:36,394] {processor.py:161} INFO - Processing /home/oury/.local/lib/python3.10/site-packages/airflow/example_dags/example_latest_only_with_trigger.py took 0.055 seconds
[2022-06-06 00:11:12,905] {processor.py:153} INFO - Started process (PID=53492) to work on /home/oury/.local/lib/python3.10/site-packages/airflow/example_dags/example_latest_only_with_trigger.py
[2022-06-06 00:11:12,906] {processor.py:641} INFO - Processing file /home/oury/.local/lib/python3.10/site-packages/airflow/example_dags/example_latest_only_with_trigger.py for tasks to queue
[2022-06-06 00:11:12,906] {logging_mixin.py:115} INFO - [2022-06-06 00:11:12,906] {dagbag.py:507} INFO - Filling up the DagBag from /home/oury/.local/lib/python3.10/site-packages/airflow/example_dags/example_latest_only_with_trigger.py
[2022-06-06 00:11:12,911] {processor.py:651} INFO - DAG(s) dict_keys(['latest_only_with_trigger']) retrieved from /home/oury/.local/lib/python3.10/site-packages/airflow/example_dags/example_latest_only_with_trigger.py
[2022-06-06 00:11:12,925] {logging_mixin.py:115} INFO - [2022-06-06 00:11:12,925] {dag.py:2379} INFO - Sync 1 DAGs
[2022-06-06 00:11:12,944] {logging_mixin.py:115} INFO - [2022-06-06 00:11:12,944] {dag.py:2923} INFO - Setting next_dagrun for latest_only_with_trigger to 2022-06-05T19:11:12.944159+00:00, run_after=2022-06-05T23:11:12.944159+00:00
[2022-06-06 00:11:12,957] {processor.py:161} INFO - Processing /home/oury/.local/lib/python3.10/site-packages/airflow/example_dags/example_latest_only_with_trigger.py took 0.054 seconds
[2022-06-06 00:11:51,419] {processor.py:153} INFO - Started process (PID=53603) to work on /home/oury/.local/lib/python3.10/site-packages/airflow/example_dags/example_latest_only_with_trigger.py
[2022-06-06 00:11:51,420] {processor.py:641} INFO - Processing file /home/oury/.local/lib/python3.10/site-packages/airflow/example_dags/example_latest_only_with_trigger.py for tasks to queue
[2022-06-06 00:11:51,421] {logging_mixin.py:115} INFO - [2022-06-06 00:11:51,420] {dagbag.py:507} INFO - Filling up the DagBag from /home/oury/.local/lib/python3.10/site-packages/airflow/example_dags/example_latest_only_with_trigger.py
[2022-06-06 00:11:51,426] {processor.py:651} INFO - DAG(s) dict_keys(['latest_only_with_trigger']) retrieved from /home/oury/.local/lib/python3.10/site-packages/airflow/example_dags/example_latest_only_with_trigger.py
[2022-06-06 00:11:51,441] {logging_mixin.py:115} INFO - [2022-06-06 00:11:51,441] {dag.py:2379} INFO - Sync 1 DAGs
[2022-06-06 00:11:51,460] {logging_mixin.py:115} INFO - [2022-06-06 00:11:51,460] {dag.py:2923} INFO - Setting next_dagrun for latest_only_with_trigger to 2022-06-05T19:11:51.460245+00:00, run_after=2022-06-05T23:11:51.460245+00:00
[2022-06-06 00:11:51,473] {processor.py:161} INFO - Processing /home/oury/.local/lib/python3.10/site-packages/airflow/example_dags/example_latest_only_with_trigger.py took 0.057 seconds
[2022-06-06 00:12:28,697] {processor.py:153} INFO - Started process (PID=53724) to work on /home/oury/.local/lib/python3.10/site-packages/airflow/example_dags/example_latest_only_with_trigger.py
[2022-06-06 00:12:28,698] {processor.py:641} INFO - Processing file /home/oury/.local/lib/python3.10/site-packages/airflow/example_dags/example_latest_only_with_trigger.py for tasks to queue
[2022-06-06 00:12:28,698] {logging_mixin.py:115} INFO - [2022-06-06 00:12:28,698] {dagbag.py:507} INFO - Filling up the DagBag from /home/oury/.local/lib/python3.10/site-packages/airflow/example_dags/example_latest_only_with_trigger.py
[2022-06-06 00:12:28,704] {processor.py:651} INFO - DAG(s) dict_keys(['latest_only_with_trigger']) retrieved from /home/oury/.local/lib/python3.10/site-packages/airflow/example_dags/example_latest_only_with_trigger.py
[2022-06-06 00:12:28,717] {logging_mixin.py:115} INFO - [2022-06-06 00:12:28,717] {dag.py:2379} INFO - Sync 1 DAGs
[2022-06-06 00:12:28,735] {logging_mixin.py:115} INFO - [2022-06-06 00:12:28,735] {dag.py:2923} INFO - Setting next_dagrun for latest_only_with_trigger to 2022-06-05T19:12:28.734761+00:00, run_after=2022-06-05T23:12:28.734761+00:00
[2022-06-06 00:12:28,746] {processor.py:161} INFO - Processing /home/oury/.local/lib/python3.10/site-packages/airflow/example_dags/example_latest_only_with_trigger.py took 0.051 seconds
[2022-06-06 00:15:44,266] {processor.py:153} INFO - Started process (PID=54313) to work on /home/oury/.local/lib/python3.10/site-packages/airflow/example_dags/example_latest_only_with_trigger.py
[2022-06-06 00:15:44,267] {processor.py:641} INFO - Processing file /home/oury/.local/lib/python3.10/site-packages/airflow/example_dags/example_latest_only_with_trigger.py for tasks to queue
[2022-06-06 00:15:44,267] {logging_mixin.py:115} INFO - [2022-06-06 00:15:44,267] {dagbag.py:507} INFO - Filling up the DagBag from /home/oury/.local/lib/python3.10/site-packages/airflow/example_dags/example_latest_only_with_trigger.py
[2022-06-06 00:15:44,273] {processor.py:651} INFO - DAG(s) dict_keys(['latest_only_with_trigger']) retrieved from /home/oury/.local/lib/python3.10/site-packages/airflow/example_dags/example_latest_only_with_trigger.py
[2022-06-06 00:15:44,291] {logging_mixin.py:115} INFO - [2022-06-06 00:15:44,291] {dag.py:2379} INFO - Sync 1 DAGs
[2022-06-06 00:15:44,317] {logging_mixin.py:115} INFO - [2022-06-06 00:15:44,317] {dag.py:2923} INFO - Setting next_dagrun for latest_only_with_trigger to 2022-06-05T19:15:44.317101+00:00, run_after=2022-06-05T23:15:44.317101+00:00
[2022-06-06 00:15:44,333] {processor.py:161} INFO - Processing /home/oury/.local/lib/python3.10/site-packages/airflow/example_dags/example_latest_only_with_trigger.py took 0.070 seconds
[2022-06-06 00:17:12,714] {processor.py:153} INFO - Started process (PID=55338) to work on /home/oury/.local/lib/python3.10/site-packages/airflow/example_dags/example_latest_only_with_trigger.py
[2022-06-06 00:17:12,715] {processor.py:641} INFO - Processing file /home/oury/.local/lib/python3.10/site-packages/airflow/example_dags/example_latest_only_with_trigger.py for tasks to queue
[2022-06-06 00:17:12,716] {logging_mixin.py:115} INFO - [2022-06-06 00:17:12,716] {dagbag.py:507} INFO - Filling up the DagBag from /home/oury/.local/lib/python3.10/site-packages/airflow/example_dags/example_latest_only_with_trigger.py
[2022-06-06 00:17:12,725] {processor.py:651} INFO - DAG(s) dict_keys(['latest_only_with_trigger']) retrieved from /home/oury/.local/lib/python3.10/site-packages/airflow/example_dags/example_latest_only_with_trigger.py
[2022-06-06 00:17:12,745] {logging_mixin.py:115} INFO - [2022-06-06 00:17:12,745] {dag.py:2379} INFO - Sync 1 DAGs
[2022-06-06 00:17:12,769] {logging_mixin.py:115} INFO - [2022-06-06 00:17:12,769] {dag.py:2923} INFO - Setting next_dagrun for latest_only_with_trigger to 2022-06-05T19:17:12.769415+00:00, run_after=2022-06-05T23:17:12.769415+00:00
[2022-06-06 00:17:12,782] {processor.py:161} INFO - Processing /home/oury/.local/lib/python3.10/site-packages/airflow/example_dags/example_latest_only_with_trigger.py took 0.072 seconds
[2022-06-06 00:18:13,335] {processor.py:153} INFO - Started process (PID=55907) to work on /home/oury/.local/lib/python3.10/site-packages/airflow/example_dags/example_latest_only_with_trigger.py
[2022-06-06 00:18:13,335] {processor.py:641} INFO - Processing file /home/oury/.local/lib/python3.10/site-packages/airflow/example_dags/example_latest_only_with_trigger.py for tasks to queue
[2022-06-06 00:18:13,336] {logging_mixin.py:115} INFO - [2022-06-06 00:18:13,336] {dagbag.py:507} INFO - Filling up the DagBag from /home/oury/.local/lib/python3.10/site-packages/airflow/example_dags/example_latest_only_with_trigger.py
[2022-06-06 00:18:13,343] {processor.py:651} INFO - DAG(s) dict_keys(['latest_only_with_trigger']) retrieved from /home/oury/.local/lib/python3.10/site-packages/airflow/example_dags/example_latest_only_with_trigger.py
[2022-06-06 00:18:13,360] {logging_mixin.py:115} INFO - [2022-06-06 00:18:13,360] {dag.py:2379} INFO - Sync 1 DAGs
[2022-06-06 00:18:13,388] {logging_mixin.py:115} INFO - [2022-06-06 00:18:13,387] {dag.py:2923} INFO - Setting next_dagrun for latest_only_with_trigger to 2022-06-05T19:18:13.387687+00:00, run_after=2022-06-05T23:18:13.387687+00:00
[2022-06-06 00:18:13,403] {processor.py:161} INFO - Processing /home/oury/.local/lib/python3.10/site-packages/airflow/example_dags/example_latest_only_with_trigger.py took 0.071 seconds
[2022-06-06 00:18:59,626] {processor.py:153} INFO - Started process (PID=56264) to work on /home/oury/.local/lib/python3.10/site-packages/airflow/example_dags/example_latest_only_with_trigger.py
[2022-06-06 00:18:59,627] {processor.py:641} INFO - Processing file /home/oury/.local/lib/python3.10/site-packages/airflow/example_dags/example_latest_only_with_trigger.py for tasks to queue
[2022-06-06 00:18:59,627] {logging_mixin.py:115} INFO - [2022-06-06 00:18:59,627] {dagbag.py:507} INFO - Filling up the DagBag from /home/oury/.local/lib/python3.10/site-packages/airflow/example_dags/example_latest_only_with_trigger.py
[2022-06-06 00:18:59,636] {processor.py:651} INFO - DAG(s) dict_keys(['latest_only_with_trigger']) retrieved from /home/oury/.local/lib/python3.10/site-packages/airflow/example_dags/example_latest_only_with_trigger.py
[2022-06-06 00:18:59,654] {logging_mixin.py:115} INFO - [2022-06-06 00:18:59,654] {dag.py:2379} INFO - Sync 1 DAGs
[2022-06-06 00:18:59,681] {logging_mixin.py:115} INFO - [2022-06-06 00:18:59,681] {dag.py:2923} INFO - Setting next_dagrun for latest_only_with_trigger to 2022-06-05T19:18:59.681198+00:00, run_after=2022-06-05T23:18:59.681198+00:00
[2022-06-06 00:18:59,698] {processor.py:161} INFO - Processing /home/oury/.local/lib/python3.10/site-packages/airflow/example_dags/example_latest_only_with_trigger.py took 0.075 seconds
[2022-06-06 00:19:39,529] {processor.py:153} INFO - Started process (PID=56464) to work on /home/oury/.local/lib/python3.10/site-packages/airflow/example_dags/example_latest_only_with_trigger.py
[2022-06-06 00:19:39,529] {processor.py:641} INFO - Processing file /home/oury/.local/lib/python3.10/site-packages/airflow/example_dags/example_latest_only_with_trigger.py for tasks to queue
[2022-06-06 00:19:39,530] {logging_mixin.py:115} INFO - [2022-06-06 00:19:39,530] {dagbag.py:507} INFO - Filling up the DagBag from /home/oury/.local/lib/python3.10/site-packages/airflow/example_dags/example_latest_only_with_trigger.py
[2022-06-06 00:19:39,535] {processor.py:651} INFO - DAG(s) dict_keys(['latest_only_with_trigger']) retrieved from /home/oury/.local/lib/python3.10/site-packages/airflow/example_dags/example_latest_only_with_trigger.py
[2022-06-06 00:19:39,548] {logging_mixin.py:115} INFO - [2022-06-06 00:19:39,548] {dag.py:2379} INFO - Sync 1 DAGs
[2022-06-06 00:19:39,565] {logging_mixin.py:115} INFO - [2022-06-06 00:19:39,565] {dag.py:2923} INFO - Setting next_dagrun for latest_only_with_trigger to 2022-06-05T19:19:39.565061+00:00, run_after=2022-06-05T23:19:39.565061+00:00
[2022-06-06 00:19:39,576] {processor.py:161} INFO - Processing /home/oury/.local/lib/python3.10/site-packages/airflow/example_dags/example_latest_only_with_trigger.py took 0.049 seconds
