[2022-06-06 00:09:20,435] {processor.py:153} INFO - Started process (PID=52875) to work on /home/oury/.local/lib/python3.10/site-packages/airflow/example_dags/example_kubernetes_executor.py
[2022-06-06 00:09:20,435] {processor.py:641} INFO - Processing file /home/oury/.local/lib/python3.10/site-packages/airflow/example_dags/example_kubernetes_executor.py for tasks to queue
[2022-06-06 00:09:20,436] {logging_mixin.py:115} INFO - [2022-06-06 00:09:20,436] {dagbag.py:507} INFO - Filling up the DagBag from /home/oury/.local/lib/python3.10/site-packages/airflow/example_dags/example_kubernetes_executor.py
[2022-06-06 00:09:20,450] {logging_mixin.py:115} INFO - [2022-06-06 00:09:20,449] {example_kubernetes_executor.py:39} WARNING - The example_kubernetes_executor example DAG requires the kubernetes provider. Please install it with: pip install apache-airflow[cncf.kubernetes]
[2022-06-06 00:09:20,450] {processor.py:653} WARNING - No viable dags retrieved from /home/oury/.local/lib/python3.10/site-packages/airflow/example_dags/example_kubernetes_executor.py
[2022-06-06 00:09:20,458] {processor.py:161} INFO - Processing /home/oury/.local/lib/python3.10/site-packages/airflow/example_dags/example_kubernetes_executor.py took 0.025 seconds
[2022-06-06 00:09:56,752] {processor.py:153} INFO - Started process (PID=53073) to work on /home/oury/.local/lib/python3.10/site-packages/airflow/example_dags/example_kubernetes_executor.py
[2022-06-06 00:09:56,754] {processor.py:641} INFO - Processing file /home/oury/.local/lib/python3.10/site-packages/airflow/example_dags/example_kubernetes_executor.py for tasks to queue
[2022-06-06 00:09:56,754] {logging_mixin.py:115} INFO - [2022-06-06 00:09:56,754] {dagbag.py:507} INFO - Filling up the DagBag from /home/oury/.local/lib/python3.10/site-packages/airflow/example_dags/example_kubernetes_executor.py
[2022-06-06 00:09:56,769] {logging_mixin.py:115} INFO - [2022-06-06 00:09:56,768] {example_kubernetes_executor.py:39} WARNING - The example_kubernetes_executor example DAG requires the kubernetes provider. Please install it with: pip install apache-airflow[cncf.kubernetes]
[2022-06-06 00:09:56,769] {processor.py:653} WARNING - No viable dags retrieved from /home/oury/.local/lib/python3.10/site-packages/airflow/example_dags/example_kubernetes_executor.py
[2022-06-06 00:09:56,779] {processor.py:161} INFO - Processing /home/oury/.local/lib/python3.10/site-packages/airflow/example_dags/example_kubernetes_executor.py took 0.030 seconds
[2022-06-06 00:10:29,940] {processor.py:153} INFO - Started process (PID=53232) to work on /home/oury/.local/lib/python3.10/site-packages/airflow/example_dags/example_kubernetes_executor.py
[2022-06-06 00:10:29,941] {processor.py:641} INFO - Processing file /home/oury/.local/lib/python3.10/site-packages/airflow/example_dags/example_kubernetes_executor.py for tasks to queue
[2022-06-06 00:10:29,941] {logging_mixin.py:115} INFO - [2022-06-06 00:10:29,941] {dagbag.py:507} INFO - Filling up the DagBag from /home/oury/.local/lib/python3.10/site-packages/airflow/example_dags/example_kubernetes_executor.py
[2022-06-06 00:10:29,954] {logging_mixin.py:115} INFO - [2022-06-06 00:10:29,954] {example_kubernetes_executor.py:39} WARNING - The example_kubernetes_executor example DAG requires the kubernetes provider. Please install it with: pip install apache-airflow[cncf.kubernetes]
[2022-06-06 00:10:29,955] {processor.py:653} WARNING - No viable dags retrieved from /home/oury/.local/lib/python3.10/site-packages/airflow/example_dags/example_kubernetes_executor.py
[2022-06-06 00:10:29,963] {processor.py:161} INFO - Processing /home/oury/.local/lib/python3.10/site-packages/airflow/example_dags/example_kubernetes_executor.py took 0.025 seconds
[2022-06-06 00:11:03,753] {processor.py:153} INFO - Started process (PID=53413) to work on /home/oury/.local/lib/python3.10/site-packages/airflow/example_dags/example_kubernetes_executor.py
[2022-06-06 00:11:03,754] {processor.py:641} INFO - Processing file /home/oury/.local/lib/python3.10/site-packages/airflow/example_dags/example_kubernetes_executor.py for tasks to queue
[2022-06-06 00:11:03,754] {logging_mixin.py:115} INFO - [2022-06-06 00:11:03,754] {dagbag.py:507} INFO - Filling up the DagBag from /home/oury/.local/lib/python3.10/site-packages/airflow/example_dags/example_kubernetes_executor.py
[2022-06-06 00:11:03,767] {logging_mixin.py:115} INFO - [2022-06-06 00:11:03,767] {example_kubernetes_executor.py:39} WARNING - The example_kubernetes_executor example DAG requires the kubernetes provider. Please install it with: pip install apache-airflow[cncf.kubernetes]
[2022-06-06 00:11:03,768] {processor.py:653} WARNING - No viable dags retrieved from /home/oury/.local/lib/python3.10/site-packages/airflow/example_dags/example_kubernetes_executor.py
[2022-06-06 00:11:03,777] {processor.py:161} INFO - Processing /home/oury/.local/lib/python3.10/site-packages/airflow/example_dags/example_kubernetes_executor.py took 0.026 seconds
[2022-06-06 00:11:39,942] {processor.py:153} INFO - Started process (PID=53571) to work on /home/oury/.local/lib/python3.10/site-packages/airflow/example_dags/example_kubernetes_executor.py
[2022-06-06 00:11:39,943] {processor.py:641} INFO - Processing file /home/oury/.local/lib/python3.10/site-packages/airflow/example_dags/example_kubernetes_executor.py for tasks to queue
[2022-06-06 00:11:39,944] {logging_mixin.py:115} INFO - [2022-06-06 00:11:39,944] {dagbag.py:507} INFO - Filling up the DagBag from /home/oury/.local/lib/python3.10/site-packages/airflow/example_dags/example_kubernetes_executor.py
[2022-06-06 00:11:39,958] {logging_mixin.py:115} INFO - [2022-06-06 00:11:39,958] {example_kubernetes_executor.py:39} WARNING - The example_kubernetes_executor example DAG requires the kubernetes provider. Please install it with: pip install apache-airflow[cncf.kubernetes]
[2022-06-06 00:11:39,958] {processor.py:653} WARNING - No viable dags retrieved from /home/oury/.local/lib/python3.10/site-packages/airflow/example_dags/example_kubernetes_executor.py
[2022-06-06 00:11:39,967] {processor.py:161} INFO - Processing /home/oury/.local/lib/python3.10/site-packages/airflow/example_dags/example_kubernetes_executor.py took 0.028 seconds
[2022-06-06 00:12:15,069] {processor.py:153} INFO - Started process (PID=53640) to work on /home/oury/.local/lib/python3.10/site-packages/airflow/example_dags/example_kubernetes_executor.py
[2022-06-06 00:12:15,069] {processor.py:641} INFO - Processing file /home/oury/.local/lib/python3.10/site-packages/airflow/example_dags/example_kubernetes_executor.py for tasks to queue
[2022-06-06 00:12:15,070] {logging_mixin.py:115} INFO - [2022-06-06 00:12:15,070] {dagbag.py:507} INFO - Filling up the DagBag from /home/oury/.local/lib/python3.10/site-packages/airflow/example_dags/example_kubernetes_executor.py
[2022-06-06 00:12:15,083] {logging_mixin.py:115} INFO - [2022-06-06 00:12:15,083] {example_kubernetes_executor.py:39} WARNING - The example_kubernetes_executor example DAG requires the kubernetes provider. Please install it with: pip install apache-airflow[cncf.kubernetes]
[2022-06-06 00:12:15,083] {processor.py:653} WARNING - No viable dags retrieved from /home/oury/.local/lib/python3.10/site-packages/airflow/example_dags/example_kubernetes_executor.py
[2022-06-06 00:12:15,092] {processor.py:161} INFO - Processing /home/oury/.local/lib/python3.10/site-packages/airflow/example_dags/example_kubernetes_executor.py took 0.026 seconds
[2022-06-06 00:15:40,244] {processor.py:153} INFO - Started process (PID=54275) to work on /home/oury/.local/lib/python3.10/site-packages/airflow/example_dags/example_kubernetes_executor.py
[2022-06-06 00:15:40,245] {processor.py:641} INFO - Processing file /home/oury/.local/lib/python3.10/site-packages/airflow/example_dags/example_kubernetes_executor.py for tasks to queue
[2022-06-06 00:15:40,246] {logging_mixin.py:115} INFO - [2022-06-06 00:15:40,246] {dagbag.py:507} INFO - Filling up the DagBag from /home/oury/.local/lib/python3.10/site-packages/airflow/example_dags/example_kubernetes_executor.py
[2022-06-06 00:15:40,259] {logging_mixin.py:115} INFO - [2022-06-06 00:15:40,259] {example_kubernetes_executor.py:39} WARNING - The example_kubernetes_executor example DAG requires the kubernetes provider. Please install it with: pip install apache-airflow[cncf.kubernetes]
[2022-06-06 00:15:40,260] {processor.py:653} WARNING - No viable dags retrieved from /home/oury/.local/lib/python3.10/site-packages/airflow/example_dags/example_kubernetes_executor.py
[2022-06-06 00:15:40,269] {processor.py:161} INFO - Processing /home/oury/.local/lib/python3.10/site-packages/airflow/example_dags/example_kubernetes_executor.py took 0.028 seconds
[2022-06-06 00:17:03,941] {processor.py:153} INFO - Started process (PID=55270) to work on /home/oury/.local/lib/python3.10/site-packages/airflow/example_dags/example_kubernetes_executor.py
[2022-06-06 00:17:03,942] {processor.py:641} INFO - Processing file /home/oury/.local/lib/python3.10/site-packages/airflow/example_dags/example_kubernetes_executor.py for tasks to queue
[2022-06-06 00:17:03,942] {logging_mixin.py:115} INFO - [2022-06-06 00:17:03,942] {dagbag.py:507} INFO - Filling up the DagBag from /home/oury/.local/lib/python3.10/site-packages/airflow/example_dags/example_kubernetes_executor.py
[2022-06-06 00:17:03,959] {logging_mixin.py:115} INFO - [2022-06-06 00:17:03,958] {example_kubernetes_executor.py:39} WARNING - The example_kubernetes_executor example DAG requires the kubernetes provider. Please install it with: pip install apache-airflow[cncf.kubernetes]
[2022-06-06 00:17:03,959] {processor.py:653} WARNING - No viable dags retrieved from /home/oury/.local/lib/python3.10/site-packages/airflow/example_dags/example_kubernetes_executor.py
[2022-06-06 00:17:03,969] {processor.py:161} INFO - Processing /home/oury/.local/lib/python3.10/site-packages/airflow/example_dags/example_kubernetes_executor.py took 0.032 seconds
[2022-06-06 00:18:04,784] {processor.py:153} INFO - Started process (PID=55831) to work on /home/oury/.local/lib/python3.10/site-packages/airflow/example_dags/example_kubernetes_executor.py
[2022-06-06 00:18:04,785] {processor.py:641} INFO - Processing file /home/oury/.local/lib/python3.10/site-packages/airflow/example_dags/example_kubernetes_executor.py for tasks to queue
[2022-06-06 00:18:04,785] {logging_mixin.py:115} INFO - [2022-06-06 00:18:04,785] {dagbag.py:507} INFO - Filling up the DagBag from /home/oury/.local/lib/python3.10/site-packages/airflow/example_dags/example_kubernetes_executor.py
[2022-06-06 00:18:04,797] {logging_mixin.py:115} INFO - [2022-06-06 00:18:04,797] {example_kubernetes_executor.py:39} WARNING - The example_kubernetes_executor example DAG requires the kubernetes provider. Please install it with: pip install apache-airflow[cncf.kubernetes]
[2022-06-06 00:18:04,797] {processor.py:653} WARNING - No viable dags retrieved from /home/oury/.local/lib/python3.10/site-packages/airflow/example_dags/example_kubernetes_executor.py
[2022-06-06 00:18:04,805] {processor.py:161} INFO - Processing /home/oury/.local/lib/python3.10/site-packages/airflow/example_dags/example_kubernetes_executor.py took 0.024 seconds
[2022-06-06 00:18:50,114] {processor.py:153} INFO - Started process (PID=56209) to work on /home/oury/.local/lib/python3.10/site-packages/airflow/example_dags/example_kubernetes_executor.py
[2022-06-06 00:18:50,115] {processor.py:641} INFO - Processing file /home/oury/.local/lib/python3.10/site-packages/airflow/example_dags/example_kubernetes_executor.py for tasks to queue
[2022-06-06 00:18:50,115] {logging_mixin.py:115} INFO - [2022-06-06 00:18:50,115] {dagbag.py:507} INFO - Filling up the DagBag from /home/oury/.local/lib/python3.10/site-packages/airflow/example_dags/example_kubernetes_executor.py
[2022-06-06 00:18:50,130] {logging_mixin.py:115} INFO - [2022-06-06 00:18:50,130] {example_kubernetes_executor.py:39} WARNING - The example_kubernetes_executor example DAG requires the kubernetes provider. Please install it with: pip install apache-airflow[cncf.kubernetes]
[2022-06-06 00:18:50,130] {processor.py:653} WARNING - No viable dags retrieved from /home/oury/.local/lib/python3.10/site-packages/airflow/example_dags/example_kubernetes_executor.py
[2022-06-06 00:18:50,139] {processor.py:161} INFO - Processing /home/oury/.local/lib/python3.10/site-packages/airflow/example_dags/example_kubernetes_executor.py took 0.027 seconds
[2022-06-06 00:19:30,380] {processor.py:153} INFO - Started process (PID=56450) to work on /home/oury/.local/lib/python3.10/site-packages/airflow/example_dags/example_kubernetes_executor.py
[2022-06-06 00:19:30,381] {processor.py:641} INFO - Processing file /home/oury/.local/lib/python3.10/site-packages/airflow/example_dags/example_kubernetes_executor.py for tasks to queue
[2022-06-06 00:19:30,381] {logging_mixin.py:115} INFO - [2022-06-06 00:19:30,381] {dagbag.py:507} INFO - Filling up the DagBag from /home/oury/.local/lib/python3.10/site-packages/airflow/example_dags/example_kubernetes_executor.py
[2022-06-06 00:19:30,393] {logging_mixin.py:115} INFO - [2022-06-06 00:19:30,393] {example_kubernetes_executor.py:39} WARNING - The example_kubernetes_executor example DAG requires the kubernetes provider. Please install it with: pip install apache-airflow[cncf.kubernetes]
[2022-06-06 00:19:30,393] {processor.py:653} WARNING - No viable dags retrieved from /home/oury/.local/lib/python3.10/site-packages/airflow/example_dags/example_kubernetes_executor.py
[2022-06-06 00:19:30,401] {processor.py:161} INFO - Processing /home/oury/.local/lib/python3.10/site-packages/airflow/example_dags/example_kubernetes_executor.py took 0.023 seconds
