[2022-06-06 00:09:19,840] {processor.py:153} INFO - Started process (PID=52873) to work on /home/oury/.local/lib/python3.10/site-packages/airflow/example_dags/example_branch_python_dop_operator_3.py
[2022-06-06 00:09:19,841] {processor.py:641} INFO - Processing file /home/oury/.local/lib/python3.10/site-packages/airflow/example_dags/example_branch_python_dop_operator_3.py for tasks to queue
[2022-06-06 00:09:19,841] {logging_mixin.py:115} INFO - [2022-06-06 00:09:19,841] {dagbag.py:507} INFO - Filling up the DagBag from /home/oury/.local/lib/python3.10/site-packages/airflow/example_dags/example_branch_python_dop_operator_3.py
[2022-06-06 00:09:19,849] {processor.py:651} INFO - DAG(s) dict_keys(['example_branch_dop_operator_v3']) retrieved from /home/oury/.local/lib/python3.10/site-packages/airflow/example_dags/example_branch_python_dop_operator_3.py
[2022-06-06 00:09:19,861] {logging_mixin.py:115} INFO - [2022-06-06 00:09:19,861] {dag.py:2379} INFO - Sync 1 DAGs
[2022-06-06 00:09:19,883] {logging_mixin.py:115} INFO - [2022-06-06 00:09:19,882] {dag.py:2923} INFO - Setting next_dagrun for example_branch_dop_operator_v3 to 2022-06-05T23:08:00+00:00, run_after=2022-06-05T23:09:00+00:00
[2022-06-06 00:09:19,893] {processor.py:161} INFO - Processing /home/oury/.local/lib/python3.10/site-packages/airflow/example_dags/example_branch_python_dop_operator_3.py took 0.055 seconds
[2022-06-06 00:09:55,044] {processor.py:153} INFO - Started process (PID=53071) to work on /home/oury/.local/lib/python3.10/site-packages/airflow/example_dags/example_branch_python_dop_operator_3.py
[2022-06-06 00:09:55,045] {processor.py:641} INFO - Processing file /home/oury/.local/lib/python3.10/site-packages/airflow/example_dags/example_branch_python_dop_operator_3.py for tasks to queue
[2022-06-06 00:09:55,046] {logging_mixin.py:115} INFO - [2022-06-06 00:09:55,045] {dagbag.py:507} INFO - Filling up the DagBag from /home/oury/.local/lib/python3.10/site-packages/airflow/example_dags/example_branch_python_dop_operator_3.py
[2022-06-06 00:09:55,056] {processor.py:651} INFO - DAG(s) dict_keys(['example_branch_dop_operator_v3']) retrieved from /home/oury/.local/lib/python3.10/site-packages/airflow/example_dags/example_branch_python_dop_operator_3.py
[2022-06-06 00:09:55,071] {logging_mixin.py:115} INFO - [2022-06-06 00:09:55,071] {dag.py:2379} INFO - Sync 1 DAGs
[2022-06-06 00:09:55,097] {logging_mixin.py:115} INFO - [2022-06-06 00:09:55,097] {dag.py:2923} INFO - Setting next_dagrun for example_branch_dop_operator_v3 to 2022-06-05T23:08:00+00:00, run_after=2022-06-05T23:09:00+00:00
[2022-06-06 00:09:55,109] {processor.py:161} INFO - Processing /home/oury/.local/lib/python3.10/site-packages/airflow/example_dags/example_branch_python_dop_operator_3.py took 0.068 seconds
[2022-06-06 00:10:27,663] {processor.py:153} INFO - Started process (PID=53229) to work on /home/oury/.local/lib/python3.10/site-packages/airflow/example_dags/example_branch_python_dop_operator_3.py
[2022-06-06 00:10:27,664] {processor.py:641} INFO - Processing file /home/oury/.local/lib/python3.10/site-packages/airflow/example_dags/example_branch_python_dop_operator_3.py for tasks to queue
[2022-06-06 00:10:27,664] {logging_mixin.py:115} INFO - [2022-06-06 00:10:27,664] {dagbag.py:507} INFO - Filling up the DagBag from /home/oury/.local/lib/python3.10/site-packages/airflow/example_dags/example_branch_python_dop_operator_3.py
[2022-06-06 00:10:27,674] {processor.py:651} INFO - DAG(s) dict_keys(['example_branch_dop_operator_v3']) retrieved from /home/oury/.local/lib/python3.10/site-packages/airflow/example_dags/example_branch_python_dop_operator_3.py
[2022-06-06 00:10:27,688] {logging_mixin.py:115} INFO - [2022-06-06 00:10:27,688] {dag.py:2379} INFO - Sync 1 DAGs
[2022-06-06 00:10:27,717] {logging_mixin.py:115} INFO - [2022-06-06 00:10:27,717] {dag.py:2923} INFO - Setting next_dagrun for example_branch_dop_operator_v3 to 2022-06-05T23:09:00+00:00, run_after=2022-06-05T23:10:00+00:00
[2022-06-06 00:10:27,731] {processor.py:161} INFO - Processing /home/oury/.local/lib/python3.10/site-packages/airflow/example_dags/example_branch_python_dop_operator_3.py took 0.071 seconds
[2022-06-06 00:11:01,593] {processor.py:153} INFO - Started process (PID=53379) to work on /home/oury/.local/lib/python3.10/site-packages/airflow/example_dags/example_branch_python_dop_operator_3.py
[2022-06-06 00:11:01,594] {processor.py:641} INFO - Processing file /home/oury/.local/lib/python3.10/site-packages/airflow/example_dags/example_branch_python_dop_operator_3.py for tasks to queue
[2022-06-06 00:11:01,594] {logging_mixin.py:115} INFO - [2022-06-06 00:11:01,594] {dagbag.py:507} INFO - Filling up the DagBag from /home/oury/.local/lib/python3.10/site-packages/airflow/example_dags/example_branch_python_dop_operator_3.py
[2022-06-06 00:11:01,603] {processor.py:651} INFO - DAG(s) dict_keys(['example_branch_dop_operator_v3']) retrieved from /home/oury/.local/lib/python3.10/site-packages/airflow/example_dags/example_branch_python_dop_operator_3.py
[2022-06-06 00:11:01,617] {logging_mixin.py:115} INFO - [2022-06-06 00:11:01,617] {dag.py:2379} INFO - Sync 1 DAGs
[2022-06-06 00:11:01,641] {logging_mixin.py:115} INFO - [2022-06-06 00:11:01,641] {dag.py:2923} INFO - Setting next_dagrun for example_branch_dop_operator_v3 to 2022-06-05T23:10:00+00:00, run_after=2022-06-05T23:11:00+00:00
[2022-06-06 00:11:01,655] {processor.py:161} INFO - Processing /home/oury/.local/lib/python3.10/site-packages/airflow/example_dags/example_branch_python_dop_operator_3.py took 0.064 seconds
[2022-06-06 00:11:38,212] {processor.py:153} INFO - Started process (PID=53554) to work on /home/oury/.local/lib/python3.10/site-packages/airflow/example_dags/example_branch_python_dop_operator_3.py
[2022-06-06 00:11:38,213] {processor.py:641} INFO - Processing file /home/oury/.local/lib/python3.10/site-packages/airflow/example_dags/example_branch_python_dop_operator_3.py for tasks to queue
[2022-06-06 00:11:38,213] {logging_mixin.py:115} INFO - [2022-06-06 00:11:38,213] {dagbag.py:507} INFO - Filling up the DagBag from /home/oury/.local/lib/python3.10/site-packages/airflow/example_dags/example_branch_python_dop_operator_3.py
[2022-06-06 00:11:38,224] {processor.py:651} INFO - DAG(s) dict_keys(['example_branch_dop_operator_v3']) retrieved from /home/oury/.local/lib/python3.10/site-packages/airflow/example_dags/example_branch_python_dop_operator_3.py
[2022-06-06 00:11:38,239] {logging_mixin.py:115} INFO - [2022-06-06 00:11:38,239] {dag.py:2379} INFO - Sync 1 DAGs
[2022-06-06 00:11:38,266] {logging_mixin.py:115} INFO - [2022-06-06 00:11:38,266] {dag.py:2923} INFO - Setting next_dagrun for example_branch_dop_operator_v3 to 2022-06-05T23:10:00+00:00, run_after=2022-06-05T23:11:00+00:00
[2022-06-06 00:11:38,279] {processor.py:161} INFO - Processing /home/oury/.local/lib/python3.10/site-packages/airflow/example_dags/example_branch_python_dop_operator_3.py took 0.069 seconds
[2022-06-06 00:12:12,774] {processor.py:153} INFO - Started process (PID=53637) to work on /home/oury/.local/lib/python3.10/site-packages/airflow/example_dags/example_branch_python_dop_operator_3.py
[2022-06-06 00:12:12,774] {processor.py:641} INFO - Processing file /home/oury/.local/lib/python3.10/site-packages/airflow/example_dags/example_branch_python_dop_operator_3.py for tasks to queue
[2022-06-06 00:12:12,775] {logging_mixin.py:115} INFO - [2022-06-06 00:12:12,775] {dagbag.py:507} INFO - Filling up the DagBag from /home/oury/.local/lib/python3.10/site-packages/airflow/example_dags/example_branch_python_dop_operator_3.py
[2022-06-06 00:12:12,784] {processor.py:651} INFO - DAG(s) dict_keys(['example_branch_dop_operator_v3']) retrieved from /home/oury/.local/lib/python3.10/site-packages/airflow/example_dags/example_branch_python_dop_operator_3.py
[2022-06-06 00:12:12,797] {logging_mixin.py:115} INFO - [2022-06-06 00:12:12,797] {dag.py:2379} INFO - Sync 1 DAGs
[2022-06-06 00:12:12,821] {logging_mixin.py:115} INFO - [2022-06-06 00:12:12,820] {dag.py:2923} INFO - Setting next_dagrun for example_branch_dop_operator_v3 to 2022-06-05T23:11:00+00:00, run_after=2022-06-05T23:12:00+00:00
[2022-06-06 00:12:12,833] {processor.py:161} INFO - Processing /home/oury/.local/lib/python3.10/site-packages/airflow/example_dags/example_branch_python_dop_operator_3.py took 0.063 seconds
[2022-06-06 00:15:37,947] {processor.py:153} INFO - Started process (PID=54270) to work on /home/oury/.local/lib/python3.10/site-packages/airflow/example_dags/example_branch_python_dop_operator_3.py
[2022-06-06 00:15:37,948] {processor.py:641} INFO - Processing file /home/oury/.local/lib/python3.10/site-packages/airflow/example_dags/example_branch_python_dop_operator_3.py for tasks to queue
[2022-06-06 00:15:37,948] {logging_mixin.py:115} INFO - [2022-06-06 00:15:37,948] {dagbag.py:507} INFO - Filling up the DagBag from /home/oury/.local/lib/python3.10/site-packages/airflow/example_dags/example_branch_python_dop_operator_3.py
[2022-06-06 00:15:37,958] {processor.py:651} INFO - DAG(s) dict_keys(['example_branch_dop_operator_v3']) retrieved from /home/oury/.local/lib/python3.10/site-packages/airflow/example_dags/example_branch_python_dop_operator_3.py
[2022-06-06 00:15:37,973] {logging_mixin.py:115} INFO - [2022-06-06 00:15:37,973] {dag.py:2379} INFO - Sync 1 DAGs
[2022-06-06 00:15:37,999] {logging_mixin.py:115} INFO - [2022-06-06 00:15:37,999] {dag.py:2923} INFO - Setting next_dagrun for example_branch_dop_operator_v3 to 2022-06-05T23:14:00+00:00, run_after=2022-06-05T23:15:00+00:00
[2022-06-06 00:15:38,012] {processor.py:161} INFO - Processing /home/oury/.local/lib/python3.10/site-packages/airflow/example_dags/example_branch_python_dop_operator_3.py took 0.067 seconds
[2022-06-06 00:16:34,890] {processor.py:153} INFO - Started process (PID=54888) to work on /home/oury/.local/lib/python3.10/site-packages/airflow/example_dags/example_branch_python_dop_operator_3.py
[2022-06-06 00:16:34,891] {processor.py:641} INFO - Processing file /home/oury/.local/lib/python3.10/site-packages/airflow/example_dags/example_branch_python_dop_operator_3.py for tasks to queue
[2022-06-06 00:16:34,891] {logging_mixin.py:115} INFO - [2022-06-06 00:16:34,891] {dagbag.py:507} INFO - Filling up the DagBag from /home/oury/.local/lib/python3.10/site-packages/airflow/example_dags/example_branch_python_dop_operator_3.py
[2022-06-06 00:16:34,901] {processor.py:651} INFO - DAG(s) dict_keys(['example_branch_dop_operator_v3']) retrieved from /home/oury/.local/lib/python3.10/site-packages/airflow/example_dags/example_branch_python_dop_operator_3.py
[2022-06-06 00:16:34,915] {logging_mixin.py:115} INFO - [2022-06-06 00:16:34,915] {dag.py:2379} INFO - Sync 1 DAGs
[2022-06-06 00:16:34,939] {logging_mixin.py:115} INFO - [2022-06-06 00:16:34,939] {dag.py:2923} INFO - Setting next_dagrun for example_branch_dop_operator_v3 to 2022-06-05T23:15:00+00:00, run_after=2022-06-05T23:16:00+00:00
[2022-06-06 00:16:34,951] {processor.py:161} INFO - Processing /home/oury/.local/lib/python3.10/site-packages/airflow/example_dags/example_branch_python_dop_operator_3.py took 0.064 seconds
[2022-06-06 00:17:47,723] {processor.py:153} INFO - Started process (PID=55687) to work on /home/oury/.local/lib/python3.10/site-packages/airflow/example_dags/example_branch_python_dop_operator_3.py
[2022-06-06 00:17:47,724] {processor.py:641} INFO - Processing file /home/oury/.local/lib/python3.10/site-packages/airflow/example_dags/example_branch_python_dop_operator_3.py for tasks to queue
[2022-06-06 00:17:47,725] {logging_mixin.py:115} INFO - [2022-06-06 00:17:47,724] {dagbag.py:507} INFO - Filling up the DagBag from /home/oury/.local/lib/python3.10/site-packages/airflow/example_dags/example_branch_python_dop_operator_3.py
[2022-06-06 00:17:47,733] {processor.py:651} INFO - DAG(s) dict_keys(['example_branch_dop_operator_v3']) retrieved from /home/oury/.local/lib/python3.10/site-packages/airflow/example_dags/example_branch_python_dop_operator_3.py
[2022-06-06 00:17:47,747] {logging_mixin.py:115} INFO - [2022-06-06 00:17:47,747] {dag.py:2379} INFO - Sync 1 DAGs
[2022-06-06 00:17:47,768] {logging_mixin.py:115} INFO - [2022-06-06 00:17:47,768] {dag.py:2923} INFO - Setting next_dagrun for example_branch_dop_operator_v3 to 2022-06-05T23:16:00+00:00, run_after=2022-06-05T23:17:00+00:00
[2022-06-06 00:17:47,779] {processor.py:161} INFO - Processing /home/oury/.local/lib/python3.10/site-packages/airflow/example_dags/example_branch_python_dop_operator_3.py took 0.058 seconds
[2022-06-06 00:18:38,929] {processor.py:153} INFO - Started process (PID=56166) to work on /home/oury/.local/lib/python3.10/site-packages/airflow/example_dags/example_branch_python_dop_operator_3.py
[2022-06-06 00:18:38,930] {processor.py:641} INFO - Processing file /home/oury/.local/lib/python3.10/site-packages/airflow/example_dags/example_branch_python_dop_operator_3.py for tasks to queue
[2022-06-06 00:18:38,930] {logging_mixin.py:115} INFO - [2022-06-06 00:18:38,930] {dagbag.py:507} INFO - Filling up the DagBag from /home/oury/.local/lib/python3.10/site-packages/airflow/example_dags/example_branch_python_dop_operator_3.py
[2022-06-06 00:18:38,938] {processor.py:651} INFO - DAG(s) dict_keys(['example_branch_dop_operator_v3']) retrieved from /home/oury/.local/lib/python3.10/site-packages/airflow/example_dags/example_branch_python_dop_operator_3.py
[2022-06-06 00:18:38,951] {logging_mixin.py:115} INFO - [2022-06-06 00:18:38,950] {dag.py:2379} INFO - Sync 1 DAGs
[2022-06-06 00:18:38,972] {logging_mixin.py:115} INFO - [2022-06-06 00:18:38,972] {dag.py:2923} INFO - Setting next_dagrun for example_branch_dop_operator_v3 to 2022-06-05T23:17:00+00:00, run_after=2022-06-05T23:18:00+00:00
[2022-06-06 00:18:38,983] {processor.py:161} INFO - Processing /home/oury/.local/lib/python3.10/site-packages/airflow/example_dags/example_branch_python_dop_operator_3.py took 0.056 seconds
[2022-06-06 00:19:18,506] {processor.py:153} INFO - Started process (PID=56432) to work on /home/oury/.local/lib/python3.10/site-packages/airflow/example_dags/example_branch_python_dop_operator_3.py
[2022-06-06 00:19:18,509] {processor.py:641} INFO - Processing file /home/oury/.local/lib/python3.10/site-packages/airflow/example_dags/example_branch_python_dop_operator_3.py for tasks to queue
[2022-06-06 00:19:18,509] {logging_mixin.py:115} INFO - [2022-06-06 00:19:18,509] {dagbag.py:507} INFO - Filling up the DagBag from /home/oury/.local/lib/python3.10/site-packages/airflow/example_dags/example_branch_python_dop_operator_3.py
[2022-06-06 00:19:18,524] {processor.py:651} INFO - DAG(s) dict_keys(['example_branch_dop_operator_v3']) retrieved from /home/oury/.local/lib/python3.10/site-packages/airflow/example_dags/example_branch_python_dop_operator_3.py
[2022-06-06 00:19:18,543] {logging_mixin.py:115} INFO - [2022-06-06 00:19:18,543] {dag.py:2379} INFO - Sync 1 DAGs
[2022-06-06 00:19:18,583] {logging_mixin.py:115} INFO - [2022-06-06 00:19:18,583] {dag.py:2923} INFO - Setting next_dagrun for example_branch_dop_operator_v3 to 2022-06-05T23:18:00+00:00, run_after=2022-06-05T23:19:00+00:00
[2022-06-06 00:19:18,601] {processor.py:161} INFO - Processing /home/oury/.local/lib/python3.10/site-packages/airflow/example_dags/example_branch_python_dop_operator_3.py took 0.099 seconds
