[2022-06-06 00:09:22,753] {processor.py:153} INFO - Started process (PID=52877) to work on /home/oury/.local/lib/python3.10/site-packages/airflow/example_dags/example_bash_operator.py
[2022-06-06 00:09:22,753] {processor.py:641} INFO - Processing file /home/oury/.local/lib/python3.10/site-packages/airflow/example_dags/example_bash_operator.py for tasks to queue
[2022-06-06 00:09:22,754] {logging_mixin.py:115} INFO - [2022-06-06 00:09:22,754] {dagbag.py:507} INFO - Filling up the DagBag from /home/oury/.local/lib/python3.10/site-packages/airflow/example_dags/example_bash_operator.py
[2022-06-06 00:09:22,763] {processor.py:651} INFO - DAG(s) dict_keys(['example_bash_operator']) retrieved from /home/oury/.local/lib/python3.10/site-packages/airflow/example_dags/example_bash_operator.py
[2022-06-06 00:09:22,779] {logging_mixin.py:115} INFO - [2022-06-06 00:09:22,779] {dag.py:2379} INFO - Sync 1 DAGs
[2022-06-06 00:09:22,806] {logging_mixin.py:115} INFO - [2022-06-06 00:09:22,806] {dag.py:2923} INFO - Setting next_dagrun for example_bash_operator to 2022-06-04T00:00:00+00:00, run_after=2022-06-05T00:00:00+00:00
[2022-06-06 00:09:22,823] {processor.py:161} INFO - Processing /home/oury/.local/lib/python3.10/site-packages/airflow/example_dags/example_bash_operator.py took 0.072 seconds
[2022-06-06 00:09:59,036] {processor.py:153} INFO - Started process (PID=53076) to work on /home/oury/.local/lib/python3.10/site-packages/airflow/example_dags/example_bash_operator.py
[2022-06-06 00:09:59,037] {processor.py:641} INFO - Processing file /home/oury/.local/lib/python3.10/site-packages/airflow/example_dags/example_bash_operator.py for tasks to queue
[2022-06-06 00:09:59,037] {logging_mixin.py:115} INFO - [2022-06-06 00:09:59,037] {dagbag.py:507} INFO - Filling up the DagBag from /home/oury/.local/lib/python3.10/site-packages/airflow/example_dags/example_bash_operator.py
[2022-06-06 00:09:59,049] {processor.py:651} INFO - DAG(s) dict_keys(['example_bash_operator']) retrieved from /home/oury/.local/lib/python3.10/site-packages/airflow/example_dags/example_bash_operator.py
[2022-06-06 00:09:59,064] {logging_mixin.py:115} INFO - [2022-06-06 00:09:59,064] {dag.py:2379} INFO - Sync 1 DAGs
[2022-06-06 00:09:59,086] {logging_mixin.py:115} INFO - [2022-06-06 00:09:59,086] {dag.py:2923} INFO - Setting next_dagrun for example_bash_operator to 2022-06-04T00:00:00+00:00, run_after=2022-06-05T00:00:00+00:00
[2022-06-06 00:09:59,099] {processor.py:161} INFO - Processing /home/oury/.local/lib/python3.10/site-packages/airflow/example_dags/example_bash_operator.py took 0.065 seconds
[2022-06-06 00:10:31,181] {processor.py:153} INFO - Started process (PID=53272) to work on /home/oury/.local/lib/python3.10/site-packages/airflow/example_dags/example_bash_operator.py
[2022-06-06 00:10:31,182] {processor.py:641} INFO - Processing file /home/oury/.local/lib/python3.10/site-packages/airflow/example_dags/example_bash_operator.py for tasks to queue
[2022-06-06 00:10:31,183] {logging_mixin.py:115} INFO - [2022-06-06 00:10:31,182] {dagbag.py:507} INFO - Filling up the DagBag from /home/oury/.local/lib/python3.10/site-packages/airflow/example_dags/example_bash_operator.py
[2022-06-06 00:10:31,193] {processor.py:651} INFO - DAG(s) dict_keys(['example_bash_operator']) retrieved from /home/oury/.local/lib/python3.10/site-packages/airflow/example_dags/example_bash_operator.py
[2022-06-06 00:10:31,206] {logging_mixin.py:115} INFO - [2022-06-06 00:10:31,206] {dag.py:2379} INFO - Sync 1 DAGs
[2022-06-06 00:10:31,225] {logging_mixin.py:115} INFO - [2022-06-06 00:10:31,225] {dag.py:2923} INFO - Setting next_dagrun for example_bash_operator to 2022-06-04T00:00:00+00:00, run_after=2022-06-05T00:00:00+00:00
[2022-06-06 00:10:31,237] {processor.py:161} INFO - Processing /home/oury/.local/lib/python3.10/site-packages/airflow/example_dags/example_bash_operator.py took 0.058 seconds
[2022-06-06 00:11:06,057] {processor.py:153} INFO - Started process (PID=53415) to work on /home/oury/.local/lib/python3.10/site-packages/airflow/example_dags/example_bash_operator.py
[2022-06-06 00:11:06,058] {processor.py:641} INFO - Processing file /home/oury/.local/lib/python3.10/site-packages/airflow/example_dags/example_bash_operator.py for tasks to queue
[2022-06-06 00:11:06,059] {logging_mixin.py:115} INFO - [2022-06-06 00:11:06,058] {dagbag.py:507} INFO - Filling up the DagBag from /home/oury/.local/lib/python3.10/site-packages/airflow/example_dags/example_bash_operator.py
[2022-06-06 00:11:06,075] {processor.py:651} INFO - DAG(s) dict_keys(['example_bash_operator']) retrieved from /home/oury/.local/lib/python3.10/site-packages/airflow/example_dags/example_bash_operator.py
[2022-06-06 00:11:06,098] {logging_mixin.py:115} INFO - [2022-06-06 00:11:06,098] {dag.py:2379} INFO - Sync 1 DAGs
[2022-06-06 00:11:06,119] {logging_mixin.py:115} INFO - [2022-06-06 00:11:06,119] {dag.py:2923} INFO - Setting next_dagrun for example_bash_operator to 2022-06-04T00:00:00+00:00, run_after=2022-06-05T00:00:00+00:00
[2022-06-06 00:11:06,131] {processor.py:161} INFO - Processing /home/oury/.local/lib/python3.10/site-packages/airflow/example_dags/example_bash_operator.py took 0.077 seconds
[2022-06-06 00:11:45,100] {processor.py:153} INFO - Started process (PID=53595) to work on /home/oury/.local/lib/python3.10/site-packages/airflow/example_dags/example_bash_operator.py
[2022-06-06 00:11:45,101] {processor.py:641} INFO - Processing file /home/oury/.local/lib/python3.10/site-packages/airflow/example_dags/example_bash_operator.py for tasks to queue
[2022-06-06 00:11:45,101] {logging_mixin.py:115} INFO - [2022-06-06 00:11:45,101] {dagbag.py:507} INFO - Filling up the DagBag from /home/oury/.local/lib/python3.10/site-packages/airflow/example_dags/example_bash_operator.py
[2022-06-06 00:11:45,116] {processor.py:651} INFO - DAG(s) dict_keys(['example_bash_operator']) retrieved from /home/oury/.local/lib/python3.10/site-packages/airflow/example_dags/example_bash_operator.py
[2022-06-06 00:11:45,139] {logging_mixin.py:115} INFO - [2022-06-06 00:11:45,138] {dag.py:2379} INFO - Sync 1 DAGs
[2022-06-06 00:11:45,171] {logging_mixin.py:115} INFO - [2022-06-06 00:11:45,171] {dag.py:2923} INFO - Setting next_dagrun for example_bash_operator to 2022-06-04T00:00:00+00:00, run_after=2022-06-05T00:00:00+00:00
[2022-06-06 00:11:45,187] {processor.py:161} INFO - Processing /home/oury/.local/lib/python3.10/site-packages/airflow/example_dags/example_bash_operator.py took 0.091 seconds
[2022-06-06 00:12:19,185] {processor.py:153} INFO - Started process (PID=53650) to work on /home/oury/.local/lib/python3.10/site-packages/airflow/example_dags/example_bash_operator.py
[2022-06-06 00:12:19,186] {processor.py:641} INFO - Processing file /home/oury/.local/lib/python3.10/site-packages/airflow/example_dags/example_bash_operator.py for tasks to queue
[2022-06-06 00:12:19,187] {logging_mixin.py:115} INFO - [2022-06-06 00:12:19,186] {dagbag.py:507} INFO - Filling up the DagBag from /home/oury/.local/lib/python3.10/site-packages/airflow/example_dags/example_bash_operator.py
[2022-06-06 00:12:19,197] {processor.py:651} INFO - DAG(s) dict_keys(['example_bash_operator']) retrieved from /home/oury/.local/lib/python3.10/site-packages/airflow/example_dags/example_bash_operator.py
[2022-06-06 00:12:19,210] {logging_mixin.py:115} INFO - [2022-06-06 00:12:19,210] {dag.py:2379} INFO - Sync 1 DAGs
[2022-06-06 00:12:19,230] {logging_mixin.py:115} INFO - [2022-06-06 00:12:19,229] {dag.py:2923} INFO - Setting next_dagrun for example_bash_operator to 2022-06-04T00:00:00+00:00, run_after=2022-06-05T00:00:00+00:00
[2022-06-06 00:12:19,241] {processor.py:161} INFO - Processing /home/oury/.local/lib/python3.10/site-packages/airflow/example_dags/example_bash_operator.py took 0.058 seconds
[2022-06-06 00:15:42,416] {processor.py:153} INFO - Started process (PID=54294) to work on /home/oury/.local/lib/python3.10/site-packages/airflow/example_dags/example_bash_operator.py
[2022-06-06 00:15:42,417] {processor.py:641} INFO - Processing file /home/oury/.local/lib/python3.10/site-packages/airflow/example_dags/example_bash_operator.py for tasks to queue
[2022-06-06 00:15:42,417] {logging_mixin.py:115} INFO - [2022-06-06 00:15:42,417] {dagbag.py:507} INFO - Filling up the DagBag from /home/oury/.local/lib/python3.10/site-packages/airflow/example_dags/example_bash_operator.py
[2022-06-06 00:15:42,428] {processor.py:651} INFO - DAG(s) dict_keys(['example_bash_operator']) retrieved from /home/oury/.local/lib/python3.10/site-packages/airflow/example_dags/example_bash_operator.py
[2022-06-06 00:15:42,443] {logging_mixin.py:115} INFO - [2022-06-06 00:15:42,443] {dag.py:2379} INFO - Sync 1 DAGs
[2022-06-06 00:15:42,466] {logging_mixin.py:115} INFO - [2022-06-06 00:15:42,465] {dag.py:2923} INFO - Setting next_dagrun for example_bash_operator to 2022-06-04T00:00:00+00:00, run_after=2022-06-05T00:00:00+00:00
[2022-06-06 00:15:42,479] {processor.py:161} INFO - Processing /home/oury/.local/lib/python3.10/site-packages/airflow/example_dags/example_bash_operator.py took 0.065 seconds
[2022-06-06 00:17:05,338] {processor.py:153} INFO - Started process (PID=55272) to work on /home/oury/.local/lib/python3.10/site-packages/airflow/example_dags/example_bash_operator.py
[2022-06-06 00:17:05,338] {processor.py:641} INFO - Processing file /home/oury/.local/lib/python3.10/site-packages/airflow/example_dags/example_bash_operator.py for tasks to queue
[2022-06-06 00:17:05,339] {logging_mixin.py:115} INFO - [2022-06-06 00:17:05,339] {dagbag.py:507} INFO - Filling up the DagBag from /home/oury/.local/lib/python3.10/site-packages/airflow/example_dags/example_bash_operator.py
[2022-06-06 00:17:05,350] {processor.py:651} INFO - DAG(s) dict_keys(['example_bash_operator']) retrieved from /home/oury/.local/lib/python3.10/site-packages/airflow/example_dags/example_bash_operator.py
[2022-06-06 00:17:05,365] {logging_mixin.py:115} INFO - [2022-06-06 00:17:05,365] {dag.py:2379} INFO - Sync 1 DAGs
[2022-06-06 00:17:05,389] {logging_mixin.py:115} INFO - [2022-06-06 00:17:05,389] {dag.py:2923} INFO - Setting next_dagrun for example_bash_operator to 2022-06-04T00:00:00+00:00, run_after=2022-06-05T00:00:00+00:00
[2022-06-06 00:17:05,402] {processor.py:161} INFO - Processing /home/oury/.local/lib/python3.10/site-packages/airflow/example_dags/example_bash_operator.py took 0.067 seconds
[2022-06-06 00:18:08,930] {processor.py:153} INFO - Started process (PID=55870) to work on /home/oury/.local/lib/python3.10/site-packages/airflow/example_dags/example_bash_operator.py
[2022-06-06 00:18:08,931] {processor.py:641} INFO - Processing file /home/oury/.local/lib/python3.10/site-packages/airflow/example_dags/example_bash_operator.py for tasks to queue
[2022-06-06 00:18:08,931] {logging_mixin.py:115} INFO - [2022-06-06 00:18:08,931] {dagbag.py:507} INFO - Filling up the DagBag from /home/oury/.local/lib/python3.10/site-packages/airflow/example_dags/example_bash_operator.py
[2022-06-06 00:18:08,941] {processor.py:651} INFO - DAG(s) dict_keys(['example_bash_operator']) retrieved from /home/oury/.local/lib/python3.10/site-packages/airflow/example_dags/example_bash_operator.py
[2022-06-06 00:18:08,954] {logging_mixin.py:115} INFO - [2022-06-06 00:18:08,954] {dag.py:2379} INFO - Sync 1 DAGs
[2022-06-06 00:18:08,972] {logging_mixin.py:115} INFO - [2022-06-06 00:18:08,972] {dag.py:2923} INFO - Setting next_dagrun for example_bash_operator to 2022-06-04T00:00:00+00:00, run_after=2022-06-05T00:00:00+00:00
[2022-06-06 00:18:08,983] {processor.py:161} INFO - Processing /home/oury/.local/lib/python3.10/site-packages/airflow/example_dags/example_bash_operator.py took 0.056 seconds
[2022-06-06 00:18:52,398] {processor.py:153} INFO - Started process (PID=56212) to work on /home/oury/.local/lib/python3.10/site-packages/airflow/example_dags/example_bash_operator.py
[2022-06-06 00:18:52,399] {processor.py:641} INFO - Processing file /home/oury/.local/lib/python3.10/site-packages/airflow/example_dags/example_bash_operator.py for tasks to queue
[2022-06-06 00:18:52,399] {logging_mixin.py:115} INFO - [2022-06-06 00:18:52,399] {dagbag.py:507} INFO - Filling up the DagBag from /home/oury/.local/lib/python3.10/site-packages/airflow/example_dags/example_bash_operator.py
[2022-06-06 00:18:52,413] {processor.py:651} INFO - DAG(s) dict_keys(['example_bash_operator']) retrieved from /home/oury/.local/lib/python3.10/site-packages/airflow/example_dags/example_bash_operator.py
[2022-06-06 00:18:52,430] {logging_mixin.py:115} INFO - [2022-06-06 00:18:52,430] {dag.py:2379} INFO - Sync 1 DAGs
[2022-06-06 00:18:52,449] {logging_mixin.py:115} INFO - [2022-06-06 00:18:52,449] {dag.py:2923} INFO - Setting next_dagrun for example_bash_operator to 2022-06-04T00:00:00+00:00, run_after=2022-06-05T00:00:00+00:00
[2022-06-06 00:18:52,462] {processor.py:161} INFO - Processing /home/oury/.local/lib/python3.10/site-packages/airflow/example_dags/example_bash_operator.py took 0.066 seconds
[2022-06-06 00:19:36,673] {processor.py:153} INFO - Started process (PID=56460) to work on /home/oury/.local/lib/python3.10/site-packages/airflow/example_dags/example_bash_operator.py
[2022-06-06 00:19:36,673] {processor.py:641} INFO - Processing file /home/oury/.local/lib/python3.10/site-packages/airflow/example_dags/example_bash_operator.py for tasks to queue
[2022-06-06 00:19:36,673] {logging_mixin.py:115} INFO - [2022-06-06 00:19:36,673] {dagbag.py:507} INFO - Filling up the DagBag from /home/oury/.local/lib/python3.10/site-packages/airflow/example_dags/example_bash_operator.py
[2022-06-06 00:19:36,683] {processor.py:651} INFO - DAG(s) dict_keys(['example_bash_operator']) retrieved from /home/oury/.local/lib/python3.10/site-packages/airflow/example_dags/example_bash_operator.py
[2022-06-06 00:19:36,696] {logging_mixin.py:115} INFO - [2022-06-06 00:19:36,696] {dag.py:2379} INFO - Sync 1 DAGs
[2022-06-06 00:19:36,715] {logging_mixin.py:115} INFO - [2022-06-06 00:19:36,715] {dag.py:2923} INFO - Setting next_dagrun for example_bash_operator to 2022-06-04T00:00:00+00:00, run_after=2022-06-05T00:00:00+00:00
[2022-06-06 00:19:36,725] {processor.py:161} INFO - Processing /home/oury/.local/lib/python3.10/site-packages/airflow/example_dags/example_bash_operator.py took 0.056 seconds
