[2022-06-06 00:09:09,568] {processor.py:153} INFO - Started process (PID=52858) to work on /home/oury/.local/lib/python3.10/site-packages/airflow/example_dags/example_skip_dag.py
[2022-06-06 00:09:09,569] {processor.py:641} INFO - Processing file /home/oury/.local/lib/python3.10/site-packages/airflow/example_dags/example_skip_dag.py for tasks to queue
[2022-06-06 00:09:09,569] {logging_mixin.py:115} INFO - [2022-06-06 00:09:09,569] {dagbag.py:507} INFO - Filling up the DagBag from /home/oury/.local/lib/python3.10/site-packages/airflow/example_dags/example_skip_dag.py
[2022-06-06 00:09:09,573] {processor.py:651} INFO - DAG(s) dict_keys(['example_skip_dag']) retrieved from /home/oury/.local/lib/python3.10/site-packages/airflow/example_dags/example_skip_dag.py
[2022-06-06 00:09:09,586] {logging_mixin.py:115} INFO - [2022-06-06 00:09:09,586] {dag.py:2379} INFO - Sync 1 DAGs
[2022-06-06 00:09:09,601] {logging_mixin.py:115} INFO - [2022-06-06 00:09:09,600] {dag.py:2923} INFO - Setting next_dagrun for example_skip_dag to 2022-06-04T23:09:09.600715+00:00, run_after=2022-06-05T23:09:09.600715+00:00
[2022-06-06 00:09:09,614] {processor.py:161} INFO - Processing /home/oury/.local/lib/python3.10/site-packages/airflow/example_dags/example_skip_dag.py took 0.048 seconds
[2022-06-06 00:09:42,452] {processor.py:153} INFO - Started process (PID=52993) to work on /home/oury/.local/lib/python3.10/site-packages/airflow/example_dags/example_skip_dag.py
[2022-06-06 00:09:42,452] {processor.py:641} INFO - Processing file /home/oury/.local/lib/python3.10/site-packages/airflow/example_dags/example_skip_dag.py for tasks to queue
[2022-06-06 00:09:42,453] {logging_mixin.py:115} INFO - [2022-06-06 00:09:42,452] {dagbag.py:507} INFO - Filling up the DagBag from /home/oury/.local/lib/python3.10/site-packages/airflow/example_dags/example_skip_dag.py
[2022-06-06 00:09:42,458] {processor.py:651} INFO - DAG(s) dict_keys(['example_skip_dag']) retrieved from /home/oury/.local/lib/python3.10/site-packages/airflow/example_dags/example_skip_dag.py
[2022-06-06 00:09:42,476] {logging_mixin.py:115} INFO - [2022-06-06 00:09:42,476] {dag.py:2379} INFO - Sync 1 DAGs
[2022-06-06 00:09:42,498] {logging_mixin.py:115} INFO - [2022-06-06 00:09:42,497] {dag.py:2923} INFO - Setting next_dagrun for example_skip_dag to 2022-06-04T23:09:42.497706+00:00, run_after=2022-06-05T23:09:42.497706+00:00
[2022-06-06 00:09:42,517] {processor.py:161} INFO - Processing /home/oury/.local/lib/python3.10/site-packages/airflow/example_dags/example_skip_dag.py took 0.068 seconds
[2022-06-06 00:10:16,770] {processor.py:153} INFO - Started process (PID=53175) to work on /home/oury/.local/lib/python3.10/site-packages/airflow/example_dags/example_skip_dag.py
[2022-06-06 00:10:16,771] {processor.py:641} INFO - Processing file /home/oury/.local/lib/python3.10/site-packages/airflow/example_dags/example_skip_dag.py for tasks to queue
[2022-06-06 00:10:16,771] {logging_mixin.py:115} INFO - [2022-06-06 00:10:16,771] {dagbag.py:507} INFO - Filling up the DagBag from /home/oury/.local/lib/python3.10/site-packages/airflow/example_dags/example_skip_dag.py
[2022-06-06 00:10:16,777] {processor.py:651} INFO - DAG(s) dict_keys(['example_skip_dag']) retrieved from /home/oury/.local/lib/python3.10/site-packages/airflow/example_dags/example_skip_dag.py
[2022-06-06 00:10:16,791] {logging_mixin.py:115} INFO - [2022-06-06 00:10:16,791] {dag.py:2379} INFO - Sync 1 DAGs
[2022-06-06 00:10:16,807] {logging_mixin.py:115} INFO - [2022-06-06 00:10:16,807] {dag.py:2923} INFO - Setting next_dagrun for example_skip_dag to 2022-06-04T23:10:16.807566+00:00, run_after=2022-06-05T23:10:16.807566+00:00
[2022-06-06 00:10:16,823] {processor.py:161} INFO - Processing /home/oury/.local/lib/python3.10/site-packages/airflow/example_dags/example_skip_dag.py took 0.056 seconds
[2022-06-06 00:10:50,550] {processor.py:153} INFO - Started process (PID=53327) to work on /home/oury/.local/lib/python3.10/site-packages/airflow/example_dags/example_skip_dag.py
[2022-06-06 00:10:50,551] {processor.py:641} INFO - Processing file /home/oury/.local/lib/python3.10/site-packages/airflow/example_dags/example_skip_dag.py for tasks to queue
[2022-06-06 00:10:50,551] {logging_mixin.py:115} INFO - [2022-06-06 00:10:50,551] {dagbag.py:507} INFO - Filling up the DagBag from /home/oury/.local/lib/python3.10/site-packages/airflow/example_dags/example_skip_dag.py
[2022-06-06 00:10:50,555] {processor.py:651} INFO - DAG(s) dict_keys(['example_skip_dag']) retrieved from /home/oury/.local/lib/python3.10/site-packages/airflow/example_dags/example_skip_dag.py
[2022-06-06 00:10:50,570] {logging_mixin.py:115} INFO - [2022-06-06 00:10:50,569] {dag.py:2379} INFO - Sync 1 DAGs
[2022-06-06 00:10:50,586] {logging_mixin.py:115} INFO - [2022-06-06 00:10:50,586] {dag.py:2923} INFO - Setting next_dagrun for example_skip_dag to 2022-06-04T23:10:50.586152+00:00, run_after=2022-06-05T23:10:50.586152+00:00
[2022-06-06 00:10:50,601] {processor.py:161} INFO - Processing /home/oury/.local/lib/python3.10/site-packages/airflow/example_dags/example_skip_dag.py took 0.053 seconds
[2022-06-06 00:11:25,562] {processor.py:153} INFO - Started process (PID=53509) to work on /home/oury/.local/lib/python3.10/site-packages/airflow/example_dags/example_skip_dag.py
[2022-06-06 00:11:25,562] {processor.py:641} INFO - Processing file /home/oury/.local/lib/python3.10/site-packages/airflow/example_dags/example_skip_dag.py for tasks to queue
[2022-06-06 00:11:25,563] {logging_mixin.py:115} INFO - [2022-06-06 00:11:25,563] {dagbag.py:507} INFO - Filling up the DagBag from /home/oury/.local/lib/python3.10/site-packages/airflow/example_dags/example_skip_dag.py
[2022-06-06 00:11:25,567] {processor.py:651} INFO - DAG(s) dict_keys(['example_skip_dag']) retrieved from /home/oury/.local/lib/python3.10/site-packages/airflow/example_dags/example_skip_dag.py
[2022-06-06 00:11:25,584] {logging_mixin.py:115} INFO - [2022-06-06 00:11:25,584] {dag.py:2379} INFO - Sync 1 DAGs
[2022-06-06 00:11:25,602] {logging_mixin.py:115} INFO - [2022-06-06 00:11:25,602] {dag.py:2923} INFO - Setting next_dagrun for example_skip_dag to 2022-06-04T23:11:25.602351+00:00, run_after=2022-06-05T23:11:25.602351+00:00
[2022-06-06 00:11:25,618] {processor.py:161} INFO - Processing /home/oury/.local/lib/python3.10/site-packages/airflow/example_dags/example_skip_dag.py took 0.059 seconds
[2022-06-06 00:12:00,561] {processor.py:153} INFO - Started process (PID=53620) to work on /home/oury/.local/lib/python3.10/site-packages/airflow/example_dags/example_skip_dag.py
[2022-06-06 00:12:00,561] {processor.py:641} INFO - Processing file /home/oury/.local/lib/python3.10/site-packages/airflow/example_dags/example_skip_dag.py for tasks to queue
[2022-06-06 00:12:00,562] {logging_mixin.py:115} INFO - [2022-06-06 00:12:00,562] {dagbag.py:507} INFO - Filling up the DagBag from /home/oury/.local/lib/python3.10/site-packages/airflow/example_dags/example_skip_dag.py
[2022-06-06 00:12:00,566] {processor.py:651} INFO - DAG(s) dict_keys(['example_skip_dag']) retrieved from /home/oury/.local/lib/python3.10/site-packages/airflow/example_dags/example_skip_dag.py
[2022-06-06 00:12:00,580] {logging_mixin.py:115} INFO - [2022-06-06 00:12:00,580] {dag.py:2379} INFO - Sync 1 DAGs
[2022-06-06 00:12:00,600] {logging_mixin.py:115} INFO - [2022-06-06 00:12:00,600] {dag.py:2923} INFO - Setting next_dagrun for example_skip_dag to 2022-06-04T23:12:00.599791+00:00, run_after=2022-06-05T23:12:00.599791+00:00
[2022-06-06 00:12:00,614] {processor.py:161} INFO - Processing /home/oury/.local/lib/python3.10/site-packages/airflow/example_dags/example_skip_dag.py took 0.055 seconds
[2022-06-06 00:12:34,334] {processor.py:153} INFO - Started process (PID=53731) to work on /home/oury/.local/lib/python3.10/site-packages/airflow/example_dags/example_skip_dag.py
[2022-06-06 00:12:34,334] {processor.py:641} INFO - Processing file /home/oury/.local/lib/python3.10/site-packages/airflow/example_dags/example_skip_dag.py for tasks to queue
[2022-06-06 00:12:34,335] {logging_mixin.py:115} INFO - [2022-06-06 00:12:34,334] {dagbag.py:507} INFO - Filling up the DagBag from /home/oury/.local/lib/python3.10/site-packages/airflow/example_dags/example_skip_dag.py
[2022-06-06 00:12:34,339] {processor.py:651} INFO - DAG(s) dict_keys(['example_skip_dag']) retrieved from /home/oury/.local/lib/python3.10/site-packages/airflow/example_dags/example_skip_dag.py
[2022-06-06 00:12:34,355] {logging_mixin.py:115} INFO - [2022-06-06 00:12:34,354] {dag.py:2379} INFO - Sync 1 DAGs
[2022-06-06 00:12:34,375] {logging_mixin.py:115} INFO - [2022-06-06 00:12:34,375] {dag.py:2923} INFO - Setting next_dagrun for example_skip_dag to 2022-06-04T23:12:34.374821+00:00, run_after=2022-06-05T23:12:34.374821+00:00
[2022-06-06 00:12:34,389] {processor.py:161} INFO - Processing /home/oury/.local/lib/python3.10/site-packages/airflow/example_dags/example_skip_dag.py took 0.058 seconds
[2022-06-06 00:15:27,167] {processor.py:153} INFO - Started process (PID=54222) to work on /home/oury/.local/lib/python3.10/site-packages/airflow/example_dags/example_skip_dag.py
[2022-06-06 00:15:27,168] {processor.py:641} INFO - Processing file /home/oury/.local/lib/python3.10/site-packages/airflow/example_dags/example_skip_dag.py for tasks to queue
[2022-06-06 00:15:27,169] {logging_mixin.py:115} INFO - [2022-06-06 00:15:27,169] {dagbag.py:507} INFO - Filling up the DagBag from /home/oury/.local/lib/python3.10/site-packages/airflow/example_dags/example_skip_dag.py
[2022-06-06 00:15:27,179] {processor.py:651} INFO - DAG(s) dict_keys(['example_skip_dag']) retrieved from /home/oury/.local/lib/python3.10/site-packages/airflow/example_dags/example_skip_dag.py
[2022-06-06 00:15:27,209] {logging_mixin.py:115} INFO - [2022-06-06 00:15:27,208] {dag.py:2379} INFO - Sync 1 DAGs
[2022-06-06 00:15:27,248] {logging_mixin.py:115} INFO - [2022-06-06 00:15:27,247] {dag.py:2923} INFO - Setting next_dagrun for example_skip_dag to 2022-06-04T23:15:27.247478+00:00, run_after=2022-06-05T23:15:27.247478+00:00
[2022-06-06 00:15:27,280] {processor.py:161} INFO - Processing /home/oury/.local/lib/python3.10/site-packages/airflow/example_dags/example_skip_dag.py took 0.119 seconds
[2022-06-06 00:16:14,235] {processor.py:153} INFO - Started process (PID=54720) to work on /home/oury/.local/lib/python3.10/site-packages/airflow/example_dags/example_skip_dag.py
[2022-06-06 00:16:14,235] {processor.py:641} INFO - Processing file /home/oury/.local/lib/python3.10/site-packages/airflow/example_dags/example_skip_dag.py for tasks to queue
[2022-06-06 00:16:14,236] {logging_mixin.py:115} INFO - [2022-06-06 00:16:14,236] {dagbag.py:507} INFO - Filling up the DagBag from /home/oury/.local/lib/python3.10/site-packages/airflow/example_dags/example_skip_dag.py
[2022-06-06 00:16:14,241] {processor.py:651} INFO - DAG(s) dict_keys(['example_skip_dag']) retrieved from /home/oury/.local/lib/python3.10/site-packages/airflow/example_dags/example_skip_dag.py
[2022-06-06 00:16:14,255] {logging_mixin.py:115} INFO - [2022-06-06 00:16:14,255] {dag.py:2379} INFO - Sync 1 DAGs
[2022-06-06 00:16:14,272] {logging_mixin.py:115} INFO - [2022-06-06 00:16:14,272] {dag.py:2923} INFO - Setting next_dagrun for example_skip_dag to 2022-06-04T23:16:14.272115+00:00, run_after=2022-06-05T23:16:14.272115+00:00
[2022-06-06 00:16:14,287] {processor.py:161} INFO - Processing /home/oury/.local/lib/python3.10/site-packages/airflow/example_dags/example_skip_dag.py took 0.055 seconds
[2022-06-06 00:17:28,033] {processor.py:153} INFO - Started process (PID=55534) to work on /home/oury/.local/lib/python3.10/site-packages/airflow/example_dags/example_skip_dag.py
[2022-06-06 00:17:28,035] {processor.py:641} INFO - Processing file /home/oury/.local/lib/python3.10/site-packages/airflow/example_dags/example_skip_dag.py for tasks to queue
[2022-06-06 00:17:28,037] {logging_mixin.py:115} INFO - [2022-06-06 00:17:28,036] {dagbag.py:507} INFO - Filling up the DagBag from /home/oury/.local/lib/python3.10/site-packages/airflow/example_dags/example_skip_dag.py
[2022-06-06 00:17:28,042] {processor.py:651} INFO - DAG(s) dict_keys(['example_skip_dag']) retrieved from /home/oury/.local/lib/python3.10/site-packages/airflow/example_dags/example_skip_dag.py
[2022-06-06 00:17:28,056] {logging_mixin.py:115} INFO - [2022-06-06 00:17:28,056] {dag.py:2379} INFO - Sync 1 DAGs
[2022-06-06 00:17:28,072] {logging_mixin.py:115} INFO - [2022-06-06 00:17:28,072] {dag.py:2923} INFO - Setting next_dagrun for example_skip_dag to 2022-06-04T23:17:28.072375+00:00, run_after=2022-06-05T23:17:28.072375+00:00
[2022-06-06 00:17:28,088] {processor.py:161} INFO - Processing /home/oury/.local/lib/python3.10/site-packages/airflow/example_dags/example_skip_dag.py took 0.058 seconds
[2022-06-06 00:18:27,327] {processor.py:153} INFO - Started process (PID=56052) to work on /home/oury/.local/lib/python3.10/site-packages/airflow/example_dags/example_skip_dag.py
[2022-06-06 00:18:27,328] {processor.py:641} INFO - Processing file /home/oury/.local/lib/python3.10/site-packages/airflow/example_dags/example_skip_dag.py for tasks to queue
[2022-06-06 00:18:27,328] {logging_mixin.py:115} INFO - [2022-06-06 00:18:27,328] {dagbag.py:507} INFO - Filling up the DagBag from /home/oury/.local/lib/python3.10/site-packages/airflow/example_dags/example_skip_dag.py
[2022-06-06 00:18:27,333] {processor.py:651} INFO - DAG(s) dict_keys(['example_skip_dag']) retrieved from /home/oury/.local/lib/python3.10/site-packages/airflow/example_dags/example_skip_dag.py
[2022-06-06 00:18:27,345] {logging_mixin.py:115} INFO - [2022-06-06 00:18:27,345] {dag.py:2379} INFO - Sync 1 DAGs
[2022-06-06 00:18:27,360] {logging_mixin.py:115} INFO - [2022-06-06 00:18:27,360] {dag.py:2923} INFO - Setting next_dagrun for example_skip_dag to 2022-06-04T23:18:27.360630+00:00, run_after=2022-06-05T23:18:27.360630+00:00
[2022-06-06 00:18:27,374] {processor.py:161} INFO - Processing /home/oury/.local/lib/python3.10/site-packages/airflow/example_dags/example_skip_dag.py took 0.049 seconds
[2022-06-06 00:19:04,777] {processor.py:153} INFO - Started process (PID=56325) to work on /home/oury/.local/lib/python3.10/site-packages/airflow/example_dags/example_skip_dag.py
[2022-06-06 00:19:04,778] {processor.py:641} INFO - Processing file /home/oury/.local/lib/python3.10/site-packages/airflow/example_dags/example_skip_dag.py for tasks to queue
[2022-06-06 00:19:04,779] {logging_mixin.py:115} INFO - [2022-06-06 00:19:04,779] {dagbag.py:507} INFO - Filling up the DagBag from /home/oury/.local/lib/python3.10/site-packages/airflow/example_dags/example_skip_dag.py
[2022-06-06 00:19:04,785] {processor.py:651} INFO - DAG(s) dict_keys(['example_skip_dag']) retrieved from /home/oury/.local/lib/python3.10/site-packages/airflow/example_dags/example_skip_dag.py
[2022-06-06 00:19:04,801] {logging_mixin.py:115} INFO - [2022-06-06 00:19:04,801] {dag.py:2379} INFO - Sync 1 DAGs
[2022-06-06 00:19:04,825] {logging_mixin.py:115} INFO - [2022-06-06 00:19:04,825] {dag.py:2923} INFO - Setting next_dagrun for example_skip_dag to 2022-06-04T23:19:04.825351+00:00, run_after=2022-06-05T23:19:04.825351+00:00
[2022-06-06 00:19:04,840] {processor.py:161} INFO - Processing /home/oury/.local/lib/python3.10/site-packages/airflow/example_dags/example_skip_dag.py took 0.066 seconds
[2022-06-06 00:19:43,218] {processor.py:153} INFO - Started process (PID=56475) to work on /home/oury/.local/lib/python3.10/site-packages/airflow/example_dags/example_skip_dag.py
[2022-06-06 00:19:43,219] {processor.py:641} INFO - Processing file /home/oury/.local/lib/python3.10/site-packages/airflow/example_dags/example_skip_dag.py for tasks to queue
[2022-06-06 00:19:43,219] {logging_mixin.py:115} INFO - [2022-06-06 00:19:43,219] {dagbag.py:507} INFO - Filling up the DagBag from /home/oury/.local/lib/python3.10/site-packages/airflow/example_dags/example_skip_dag.py
[2022-06-06 00:19:43,226] {processor.py:651} INFO - DAG(s) dict_keys(['example_skip_dag']) retrieved from /home/oury/.local/lib/python3.10/site-packages/airflow/example_dags/example_skip_dag.py
[2022-06-06 00:19:43,247] {logging_mixin.py:115} INFO - [2022-06-06 00:19:43,246] {dag.py:2379} INFO - Sync 1 DAGs
[2022-06-06 00:19:43,273] {logging_mixin.py:115} INFO - [2022-06-06 00:19:43,273] {dag.py:2923} INFO - Setting next_dagrun for example_skip_dag to 2022-06-04T23:19:43.272850+00:00, run_after=2022-06-05T23:19:43.272850+00:00
[2022-06-06 00:19:43,295] {processor.py:161} INFO - Processing /home/oury/.local/lib/python3.10/site-packages/airflow/example_dags/example_skip_dag.py took 0.081 seconds
