[2022-06-06 00:09:15,293] {processor.py:153} INFO - Started process (PID=52868) to work on /home/oury/.local/lib/python3.10/site-packages/airflow/example_dags/example_dag_decorator.py
[2022-06-06 00:09:15,294] {processor.py:641} INFO - Processing file /home/oury/.local/lib/python3.10/site-packages/airflow/example_dags/example_dag_decorator.py for tasks to queue
[2022-06-06 00:09:15,294] {logging_mixin.py:115} INFO - [2022-06-06 00:09:15,294] {dagbag.py:507} INFO - Filling up the DagBag from /home/oury/.local/lib/python3.10/site-packages/airflow/example_dags/example_dag_decorator.py
[2022-06-06 00:09:15,321] {processor.py:651} INFO - DAG(s) dict_keys(['example_dag_decorator']) retrieved from /home/oury/.local/lib/python3.10/site-packages/airflow/example_dags/example_dag_decorator.py
[2022-06-06 00:09:15,360] {logging_mixin.py:115} INFO - [2022-06-06 00:09:15,360] {dag.py:2379} INFO - Sync 1 DAGs
[2022-06-06 00:09:15,373] {logging_mixin.py:115} INFO - [2022-06-06 00:09:15,373] {dag.py:2923} INFO - Setting next_dagrun for example_dag_decorator to None, run_after=None
[2022-06-06 00:09:15,384] {processor.py:161} INFO - Processing /home/oury/.local/lib/python3.10/site-packages/airflow/example_dags/example_dag_decorator.py took 0.094 seconds
[2022-06-06 00:09:50,434] {processor.py:153} INFO - Started process (PID=53036) to work on /home/oury/.local/lib/python3.10/site-packages/airflow/example_dags/example_dag_decorator.py
[2022-06-06 00:09:50,434] {processor.py:641} INFO - Processing file /home/oury/.local/lib/python3.10/site-packages/airflow/example_dags/example_dag_decorator.py for tasks to queue
[2022-06-06 00:09:50,435] {logging_mixin.py:115} INFO - [2022-06-06 00:09:50,435] {dagbag.py:507} INFO - Filling up the DagBag from /home/oury/.local/lib/python3.10/site-packages/airflow/example_dags/example_dag_decorator.py
[2022-06-06 00:09:50,457] {processor.py:651} INFO - DAG(s) dict_keys(['example_dag_decorator']) retrieved from /home/oury/.local/lib/python3.10/site-packages/airflow/example_dags/example_dag_decorator.py
[2022-06-06 00:09:50,503] {logging_mixin.py:115} INFO - [2022-06-06 00:09:50,503] {dag.py:2379} INFO - Sync 1 DAGs
[2022-06-06 00:09:50,518] {logging_mixin.py:115} INFO - [2022-06-06 00:09:50,518] {dag.py:2923} INFO - Setting next_dagrun for example_dag_decorator to None, run_after=None
[2022-06-06 00:09:50,532] {processor.py:161} INFO - Processing /home/oury/.local/lib/python3.10/site-packages/airflow/example_dags/example_dag_decorator.py took 0.101 seconds
[2022-06-06 00:10:23,657] {processor.py:153} INFO - Started process (PID=53225) to work on /home/oury/.local/lib/python3.10/site-packages/airflow/example_dags/example_dag_decorator.py
[2022-06-06 00:10:23,658] {processor.py:641} INFO - Processing file /home/oury/.local/lib/python3.10/site-packages/airflow/example_dags/example_dag_decorator.py for tasks to queue
[2022-06-06 00:10:23,658] {logging_mixin.py:115} INFO - [2022-06-06 00:10:23,658] {dagbag.py:507} INFO - Filling up the DagBag from /home/oury/.local/lib/python3.10/site-packages/airflow/example_dags/example_dag_decorator.py
[2022-06-06 00:10:23,678] {processor.py:651} INFO - DAG(s) dict_keys(['example_dag_decorator']) retrieved from /home/oury/.local/lib/python3.10/site-packages/airflow/example_dags/example_dag_decorator.py
[2022-06-06 00:10:23,717] {logging_mixin.py:115} INFO - [2022-06-06 00:10:23,717] {dag.py:2379} INFO - Sync 1 DAGs
[2022-06-06 00:10:23,730] {logging_mixin.py:115} INFO - [2022-06-06 00:10:23,730] {dag.py:2923} INFO - Setting next_dagrun for example_dag_decorator to None, run_after=None
[2022-06-06 00:10:23,743] {processor.py:161} INFO - Processing /home/oury/.local/lib/python3.10/site-packages/airflow/example_dags/example_dag_decorator.py took 0.088 seconds
[2022-06-06 00:10:58,602] {processor.py:153} INFO - Started process (PID=53337) to work on /home/oury/.local/lib/python3.10/site-packages/airflow/example_dags/example_dag_decorator.py
[2022-06-06 00:10:58,602] {processor.py:641} INFO - Processing file /home/oury/.local/lib/python3.10/site-packages/airflow/example_dags/example_dag_decorator.py for tasks to queue
[2022-06-06 00:10:58,603] {logging_mixin.py:115} INFO - [2022-06-06 00:10:58,603] {dagbag.py:507} INFO - Filling up the DagBag from /home/oury/.local/lib/python3.10/site-packages/airflow/example_dags/example_dag_decorator.py
[2022-06-06 00:10:58,625] {processor.py:651} INFO - DAG(s) dict_keys(['example_dag_decorator']) retrieved from /home/oury/.local/lib/python3.10/site-packages/airflow/example_dags/example_dag_decorator.py
[2022-06-06 00:10:58,639] {logging_mixin.py:115} INFO - [2022-06-06 00:10:58,639] {dag.py:2379} INFO - Sync 1 DAGs
[2022-06-06 00:10:58,659] {logging_mixin.py:115} INFO - [2022-06-06 00:10:58,659] {dag.py:2923} INFO - Setting next_dagrun for example_dag_decorator to None, run_after=None
[2022-06-06 00:10:58,672] {processor.py:161} INFO - Processing /home/oury/.local/lib/python3.10/site-packages/airflow/example_dags/example_dag_decorator.py took 0.073 seconds
[2022-06-06 00:11:33,297] {processor.py:153} INFO - Started process (PID=53519) to work on /home/oury/.local/lib/python3.10/site-packages/airflow/example_dags/example_dag_decorator.py
[2022-06-06 00:11:33,297] {processor.py:641} INFO - Processing file /home/oury/.local/lib/python3.10/site-packages/airflow/example_dags/example_dag_decorator.py for tasks to queue
[2022-06-06 00:11:33,298] {logging_mixin.py:115} INFO - [2022-06-06 00:11:33,298] {dagbag.py:507} INFO - Filling up the DagBag from /home/oury/.local/lib/python3.10/site-packages/airflow/example_dags/example_dag_decorator.py
[2022-06-06 00:11:33,321] {processor.py:651} INFO - DAG(s) dict_keys(['example_dag_decorator']) retrieved from /home/oury/.local/lib/python3.10/site-packages/airflow/example_dags/example_dag_decorator.py
[2022-06-06 00:11:33,366] {logging_mixin.py:115} INFO - [2022-06-06 00:11:33,366] {dag.py:2379} INFO - Sync 1 DAGs
[2022-06-06 00:11:33,381] {logging_mixin.py:115} INFO - [2022-06-06 00:11:33,381] {dag.py:2923} INFO - Setting next_dagrun for example_dag_decorator to None, run_after=None
[2022-06-06 00:11:33,395] {processor.py:161} INFO - Processing /home/oury/.local/lib/python3.10/site-packages/airflow/example_dags/example_dag_decorator.py took 0.101 seconds
[2022-06-06 00:12:09,149] {processor.py:153} INFO - Started process (PID=53631) to work on /home/oury/.local/lib/python3.10/site-packages/airflow/example_dags/example_dag_decorator.py
[2022-06-06 00:12:09,150] {processor.py:641} INFO - Processing file /home/oury/.local/lib/python3.10/site-packages/airflow/example_dags/example_dag_decorator.py for tasks to queue
[2022-06-06 00:12:09,150] {logging_mixin.py:115} INFO - [2022-06-06 00:12:09,150] {dagbag.py:507} INFO - Filling up the DagBag from /home/oury/.local/lib/python3.10/site-packages/airflow/example_dags/example_dag_decorator.py
[2022-06-06 00:12:09,171] {processor.py:651} INFO - DAG(s) dict_keys(['example_dag_decorator']) retrieved from /home/oury/.local/lib/python3.10/site-packages/airflow/example_dags/example_dag_decorator.py
[2022-06-06 00:12:09,212] {logging_mixin.py:115} INFO - [2022-06-06 00:12:09,212] {dag.py:2379} INFO - Sync 1 DAGs
[2022-06-06 00:12:09,226] {logging_mixin.py:115} INFO - [2022-06-06 00:12:09,226] {dag.py:2923} INFO - Setting next_dagrun for example_dag_decorator to None, run_after=None
[2022-06-06 00:12:09,239] {processor.py:161} INFO - Processing /home/oury/.local/lib/python3.10/site-packages/airflow/example_dags/example_dag_decorator.py took 0.092 seconds
[2022-06-06 00:15:33,952] {processor.py:153} INFO - Started process (PID=54266) to work on /home/oury/.local/lib/python3.10/site-packages/airflow/example_dags/example_dag_decorator.py
[2022-06-06 00:15:33,953] {processor.py:641} INFO - Processing file /home/oury/.local/lib/python3.10/site-packages/airflow/example_dags/example_dag_decorator.py for tasks to queue
[2022-06-06 00:15:33,953] {logging_mixin.py:115} INFO - [2022-06-06 00:15:33,953] {dagbag.py:507} INFO - Filling up the DagBag from /home/oury/.local/lib/python3.10/site-packages/airflow/example_dags/example_dag_decorator.py
[2022-06-06 00:15:33,989] {processor.py:651} INFO - DAG(s) dict_keys(['example_dag_decorator']) retrieved from /home/oury/.local/lib/python3.10/site-packages/airflow/example_dags/example_dag_decorator.py
[2022-06-06 00:15:34,065] {logging_mixin.py:115} INFO - [2022-06-06 00:15:34,064] {dag.py:2379} INFO - Sync 1 DAGs
[2022-06-06 00:15:34,083] {logging_mixin.py:115} INFO - [2022-06-06 00:15:34,082] {dag.py:2923} INFO - Setting next_dagrun for example_dag_decorator to None, run_after=None
[2022-06-06 00:15:34,095] {processor.py:161} INFO - Processing /home/oury/.local/lib/python3.10/site-packages/airflow/example_dags/example_dag_decorator.py took 0.147 seconds
[2022-06-06 00:16:26,511] {processor.py:153} INFO - Started process (PID=54810) to work on /home/oury/.local/lib/python3.10/site-packages/airflow/example_dags/example_dag_decorator.py
[2022-06-06 00:16:26,511] {processor.py:641} INFO - Processing file /home/oury/.local/lib/python3.10/site-packages/airflow/example_dags/example_dag_decorator.py for tasks to queue
[2022-06-06 00:16:26,512] {logging_mixin.py:115} INFO - [2022-06-06 00:16:26,512] {dagbag.py:507} INFO - Filling up the DagBag from /home/oury/.local/lib/python3.10/site-packages/airflow/example_dags/example_dag_decorator.py
[2022-06-06 00:16:26,535] {processor.py:651} INFO - DAG(s) dict_keys(['example_dag_decorator']) retrieved from /home/oury/.local/lib/python3.10/site-packages/airflow/example_dags/example_dag_decorator.py
[2022-06-06 00:16:26,582] {logging_mixin.py:115} INFO - [2022-06-06 00:16:26,582] {dag.py:2379} INFO - Sync 1 DAGs
[2022-06-06 00:16:26,596] {logging_mixin.py:115} INFO - [2022-06-06 00:16:26,596] {dag.py:2923} INFO - Setting next_dagrun for example_dag_decorator to None, run_after=None
[2022-06-06 00:16:26,611] {processor.py:161} INFO - Processing /home/oury/.local/lib/python3.10/site-packages/airflow/example_dags/example_dag_decorator.py took 0.102 seconds
[2022-06-06 00:17:40,645] {processor.py:153} INFO - Started process (PID=55625) to work on /home/oury/.local/lib/python3.10/site-packages/airflow/example_dags/example_dag_decorator.py
[2022-06-06 00:17:40,646] {processor.py:641} INFO - Processing file /home/oury/.local/lib/python3.10/site-packages/airflow/example_dags/example_dag_decorator.py for tasks to queue
[2022-06-06 00:17:40,646] {logging_mixin.py:115} INFO - [2022-06-06 00:17:40,646] {dagbag.py:507} INFO - Filling up the DagBag from /home/oury/.local/lib/python3.10/site-packages/airflow/example_dags/example_dag_decorator.py
[2022-06-06 00:17:40,666] {processor.py:651} INFO - DAG(s) dict_keys(['example_dag_decorator']) retrieved from /home/oury/.local/lib/python3.10/site-packages/airflow/example_dags/example_dag_decorator.py
[2022-06-06 00:17:40,703] {logging_mixin.py:115} INFO - [2022-06-06 00:17:40,703] {dag.py:2379} INFO - Sync 1 DAGs
[2022-06-06 00:17:40,715] {logging_mixin.py:115} INFO - [2022-06-06 00:17:40,715] {dag.py:2923} INFO - Setting next_dagrun for example_dag_decorator to None, run_after=None
[2022-06-06 00:17:40,769] {processor.py:161} INFO - Processing /home/oury/.local/lib/python3.10/site-packages/airflow/example_dags/example_dag_decorator.py took 0.126 seconds
[2022-06-06 00:18:34,888] {processor.py:153} INFO - Started process (PID=56155) to work on /home/oury/.local/lib/python3.10/site-packages/airflow/example_dags/example_dag_decorator.py
[2022-06-06 00:18:34,889] {processor.py:641} INFO - Processing file /home/oury/.local/lib/python3.10/site-packages/airflow/example_dags/example_dag_decorator.py for tasks to queue
[2022-06-06 00:18:34,889] {logging_mixin.py:115} INFO - [2022-06-06 00:18:34,889] {dagbag.py:507} INFO - Filling up the DagBag from /home/oury/.local/lib/python3.10/site-packages/airflow/example_dags/example_dag_decorator.py
[2022-06-06 00:18:34,917] {processor.py:651} INFO - DAG(s) dict_keys(['example_dag_decorator']) retrieved from /home/oury/.local/lib/python3.10/site-packages/airflow/example_dags/example_dag_decorator.py
[2022-06-06 00:18:34,956] {logging_mixin.py:115} INFO - [2022-06-06 00:18:34,956] {dag.py:2379} INFO - Sync 1 DAGs
[2022-06-06 00:18:34,973] {logging_mixin.py:115} INFO - [2022-06-06 00:18:34,972] {dag.py:2923} INFO - Setting next_dagrun for example_dag_decorator to None, run_after=None
[2022-06-06 00:18:34,986] {processor.py:161} INFO - Processing /home/oury/.local/lib/python3.10/site-packages/airflow/example_dags/example_dag_decorator.py took 0.101 seconds
[2022-06-06 00:19:13,921] {processor.py:153} INFO - Started process (PID=56426) to work on /home/oury/.local/lib/python3.10/site-packages/airflow/example_dags/example_dag_decorator.py
[2022-06-06 00:19:13,922] {processor.py:641} INFO - Processing file /home/oury/.local/lib/python3.10/site-packages/airflow/example_dags/example_dag_decorator.py for tasks to queue
[2022-06-06 00:19:13,922] {logging_mixin.py:115} INFO - [2022-06-06 00:19:13,922] {dagbag.py:507} INFO - Filling up the DagBag from /home/oury/.local/lib/python3.10/site-packages/airflow/example_dags/example_dag_decorator.py
[2022-06-06 00:19:13,942] {processor.py:651} INFO - DAG(s) dict_keys(['example_dag_decorator']) retrieved from /home/oury/.local/lib/python3.10/site-packages/airflow/example_dags/example_dag_decorator.py
[2022-06-06 00:19:13,954] {logging_mixin.py:115} INFO - [2022-06-06 00:19:13,954] {dag.py:2379} INFO - Sync 1 DAGs
[2022-06-06 00:19:13,970] {logging_mixin.py:115} INFO - [2022-06-06 00:19:13,970] {dag.py:2923} INFO - Setting next_dagrun for example_dag_decorator to None, run_after=None
[2022-06-06 00:19:13,981] {processor.py:161} INFO - Processing /home/oury/.local/lib/python3.10/site-packages/airflow/example_dags/example_dag_decorator.py took 0.062 seconds
[2022-06-06 00:19:53,134] {processor.py:153} INFO - Started process (PID=56489) to work on /home/oury/.local/lib/python3.10/site-packages/airflow/example_dags/example_dag_decorator.py
[2022-06-06 00:19:53,135] {processor.py:641} INFO - Processing file /home/oury/.local/lib/python3.10/site-packages/airflow/example_dags/example_dag_decorator.py for tasks to queue
[2022-06-06 00:19:53,135] {logging_mixin.py:115} INFO - [2022-06-06 00:19:53,135] {dagbag.py:507} INFO - Filling up the DagBag from /home/oury/.local/lib/python3.10/site-packages/airflow/example_dags/example_dag_decorator.py
[2022-06-06 00:19:53,157] {processor.py:651} INFO - DAG(s) dict_keys(['example_dag_decorator']) retrieved from /home/oury/.local/lib/python3.10/site-packages/airflow/example_dags/example_dag_decorator.py
[2022-06-06 00:19:53,195] {logging_mixin.py:115} INFO - [2022-06-06 00:19:53,195] {dag.py:2379} INFO - Sync 1 DAGs
[2022-06-06 00:19:53,207] {logging_mixin.py:115} INFO - [2022-06-06 00:19:53,207] {dag.py:2923} INFO - Setting next_dagrun for example_dag_decorator to None, run_after=None
[2022-06-06 00:19:53,218] {processor.py:161} INFO - Processing /home/oury/.local/lib/python3.10/site-packages/airflow/example_dags/example_dag_decorator.py took 0.087 seconds
