[2022-06-06 00:09:14,885] {processor.py:153} INFO - Started process (PID=52867) to work on /home/oury/.local/lib/python3.10/site-packages/airflow/example_dags/example_python_operator.py
[2022-06-06 00:09:14,885] {processor.py:641} INFO - Processing file /home/oury/.local/lib/python3.10/site-packages/airflow/example_dags/example_python_operator.py for tasks to queue
[2022-06-06 00:09:14,885] {logging_mixin.py:115} INFO - [2022-06-06 00:09:14,885] {dagbag.py:507} INFO - Filling up the DagBag from /home/oury/.local/lib/python3.10/site-packages/airflow/example_dags/example_python_operator.py
[2022-06-06 00:09:14,901] {processor.py:651} INFO - DAG(s) dict_keys(['example_python_operator']) retrieved from /home/oury/.local/lib/python3.10/site-packages/airflow/example_dags/example_python_operator.py
[2022-06-06 00:09:14,913] {logging_mixin.py:115} INFO - [2022-06-06 00:09:14,913] {dag.py:2379} INFO - Sync 1 DAGs
[2022-06-06 00:09:14,930] {logging_mixin.py:115} INFO - [2022-06-06 00:09:14,930] {dag.py:2923} INFO - Setting next_dagrun for example_python_operator to None, run_after=None
[2022-06-06 00:09:14,941] {processor.py:161} INFO - Processing /home/oury/.local/lib/python3.10/site-packages/airflow/example_dags/example_python_operator.py took 0.059 seconds
[2022-06-06 00:09:49,881] {processor.py:153} INFO - Started process (PID=53035) to work on /home/oury/.local/lib/python3.10/site-packages/airflow/example_dags/example_python_operator.py
[2022-06-06 00:09:49,882] {processor.py:641} INFO - Processing file /home/oury/.local/lib/python3.10/site-packages/airflow/example_dags/example_python_operator.py for tasks to queue
[2022-06-06 00:09:49,882] {logging_mixin.py:115} INFO - [2022-06-06 00:09:49,882] {dagbag.py:507} INFO - Filling up the DagBag from /home/oury/.local/lib/python3.10/site-packages/airflow/example_dags/example_python_operator.py
[2022-06-06 00:09:49,902] {processor.py:651} INFO - DAG(s) dict_keys(['example_python_operator']) retrieved from /home/oury/.local/lib/python3.10/site-packages/airflow/example_dags/example_python_operator.py
[2022-06-06 00:09:49,920] {logging_mixin.py:115} INFO - [2022-06-06 00:09:49,920] {dag.py:2379} INFO - Sync 1 DAGs
[2022-06-06 00:09:49,943] {logging_mixin.py:115} INFO - [2022-06-06 00:09:49,943] {dag.py:2923} INFO - Setting next_dagrun for example_python_operator to None, run_after=None
[2022-06-06 00:09:49,958] {processor.py:161} INFO - Processing /home/oury/.local/lib/python3.10/site-packages/airflow/example_dags/example_python_operator.py took 0.079 seconds
[2022-06-06 00:10:22,514] {processor.py:153} INFO - Started process (PID=53223) to work on /home/oury/.local/lib/python3.10/site-packages/airflow/example_dags/example_python_operator.py
[2022-06-06 00:10:22,515] {processor.py:641} INFO - Processing file /home/oury/.local/lib/python3.10/site-packages/airflow/example_dags/example_python_operator.py for tasks to queue
[2022-06-06 00:10:22,515] {logging_mixin.py:115} INFO - [2022-06-06 00:10:22,515] {dagbag.py:507} INFO - Filling up the DagBag from /home/oury/.local/lib/python3.10/site-packages/airflow/example_dags/example_python_operator.py
[2022-06-06 00:10:22,531] {processor.py:651} INFO - DAG(s) dict_keys(['example_python_operator']) retrieved from /home/oury/.local/lib/python3.10/site-packages/airflow/example_dags/example_python_operator.py
[2022-06-06 00:10:22,544] {logging_mixin.py:115} INFO - [2022-06-06 00:10:22,544] {dag.py:2379} INFO - Sync 1 DAGs
[2022-06-06 00:10:22,561] {logging_mixin.py:115} INFO - [2022-06-06 00:10:22,561] {dag.py:2923} INFO - Setting next_dagrun for example_python_operator to None, run_after=None
[2022-06-06 00:10:22,572] {processor.py:161} INFO - Processing /home/oury/.local/lib/python3.10/site-packages/airflow/example_dags/example_python_operator.py took 0.061 seconds
[2022-06-06 00:10:58,174] {processor.py:153} INFO - Started process (PID=53336) to work on /home/oury/.local/lib/python3.10/site-packages/airflow/example_dags/example_python_operator.py
[2022-06-06 00:10:58,175] {processor.py:641} INFO - Processing file /home/oury/.local/lib/python3.10/site-packages/airflow/example_dags/example_python_operator.py for tasks to queue
[2022-06-06 00:10:58,175] {logging_mixin.py:115} INFO - [2022-06-06 00:10:58,175] {dagbag.py:507} INFO - Filling up the DagBag from /home/oury/.local/lib/python3.10/site-packages/airflow/example_dags/example_python_operator.py
[2022-06-06 00:10:58,193] {processor.py:651} INFO - DAG(s) dict_keys(['example_python_operator']) retrieved from /home/oury/.local/lib/python3.10/site-packages/airflow/example_dags/example_python_operator.py
[2022-06-06 00:10:58,207] {logging_mixin.py:115} INFO - [2022-06-06 00:10:58,206] {dag.py:2379} INFO - Sync 1 DAGs
[2022-06-06 00:10:58,225] {logging_mixin.py:115} INFO - [2022-06-06 00:10:58,224] {dag.py:2923} INFO - Setting next_dagrun for example_python_operator to None, run_after=None
[2022-06-06 00:10:58,235] {processor.py:161} INFO - Processing /home/oury/.local/lib/python3.10/site-packages/airflow/example_dags/example_python_operator.py took 0.064 seconds
[2022-06-06 00:11:32,155] {processor.py:153} INFO - Started process (PID=53517) to work on /home/oury/.local/lib/python3.10/site-packages/airflow/example_dags/example_python_operator.py
[2022-06-06 00:11:32,156] {processor.py:641} INFO - Processing file /home/oury/.local/lib/python3.10/site-packages/airflow/example_dags/example_python_operator.py for tasks to queue
[2022-06-06 00:11:32,156] {logging_mixin.py:115} INFO - [2022-06-06 00:11:32,156] {dagbag.py:507} INFO - Filling up the DagBag from /home/oury/.local/lib/python3.10/site-packages/airflow/example_dags/example_python_operator.py
[2022-06-06 00:11:32,177] {processor.py:651} INFO - DAG(s) dict_keys(['example_python_operator']) retrieved from /home/oury/.local/lib/python3.10/site-packages/airflow/example_dags/example_python_operator.py
[2022-06-06 00:11:32,194] {logging_mixin.py:115} INFO - [2022-06-06 00:11:32,194] {dag.py:2379} INFO - Sync 1 DAGs
[2022-06-06 00:11:32,216] {logging_mixin.py:115} INFO - [2022-06-06 00:11:32,216] {dag.py:2923} INFO - Setting next_dagrun for example_python_operator to None, run_after=None
[2022-06-06 00:11:32,228] {processor.py:161} INFO - Processing /home/oury/.local/lib/python3.10/site-packages/airflow/example_dags/example_python_operator.py took 0.077 seconds
[2022-06-06 00:12:08,011] {processor.py:153} INFO - Started process (PID=53629) to work on /home/oury/.local/lib/python3.10/site-packages/airflow/example_dags/example_python_operator.py
[2022-06-06 00:12:08,011] {processor.py:641} INFO - Processing file /home/oury/.local/lib/python3.10/site-packages/airflow/example_dags/example_python_operator.py for tasks to queue
[2022-06-06 00:12:08,012] {logging_mixin.py:115} INFO - [2022-06-06 00:12:08,012] {dagbag.py:507} INFO - Filling up the DagBag from /home/oury/.local/lib/python3.10/site-packages/airflow/example_dags/example_python_operator.py
[2022-06-06 00:12:08,030] {processor.py:651} INFO - DAG(s) dict_keys(['example_python_operator']) retrieved from /home/oury/.local/lib/python3.10/site-packages/airflow/example_dags/example_python_operator.py
[2022-06-06 00:12:08,044] {logging_mixin.py:115} INFO - [2022-06-06 00:12:08,044] {dag.py:2379} INFO - Sync 1 DAGs
[2022-06-06 00:12:08,063] {logging_mixin.py:115} INFO - [2022-06-06 00:12:08,062] {dag.py:2923} INFO - Setting next_dagrun for example_python_operator to None, run_after=None
[2022-06-06 00:12:08,075] {processor.py:161} INFO - Processing /home/oury/.local/lib/python3.10/site-packages/airflow/example_dags/example_python_operator.py took 0.067 seconds
[2022-06-06 00:15:32,802] {processor.py:153} INFO - Started process (PID=54261) to work on /home/oury/.local/lib/python3.10/site-packages/airflow/example_dags/example_python_operator.py
[2022-06-06 00:15:32,803] {processor.py:641} INFO - Processing file /home/oury/.local/lib/python3.10/site-packages/airflow/example_dags/example_python_operator.py for tasks to queue
[2022-06-06 00:15:32,803] {logging_mixin.py:115} INFO - [2022-06-06 00:15:32,803] {dagbag.py:507} INFO - Filling up the DagBag from /home/oury/.local/lib/python3.10/site-packages/airflow/example_dags/example_python_operator.py
[2022-06-06 00:15:32,822] {processor.py:651} INFO - DAG(s) dict_keys(['example_python_operator']) retrieved from /home/oury/.local/lib/python3.10/site-packages/airflow/example_dags/example_python_operator.py
[2022-06-06 00:15:32,838] {logging_mixin.py:115} INFO - [2022-06-06 00:15:32,838] {dag.py:2379} INFO - Sync 1 DAGs
[2022-06-06 00:15:32,859] {logging_mixin.py:115} INFO - [2022-06-06 00:15:32,859] {dag.py:2923} INFO - Setting next_dagrun for example_python_operator to None, run_after=None
[2022-06-06 00:15:32,872] {processor.py:161} INFO - Processing /home/oury/.local/lib/python3.10/site-packages/airflow/example_dags/example_python_operator.py took 0.073 seconds
[2022-06-06 00:16:26,249] {processor.py:153} INFO - Started process (PID=54809) to work on /home/oury/.local/lib/python3.10/site-packages/airflow/example_dags/example_python_operator.py
[2022-06-06 00:16:26,250] {processor.py:641} INFO - Processing file /home/oury/.local/lib/python3.10/site-packages/airflow/example_dags/example_python_operator.py for tasks to queue
[2022-06-06 00:16:26,250] {logging_mixin.py:115} INFO - [2022-06-06 00:16:26,250] {dagbag.py:507} INFO - Filling up the DagBag from /home/oury/.local/lib/python3.10/site-packages/airflow/example_dags/example_python_operator.py
[2022-06-06 00:16:26,268] {processor.py:651} INFO - DAG(s) dict_keys(['example_python_operator']) retrieved from /home/oury/.local/lib/python3.10/site-packages/airflow/example_dags/example_python_operator.py
[2022-06-06 00:16:26,282] {logging_mixin.py:115} INFO - [2022-06-06 00:16:26,282] {dag.py:2379} INFO - Sync 1 DAGs
[2022-06-06 00:16:26,302] {logging_mixin.py:115} INFO - [2022-06-06 00:16:26,302] {dag.py:2923} INFO - Setting next_dagrun for example_python_operator to None, run_after=None
[2022-06-06 00:16:26,314] {processor.py:161} INFO - Processing /home/oury/.local/lib/python3.10/site-packages/airflow/example_dags/example_python_operator.py took 0.068 seconds
[2022-06-06 00:17:39,476] {processor.py:153} INFO - Started process (PID=55624) to work on /home/oury/.local/lib/python3.10/site-packages/airflow/example_dags/example_python_operator.py
[2022-06-06 00:17:39,476] {processor.py:641} INFO - Processing file /home/oury/.local/lib/python3.10/site-packages/airflow/example_dags/example_python_operator.py for tasks to queue
[2022-06-06 00:17:39,477] {logging_mixin.py:115} INFO - [2022-06-06 00:17:39,477] {dagbag.py:507} INFO - Filling up the DagBag from /home/oury/.local/lib/python3.10/site-packages/airflow/example_dags/example_python_operator.py
[2022-06-06 00:17:39,492] {processor.py:651} INFO - DAG(s) dict_keys(['example_python_operator']) retrieved from /home/oury/.local/lib/python3.10/site-packages/airflow/example_dags/example_python_operator.py
[2022-06-06 00:17:39,505] {logging_mixin.py:115} INFO - [2022-06-06 00:17:39,505] {dag.py:2379} INFO - Sync 1 DAGs
[2022-06-06 00:17:39,521] {logging_mixin.py:115} INFO - [2022-06-06 00:17:39,521] {dag.py:2923} INFO - Setting next_dagrun for example_python_operator to None, run_after=None
[2022-06-06 00:17:39,532] {processor.py:161} INFO - Processing /home/oury/.local/lib/python3.10/site-packages/airflow/example_dags/example_python_operator.py took 0.058 seconds
[2022-06-06 00:18:33,746] {processor.py:153} INFO - Started process (PID=56149) to work on /home/oury/.local/lib/python3.10/site-packages/airflow/example_dags/example_python_operator.py
[2022-06-06 00:18:33,746] {processor.py:641} INFO - Processing file /home/oury/.local/lib/python3.10/site-packages/airflow/example_dags/example_python_operator.py for tasks to queue
[2022-06-06 00:18:33,746] {logging_mixin.py:115} INFO - [2022-06-06 00:18:33,746] {dagbag.py:507} INFO - Filling up the DagBag from /home/oury/.local/lib/python3.10/site-packages/airflow/example_dags/example_python_operator.py
[2022-06-06 00:18:33,762] {processor.py:651} INFO - DAG(s) dict_keys(['example_python_operator']) retrieved from /home/oury/.local/lib/python3.10/site-packages/airflow/example_dags/example_python_operator.py
[2022-06-06 00:18:33,775] {logging_mixin.py:115} INFO - [2022-06-06 00:18:33,775] {dag.py:2379} INFO - Sync 1 DAGs
[2022-06-06 00:18:33,794] {logging_mixin.py:115} INFO - [2022-06-06 00:18:33,793] {dag.py:2923} INFO - Setting next_dagrun for example_python_operator to None, run_after=None
[2022-06-06 00:18:33,807] {processor.py:161} INFO - Processing /home/oury/.local/lib/python3.10/site-packages/airflow/example_dags/example_python_operator.py took 0.064 seconds
[2022-06-06 00:19:12,949] {processor.py:153} INFO - Started process (PID=56424) to work on /home/oury/.local/lib/python3.10/site-packages/airflow/example_dags/example_python_operator.py
[2022-06-06 00:19:12,950] {processor.py:641} INFO - Processing file /home/oury/.local/lib/python3.10/site-packages/airflow/example_dags/example_python_operator.py for tasks to queue
[2022-06-06 00:19:12,950] {logging_mixin.py:115} INFO - [2022-06-06 00:19:12,950] {dagbag.py:507} INFO - Filling up the DagBag from /home/oury/.local/lib/python3.10/site-packages/airflow/example_dags/example_python_operator.py
[2022-06-06 00:19:12,976] {processor.py:651} INFO - DAG(s) dict_keys(['example_python_operator']) retrieved from /home/oury/.local/lib/python3.10/site-packages/airflow/example_dags/example_python_operator.py
[2022-06-06 00:19:12,998] {logging_mixin.py:115} INFO - [2022-06-06 00:19:12,998] {dag.py:2379} INFO - Sync 1 DAGs
[2022-06-06 00:19:13,025] {logging_mixin.py:115} INFO - [2022-06-06 00:19:13,024] {dag.py:2923} INFO - Setting next_dagrun for example_python_operator to None, run_after=None
[2022-06-06 00:19:13,041] {processor.py:161} INFO - Processing /home/oury/.local/lib/python3.10/site-packages/airflow/example_dags/example_python_operator.py took 0.096 seconds
[2022-06-06 00:19:51,997] {processor.py:153} INFO - Started process (PID=56487) to work on /home/oury/.local/lib/python3.10/site-packages/airflow/example_dags/example_python_operator.py
[2022-06-06 00:19:51,998] {processor.py:641} INFO - Processing file /home/oury/.local/lib/python3.10/site-packages/airflow/example_dags/example_python_operator.py for tasks to queue
[2022-06-06 00:19:51,999] {logging_mixin.py:115} INFO - [2022-06-06 00:19:51,999] {dagbag.py:507} INFO - Filling up the DagBag from /home/oury/.local/lib/python3.10/site-packages/airflow/example_dags/example_python_operator.py
[2022-06-06 00:19:52,022] {processor.py:651} INFO - DAG(s) dict_keys(['example_python_operator']) retrieved from /home/oury/.local/lib/python3.10/site-packages/airflow/example_dags/example_python_operator.py
[2022-06-06 00:19:52,040] {logging_mixin.py:115} INFO - [2022-06-06 00:19:52,040] {dag.py:2379} INFO - Sync 1 DAGs
[2022-06-06 00:19:52,058] {logging_mixin.py:115} INFO - [2022-06-06 00:19:52,058] {dag.py:2923} INFO - Setting next_dagrun for example_python_operator to None, run_after=None
[2022-06-06 00:19:52,068] {processor.py:161} INFO - Processing /home/oury/.local/lib/python3.10/site-packages/airflow/example_dags/example_python_operator.py took 0.074 seconds
