[2022-06-06 00:09:23,897] {processor.py:153} INFO - Started process (PID=52894) to work on /home/oury/.local/lib/python3.10/site-packages/airflow/example_dags/example_branch_labels.py
[2022-06-06 00:09:23,897] {processor.py:641} INFO - Processing file /home/oury/.local/lib/python3.10/site-packages/airflow/example_dags/example_branch_labels.py for tasks to queue
[2022-06-06 00:09:23,898] {logging_mixin.py:115} INFO - [2022-06-06 00:09:23,897] {dagbag.py:507} INFO - Filling up the DagBag from /home/oury/.local/lib/python3.10/site-packages/airflow/example_dags/example_branch_labels.py
[2022-06-06 00:09:23,903] {processor.py:651} INFO - DAG(s) dict_keys(['example_branch_labels']) retrieved from /home/oury/.local/lib/python3.10/site-packages/airflow/example_dags/example_branch_labels.py
[2022-06-06 00:09:23,915] {logging_mixin.py:115} INFO - [2022-06-06 00:09:23,915] {dag.py:2379} INFO - Sync 1 DAGs
[2022-06-06 00:09:23,931] {logging_mixin.py:115} INFO - [2022-06-06 00:09:23,931] {dag.py:2923} INFO - Setting next_dagrun for example_branch_labels to 2022-06-04T00:00:00+00:00, run_after=2022-06-05T00:00:00+00:00
[2022-06-06 00:09:23,943] {processor.py:161} INFO - Processing /home/oury/.local/lib/python3.10/site-packages/airflow/example_dags/example_branch_labels.py took 0.049 seconds
[2022-06-06 00:10:00,178] {processor.py:153} INFO - Started process (PID=53077) to work on /home/oury/.local/lib/python3.10/site-packages/airflow/example_dags/example_branch_labels.py
[2022-06-06 00:10:00,179] {processor.py:641} INFO - Processing file /home/oury/.local/lib/python3.10/site-packages/airflow/example_dags/example_branch_labels.py for tasks to queue
[2022-06-06 00:10:00,179] {logging_mixin.py:115} INFO - [2022-06-06 00:10:00,179] {dagbag.py:507} INFO - Filling up the DagBag from /home/oury/.local/lib/python3.10/site-packages/airflow/example_dags/example_branch_labels.py
[2022-06-06 00:10:00,186] {processor.py:651} INFO - DAG(s) dict_keys(['example_branch_labels']) retrieved from /home/oury/.local/lib/python3.10/site-packages/airflow/example_dags/example_branch_labels.py
[2022-06-06 00:10:00,202] {logging_mixin.py:115} INFO - [2022-06-06 00:10:00,202] {dag.py:2379} INFO - Sync 1 DAGs
[2022-06-06 00:10:00,221] {logging_mixin.py:115} INFO - [2022-06-06 00:10:00,221] {dag.py:2923} INFO - Setting next_dagrun for example_branch_labels to 2022-06-04T00:00:00+00:00, run_after=2022-06-05T00:00:00+00:00
[2022-06-06 00:10:00,235] {processor.py:161} INFO - Processing /home/oury/.local/lib/python3.10/site-packages/airflow/example_dags/example_branch_labels.py took 0.060 seconds
[2022-06-06 00:10:32,313] {processor.py:153} INFO - Started process (PID=53304) to work on /home/oury/.local/lib/python3.10/site-packages/airflow/example_dags/example_branch_labels.py
[2022-06-06 00:10:32,313] {processor.py:641} INFO - Processing file /home/oury/.local/lib/python3.10/site-packages/airflow/example_dags/example_branch_labels.py for tasks to queue
[2022-06-06 00:10:32,314] {logging_mixin.py:115} INFO - [2022-06-06 00:10:32,314] {dagbag.py:507} INFO - Filling up the DagBag from /home/oury/.local/lib/python3.10/site-packages/airflow/example_dags/example_branch_labels.py
[2022-06-06 00:10:32,320] {processor.py:651} INFO - DAG(s) dict_keys(['example_branch_labels']) retrieved from /home/oury/.local/lib/python3.10/site-packages/airflow/example_dags/example_branch_labels.py
[2022-06-06 00:10:32,334] {logging_mixin.py:115} INFO - [2022-06-06 00:10:32,333] {dag.py:2379} INFO - Sync 1 DAGs
[2022-06-06 00:10:32,350] {logging_mixin.py:115} INFO - [2022-06-06 00:10:32,350] {dag.py:2923} INFO - Setting next_dagrun for example_branch_labels to 2022-06-04T00:00:00+00:00, run_after=2022-06-05T00:00:00+00:00
[2022-06-06 00:10:32,364] {processor.py:161} INFO - Processing /home/oury/.local/lib/python3.10/site-packages/airflow/example_dags/example_branch_labels.py took 0.054 seconds
[2022-06-06 00:11:07,191] {processor.py:153} INFO - Started process (PID=53416) to work on /home/oury/.local/lib/python3.10/site-packages/airflow/example_dags/example_branch_labels.py
[2022-06-06 00:11:07,192] {processor.py:641} INFO - Processing file /home/oury/.local/lib/python3.10/site-packages/airflow/example_dags/example_branch_labels.py for tasks to queue
[2022-06-06 00:11:07,193] {logging_mixin.py:115} INFO - [2022-06-06 00:11:07,193] {dagbag.py:507} INFO - Filling up the DagBag from /home/oury/.local/lib/python3.10/site-packages/airflow/example_dags/example_branch_labels.py
[2022-06-06 00:11:07,201] {processor.py:651} INFO - DAG(s) dict_keys(['example_branch_labels']) retrieved from /home/oury/.local/lib/python3.10/site-packages/airflow/example_dags/example_branch_labels.py
[2022-06-06 00:11:07,221] {logging_mixin.py:115} INFO - [2022-06-06 00:11:07,221] {dag.py:2379} INFO - Sync 1 DAGs
[2022-06-06 00:11:07,248] {logging_mixin.py:115} INFO - [2022-06-06 00:11:07,248] {dag.py:2923} INFO - Setting next_dagrun for example_branch_labels to 2022-06-04T00:00:00+00:00, run_after=2022-06-05T00:00:00+00:00
[2022-06-06 00:11:07,269] {processor.py:161} INFO - Processing /home/oury/.local/lib/python3.10/site-packages/airflow/example_dags/example_branch_labels.py took 0.080 seconds
[2022-06-06 00:11:46,261] {processor.py:153} INFO - Started process (PID=53596) to work on /home/oury/.local/lib/python3.10/site-packages/airflow/example_dags/example_branch_labels.py
[2022-06-06 00:11:46,262] {processor.py:641} INFO - Processing file /home/oury/.local/lib/python3.10/site-packages/airflow/example_dags/example_branch_labels.py for tasks to queue
[2022-06-06 00:11:46,262] {logging_mixin.py:115} INFO - [2022-06-06 00:11:46,262] {dagbag.py:507} INFO - Filling up the DagBag from /home/oury/.local/lib/python3.10/site-packages/airflow/example_dags/example_branch_labels.py
[2022-06-06 00:11:46,268] {processor.py:651} INFO - DAG(s) dict_keys(['example_branch_labels']) retrieved from /home/oury/.local/lib/python3.10/site-packages/airflow/example_dags/example_branch_labels.py
[2022-06-06 00:11:46,281] {logging_mixin.py:115} INFO - [2022-06-06 00:11:46,281] {dag.py:2379} INFO - Sync 1 DAGs
[2022-06-06 00:11:46,300] {logging_mixin.py:115} INFO - [2022-06-06 00:11:46,300] {dag.py:2923} INFO - Setting next_dagrun for example_branch_labels to 2022-06-04T00:00:00+00:00, run_after=2022-06-05T00:00:00+00:00
[2022-06-06 00:11:46,315] {processor.py:161} INFO - Processing /home/oury/.local/lib/python3.10/site-packages/airflow/example_dags/example_branch_labels.py took 0.056 seconds
[2022-06-06 00:12:24,277] {processor.py:153} INFO - Started process (PID=53679) to work on /home/oury/.local/lib/python3.10/site-packages/airflow/example_dags/example_branch_labels.py
[2022-06-06 00:12:24,278] {processor.py:641} INFO - Processing file /home/oury/.local/lib/python3.10/site-packages/airflow/example_dags/example_branch_labels.py for tasks to queue
[2022-06-06 00:12:24,278] {logging_mixin.py:115} INFO - [2022-06-06 00:12:24,278] {dagbag.py:507} INFO - Filling up the DagBag from /home/oury/.local/lib/python3.10/site-packages/airflow/example_dags/example_branch_labels.py
[2022-06-06 00:12:24,283] {processor.py:651} INFO - DAG(s) dict_keys(['example_branch_labels']) retrieved from /home/oury/.local/lib/python3.10/site-packages/airflow/example_dags/example_branch_labels.py
[2022-06-06 00:12:24,297] {logging_mixin.py:115} INFO - [2022-06-06 00:12:24,297] {dag.py:2379} INFO - Sync 1 DAGs
[2022-06-06 00:12:24,314] {logging_mixin.py:115} INFO - [2022-06-06 00:12:24,314] {dag.py:2923} INFO - Setting next_dagrun for example_branch_labels to 2022-06-04T00:00:00+00:00, run_after=2022-06-05T00:00:00+00:00
[2022-06-06 00:12:24,328] {processor.py:161} INFO - Processing /home/oury/.local/lib/python3.10/site-packages/airflow/example_dags/example_branch_labels.py took 0.054 seconds
[2022-06-06 00:15:42,686] {processor.py:153} INFO - Started process (PID=54295) to work on /home/oury/.local/lib/python3.10/site-packages/airflow/example_dags/example_branch_labels.py
[2022-06-06 00:15:42,687] {processor.py:641} INFO - Processing file /home/oury/.local/lib/python3.10/site-packages/airflow/example_dags/example_branch_labels.py for tasks to queue
[2022-06-06 00:15:42,687] {logging_mixin.py:115} INFO - [2022-06-06 00:15:42,687] {dagbag.py:507} INFO - Filling up the DagBag from /home/oury/.local/lib/python3.10/site-packages/airflow/example_dags/example_branch_labels.py
[2022-06-06 00:15:42,694] {processor.py:651} INFO - DAG(s) dict_keys(['example_branch_labels']) retrieved from /home/oury/.local/lib/python3.10/site-packages/airflow/example_dags/example_branch_labels.py
[2022-06-06 00:15:42,710] {logging_mixin.py:115} INFO - [2022-06-06 00:15:42,710] {dag.py:2379} INFO - Sync 1 DAGs
[2022-06-06 00:15:42,729] {logging_mixin.py:115} INFO - [2022-06-06 00:15:42,729] {dag.py:2923} INFO - Setting next_dagrun for example_branch_labels to 2022-06-04T00:00:00+00:00, run_after=2022-06-05T00:00:00+00:00
[2022-06-06 00:15:42,745] {processor.py:161} INFO - Processing /home/oury/.local/lib/python3.10/site-packages/airflow/example_dags/example_branch_labels.py took 0.062 seconds
[2022-06-06 00:17:07,754] {processor.py:153} INFO - Started process (PID=55298) to work on /home/oury/.local/lib/python3.10/site-packages/airflow/example_dags/example_branch_labels.py
[2022-06-06 00:17:07,755] {processor.py:641} INFO - Processing file /home/oury/.local/lib/python3.10/site-packages/airflow/example_dags/example_branch_labels.py for tasks to queue
[2022-06-06 00:17:07,757] {logging_mixin.py:115} INFO - [2022-06-06 00:17:07,757] {dagbag.py:507} INFO - Filling up the DagBag from /home/oury/.local/lib/python3.10/site-packages/airflow/example_dags/example_branch_labels.py
[2022-06-06 00:17:07,765] {processor.py:651} INFO - DAG(s) dict_keys(['example_branch_labels']) retrieved from /home/oury/.local/lib/python3.10/site-packages/airflow/example_dags/example_branch_labels.py
[2022-06-06 00:17:07,796] {logging_mixin.py:115} INFO - [2022-06-06 00:17:07,795] {dag.py:2379} INFO - Sync 1 DAGs
[2022-06-06 00:17:07,821] {logging_mixin.py:115} INFO - [2022-06-06 00:17:07,821] {dag.py:2923} INFO - Setting next_dagrun for example_branch_labels to 2022-06-04T00:00:00+00:00, run_after=2022-06-05T00:00:00+00:00
[2022-06-06 00:17:07,847] {processor.py:161} INFO - Processing /home/oury/.local/lib/python3.10/site-packages/airflow/example_dags/example_branch_labels.py took 0.097 seconds
[2022-06-06 00:18:10,999] {processor.py:153} INFO - Started process (PID=55874) to work on /home/oury/.local/lib/python3.10/site-packages/airflow/example_dags/example_branch_labels.py
[2022-06-06 00:18:11,000] {processor.py:641} INFO - Processing file /home/oury/.local/lib/python3.10/site-packages/airflow/example_dags/example_branch_labels.py for tasks to queue
[2022-06-06 00:18:11,000] {logging_mixin.py:115} INFO - [2022-06-06 00:18:11,000] {dagbag.py:507} INFO - Filling up the DagBag from /home/oury/.local/lib/python3.10/site-packages/airflow/example_dags/example_branch_labels.py
[2022-06-06 00:18:11,006] {processor.py:651} INFO - DAG(s) dict_keys(['example_branch_labels']) retrieved from /home/oury/.local/lib/python3.10/site-packages/airflow/example_dags/example_branch_labels.py
[2022-06-06 00:18:11,021] {logging_mixin.py:115} INFO - [2022-06-06 00:18:11,021] {dag.py:2379} INFO - Sync 1 DAGs
[2022-06-06 00:18:11,043] {logging_mixin.py:115} INFO - [2022-06-06 00:18:11,043] {dag.py:2923} INFO - Setting next_dagrun for example_branch_labels to 2022-06-04T00:00:00+00:00, run_after=2022-06-05T00:00:00+00:00
[2022-06-06 00:18:11,056] {processor.py:161} INFO - Processing /home/oury/.local/lib/python3.10/site-packages/airflow/example_dags/example_branch_labels.py took 0.060 seconds
[2022-06-06 00:18:53,330] {processor.py:153} INFO - Started process (PID=56214) to work on /home/oury/.local/lib/python3.10/site-packages/airflow/example_dags/example_branch_labels.py
[2022-06-06 00:18:53,331] {processor.py:641} INFO - Processing file /home/oury/.local/lib/python3.10/site-packages/airflow/example_dags/example_branch_labels.py for tasks to queue
[2022-06-06 00:18:53,331] {logging_mixin.py:115} INFO - [2022-06-06 00:18:53,331] {dagbag.py:507} INFO - Filling up the DagBag from /home/oury/.local/lib/python3.10/site-packages/airflow/example_dags/example_branch_labels.py
[2022-06-06 00:18:53,336] {processor.py:651} INFO - DAG(s) dict_keys(['example_branch_labels']) retrieved from /home/oury/.local/lib/python3.10/site-packages/airflow/example_dags/example_branch_labels.py
[2022-06-06 00:18:53,349] {logging_mixin.py:115} INFO - [2022-06-06 00:18:53,349] {dag.py:2379} INFO - Sync 1 DAGs
[2022-06-06 00:18:53,365] {logging_mixin.py:115} INFO - [2022-06-06 00:18:53,365] {dag.py:2923} INFO - Setting next_dagrun for example_branch_labels to 2022-06-04T00:00:00+00:00, run_after=2022-06-05T00:00:00+00:00
[2022-06-06 00:18:53,379] {processor.py:161} INFO - Processing /home/oury/.local/lib/python3.10/site-packages/airflow/example_dags/example_branch_labels.py took 0.051 seconds
[2022-06-06 00:19:37,825] {processor.py:153} INFO - Started process (PID=56461) to work on /home/oury/.local/lib/python3.10/site-packages/airflow/example_dags/example_branch_labels.py
[2022-06-06 00:19:37,826] {processor.py:641} INFO - Processing file /home/oury/.local/lib/python3.10/site-packages/airflow/example_dags/example_branch_labels.py for tasks to queue
[2022-06-06 00:19:37,826] {logging_mixin.py:115} INFO - [2022-06-06 00:19:37,826] {dagbag.py:507} INFO - Filling up the DagBag from /home/oury/.local/lib/python3.10/site-packages/airflow/example_dags/example_branch_labels.py
[2022-06-06 00:19:37,831] {processor.py:651} INFO - DAG(s) dict_keys(['example_branch_labels']) retrieved from /home/oury/.local/lib/python3.10/site-packages/airflow/example_dags/example_branch_labels.py
[2022-06-06 00:19:37,844] {logging_mixin.py:115} INFO - [2022-06-06 00:19:37,844] {dag.py:2379} INFO - Sync 1 DAGs
[2022-06-06 00:19:37,860] {logging_mixin.py:115} INFO - [2022-06-06 00:19:37,859] {dag.py:2923} INFO - Setting next_dagrun for example_branch_labels to 2022-06-04T00:00:00+00:00, run_after=2022-06-05T00:00:00+00:00
[2022-06-06 00:19:37,873] {processor.py:161} INFO - Processing /home/oury/.local/lib/python3.10/site-packages/airflow/example_dags/example_branch_labels.py took 0.050 seconds
