[2022-06-06 00:09:16,441] {processor.py:153} INFO - Started process (PID=52869) to work on /home/oury/.local/lib/python3.10/site-packages/airflow/example_dags/example_external_task_marker_dag.py
[2022-06-06 00:09:16,441] {processor.py:641} INFO - Processing file /home/oury/.local/lib/python3.10/site-packages/airflow/example_dags/example_external_task_marker_dag.py for tasks to queue
[2022-06-06 00:09:16,442] {logging_mixin.py:115} INFO - [2022-06-06 00:09:16,442] {dagbag.py:507} INFO - Filling up the DagBag from /home/oury/.local/lib/python3.10/site-packages/airflow/example_dags/example_external_task_marker_dag.py
[2022-06-06 00:09:16,446] {processor.py:651} INFO - DAG(s) dict_keys(['example_external_task_marker_parent', 'example_external_task_marker_child']) retrieved from /home/oury/.local/lib/python3.10/site-packages/airflow/example_dags/example_external_task_marker_dag.py
[2022-06-06 00:09:16,481] {logging_mixin.py:115} INFO - [2022-06-06 00:09:16,481] {dag.py:2379} INFO - Sync 2 DAGs
[2022-06-06 00:09:16,502] {logging_mixin.py:115} INFO - [2022-06-06 00:09:16,501] {dag.py:2923} INFO - Setting next_dagrun for example_external_task_marker_child to None, run_after=None
[2022-06-06 00:09:16,502] {logging_mixin.py:115} INFO - [2022-06-06 00:09:16,502] {dag.py:2923} INFO - Setting next_dagrun for example_external_task_marker_parent to None, run_after=None
[2022-06-06 00:09:16,515] {processor.py:161} INFO - Processing /home/oury/.local/lib/python3.10/site-packages/airflow/example_dags/example_external_task_marker_dag.py took 0.077 seconds
[2022-06-06 00:09:51,610] {processor.py:153} INFO - Started process (PID=53052) to work on /home/oury/.local/lib/python3.10/site-packages/airflow/example_dags/example_external_task_marker_dag.py
[2022-06-06 00:09:51,610] {processor.py:641} INFO - Processing file /home/oury/.local/lib/python3.10/site-packages/airflow/example_dags/example_external_task_marker_dag.py for tasks to queue
[2022-06-06 00:09:51,611] {logging_mixin.py:115} INFO - [2022-06-06 00:09:51,611] {dagbag.py:507} INFO - Filling up the DagBag from /home/oury/.local/lib/python3.10/site-packages/airflow/example_dags/example_external_task_marker_dag.py
[2022-06-06 00:09:51,615] {processor.py:651} INFO - DAG(s) dict_keys(['example_external_task_marker_parent', 'example_external_task_marker_child']) retrieved from /home/oury/.local/lib/python3.10/site-packages/airflow/example_dags/example_external_task_marker_dag.py
[2022-06-06 00:09:51,643] {logging_mixin.py:115} INFO - [2022-06-06 00:09:51,643] {dag.py:2379} INFO - Sync 2 DAGs
[2022-06-06 00:09:51,663] {logging_mixin.py:115} INFO - [2022-06-06 00:09:51,663] {dag.py:2923} INFO - Setting next_dagrun for example_external_task_marker_child to None, run_after=None
[2022-06-06 00:09:51,663] {logging_mixin.py:115} INFO - [2022-06-06 00:09:51,663] {dag.py:2923} INFO - Setting next_dagrun for example_external_task_marker_parent to None, run_after=None
[2022-06-06 00:09:51,675] {processor.py:161} INFO - Processing /home/oury/.local/lib/python3.10/site-packages/airflow/example_dags/example_external_task_marker_dag.py took 0.069 seconds
[2022-06-06 00:10:24,795] {processor.py:153} INFO - Started process (PID=53226) to work on /home/oury/.local/lib/python3.10/site-packages/airflow/example_dags/example_external_task_marker_dag.py
[2022-06-06 00:10:24,795] {processor.py:641} INFO - Processing file /home/oury/.local/lib/python3.10/site-packages/airflow/example_dags/example_external_task_marker_dag.py for tasks to queue
[2022-06-06 00:10:24,796] {logging_mixin.py:115} INFO - [2022-06-06 00:10:24,796] {dagbag.py:507} INFO - Filling up the DagBag from /home/oury/.local/lib/python3.10/site-packages/airflow/example_dags/example_external_task_marker_dag.py
[2022-06-06 00:10:24,801] {processor.py:651} INFO - DAG(s) dict_keys(['example_external_task_marker_parent', 'example_external_task_marker_child']) retrieved from /home/oury/.local/lib/python3.10/site-packages/airflow/example_dags/example_external_task_marker_dag.py
[2022-06-06 00:10:24,830] {logging_mixin.py:115} INFO - [2022-06-06 00:10:24,830] {dag.py:2379} INFO - Sync 2 DAGs
[2022-06-06 00:10:24,850] {logging_mixin.py:115} INFO - [2022-06-06 00:10:24,850] {dag.py:2923} INFO - Setting next_dagrun for example_external_task_marker_child to None, run_after=None
[2022-06-06 00:10:24,851] {logging_mixin.py:115} INFO - [2022-06-06 00:10:24,850] {dag.py:2923} INFO - Setting next_dagrun for example_external_task_marker_parent to None, run_after=None
[2022-06-06 00:10:24,863] {processor.py:161} INFO - Processing /home/oury/.local/lib/python3.10/site-packages/airflow/example_dags/example_external_task_marker_dag.py took 0.071 seconds
[2022-06-06 00:10:59,754] {processor.py:153} INFO - Started process (PID=53338) to work on /home/oury/.local/lib/python3.10/site-packages/airflow/example_dags/example_external_task_marker_dag.py
[2022-06-06 00:10:59,755] {processor.py:641} INFO - Processing file /home/oury/.local/lib/python3.10/site-packages/airflow/example_dags/example_external_task_marker_dag.py for tasks to queue
[2022-06-06 00:10:59,755] {logging_mixin.py:115} INFO - [2022-06-06 00:10:59,755] {dagbag.py:507} INFO - Filling up the DagBag from /home/oury/.local/lib/python3.10/site-packages/airflow/example_dags/example_external_task_marker_dag.py
[2022-06-06 00:10:59,759] {processor.py:651} INFO - DAG(s) dict_keys(['example_external_task_marker_parent', 'example_external_task_marker_child']) retrieved from /home/oury/.local/lib/python3.10/site-packages/airflow/example_dags/example_external_task_marker_dag.py
[2022-06-06 00:10:59,789] {logging_mixin.py:115} INFO - [2022-06-06 00:10:59,789] {dag.py:2379} INFO - Sync 2 DAGs
[2022-06-06 00:10:59,807] {logging_mixin.py:115} INFO - [2022-06-06 00:10:59,807] {dag.py:2923} INFO - Setting next_dagrun for example_external_task_marker_child to None, run_after=None
[2022-06-06 00:10:59,807] {logging_mixin.py:115} INFO - [2022-06-06 00:10:59,807] {dag.py:2923} INFO - Setting next_dagrun for example_external_task_marker_parent to None, run_after=None
[2022-06-06 00:10:59,818] {processor.py:161} INFO - Processing /home/oury/.local/lib/python3.10/site-packages/airflow/example_dags/example_external_task_marker_dag.py took 0.067 seconds
[2022-06-06 00:11:34,581] {processor.py:153} INFO - Started process (PID=53535) to work on /home/oury/.local/lib/python3.10/site-packages/airflow/example_dags/example_external_task_marker_dag.py
[2022-06-06 00:11:34,583] {processor.py:641} INFO - Processing file /home/oury/.local/lib/python3.10/site-packages/airflow/example_dags/example_external_task_marker_dag.py for tasks to queue
[2022-06-06 00:11:34,584] {logging_mixin.py:115} INFO - [2022-06-06 00:11:34,583] {dagbag.py:507} INFO - Filling up the DagBag from /home/oury/.local/lib/python3.10/site-packages/airflow/example_dags/example_external_task_marker_dag.py
[2022-06-06 00:11:34,596] {processor.py:651} INFO - DAG(s) dict_keys(['example_external_task_marker_parent', 'example_external_task_marker_child']) retrieved from /home/oury/.local/lib/python3.10/site-packages/airflow/example_dags/example_external_task_marker_dag.py
[2022-06-06 00:11:34,657] {logging_mixin.py:115} INFO - [2022-06-06 00:11:34,657] {dag.py:2379} INFO - Sync 2 DAGs
[2022-06-06 00:11:34,691] {logging_mixin.py:115} INFO - [2022-06-06 00:11:34,691] {dag.py:2923} INFO - Setting next_dagrun for example_external_task_marker_child to None, run_after=None
[2022-06-06 00:11:34,691] {logging_mixin.py:115} INFO - [2022-06-06 00:11:34,691] {dag.py:2923} INFO - Setting next_dagrun for example_external_task_marker_parent to None, run_after=None
[2022-06-06 00:11:34,762] {processor.py:161} INFO - Processing /home/oury/.local/lib/python3.10/site-packages/airflow/example_dags/example_external_task_marker_dag.py took 0.185 seconds
[2022-06-06 00:12:10,285] {processor.py:153} INFO - Started process (PID=53632) to work on /home/oury/.local/lib/python3.10/site-packages/airflow/example_dags/example_external_task_marker_dag.py
[2022-06-06 00:12:10,286] {processor.py:641} INFO - Processing file /home/oury/.local/lib/python3.10/site-packages/airflow/example_dags/example_external_task_marker_dag.py for tasks to queue
[2022-06-06 00:12:10,286] {logging_mixin.py:115} INFO - [2022-06-06 00:12:10,286] {dagbag.py:507} INFO - Filling up the DagBag from /home/oury/.local/lib/python3.10/site-packages/airflow/example_dags/example_external_task_marker_dag.py
[2022-06-06 00:12:10,290] {processor.py:651} INFO - DAG(s) dict_keys(['example_external_task_marker_parent', 'example_external_task_marker_child']) retrieved from /home/oury/.local/lib/python3.10/site-packages/airflow/example_dags/example_external_task_marker_dag.py
[2022-06-06 00:12:10,317] {logging_mixin.py:115} INFO - [2022-06-06 00:12:10,317] {dag.py:2379} INFO - Sync 2 DAGs
[2022-06-06 00:12:10,336] {logging_mixin.py:115} INFO - [2022-06-06 00:12:10,336] {dag.py:2923} INFO - Setting next_dagrun for example_external_task_marker_child to None, run_after=None
[2022-06-06 00:12:10,336] {logging_mixin.py:115} INFO - [2022-06-06 00:12:10,336] {dag.py:2923} INFO - Setting next_dagrun for example_external_task_marker_parent to None, run_after=None
[2022-06-06 00:12:10,348] {processor.py:161} INFO - Processing /home/oury/.local/lib/python3.10/site-packages/airflow/example_dags/example_external_task_marker_dag.py took 0.065 seconds
[2022-06-06 00:15:35,191] {processor.py:153} INFO - Started process (PID=54267) to work on /home/oury/.local/lib/python3.10/site-packages/airflow/example_dags/example_external_task_marker_dag.py
[2022-06-06 00:15:35,192] {processor.py:641} INFO - Processing file /home/oury/.local/lib/python3.10/site-packages/airflow/example_dags/example_external_task_marker_dag.py for tasks to queue
[2022-06-06 00:15:35,193] {logging_mixin.py:115} INFO - [2022-06-06 00:15:35,193] {dagbag.py:507} INFO - Filling up the DagBag from /home/oury/.local/lib/python3.10/site-packages/airflow/example_dags/example_external_task_marker_dag.py
[2022-06-06 00:15:35,198] {processor.py:651} INFO - DAG(s) dict_keys(['example_external_task_marker_parent', 'example_external_task_marker_child']) retrieved from /home/oury/.local/lib/python3.10/site-packages/airflow/example_dags/example_external_task_marker_dag.py
[2022-06-06 00:15:35,233] {logging_mixin.py:115} INFO - [2022-06-06 00:15:35,233] {dag.py:2379} INFO - Sync 2 DAGs
[2022-06-06 00:15:35,265] {logging_mixin.py:115} INFO - [2022-06-06 00:15:35,265] {dag.py:2923} INFO - Setting next_dagrun for example_external_task_marker_child to None, run_after=None
[2022-06-06 00:15:35,266] {logging_mixin.py:115} INFO - [2022-06-06 00:15:35,266] {dag.py:2923} INFO - Setting next_dagrun for example_external_task_marker_parent to None, run_after=None
[2022-06-06 00:15:35,289] {processor.py:161} INFO - Processing /home/oury/.local/lib/python3.10/site-packages/airflow/example_dags/example_external_task_marker_dag.py took 0.101 seconds
[2022-06-06 00:16:28,903] {processor.py:153} INFO - Started process (PID=54848) to work on /home/oury/.local/lib/python3.10/site-packages/airflow/example_dags/example_external_task_marker_dag.py
[2022-06-06 00:16:28,903] {processor.py:641} INFO - Processing file /home/oury/.local/lib/python3.10/site-packages/airflow/example_dags/example_external_task_marker_dag.py for tasks to queue
[2022-06-06 00:16:28,904] {logging_mixin.py:115} INFO - [2022-06-06 00:16:28,904] {dagbag.py:507} INFO - Filling up the DagBag from /home/oury/.local/lib/python3.10/site-packages/airflow/example_dags/example_external_task_marker_dag.py
[2022-06-06 00:16:28,910] {processor.py:651} INFO - DAG(s) dict_keys(['example_external_task_marker_parent', 'example_external_task_marker_child']) retrieved from /home/oury/.local/lib/python3.10/site-packages/airflow/example_dags/example_external_task_marker_dag.py
[2022-06-06 00:16:28,939] {logging_mixin.py:115} INFO - [2022-06-06 00:16:28,939] {dag.py:2379} INFO - Sync 2 DAGs
[2022-06-06 00:16:28,960] {logging_mixin.py:115} INFO - [2022-06-06 00:16:28,960] {dag.py:2923} INFO - Setting next_dagrun for example_external_task_marker_child to None, run_after=None
[2022-06-06 00:16:28,960] {logging_mixin.py:115} INFO - [2022-06-06 00:16:28,960] {dag.py:2923} INFO - Setting next_dagrun for example_external_task_marker_parent to None, run_after=None
[2022-06-06 00:16:28,973] {processor.py:161} INFO - Processing /home/oury/.local/lib/python3.10/site-packages/airflow/example_dags/example_external_task_marker_dag.py took 0.073 seconds
[2022-06-06 00:17:42,723] {processor.py:153} INFO - Started process (PID=55645) to work on /home/oury/.local/lib/python3.10/site-packages/airflow/example_dags/example_external_task_marker_dag.py
[2022-06-06 00:17:42,724] {processor.py:641} INFO - Processing file /home/oury/.local/lib/python3.10/site-packages/airflow/example_dags/example_external_task_marker_dag.py for tasks to queue
[2022-06-06 00:17:42,725] {logging_mixin.py:115} INFO - [2022-06-06 00:17:42,725] {dagbag.py:507} INFO - Filling up the DagBag from /home/oury/.local/lib/python3.10/site-packages/airflow/example_dags/example_external_task_marker_dag.py
[2022-06-06 00:17:42,728] {processor.py:651} INFO - DAG(s) dict_keys(['example_external_task_marker_parent', 'example_external_task_marker_child']) retrieved from /home/oury/.local/lib/python3.10/site-packages/airflow/example_dags/example_external_task_marker_dag.py
[2022-06-06 00:17:42,754] {logging_mixin.py:115} INFO - [2022-06-06 00:17:42,753] {dag.py:2379} INFO - Sync 2 DAGs
[2022-06-06 00:17:42,771] {logging_mixin.py:115} INFO - [2022-06-06 00:17:42,771] {dag.py:2923} INFO - Setting next_dagrun for example_external_task_marker_child to None, run_after=None
[2022-06-06 00:17:42,771] {logging_mixin.py:115} INFO - [2022-06-06 00:17:42,771] {dag.py:2923} INFO - Setting next_dagrun for example_external_task_marker_parent to None, run_after=None
[2022-06-06 00:17:42,781] {processor.py:161} INFO - Processing /home/oury/.local/lib/python3.10/site-packages/airflow/example_dags/example_external_task_marker_dag.py took 0.061 seconds
[2022-06-06 00:18:36,137] {processor.py:153} INFO - Started process (PID=56161) to work on /home/oury/.local/lib/python3.10/site-packages/airflow/example_dags/example_external_task_marker_dag.py
[2022-06-06 00:18:36,137] {processor.py:641} INFO - Processing file /home/oury/.local/lib/python3.10/site-packages/airflow/example_dags/example_external_task_marker_dag.py for tasks to queue
[2022-06-06 00:18:36,138] {logging_mixin.py:115} INFO - [2022-06-06 00:18:36,138] {dagbag.py:507} INFO - Filling up the DagBag from /home/oury/.local/lib/python3.10/site-packages/airflow/example_dags/example_external_task_marker_dag.py
[2022-06-06 00:18:36,141] {processor.py:651} INFO - DAG(s) dict_keys(['example_external_task_marker_parent', 'example_external_task_marker_child']) retrieved from /home/oury/.local/lib/python3.10/site-packages/airflow/example_dags/example_external_task_marker_dag.py
[2022-06-06 00:18:36,177] {logging_mixin.py:115} INFO - [2022-06-06 00:18:36,177] {dag.py:2379} INFO - Sync 2 DAGs
[2022-06-06 00:18:36,194] {logging_mixin.py:115} INFO - [2022-06-06 00:18:36,194] {dag.py:2923} INFO - Setting next_dagrun for example_external_task_marker_child to None, run_after=None
[2022-06-06 00:18:36,195] {logging_mixin.py:115} INFO - [2022-06-06 00:18:36,194] {dag.py:2923} INFO - Setting next_dagrun for example_external_task_marker_parent to None, run_after=None
[2022-06-06 00:18:36,208] {processor.py:161} INFO - Processing /home/oury/.local/lib/python3.10/site-packages/airflow/example_dags/example_external_task_marker_dag.py took 0.074 seconds
[2022-06-06 00:19:15,065] {processor.py:153} INFO - Started process (PID=56428) to work on /home/oury/.local/lib/python3.10/site-packages/airflow/example_dags/example_external_task_marker_dag.py
[2022-06-06 00:19:15,065] {processor.py:641} INFO - Processing file /home/oury/.local/lib/python3.10/site-packages/airflow/example_dags/example_external_task_marker_dag.py for tasks to queue
[2022-06-06 00:19:15,065] {logging_mixin.py:115} INFO - [2022-06-06 00:19:15,065] {dagbag.py:507} INFO - Filling up the DagBag from /home/oury/.local/lib/python3.10/site-packages/airflow/example_dags/example_external_task_marker_dag.py
[2022-06-06 00:19:15,070] {processor.py:651} INFO - DAG(s) dict_keys(['example_external_task_marker_parent', 'example_external_task_marker_child']) retrieved from /home/oury/.local/lib/python3.10/site-packages/airflow/example_dags/example_external_task_marker_dag.py
[2022-06-06 00:19:15,096] {logging_mixin.py:115} INFO - [2022-06-06 00:19:15,096] {dag.py:2379} INFO - Sync 2 DAGs
[2022-06-06 00:19:15,113] {logging_mixin.py:115} INFO - [2022-06-06 00:19:15,113] {dag.py:2923} INFO - Setting next_dagrun for example_external_task_marker_child to None, run_after=None
[2022-06-06 00:19:15,113] {logging_mixin.py:115} INFO - [2022-06-06 00:19:15,113] {dag.py:2923} INFO - Setting next_dagrun for example_external_task_marker_parent to None, run_after=None
[2022-06-06 00:19:15,124] {processor.py:161} INFO - Processing /home/oury/.local/lib/python3.10/site-packages/airflow/example_dags/example_external_task_marker_dag.py took 0.062 seconds
[2022-06-06 00:19:54,268] {processor.py:153} INFO - Started process (PID=56490) to work on /home/oury/.local/lib/python3.10/site-packages/airflow/example_dags/example_external_task_marker_dag.py
[2022-06-06 00:19:54,269] {processor.py:641} INFO - Processing file /home/oury/.local/lib/python3.10/site-packages/airflow/example_dags/example_external_task_marker_dag.py for tasks to queue
[2022-06-06 00:19:54,269] {logging_mixin.py:115} INFO - [2022-06-06 00:19:54,269] {dagbag.py:507} INFO - Filling up the DagBag from /home/oury/.local/lib/python3.10/site-packages/airflow/example_dags/example_external_task_marker_dag.py
[2022-06-06 00:19:54,273] {processor.py:651} INFO - DAG(s) dict_keys(['example_external_task_marker_parent', 'example_external_task_marker_child']) retrieved from /home/oury/.local/lib/python3.10/site-packages/airflow/example_dags/example_external_task_marker_dag.py
[2022-06-06 00:19:54,298] {logging_mixin.py:115} INFO - [2022-06-06 00:19:54,297] {dag.py:2379} INFO - Sync 2 DAGs
[2022-06-06 00:19:54,315] {logging_mixin.py:115} INFO - [2022-06-06 00:19:54,314] {dag.py:2923} INFO - Setting next_dagrun for example_external_task_marker_child to None, run_after=None
[2022-06-06 00:19:54,315] {logging_mixin.py:115} INFO - [2022-06-06 00:19:54,315] {dag.py:2923} INFO - Setting next_dagrun for example_external_task_marker_parent to None, run_after=None
[2022-06-06 00:19:54,326] {processor.py:161} INFO - Processing /home/oury/.local/lib/python3.10/site-packages/airflow/example_dags/example_external_task_marker_dag.py took 0.060 seconds
