[2022-06-06 00:09:07,272] {processor.py:153} INFO - Started process (PID=52855) to work on /home/oury/.local/lib/python3.10/site-packages/airflow/example_dags/tutorial.py
[2022-06-06 00:09:07,273] {processor.py:641} INFO - Processing file /home/oury/.local/lib/python3.10/site-packages/airflow/example_dags/tutorial.py for tasks to queue
[2022-06-06 00:09:07,273] {logging_mixin.py:115} INFO - [2022-06-06 00:09:07,273] {dagbag.py:507} INFO - Filling up the DagBag from /home/oury/.local/lib/python3.10/site-packages/airflow/example_dags/tutorial.py
[2022-06-06 00:09:07,280] {processor.py:651} INFO - DAG(s) dict_keys(['tutorial']) retrieved from /home/oury/.local/lib/python3.10/site-packages/airflow/example_dags/tutorial.py
[2022-06-06 00:09:07,297] {logging_mixin.py:115} INFO - [2022-06-06 00:09:07,297] {dag.py:2379} INFO - Sync 1 DAGs
[2022-06-06 00:09:07,315] {logging_mixin.py:115} INFO - [2022-06-06 00:09:07,315] {dag.py:2923} INFO - Setting next_dagrun for tutorial to 2022-06-04T23:09:07.314797+00:00, run_after=2022-06-05T23:09:07.314797+00:00
[2022-06-06 00:09:07,328] {processor.py:161} INFO - Processing /home/oury/.local/lib/python3.10/site-packages/airflow/example_dags/tutorial.py took 0.059 seconds
[2022-06-06 00:09:40,279] {processor.py:153} INFO - Started process (PID=52991) to work on /home/oury/.local/lib/python3.10/site-packages/airflow/example_dags/tutorial.py
[2022-06-06 00:09:40,279] {processor.py:641} INFO - Processing file /home/oury/.local/lib/python3.10/site-packages/airflow/example_dags/tutorial.py for tasks to queue
[2022-06-06 00:09:40,280] {logging_mixin.py:115} INFO - [2022-06-06 00:09:40,280] {dagbag.py:507} INFO - Filling up the DagBag from /home/oury/.local/lib/python3.10/site-packages/airflow/example_dags/tutorial.py
[2022-06-06 00:09:40,285] {processor.py:651} INFO - DAG(s) dict_keys(['tutorial']) retrieved from /home/oury/.local/lib/python3.10/site-packages/airflow/example_dags/tutorial.py
[2022-06-06 00:09:40,301] {logging_mixin.py:115} INFO - [2022-06-06 00:09:40,301] {dag.py:2379} INFO - Sync 1 DAGs
[2022-06-06 00:09:40,320] {logging_mixin.py:115} INFO - [2022-06-06 00:09:40,320] {dag.py:2923} INFO - Setting next_dagrun for tutorial to 2022-06-04T23:09:40.319789+00:00, run_after=2022-06-05T23:09:40.319789+00:00
[2022-06-06 00:09:40,337] {processor.py:161} INFO - Processing /home/oury/.local/lib/python3.10/site-packages/airflow/example_dags/tutorial.py took 0.061 seconds
[2022-06-06 00:10:14,598] {processor.py:153} INFO - Started process (PID=53161) to work on /home/oury/.local/lib/python3.10/site-packages/airflow/example_dags/tutorial.py
[2022-06-06 00:10:14,598] {processor.py:641} INFO - Processing file /home/oury/.local/lib/python3.10/site-packages/airflow/example_dags/tutorial.py for tasks to queue
[2022-06-06 00:10:14,599] {logging_mixin.py:115} INFO - [2022-06-06 00:10:14,599] {dagbag.py:507} INFO - Filling up the DagBag from /home/oury/.local/lib/python3.10/site-packages/airflow/example_dags/tutorial.py
[2022-06-06 00:10:14,604] {processor.py:651} INFO - DAG(s) dict_keys(['tutorial']) retrieved from /home/oury/.local/lib/python3.10/site-packages/airflow/example_dags/tutorial.py
[2022-06-06 00:10:14,617] {logging_mixin.py:115} INFO - [2022-06-06 00:10:14,617] {dag.py:2379} INFO - Sync 1 DAGs
[2022-06-06 00:10:14,633] {logging_mixin.py:115} INFO - [2022-06-06 00:10:14,633] {dag.py:2923} INFO - Setting next_dagrun for tutorial to 2022-06-04T23:10:14.633439+00:00, run_after=2022-06-05T23:10:14.633439+00:00
[2022-06-06 00:10:14,650] {processor.py:161} INFO - Processing /home/oury/.local/lib/python3.10/site-packages/airflow/example_dags/tutorial.py took 0.054 seconds
[2022-06-06 00:10:48,253] {processor.py:153} INFO - Started process (PID=53325) to work on /home/oury/.local/lib/python3.10/site-packages/airflow/example_dags/tutorial.py
[2022-06-06 00:10:48,254] {processor.py:641} INFO - Processing file /home/oury/.local/lib/python3.10/site-packages/airflow/example_dags/tutorial.py for tasks to queue
[2022-06-06 00:10:48,255] {logging_mixin.py:115} INFO - [2022-06-06 00:10:48,254] {dagbag.py:507} INFO - Filling up the DagBag from /home/oury/.local/lib/python3.10/site-packages/airflow/example_dags/tutorial.py
[2022-06-06 00:10:48,260] {processor.py:651} INFO - DAG(s) dict_keys(['tutorial']) retrieved from /home/oury/.local/lib/python3.10/site-packages/airflow/example_dags/tutorial.py
[2022-06-06 00:10:48,274] {logging_mixin.py:115} INFO - [2022-06-06 00:10:48,274] {dag.py:2379} INFO - Sync 1 DAGs
[2022-06-06 00:10:48,290] {logging_mixin.py:115} INFO - [2022-06-06 00:10:48,290] {dag.py:2923} INFO - Setting next_dagrun for tutorial to 2022-06-04T23:10:48.290603+00:00, run_after=2022-06-05T23:10:48.290603+00:00
[2022-06-06 00:10:48,306] {processor.py:161} INFO - Processing /home/oury/.local/lib/python3.10/site-packages/airflow/example_dags/tutorial.py took 0.055 seconds
[2022-06-06 00:11:23,150] {processor.py:153} INFO - Started process (PID=53505) to work on /home/oury/.local/lib/python3.10/site-packages/airflow/example_dags/tutorial.py
[2022-06-06 00:11:23,151] {processor.py:641} INFO - Processing file /home/oury/.local/lib/python3.10/site-packages/airflow/example_dags/tutorial.py for tasks to queue
[2022-06-06 00:11:23,151] {logging_mixin.py:115} INFO - [2022-06-06 00:11:23,151] {dagbag.py:507} INFO - Filling up the DagBag from /home/oury/.local/lib/python3.10/site-packages/airflow/example_dags/tutorial.py
[2022-06-06 00:11:23,156] {processor.py:651} INFO - DAG(s) dict_keys(['tutorial']) retrieved from /home/oury/.local/lib/python3.10/site-packages/airflow/example_dags/tutorial.py
[2022-06-06 00:11:23,172] {logging_mixin.py:115} INFO - [2022-06-06 00:11:23,172] {dag.py:2379} INFO - Sync 1 DAGs
[2022-06-06 00:11:23,190] {logging_mixin.py:115} INFO - [2022-06-06 00:11:23,189] {dag.py:2923} INFO - Setting next_dagrun for tutorial to 2022-06-04T23:11:23.189697+00:00, run_after=2022-06-05T23:11:23.189697+00:00
[2022-06-06 00:11:23,211] {processor.py:161} INFO - Processing /home/oury/.local/lib/python3.10/site-packages/airflow/example_dags/tutorial.py took 0.064 seconds
[2022-06-06 00:11:58,838] {processor.py:153} INFO - Started process (PID=53617) to work on /home/oury/.local/lib/python3.10/site-packages/airflow/example_dags/tutorial.py
[2022-06-06 00:11:58,839] {processor.py:641} INFO - Processing file /home/oury/.local/lib/python3.10/site-packages/airflow/example_dags/tutorial.py for tasks to queue
[2022-06-06 00:11:58,839] {logging_mixin.py:115} INFO - [2022-06-06 00:11:58,839] {dagbag.py:507} INFO - Filling up the DagBag from /home/oury/.local/lib/python3.10/site-packages/airflow/example_dags/tutorial.py
[2022-06-06 00:11:58,845] {processor.py:651} INFO - DAG(s) dict_keys(['tutorial']) retrieved from /home/oury/.local/lib/python3.10/site-packages/airflow/example_dags/tutorial.py
[2022-06-06 00:11:58,859] {logging_mixin.py:115} INFO - [2022-06-06 00:11:58,858] {dag.py:2379} INFO - Sync 1 DAGs
[2022-06-06 00:11:58,875] {logging_mixin.py:115} INFO - [2022-06-06 00:11:58,874] {dag.py:2923} INFO - Setting next_dagrun for tutorial to 2022-06-04T23:11:58.874641+00:00, run_after=2022-06-05T23:11:58.874641+00:00
[2022-06-06 00:11:58,889] {processor.py:161} INFO - Processing /home/oury/.local/lib/python3.10/site-packages/airflow/example_dags/tutorial.py took 0.053 seconds
[2022-06-06 00:12:30,972] {processor.py:153} INFO - Started process (PID=53726) to work on /home/oury/.local/lib/python3.10/site-packages/airflow/example_dags/tutorial.py
[2022-06-06 00:12:30,972] {processor.py:641} INFO - Processing file /home/oury/.local/lib/python3.10/site-packages/airflow/example_dags/tutorial.py for tasks to queue
[2022-06-06 00:12:30,973] {logging_mixin.py:115} INFO - [2022-06-06 00:12:30,973] {dagbag.py:507} INFO - Filling up the DagBag from /home/oury/.local/lib/python3.10/site-packages/airflow/example_dags/tutorial.py
[2022-06-06 00:12:30,984] {processor.py:651} INFO - DAG(s) dict_keys(['tutorial']) retrieved from /home/oury/.local/lib/python3.10/site-packages/airflow/example_dags/tutorial.py
[2022-06-06 00:12:31,006] {logging_mixin.py:115} INFO - [2022-06-06 00:12:31,006] {dag.py:2379} INFO - Sync 1 DAGs
[2022-06-06 00:12:31,042] {logging_mixin.py:115} INFO - [2022-06-06 00:12:31,042] {dag.py:2923} INFO - Setting next_dagrun for tutorial to 2022-06-04T23:12:31.042138+00:00, run_after=2022-06-05T23:12:31.042138+00:00
[2022-06-06 00:12:31,066] {processor.py:161} INFO - Processing /home/oury/.local/lib/python3.10/site-packages/airflow/example_dags/tutorial.py took 0.097 seconds
[2022-06-06 00:15:24,787] {processor.py:153} INFO - Started process (PID=54188) to work on /home/oury/.local/lib/python3.10/site-packages/airflow/example_dags/tutorial.py
[2022-06-06 00:15:24,787] {processor.py:641} INFO - Processing file /home/oury/.local/lib/python3.10/site-packages/airflow/example_dags/tutorial.py for tasks to queue
[2022-06-06 00:15:24,788] {logging_mixin.py:115} INFO - [2022-06-06 00:15:24,787] {dagbag.py:507} INFO - Filling up the DagBag from /home/oury/.local/lib/python3.10/site-packages/airflow/example_dags/tutorial.py
[2022-06-06 00:15:24,793] {processor.py:651} INFO - DAG(s) dict_keys(['tutorial']) retrieved from /home/oury/.local/lib/python3.10/site-packages/airflow/example_dags/tutorial.py
[2022-06-06 00:15:24,807] {logging_mixin.py:115} INFO - [2022-06-06 00:15:24,807] {dag.py:2379} INFO - Sync 1 DAGs
[2022-06-06 00:15:24,824] {logging_mixin.py:115} INFO - [2022-06-06 00:15:24,823] {dag.py:2923} INFO - Setting next_dagrun for tutorial to 2022-06-04T23:15:24.823751+00:00, run_after=2022-06-05T23:15:24.823751+00:00
[2022-06-06 00:15:24,839] {processor.py:161} INFO - Processing /home/oury/.local/lib/python3.10/site-packages/airflow/example_dags/tutorial.py took 0.055 seconds
[2022-06-06 00:16:08,099] {processor.py:153} INFO - Started process (PID=54631) to work on /home/oury/.local/lib/python3.10/site-packages/airflow/example_dags/tutorial.py
[2022-06-06 00:16:08,100] {processor.py:641} INFO - Processing file /home/oury/.local/lib/python3.10/site-packages/airflow/example_dags/tutorial.py for tasks to queue
[2022-06-06 00:16:08,100] {logging_mixin.py:115} INFO - [2022-06-06 00:16:08,100] {dagbag.py:507} INFO - Filling up the DagBag from /home/oury/.local/lib/python3.10/site-packages/airflow/example_dags/tutorial.py
[2022-06-06 00:16:08,106] {processor.py:651} INFO - DAG(s) dict_keys(['tutorial']) retrieved from /home/oury/.local/lib/python3.10/site-packages/airflow/example_dags/tutorial.py
[2022-06-06 00:16:08,123] {logging_mixin.py:115} INFO - [2022-06-06 00:16:08,123] {dag.py:2379} INFO - Sync 1 DAGs
[2022-06-06 00:16:08,142] {logging_mixin.py:115} INFO - [2022-06-06 00:16:08,142] {dag.py:2923} INFO - Setting next_dagrun for tutorial to 2022-06-04T23:16:08.141809+00:00, run_after=2022-06-05T23:16:08.141809+00:00
[2022-06-06 00:16:08,158] {processor.py:161} INFO - Processing /home/oury/.local/lib/python3.10/site-packages/airflow/example_dags/tutorial.py took 0.061 seconds
[2022-06-06 00:17:01,604] {processor.py:153} INFO - Started process (PID=55237) to work on /home/oury/.local/lib/python3.10/site-packages/airflow/example_dags/tutorial.py
[2022-06-06 00:17:01,606] {processor.py:641} INFO - Processing file /home/oury/.local/lib/python3.10/site-packages/airflow/example_dags/tutorial.py for tasks to queue
[2022-06-06 00:17:01,607] {logging_mixin.py:115} INFO - [2022-06-06 00:17:01,607] {dagbag.py:507} INFO - Filling up the DagBag from /home/oury/.local/lib/python3.10/site-packages/airflow/example_dags/tutorial.py
[2022-06-06 00:17:01,614] {processor.py:651} INFO - DAG(s) dict_keys(['tutorial']) retrieved from /home/oury/.local/lib/python3.10/site-packages/airflow/example_dags/tutorial.py
[2022-06-06 00:17:01,630] {logging_mixin.py:115} INFO - [2022-06-06 00:17:01,630] {dag.py:2379} INFO - Sync 1 DAGs
[2022-06-06 00:17:01,648] {logging_mixin.py:115} INFO - [2022-06-06 00:17:01,648] {dag.py:2923} INFO - Setting next_dagrun for tutorial to 2022-06-04T23:17:01.648181+00:00, run_after=2022-06-05T23:17:01.648181+00:00
[2022-06-06 00:17:01,665] {processor.py:161} INFO - Processing /home/oury/.local/lib/python3.10/site-packages/airflow/example_dags/tutorial.py took 0.064 seconds
[2022-06-06 00:18:03,613] {processor.py:153} INFO - Started process (PID=55827) to work on /home/oury/.local/lib/python3.10/site-packages/airflow/example_dags/tutorial.py
[2022-06-06 00:18:03,614] {processor.py:641} INFO - Processing file /home/oury/.local/lib/python3.10/site-packages/airflow/example_dags/tutorial.py for tasks to queue
[2022-06-06 00:18:03,614] {logging_mixin.py:115} INFO - [2022-06-06 00:18:03,614] {dagbag.py:507} INFO - Filling up the DagBag from /home/oury/.local/lib/python3.10/site-packages/airflow/example_dags/tutorial.py
[2022-06-06 00:18:03,619] {processor.py:651} INFO - DAG(s) dict_keys(['tutorial']) retrieved from /home/oury/.local/lib/python3.10/site-packages/airflow/example_dags/tutorial.py
[2022-06-06 00:18:03,632] {logging_mixin.py:115} INFO - [2022-06-06 00:18:03,631] {dag.py:2379} INFO - Sync 1 DAGs
[2022-06-06 00:18:03,646] {logging_mixin.py:115} INFO - [2022-06-06 00:18:03,646] {dag.py:2923} INFO - Setting next_dagrun for tutorial to 2022-06-04T23:18:03.646493+00:00, run_after=2022-06-05T23:18:03.646493+00:00
[2022-06-06 00:18:03,660] {processor.py:161} INFO - Processing /home/oury/.local/lib/python3.10/site-packages/airflow/example_dags/tutorial.py took 0.050 seconds
[2022-06-06 00:18:49,337] {processor.py:153} INFO - Started process (PID=56208) to work on /home/oury/.local/lib/python3.10/site-packages/airflow/example_dags/tutorial.py
[2022-06-06 00:18:49,338] {processor.py:641} INFO - Processing file /home/oury/.local/lib/python3.10/site-packages/airflow/example_dags/tutorial.py for tasks to queue
[2022-06-06 00:18:49,338] {logging_mixin.py:115} INFO - [2022-06-06 00:18:49,338] {dagbag.py:507} INFO - Filling up the DagBag from /home/oury/.local/lib/python3.10/site-packages/airflow/example_dags/tutorial.py
[2022-06-06 00:18:49,346] {processor.py:651} INFO - DAG(s) dict_keys(['tutorial']) retrieved from /home/oury/.local/lib/python3.10/site-packages/airflow/example_dags/tutorial.py
[2022-06-06 00:18:49,362] {logging_mixin.py:115} INFO - [2022-06-06 00:18:49,362] {dag.py:2379} INFO - Sync 1 DAGs
[2022-06-06 00:18:49,379] {logging_mixin.py:115} INFO - [2022-06-06 00:18:49,379] {dag.py:2923} INFO - Setting next_dagrun for tutorial to 2022-06-04T23:18:49.378874+00:00, run_after=2022-06-05T23:18:49.378874+00:00
[2022-06-06 00:18:49,396] {processor.py:161} INFO - Processing /home/oury/.local/lib/python3.10/site-packages/airflow/example_dags/tutorial.py took 0.062 seconds
[2022-06-06 00:19:29,209] {processor.py:153} INFO - Started process (PID=56448) to work on /home/oury/.local/lib/python3.10/site-packages/airflow/example_dags/tutorial.py
[2022-06-06 00:19:29,210] {processor.py:641} INFO - Processing file /home/oury/.local/lib/python3.10/site-packages/airflow/example_dags/tutorial.py for tasks to queue
[2022-06-06 00:19:29,210] {logging_mixin.py:115} INFO - [2022-06-06 00:19:29,210] {dagbag.py:507} INFO - Filling up the DagBag from /home/oury/.local/lib/python3.10/site-packages/airflow/example_dags/tutorial.py
[2022-06-06 00:19:29,215] {processor.py:651} INFO - DAG(s) dict_keys(['tutorial']) retrieved from /home/oury/.local/lib/python3.10/site-packages/airflow/example_dags/tutorial.py
[2022-06-06 00:19:29,229] {logging_mixin.py:115} INFO - [2022-06-06 00:19:29,228] {dag.py:2379} INFO - Sync 1 DAGs
[2022-06-06 00:19:29,243] {logging_mixin.py:115} INFO - [2022-06-06 00:19:29,243] {dag.py:2923} INFO - Setting next_dagrun for tutorial to 2022-06-04T23:19:29.243567+00:00, run_after=2022-06-05T23:19:29.243567+00:00
[2022-06-06 00:19:29,257] {processor.py:161} INFO - Processing /home/oury/.local/lib/python3.10/site-packages/airflow/example_dags/tutorial.py took 0.050 seconds
