[2022-06-01 21:31:45,425] {taskinstance.py:1160} INFO - Dependencies all met for <TaskInstance: download_rocket_launches.get_pictures scheduled__2022-05-26T00:00:00+00:00 [queued]>
[2022-06-01 21:31:45,430] {taskinstance.py:1160} INFO - Dependencies all met for <TaskInstance: download_rocket_launches.get_pictures scheduled__2022-05-26T00:00:00+00:00 [queued]>
[2022-06-01 21:31:45,431] {taskinstance.py:1357} INFO - 
--------------------------------------------------------------------------------
[2022-06-01 21:31:45,431] {taskinstance.py:1358} INFO - Starting attempt 1 of 1
[2022-06-01 21:31:45,431] {taskinstance.py:1359} INFO - 
--------------------------------------------------------------------------------
[2022-06-01 21:31:45,442] {taskinstance.py:1378} INFO - Executing <Task(PythonOperator): get_pictures> on 2022-05-26 00:00:00+00:00
[2022-06-01 21:31:45,444] {standard_task_runner.py:52} INFO - Started process 22002 to run task
[2022-06-01 21:31:45,447] {standard_task_runner.py:79} INFO - Running: ['airflow', 'tasks', 'run', 'download_rocket_launches', 'get_pictures', 'scheduled__2022-05-26T00:00:00+00:00', '--job-id', '31', '--raw', '--subdir', 'DAGS_FOLDER/download_rocket_launches.py', '--cfg-path', '/tmp/tmp06gmbjh3', '--error-file', '/tmp/tmpugxv2b4c']
[2022-06-01 21:31:45,448] {standard_task_runner.py:80} INFO - Job 31: Subtask get_pictures
[2022-06-01 21:31:45,479] {task_command.py:370} INFO - Running <TaskInstance: download_rocket_launches.get_pictures scheduled__2022-05-26T00:00:00+00:00 [running]> on host oury-Tp
[2022-06-01 21:31:45,521] {taskinstance.py:1570} INFO - Exporting the following env vars:
AIRFLOW_CTX_DAG_OWNER=airflow
AIRFLOW_CTX_DAG_ID=download_rocket_launches
AIRFLOW_CTX_TASK_ID=get_pictures
AIRFLOW_CTX_EXECUTION_DATE=2022-05-26T00:00:00+00:00
AIRFLOW_CTX_TRY_NUMBER=1
AIRFLOW_CTX_DAG_RUN_ID=scheduled__2022-05-26T00:00:00+00:00
[2022-06-01 21:31:46,566] {logging_mixin.py:115} INFO - Downloaded https://spacelaunchnow-prod-east.nyc3.digitaloceanspaces.com/media/launcher_images/long2520march25202_image_20190222031200.jpeg to /tmp/images/long2520march25202_image_20190222031200.jpeg
[2022-06-01 21:31:48,005] {logging_mixin.py:115} INFO - Downloaded https://spacelaunchnow-prod-east.nyc3.digitaloceanspaces.com/media/launcher_images/soyuz_2.1a_image_20201013143850.jpg to /tmp/images/soyuz_2.1a_image_20201013143850.jpg
[2022-06-01 21:31:49,154] {logging_mixin.py:115} INFO - Downloaded https://spacelaunchnow-prod-east.nyc3.digitaloceanspaces.com/media/launcher_images/new2520shepard_image_20190207032624.jpeg to /tmp/images/new2520shepard_image_20190207032624.jpeg
[2022-06-01 21:31:50,217] {logging_mixin.py:115} INFO - Downloaded https://spacelaunchnow-prod-east.nyc3.digitaloceanspaces.com/media/launcher_images/long_march_2_image_20210908195835.jpeg to /tmp/images/long_march_2_image_20210908195835.jpeg
[2022-06-01 21:31:52,018] {logging_mixin.py:115} INFO - Downloaded https://spacelaunchnow-prod-east.nyc3.digitaloceanspaces.com/media/launcher_images/falcon_9_block__image_20210506060831.jpg to /tmp/images/falcon_9_block__image_20210506060831.jpg
[2022-06-01 21:31:53,151] {logging_mixin.py:115} INFO - Downloaded https://spacelaunchnow-prod-east.nyc3.digitaloceanspaces.com/media/launch_images/falcon2520925_image_20210922155026.jpeg to /tmp/images/falcon2520925_image_20210922155026.jpeg
[2022-06-01 21:31:54,365] {logging_mixin.py:115} INFO - Downloaded https://spacelaunchnow-prod-east.nyc3.digitaloceanspaces.com/media/launcher_images/electron_image_20190705175640.jpeg to /tmp/images/electron_image_20190705175640.jpeg
[2022-06-01 21:31:55,829] {logging_mixin.py:115} INFO - Downloaded https://spacelaunchnow-prod-east.nyc3.digitaloceanspaces.com/media/launcher_images/nuri_image_20211020165148.jpg to /tmp/images/nuri_image_20211020165148.jpg
[2022-06-01 21:31:57,639] {logging_mixin.py:115} INFO - Downloaded https://spacelaunchnow-prod-east.nyc3.digitaloceanspaces.com/media/launcher_images/falcon_9_block__image_20210506060831.jpg to /tmp/images/falcon_9_block__image_20210506060831.jpg
[2022-06-01 21:31:58,836] {logging_mixin.py:115} INFO - Downloaded https://spacelaunchnow-prod-east.nyc3.digitaloceanspaces.com/media/launcher_images/ariane_5_eca25_image_20200220090552.jpeg to /tmp/images/ariane_5_eca25_image_20200220090552.jpeg
[2022-06-01 21:31:58,837] {python.py:173} INFO - Done. Returned value was: None
[2022-06-01 21:31:58,842] {taskinstance.py:1396} INFO - Marking task as SUCCESS. dag_id=download_rocket_launches, task_id=get_pictures, execution_date=20220526T000000, start_date=20220601T203145, end_date=20220601T203158
[2022-06-01 21:31:58,886] {local_task_job.py:156} INFO - Task exited with return code 0
[2022-06-01 21:31:58,902] {local_task_job.py:273} INFO - 1 downstream tasks scheduled from follow-on schedule check
