[2022-07-30 01:20:12,748] {taskinstance.py:1160} INFO - Dependencies all met for <TaskInstance: data_pipeline.tweets_to_es scheduled__2022-07-30T00:16:00+00:00 [queued]>
[2022-07-30 01:20:12,753] {taskinstance.py:1160} INFO - Dependencies all met for <TaskInstance: data_pipeline.tweets_to_es scheduled__2022-07-30T00:16:00+00:00 [queued]>
[2022-07-30 01:20:12,753] {taskinstance.py:1357} INFO - 
--------------------------------------------------------------------------------
[2022-07-30 01:20:12,753] {taskinstance.py:1358} INFO - Starting attempt 1 of 1
[2022-07-30 01:20:12,753] {taskinstance.py:1359} INFO - 
--------------------------------------------------------------------------------
[2022-07-30 01:20:12,765] {taskinstance.py:1378} INFO - Executing <Task(PythonOperator): tweets_to_es> on 2022-07-30 00:16:00+00:00
[2022-07-30 01:20:12,767] {standard_task_runner.py:52} INFO - Started process 6301 to run task
[2022-07-30 01:20:12,770] {standard_task_runner.py:79} INFO - Running: ['airflow', 'tasks', 'run', 'data_pipeline', 'tweets_to_es', 'scheduled__2022-07-30T00:16:00+00:00', '--job-id', '2', '--raw', '--subdir', 'DAGS_FOLDER/airfow_es.py', '--cfg-path', '/tmp/tmpl4l9yu15', '--error-file', '/tmp/tmp8jpwohvs']
[2022-07-30 01:20:12,771] {standard_task_runner.py:80} INFO - Job 2: Subtask tweets_to_es
[2022-07-30 01:20:12,802] {task_command.py:370} INFO - Running <TaskInstance: data_pipeline.tweets_to_es scheduled__2022-07-30T00:16:00+00:00 [running]> on host oury-Tp
[2022-07-30 01:20:12,850] {taskinstance.py:1570} INFO - Exporting the following env vars:
AIRFLOW_CTX_DAG_OWNER=airflow
AIRFLOW_CTX_DAG_ID=data_pipeline
AIRFLOW_CTX_TASK_ID=tweets_to_es
AIRFLOW_CTX_EXECUTION_DATE=2022-07-30T00:16:00+00:00
AIRFLOW_CTX_TRY_NUMBER=1
AIRFLOW_CTX_DAG_RUN_ID=scheduled__2022-07-30T00:16:00+00:00
[2022-07-30 01:20:12,851] {twitter.py:696} INFO - Retrieving scroll page None
[2022-07-30 01:20:12,852] {twitter.py:626} INFO - Retrieving guest token
[2022-07-30 01:20:12,853] {base.py:171} INFO - Retrieving https://twitter.com/search?f=live&lang=en&q=near%3AParis+since%3A1659140160+until%3A1659140400&src=spelling_expansion_revert_click
[2022-07-30 01:20:13,511] {base.py:189} INFO - Retrieved https://twitter.com/search?f=live&lang=en&q=near%3AParis+since%3A1659140160+until%3A1659140400&src=spelling_expansion_revert_click: 200
[2022-07-30 01:20:13,518] {base.py:171} INFO - Retrieving https://api.twitter.com/2/search/adaptive.json?include_profile_interstitial_type=1&include_blocking=1&include_blocked_by=1&include_followed_by=1&include_want_retweets=1&include_mute_edge=1&include_can_dm=1&include_can_media_tag=1&skip_status=1&cards_platform=Web-12&include_cards=1&include_ext_alt_text=true&include_quote_count=true&include_reply_count=1&tweet_mode=extended&include_entities=true&include_user_entities=true&include_ext_media_color=true&include_ext_media_availability=true&send_error_codes=true&simple_quoted_tweets=true&q=near%3AParis+since%3A1659140160+until%3A1659140400&tweet_search_mode=live&count=100&query_source=spelling_expansion_revert_click&pc=1&spelling_corrections=1&ext=mediaStats%2ChighlightedLabel
[2022-07-30 01:20:14,664] {base.py:189} INFO - Retrieved https://api.twitter.com/2/search/adaptive.json?include_profile_interstitial_type=1&include_blocking=1&include_blocked_by=1&include_followed_by=1&include_want_retweets=1&include_mute_edge=1&include_can_dm=1&include_can_media_tag=1&skip_status=1&cards_platform=Web-12&include_cards=1&include_ext_alt_text=true&include_quote_count=true&include_reply_count=1&tweet_mode=extended&include_entities=true&include_user_entities=true&include_ext_media_color=true&include_ext_media_availability=true&send_error_codes=true&simple_quoted_tweets=true&q=near%3AParis+since%3A1659140160+until%3A1659140400&tweet_search_mode=live&count=100&query_source=spelling_expansion_revert_click&pc=1&spelling_corrections=1&ext=mediaStats%2ChighlightedLabel: 200
[2022-07-30 01:20:15,605] {base.py:265} INFO - GET http://localhost:9200/ [status:200 request:0.413s]
[2022-07-30 01:20:15,916] {base.py:265} INFO - PUT http://localhost:9200/my_index/_doc/1553173514533969922 [status:201 request:0.310s]
[2022-07-30 01:20:16,007] {base.py:265} INFO - PUT http://localhost:9200/my_index/_doc/1553173509928517632 [status:201 request:0.016s]
[2022-07-30 01:20:16,100] {base.py:265} INFO - PUT http://localhost:9200/my_index/_doc/1553173500617261057 [status:201 request:0.009s]
[2022-07-30 01:20:16,127] {base.py:265} INFO - PUT http://localhost:9200/my_index/_doc/1553173495844159490 [status:201 request:0.011s]
[2022-07-30 01:20:16,144] {base.py:265} INFO - PUT http://localhost:9200/my_index/_doc/1553173486247583746 [status:201 request:0.010s]
[2022-07-30 01:20:16,159] {base.py:265} INFO - PUT http://localhost:9200/my_index/_doc/1553173481994522624 [status:201 request:0.008s]
[2022-07-30 01:20:16,198] {base.py:265} INFO - PUT http://localhost:9200/my_index/_doc/1553173467763204096 [status:201 request:0.013s]
[2022-07-30 01:20:16,262] {base.py:265} INFO - PUT http://localhost:9200/my_index/_doc/1553173467641614341 [status:201 request:0.008s]
[2022-07-30 01:20:16,331] {base.py:265} INFO - PUT http://localhost:9200/my_index/_doc/1553173462012796934 [status:201 request:0.009s]
[2022-07-30 01:20:16,331] {twitter.py:696} INFO - Retrieving scroll page scroll:thGAVUV0VFVBaMgLHdm8L9jSsWgoCyidLF_Y0rEnEV8IV6FYCJehgHREVGQVVMVDUBFQAVAAA=
[2022-07-30 01:20:16,334] {base.py:171} INFO - Retrieving https://api.twitter.com/2/search/adaptive.json?include_profile_interstitial_type=1&include_blocking=1&include_blocked_by=1&include_followed_by=1&include_want_retweets=1&include_mute_edge=1&include_can_dm=1&include_can_media_tag=1&skip_status=1&cards_platform=Web-12&include_cards=1&include_ext_alt_text=true&include_quote_count=true&include_reply_count=1&tweet_mode=extended&include_entities=true&include_user_entities=true&include_ext_media_color=true&include_ext_media_availability=true&send_error_codes=true&simple_quoted_tweets=true&q=near%3AParis+since%3A1659140160+until%3A1659140400&tweet_search_mode=live&count=100&query_source=spelling_expansion_revert_click&cursor=scroll%3AthGAVUV0VFVBaMgLHdm8L9jSsWgoCyidLF_Y0rEnEV8IV6FYCJehgHREVGQVVMVDUBFQAVAAA%3D&pc=1&spelling_corrections=1&ext=mediaStats%2ChighlightedLabel
[2022-07-30 01:20:17,342] {base.py:189} INFO - Retrieved https://api.twitter.com/2/search/adaptive.json?include_profile_interstitial_type=1&include_blocking=1&include_blocked_by=1&include_followed_by=1&include_want_retweets=1&include_mute_edge=1&include_can_dm=1&include_can_media_tag=1&skip_status=1&cards_platform=Web-12&include_cards=1&include_ext_alt_text=true&include_quote_count=true&include_reply_count=1&tweet_mode=extended&include_entities=true&include_user_entities=true&include_ext_media_color=true&include_ext_media_availability=true&send_error_codes=true&simple_quoted_tweets=true&q=near%3AParis+since%3A1659140160+until%3A1659140400&tweet_search_mode=live&count=100&query_source=spelling_expansion_revert_click&cursor=scroll%3AthGAVUV0VFVBaMgLHdm8L9jSsWgoCyidLF_Y0rEnEV8IV6FYCJehgHREVGQVVMVDUBFQAVAAA%3D&pc=1&spelling_corrections=1&ext=mediaStats%2ChighlightedLabel: 200
[2022-07-30 01:20:17,379] {base.py:265} INFO - PUT http://localhost:9200/my_index/_doc/1553173460066648065 [status:201 request:0.007s]
[2022-07-30 01:20:17,421] {base.py:265} INFO - PUT http://localhost:9200/my_index/_doc/1553173458967842819 [status:201 request:0.009s]
[2022-07-30 01:20:17,443] {base.py:265} INFO - PUT http://localhost:9200/my_index/_doc/1553173458766467073 [status:201 request:0.011s]
[2022-07-30 01:20:17,467] {base.py:265} INFO - PUT http://localhost:9200/my_index/_doc/1553173457734705153 [status:201 request:0.009s]
[2022-07-30 01:20:17,498] {base.py:265} INFO - PUT http://localhost:9200/my_index/_doc/1553173457621377024 [status:201 request:0.008s]
[2022-07-30 01:20:17,531] {base.py:265} INFO - PUT http://localhost:9200/my_index/_doc/1553173452735107078 [status:201 request:0.009s]
[2022-07-30 01:20:17,550] {base.py:265} INFO - PUT http://localhost:9200/my_index/_doc/1553173450084257794 [status:201 request:0.010s]
[2022-07-30 01:20:17,581] {base.py:265} INFO - PUT http://localhost:9200/my_index/_doc/1553173446493978624 [status:201 request:0.009s]
[2022-07-30 01:20:17,597] {base.py:265} INFO - PUT http://localhost:9200/my_index/_doc/1553173446112251908 [status:201 request:0.009s]
[2022-07-30 01:20:17,619] {base.py:265} INFO - PUT http://localhost:9200/my_index/_doc/1553173440412237826 [status:201 request:0.009s]
[2022-07-30 01:20:17,636] {base.py:265} INFO - PUT http://localhost:9200/my_index/_doc/1553173436473778182 [status:201 request:0.008s]
[2022-07-30 01:20:17,654] {base.py:265} INFO - PUT http://localhost:9200/my_index/_doc/1553173431901999104 [status:201 request:0.009s]
[2022-07-30 01:20:17,698] {base.py:265} INFO - PUT http://localhost:9200/my_index/_doc/1553173421281927168 [status:201 request:0.008s]
[2022-07-30 01:20:17,698] {twitter.py:696} INFO - Retrieving scroll page scroll:thGAVUV0VFVBaAgLOh7L_9jSsWgoCyidLF_Y0rEnEV4IJ6FYCJehgHREVGQVVMVDUBFQIVAAA=
[2022-07-30 01:20:17,700] {base.py:171} INFO - Retrieving https://api.twitter.com/2/search/adaptive.json?include_profile_interstitial_type=1&include_blocking=1&include_blocked_by=1&include_followed_by=1&include_want_retweets=1&include_mute_edge=1&include_can_dm=1&include_can_media_tag=1&skip_status=1&cards_platform=Web-12&include_cards=1&include_ext_alt_text=true&include_quote_count=true&include_reply_count=1&tweet_mode=extended&include_entities=true&include_user_entities=true&include_ext_media_color=true&include_ext_media_availability=true&send_error_codes=true&simple_quoted_tweets=true&q=near%3AParis+since%3A1659140160+until%3A1659140400&tweet_search_mode=live&count=100&query_source=spelling_expansion_revert_click&cursor=scroll%3AthGAVUV0VFVBaAgLOh7L_9jSsWgoCyidLF_Y0rEnEV4IJ6FYCJehgHREVGQVVMVDUBFQIVAAA%3D&pc=1&spelling_corrections=1&ext=mediaStats%2ChighlightedLabel
[2022-07-30 01:20:18,340] {base.py:189} INFO - Retrieved https://api.twitter.com/2/search/adaptive.json?include_profile_interstitial_type=1&include_blocking=1&include_blocked_by=1&include_followed_by=1&include_want_retweets=1&include_mute_edge=1&include_can_dm=1&include_can_media_tag=1&skip_status=1&cards_platform=Web-12&include_cards=1&include_ext_alt_text=true&include_quote_count=true&include_reply_count=1&tweet_mode=extended&include_entities=true&include_user_entities=true&include_ext_media_color=true&include_ext_media_availability=true&send_error_codes=true&simple_quoted_tweets=true&q=near%3AParis+since%3A1659140160+until%3A1659140400&tweet_search_mode=live&count=100&query_source=spelling_expansion_revert_click&cursor=scroll%3AthGAVUV0VFVBaAgLOh7L_9jSsWgoCyidLF_Y0rEnEV4IJ6FYCJehgHREVGQVVMVDUBFQIVAAA%3D&pc=1&spelling_corrections=1&ext=mediaStats%2ChighlightedLabel: 200
[2022-07-30 01:20:18,377] {base.py:265} INFO - PUT http://localhost:9200/my_index/_doc/1553173421118439424 [status:201 request:0.010s]
[2022-07-30 01:20:18,398] {base.py:265} INFO - PUT http://localhost:9200/my_index/_doc/1553173413182808064 [status:201 request:0.009s]
[2022-07-30 01:20:18,416] {base.py:265} INFO - PUT http://localhost:9200/my_index/_doc/1553173408229347330 [status:201 request:0.008s]
[2022-07-30 01:20:18,429] {base.py:265} INFO - PUT http://localhost:9200/my_index/_doc/1553173397194129410 [status:201 request:0.008s]
[2022-07-30 01:20:18,449] {base.py:265} INFO - PUT http://localhost:9200/my_index/_doc/1553173391464603648 [status:201 request:0.009s]
[2022-07-30 01:20:18,517] {base.py:265} INFO - PUT http://localhost:9200/my_index/_doc/1553173381608095744 [status:201 request:0.007s]
[2022-07-30 01:20:18,544] {base.py:265} INFO - PUT http://localhost:9200/my_index/_doc/1553173380408528897 [status:201 request:0.009s]
[2022-07-30 01:20:18,562] {base.py:265} INFO - PUT http://localhost:9200/my_index/_doc/1553173377283751937 [status:201 request:0.011s]
[2022-07-30 01:20:18,587] {base.py:265} INFO - PUT http://localhost:9200/my_index/_doc/1553173373663977472 [status:201 request:0.008s]
[2022-07-30 01:20:18,603] {base.py:265} INFO - PUT http://localhost:9200/my_index/_doc/1553173372372230144 [status:201 request:0.007s]
[2022-07-30 01:20:18,638] {base.py:265} INFO - PUT http://localhost:9200/my_index/_doc/1553173369499095040 [status:201 request:0.007s]
[2022-07-30 01:20:18,677] {base.py:265} INFO - PUT http://localhost:9200/my_index/_doc/1553173353686597633 [status:201 request:0.007s]
[2022-07-30 01:20:18,690] {base.py:265} INFO - PUT http://localhost:9200/my_index/_doc/1553173353460113409 [status:201 request:0.007s]
[2022-07-30 01:20:18,717] {base.py:265} INFO - PUT http://localhost:9200/my_index/_doc/1553173343985082368 [status:201 request:0.007s]
[2022-07-30 01:20:18,718] {twitter.py:696} INFO - Retrieving scroll page scroll:thGAVUV0VFVBaAgNLFqLv9jSsWgoCyidLF_Y0rEnEV0P95FYCJehgHREVGQVVMVDUBFQQVAAA=
[2022-07-30 01:20:18,720] {base.py:171} INFO - Retrieving https://api.twitter.com/2/search/adaptive.json?include_profile_interstitial_type=1&include_blocking=1&include_blocked_by=1&include_followed_by=1&include_want_retweets=1&include_mute_edge=1&include_can_dm=1&include_can_media_tag=1&skip_status=1&cards_platform=Web-12&include_cards=1&include_ext_alt_text=true&include_quote_count=true&include_reply_count=1&tweet_mode=extended&include_entities=true&include_user_entities=true&include_ext_media_color=true&include_ext_media_availability=true&send_error_codes=true&simple_quoted_tweets=true&q=near%3AParis+since%3A1659140160+until%3A1659140400&tweet_search_mode=live&count=100&query_source=spelling_expansion_revert_click&cursor=scroll%3AthGAVUV0VFVBaAgNLFqLv9jSsWgoCyidLF_Y0rEnEV0P95FYCJehgHREVGQVVMVDUBFQQVAAA%3D&pc=1&spelling_corrections=1&ext=mediaStats%2ChighlightedLabel
[2022-07-30 01:20:19,382] {base.py:189} INFO - Retrieved https://api.twitter.com/2/search/adaptive.json?include_profile_interstitial_type=1&include_blocking=1&include_blocked_by=1&include_followed_by=1&include_want_retweets=1&include_mute_edge=1&include_can_dm=1&include_can_media_tag=1&skip_status=1&cards_platform=Web-12&include_cards=1&include_ext_alt_text=true&include_quote_count=true&include_reply_count=1&tweet_mode=extended&include_entities=true&include_user_entities=true&include_ext_media_color=true&include_ext_media_availability=true&send_error_codes=true&simple_quoted_tweets=true&q=near%3AParis+since%3A1659140160+until%3A1659140400&tweet_search_mode=live&count=100&query_source=spelling_expansion_revert_click&cursor=scroll%3AthGAVUV0VFVBaAgNLFqLv9jSsWgoCyidLF_Y0rEnEV0P95FYCJehgHREVGQVVMVDUBFQQVAAA%3D&pc=1&spelling_corrections=1&ext=mediaStats%2ChighlightedLabel: 200
[2022-07-30 01:20:19,436] {base.py:265} INFO - PUT http://localhost:9200/my_index/_doc/1553173320291569664 [status:201 request:0.008s]
[2022-07-30 01:20:19,471] {base.py:265} INFO - PUT http://localhost:9200/my_index/_doc/1553173316113993728 [status:201 request:0.007s]
[2022-07-30 01:20:19,483] {base.py:265} INFO - PUT http://localhost:9200/my_index/_doc/1553173312406159360 [status:201 request:0.007s]
[2022-07-30 01:20:19,523] {base.py:265} INFO - PUT http://localhost:9200/my_index/_doc/1553173309096972289 [status:201 request:0.008s]
[2022-07-30 01:20:19,543] {base.py:265} INFO - PUT http://localhost:9200/my_index/_doc/1553173308748726279 [status:201 request:0.008s]
[2022-07-30 01:20:19,558] {base.py:265} INFO - PUT http://localhost:9200/my_index/_doc/1553173305959522306 [status:201 request:0.006s]
[2022-07-30 01:20:19,573] {base.py:265} INFO - PUT http://localhost:9200/my_index/_doc/1553173302792830976 [status:201 request:0.008s]
[2022-07-30 01:20:19,613] {base.py:265} INFO - PUT http://localhost:9200/my_index/_doc/1553173299806486528 [status:201 request:0.007s]
[2022-07-30 01:20:19,637] {base.py:265} INFO - PUT http://localhost:9200/my_index/_doc/1553173297717706753 [status:201 request:0.007s]
[2022-07-30 01:20:19,682] {base.py:265} INFO - PUT http://localhost:9200/my_index/_doc/1553173292730695680 [status:201 request:0.006s]
[2022-07-30 01:20:19,696] {base.py:265} INFO - PUT http://localhost:9200/my_index/_doc/1553173289563996160 [status:201 request:0.007s]
[2022-07-30 01:20:19,749] {base.py:265} INFO - PUT http://localhost:9200/my_index/_doc/1553173283104759811 [status:201 request:0.046s]
[2022-07-30 01:20:19,764] {base.py:265} INFO - PUT http://localhost:9200/my_index/_doc/1553173266289889280 [status:201 request:0.006s]
[2022-07-30 01:20:19,802] {twitter.py:696} INFO - Retrieving scroll page scroll:thGAVUV0VFVBaAgLGRuLb9jSsWgoCyidLF_Y0rEnEVwPx5FYCJehgHREVGQVVMVDUBFQYVAAA=
[2022-07-30 01:20:19,804] {base.py:171} INFO - Retrieving https://api.twitter.com/2/search/adaptive.json?include_profile_interstitial_type=1&include_blocking=1&include_blocked_by=1&include_followed_by=1&include_want_retweets=1&include_mute_edge=1&include_can_dm=1&include_can_media_tag=1&skip_status=1&cards_platform=Web-12&include_cards=1&include_ext_alt_text=true&include_quote_count=true&include_reply_count=1&tweet_mode=extended&include_entities=true&include_user_entities=true&include_ext_media_color=true&include_ext_media_availability=true&send_error_codes=true&simple_quoted_tweets=true&q=near%3AParis+since%3A1659140160+until%3A1659140400&tweet_search_mode=live&count=100&query_source=spelling_expansion_revert_click&cursor=scroll%3AthGAVUV0VFVBaAgLGRuLb9jSsWgoCyidLF_Y0rEnEVwPx5FYCJehgHREVGQVVMVDUBFQYVAAA%3D&pc=1&spelling_corrections=1&ext=mediaStats%2ChighlightedLabel
[2022-07-30 01:20:20,511] {base.py:189} INFO - Retrieved https://api.twitter.com/2/search/adaptive.json?include_profile_interstitial_type=1&include_blocking=1&include_blocked_by=1&include_followed_by=1&include_want_retweets=1&include_mute_edge=1&include_can_dm=1&include_can_media_tag=1&skip_status=1&cards_platform=Web-12&include_cards=1&include_ext_alt_text=true&include_quote_count=true&include_reply_count=1&tweet_mode=extended&include_entities=true&include_user_entities=true&include_ext_media_color=true&include_ext_media_availability=true&send_error_codes=true&simple_quoted_tweets=true&q=near%3AParis+since%3A1659140160+until%3A1659140400&tweet_search_mode=live&count=100&query_source=spelling_expansion_revert_click&cursor=scroll%3AthGAVUV0VFVBaAgLGRuLb9jSsWgoCyidLF_Y0rEnEVwPx5FYCJehgHREVGQVVMVDUBFQYVAAA%3D&pc=1&spelling_corrections=1&ext=mediaStats%2ChighlightedLabel: 200
[2022-07-30 01:20:20,558] {base.py:265} INFO - PUT http://localhost:9200/my_index/_doc/1553173257402175493 [status:201 request:0.015s]
[2022-07-30 01:20:20,651] {base.py:265} INFO - PUT http://localhost:9200/my_index/_doc/1553173232206987265 [status:201 request:0.007s]
[2022-07-30 01:20:20,686] {base.py:265} INFO - PUT http://localhost:9200/my_index/_doc/1553173214506926080 [status:201 request:0.006s]
[2022-07-30 01:20:20,745] {base.py:265} INFO - PUT http://localhost:9200/my_index/_doc/1553173195762683905 [status:201 request:0.007s]
[2022-07-30 01:20:20,761] {base.py:265} INFO - PUT http://localhost:9200/my_index/_doc/1553173194814652417 [status:201 request:0.007s]
[2022-07-30 01:20:20,786] {base.py:265} INFO - PUT http://localhost:9200/my_index/_doc/1553173187218882563 [status:201 request:0.008s]
[2022-07-30 01:20:20,801] {base.py:265} INFO - PUT http://localhost:9200/my_index/_doc/1553173186950438912 [status:201 request:0.006s]
[2022-07-30 01:20:20,823] {base.py:265} INFO - PUT http://localhost:9200/my_index/_doc/1553173180021456898 [status:201 request:0.007s]
[2022-07-30 01:20:20,823] {twitter.py:696} INFO - Retrieving scroll page scroll:thGAVUV0VFVBaEgL7d5rH9jSsWgoCyidLF_Y0rEnEVsPl5FYCJehgHREVGQVVMVDUBFQgVAAA=
[2022-07-30 01:20:20,826] {base.py:171} INFO - Retrieving https://api.twitter.com/2/search/adaptive.json?include_profile_interstitial_type=1&include_blocking=1&include_blocked_by=1&include_followed_by=1&include_want_retweets=1&include_mute_edge=1&include_can_dm=1&include_can_media_tag=1&skip_status=1&cards_platform=Web-12&include_cards=1&include_ext_alt_text=true&include_quote_count=true&include_reply_count=1&tweet_mode=extended&include_entities=true&include_user_entities=true&include_ext_media_color=true&include_ext_media_availability=true&send_error_codes=true&simple_quoted_tweets=true&q=near%3AParis+since%3A1659140160+until%3A1659140400&tweet_search_mode=live&count=100&query_source=spelling_expansion_revert_click&cursor=scroll%3AthGAVUV0VFVBaEgL7d5rH9jSsWgoCyidLF_Y0rEnEVsPl5FYCJehgHREVGQVVMVDUBFQgVAAA%3D&pc=1&spelling_corrections=1&ext=mediaStats%2ChighlightedLabel
[2022-07-30 01:20:21,494] {base.py:189} INFO - Retrieved https://api.twitter.com/2/search/adaptive.json?include_profile_interstitial_type=1&include_blocking=1&include_blocked_by=1&include_followed_by=1&include_want_retweets=1&include_mute_edge=1&include_can_dm=1&include_can_media_tag=1&skip_status=1&cards_platform=Web-12&include_cards=1&include_ext_alt_text=true&include_quote_count=true&include_reply_count=1&tweet_mode=extended&include_entities=true&include_user_entities=true&include_ext_media_color=true&include_ext_media_availability=true&send_error_codes=true&simple_quoted_tweets=true&q=near%3AParis+since%3A1659140160+until%3A1659140400&tweet_search_mode=live&count=100&query_source=spelling_expansion_revert_click&cursor=scroll%3AthGAVUV0VFVBaEgL7d5rH9jSsWgoCyidLF_Y0rEnEVsPl5FYCJehgHREVGQVVMVDUBFQgVAAA%3D&pc=1&spelling_corrections=1&ext=mediaStats%2ChighlightedLabel: 200
[2022-07-30 01:20:21,544] {python.py:173} INFO - Done. Returned value was: None
[2022-07-30 01:20:21,562] {taskinstance.py:1396} INFO - Marking task as SUCCESS. dag_id=data_pipeline, task_id=tweets_to_es, execution_date=20220730T001600, start_date=20220730T002012, end_date=20220730T002021
[2022-07-30 01:20:21,594] {local_task_job.py:156} INFO - Task exited with return code 0
[2022-07-30 01:20:21,604] {local_task_job.py:273} INFO - 0 downstream tasks scheduled from follow-on schedule check
