[2022-06-08 09:03:16,191] {taskinstance.py:1160} INFO - Dependencies all met for <TaskInstance: data_pipeline.tweets_to_es manual__2022-06-08T08:03:13.079287+00:00 [queued]>
[2022-06-08 09:03:16,196] {taskinstance.py:1160} INFO - Dependencies all met for <TaskInstance: data_pipeline.tweets_to_es manual__2022-06-08T08:03:13.079287+00:00 [queued]>
[2022-06-08 09:03:16,196] {taskinstance.py:1357} INFO - 
--------------------------------------------------------------------------------
[2022-06-08 09:03:16,196] {taskinstance.py:1358} INFO - Starting attempt 1 of 1
[2022-06-08 09:03:16,196] {taskinstance.py:1359} INFO - 
--------------------------------------------------------------------------------
[2022-06-08 09:03:16,208] {taskinstance.py:1378} INFO - Executing <Task(PythonOperator): tweets_to_es> on 2022-06-08 08:03:13.079287+00:00
[2022-06-08 09:03:16,211] {standard_task_runner.py:52} INFO - Started process 6795 to run task
[2022-06-08 09:03:16,214] {standard_task_runner.py:79} INFO - Running: ['airflow', 'tasks', 'run', 'data_pipeline', 'tweets_to_es', 'manual__2022-06-08T08:03:13.079287+00:00', '--job-id', '3', '--raw', '--subdir', 'DAGS_FOLDER/airfow_es.py', '--cfg-path', '/tmp/tmp44t0oiqr', '--error-file', '/tmp/tmpufsu3qyi']
[2022-06-08 09:03:16,214] {standard_task_runner.py:80} INFO - Job 3: Subtask tweets_to_es
[2022-06-08 09:03:16,243] {task_command.py:370} INFO - Running <TaskInstance: data_pipeline.tweets_to_es manual__2022-06-08T08:03:13.079287+00:00 [running]> on host oury-Tp
[2022-06-08 09:03:16,283] {taskinstance.py:1570} INFO - Exporting the following env vars:
AIRFLOW_CTX_DAG_OWNER=airflow
AIRFLOW_CTX_DAG_ID=data_pipeline
AIRFLOW_CTX_TASK_ID=tweets_to_es
AIRFLOW_CTX_EXECUTION_DATE=2022-06-08T08:03:13.079287+00:00
AIRFLOW_CTX_TRY_NUMBER=1
AIRFLOW_CTX_DAG_RUN_ID=manual__2022-06-08T08:03:13.079287+00:00
[2022-06-08 09:03:16,284] {taskinstance.py:1890} ERROR - Task failed with exception
Traceback (most recent call last):
  File "/home/oury/.local/lib/python3.10/site-packages/airflow/operators/python.py", line 171, in execute
    return_value = self.execute_callable()
  File "/home/oury/.local/lib/python3.10/site-packages/airflow/operators/python.py", line 189, in execute_callable
    return self.python_callable(*self.op_args, **self.op_kwargs)
  File "/home/oury/airflow/dags/airfow_es.py", line 31, in tweet_to_es_func
    start_time = int(start_time.timestamp())
AttributeError: 'str' object has no attribute 'timestamp'
[2022-06-08 09:03:16,288] {taskinstance.py:1396} INFO - Marking task as FAILED. dag_id=data_pipeline, task_id=tweets_to_es, execution_date=20220608T080313, start_date=20220608T080316, end_date=20220608T080316
[2022-06-08 09:03:16,298] {standard_task_runner.py:92} ERROR - Failed to execute job 3 for task tweets_to_es ('str' object has no attribute 'timestamp'; 6795)
[2022-06-08 09:03:16,305] {local_task_job.py:156} INFO - Task exited with return code 1
[2022-06-08 09:03:16,320] {local_task_job.py:273} INFO - 0 downstream tasks scheduled from follow-on schedule check
