[2022-07-30 17:28:03,404] {taskinstance.py:1160} INFO - Dependencies all met for <TaskInstance: data_pipeline.tweets_to_es scheduled__2022-07-30T16:24:00+00:00 [queued]>
[2022-07-30 17:28:03,410] {taskinstance.py:1160} INFO - Dependencies all met for <TaskInstance: data_pipeline.tweets_to_es scheduled__2022-07-30T16:24:00+00:00 [queued]>
[2022-07-30 17:28:03,410] {taskinstance.py:1357} INFO - 
--------------------------------------------------------------------------------
[2022-07-30 17:28:03,410] {taskinstance.py:1358} INFO - Starting attempt 1 of 1
[2022-07-30 17:28:03,410] {taskinstance.py:1359} INFO - 
--------------------------------------------------------------------------------
[2022-07-30 17:28:03,422] {taskinstance.py:1378} INFO - Executing <Task(PythonOperator): tweets_to_es> on 2022-07-30 16:24:00+00:00
[2022-07-30 17:28:03,424] {standard_task_runner.py:52} INFO - Started process 9524 to run task
[2022-07-30 17:28:03,428] {standard_task_runner.py:79} INFO - Running: ['airflow', 'tasks', 'run', 'data_pipeline', 'tweets_to_es', 'scheduled__2022-07-30T16:24:00+00:00', '--job-id', '20', '--raw', '--subdir', 'DAGS_FOLDER/airfow_es.py', '--cfg-path', '/tmp/tmp_l8ni3j_', '--error-file', '/tmp/tmp5w6gchpv']
[2022-07-30 17:28:03,429] {standard_task_runner.py:80} INFO - Job 20: Subtask tweets_to_es
[2022-07-30 17:28:03,462] {task_command.py:370} INFO - Running <TaskInstance: data_pipeline.tweets_to_es scheduled__2022-07-30T16:24:00+00:00 [running]> on host oury-Tp
[2022-07-30 17:28:03,503] {taskinstance.py:1570} INFO - Exporting the following env vars:
AIRFLOW_CTX_DAG_OWNER=airflow
AIRFLOW_CTX_DAG_ID=data_pipeline
AIRFLOW_CTX_TASK_ID=tweets_to_es
AIRFLOW_CTX_EXECUTION_DATE=2022-07-30T16:24:00+00:00
AIRFLOW_CTX_TRY_NUMBER=1
AIRFLOW_CTX_DAG_RUN_ID=scheduled__2022-07-30T16:24:00+00:00
[2022-07-30 17:28:03,505] {twitter.py:696} INFO - Retrieving scroll page None
[2022-07-30 17:28:03,505] {twitter.py:626} INFO - Retrieving guest token
[2022-07-30 17:28:03,506] {base.py:171} INFO - Retrieving https://twitter.com/search?f=live&lang=en&q=near%3AParis+since%3A1659198240+until%3A1659198480&src=spelling_expansion_revert_click
[2022-07-30 17:28:04,509] {base.py:189} INFO - Retrieved https://twitter.com/search?f=live&lang=en&q=near%3AParis+since%3A1659198240+until%3A1659198480&src=spelling_expansion_revert_click: 200
[2022-07-30 17:28:04,520] {base.py:171} INFO - Retrieving https://api.twitter.com/2/search/adaptive.json?include_profile_interstitial_type=1&include_blocking=1&include_blocked_by=1&include_followed_by=1&include_want_retweets=1&include_mute_edge=1&include_can_dm=1&include_can_media_tag=1&skip_status=1&cards_platform=Web-12&include_cards=1&include_ext_alt_text=true&include_quote_count=true&include_reply_count=1&tweet_mode=extended&include_entities=true&include_user_entities=true&include_ext_media_color=true&include_ext_media_availability=true&send_error_codes=true&simple_quoted_tweets=true&q=near%3AParis+since%3A1659198240+until%3A1659198480&tweet_search_mode=live&count=100&query_source=spelling_expansion_revert_click&pc=1&spelling_corrections=1&ext=mediaStats%2ChighlightedLabel
[2022-07-30 17:28:05,758] {base.py:189} INFO - Retrieved https://api.twitter.com/2/search/adaptive.json?include_profile_interstitial_type=1&include_blocking=1&include_blocked_by=1&include_followed_by=1&include_want_retweets=1&include_mute_edge=1&include_can_dm=1&include_can_media_tag=1&skip_status=1&cards_platform=Web-12&include_cards=1&include_ext_alt_text=true&include_quote_count=true&include_reply_count=1&tweet_mode=extended&include_entities=true&include_user_entities=true&include_ext_media_color=true&include_ext_media_availability=true&send_error_codes=true&simple_quoted_tweets=true&q=near%3AParis+since%3A1659198240+until%3A1659198480&tweet_search_mode=live&count=100&query_source=spelling_expansion_revert_click&pc=1&spelling_corrections=1&ext=mediaStats%2ChighlightedLabel: 200
[2022-07-30 17:28:06,269] {base.py:265} INFO - GET http://localhost:9200/ [status:200 request:0.003s]
[2022-07-30 17:28:06,276] {base.py:265} INFO - PUT http://localhost:9200/my_index/_doc/1553417130468687872 [status:201 request:0.006s]
[2022-07-30 17:28:06,295] {base.py:265} INFO - PUT http://localhost:9200/my_index/_doc/1553417129134882816 [status:201 request:0.006s]
[2022-07-30 17:28:06,328] {base.py:265} INFO - PUT http://localhost:9200/my_index/_doc/1553417125355606016 [status:201 request:0.006s]
[2022-07-30 17:28:06,366] {base.py:265} INFO - PUT http://localhost:9200/my_index/_doc/1553417125112565761 [status:201 request:0.006s]
[2022-07-30 17:28:06,387] {base.py:265} INFO - PUT http://localhost:9200/my_index/_doc/1553417124110024704 [status:201 request:0.006s]
[2022-07-30 17:28:06,462] {base.py:265} INFO - PUT http://localhost:9200/my_index/_doc/1553417122939797506 [status:201 request:0.006s]
[2022-07-30 17:28:06,474] {base.py:265} INFO - PUT http://localhost:9200/my_index/_doc/1553417121845108736 [status:201 request:0.006s]
[2022-07-30 17:28:06,534] {base.py:265} INFO - PUT http://localhost:9200/my_index/_doc/1553417117822849024 [status:201 request:0.006s]
[2022-07-30 17:28:06,545] {base.py:265} INFO - PUT http://localhost:9200/my_index/_doc/1553417116858081285 [status:201 request:0.007s]
[2022-07-30 17:28:06,555] {base.py:265} INFO - PUT http://localhost:9200/my_index/_doc/1553417114664550400 [status:201 request:0.006s]
[2022-07-30 17:28:06,556] {twitter.py:696} INFO - Retrieving scroll page scroll:thGAVUV0VFVBaAgL651ajsjisWhICwndOp7I4rEnEV8IV6FYCJehgHREVGQVVMVDUBFQAVAAA=
[2022-07-30 17:28:06,558] {base.py:171} INFO - Retrieving https://api.twitter.com/2/search/adaptive.json?include_profile_interstitial_type=1&include_blocking=1&include_blocked_by=1&include_followed_by=1&include_want_retweets=1&include_mute_edge=1&include_can_dm=1&include_can_media_tag=1&skip_status=1&cards_platform=Web-12&include_cards=1&include_ext_alt_text=true&include_quote_count=true&include_reply_count=1&tweet_mode=extended&include_entities=true&include_user_entities=true&include_ext_media_color=true&include_ext_media_availability=true&send_error_codes=true&simple_quoted_tweets=true&q=near%3AParis+since%3A1659198240+until%3A1659198480&tweet_search_mode=live&count=100&query_source=spelling_expansion_revert_click&cursor=scroll%3AthGAVUV0VFVBaAgL651ajsjisWhICwndOp7I4rEnEV8IV6FYCJehgHREVGQVVMVDUBFQAVAAA%3D&pc=1&spelling_corrections=1&ext=mediaStats%2ChighlightedLabel
[2022-07-30 17:28:07,309] {base.py:189} INFO - Retrieved https://api.twitter.com/2/search/adaptive.json?include_profile_interstitial_type=1&include_blocking=1&include_blocked_by=1&include_followed_by=1&include_want_retweets=1&include_mute_edge=1&include_can_dm=1&include_can_media_tag=1&skip_status=1&cards_platform=Web-12&include_cards=1&include_ext_alt_text=true&include_quote_count=true&include_reply_count=1&tweet_mode=extended&include_entities=true&include_user_entities=true&include_ext_media_color=true&include_ext_media_availability=true&send_error_codes=true&simple_quoted_tweets=true&q=near%3AParis+since%3A1659198240+until%3A1659198480&tweet_search_mode=live&count=100&query_source=spelling_expansion_revert_click&cursor=scroll%3AthGAVUV0VFVBaAgL651ajsjisWhICwndOp7I4rEnEV8IV6FYCJehgHREVGQVVMVDUBFQAVAAA%3D&pc=1&spelling_corrections=1&ext=mediaStats%2ChighlightedLabel: 200
[2022-07-30 17:28:07,361] {base.py:265} INFO - PUT http://localhost:9200/my_index/_doc/1553417113284517888 [status:201 request:0.008s]
[2022-07-30 17:28:07,376] {base.py:265} INFO - PUT http://localhost:9200/my_index/_doc/1553417106401681408 [status:201 request:0.006s]
[2022-07-30 17:28:07,398] {base.py:265} INFO - PUT http://localhost:9200/my_index/_doc/1553417105453842433 [status:201 request:0.005s]
[2022-07-30 17:28:07,413] {base.py:265} INFO - PUT http://localhost:9200/my_index/_doc/1553417105114112001 [status:201 request:0.005s]
[2022-07-30 17:28:07,451] {base.py:265} INFO - PUT http://localhost:9200/my_index/_doc/1553417103469936640 [status:201 request:0.005s]
[2022-07-30 17:28:07,468] {base.py:265} INFO - PUT http://localhost:9200/my_index/_doc/1553417102794674179 [status:201 request:0.007s]
[2022-07-30 17:28:07,490] {base.py:265} INFO - PUT http://localhost:9200/my_index/_doc/1553417099984470017 [status:201 request:0.007s]
[2022-07-30 17:28:07,507] {base.py:265} INFO - PUT http://localhost:9200/my_index/_doc/1553417098516434944 [status:201 request:0.005s]
[2022-07-30 17:28:07,520] {base.py:265} INFO - PUT http://localhost:9200/my_index/_doc/1553417097526611968 [status:201 request:0.005s]
[2022-07-30 17:28:07,535] {base.py:265} INFO - PUT http://localhost:9200/my_index/_doc/1553417096289259522 [status:201 request:0.008s]
[2022-07-30 17:28:07,554] {base.py:265} INFO - PUT http://localhost:9200/my_index/_doc/1553417093227364352 [status:201 request:0.005s]
[2022-07-30 17:28:07,573] {base.py:265} INFO - PUT http://localhost:9200/my_index/_doc/1553417092980002817 [status:201 request:0.006s]
[2022-07-30 17:28:07,609] {base.py:265} INFO - PUT http://localhost:9200/my_index/_doc/1553417081621807106 [status:201 request:0.005s]
[2022-07-30 17:28:07,649] {twitter.py:696} INFO - Retrieving scroll page scroll:thGAVUV0VFVBaAgL2506bsjisWhICwndOp7I4rEnEV4IJ6FYCJehgHREVGQVVMVDUBFQIVAAA=
[2022-07-30 17:28:07,651] {base.py:171} INFO - Retrieving https://api.twitter.com/2/search/adaptive.json?include_profile_interstitial_type=1&include_blocking=1&include_blocked_by=1&include_followed_by=1&include_want_retweets=1&include_mute_edge=1&include_can_dm=1&include_can_media_tag=1&skip_status=1&cards_platform=Web-12&include_cards=1&include_ext_alt_text=true&include_quote_count=true&include_reply_count=1&tweet_mode=extended&include_entities=true&include_user_entities=true&include_ext_media_color=true&include_ext_media_availability=true&send_error_codes=true&simple_quoted_tweets=true&q=near%3AParis+since%3A1659198240+until%3A1659198480&tweet_search_mode=live&count=100&query_source=spelling_expansion_revert_click&cursor=scroll%3AthGAVUV0VFVBaAgL2506bsjisWhICwndOp7I4rEnEV4IJ6FYCJehgHREVGQVVMVDUBFQIVAAA%3D&pc=1&spelling_corrections=1&ext=mediaStats%2ChighlightedLabel
[2022-07-30 17:28:08,819] {base.py:189} INFO - Retrieved https://api.twitter.com/2/search/adaptive.json?include_profile_interstitial_type=1&include_blocking=1&include_blocked_by=1&include_followed_by=1&include_want_retweets=1&include_mute_edge=1&include_can_dm=1&include_can_media_tag=1&skip_status=1&cards_platform=Web-12&include_cards=1&include_ext_alt_text=true&include_quote_count=true&include_reply_count=1&tweet_mode=extended&include_entities=true&include_user_entities=true&include_ext_media_color=true&include_ext_media_availability=true&send_error_codes=true&simple_quoted_tweets=true&q=near%3AParis+since%3A1659198240+until%3A1659198480&tweet_search_mode=live&count=100&query_source=spelling_expansion_revert_click&cursor=scroll%3AthGAVUV0VFVBaAgL2506bsjisWhICwndOp7I4rEnEV4IJ6FYCJehgHREVGQVVMVDUBFQIVAAA%3D&pc=1&spelling_corrections=1&ext=mediaStats%2ChighlightedLabel: 200
[2022-07-30 17:28:08,885] {base.py:265} INFO - PUT http://localhost:9200/my_index/_doc/1553417079663083520 [status:201 request:0.007s]
[2022-07-30 17:28:08,909] {base.py:265} INFO - PUT http://localhost:9200/my_index/_doc/1553417077570019328 [status:201 request:0.005s]
[2022-07-30 17:28:08,940] {base.py:265} INFO - PUT http://localhost:9200/my_index/_doc/1553417076508958722 [status:201 request:0.005s]
[2022-07-30 17:28:08,950] {base.py:265} INFO - PUT http://localhost:9200/my_index/_doc/1553417074197889026 [status:201 request:0.005s]
[2022-07-30 17:28:08,965] {base.py:265} INFO - PUT http://localhost:9200/my_index/_doc/1553417070867521539 [status:201 request:0.005s]
[2022-07-30 17:28:08,980] {base.py:265} INFO - PUT http://localhost:9200/my_index/_doc/1553417070439792646 [status:201 request:0.005s]
[2022-07-30 17:28:09,006] {base.py:265} INFO - PUT http://localhost:9200/my_index/_doc/1553417065192726529 [status:201 request:0.005s]
[2022-07-30 17:28:09,079] {base.py:265} INFO - PUT http://localhost:9200/my_index/_doc/1553417065016528900 [status:201 request:0.066s]
[2022-07-30 17:28:09,112] {base.py:265} INFO - PUT http://localhost:9200/my_index/_doc/1553417059962322944 [status:201 request:0.008s]
[2022-07-30 17:28:09,123] {base.py:265} INFO - PUT http://localhost:9200/my_index/_doc/1553417059366834177 [status:201 request:0.006s]
[2022-07-30 17:28:09,162] {base.py:265} INFO - PUT http://localhost:9200/my_index/_doc/1553417058053931008 [status:201 request:0.006s]
[2022-07-30 17:28:09,179] {base.py:265} INFO - PUT http://localhost:9200/my_index/_doc/1553417055285780482 [status:201 request:0.005s]
[2022-07-30 17:28:09,217] {base.py:265} INFO - PUT http://localhost:9200/my_index/_doc/1553417054845272071 [status:201 request:0.005s]
[2022-07-30 17:28:09,227] {base.py:265} INFO - PUT http://localhost:9200/my_index/_doc/1553417053964468226 [status:201 request:0.005s]
[2022-07-30 17:28:09,231] {twitter.py:696} INFO - Retrieving scroll page scroll:thGAVUV0VFVBaCgNKF76TsjisWhICwndOp7I4rEnEV0P95FYCJehgHREVGQVVMVDUBFQQVAAA=
[2022-07-30 17:28:09,233] {base.py:171} INFO - Retrieving https://api.twitter.com/2/search/adaptive.json?include_profile_interstitial_type=1&include_blocking=1&include_blocked_by=1&include_followed_by=1&include_want_retweets=1&include_mute_edge=1&include_can_dm=1&include_can_media_tag=1&skip_status=1&cards_platform=Web-12&include_cards=1&include_ext_alt_text=true&include_quote_count=true&include_reply_count=1&tweet_mode=extended&include_entities=true&include_user_entities=true&include_ext_media_color=true&include_ext_media_availability=true&send_error_codes=true&simple_quoted_tweets=true&q=near%3AParis+since%3A1659198240+until%3A1659198480&tweet_search_mode=live&count=100&query_source=spelling_expansion_revert_click&cursor=scroll%3AthGAVUV0VFVBaCgNKF76TsjisWhICwndOp7I4rEnEV0P95FYCJehgHREVGQVVMVDUBFQQVAAA%3D&pc=1&spelling_corrections=1&ext=mediaStats%2ChighlightedLabel
[2022-07-30 17:28:09,756] {base.py:189} INFO - Retrieved https://api.twitter.com/2/search/adaptive.json?include_profile_interstitial_type=1&include_blocking=1&include_blocked_by=1&include_followed_by=1&include_want_retweets=1&include_mute_edge=1&include_can_dm=1&include_can_media_tag=1&skip_status=1&cards_platform=Web-12&include_cards=1&include_ext_alt_text=true&include_quote_count=true&include_reply_count=1&tweet_mode=extended&include_entities=true&include_user_entities=true&include_ext_media_color=true&include_ext_media_availability=true&send_error_codes=true&simple_quoted_tweets=true&q=near%3AParis+since%3A1659198240+until%3A1659198480&tweet_search_mode=live&count=100&query_source=spelling_expansion_revert_click&cursor=scroll%3AthGAVUV0VFVBaCgNKF76TsjisWhICwndOp7I4rEnEV0P95FYCJehgHREVGQVVMVDUBFQQVAAA%3D&pc=1&spelling_corrections=1&ext=mediaStats%2ChighlightedLabel: 200
[2022-07-30 17:28:09,814] {base.py:265} INFO - PUT http://localhost:9200/my_index/_doc/1553417046146355200 [status:201 request:0.009s]
[2022-07-30 17:28:09,834] {base.py:265} INFO - PUT http://localhost:9200/my_index/_doc/1553417042736324608 [status:201 request:0.006s]
[2022-07-30 17:28:09,864] {base.py:265} INFO - PUT http://localhost:9200/my_index/_doc/1553417041226465283 [status:201 request:0.005s]
[2022-07-30 17:28:09,875] {base.py:265} INFO - PUT http://localhost:9200/my_index/_doc/1553417040068747271 [status:201 request:0.007s]
[2022-07-30 17:28:09,937] {base.py:265} INFO - PUT http://localhost:9200/my_index/_doc/1553417034607755265 [status:201 request:0.005s]
[2022-07-30 17:28:09,949] {base.py:265} INFO - PUT http://localhost:9200/my_index/_doc/1553417034024747008 [status:201 request:0.005s]
[2022-07-30 17:28:09,981] {base.py:265} INFO - PUT http://localhost:9200/my_index/_doc/1553417032451985408 [status:201 request:0.006s]
[2022-07-30 17:28:10,001] {base.py:265} INFO - PUT http://localhost:9200/my_index/_doc/1553417031667564547 [status:201 request:0.006s]
[2022-07-30 17:28:10,019] {base.py:265} INFO - PUT http://localhost:9200/my_index/_doc/1553417029331423232 [status:201 request:0.005s]
[2022-07-30 17:28:10,038] {base.py:265} INFO - PUT http://localhost:9200/my_index/_doc/1553417027737587713 [status:201 request:0.006s]
[2022-07-30 17:28:10,051] {base.py:265} INFO - PUT http://localhost:9200/my_index/_doc/1553417027494240262 [status:201 request:0.005s]
[2022-07-30 17:28:10,062] {base.py:265} INFO - PUT http://localhost:9200/my_index/_doc/1553417027154493446 [status:201 request:0.005s]
[2022-07-30 17:28:10,094] {base.py:265} INFO - PUT http://localhost:9200/my_index/_doc/1553417025967603713 [status:201 request:0.005s]
[2022-07-30 17:28:10,107] {base.py:265} INFO - PUT http://localhost:9200/my_index/_doc/1553417025179078656 [status:201 request:0.005s]
[2022-07-30 17:28:10,108] {twitter.py:696} INFO - Retrieving scroll page scroll:thGAVUV0VFVBaAwL7duqPsjisWhICwndOp7I4rEnEVwPx5FYCJehgHREVGQVVMVDUBFQYVAAA=
[2022-07-30 17:28:10,110] {base.py:171} INFO - Retrieving https://api.twitter.com/2/search/adaptive.json?include_profile_interstitial_type=1&include_blocking=1&include_blocked_by=1&include_followed_by=1&include_want_retweets=1&include_mute_edge=1&include_can_dm=1&include_can_media_tag=1&skip_status=1&cards_platform=Web-12&include_cards=1&include_ext_alt_text=true&include_quote_count=true&include_reply_count=1&tweet_mode=extended&include_entities=true&include_user_entities=true&include_ext_media_color=true&include_ext_media_availability=true&send_error_codes=true&simple_quoted_tweets=true&q=near%3AParis+since%3A1659198240+until%3A1659198480&tweet_search_mode=live&count=100&query_source=spelling_expansion_revert_click&cursor=scroll%3AthGAVUV0VFVBaAwL7duqPsjisWhICwndOp7I4rEnEVwPx5FYCJehgHREVGQVVMVDUBFQYVAAA%3D&pc=1&spelling_corrections=1&ext=mediaStats%2ChighlightedLabel
[2022-07-30 17:28:10,876] {base.py:189} INFO - Retrieved https://api.twitter.com/2/search/adaptive.json?include_profile_interstitial_type=1&include_blocking=1&include_blocked_by=1&include_followed_by=1&include_want_retweets=1&include_mute_edge=1&include_can_dm=1&include_can_media_tag=1&skip_status=1&cards_platform=Web-12&include_cards=1&include_ext_alt_text=true&include_quote_count=true&include_reply_count=1&tweet_mode=extended&include_entities=true&include_user_entities=true&include_ext_media_color=true&include_ext_media_availability=true&send_error_codes=true&simple_quoted_tweets=true&q=near%3AParis+since%3A1659198240+until%3A1659198480&tweet_search_mode=live&count=100&query_source=spelling_expansion_revert_click&cursor=scroll%3AthGAVUV0VFVBaAwL7duqPsjisWhICwndOp7I4rEnEVwPx5FYCJehgHREVGQVVMVDUBFQYVAAA%3D&pc=1&spelling_corrections=1&ext=mediaStats%2ChighlightedLabel: 200
[2022-07-30 17:28:10,907] {base.py:265} INFO - PUT http://localhost:9200/my_index/_doc/1553417024881262593 [status:201 request:0.010s]
[2022-07-30 17:28:10,928] {base.py:265} INFO - PUT http://localhost:9200/my_index/_doc/1553417024721879040 [status:201 request:0.005s]
[2022-07-30 17:28:10,945] {base.py:265} INFO - PUT http://localhost:9200/my_index/_doc/1553417023522217984 [status:201 request:0.012s]
[2022-07-30 17:28:10,969] {base.py:265} INFO - PUT http://localhost:9200/my_index/_doc/1553417022696046600 [status:201 request:0.007s]
[2022-07-30 17:28:10,990] {base.py:265} INFO - PUT http://localhost:9200/my_index/_doc/1553417022507204608 [status:201 request:0.007s]
[2022-07-30 17:28:11,005] {base.py:265} INFO - PUT http://localhost:9200/my_index/_doc/1553417019868995584 [status:201 request:0.006s]
[2022-07-30 17:28:11,018] {base.py:265} INFO - PUT http://localhost:9200/my_index/_doc/1553417019642503169 [status:201 request:0.006s]
[2022-07-30 17:28:11,028] {base.py:265} INFO - PUT http://localhost:9200/my_index/_doc/1553417017729900546 [status:201 request:0.005s]
[2022-07-30 17:28:11,044] {base.py:265} INFO - PUT http://localhost:9200/my_index/_doc/1553417016761106432 [status:201 request:0.007s]
[2022-07-30 17:28:11,086] {base.py:265} INFO - PUT http://localhost:9200/my_index/_doc/1553417011639848960 [status:201 request:0.005s]
[2022-07-30 17:28:11,119] {base.py:265} INFO - PUT http://localhost:9200/my_index/_doc/1553417002714284032 [status:201 request:0.005s]
[2022-07-30 17:28:11,136] {base.py:265} INFO - PUT http://localhost:9200/my_index/_doc/1553416998754852864 [status:201 request:0.006s]
[2022-07-30 17:28:11,160] {base.py:265} INFO - PUT http://localhost:9200/my_index/_doc/1553416997542760448 [status:201 request:0.006s]
[2022-07-30 17:28:11,179] {base.py:265} INFO - PUT http://localhost:9200/my_index/_doc/1553416996892676097 [status:201 request:0.006s]
[2022-07-30 17:28:11,237] {twitter.py:696} INFO - Retrieving scroll page scroll:thGAVUV0VFVBaAgL6B5KHsjisWhICwndOp7I4rEnEVsPl5FYCJehgHREVGQVVMVDUBFQgVAAA=
[2022-07-30 17:28:11,239] {base.py:171} INFO - Retrieving https://api.twitter.com/2/search/adaptive.json?include_profile_interstitial_type=1&include_blocking=1&include_blocked_by=1&include_followed_by=1&include_want_retweets=1&include_mute_edge=1&include_can_dm=1&include_can_media_tag=1&skip_status=1&cards_platform=Web-12&include_cards=1&include_ext_alt_text=true&include_quote_count=true&include_reply_count=1&tweet_mode=extended&include_entities=true&include_user_entities=true&include_ext_media_color=true&include_ext_media_availability=true&send_error_codes=true&simple_quoted_tweets=true&q=near%3AParis+since%3A1659198240+until%3A1659198480&tweet_search_mode=live&count=100&query_source=spelling_expansion_revert_click&cursor=scroll%3AthGAVUV0VFVBaAgL6B5KHsjisWhICwndOp7I4rEnEVsPl5FYCJehgHREVGQVVMVDUBFQgVAAA%3D&pc=1&spelling_corrections=1&ext=mediaStats%2ChighlightedLabel
[2022-07-30 17:28:12,022] {base.py:189} INFO - Retrieved https://api.twitter.com/2/search/adaptive.json?include_profile_interstitial_type=1&include_blocking=1&include_blocked_by=1&include_followed_by=1&include_want_retweets=1&include_mute_edge=1&include_can_dm=1&include_can_media_tag=1&skip_status=1&cards_platform=Web-12&include_cards=1&include_ext_alt_text=true&include_quote_count=true&include_reply_count=1&tweet_mode=extended&include_entities=true&include_user_entities=true&include_ext_media_color=true&include_ext_media_availability=true&send_error_codes=true&simple_quoted_tweets=true&q=near%3AParis+since%3A1659198240+until%3A1659198480&tweet_search_mode=live&count=100&query_source=spelling_expansion_revert_click&cursor=scroll%3AthGAVUV0VFVBaAgL6B5KHsjisWhICwndOp7I4rEnEVsPl5FYCJehgHREVGQVVMVDUBFQgVAAA%3D&pc=1&spelling_corrections=1&ext=mediaStats%2ChighlightedLabel: 200
[2022-07-30 17:28:12,089] {python.py:173} INFO - Done. Returned value was: None
[2022-07-30 17:28:12,098] {taskinstance.py:1396} INFO - Marking task as SUCCESS. dag_id=data_pipeline, task_id=tweets_to_es, execution_date=20220730T162400, start_date=20220730T162803, end_date=20220730T162812
[2022-07-30 17:28:12,133] {local_task_job.py:156} INFO - Task exited with return code 0
[2022-07-30 17:28:12,142] {local_task_job.py:273} INFO - 0 downstream tasks scheduled from follow-on schedule check
