[2022-06-01 21:31:25,471] {taskinstance.py:1160} INFO - Dependencies all met for <TaskInstance: download_rocket_launches.download_launches scheduled__2022-05-26T00:00:00+00:00 [queued]>
[2022-06-01 21:31:25,476] {taskinstance.py:1160} INFO - Dependencies all met for <TaskInstance: download_rocket_launches.download_launches scheduled__2022-05-26T00:00:00+00:00 [queued]>
[2022-06-01 21:31:25,477] {taskinstance.py:1357} INFO - 
--------------------------------------------------------------------------------
[2022-06-01 21:31:25,477] {taskinstance.py:1358} INFO - Starting attempt 1 of 1
[2022-06-01 21:31:25,477] {taskinstance.py:1359} INFO - 
--------------------------------------------------------------------------------
[2022-06-01 21:31:25,487] {taskinstance.py:1378} INFO - Executing <Task(BashOperator): download_launches> on 2022-05-26 00:00:00+00:00
[2022-06-01 21:31:25,490] {standard_task_runner.py:52} INFO - Started process 21977 to run task
[2022-06-01 21:31:25,493] {standard_task_runner.py:79} INFO - Running: ['airflow', 'tasks', 'run', 'download_rocket_launches', 'download_launches', 'scheduled__2022-05-26T00:00:00+00:00', '--job-id', '28', '--raw', '--subdir', 'DAGS_FOLDER/download_rocket_launches.py', '--cfg-path', '/tmp/tmpudewl9qu', '--error-file', '/tmp/tmpvydak6i8']
[2022-06-01 21:31:25,493] {standard_task_runner.py:80} INFO - Job 28: Subtask download_launches
[2022-06-01 21:31:25,527] {task_command.py:370} INFO - Running <TaskInstance: download_rocket_launches.download_launches scheduled__2022-05-26T00:00:00+00:00 [running]> on host oury-Tp
[2022-06-01 21:31:25,576] {taskinstance.py:1570} INFO - Exporting the following env vars:
AIRFLOW_CTX_DAG_OWNER=airflow
AIRFLOW_CTX_DAG_ID=download_rocket_launches
AIRFLOW_CTX_TASK_ID=download_launches
AIRFLOW_CTX_EXECUTION_DATE=2022-05-26T00:00:00+00:00
AIRFLOW_CTX_TRY_NUMBER=1
AIRFLOW_CTX_DAG_RUN_ID=scheduled__2022-05-26T00:00:00+00:00
[2022-06-01 21:31:25,577] {subprocess.py:62} INFO - Tmp dir root location: 
 /tmp
[2022-06-01 21:31:25,577] {subprocess.py:74} INFO - Running command: ['bash', '-c', "curl -o /tmp/launches.json -L 'https://ll.thespacedevs.com/2.0.0/launch/upcoming'"]
[2022-06-01 21:31:25,583] {subprocess.py:85} INFO - Output:
[2022-06-01 21:31:25,589] {subprocess.py:92} INFO -   % Total    % Received % Xferd  Average Speed   Time    Time     Time  Current
[2022-06-01 21:31:25,589] {subprocess.py:92} INFO -                                  Dload  Upload   Total   Spent    Left  Speed
[2022-06-01 21:31:26,227] {subprocess.py:92} INFO -   0     0    0     0    0     0      0      0 --:--:-- --:--:-- --:--:--     0  0     0    0     0    0     0      0      0 --:--:-- --:--:-- --:--:--     0  0     0    0     0    0     0      0      0 --:--:-- --:--:-- --:--:--     0
[2022-06-01 21:31:26,708] {subprocess.py:92} INFO - 100 26908  100 26908    0     0  24045      0  0:00:01  0:00:01 --:--:-- 24045
[2022-06-01 21:31:26,710] {subprocess.py:96} INFO - Command exited with return code 0
[2022-06-01 21:31:26,728] {taskinstance.py:1396} INFO - Marking task as SUCCESS. dag_id=download_rocket_launches, task_id=download_launches, execution_date=20220526T000000, start_date=20220601T203125, end_date=20220601T203126
[2022-06-01 21:31:26,749] {local_task_job.py:156} INFO - Task exited with return code 0
[2022-06-01 21:31:26,773] {local_task_job.py:273} INFO - 1 downstream tasks scheduled from follow-on schedule check
