[2022-08-10 11:12:04,326] {taskinstance.py:1160} INFO - Dependencies all met for <TaskInstance: data_pipeline.tweets_to_es manual__2022-08-10T10:12:00.669828+00:00 [queued]>
[2022-08-10 11:12:04,331] {taskinstance.py:1160} INFO - Dependencies all met for <TaskInstance: data_pipeline.tweets_to_es manual__2022-08-10T10:12:00.669828+00:00 [queued]>
[2022-08-10 11:12:04,331] {taskinstance.py:1357} INFO - 
--------------------------------------------------------------------------------
[2022-08-10 11:12:04,331] {taskinstance.py:1358} INFO - Starting attempt 1 of 1
[2022-08-10 11:12:04,331] {taskinstance.py:1359} INFO - 
--------------------------------------------------------------------------------
[2022-08-10 11:12:04,344] {taskinstance.py:1378} INFO - Executing <Task(PythonOperator): tweets_to_es> on 2022-08-10 10:12:00.669828+00:00
[2022-08-10 11:12:04,346] {standard_task_runner.py:52} INFO - Started process 10181 to run task
[2022-08-10 11:12:04,349] {standard_task_runner.py:79} INFO - Running: ['airflow', 'tasks', 'run', 'data_pipeline', 'tweets_to_es', 'manual__2022-08-10T10:12:00.669828+00:00', '--job-id', '4', '--raw', '--subdir', 'DAGS_FOLDER/airfow_es.py', '--cfg-path', '/tmp/tmpwz_6i282', '--error-file', '/tmp/tmpi7mwuqp7']
[2022-08-10 11:12:04,350] {standard_task_runner.py:80} INFO - Job 4: Subtask tweets_to_es
[2022-08-10 11:12:04,383] {task_command.py:370} INFO - Running <TaskInstance: data_pipeline.tweets_to_es manual__2022-08-10T10:12:00.669828+00:00 [running]> on host oury-Tp
[2022-08-10 11:12:04,423] {taskinstance.py:1570} INFO - Exporting the following env vars:
AIRFLOW_CTX_DAG_OWNER=airflow
AIRFLOW_CTX_DAG_ID=data_pipeline
AIRFLOW_CTX_TASK_ID=tweets_to_es
AIRFLOW_CTX_EXECUTION_DATE=2022-08-10T10:12:00.669828+00:00
AIRFLOW_CTX_TRY_NUMBER=1
AIRFLOW_CTX_DAG_RUN_ID=manual__2022-08-10T10:12:00.669828+00:00
[2022-08-10 11:12:04,424] {twitter.py:696} INFO - Retrieving scroll page None
[2022-08-10 11:12:04,424] {twitter.py:626} INFO - Retrieving guest token
[2022-08-10 11:12:04,426] {base.py:171} INFO - Retrieving https://twitter.com/search?f=live&lang=en&q=near%3AAbidjan+since%3A1660125900+until%3A1660126200&src=spelling_expansion_revert_click
[2022-08-10 11:12:04,964] {base.py:189} INFO - Retrieved https://twitter.com/search?f=live&lang=en&q=near%3AAbidjan+since%3A1660125900+until%3A1660126200&src=spelling_expansion_revert_click: 200
[2022-08-10 11:12:04,968] {base.py:171} INFO - Retrieving https://api.twitter.com/2/search/adaptive.json?include_profile_interstitial_type=1&include_blocking=1&include_blocked_by=1&include_followed_by=1&include_want_retweets=1&include_mute_edge=1&include_can_dm=1&include_can_media_tag=1&skip_status=1&cards_platform=Web-12&include_cards=1&include_ext_alt_text=true&include_quote_count=true&include_reply_count=1&tweet_mode=extended&include_entities=true&include_user_entities=true&include_ext_media_color=true&include_ext_media_availability=true&send_error_codes=true&simple_quoted_tweets=true&q=near%3AAbidjan+since%3A1660125900+until%3A1660126200&tweet_search_mode=live&count=100&query_source=spelling_expansion_revert_click&pc=1&spelling_corrections=1&ext=mediaStats%2ChighlightedLabel
[2022-08-10 11:12:05,616] {base.py:189} INFO - Retrieved https://api.twitter.com/2/search/adaptive.json?include_profile_interstitial_type=1&include_blocking=1&include_blocked_by=1&include_followed_by=1&include_want_retweets=1&include_mute_edge=1&include_can_dm=1&include_can_media_tag=1&skip_status=1&cards_platform=Web-12&include_cards=1&include_ext_alt_text=true&include_quote_count=true&include_reply_count=1&tweet_mode=extended&include_entities=true&include_user_entities=true&include_ext_media_color=true&include_ext_media_availability=true&send_error_codes=true&simple_quoted_tweets=true&q=near%3AAbidjan+since%3A1660125900+until%3A1660126200&tweet_search_mode=live&count=100&query_source=spelling_expansion_revert_click&pc=1&spelling_corrections=1&ext=mediaStats%2ChighlightedLabel: 200
[2022-08-10 11:12:06,355] {base.py:265} INFO - GET http://localhost:9200/ [status:200 request:0.018s]
[2022-08-10 11:12:06,374] {base.py:265} INFO - PUT http://localhost:9200/my_index/_doc/1557308000053911553 [status:200 request:0.017s]
[2022-08-10 11:12:06,388] {base.py:265} INFO - PUT http://localhost:9200/my_index/_doc/1557307860882702336 [status:200 request:0.009s]
[2022-08-10 11:12:06,402] {base.py:265} INFO - PUT http://localhost:9200/my_index/_doc/1557307780566061056 [status:200 request:0.008s]
[2022-08-10 11:12:06,419] {base.py:265} INFO - PUT http://localhost:9200/my_index/_doc/1557307755307868161 [status:200 request:0.009s]
[2022-08-10 11:12:06,436] {base.py:265} INFO - PUT http://localhost:9200/my_index/_doc/1557307741491924995 [status:200 request:0.008s]
[2022-08-10 11:12:06,450] {base.py:265} INFO - PUT http://localhost:9200/my_index/_doc/1557307724756557825 [status:200 request:0.009s]
[2022-08-10 11:12:06,532] {base.py:265} INFO - PUT http://localhost:9200/my_index/_doc/1557307548985970688 [status:200 request:0.019s]
[2022-08-10 11:12:06,553] {base.py:265} INFO - PUT http://localhost:9200/my_index/_doc/1557307470736916481 [status:200 request:0.010s]
[2022-08-10 11:12:06,572] {base.py:265} INFO - PUT http://localhost:9200/my_index/_doc/1557307439170686977 [status:200 request:0.009s]
[2022-08-10 11:12:06,594] {base.py:265} INFO - PUT http://localhost:9200/my_index/_doc/1557307350540861441 [status:200 request:0.010s]
[2022-08-10 11:12:06,613] {base.py:265} INFO - PUT http://localhost:9200/my_index/_doc/1557307258224222209 [status:200 request:0.009s]
[2022-08-10 11:12:06,616] {twitter.py:696} INFO - Retrieving scroll page scroll:thGAVUV0VFVBaAgLPx9KnVnCsWgoCz0YDY1ZwrEnEV_IZ6FYCJehgHREVGQVVMVDUBFQAVAAA=
[2022-08-10 11:12:06,618] {base.py:171} INFO - Retrieving https://api.twitter.com/2/search/adaptive.json?include_profile_interstitial_type=1&include_blocking=1&include_blocked_by=1&include_followed_by=1&include_want_retweets=1&include_mute_edge=1&include_can_dm=1&include_can_media_tag=1&skip_status=1&cards_platform=Web-12&include_cards=1&include_ext_alt_text=true&include_quote_count=true&include_reply_count=1&tweet_mode=extended&include_entities=true&include_user_entities=true&include_ext_media_color=true&include_ext_media_availability=true&send_error_codes=true&simple_quoted_tweets=true&q=near%3AAbidjan+since%3A1660125900+until%3A1660126200&tweet_search_mode=live&count=100&query_source=spelling_expansion_revert_click&cursor=scroll%3AthGAVUV0VFVBaAgLPx9KnVnCsWgoCz0YDY1ZwrEnEV_IZ6FYCJehgHREVGQVVMVDUBFQAVAAA%3D&pc=1&spelling_corrections=1&ext=mediaStats%2ChighlightedLabel
[2022-08-10 11:12:06,790] {base.py:189} INFO - Retrieved https://api.twitter.com/2/search/adaptive.json?include_profile_interstitial_type=1&include_blocking=1&include_blocked_by=1&include_followed_by=1&include_want_retweets=1&include_mute_edge=1&include_can_dm=1&include_can_media_tag=1&skip_status=1&cards_platform=Web-12&include_cards=1&include_ext_alt_text=true&include_quote_count=true&include_reply_count=1&tweet_mode=extended&include_entities=true&include_user_entities=true&include_ext_media_color=true&include_ext_media_availability=true&send_error_codes=true&simple_quoted_tweets=true&q=near%3AAbidjan+since%3A1660125900+until%3A1660126200&tweet_search_mode=live&count=100&query_source=spelling_expansion_revert_click&cursor=scroll%3AthGAVUV0VFVBaAgLPx9KnVnCsWgoCz0YDY1ZwrEnEV_IZ6FYCJehgHREVGQVVMVDUBFQAVAAA%3D&pc=1&spelling_corrections=1&ext=mediaStats%2ChighlightedLabel: 200
[2022-08-10 11:12:06,792] {twitter.py:696} INFO - Retrieving scroll page scroll:thGAVUV0VFVBaAgLPx9KnVnCsWgoCz0YDY1ZwrEnEV_IZ6FYCJehgHREVGQVVMVDUBFQAVAAA=
[2022-08-10 11:12:06,796] {base.py:171} INFO - Retrieving https://api.twitter.com/2/search/adaptive.json?include_profile_interstitial_type=1&include_blocking=1&include_blocked_by=1&include_followed_by=1&include_want_retweets=1&include_mute_edge=1&include_can_dm=1&include_can_media_tag=1&skip_status=1&cards_platform=Web-12&include_cards=1&include_ext_alt_text=true&include_quote_count=true&include_reply_count=1&tweet_mode=extended&include_entities=true&include_user_entities=true&include_ext_media_color=true&include_ext_media_availability=true&send_error_codes=true&simple_quoted_tweets=true&q=near%3AAbidjan+since%3A1660125900+until%3A1660126200&tweet_search_mode=live&count=100&query_source=spelling_expansion_revert_click&cursor=scroll%3AthGAVUV0VFVBaAgLPx9KnVnCsWgoCz0YDY1ZwrEnEV_IZ6FYCJehgHREVGQVVMVDUBFQAVAAA%3D&pc=1&spelling_corrections=1&ext=mediaStats%2ChighlightedLabel
[2022-08-10 11:12:06,967] {base.py:189} INFO - Retrieved https://api.twitter.com/2/search/adaptive.json?include_profile_interstitial_type=1&include_blocking=1&include_blocked_by=1&include_followed_by=1&include_want_retweets=1&include_mute_edge=1&include_can_dm=1&include_can_media_tag=1&skip_status=1&cards_platform=Web-12&include_cards=1&include_ext_alt_text=true&include_quote_count=true&include_reply_count=1&tweet_mode=extended&include_entities=true&include_user_entities=true&include_ext_media_color=true&include_ext_media_availability=true&send_error_codes=true&simple_quoted_tweets=true&q=near%3AAbidjan+since%3A1660125900+until%3A1660126200&tweet_search_mode=live&count=100&query_source=spelling_expansion_revert_click&cursor=scroll%3AthGAVUV0VFVBaAgLPx9KnVnCsWgoCz0YDY1ZwrEnEV_IZ6FYCJehgHREVGQVVMVDUBFQAVAAA%3D&pc=1&spelling_corrections=1&ext=mediaStats%2ChighlightedLabel: 200
[2022-08-10 11:12:06,968] {twitter.py:696} INFO - Retrieving scroll page scroll:thGAVUV0VFVBaAgLPx9KnVnCsWgoCz0YDY1ZwrEnEV_IZ6FYCJehgHREVGQVVMVDUBFQAVAAA=
[2022-08-10 11:12:06,969] {base.py:171} INFO - Retrieving https://api.twitter.com/2/search/adaptive.json?include_profile_interstitial_type=1&include_blocking=1&include_blocked_by=1&include_followed_by=1&include_want_retweets=1&include_mute_edge=1&include_can_dm=1&include_can_media_tag=1&skip_status=1&cards_platform=Web-12&include_cards=1&include_ext_alt_text=true&include_quote_count=true&include_reply_count=1&tweet_mode=extended&include_entities=true&include_user_entities=true&include_ext_media_color=true&include_ext_media_availability=true&send_error_codes=true&simple_quoted_tweets=true&q=near%3AAbidjan+since%3A1660125900+until%3A1660126200&tweet_search_mode=live&count=100&query_source=spelling_expansion_revert_click&cursor=scroll%3AthGAVUV0VFVBaAgLPx9KnVnCsWgoCz0YDY1ZwrEnEV_IZ6FYCJehgHREVGQVVMVDUBFQAVAAA%3D&pc=1&spelling_corrections=1&ext=mediaStats%2ChighlightedLabel
[2022-08-10 11:12:07,145] {base.py:189} INFO - Retrieved https://api.twitter.com/2/search/adaptive.json?include_profile_interstitial_type=1&include_blocking=1&include_blocked_by=1&include_followed_by=1&include_want_retweets=1&include_mute_edge=1&include_can_dm=1&include_can_media_tag=1&skip_status=1&cards_platform=Web-12&include_cards=1&include_ext_alt_text=true&include_quote_count=true&include_reply_count=1&tweet_mode=extended&include_entities=true&include_user_entities=true&include_ext_media_color=true&include_ext_media_availability=true&send_error_codes=true&simple_quoted_tweets=true&q=near%3AAbidjan+since%3A1660125900+until%3A1660126200&tweet_search_mode=live&count=100&query_source=spelling_expansion_revert_click&cursor=scroll%3AthGAVUV0VFVBaAgLPx9KnVnCsWgoCz0YDY1ZwrEnEV_IZ6FYCJehgHREVGQVVMVDUBFQAVAAA%3D&pc=1&spelling_corrections=1&ext=mediaStats%2ChighlightedLabel: 200
[2022-08-10 11:12:07,146] {twitter.py:696} INFO - Retrieving scroll page scroll:thGAVUV0VFVBaAgLPx9KnVnCsWgoCz0YDY1ZwrEnEV_IZ6FYCJehgHREVGQVVMVDUBFQAVAAA=
[2022-08-10 11:12:07,147] {base.py:171} INFO - Retrieving https://api.twitter.com/2/search/adaptive.json?include_profile_interstitial_type=1&include_blocking=1&include_blocked_by=1&include_followed_by=1&include_want_retweets=1&include_mute_edge=1&include_can_dm=1&include_can_media_tag=1&skip_status=1&cards_platform=Web-12&include_cards=1&include_ext_alt_text=true&include_quote_count=true&include_reply_count=1&tweet_mode=extended&include_entities=true&include_user_entities=true&include_ext_media_color=true&include_ext_media_availability=true&send_error_codes=true&simple_quoted_tweets=true&q=near%3AAbidjan+since%3A1660125900+until%3A1660126200&tweet_search_mode=live&count=100&query_source=spelling_expansion_revert_click&cursor=scroll%3AthGAVUV0VFVBaAgLPx9KnVnCsWgoCz0YDY1ZwrEnEV_IZ6FYCJehgHREVGQVVMVDUBFQAVAAA%3D&pc=1&spelling_corrections=1&ext=mediaStats%2ChighlightedLabel
[2022-08-10 11:12:07,318] {base.py:189} INFO - Retrieved https://api.twitter.com/2/search/adaptive.json?include_profile_interstitial_type=1&include_blocking=1&include_blocked_by=1&include_followed_by=1&include_want_retweets=1&include_mute_edge=1&include_can_dm=1&include_can_media_tag=1&skip_status=1&cards_platform=Web-12&include_cards=1&include_ext_alt_text=true&include_quote_count=true&include_reply_count=1&tweet_mode=extended&include_entities=true&include_user_entities=true&include_ext_media_color=true&include_ext_media_availability=true&send_error_codes=true&simple_quoted_tweets=true&q=near%3AAbidjan+since%3A1660125900+until%3A1660126200&tweet_search_mode=live&count=100&query_source=spelling_expansion_revert_click&cursor=scroll%3AthGAVUV0VFVBaAgLPx9KnVnCsWgoCz0YDY1ZwrEnEV_IZ6FYCJehgHREVGQVVMVDUBFQAVAAA%3D&pc=1&spelling_corrections=1&ext=mediaStats%2ChighlightedLabel: 200
[2022-08-10 11:12:07,321] {python.py:173} INFO - Done. Returned value was: None
[2022-08-10 11:12:07,334] {taskinstance.py:1396} INFO - Marking task as SUCCESS. dag_id=data_pipeline, task_id=tweets_to_es, execution_date=20220810T101200, start_date=20220810T101204, end_date=20220810T101207
[2022-08-10 11:12:07,379] {local_task_job.py:156} INFO - Task exited with return code 0
[2022-08-10 11:12:07,394] {local_task_job.py:273} INFO - 0 downstream tasks scheduled from follow-on schedule check
