[2022-06-07 19:21:02,726] {taskinstance.py:1160} INFO - Dependencies all met for <TaskInstance: data_pipeline.tweets_to_es scheduled__2022-06-07T18:18:00+00:00 [queued]>
[2022-06-07 19:21:02,731] {taskinstance.py:1160} INFO - Dependencies all met for <TaskInstance: data_pipeline.tweets_to_es scheduled__2022-06-07T18:18:00+00:00 [queued]>
[2022-06-07 19:21:02,731] {taskinstance.py:1357} INFO - 
--------------------------------------------------------------------------------
[2022-06-07 19:21:02,731] {taskinstance.py:1358} INFO - Starting attempt 1 of 1
[2022-06-07 19:21:02,731] {taskinstance.py:1359} INFO - 
--------------------------------------------------------------------------------
[2022-06-07 19:21:02,744] {taskinstance.py:1378} INFO - Executing <Task(PythonOperator): tweets_to_es> on 2022-06-07 18:18:00+00:00
[2022-06-07 19:21:02,746] {standard_task_runner.py:52} INFO - Started process 10305 to run task
[2022-06-07 19:21:02,749] {standard_task_runner.py:79} INFO - Running: ['airflow', 'tasks', 'run', 'data_pipeline', 'tweets_to_es', 'scheduled__2022-06-07T18:18:00+00:00', '--job-id', '27', '--raw', '--subdir', 'DAGS_FOLDER/airfow_es.py', '--cfg-path', '/tmp/tmpz6otgc46', '--error-file', '/tmp/tmpgqr13k9i']
[2022-06-07 19:21:02,750] {standard_task_runner.py:80} INFO - Job 27: Subtask tweets_to_es
[2022-06-07 19:21:02,782] {task_command.py:370} INFO - Running <TaskInstance: data_pipeline.tweets_to_es scheduled__2022-06-07T18:18:00+00:00 [running]> on host oury-Tp
[2022-06-07 19:21:02,822] {taskinstance.py:1570} INFO - Exporting the following env vars:
AIRFLOW_CTX_DAG_OWNER=airflow
AIRFLOW_CTX_DAG_ID=data_pipeline
AIRFLOW_CTX_TASK_ID=tweets_to_es
AIRFLOW_CTX_EXECUTION_DATE=2022-06-07T18:18:00+00:00
AIRFLOW_CTX_TRY_NUMBER=1
AIRFLOW_CTX_DAG_RUN_ID=scheduled__2022-06-07T18:18:00+00:00
[2022-06-07 19:21:02,823] {twitter.py:696} INFO - Retrieving scroll page None
[2022-06-07 19:21:02,823] {twitter.py:626} INFO - Retrieving guest token
[2022-06-07 19:21:02,825] {base.py:171} INFO - Retrieving https://twitter.com/search?f=live&lang=en&q=near%3AParis+since%3A2022-06-07T18%3A18%3A00%2B00%3A00+until%3A2022-06-07T18%3A21%3A00%2B00%3A00&src=spelling_expansion_revert_click
[2022-06-07 19:21:02,828] {base.py:186} INFO - Error retrieving https://twitter.com/search?f=live&lang=en&q=near%3AParis+since%3A2022-06-07T18%3A18%3A00%2B00%3A00+until%3A2022-06-07T18%3A21%3A00%2B00%3A00&src=spelling_expansion_revert_click: ConnectionError(MaxRetryError("HTTPSConnectionPool(host='twitter.com', port=443): Max retries exceeded with url: /search?f=live&lang=en&q=near%3AParis+since%3A2022-06-07T18%3A18%3A00%2B00%3A00+until%3A2022-06-07T18%3A21%3A00%2B00%3A00&src=spelling_expansion_revert_click (Caused by NewConnectionError('<urllib3.connection.HTTPSConnection object at 0x7f1db81273d0>: Failed to establish a new connection: [Errno -3] Temporary failure in name resolution'))")), retrying
[2022-06-07 19:21:02,829] {base.py:212} INFO - Waiting 1 seconds
[2022-06-07 19:21:03,831] {base.py:171} INFO - Retrieving https://twitter.com/search?f=live&lang=en&q=near%3AParis+since%3A2022-06-07T18%3A18%3A00%2B00%3A00+until%3A2022-06-07T18%3A21%3A00%2B00%3A00&src=spelling_expansion_revert_click
[2022-06-07 19:21:03,832] {base.py:186} INFO - Error retrieving https://twitter.com/search?f=live&lang=en&q=near%3AParis+since%3A2022-06-07T18%3A18%3A00%2B00%3A00+until%3A2022-06-07T18%3A21%3A00%2B00%3A00&src=spelling_expansion_revert_click: ConnectionError(MaxRetryError("HTTPSConnectionPool(host='twitter.com', port=443): Max retries exceeded with url: /search?f=live&lang=en&q=near%3AParis+since%3A2022-06-07T18%3A18%3A00%2B00%3A00+until%3A2022-06-07T18%3A21%3A00%2B00%3A00&src=spelling_expansion_revert_click (Caused by NewConnectionError('<urllib3.connection.HTTPSConnection object at 0x7f1db8126590>: Failed to establish a new connection: [Errno -3] Temporary failure in name resolution'))")), retrying
[2022-06-07 19:21:03,832] {base.py:212} INFO - Waiting 2 seconds
[2022-06-07 19:21:05,836] {base.py:171} INFO - Retrieving https://twitter.com/search?f=live&lang=en&q=near%3AParis+since%3A2022-06-07T18%3A18%3A00%2B00%3A00+until%3A2022-06-07T18%3A21%3A00%2B00%3A00&src=spelling_expansion_revert_click
[2022-06-07 19:21:05,838] {base.py:186} INFO - Error retrieving https://twitter.com/search?f=live&lang=en&q=near%3AParis+since%3A2022-06-07T18%3A18%3A00%2B00%3A00+until%3A2022-06-07T18%3A21%3A00%2B00%3A00&src=spelling_expansion_revert_click: ConnectionError(MaxRetryError("HTTPSConnectionPool(host='twitter.com', port=443): Max retries exceeded with url: /search?f=live&lang=en&q=near%3AParis+since%3A2022-06-07T18%3A18%3A00%2B00%3A00+until%3A2022-06-07T18%3A21%3A00%2B00%3A00&src=spelling_expansion_revert_click (Caused by NewConnectionError('<urllib3.connection.HTTPSConnection object at 0x7f1db8127cd0>: Failed to establish a new connection: [Errno -3] Temporary failure in name resolution'))")), retrying
[2022-06-07 19:21:05,838] {base.py:212} INFO - Waiting 4 seconds
[2022-06-07 19:21:09,840] {base.py:171} INFO - Retrieving https://twitter.com/search?f=live&lang=en&q=near%3AParis+since%3A2022-06-07T18%3A18%3A00%2B00%3A00+until%3A2022-06-07T18%3A21%3A00%2B00%3A00&src=spelling_expansion_revert_click
[2022-06-07 19:21:09,843] {base.py:186} ERROR - Error retrieving https://twitter.com/search?f=live&lang=en&q=near%3AParis+since%3A2022-06-07T18%3A18%3A00%2B00%3A00+until%3A2022-06-07T18%3A21%3A00%2B00%3A00&src=spelling_expansion_revert_click: ConnectionError(MaxRetryError("HTTPSConnectionPool(host='twitter.com', port=443): Max retries exceeded with url: /search?f=live&lang=en&q=near%3AParis+since%3A2022-06-07T18%3A18%3A00%2B00%3A00+until%3A2022-06-07T18%3A21%3A00%2B00%3A00&src=spelling_expansion_revert_click (Caused by NewConnectionError('<urllib3.connection.HTTPSConnection object at 0x7f1db8127c40>: Failed to establish a new connection: [Errno -3] Temporary failure in name resolution'))"))
[2022-06-07 19:21:09,843] {base.py:216} CRITICAL - 4 requests to https://twitter.com/search?f=live&lang=en&q=near%3AParis+since%3A2022-06-07T18%3A18%3A00%2B00%3A00+until%3A2022-06-07T18%3A21%3A00%2B00%3A00&src=spelling_expansion_revert_click failed, giving up.
[2022-06-07 19:21:09,844] {taskinstance.py:1890} ERROR - Task failed with exception
Traceback (most recent call last):
  File "/home/oury/.local/lib/python3.10/site-packages/airflow/operators/python.py", line 171, in execute
    return_value = self.execute_callable()
  File "/home/oury/.local/lib/python3.10/site-packages/airflow/operators/python.py", line 189, in execute_callable
    return self.python_callable(*self.op_args, **self.op_kwargs)
  File "/home/oury/airflow/dags/airfow_es.py", line 30, in tweet_to_es_func
    for i, tweet in enumerate(twitter.TwitterSearchScraper(f'near:{location} since:{start_time} until:{end_time}').get_items()):
  File "/home/oury/.local/lib/python3.10/site-packages/snscrape/modules/twitter.py", line 1405, in get_items
    for obj in self._iter_api_data('https://api.twitter.com/2/search/adaptive.json', _TwitterAPIType.V2, params, paginationParams, cursor = self._cursor):
  File "/home/oury/.local/lib/python3.10/site-packages/snscrape/modules/twitter.py", line 697, in _iter_api_data
    obj = self._get_api_data(endpoint, apiType, reqParams)
  File "/home/oury/.local/lib/python3.10/site-packages/snscrape/modules/twitter.py", line 664, in _get_api_data
    self._ensure_guest_token()
  File "/home/oury/.local/lib/python3.10/site-packages/snscrape/modules/twitter.py", line 627, in _ensure_guest_token
    r = self._get(self._baseUrl if url is None else url, headers = {'User-Agent': self._userAgent}, responseOkCallback = self._check_guest_token_response)
  File "/home/oury/.local/lib/python3.10/site-packages/snscrape/base.py", line 221, in _get
    return self._request('GET', *args, **kwargs)
  File "/home/oury/.local/lib/python3.10/site-packages/snscrape/base.py", line 217, in _request
    raise ScraperException(msg)
snscrape.base.ScraperException: 4 requests to https://twitter.com/search?f=live&lang=en&q=near%3AParis+since%3A2022-06-07T18%3A18%3A00%2B00%3A00+until%3A2022-06-07T18%3A21%3A00%2B00%3A00&src=spelling_expansion_revert_click failed, giving up.
[2022-06-07 19:21:09,851] {taskinstance.py:1396} INFO - Marking task as FAILED. dag_id=data_pipeline, task_id=tweets_to_es, execution_date=20220607T181800, start_date=20220607T182102, end_date=20220607T182109
[2022-06-07 19:21:09,867] {standard_task_runner.py:92} ERROR - Failed to execute job 27 for task tweets_to_es (4 requests to https://twitter.com/search?f=live&lang=en&q=near%3AParis+since%3A2022-06-07T18%3A18%3A00%2B00%3A00+until%3A2022-06-07T18%3A21%3A00%2B00%3A00&src=spelling_expansion_revert_click failed, giving up.; 10305)
[2022-06-07 19:21:09,892] {local_task_job.py:156} INFO - Task exited with return code 1
[2022-06-07 19:21:09,902] {local_task_job.py:273} INFO - 0 downstream tasks scheduled from follow-on schedule check
